[2024-01-03 05:12:27,622 | INFO | <module>] Args: Namespace(model='cheng2020_attn', parameter_set=4, epsilon=0.001, adv_steps=10, batch_size=8, epochs=100, steps_per_epoch=100, learning_rate=0.0001, save=True, seed=19260817, clip_max_norm=-1.0, checkpoint=None, type='mse', lr_epoch=[5], continue_train=False)
[2024-01-03 05:12:27,622 | INFO | <module>] Lmbda=0.013000000000
[2024-01-03 05:12:27,623 | INFO | train_one_epoch] Learning rate: 0.0001
[2024-01-03 05:12:35,505 | INFO | train_one_epoch] Train epoch 0: [0/100 (0.00%)] 	bpp_y_loss: 0.409927 |	bpp_z_loss: 0.003361 |	bpp_loss: 0.413287 |	mse_loss: 0.000305 |	loss: 0.671371 |	psnr_loss: 35.152634 |
[2024-01-03 05:12:57,420 | INFO | train_one_epoch] Train epoch 0: [10/100 (10.00%)] 	bpp_y_loss: 0.348792 |	bpp_z_loss: 0.002952 |	bpp_loss: 0.351744 |	mse_loss: 0.000302 |	loss: 0.606908 |	psnr_loss: 35.313347 |
[2024-01-03 05:13:19,312 | INFO | train_one_epoch] Train epoch 0: [20/100 (20.00%)] 	bpp_y_loss: 0.332874 |	bpp_z_loss: 0.002799 |	bpp_loss: 0.335672 |	mse_loss: 0.000239 |	loss: 0.537701 |	psnr_loss: 36.362953 |
[2024-01-03 05:13:41,265 | INFO | train_one_epoch] Train epoch 0: [30/100 (30.00%)] 	bpp_y_loss: 0.338082 |	bpp_z_loss: 0.002870 |	bpp_loss: 0.340952 |	mse_loss: 0.000234 |	loss: 0.538719 |	psnr_loss: 36.343536 |
[2024-01-03 05:14:03,280 | INFO | train_one_epoch] Train epoch 0: [40/100 (40.00%)] 	bpp_y_loss: 0.346600 |	bpp_z_loss: 0.002890 |	bpp_loss: 0.349490 |	mse_loss: 0.000228 |	loss: 0.542522 |	psnr_loss: 36.542385 |
[2024-01-03 05:14:25,364 | INFO | train_one_epoch] Train epoch 0: [50/100 (50.00%)] 	bpp_y_loss: 0.335512 |	bpp_z_loss: 0.002810 |	bpp_loss: 0.338322 |	mse_loss: 0.000215 |	loss: 0.520108 |	psnr_loss: 36.740505 |
[2024-01-03 05:14:47,502 | INFO | train_one_epoch] Train epoch 0: [60/100 (60.00%)] 	bpp_y_loss: 0.343817 |	bpp_z_loss: 0.002833 |	bpp_loss: 0.346650 |	mse_loss: 0.000225 |	loss: 0.536760 |	psnr_loss: 36.589054 |
[2024-01-03 05:15:09,631 | INFO | train_one_epoch] Train epoch 0: [70/100 (70.00%)] 	bpp_y_loss: 0.307305 |	bpp_z_loss: 0.002827 |	bpp_loss: 0.310131 |	mse_loss: 0.000188 |	loss: 0.469465 |	psnr_loss: 37.396465 |
[2024-01-03 05:15:31,816 | INFO | train_one_epoch] Train epoch 0: [80/100 (80.00%)] 	bpp_y_loss: 0.330811 |	bpp_z_loss: 0.002844 |	bpp_loss: 0.333655 |	mse_loss: 0.000218 |	loss: 0.517688 |	psnr_loss: 36.818592 |
[2024-01-03 05:15:53,937 | INFO | train_one_epoch] Train epoch 0: [90/100 (90.00%)] 	bpp_y_loss: 0.363452 |	bpp_z_loss: 0.002829 |	bpp_loss: 0.366280 |	mse_loss: 0.000259 |	loss: 0.585204 |	psnr_loss: 35.924149 |
[2024-01-03 05:16:16,069 | INFO | train_one_epoch] Train epoch 0: [100/100 (100.00%)] 	bpp_y_loss: 0.347421 |	bpp_z_loss: 0.002815 |	bpp_loss: 0.350236 |	mse_loss: 0.000238 |	loss: 0.551506 |	psnr_loss: 36.352959 |
[2024-01-03 05:16:41,326 | INFO | test_adversarial] Testing results for epoch 1 [ADVERSARIAL] | bpp_y_loss=0.54087 | bpp_z_loss=0.00297 | bpp_loss=0.54384 | mse_loss=0.00050 | loss=0.97038 | psnr_loss=33.34225
[2024-01-03 05:16:42,242 | INFO | test_one_epoch] Testing results for epoch 1 | bpp_y_loss=0.54088 | bpp_z_loss=0.00300 | bpp_loss=0.54388 | mse_loss=0.00050 | loss=0.97058 | psnr_loss=33.33905
[2024-01-03 05:16:44,608 | INFO | train_one_epoch] Learning rate: 0.0001
[2024-01-03 05:16:46,921 | INFO | train_one_epoch] Train epoch 1: [0/100 (0.00%)] 	bpp_y_loss: 0.257342 |	bpp_z_loss: 0.002664 |	bpp_loss: 0.260006 |	mse_loss: 0.000145 |	loss: 0.382208 |	psnr_loss: 38.399448 |
[2024-01-03 05:17:08,986 | INFO | train_one_epoch] Train epoch 1: [10/100 (10.00%)] 	bpp_y_loss: 0.312420 |	bpp_z_loss: 0.002793 |	bpp_loss: 0.315212 |	mse_loss: 0.000197 |	loss: 0.481970 |	psnr_loss: 37.150677 |
[2024-01-03 05:17:31,111 | INFO | train_one_epoch] Train epoch 1: [20/100 (20.00%)] 	bpp_y_loss: 0.310773 |	bpp_z_loss: 0.002785 |	bpp_loss: 0.313559 |	mse_loss: 0.000201 |	loss: 0.483468 |	psnr_loss: 37.142563 |
[2024-01-03 05:17:53,232 | INFO | train_one_epoch] Train epoch 1: [30/100 (30.00%)] 	bpp_y_loss: 0.327386 |	bpp_z_loss: 0.002762 |	bpp_loss: 0.330148 |	mse_loss: 0.000219 |	loss: 0.515012 |	psnr_loss: 36.722698 |
[2024-01-03 05:18:15,389 | INFO | train_one_epoch] Train epoch 1: [40/100 (40.00%)] 	bpp_y_loss: 0.350944 |	bpp_z_loss: 0.002812 |	bpp_loss: 0.353756 |	mse_loss: 0.000246 |	loss: 0.561709 |	psnr_loss: 36.174797 |
[2024-01-03 05:18:37,531 | INFO | train_one_epoch] Train epoch 1: [50/100 (50.00%)] 	bpp_y_loss: 0.330819 |	bpp_z_loss: 0.002793 |	bpp_loss: 0.333613 |	mse_loss: 0.000224 |	loss: 0.523096 |	psnr_loss: 36.600952 |
[2024-01-03 05:18:59,619 | INFO | train_one_epoch] Train epoch 1: [60/100 (60.00%)] 	bpp_y_loss: 0.292655 |	bpp_z_loss: 0.002753 |	bpp_loss: 0.295408 |	mse_loss: 0.000179 |	loss: 0.446474 |	psnr_loss: 37.635250 |
[2024-01-03 05:19:21,720 | INFO | train_one_epoch] Train epoch 1: [70/100 (70.00%)] 	bpp_y_loss: 0.287200 |	bpp_z_loss: 0.002731 |	bpp_loss: 0.289932 |	mse_loss: 0.000175 |	loss: 0.437808 |	psnr_loss: 37.646942 |
[2024-01-03 05:19:43,838 | INFO | train_one_epoch] Train epoch 1: [80/100 (80.00%)] 	bpp_y_loss: 0.330489 |	bpp_z_loss: 0.002768 |	bpp_loss: 0.333257 |	mse_loss: 0.000218 |	loss: 0.517786 |	psnr_loss: 36.678410 |
[2024-01-03 05:20:05,953 | INFO | train_one_epoch] Train epoch 1: [90/100 (90.00%)] 	bpp_y_loss: 0.319520 |	bpp_z_loss: 0.002816 |	bpp_loss: 0.322335 |	mse_loss: 0.000209 |	loss: 0.499069 |	psnr_loss: 36.881855 |
[2024-01-03 05:20:28,084 | INFO | train_one_epoch] Train epoch 1: [100/100 (100.00%)] 	bpp_y_loss: 0.321802 |	bpp_z_loss: 0.002791 |	bpp_loss: 0.324593 |	mse_loss: 0.000212 |	loss: 0.503384 |	psnr_loss: 36.883976 |
[2024-01-03 05:20:52,908 | INFO | test_adversarial] Testing results for epoch 2 [ADVERSARIAL] | bpp_y_loss=0.53744 | bpp_z_loss=0.00298 | bpp_loss=0.54042 | mse_loss=0.00050 | loss=0.96102 | psnr_loss=33.38781
[2024-01-03 05:20:53,762 | INFO | test_one_epoch] Testing results for epoch 2 | bpp_y_loss=0.53743 | bpp_z_loss=0.00299 | bpp_loss=0.54042 | mse_loss=0.00050 | loss=0.96113 | psnr_loss=33.38557
[2024-01-03 05:21:01,532 | INFO | train_one_epoch] Learning rate: 0.0001
[2024-01-03 05:21:03,854 | INFO | train_one_epoch] Train epoch 2: [0/100 (0.00%)] 	bpp_y_loss: 0.374637 |	bpp_z_loss: 0.002804 |	bpp_loss: 0.377441 |	mse_loss: 0.000291 |	loss: 0.623229 |	psnr_loss: 35.364632 |
[2024-01-03 05:21:25,826 | INFO | train_one_epoch] Train epoch 2: [10/100 (10.00%)] 	bpp_y_loss: 0.342758 |	bpp_z_loss: 0.002721 |	bpp_loss: 0.345479 |	mse_loss: 0.000235 |	loss: 0.544034 |	psnr_loss: 36.432693 |
[2024-01-03 05:21:47,907 | INFO | train_one_epoch] Train epoch 2: [20/100 (20.00%)] 	bpp_y_loss: 0.318252 |	bpp_z_loss: 0.002716 |	bpp_loss: 0.320968 |	mse_loss: 0.000205 |	loss: 0.494041 |	psnr_loss: 37.021473 |
[2024-01-03 05:22:10,047 | INFO | train_one_epoch] Train epoch 2: [30/100 (30.00%)] 	bpp_y_loss: 0.298435 |	bpp_z_loss: 0.002684 |	bpp_loss: 0.301119 |	mse_loss: 0.000181 |	loss: 0.453859 |	psnr_loss: 37.504292 |
[2024-01-03 05:22:32,175 | INFO | train_one_epoch] Train epoch 2: [40/100 (40.00%)] 	bpp_y_loss: 0.327118 |	bpp_z_loss: 0.002774 |	bpp_loss: 0.329892 |	mse_loss: 0.000214 |	loss: 0.510503 |	psnr_loss: 36.815643 |
[2024-01-03 05:22:54,312 | INFO | train_one_epoch] Train epoch 2: [50/100 (50.00%)] 	bpp_y_loss: 0.327824 |	bpp_z_loss: 0.002820 |	bpp_loss: 0.330644 |	mse_loss: 0.000212 |	loss: 0.509696 |	psnr_loss: 36.994450 |
[2024-01-03 05:23:16,466 | INFO | train_one_epoch] Train epoch 2: [60/100 (60.00%)] 	bpp_y_loss: 0.336327 |	bpp_z_loss: 0.002769 |	bpp_loss: 0.339096 |	mse_loss: 0.000227 |	loss: 0.531039 |	psnr_loss: 36.610847 |
[2024-01-03 05:23:38,619 | INFO | train_one_epoch] Train epoch 2: [70/100 (70.00%)] 	bpp_y_loss: 0.322752 |	bpp_z_loss: 0.002765 |	bpp_loss: 0.325516 |	mse_loss: 0.000216 |	loss: 0.507924 |	psnr_loss: 36.804913 |
[2024-01-03 05:24:00,740 | INFO | train_one_epoch] Train epoch 2: [80/100 (80.00%)] 	bpp_y_loss: 0.345974 |	bpp_z_loss: 0.002691 |	bpp_loss: 0.348665 |	mse_loss: 0.000224 |	loss: 0.538403 |	psnr_loss: 36.780136 |
[2024-01-03 05:24:22,853 | INFO | train_one_epoch] Train epoch 2: [90/100 (90.00%)] 	bpp_y_loss: 0.325110 |	bpp_z_loss: 0.002742 |	bpp_loss: 0.327853 |	mse_loss: 0.000213 |	loss: 0.507880 |	psnr_loss: 36.857327 |
[2024-01-03 05:24:44,967 | INFO | train_one_epoch] Train epoch 2: [100/100 (100.00%)] 	bpp_y_loss: 0.334276 |	bpp_z_loss: 0.002673 |	bpp_loss: 0.336949 |	mse_loss: 0.000221 |	loss: 0.523854 |	psnr_loss: 36.664948 |
[2024-01-03 05:25:09,788 | INFO | test_adversarial] Testing results for epoch 3 [ADVERSARIAL] | bpp_y_loss=0.53940 | bpp_z_loss=0.00288 | bpp_loss=0.54228 | mse_loss=0.00050 | loss=0.96865 | psnr_loss=33.32130
[2024-01-03 05:25:10,610 | INFO | test_one_epoch] Testing results for epoch 3 | bpp_y_loss=0.53950 | bpp_z_loss=0.00285 | bpp_loss=0.54235 | mse_loss=0.00050 | loss=0.96893 | psnr_loss=33.31777
[2024-01-03 05:25:14,957 | INFO | train_one_epoch] Learning rate: 0.0001
[2024-01-03 05:25:17,238 | INFO | train_one_epoch] Train epoch 3: [0/100 (0.00%)] 	bpp_y_loss: 0.280592 |	bpp_z_loss: 0.002707 |	bpp_loss: 0.283299 |	mse_loss: 0.000167 |	loss: 0.424387 |	psnr_loss: 37.775345 |
[2024-01-03 05:25:39,325 | INFO | train_one_epoch] Train epoch 3: [10/100 (10.00%)] 	bpp_y_loss: 0.366190 |	bpp_z_loss: 0.002731 |	bpp_loss: 0.368921 |	mse_loss: 0.000256 |	loss: 0.585268 |	psnr_loss: 36.053673 |
[2024-01-03 05:26:01,403 | INFO | train_one_epoch] Train epoch 3: [20/100 (20.00%)] 	bpp_y_loss: 0.332407 |	bpp_z_loss: 0.002743 |	bpp_loss: 0.335150 |	mse_loss: 0.000228 |	loss: 0.527955 |	psnr_loss: 36.524837 |
[2024-01-03 05:26:23,487 | INFO | train_one_epoch] Train epoch 3: [30/100 (30.00%)] 	bpp_y_loss: 0.353792 |	bpp_z_loss: 0.002678 |	bpp_loss: 0.356471 |	mse_loss: 0.000244 |	loss: 0.563008 |	psnr_loss: 36.181103 |
[2024-01-03 05:26:45,619 | INFO | train_one_epoch] Train epoch 3: [40/100 (40.00%)] 	bpp_y_loss: 0.329007 |	bpp_z_loss: 0.002727 |	bpp_loss: 0.331734 |	mse_loss: 0.000223 |	loss: 0.520271 |	psnr_loss: 36.666462 |
[2024-01-03 05:27:07,738 | INFO | train_one_epoch] Train epoch 3: [50/100 (50.00%)] 	bpp_y_loss: 0.362012 |	bpp_z_loss: 0.002666 |	bpp_loss: 0.364678 |	mse_loss: 0.000261 |	loss: 0.585495 |	psnr_loss: 35.886940 |
[2024-01-03 05:27:29,989 | INFO | train_one_epoch] Train epoch 3: [60/100 (60.00%)] 	bpp_y_loss: 0.315845 |	bpp_z_loss: 0.002695 |	bpp_loss: 0.318540 |	mse_loss: 0.000208 |	loss: 0.494232 |	psnr_loss: 36.897953 |
[2024-01-03 05:27:52,083 | INFO | train_one_epoch] Train epoch 3: [70/100 (70.00%)] 	bpp_y_loss: 0.335589 |	bpp_z_loss: 0.002696 |	bpp_loss: 0.338285 |	mse_loss: 0.000223 |	loss: 0.526955 |	psnr_loss: 36.558197 |
[2024-01-03 05:28:14,158 | INFO | train_one_epoch] Train epoch 3: [80/100 (80.00%)] 	bpp_y_loss: 0.311421 |	bpp_z_loss: 0.002584 |	bpp_loss: 0.314005 |	mse_loss: 0.000196 |	loss: 0.480031 |	psnr_loss: 37.147045 |
[2024-01-03 05:28:36,239 | INFO | train_one_epoch] Train epoch 3: [90/100 (90.00%)] 	bpp_y_loss: 0.330701 |	bpp_z_loss: 0.002685 |	bpp_loss: 0.333386 |	mse_loss: 0.000229 |	loss: 0.527116 |	psnr_loss: 36.476543 |
[2024-01-03 05:28:58,469 | INFO | train_one_epoch] Train epoch 3: [100/100 (100.00%)] 	bpp_y_loss: 0.329590 |	bpp_z_loss: 0.002705 |	bpp_loss: 0.332295 |	mse_loss: 0.000218 |	loss: 0.516520 |	psnr_loss: 36.757351 |
[2024-01-03 05:29:23,252 | INFO | test_adversarial] Testing results for epoch 4 [ADVERSARIAL] | bpp_y_loss=0.53952 | bpp_z_loss=0.00285 | bpp_loss=0.54237 | mse_loss=0.00050 | loss=0.96667 | psnr_loss=33.34891
[2024-01-03 05:29:24,080 | INFO | test_one_epoch] Testing results for epoch 4 | bpp_y_loss=0.53919 | bpp_z_loss=0.00283 | bpp_loss=0.54202 | mse_loss=0.00050 | loss=0.96561 | psnr_loss=33.35498
[2024-01-03 05:29:27,473 | INFO | train_one_epoch] Learning rate: 0.0001
[2024-01-03 05:29:29,787 | INFO | train_one_epoch] Train epoch 4: [0/100 (0.00%)] 	bpp_y_loss: 0.354082 |	bpp_z_loss: 0.002543 |	bpp_loss: 0.356625 |	mse_loss: 0.000227 |	loss: 0.548465 |	psnr_loss: 36.440853 |
[2024-01-03 05:29:51,828 | INFO | train_one_epoch] Train epoch 4: [10/100 (10.00%)] 	bpp_y_loss: 0.341783 |	bpp_z_loss: 0.002697 |	bpp_loss: 0.344480 |	mse_loss: 0.000233 |	loss: 0.541356 |	psnr_loss: 36.491455 |
[2024-01-03 05:30:13,900 | INFO | train_one_epoch] Train epoch 4: [20/100 (20.00%)] 	bpp_y_loss: 0.325494 |	bpp_z_loss: 0.002657 |	bpp_loss: 0.328151 |	mse_loss: 0.000215 |	loss: 0.509946 |	psnr_loss: 36.727886 |
[2024-01-03 05:30:35,978 | INFO | train_one_epoch] Train epoch 4: [30/100 (30.00%)] 	bpp_y_loss: 0.344774 |	bpp_z_loss: 0.002636 |	bpp_loss: 0.347411 |	mse_loss: 0.000242 |	loss: 0.551886 |	psnr_loss: 36.304314 |
[2024-01-03 05:30:58,101 | INFO | train_one_epoch] Train epoch 4: [40/100 (40.00%)] 	bpp_y_loss: 0.314031 |	bpp_z_loss: 0.002573 |	bpp_loss: 0.316604 |	mse_loss: 0.000206 |	loss: 0.490708 |	psnr_loss: 36.908768 |
[2024-01-03 05:31:20,181 | INFO | train_one_epoch] Train epoch 4: [50/100 (50.00%)] 	bpp_y_loss: 0.331717 |	bpp_z_loss: 0.002631 |	bpp_loss: 0.334349 |	mse_loss: 0.000226 |	loss: 0.525255 |	psnr_loss: 36.522263 |
[2024-01-03 05:31:42,266 | INFO | train_one_epoch] Train epoch 4: [60/100 (60.00%)] 	bpp_y_loss: 0.332440 |	bpp_z_loss: 0.002582 |	bpp_loss: 0.335022 |	mse_loss: 0.000220 |	loss: 0.521352 |	psnr_loss: 36.651028 |
[2024-01-03 05:32:04,346 | INFO | train_one_epoch] Train epoch 4: [70/100 (70.00%)] 	bpp_y_loss: 0.327421 |	bpp_z_loss: 0.002632 |	bpp_loss: 0.330053 |	mse_loss: 0.000224 |	loss: 0.519827 |	psnr_loss: 36.540089 |
[2024-01-03 05:32:26,440 | INFO | train_one_epoch] Train epoch 4: [80/100 (80.00%)] 	bpp_y_loss: 0.338339 |	bpp_z_loss: 0.002652 |	bpp_loss: 0.340991 |	mse_loss: 0.000231 |	loss: 0.536016 |	psnr_loss: 36.419262 |
[2024-01-03 05:32:48,511 | INFO | train_one_epoch] Train epoch 4: [90/100 (90.00%)] 	bpp_y_loss: 0.351388 |	bpp_z_loss: 0.002704 |	bpp_loss: 0.354093 |	mse_loss: 0.000252 |	loss: 0.566755 |	psnr_loss: 36.051804 |
[2024-01-03 05:33:10,545 | INFO | train_one_epoch] Train epoch 4: [100/100 (100.00%)] 	bpp_y_loss: 0.319631 |	bpp_z_loss: 0.002650 |	bpp_loss: 0.322280 |	mse_loss: 0.000220 |	loss: 0.508580 |	psnr_loss: 36.688797 |
[2024-01-03 05:33:35,326 | INFO | test_adversarial] Testing results for epoch 5 [ADVERSARIAL] | bpp_y_loss=0.53866 | bpp_z_loss=0.00286 | bpp_loss=0.54152 | mse_loss=0.00051 | loss=0.97341 | psnr_loss=33.26105
[2024-01-03 05:33:36,155 | INFO | test_one_epoch] Testing results for epoch 5 | bpp_y_loss=0.53888 | bpp_z_loss=0.00287 | bpp_loss=0.54175 | mse_loss=0.00051 | loss=0.97357 | psnr_loss=33.25819
[2024-01-03 05:33:39,966 | INFO | train_one_epoch] Learning rate: 2e-05
[2024-01-03 05:33:42,255 | INFO | train_one_epoch] Train epoch 5: [0/100 (0.00%)] 	bpp_y_loss: 0.345742 |	bpp_z_loss: 0.002709 |	bpp_loss: 0.348450 |	mse_loss: 0.000318 |	loss: 0.617113 |	psnr_loss: 34.978172 |
[2024-01-03 05:34:04,350 | INFO | train_one_epoch] Train epoch 5: [10/100 (10.00%)] 	bpp_y_loss: 0.338905 |	bpp_z_loss: 0.002593 |	bpp_loss: 0.341498 |	mse_loss: 0.000235 |	loss: 0.539808 |	psnr_loss: 36.487251 |
[2024-01-03 05:34:26,403 | INFO | train_one_epoch] Train epoch 5: [20/100 (20.00%)] 	bpp_y_loss: 0.325965 |	bpp_z_loss: 0.002524 |	bpp_loss: 0.328489 |	mse_loss: 0.000218 |	loss: 0.512879 |	psnr_loss: 36.727932 |
[2024-01-03 05:34:48,472 | INFO | train_one_epoch] Train epoch 5: [30/100 (30.00%)] 	bpp_y_loss: 0.337256 |	bpp_z_loss: 0.002567 |	bpp_loss: 0.339823 |	mse_loss: 0.000223 |	loss: 0.528294 |	psnr_loss: 36.623974 |
[2024-01-03 05:35:10,527 | INFO | train_one_epoch] Train epoch 5: [40/100 (40.00%)] 	bpp_y_loss: 0.307876 |	bpp_z_loss: 0.002545 |	bpp_loss: 0.310421 |	mse_loss: 0.000198 |	loss: 0.477979 |	psnr_loss: 37.179108 |
[2024-01-03 05:35:32,658 | INFO | train_one_epoch] Train epoch 5: [50/100 (50.00%)] 	bpp_y_loss: 0.356665 |	bpp_z_loss: 0.002706 |	bpp_loss: 0.359371 |	mse_loss: 0.000236 |	loss: 0.558774 |	psnr_loss: 36.366604 |
[2024-01-03 05:35:54,736 | INFO | train_one_epoch] Train epoch 5: [60/100 (60.00%)] 	bpp_y_loss: 0.341076 |	bpp_z_loss: 0.002709 |	bpp_loss: 0.343784 |	mse_loss: 0.000229 |	loss: 0.537764 |	psnr_loss: 36.450832 |
[2024-01-03 05:36:16,805 | INFO | train_one_epoch] Train epoch 5: [70/100 (70.00%)] 	bpp_y_loss: 0.329317 |	bpp_z_loss: 0.002641 |	bpp_loss: 0.331957 |	mse_loss: 0.000218 |	loss: 0.516078 |	psnr_loss: 36.843792 |
[2024-01-03 05:36:38,887 | INFO | train_one_epoch] Train epoch 5: [80/100 (80.00%)] 	bpp_y_loss: 0.306697 |	bpp_z_loss: 0.002609 |	bpp_loss: 0.309306 |	mse_loss: 0.000196 |	loss: 0.474794 |	psnr_loss: 37.233025 |
[2024-01-03 05:37:00,977 | INFO | train_one_epoch] Train epoch 5: [90/100 (90.00%)] 	bpp_y_loss: 0.312480 |	bpp_z_loss: 0.002552 |	bpp_loss: 0.315032 |	mse_loss: 0.000195 |	loss: 0.479978 |	psnr_loss: 37.344791 |
[2024-01-03 05:37:23,068 | INFO | train_one_epoch] Train epoch 5: [100/100 (100.00%)] 	bpp_y_loss: 0.352454 |	bpp_z_loss: 0.002620 |	bpp_loss: 0.355074 |	mse_loss: 0.000247 |	loss: 0.563944 |	psnr_loss: 36.150204 |
[2024-01-03 05:37:47,883 | INFO | test_adversarial] Testing results for epoch 6 [ADVERSARIAL] | bpp_y_loss=0.53634 | bpp_z_loss=0.00278 | bpp_loss=0.53912 | mse_loss=0.00049 | loss=0.94970 | psnr_loss=33.49364
[2024-01-03 05:37:48,687 | INFO | test_one_epoch] Testing results for epoch 6 | bpp_y_loss=0.53640 | bpp_z_loss=0.00279 | bpp_loss=0.53919 | mse_loss=0.00049 | loss=0.94963 | psnr_loss=33.49791
[2024-01-03 05:37:57,246 | INFO | train_one_epoch] Learning rate: 2e-05
[2024-01-03 05:37:59,560 | INFO | train_one_epoch] Train epoch 6: [0/100 (0.00%)] 	bpp_y_loss: 0.462427 |	bpp_z_loss: 0.002685 |	bpp_loss: 0.465112 |	mse_loss: 0.000361 |	loss: 0.770691 |	psnr_loss: 34.419010 |
[2024-01-03 05:38:21,546 | INFO | train_one_epoch] Train epoch 6: [10/100 (10.00%)] 	bpp_y_loss: 0.341703 |	bpp_z_loss: 0.002635 |	bpp_loss: 0.344338 |	mse_loss: 0.000230 |	loss: 0.539088 |	psnr_loss: 36.429684 |
[2024-01-03 05:38:43,601 | INFO | train_one_epoch] Train epoch 6: [20/100 (20.00%)] 	bpp_y_loss: 0.303294 |	bpp_z_loss: 0.002588 |	bpp_loss: 0.305882 |	mse_loss: 0.000186 |	loss: 0.463479 |	psnr_loss: 37.358612 |
[2024-01-03 05:39:05,653 | INFO | train_one_epoch] Train epoch 6: [30/100 (30.00%)] 	bpp_y_loss: 0.311078 |	bpp_z_loss: 0.002574 |	bpp_loss: 0.313652 |	mse_loss: 0.000193 |	loss: 0.476663 |	psnr_loss: 37.191509 |
[2024-01-03 05:39:27,691 | INFO | train_one_epoch] Train epoch 6: [40/100 (40.00%)] 	bpp_y_loss: 0.312047 |	bpp_z_loss: 0.002624 |	bpp_loss: 0.314671 |	mse_loss: 0.000195 |	loss: 0.479471 |	psnr_loss: 37.234047 |
[2024-01-03 05:39:49,761 | INFO | train_one_epoch] Train epoch 6: [50/100 (50.00%)] 	bpp_y_loss: 0.333989 |	bpp_z_loss: 0.002559 |	bpp_loss: 0.336548 |	mse_loss: 0.000222 |	loss: 0.523796 |	psnr_loss: 36.648457 |
[2024-01-03 05:40:11,800 | INFO | train_one_epoch] Train epoch 6: [60/100 (60.00%)] 	bpp_y_loss: 0.304071 |	bpp_z_loss: 0.002540 |	bpp_loss: 0.306611 |	mse_loss: 0.000183 |	loss: 0.461188 |	psnr_loss: 37.491753 |
[2024-01-03 05:40:33,891 | INFO | train_one_epoch] Train epoch 6: [70/100 (70.00%)] 	bpp_y_loss: 0.332930 |	bpp_z_loss: 0.002610 |	bpp_loss: 0.335540 |	mse_loss: 0.000217 |	loss: 0.518915 |	psnr_loss: 36.732075 |
[2024-01-03 05:40:55,997 | INFO | train_one_epoch] Train epoch 6: [80/100 (80.00%)] 	bpp_y_loss: 0.316616 |	bpp_z_loss: 0.002559 |	bpp_loss: 0.319175 |	mse_loss: 0.000204 |	loss: 0.491536 |	psnr_loss: 36.923237 |
[2024-01-03 05:41:18,106 | INFO | train_one_epoch] Train epoch 6: [90/100 (90.00%)] 	bpp_y_loss: 0.330185 |	bpp_z_loss: 0.002566 |	bpp_loss: 0.332750 |	mse_loss: 0.000219 |	loss: 0.517651 |	psnr_loss: 36.693680 |
[2024-01-03 05:41:40,175 | INFO | train_one_epoch] Train epoch 6: [100/100 (100.00%)] 	bpp_y_loss: 0.342319 |	bpp_z_loss: 0.002558 |	bpp_loss: 0.344877 |	mse_loss: 0.000231 |	loss: 0.539828 |	psnr_loss: 36.560650 |
[2024-01-03 05:42:04,978 | INFO | test_adversarial] Testing results for epoch 7 [ADVERSARIAL] | bpp_y_loss=0.53943 | bpp_z_loss=0.00278 | bpp_loss=0.54221 | mse_loss=0.00048 | loss=0.94772 | psnr_loss=33.54559
[2024-01-03 05:42:05,842 | INFO | test_one_epoch] Testing results for epoch 7 | bpp_y_loss=0.53932 | bpp_z_loss=0.00277 | bpp_loss=0.54209 | mse_loss=0.00048 | loss=0.94770 | psnr_loss=33.54564
[2024-01-03 05:42:13,058 | INFO | train_one_epoch] Learning rate: 2e-05
[2024-01-03 05:42:15,357 | INFO | train_one_epoch] Train epoch 7: [0/100 (0.00%)] 	bpp_y_loss: 0.293741 |	bpp_z_loss: 0.002625 |	bpp_loss: 0.296366 |	mse_loss: 0.000193 |	loss: 0.459583 |	psnr_loss: 37.142593 |
[2024-01-03 05:42:37,426 | INFO | train_one_epoch] Train epoch 7: [10/100 (10.00%)] 	bpp_y_loss: 0.321897 |	bpp_z_loss: 0.002584 |	bpp_loss: 0.324481 |	mse_loss: 0.000206 |	loss: 0.498994 |	psnr_loss: 36.977539 |
[2024-01-03 05:42:59,539 | INFO | train_one_epoch] Train epoch 7: [20/100 (20.00%)] 	bpp_y_loss: 0.329578 |	bpp_z_loss: 0.002568 |	bpp_loss: 0.332146 |	mse_loss: 0.000209 |	loss: 0.509024 |	psnr_loss: 36.883934 |
[2024-01-03 05:43:21,653 | INFO | train_one_epoch] Train epoch 7: [30/100 (30.00%)] 	bpp_y_loss: 0.335408 |	bpp_z_loss: 0.002594 |	bpp_loss: 0.338002 |	mse_loss: 0.000219 |	loss: 0.523114 |	psnr_loss: 36.639870 |
[2024-01-03 05:43:43,735 | INFO | train_one_epoch] Train epoch 7: [40/100 (40.00%)] 	bpp_y_loss: 0.301918 |	bpp_z_loss: 0.002588 |	bpp_loss: 0.304506 |	mse_loss: 0.000191 |	loss: 0.465991 |	psnr_loss: 37.313457 |
[2024-01-03 05:44:05,803 | INFO | train_one_epoch] Train epoch 7: [50/100 (50.00%)] 	bpp_y_loss: 0.336392 |	bpp_z_loss: 0.002566 |	bpp_loss: 0.338959 |	mse_loss: 0.000216 |	loss: 0.521867 |	psnr_loss: 36.757782 |
[2024-01-03 05:44:28,013 | INFO | train_one_epoch] Train epoch 7: [60/100 (60.00%)] 	bpp_y_loss: 0.337750 |	bpp_z_loss: 0.002577 |	bpp_loss: 0.340327 |	mse_loss: 0.000222 |	loss: 0.527631 |	psnr_loss: 36.736977 |
[2024-01-03 05:44:50,083 | INFO | train_one_epoch] Train epoch 7: [70/100 (70.00%)] 	bpp_y_loss: 0.333231 |	bpp_z_loss: 0.002643 |	bpp_loss: 0.335874 |	mse_loss: 0.000215 |	loss: 0.517438 |	psnr_loss: 36.783272 |
[2024-01-03 05:45:12,118 | INFO | train_one_epoch] Train epoch 7: [80/100 (80.00%)] 	bpp_y_loss: 0.341563 |	bpp_z_loss: 0.002586 |	bpp_loss: 0.344149 |	mse_loss: 0.000225 |	loss: 0.534129 |	psnr_loss: 36.546246 |
[2024-01-03 05:45:34,161 | INFO | train_one_epoch] Train epoch 7: [90/100 (90.00%)] 	bpp_y_loss: 0.314956 |	bpp_z_loss: 0.002560 |	bpp_loss: 0.317516 |	mse_loss: 0.000207 |	loss: 0.492920 |	psnr_loss: 36.905437 |
[2024-01-03 05:45:56,246 | INFO | train_one_epoch] Train epoch 7: [100/100 (100.00%)] 	bpp_y_loss: 0.340266 |	bpp_z_loss: 0.002590 |	bpp_loss: 0.342857 |	mse_loss: 0.000220 |	loss: 0.528838 |	psnr_loss: 36.655720 |
[2024-01-03 05:46:21,094 | INFO | test_adversarial] Testing results for epoch 8 [ADVERSARIAL] | bpp_y_loss=0.53740 | bpp_z_loss=0.00275 | bpp_loss=0.54016 | mse_loss=0.00048 | loss=0.94564 | psnr_loss=33.54200
[2024-01-03 05:46:21,898 | INFO | test_one_epoch] Testing results for epoch 8 | bpp_y_loss=0.53717 | bpp_z_loss=0.00276 | bpp_loss=0.53993 | mse_loss=0.00048 | loss=0.94552 | psnr_loss=33.54066
[2024-01-03 05:46:29,930 | INFO | train_one_epoch] Learning rate: 2e-05
[2024-01-03 05:46:32,290 | INFO | train_one_epoch] Train epoch 8: [0/100 (0.00%)] 	bpp_y_loss: 0.427286 |	bpp_z_loss: 0.002776 |	bpp_loss: 0.430063 |	mse_loss: 0.000313 |	loss: 0.694718 |	psnr_loss: 35.043442 |
[2024-01-03 05:46:54,286 | INFO | train_one_epoch] Train epoch 8: [10/100 (10.00%)] 	bpp_y_loss: 0.349752 |	bpp_z_loss: 0.002616 |	bpp_loss: 0.352369 |	mse_loss: 0.000223 |	loss: 0.541292 |	psnr_loss: 36.634968 |
[2024-01-03 05:47:16,338 | INFO | train_one_epoch] Train epoch 8: [20/100 (20.00%)] 	bpp_y_loss: 0.337132 |	bpp_z_loss: 0.002579 |	bpp_loss: 0.339711 |	mse_loss: 0.000218 |	loss: 0.523622 |	psnr_loss: 36.695786 |
[2024-01-03 05:47:38,434 | INFO | train_one_epoch] Train epoch 8: [30/100 (30.00%)] 	bpp_y_loss: 0.305056 |	bpp_z_loss: 0.002614 |	bpp_loss: 0.307670 |	mse_loss: 0.000192 |	loss: 0.469662 |	psnr_loss: 37.298965 |
[2024-01-03 05:48:00,515 | INFO | train_one_epoch] Train epoch 8: [40/100 (40.00%)] 	bpp_y_loss: 0.316220 |	bpp_z_loss: 0.002574 |	bpp_loss: 0.318794 |	mse_loss: 0.000197 |	loss: 0.485050 |	psnr_loss: 37.148636 |
[2024-01-03 05:48:22,586 | INFO | train_one_epoch] Train epoch 8: [50/100 (50.00%)] 	bpp_y_loss: 0.294869 |	bpp_z_loss: 0.002491 |	bpp_loss: 0.297360 |	mse_loss: 0.000176 |	loss: 0.446107 |	psnr_loss: 37.691750 |
[2024-01-03 05:48:44,641 | INFO | train_one_epoch] Train epoch 8: [60/100 (60.00%)] 	bpp_y_loss: 0.305267 |	bpp_z_loss: 0.002535 |	bpp_loss: 0.307801 |	mse_loss: 0.000199 |	loss: 0.476299 |	psnr_loss: 37.117447 |
[2024-01-03 05:49:06,705 | INFO | train_one_epoch] Train epoch 8: [70/100 (70.00%)] 	bpp_y_loss: 0.334247 |	bpp_z_loss: 0.002563 |	bpp_loss: 0.336810 |	mse_loss: 0.000221 |	loss: 0.523878 |	psnr_loss: 36.622890 |
[2024-01-03 05:49:28,787 | INFO | train_one_epoch] Train epoch 8: [80/100 (80.00%)] 	bpp_y_loss: 0.324414 |	bpp_z_loss: 0.002537 |	bpp_loss: 0.326951 |	mse_loss: 0.000202 |	loss: 0.497330 |	psnr_loss: 37.005486 |
[2024-01-03 05:49:50,878 | INFO | train_one_epoch] Train epoch 8: [90/100 (90.00%)] 	bpp_y_loss: 0.339654 |	bpp_z_loss: 0.002541 |	bpp_loss: 0.342195 |	mse_loss: 0.000225 |	loss: 0.532002 |	psnr_loss: 36.672344 |
[2024-01-03 05:50:12,971 | INFO | train_one_epoch] Train epoch 8: [100/100 (100.00%)] 	bpp_y_loss: 0.349169 |	bpp_z_loss: 0.002662 |	bpp_loss: 0.351831 |	mse_loss: 0.000231 |	loss: 0.547182 |	psnr_loss: 36.428242 |
[2024-01-03 05:50:37,786 | INFO | test_adversarial] Testing results for epoch 9 [ADVERSARIAL] | bpp_y_loss=0.53812 | bpp_z_loss=0.00278 | bpp_loss=0.54090 | mse_loss=0.00048 | loss=0.94501 | psnr_loss=33.55576
[2024-01-03 05:50:38,596 | INFO | test_one_epoch] Testing results for epoch 9 | bpp_y_loss=0.53789 | bpp_z_loss=0.00278 | bpp_loss=0.54067 | mse_loss=0.00048 | loss=0.94547 | psnr_loss=33.55191
[2024-01-03 05:50:46,588 | INFO | train_one_epoch] Learning rate: 2e-05
[2024-01-03 05:50:48,885 | INFO | train_one_epoch] Train epoch 9: [0/100 (0.00%)] 	bpp_y_loss: 0.324012 |	bpp_z_loss: 0.002549 |	bpp_loss: 0.326562 |	mse_loss: 0.000216 |	loss: 0.509570 |	psnr_loss: 36.645527 |
[2024-01-03 05:51:10,951 | INFO | train_one_epoch] Train epoch 9: [10/100 (10.00%)] 	bpp_y_loss: 0.337584 |	bpp_z_loss: 0.002572 |	bpp_loss: 0.340156 |	mse_loss: 0.000224 |	loss: 0.529473 |	psnr_loss: 36.673393 |
[2024-01-03 05:51:32,999 | INFO | train_one_epoch] Train epoch 9: [20/100 (20.00%)] 	bpp_y_loss: 0.300416 |	bpp_z_loss: 0.002497 |	bpp_loss: 0.302913 |	mse_loss: 0.000186 |	loss: 0.460214 |	psnr_loss: 37.415325 |
[2024-01-03 05:51:55,096 | INFO | train_one_epoch] Train epoch 9: [30/100 (30.00%)] 	bpp_y_loss: 0.296323 |	bpp_z_loss: 0.002524 |	bpp_loss: 0.298847 |	mse_loss: 0.000179 |	loss: 0.450308 |	psnr_loss: 37.519695 |
[2024-01-03 05:52:17,170 | INFO | train_one_epoch] Train epoch 9: [40/100 (40.00%)] 	bpp_y_loss: 0.332206 |	bpp_z_loss: 0.002549 |	bpp_loss: 0.334754 |	mse_loss: 0.000212 |	loss: 0.513832 |	psnr_loss: 36.832088 |
[2024-01-03 05:52:39,300 | INFO | train_one_epoch] Train epoch 9: [50/100 (50.00%)] 	bpp_y_loss: 0.302020 |	bpp_z_loss: 0.002515 |	bpp_loss: 0.304535 |	mse_loss: 0.000181 |	loss: 0.457550 |	psnr_loss: 37.615585 |
[2024-01-03 05:53:01,353 | INFO | train_one_epoch] Train epoch 9: [60/100 (60.00%)] 	bpp_y_loss: 0.344646 |	bpp_z_loss: 0.002570 |	bpp_loss: 0.347215 |	mse_loss: 0.000232 |	loss: 0.543019 |	psnr_loss: 36.403622 |
[2024-01-03 05:53:23,451 | INFO | train_one_epoch] Train epoch 9: [70/100 (70.00%)] 	bpp_y_loss: 0.324355 |	bpp_z_loss: 0.002591 |	bpp_loss: 0.326947 |	mse_loss: 0.000216 |	loss: 0.509317 |	psnr_loss: 36.826870 |
[2024-01-03 05:53:45,524 | INFO | train_one_epoch] Train epoch 9: [80/100 (80.00%)] 	bpp_y_loss: 0.322270 |	bpp_z_loss: 0.002535 |	bpp_loss: 0.324806 |	mse_loss: 0.000207 |	loss: 0.499381 |	psnr_loss: 37.003681 |
[2024-01-03 05:54:07,552 | INFO | train_one_epoch] Train epoch 9: [90/100 (90.00%)] 	bpp_y_loss: 0.319621 |	bpp_z_loss: 0.002523 |	bpp_loss: 0.322144 |	mse_loss: 0.000202 |	loss: 0.492580 |	psnr_loss: 37.066887 |
[2024-01-03 05:54:29,628 | INFO | train_one_epoch] Train epoch 9: [100/100 (100.00%)] 	bpp_y_loss: 0.332508 |	bpp_z_loss: 0.002536 |	bpp_loss: 0.335044 |	mse_loss: 0.000217 |	loss: 0.518780 |	psnr_loss: 36.757313 |
[2024-01-03 05:54:54,435 | INFO | test_adversarial] Testing results for epoch 10 [ADVERSARIAL] | bpp_y_loss=0.53613 | bpp_z_loss=0.00275 | bpp_loss=0.53888 | mse_loss=0.00048 | loss=0.94479 | psnr_loss=33.53673
[2024-01-03 05:54:55,321 | INFO | test_one_epoch] Testing results for epoch 10 | bpp_y_loss=0.53653 | bpp_z_loss=0.00276 | bpp_loss=0.53929 | mse_loss=0.00048 | loss=0.94442 | psnr_loss=33.54739
[2024-01-03 05:55:02,083 | INFO | train_one_epoch] Learning rate: 2e-05
[2024-01-03 05:55:04,385 | INFO | train_one_epoch] Train epoch 10: [0/100 (0.00%)] 	bpp_y_loss: 0.305945 |	bpp_z_loss: 0.002509 |	bpp_loss: 0.308454 |	mse_loss: 0.000180 |	loss: 0.460963 |	psnr_loss: 37.437263 |
[2024-01-03 05:55:26,424 | INFO | train_one_epoch] Train epoch 10: [10/100 (10.00%)] 	bpp_y_loss: 0.329086 |	bpp_z_loss: 0.002632 |	bpp_loss: 0.331718 |	mse_loss: 0.000205 |	loss: 0.505274 |	psnr_loss: 37.002079 |
[2024-01-03 05:55:48,534 | INFO | train_one_epoch] Train epoch 10: [20/100 (20.00%)] 	bpp_y_loss: 0.308352 |	bpp_z_loss: 0.002539 |	bpp_loss: 0.310891 |	mse_loss: 0.000193 |	loss: 0.474315 |	psnr_loss: 37.176548 |
[2024-01-03 05:56:10,647 | INFO | train_one_epoch] Train epoch 10: [30/100 (30.00%)] 	bpp_y_loss: 0.336377 |	bpp_z_loss: 0.002593 |	bpp_loss: 0.338971 |	mse_loss: 0.000224 |	loss: 0.528159 |	psnr_loss: 36.634418 |
[2024-01-03 05:56:32,745 | INFO | train_one_epoch] Train epoch 10: [40/100 (40.00%)] 	bpp_y_loss: 0.330770 |	bpp_z_loss: 0.002574 |	bpp_loss: 0.333344 |	mse_loss: 0.000212 |	loss: 0.512189 |	psnr_loss: 36.907024 |
[2024-01-03 05:56:54,833 | INFO | train_one_epoch] Train epoch 10: [50/100 (50.00%)] 	bpp_y_loss: 0.329691 |	bpp_z_loss: 0.002587 |	bpp_loss: 0.332277 |	mse_loss: 0.000210 |	loss: 0.509629 |	psnr_loss: 36.839027 |
[2024-01-03 05:57:16,988 | INFO | train_one_epoch] Train epoch 10: [60/100 (60.00%)] 	bpp_y_loss: 0.317811 |	bpp_z_loss: 0.002544 |	bpp_loss: 0.320355 |	mse_loss: 0.000193 |	loss: 0.483572 |	psnr_loss: 37.237946 |
[2024-01-03 05:57:39,103 | INFO | train_one_epoch] Train epoch 10: [70/100 (70.00%)] 	bpp_y_loss: 0.316853 |	bpp_z_loss: 0.002593 |	bpp_loss: 0.319446 |	mse_loss: 0.000202 |	loss: 0.490054 |	psnr_loss: 37.098763 |
[2024-01-03 05:58:01,214 | INFO | train_one_epoch] Train epoch 10: [80/100 (80.00%)] 	bpp_y_loss: 0.336117 |	bpp_z_loss: 0.002592 |	bpp_loss: 0.338709 |	mse_loss: 0.000223 |	loss: 0.527270 |	psnr_loss: 36.709717 |
[2024-01-03 05:58:23,345 | INFO | train_one_epoch] Train epoch 10: [90/100 (90.00%)] 	bpp_y_loss: 0.334887 |	bpp_z_loss: 0.002560 |	bpp_loss: 0.337447 |	mse_loss: 0.000222 |	loss: 0.524691 |	psnr_loss: 36.625698 |
[2024-01-03 05:58:45,468 | INFO | train_one_epoch] Train epoch 10: [100/100 (100.00%)] 	bpp_y_loss: 0.319249 |	bpp_z_loss: 0.002555 |	bpp_loss: 0.321804 |	mse_loss: 0.000201 |	loss: 0.491400 |	psnr_loss: 37.114285 |
[2024-01-03 05:59:10,434 | INFO | test_adversarial] Testing results for epoch 11 [ADVERSARIAL] | bpp_y_loss=0.53918 | bpp_z_loss=0.00281 | bpp_loss=0.54199 | mse_loss=0.00048 | loss=0.94414 | psnr_loss=33.57602
[2024-01-03 05:59:11,320 | INFO | test_one_epoch] Testing results for epoch 11 | bpp_y_loss=0.53915 | bpp_z_loss=0.00281 | bpp_loss=0.54196 | mse_loss=0.00048 | loss=0.94428 | psnr_loss=33.57592
[2024-01-03 05:59:19,281 | INFO | train_one_epoch] Learning rate: 2e-05
[2024-01-03 05:59:21,610 | INFO | train_one_epoch] Train epoch 11: [0/100 (0.00%)] 	bpp_y_loss: 0.288471 |	bpp_z_loss: 0.002486 |	bpp_loss: 0.290957 |	mse_loss: 0.000174 |	loss: 0.438055 |	psnr_loss: 37.594170 |
[2024-01-03 05:59:43,677 | INFO | train_one_epoch] Train epoch 11: [10/100 (10.00%)] 	bpp_y_loss: 0.321810 |	bpp_z_loss: 0.002589 |	bpp_loss: 0.324399 |	mse_loss: 0.000209 |	loss: 0.501023 |	psnr_loss: 37.012676 |
[2024-01-03 06:00:05,756 | INFO | train_one_epoch] Train epoch 11: [20/100 (20.00%)] 	bpp_y_loss: 0.314001 |	bpp_z_loss: 0.002536 |	bpp_loss: 0.316537 |	mse_loss: 0.000198 |	loss: 0.484067 |	psnr_loss: 37.293541 |
[2024-01-03 06:00:27,786 | INFO | train_one_epoch] Train epoch 11: [30/100 (30.00%)] 	bpp_y_loss: 0.327376 |	bpp_z_loss: 0.002595 |	bpp_loss: 0.329971 |	mse_loss: 0.000206 |	loss: 0.503973 |	psnr_loss: 36.993992 |
[2024-01-03 06:00:49,978 | INFO | train_one_epoch] Train epoch 11: [40/100 (40.00%)] 	bpp_y_loss: 0.328904 |	bpp_z_loss: 0.002540 |	bpp_loss: 0.331444 |	mse_loss: 0.000218 |	loss: 0.516027 |	psnr_loss: 36.735962 |
[2024-01-03 06:01:12,014 | INFO | train_one_epoch] Train epoch 11: [50/100 (50.00%)] 	bpp_y_loss: 0.329598 |	bpp_z_loss: 0.002638 |	bpp_loss: 0.332236 |	mse_loss: 0.000215 |	loss: 0.514294 |	psnr_loss: 36.798359 |
[2024-01-03 06:01:34,064 | INFO | train_one_epoch] Train epoch 11: [60/100 (60.00%)] 	bpp_y_loss: 0.294384 |	bpp_z_loss: 0.002526 |	bpp_loss: 0.296910 |	mse_loss: 0.000182 |	loss: 0.450774 |	psnr_loss: 37.740017 |
[2024-01-03 06:01:56,215 | INFO | train_one_epoch] Train epoch 11: [70/100 (70.00%)] 	bpp_y_loss: 0.328730 |	bpp_z_loss: 0.002551 |	bpp_loss: 0.331281 |	mse_loss: 0.000212 |	loss: 0.510483 |	psnr_loss: 36.832806 |
[2024-01-03 06:02:18,296 | INFO | train_one_epoch] Train epoch 11: [80/100 (80.00%)] 	bpp_y_loss: 0.328912 |	bpp_z_loss: 0.002565 |	bpp_loss: 0.331477 |	mse_loss: 0.000207 |	loss: 0.506618 |	psnr_loss: 36.942631 |
[2024-01-03 06:02:40,349 | INFO | train_one_epoch] Train epoch 11: [90/100 (90.00%)] 	bpp_y_loss: 0.328945 |	bpp_z_loss: 0.002552 |	bpp_loss: 0.331497 |	mse_loss: 0.000215 |	loss: 0.512908 |	psnr_loss: 36.817211 |
[2024-01-03 06:03:02,435 | INFO | train_one_epoch] Train epoch 11: [100/100 (100.00%)] 	bpp_y_loss: 0.342966 |	bpp_z_loss: 0.002611 |	bpp_loss: 0.345577 |	mse_loss: 0.000223 |	loss: 0.534334 |	psnr_loss: 36.592426 |
[2024-01-03 06:03:27,250 | INFO | test_adversarial] Testing results for epoch 12 [ADVERSARIAL] | bpp_y_loss=0.53934 | bpp_z_loss=0.00281 | bpp_loss=0.54215 | mse_loss=0.00047 | loss=0.94356 | psnr_loss=33.58561
[2024-01-03 06:03:28,119 | INFO | test_one_epoch] Testing results for epoch 12 | bpp_y_loss=0.53953 | bpp_z_loss=0.00281 | bpp_loss=0.54233 | mse_loss=0.00048 | loss=0.94422 | psnr_loss=33.58178
[2024-01-03 06:03:34,894 | INFO | train_one_epoch] Learning rate: 2e-05
[2024-01-03 06:03:37,214 | INFO | train_one_epoch] Train epoch 12: [0/100 (0.00%)] 	bpp_y_loss: 0.323268 |	bpp_z_loss: 0.002624 |	bpp_loss: 0.325892 |	mse_loss: 0.000189 |	loss: 0.485396 |	psnr_loss: 37.242531 |
[2024-01-03 06:03:59,268 | INFO | train_one_epoch] Train epoch 12: [10/100 (10.00%)] 	bpp_y_loss: 0.292397 |	bpp_z_loss: 0.002530 |	bpp_loss: 0.294927 |	mse_loss: 0.000176 |	loss: 0.443845 |	psnr_loss: 37.609100 |
[2024-01-03 06:04:21,414 | INFO | train_one_epoch] Train epoch 12: [20/100 (20.00%)] 	bpp_y_loss: 0.329266 |	bpp_z_loss: 0.002588 |	bpp_loss: 0.331854 |	mse_loss: 0.000210 |	loss: 0.509707 |	psnr_loss: 36.912098 |
[2024-01-03 06:04:43,469 | INFO | train_one_epoch] Train epoch 12: [30/100 (30.00%)] 	bpp_y_loss: 0.305977 |	bpp_z_loss: 0.002556 |	bpp_loss: 0.308534 |	mse_loss: 0.000183 |	loss: 0.463046 |	psnr_loss: 37.474621 |
[2024-01-03 06:05:05,552 | INFO | train_one_epoch] Train epoch 12: [40/100 (40.00%)] 	bpp_y_loss: 0.321430 |	bpp_z_loss: 0.002517 |	bpp_loss: 0.323947 |	mse_loss: 0.000207 |	loss: 0.498776 |	psnr_loss: 36.961582 |
[2024-01-03 06:05:27,596 | INFO | train_one_epoch] Train epoch 12: [50/100 (50.00%)] 	bpp_y_loss: 0.355271 |	bpp_z_loss: 0.002643 |	bpp_loss: 0.357913 |	mse_loss: 0.000247 |	loss: 0.566975 |	psnr_loss: 36.189098 |
[2024-01-03 06:05:49,681 | INFO | train_one_epoch] Train epoch 12: [60/100 (60.00%)] 	bpp_y_loss: 0.307971 |	bpp_z_loss: 0.002535 |	bpp_loss: 0.310506 |	mse_loss: 0.000193 |	loss: 0.473613 |	psnr_loss: 37.242519 |
[2024-01-03 06:06:11,758 | INFO | train_one_epoch] Train epoch 12: [70/100 (70.00%)] 	bpp_y_loss: 0.348426 |	bpp_z_loss: 0.002655 |	bpp_loss: 0.351081 |	mse_loss: 0.000232 |	loss: 0.547306 |	psnr_loss: 36.410042 |
[2024-01-03 06:06:33,815 | INFO | train_one_epoch] Train epoch 12: [80/100 (80.00%)] 	bpp_y_loss: 0.355022 |	bpp_z_loss: 0.002565 |	bpp_loss: 0.357587 |	mse_loss: 0.000245 |	loss: 0.564526 |	psnr_loss: 36.209957 |
[2024-01-03 06:06:55,922 | INFO | train_one_epoch] Train epoch 12: [90/100 (90.00%)] 	bpp_y_loss: 0.312492 |	bpp_z_loss: 0.002508 |	bpp_loss: 0.315000 |	mse_loss: 0.000195 |	loss: 0.479648 |	psnr_loss: 37.170704 |
[2024-01-03 06:07:18,050 | INFO | train_one_epoch] Train epoch 12: [100/100 (100.00%)] 	bpp_y_loss: 0.305661 |	bpp_z_loss: 0.002550 |	bpp_loss: 0.308211 |	mse_loss: 0.000189 |	loss: 0.468304 |	psnr_loss: 37.283600 |
[2024-01-03 06:07:42,956 | INFO | test_adversarial] Testing results for epoch 13 [ADVERSARIAL] | bpp_y_loss=0.53681 | bpp_z_loss=0.00276 | bpp_loss=0.53957 | mse_loss=0.00048 | loss=0.94433 | psnr_loss=33.54986
[2024-01-03 06:07:43,829 | INFO | test_one_epoch] Testing results for epoch 13 | bpp_y_loss=0.53687 | bpp_z_loss=0.00274 | bpp_loss=0.53961 | mse_loss=0.00048 | loss=0.94382 | psnr_loss=33.55648
[2024-01-03 06:07:47,521 | INFO | train_one_epoch] Learning rate: 2e-05
[2024-01-03 06:07:49,841 | INFO | train_one_epoch] Train epoch 13: [0/100 (0.00%)] 	bpp_y_loss: 0.311357 |	bpp_z_loss: 0.002473 |	bpp_loss: 0.313829 |	mse_loss: 0.000215 |	loss: 0.495732 |	psnr_loss: 36.671848 |
[2024-01-03 06:08:11,932 | INFO | train_one_epoch] Train epoch 13: [10/100 (10.00%)] 	bpp_y_loss: 0.314526 |	bpp_z_loss: 0.002532 |	bpp_loss: 0.317058 |	mse_loss: 0.000193 |	loss: 0.480251 |	psnr_loss: 37.308712 |
[2024-01-03 06:08:34,024 | INFO | train_one_epoch] Train epoch 13: [20/100 (20.00%)] 	bpp_y_loss: 0.351291 |	bpp_z_loss: 0.002546 |	bpp_loss: 0.353836 |	mse_loss: 0.000243 |	loss: 0.558963 |	psnr_loss: 36.211212 |
[2024-01-03 06:08:56,142 | INFO | train_one_epoch] Train epoch 13: [30/100 (30.00%)] 	bpp_y_loss: 0.321121 |	bpp_z_loss: 0.002473 |	bpp_loss: 0.323594 |	mse_loss: 0.000197 |	loss: 0.490309 |	psnr_loss: 37.187073 |
[2024-01-03 06:09:18,254 | INFO | train_one_epoch] Train epoch 13: [40/100 (40.00%)] 	bpp_y_loss: 0.326552 |	bpp_z_loss: 0.002599 |	bpp_loss: 0.329151 |	mse_loss: 0.000208 |	loss: 0.504820 |	psnr_loss: 36.952686 |
[2024-01-03 06:09:40,393 | INFO | train_one_epoch] Train epoch 13: [50/100 (50.00%)] 	bpp_y_loss: 0.330309 |	bpp_z_loss: 0.002570 |	bpp_loss: 0.332879 |	mse_loss: 0.000214 |	loss: 0.514155 |	psnr_loss: 36.936047 |
[2024-01-03 06:10:02,520 | INFO | train_one_epoch] Train epoch 13: [60/100 (60.00%)] 	bpp_y_loss: 0.333562 |	bpp_z_loss: 0.002602 |	bpp_loss: 0.336164 |	mse_loss: 0.000220 |	loss: 0.522152 |	psnr_loss: 36.790688 |
[2024-01-03 06:10:24,674 | INFO | train_one_epoch] Train epoch 13: [70/100 (70.00%)] 	bpp_y_loss: 0.370103 |	bpp_z_loss: 0.002602 |	bpp_loss: 0.372705 |	mse_loss: 0.000241 |	loss: 0.576288 |	psnr_loss: 36.263088 |
[2024-01-03 06:10:46,755 | INFO | train_one_epoch] Train epoch 13: [80/100 (80.00%)] 	bpp_y_loss: 0.295897 |	bpp_z_loss: 0.002512 |	bpp_loss: 0.298409 |	mse_loss: 0.000174 |	loss: 0.445632 |	psnr_loss: 37.750275 |
[2024-01-03 06:11:08,875 | INFO | train_one_epoch] Train epoch 13: [90/100 (90.00%)] 	bpp_y_loss: 0.316635 |	bpp_z_loss: 0.002545 |	bpp_loss: 0.319181 |	mse_loss: 0.000204 |	loss: 0.491270 |	psnr_loss: 37.004738 |
[2024-01-03 06:11:30,935 | INFO | train_one_epoch] Train epoch 13: [100/100 (100.00%)] 	bpp_y_loss: 0.337119 |	bpp_z_loss: 0.002579 |	bpp_loss: 0.339698 |	mse_loss: 0.000213 |	loss: 0.519581 |	psnr_loss: 36.831081 |
[2024-01-03 06:11:55,721 | INFO | test_adversarial] Testing results for epoch 14 [ADVERSARIAL] | bpp_y_loss=0.53778 | bpp_z_loss=0.00282 | bpp_loss=0.54059 | mse_loss=0.00048 | loss=0.94331 | psnr_loss=33.57219
[2024-01-03 06:11:56,524 | INFO | test_one_epoch] Testing results for epoch 14 | bpp_y_loss=0.53771 | bpp_z_loss=0.00283 | bpp_loss=0.54054 | mse_loss=0.00048 | loss=0.94304 | psnr_loss=33.57462
[2024-01-03 06:12:04,416 | INFO | train_one_epoch] Learning rate: 2e-05
[2024-01-03 06:12:06,748 | INFO | train_one_epoch] Train epoch 14: [0/100 (0.00%)] 	bpp_y_loss: 0.293298 |	bpp_z_loss: 0.002543 |	bpp_loss: 0.295841 |	mse_loss: 0.000176 |	loss: 0.444977 |	psnr_loss: 37.534416 |
[2024-01-03 06:12:28,796 | INFO | train_one_epoch] Train epoch 14: [10/100 (10.00%)] 	bpp_y_loss: 0.326847 |	bpp_z_loss: 0.002522 |	bpp_loss: 0.329369 |	mse_loss: 0.000207 |	loss: 0.504709 |	psnr_loss: 36.918686 |
[2024-01-03 06:12:50,951 | INFO | train_one_epoch] Train epoch 14: [20/100 (20.00%)] 	bpp_y_loss: 0.311899 |	bpp_z_loss: 0.002527 |	bpp_loss: 0.314426 |	mse_loss: 0.000196 |	loss: 0.479765 |	psnr_loss: 37.321514 |
[2024-01-03 06:13:13,039 | INFO | train_one_epoch] Train epoch 14: [30/100 (30.00%)] 	bpp_y_loss: 0.340332 |	bpp_z_loss: 0.002560 |	bpp_loss: 0.342891 |	mse_loss: 0.000218 |	loss: 0.526878 |	psnr_loss: 36.749287 |
[2024-01-03 06:13:35,119 | INFO | train_one_epoch] Train epoch 14: [40/100 (40.00%)] 	bpp_y_loss: 0.320094 |	bpp_z_loss: 0.002505 |	bpp_loss: 0.322599 |	mse_loss: 0.000197 |	loss: 0.489184 |	psnr_loss: 37.185379 |
[2024-01-03 06:13:57,194 | INFO | train_one_epoch] Train epoch 14: [50/100 (50.00%)] 	bpp_y_loss: 0.330806 |	bpp_z_loss: 0.002515 |	bpp_loss: 0.333321 |	mse_loss: 0.000223 |	loss: 0.521442 |	psnr_loss: 36.718430 |
[2024-01-03 06:14:19,300 | INFO | train_one_epoch] Train epoch 14: [60/100 (60.00%)] 	bpp_y_loss: 0.344418 |	bpp_z_loss: 0.002602 |	bpp_loss: 0.347020 |	mse_loss: 0.000228 |	loss: 0.539596 |	psnr_loss: 36.672844 |
[2024-01-03 06:14:41,387 | INFO | train_one_epoch] Train epoch 14: [70/100 (70.00%)] 	bpp_y_loss: 0.324349 |	bpp_z_loss: 0.002562 |	bpp_loss: 0.326911 |	mse_loss: 0.000208 |	loss: 0.502590 |	psnr_loss: 36.864113 |
[2024-01-03 06:15:03,508 | INFO | train_one_epoch] Train epoch 14: [80/100 (80.00%)] 	bpp_y_loss: 0.320559 |	bpp_z_loss: 0.002628 |	bpp_loss: 0.323188 |	mse_loss: 0.000202 |	loss: 0.494246 |	psnr_loss: 37.088959 |
[2024-01-03 06:15:25,617 | INFO | train_one_epoch] Train epoch 14: [90/100 (90.00%)] 	bpp_y_loss: 0.331212 |	bpp_z_loss: 0.002515 |	bpp_loss: 0.333726 |	mse_loss: 0.000215 |	loss: 0.515599 |	psnr_loss: 36.834782 |
[2024-01-03 06:15:47,723 | INFO | train_one_epoch] Train epoch 14: [100/100 (100.00%)] 	bpp_y_loss: 0.349926 |	bpp_z_loss: 0.002555 |	bpp_loss: 0.352481 |	mse_loss: 0.000236 |	loss: 0.551903 |	psnr_loss: 36.427975 |
[2024-01-03 06:16:12,622 | INFO | test_adversarial] Testing results for epoch 15 [ADVERSARIAL] | bpp_y_loss=0.53827 | bpp_z_loss=0.00278 | bpp_loss=0.54105 | mse_loss=0.00048 | loss=0.94359 | psnr_loss=33.57676
[2024-01-03 06:16:13,492 | INFO | test_one_epoch] Testing results for epoch 15 | bpp_y_loss=0.53786 | bpp_z_loss=0.00278 | bpp_loss=0.54064 | mse_loss=0.00048 | loss=0.94410 | psnr_loss=33.56287
[2024-01-03 06:16:17,590 | INFO | train_one_epoch] Learning rate: 2e-05
[2024-01-03 06:16:19,923 | INFO | train_one_epoch] Train epoch 15: [0/100 (0.00%)] 	bpp_y_loss: 0.333728 |	bpp_z_loss: 0.002574 |	bpp_loss: 0.336302 |	mse_loss: 0.000244 |	loss: 0.542614 |	psnr_loss: 36.125004 |
[2024-01-03 06:16:42,017 | INFO | train_one_epoch] Train epoch 15: [10/100 (10.00%)] 	bpp_y_loss: 0.324035 |	bpp_z_loss: 0.002533 |	bpp_loss: 0.326568 |	mse_loss: 0.000206 |	loss: 0.500886 |	psnr_loss: 36.989983 |
[2024-01-03 06:17:04,123 | INFO | train_one_epoch] Train epoch 15: [20/100 (20.00%)] 	bpp_y_loss: 0.320283 |	bpp_z_loss: 0.002508 |	bpp_loss: 0.322791 |	mse_loss: 0.000207 |	loss: 0.497915 |	psnr_loss: 37.066711 |
[2024-01-03 06:17:26,261 | INFO | train_one_epoch] Train epoch 15: [30/100 (30.00%)] 	bpp_y_loss: 0.334254 |	bpp_z_loss: 0.002597 |	bpp_loss: 0.336851 |	mse_loss: 0.000222 |	loss: 0.524615 |	psnr_loss: 36.551285 |
[2024-01-03 06:17:48,371 | INFO | train_one_epoch] Train epoch 15: [40/100 (40.00%)] 	bpp_y_loss: 0.327616 |	bpp_z_loss: 0.002588 |	bpp_loss: 0.330204 |	mse_loss: 0.000207 |	loss: 0.505545 |	psnr_loss: 37.001953 |
[2024-01-03 06:18:10,487 | INFO | train_one_epoch] Train epoch 15: [50/100 (50.00%)] 	bpp_y_loss: 0.355098 |	bpp_z_loss: 0.002524 |	bpp_loss: 0.357622 |	mse_loss: 0.000241 |	loss: 0.561110 |	psnr_loss: 36.263157 |
[2024-01-03 06:18:32,615 | INFO | train_one_epoch] Train epoch 15: [60/100 (60.00%)] 	bpp_y_loss: 0.323387 |	bpp_z_loss: 0.002538 |	bpp_loss: 0.325925 |	mse_loss: 0.000207 |	loss: 0.500875 |	psnr_loss: 36.933788 |
[2024-01-03 06:18:54,751 | INFO | train_one_epoch] Train epoch 15: [70/100 (70.00%)] 	bpp_y_loss: 0.336107 |	bpp_z_loss: 0.002588 |	bpp_loss: 0.338695 |	mse_loss: 0.000227 |	loss: 0.530232 |	psnr_loss: 36.564274 |
[2024-01-03 06:19:16,825 | INFO | train_one_epoch] Train epoch 15: [80/100 (80.00%)] 	bpp_y_loss: 0.297489 |	bpp_z_loss: 0.002518 |	bpp_loss: 0.300007 |	mse_loss: 0.000185 |	loss: 0.456614 |	psnr_loss: 37.416412 |
[2024-01-03 06:19:38,881 | INFO | train_one_epoch] Train epoch 15: [90/100 (90.00%)] 	bpp_y_loss: 0.325876 |	bpp_z_loss: 0.002566 |	bpp_loss: 0.328442 |	mse_loss: 0.000205 |	loss: 0.501500 |	psnr_loss: 37.005955 |
[2024-01-03 06:20:00,966 | INFO | train_one_epoch] Train epoch 15: [100/100 (100.00%)] 	bpp_y_loss: 0.331843 |	bpp_z_loss: 0.002515 |	bpp_loss: 0.334358 |	mse_loss: 0.000213 |	loss: 0.514304 |	psnr_loss: 36.811142 |
[2024-01-03 06:20:25,746 | INFO | test_adversarial] Testing results for epoch 16 [ADVERSARIAL] | bpp_y_loss=0.53728 | bpp_z_loss=0.00275 | bpp_loss=0.54003 | mse_loss=0.00048 | loss=0.94184 | psnr_loss=33.58077
[2024-01-03 06:20:26,596 | INFO | test_one_epoch] Testing results for epoch 16 | bpp_y_loss=0.53799 | bpp_z_loss=0.00277 | bpp_loss=0.54076 | mse_loss=0.00048 | loss=0.94246 | psnr_loss=33.57982
[2024-01-03 06:20:33,754 | INFO | train_one_epoch] Learning rate: 2e-05
[2024-01-03 06:20:36,053 | INFO | train_one_epoch] Train epoch 16: [0/100 (0.00%)] 	bpp_y_loss: 0.297436 |	bpp_z_loss: 0.002551 |	bpp_loss: 0.299987 |	mse_loss: 0.000171 |	loss: 0.444577 |	psnr_loss: 37.668854 |
[2024-01-03 06:20:58,030 | INFO | train_one_epoch] Train epoch 16: [10/100 (10.00%)] 	bpp_y_loss: 0.324917 |	bpp_z_loss: 0.002567 |	bpp_loss: 0.327484 |	mse_loss: 0.000208 |	loss: 0.503268 |	psnr_loss: 36.850063 |
[2024-01-03 06:21:20,119 | INFO | train_one_epoch] Train epoch 16: [20/100 (20.00%)] 	bpp_y_loss: 0.328891 |	bpp_z_loss: 0.002514 |	bpp_loss: 0.331405 |	mse_loss: 0.000213 |	loss: 0.511688 |	psnr_loss: 36.828388 |
[2024-01-03 06:21:42,197 | INFO | train_one_epoch] Train epoch 16: [30/100 (30.00%)] 	bpp_y_loss: 0.318095 |	bpp_z_loss: 0.002555 |	bpp_loss: 0.320650 |	mse_loss: 0.000205 |	loss: 0.494075 |	psnr_loss: 36.941151 |
[2024-01-03 06:22:04,239 | INFO | train_one_epoch] Train epoch 16: [40/100 (40.00%)] 	bpp_y_loss: 0.334953 |	bpp_z_loss: 0.002488 |	bpp_loss: 0.337440 |	mse_loss: 0.000213 |	loss: 0.517435 |	psnr_loss: 37.006538 |
[2024-01-03 06:22:26,350 | INFO | train_one_epoch] Train epoch 16: [50/100 (50.00%)] 	bpp_y_loss: 0.317150 |	bpp_z_loss: 0.002540 |	bpp_loss: 0.319690 |	mse_loss: 0.000201 |	loss: 0.489930 |	psnr_loss: 37.073597 |
[2024-01-03 06:22:48,445 | INFO | train_one_epoch] Train epoch 16: [60/100 (60.00%)] 	bpp_y_loss: 0.334847 |	bpp_z_loss: 0.002596 |	bpp_loss: 0.337443 |	mse_loss: 0.000212 |	loss: 0.516499 |	psnr_loss: 36.820644 |
[2024-01-03 06:23:10,576 | INFO | train_one_epoch] Train epoch 16: [70/100 (70.00%)] 	bpp_y_loss: 0.325496 |	bpp_z_loss: 0.002579 |	bpp_loss: 0.328075 |	mse_loss: 0.000220 |	loss: 0.513912 |	psnr_loss: 36.776451 |
[2024-01-03 06:23:32,701 | INFO | train_one_epoch] Train epoch 16: [80/100 (80.00%)] 	bpp_y_loss: 0.309592 |	bpp_z_loss: 0.002516 |	bpp_loss: 0.312109 |	mse_loss: 0.000190 |	loss: 0.472975 |	psnr_loss: 37.352631 |
[2024-01-03 06:23:54,823 | INFO | train_one_epoch] Train epoch 16: [90/100 (90.00%)] 	bpp_y_loss: 0.322701 |	bpp_z_loss: 0.002485 |	bpp_loss: 0.325185 |	mse_loss: 0.000203 |	loss: 0.496570 |	psnr_loss: 37.111675 |
[2024-01-03 06:24:16,912 | INFO | train_one_epoch] Train epoch 16: [100/100 (100.00%)] 	bpp_y_loss: 0.336082 |	bpp_z_loss: 0.002558 |	bpp_loss: 0.338640 |	mse_loss: 0.000217 |	loss: 0.522432 |	psnr_loss: 36.799114 |
[2024-01-03 06:24:41,855 | INFO | test_adversarial] Testing results for epoch 17 [ADVERSARIAL] | bpp_y_loss=0.53850 | bpp_z_loss=0.00278 | bpp_loss=0.54128 | mse_loss=0.00047 | loss=0.94203 | psnr_loss=33.58989
[2024-01-03 06:24:42,721 | INFO | test_one_epoch] Testing results for epoch 17 | bpp_y_loss=0.53879 | bpp_z_loss=0.00276 | bpp_loss=0.54155 | mse_loss=0.00047 | loss=0.94261 | psnr_loss=33.58592
[2024-01-03 06:24:46,377 | INFO | train_one_epoch] Learning rate: 2e-05
[2024-01-03 06:24:48,698 | INFO | train_one_epoch] Train epoch 17: [0/100 (0.00%)] 	bpp_y_loss: 0.368187 |	bpp_z_loss: 0.002704 |	bpp_loss: 0.370891 |	mse_loss: 0.000237 |	loss: 0.571058 |	psnr_loss: 36.256310 |
[2024-01-03 06:25:10,809 | INFO | train_one_epoch] Train epoch 17: [10/100 (10.00%)] 	bpp_y_loss: 0.341869 |	bpp_z_loss: 0.002590 |	bpp_loss: 0.344459 |	mse_loss: 0.000228 |	loss: 0.537151 |	psnr_loss: 36.582146 |
[2024-01-03 06:25:32,922 | INFO | train_one_epoch] Train epoch 17: [20/100 (20.00%)] 	bpp_y_loss: 0.317158 |	bpp_z_loss: 0.002580 |	bpp_loss: 0.319738 |	mse_loss: 0.000198 |	loss: 0.486977 |	psnr_loss: 37.105103 |
[2024-01-03 06:25:55,035 | INFO | train_one_epoch] Train epoch 17: [30/100 (30.00%)] 	bpp_y_loss: 0.329713 |	bpp_z_loss: 0.002478 |	bpp_loss: 0.332191 |	mse_loss: 0.000223 |	loss: 0.520743 |	psnr_loss: 36.592308 |
[2024-01-03 06:26:17,136 | INFO | train_one_epoch] Train epoch 17: [40/100 (40.00%)] 	bpp_y_loss: 0.329314 |	bpp_z_loss: 0.002553 |	bpp_loss: 0.331867 |	mse_loss: 0.000210 |	loss: 0.509589 |	psnr_loss: 36.871391 |
[2024-01-03 06:26:39,261 | INFO | train_one_epoch] Train epoch 17: [50/100 (50.00%)] 	bpp_y_loss: 0.329872 |	bpp_z_loss: 0.002574 |	bpp_loss: 0.332446 |	mse_loss: 0.000212 |	loss: 0.511993 |	psnr_loss: 36.825600 |
[2024-01-03 06:27:01,377 | INFO | train_one_epoch] Train epoch 17: [60/100 (60.00%)] 	bpp_y_loss: 0.340648 |	bpp_z_loss: 0.002520 |	bpp_loss: 0.343168 |	mse_loss: 0.000221 |	loss: 0.530082 |	psnr_loss: 36.625744 |
[2024-01-03 06:27:23,470 | INFO | train_one_epoch] Train epoch 17: [70/100 (70.00%)] 	bpp_y_loss: 0.324785 |	bpp_z_loss: 0.002511 |	bpp_loss: 0.327296 |	mse_loss: 0.000204 |	loss: 0.499736 |	psnr_loss: 37.030895 |
[2024-01-03 06:27:45,522 | INFO | train_one_epoch] Train epoch 17: [80/100 (80.00%)] 	bpp_y_loss: 0.315344 |	bpp_z_loss: 0.002526 |	bpp_loss: 0.317870 |	mse_loss: 0.000196 |	loss: 0.483290 |	psnr_loss: 37.230846 |
[2024-01-03 06:28:07,578 | INFO | train_one_epoch] Train epoch 17: [90/100 (90.00%)] 	bpp_y_loss: 0.306836 |	bpp_z_loss: 0.002504 |	bpp_loss: 0.309340 |	mse_loss: 0.000189 |	loss: 0.469196 |	psnr_loss: 37.415966 |
[2024-01-03 06:28:29,631 | INFO | train_one_epoch] Train epoch 17: [100/100 (100.00%)] 	bpp_y_loss: 0.326697 |	bpp_z_loss: 0.002491 |	bpp_loss: 0.329188 |	mse_loss: 0.000209 |	loss: 0.506271 |	psnr_loss: 36.903118 |
[2024-01-03 06:28:54,408 | INFO | test_adversarial] Testing results for epoch 18 [ADVERSARIAL] | bpp_y_loss=0.53875 | bpp_z_loss=0.00273 | bpp_loss=0.54148 | mse_loss=0.00047 | loss=0.94164 | psnr_loss=33.59846
[2024-01-03 06:28:55,222 | INFO | test_one_epoch] Testing results for epoch 18 | bpp_y_loss=0.53869 | bpp_z_loss=0.00273 | bpp_loss=0.54141 | mse_loss=0.00047 | loss=0.94153 | psnr_loss=33.59618
[2024-01-03 06:29:02,321 | INFO | train_one_epoch] Learning rate: 2e-05
[2024-01-03 06:29:04,604 | INFO | train_one_epoch] Train epoch 18: [0/100 (0.00%)] 	bpp_y_loss: 0.277004 |	bpp_z_loss: 0.002509 |	bpp_loss: 0.279513 |	mse_loss: 0.000180 |	loss: 0.431557 |	psnr_loss: 37.450523 |
[2024-01-03 06:29:26,542 | INFO | train_one_epoch] Train epoch 18: [10/100 (10.00%)] 	bpp_y_loss: 0.320829 |	bpp_z_loss: 0.002450 |	bpp_loss: 0.323279 |	mse_loss: 0.000210 |	loss: 0.500680 |	psnr_loss: 36.938374 |
[2024-01-03 06:29:48,643 | INFO | train_one_epoch] Train epoch 18: [20/100 (20.00%)] 	bpp_y_loss: 0.317293 |	bpp_z_loss: 0.002508 |	bpp_loss: 0.319802 |	mse_loss: 0.000197 |	loss: 0.486732 |	psnr_loss: 37.184605 |
[2024-01-03 06:30:10,720 | INFO | train_one_epoch] Train epoch 18: [30/100 (30.00%)] 	bpp_y_loss: 0.359837 |	bpp_z_loss: 0.002569 |	bpp_loss: 0.362406 |	mse_loss: 0.000231 |	loss: 0.558093 |	psnr_loss: 36.570007 |
[2024-01-03 06:30:32,824 | INFO | train_one_epoch] Train epoch 18: [40/100 (40.00%)] 	bpp_y_loss: 0.328515 |	bpp_z_loss: 0.002501 |	bpp_loss: 0.331015 |	mse_loss: 0.000209 |	loss: 0.507999 |	psnr_loss: 36.942997 |
[2024-01-03 06:30:54,909 | INFO | train_one_epoch] Train epoch 18: [50/100 (50.00%)] 	bpp_y_loss: 0.334789 |	bpp_z_loss: 0.002555 |	bpp_loss: 0.337344 |	mse_loss: 0.000218 |	loss: 0.521582 |	psnr_loss: 36.765640 |
[2024-01-03 06:31:17,042 | INFO | train_one_epoch] Train epoch 18: [60/100 (60.00%)] 	bpp_y_loss: 0.320756 |	bpp_z_loss: 0.002538 |	bpp_loss: 0.323294 |	mse_loss: 0.000209 |	loss: 0.499603 |	psnr_loss: 36.864265 |
[2024-01-03 06:31:39,104 | INFO | train_one_epoch] Train epoch 18: [70/100 (70.00%)] 	bpp_y_loss: 0.268568 |	bpp_z_loss: 0.002485 |	bpp_loss: 0.271053 |	mse_loss: 0.000156 |	loss: 0.402704 |	psnr_loss: 38.134724 |
[2024-01-03 06:32:01,235 | INFO | train_one_epoch] Train epoch 18: [80/100 (80.00%)] 	bpp_y_loss: 0.316217 |	bpp_z_loss: 0.002556 |	bpp_loss: 0.318773 |	mse_loss: 0.000203 |	loss: 0.489970 |	psnr_loss: 37.013123 |
[2024-01-03 06:32:23,338 | INFO | train_one_epoch] Train epoch 18: [90/100 (90.00%)] 	bpp_y_loss: 0.308933 |	bpp_z_loss: 0.002494 |	bpp_loss: 0.311427 |	mse_loss: 0.000190 |	loss: 0.472246 |	psnr_loss: 37.350124 |
[2024-01-03 06:32:45,488 | INFO | train_one_epoch] Train epoch 18: [100/100 (100.00%)] 	bpp_y_loss: 0.322281 |	bpp_z_loss: 0.002531 |	bpp_loss: 0.324812 |	mse_loss: 0.000198 |	loss: 0.492255 |	psnr_loss: 37.190273 |
[2024-01-03 06:33:10,423 | INFO | test_adversarial] Testing results for epoch 19 [ADVERSARIAL] | bpp_y_loss=0.53657 | bpp_z_loss=0.00276 | bpp_loss=0.53933 | mse_loss=0.00048 | loss=0.94294 | psnr_loss=33.55968
[2024-01-03 06:33:11,312 | INFO | test_one_epoch] Testing results for epoch 19 | bpp_y_loss=0.53654 | bpp_z_loss=0.00276 | bpp_loss=0.53929 | mse_loss=0.00048 | loss=0.94354 | psnr_loss=33.54984
[2024-01-03 06:33:15,496 | INFO | train_one_epoch] Learning rate: 2e-05
[2024-01-03 06:33:17,819 | INFO | train_one_epoch] Train epoch 19: [0/100 (0.00%)] 	bpp_y_loss: 0.306286 |	bpp_z_loss: 0.002579 |	bpp_loss: 0.308865 |	mse_loss: 0.000198 |	loss: 0.476563 |	psnr_loss: 37.024948 |
[2024-01-03 06:33:39,828 | INFO | train_one_epoch] Train epoch 19: [10/100 (10.00%)] 	bpp_y_loss: 0.334421 |	bpp_z_loss: 0.002523 |	bpp_loss: 0.336944 |	mse_loss: 0.000219 |	loss: 0.522272 |	psnr_loss: 36.633572 |
[2024-01-03 06:34:01,935 | INFO | train_one_epoch] Train epoch 19: [20/100 (20.00%)] 	bpp_y_loss: 0.320664 |	bpp_z_loss: 0.002547 |	bpp_loss: 0.323211 |	mse_loss: 0.000198 |	loss: 0.490353 |	psnr_loss: 37.192085 |
[2024-01-03 06:34:24,051 | INFO | train_one_epoch] Train epoch 19: [30/100 (30.00%)] 	bpp_y_loss: 0.314596 |	bpp_z_loss: 0.002488 |	bpp_loss: 0.317084 |	mse_loss: 0.000204 |	loss: 0.489869 |	psnr_loss: 37.009907 |
[2024-01-03 06:34:46,173 | INFO | train_one_epoch] Train epoch 19: [40/100 (40.00%)] 	bpp_y_loss: 0.324341 |	bpp_z_loss: 0.002495 |	bpp_loss: 0.326836 |	mse_loss: 0.000216 |	loss: 0.509338 |	psnr_loss: 36.799744 |
[2024-01-03 06:35:08,297 | INFO | train_one_epoch] Train epoch 19: [50/100 (50.00%)] 	bpp_y_loss: 0.352443 |	bpp_z_loss: 0.002609 |	bpp_loss: 0.355052 |	mse_loss: 0.000233 |	loss: 0.552261 |	psnr_loss: 36.462990 |
[2024-01-03 06:35:30,402 | INFO | train_one_epoch] Train epoch 19: [60/100 (60.00%)] 	bpp_y_loss: 0.287886 |	bpp_z_loss: 0.002553 |	bpp_loss: 0.290440 |	mse_loss: 0.000175 |	loss: 0.438712 |	psnr_loss: 37.704636 |
[2024-01-03 06:35:52,528 | INFO | train_one_epoch] Train epoch 19: [70/100 (70.00%)] 	bpp_y_loss: 0.314749 |	bpp_z_loss: 0.002524 |	bpp_loss: 0.317273 |	mse_loss: 0.000198 |	loss: 0.484558 |	psnr_loss: 37.114502 |
[2024-01-03 06:36:14,646 | INFO | train_one_epoch] Train epoch 19: [80/100 (80.00%)] 	bpp_y_loss: 0.339780 |	bpp_z_loss: 0.002500 |	bpp_loss: 0.342280 |	mse_loss: 0.000222 |	loss: 0.530230 |	psnr_loss: 36.651272 |
[2024-01-03 06:36:36,755 | INFO | train_one_epoch] Train epoch 19: [90/100 (90.00%)] 	bpp_y_loss: 0.298856 |	bpp_z_loss: 0.002550 |	bpp_loss: 0.301406 |	mse_loss: 0.000182 |	loss: 0.455489 |	psnr_loss: 37.495060 |
[2024-01-03 06:36:58,874 | INFO | train_one_epoch] Train epoch 19: [100/100 (100.00%)] 	bpp_y_loss: 0.328783 |	bpp_z_loss: 0.002531 |	bpp_loss: 0.331314 |	mse_loss: 0.000207 |	loss: 0.506124 |	psnr_loss: 36.923565 |
[2024-01-03 06:37:23,751 | INFO | test_adversarial] Testing results for epoch 20 [ADVERSARIAL] | bpp_y_loss=0.53960 | bpp_z_loss=0.00274 | bpp_loss=0.54233 | mse_loss=0.00047 | loss=0.94275 | psnr_loss=33.59418
[2024-01-03 06:37:24,623 | INFO | test_one_epoch] Testing results for epoch 20 | bpp_y_loss=0.53981 | bpp_z_loss=0.00275 | bpp_loss=0.54255 | mse_loss=0.00047 | loss=0.94333 | psnr_loss=33.59227
[2024-01-03 06:37:28,546 | INFO | train_one_epoch] Learning rate: 2e-05
[2024-01-03 06:37:30,863 | INFO | train_one_epoch] Train epoch 20: [0/100 (0.00%)] 	bpp_y_loss: 0.328173 |	bpp_z_loss: 0.002596 |	bpp_loss: 0.330769 |	mse_loss: 0.000194 |	loss: 0.494803 |	psnr_loss: 37.120903 |
[2024-01-03 06:37:52,901 | INFO | train_one_epoch] Train epoch 20: [10/100 (10.00%)] 	bpp_y_loss: 0.345259 |	bpp_z_loss: 0.002513 |	bpp_loss: 0.347773 |	mse_loss: 0.000229 |	loss: 0.541524 |	psnr_loss: 36.465660 |
[2024-01-03 06:38:14,966 | INFO | train_one_epoch] Train epoch 20: [20/100 (20.00%)] 	bpp_y_loss: 0.350327 |	bpp_z_loss: 0.002544 |	bpp_loss: 0.352871 |	mse_loss: 0.000230 |	loss: 0.546918 |	psnr_loss: 36.454643 |
[2024-01-03 06:38:37,078 | INFO | train_one_epoch] Train epoch 20: [30/100 (30.00%)] 	bpp_y_loss: 0.360665 |	bpp_z_loss: 0.002537 |	bpp_loss: 0.363202 |	mse_loss: 0.000239 |	loss: 0.565638 |	psnr_loss: 36.431000 |
[2024-01-03 06:38:59,197 | INFO | train_one_epoch] Train epoch 20: [40/100 (40.00%)] 	bpp_y_loss: 0.329140 |	bpp_z_loss: 0.002494 |	bpp_loss: 0.331634 |	mse_loss: 0.000209 |	loss: 0.508136 |	psnr_loss: 36.898762 |
[2024-01-03 06:39:21,322 | INFO | train_one_epoch] Train epoch 20: [50/100 (50.00%)] 	bpp_y_loss: 0.338107 |	bpp_z_loss: 0.002593 |	bpp_loss: 0.340700 |	mse_loss: 0.000220 |	loss: 0.526656 |	psnr_loss: 36.678898 |
[2024-01-03 06:39:43,443 | INFO | train_one_epoch] Train epoch 20: [60/100 (60.00%)] 	bpp_y_loss: 0.338588 |	bpp_z_loss: 0.002525 |	bpp_loss: 0.341113 |	mse_loss: 0.000221 |	loss: 0.528073 |	psnr_loss: 36.595078 |
[2024-01-03 06:40:05,603 | INFO | train_one_epoch] Train epoch 20: [70/100 (70.00%)] 	bpp_y_loss: 0.314825 |	bpp_z_loss: 0.002491 |	bpp_loss: 0.317317 |	mse_loss: 0.000191 |	loss: 0.479166 |	psnr_loss: 37.239223 |
[2024-01-03 06:40:27,745 | INFO | train_one_epoch] Train epoch 20: [80/100 (80.00%)] 	bpp_y_loss: 0.303174 |	bpp_z_loss: 0.002480 |	bpp_loss: 0.305655 |	mse_loss: 0.000189 |	loss: 0.465666 |	psnr_loss: 37.349575 |
[2024-01-03 06:40:49,882 | INFO | train_one_epoch] Train epoch 20: [90/100 (90.00%)] 	bpp_y_loss: 0.296130 |	bpp_z_loss: 0.002540 |	bpp_loss: 0.298670 |	mse_loss: 0.000181 |	loss: 0.451875 |	psnr_loss: 37.673508 |
[2024-01-03 06:41:12,006 | INFO | train_one_epoch] Train epoch 20: [100/100 (100.00%)] 	bpp_y_loss: 0.324364 |	bpp_z_loss: 0.002591 |	bpp_loss: 0.326955 |	mse_loss: 0.000203 |	loss: 0.498498 |	psnr_loss: 37.104397 |
[2024-01-03 06:41:36,874 | INFO | test_adversarial] Testing results for epoch 21 [ADVERSARIAL] | bpp_y_loss=0.53780 | bpp_z_loss=0.00278 | bpp_loss=0.54058 | mse_loss=0.00047 | loss=0.94202 | psnr_loss=33.58255
[2024-01-03 06:41:37,721 | INFO | test_one_epoch] Testing results for epoch 21 | bpp_y_loss=0.53817 | bpp_z_loss=0.00279 | bpp_loss=0.54096 | mse_loss=0.00048 | loss=0.94280 | psnr_loss=33.57883
[2024-01-03 06:41:41,236 | INFO | train_one_epoch] Learning rate: 2e-05
[2024-01-03 06:41:43,557 | INFO | train_one_epoch] Train epoch 21: [0/100 (0.00%)] 	bpp_y_loss: 0.362768 |	bpp_z_loss: 0.002579 |	bpp_loss: 0.365347 |	mse_loss: 0.000262 |	loss: 0.586742 |	psnr_loss: 35.818554 |
[2024-01-03 06:42:05,599 | INFO | train_one_epoch] Train epoch 21: [10/100 (10.00%)] 	bpp_y_loss: 0.358837 |	bpp_z_loss: 0.002589 |	bpp_loss: 0.361426 |	mse_loss: 0.000239 |	loss: 0.563223 |	psnr_loss: 36.259182 |
[2024-01-03 06:42:27,711 | INFO | train_one_epoch] Train epoch 21: [20/100 (20.00%)] 	bpp_y_loss: 0.339766 |	bpp_z_loss: 0.002505 |	bpp_loss: 0.342271 |	mse_loss: 0.000213 |	loss: 0.522739 |	psnr_loss: 36.834862 |
[2024-01-03 06:42:49,824 | INFO | train_one_epoch] Train epoch 21: [30/100 (30.00%)] 	bpp_y_loss: 0.321333 |	bpp_z_loss: 0.002552 |	bpp_loss: 0.323885 |	mse_loss: 0.000202 |	loss: 0.494570 |	psnr_loss: 37.003075 |
[2024-01-03 06:43:11,942 | INFO | train_one_epoch] Train epoch 21: [40/100 (40.00%)] 	bpp_y_loss: 0.343412 |	bpp_z_loss: 0.002576 |	bpp_loss: 0.345988 |	mse_loss: 0.000226 |	loss: 0.536946 |	psnr_loss: 36.553448 |
[2024-01-03 06:43:34,070 | INFO | train_one_epoch] Train epoch 21: [50/100 (50.00%)] 	bpp_y_loss: 0.321653 |	bpp_z_loss: 0.002533 |	bpp_loss: 0.324187 |	mse_loss: 0.000198 |	loss: 0.491857 |	psnr_loss: 37.093105 |
[2024-01-03 06:43:56,190 | INFO | train_one_epoch] Train epoch 21: [60/100 (60.00%)] 	bpp_y_loss: 0.313437 |	bpp_z_loss: 0.002483 |	bpp_loss: 0.315920 |	mse_loss: 0.000192 |	loss: 0.478158 |	psnr_loss: 37.372150 |
[2024-01-03 06:44:18,304 | INFO | train_one_epoch] Train epoch 21: [70/100 (70.00%)] 	bpp_y_loss: 0.310842 |	bpp_z_loss: 0.002501 |	bpp_loss: 0.313344 |	mse_loss: 0.000193 |	loss: 0.476280 |	psnr_loss: 37.348705 |
[2024-01-03 06:44:40,430 | INFO | train_one_epoch] Train epoch 21: [80/100 (80.00%)] 	bpp_y_loss: 0.327249 |	bpp_z_loss: 0.002475 |	bpp_loss: 0.329724 |	mse_loss: 0.000220 |	loss: 0.515381 |	psnr_loss: 36.746353 |
[2024-01-03 06:45:02,554 | INFO | train_one_epoch] Train epoch 21: [90/100 (90.00%)] 	bpp_y_loss: 0.320299 |	bpp_z_loss: 0.002490 |	bpp_loss: 0.322788 |	mse_loss: 0.000206 |	loss: 0.497064 |	psnr_loss: 37.109600 |
[2024-01-03 06:45:24,686 | INFO | train_one_epoch] Train epoch 21: [100/100 (100.00%)] 	bpp_y_loss: 0.328997 |	bpp_z_loss: 0.002509 |	bpp_loss: 0.331506 |	mse_loss: 0.000210 |	loss: 0.508681 |	psnr_loss: 36.867855 |
[2024-01-03 06:45:49,560 | INFO | test_adversarial] Testing results for epoch 22 [ADVERSARIAL] | bpp_y_loss=0.54052 | bpp_z_loss=0.00279 | bpp_loss=0.54331 | mse_loss=0.00047 | loss=0.94191 | psnr_loss=33.61387
[2024-01-03 06:45:50,410 | INFO | test_one_epoch] Testing results for epoch 22 | bpp_y_loss=0.54017 | bpp_z_loss=0.00278 | bpp_loss=0.54295 | mse_loss=0.00047 | loss=0.94206 | psnr_loss=33.60620
[2024-01-03 06:45:53,735 | INFO | train_one_epoch] Learning rate: 2e-05
[2024-01-03 06:45:56,057 | INFO | train_one_epoch] Train epoch 22: [0/100 (0.00%)] 	bpp_y_loss: 0.303580 |	bpp_z_loss: 0.002418 |	bpp_loss: 0.305998 |	mse_loss: 0.000160 |	loss: 0.441516 |	psnr_loss: 37.950245 |
[2024-01-03 06:46:18,115 | INFO | train_one_epoch] Train epoch 22: [10/100 (10.00%)] 	bpp_y_loss: 0.369167 |	bpp_z_loss: 0.002632 |	bpp_loss: 0.371799 |	mse_loss: 0.000249 |	loss: 0.582176 |	psnr_loss: 36.257290 |
[2024-01-03 06:46:40,207 | INFO | train_one_epoch] Train epoch 22: [20/100 (20.00%)] 	bpp_y_loss: 0.342974 |	bpp_z_loss: 0.002560 |	bpp_loss: 0.345533 |	mse_loss: 0.000238 |	loss: 0.546569 |	psnr_loss: 36.459827 |
[2024-01-03 06:47:02,291 | INFO | train_one_epoch] Train epoch 22: [30/100 (30.00%)] 	bpp_y_loss: 0.314327 |	bpp_z_loss: 0.002482 |	bpp_loss: 0.316810 |	mse_loss: 0.000193 |	loss: 0.480134 |	psnr_loss: 37.210781 |
[2024-01-03 06:47:24,385 | INFO | train_one_epoch] Train epoch 22: [40/100 (40.00%)] 	bpp_y_loss: 0.317671 |	bpp_z_loss: 0.002488 |	bpp_loss: 0.320159 |	mse_loss: 0.000211 |	loss: 0.498824 |	psnr_loss: 36.897873 |
[2024-01-03 06:47:46,489 | INFO | train_one_epoch] Train epoch 22: [50/100 (50.00%)] 	bpp_y_loss: 0.329222 |	bpp_z_loss: 0.002514 |	bpp_loss: 0.331735 |	mse_loss: 0.000217 |	loss: 0.515478 |	psnr_loss: 36.828011 |
[2024-01-03 06:48:08,650 | INFO | train_one_epoch] Train epoch 22: [60/100 (60.00%)] 	bpp_y_loss: 0.334695 |	bpp_z_loss: 0.002559 |	bpp_loss: 0.337254 |	mse_loss: 0.000215 |	loss: 0.518665 |	psnr_loss: 36.904270 |
[2024-01-03 06:48:30,749 | INFO | train_one_epoch] Train epoch 22: [70/100 (70.00%)] 	bpp_y_loss: 0.308529 |	bpp_z_loss: 0.002507 |	bpp_loss: 0.311036 |	mse_loss: 0.000192 |	loss: 0.473484 |	psnr_loss: 37.347084 |
[2024-01-03 06:48:52,856 | INFO | train_one_epoch] Train epoch 22: [80/100 (80.00%)] 	bpp_y_loss: 0.321720 |	bpp_z_loss: 0.002486 |	bpp_loss: 0.324206 |	mse_loss: 0.000205 |	loss: 0.497655 |	psnr_loss: 36.936829 |
[2024-01-03 06:49:14,978 | INFO | train_one_epoch] Train epoch 22: [90/100 (90.00%)] 	bpp_y_loss: 0.331800 |	bpp_z_loss: 0.002569 |	bpp_loss: 0.334369 |	mse_loss: 0.000217 |	loss: 0.517907 |	psnr_loss: 36.901299 |
[2024-01-03 06:49:37,094 | INFO | train_one_epoch] Train epoch 22: [100/100 (100.00%)] 	bpp_y_loss: 0.299143 |	bpp_z_loss: 0.002500 |	bpp_loss: 0.301643 |	mse_loss: 0.000184 |	loss: 0.456948 |	psnr_loss: 37.455696 |
[2024-01-03 06:50:01,976 | INFO | test_adversarial] Testing results for epoch 23 [ADVERSARIAL] | bpp_y_loss=0.53721 | bpp_z_loss=0.00277 | bpp_loss=0.53997 | mse_loss=0.00048 | loss=0.94299 | psnr_loss=33.56671
[2024-01-03 06:50:02,862 | INFO | test_one_epoch] Testing results for epoch 23 | bpp_y_loss=0.53709 | bpp_z_loss=0.00276 | bpp_loss=0.53985 | mse_loss=0.00048 | loss=0.94264 | psnr_loss=33.57162
[2024-01-03 06:50:06,188 | INFO | train_one_epoch] Learning rate: 2e-05
[2024-01-03 06:50:08,520 | INFO | train_one_epoch] Train epoch 23: [0/100 (0.00%)] 	bpp_y_loss: 0.273646 |	bpp_z_loss: 0.002476 |	bpp_loss: 0.276122 |	mse_loss: 0.000144 |	loss: 0.397636 |	psnr_loss: 38.423965 |
[2024-01-03 06:50:30,578 | INFO | train_one_epoch] Train epoch 23: [10/100 (10.00%)] 	bpp_y_loss: 0.313285 |	bpp_z_loss: 0.002499 |	bpp_loss: 0.315784 |	mse_loss: 0.000195 |	loss: 0.480858 |	psnr_loss: 37.225719 |
