[2024-01-19 05:12:09,562 | INFO | <module>] Args: Namespace(model='tcm', lmbda=0.0067, dataset='liu4k', epochs=100, steps_per_epoch=10000, type='mse', steps=1000, test_dataset='kodak', adv_steps=10, adv_optimizer='SGD', adv_lr=1000.0, adv_epsilon=0.01, batch_size=4, learning_rate=1e-05, save=True, seed=19260817, clip_max_norm=1.0, checkpoint=None, continue_train=False)
[2024-01-19 05:12:09,601 | INFO | <module>] Lmbda=0.006700000000
[2024-01-19 05:12:09,601 | INFO | <module>] Load weights from /backup1/xyhang/GradAttack/experiments/adversarial-train/baseline/tcm-liu4k-0.0067-100x10000/last_epoch.pth.tar
[2024-01-19 05:12:20,755 | INFO | test_one_epoch] Testing results for epoch 0 | bpp_y_loss=0.26153 | bpp_z_loss=0.01048 | bpp_loss=0.27202 | mse_loss=0.00085 | loss=0.64305 | psnr_loss=31.35743
[2024-01-19 05:12:32,613 | INFO | train_one_epoch] Learning rate: 1e-05
[2024-01-19 05:12:38,553 | INFO | train_one_epoch] Train epoch 0: [0/100 (0.00%)] 	bpp_y_loss: 0.327014 |	bpp_z_loss: 0.006944 |	bpp_loss: 0.333957 |	mse_loss: 0.000673 |	loss: 0.627376 |	psnr_loss: 31.716669 |
[2024-01-19 05:13:27,399 | INFO | train_one_epoch] Train epoch 0: [10/100 (10.00%)] 	bpp_y_loss: 0.350159 |	bpp_z_loss: 0.007235 |	bpp_loss: 0.357394 |	mse_loss: 0.000884 |	loss: 0.742461 |	psnr_loss: 30.967743 |
[2024-01-19 05:14:16,252 | INFO | train_one_epoch] Train epoch 0: [20/100 (20.00%)] 	bpp_y_loss: 0.362512 |	bpp_z_loss: 0.007253 |	bpp_loss: 0.369766 |	mse_loss: 0.000918 |	loss: 0.769908 |	psnr_loss: 30.933796 |
[2024-01-19 05:15:04,723 | INFO | train_one_epoch] Train epoch 0: [30/100 (30.00%)] 	bpp_y_loss: 0.418993 |	bpp_z_loss: 0.007467 |	bpp_loss: 0.426460 |	mse_loss: 0.001257 |	loss: 0.973948 |	psnr_loss: 29.663404 |
[2024-01-19 05:15:53,257 | INFO | train_one_epoch] Train epoch 0: [40/100 (40.00%)] 	bpp_y_loss: 0.350756 |	bpp_z_loss: 0.007342 |	bpp_loss: 0.358098 |	mse_loss: 0.001062 |	loss: 0.820930 |	psnr_loss: 30.867899 |
[2024-01-19 05:16:41,646 | INFO | train_one_epoch] Train epoch 0: [50/100 (50.00%)] 	bpp_y_loss: 0.311298 |	bpp_z_loss: 0.007165 |	bpp_loss: 0.318463 |	mse_loss: 0.000670 |	loss: 0.610553 |	psnr_loss: 31.864557 |
[2024-01-19 05:17:29,931 | INFO | train_one_epoch] Train epoch 0: [60/100 (60.00%)] 	bpp_y_loss: 0.336212 |	bpp_z_loss: 0.007477 |	bpp_loss: 0.343690 |	mse_loss: 0.000687 |	loss: 0.642889 |	psnr_loss: 32.049664 |
[2024-01-19 05:18:19,061 | INFO | train_one_epoch] Train epoch 0: [70/100 (70.00%)] 	bpp_y_loss: 0.341712 |	bpp_z_loss: 0.007470 |	bpp_loss: 0.349182 |	mse_loss: 0.000881 |	loss: 0.732914 |	psnr_loss: 31.419565 |
[2024-01-19 05:19:07,935 | INFO | train_one_epoch] Train epoch 0: [80/100 (80.00%)] 	bpp_y_loss: 0.346093 |	bpp_z_loss: 0.007115 |	bpp_loss: 0.353209 |	mse_loss: 0.000789 |	loss: 0.696772 |	psnr_loss: 31.449183 |
[2024-01-19 05:19:55,819 | INFO | train_one_epoch] Train epoch 0: [90/100 (90.00%)] 	bpp_y_loss: 0.364898 |	bpp_z_loss: 0.007354 |	bpp_loss: 0.372252 |	mse_loss: 0.000800 |	loss: 0.720630 |	psnr_loss: 31.277258 |
[2024-01-19 05:20:44,039 | INFO | train_one_epoch] Train epoch 0: [100/100 (100.00%)] 	bpp_y_loss: 0.341414 |	bpp_z_loss: 0.007097 |	bpp_loss: 0.348512 |	mse_loss: 0.000785 |	loss: 0.690704 |	psnr_loss: 31.422974 |
[2024-01-19 05:20:48,886 | INFO | test_one_epoch] Testing results for epoch 1 | bpp_y_loss=0.26226 | bpp_z_loss=0.01043 | bpp_loss=0.27269 | mse_loss=0.00085 | loss=0.64342 | psnr_loss=31.36177
[2024-01-19 05:20:48,896 | INFO | train_one_epoch] Learning rate: 1e-05
[2024-01-19 05:20:54,280 | INFO | train_one_epoch] Train epoch 1: [0/100 (0.00%)] 	bpp_y_loss: 0.372684 |	bpp_z_loss: 0.007805 |	bpp_loss: 0.380489 |	mse_loss: 0.001375 |	loss: 0.979422 |	psnr_loss: 28.617765 |
[2024-01-19 05:21:42,561 | INFO | train_one_epoch] Train epoch 1: [10/100 (10.00%)] 	bpp_y_loss: 0.324170 |	bpp_z_loss: 0.007310 |	bpp_loss: 0.331480 |	mse_loss: 0.000737 |	loss: 0.652595 |	psnr_loss: 31.525129 |
[2024-01-19 05:22:30,462 | INFO | train_one_epoch] Train epoch 1: [20/100 (20.00%)] 	bpp_y_loss: 0.343002 |	bpp_z_loss: 0.007411 |	bpp_loss: 0.350413 |	mse_loss: 0.000830 |	loss: 0.712220 |	psnr_loss: 31.226429 |
[2024-01-19 05:23:18,395 | INFO | train_one_epoch] Train epoch 1: [30/100 (30.00%)] 	bpp_y_loss: 0.357761 |	bpp_z_loss: 0.007212 |	bpp_loss: 0.364974 |	mse_loss: 0.000779 |	loss: 0.704152 |	psnr_loss: 31.402449 |
[2024-01-19 05:24:07,380 | INFO | train_one_epoch] Train epoch 1: [40/100 (40.00%)] 	bpp_y_loss: 0.394941 |	bpp_z_loss: 0.007823 |	bpp_loss: 0.402763 |	mse_loss: 0.000821 |	loss: 0.760548 |	psnr_loss: 31.044340 |
[2024-01-19 05:24:55,661 | INFO | train_one_epoch] Train epoch 1: [50/100 (50.00%)] 	bpp_y_loss: 0.402772 |	bpp_z_loss: 0.007382 |	bpp_loss: 0.410154 |	mse_loss: 0.001112 |	loss: 0.894596 |	psnr_loss: 30.154621 |
[2024-01-19 05:25:44,428 | INFO | train_one_epoch] Train epoch 1: [60/100 (60.00%)] 	bpp_y_loss: 0.393447 |	bpp_z_loss: 0.007373 |	bpp_loss: 0.400820 |	mse_loss: 0.001008 |	loss: 0.840156 |	psnr_loss: 30.915411 |
[2024-01-19 05:26:33,198 | INFO | train_one_epoch] Train epoch 1: [70/100 (70.00%)] 	bpp_y_loss: 0.349496 |	bpp_z_loss: 0.007441 |	bpp_loss: 0.356938 |	mse_loss: 0.000805 |	loss: 0.707743 |	psnr_loss: 31.183182 |
[2024-01-19 05:27:20,872 | INFO | train_one_epoch] Train epoch 1: [80/100 (80.00%)] 	bpp_y_loss: 0.312146 |	bpp_z_loss: 0.007086 |	bpp_loss: 0.319232 |	mse_loss: 0.000766 |	loss: 0.652775 |	psnr_loss: 31.556250 |
[2024-01-19 05:28:08,592 | INFO | train_one_epoch] Train epoch 1: [90/100 (90.00%)] 	bpp_y_loss: 0.427870 |	bpp_z_loss: 0.007847 |	bpp_loss: 0.435717 |	mse_loss: 0.001700 |	loss: 1.176391 |	psnr_loss: 29.575216 |
[2024-01-19 05:28:56,200 | INFO | train_one_epoch] Train epoch 1: [100/100 (100.00%)] 	bpp_y_loss: 0.386166 |	bpp_z_loss: 0.007450 |	bpp_loss: 0.393616 |	mse_loss: 0.000960 |	loss: 0.811928 |	psnr_loss: 30.497725 |
[2024-01-19 05:29:01,166 | INFO | test_one_epoch] Testing results for epoch 2 | bpp_y_loss=0.26354 | bpp_z_loss=0.01047 | bpp_loss=0.27401 | mse_loss=0.00085 | loss=0.64385 | psnr_loss=31.38131
[2024-01-19 05:29:01,176 | INFO | train_one_epoch] Learning rate: 1e-05
[2024-01-19 05:29:06,427 | INFO | train_one_epoch] Train epoch 2: [0/100 (0.00%)] 	bpp_y_loss: 0.341862 |	bpp_z_loss: 0.007677 |	bpp_loss: 0.349539 |	mse_loss: 0.000795 |	loss: 0.695809 |	psnr_loss: 30.997402 |
[2024-01-19 05:29:54,851 | INFO | train_one_epoch] Train epoch 2: [10/100 (10.00%)] 	bpp_y_loss: 0.356156 |	bpp_z_loss: 0.007500 |	bpp_loss: 0.363656 |	mse_loss: 0.000925 |	loss: 0.766846 |	psnr_loss: 30.668478 |
[2024-01-19 05:30:43,390 | INFO | train_one_epoch] Train epoch 2: [20/100 (20.00%)] 	bpp_y_loss: 0.347605 |	bpp_z_loss: 0.007182 |	bpp_loss: 0.354787 |	mse_loss: 0.000722 |	loss: 0.669458 |	psnr_loss: 31.752155 |
[2024-01-19 05:31:31,827 | INFO | train_one_epoch] Train epoch 2: [30/100 (30.00%)] 	bpp_y_loss: 0.384701 |	bpp_z_loss: 0.007478 |	bpp_loss: 0.392179 |	mse_loss: 0.000916 |	loss: 0.791292 |	psnr_loss: 30.669678 |
[2024-01-19 05:32:20,031 | INFO | train_one_epoch] Train epoch 2: [40/100 (40.00%)] 	bpp_y_loss: 0.351939 |	bpp_z_loss: 0.007290 |	bpp_loss: 0.359229 |	mse_loss: 0.000782 |	loss: 0.699777 |	psnr_loss: 31.230946 |
[2024-01-19 05:33:08,121 | INFO | train_one_epoch] Train epoch 2: [50/100 (50.00%)] 	bpp_y_loss: 0.356812 |	bpp_z_loss: 0.007178 |	bpp_loss: 0.363990 |	mse_loss: 0.000798 |	loss: 0.711658 |	psnr_loss: 31.281010 |
[2024-01-19 05:33:56,195 | INFO | train_one_epoch] Train epoch 2: [60/100 (60.00%)] 	bpp_y_loss: 0.392411 |	bpp_z_loss: 0.007305 |	bpp_loss: 0.399716 |	mse_loss: 0.001178 |	loss: 0.913034 |	psnr_loss: 30.115061 |
[2024-01-19 05:34:45,033 | INFO | train_one_epoch] Train epoch 2: [70/100 (70.00%)] 	bpp_y_loss: 0.339562 |	bpp_z_loss: 0.007364 |	bpp_loss: 0.346926 |	mse_loss: 0.000710 |	loss: 0.656365 |	psnr_loss: 31.878290 |
[2024-01-19 05:35:33,692 | INFO | train_one_epoch] Train epoch 2: [80/100 (80.00%)] 	bpp_y_loss: 0.440935 |	bpp_z_loss: 0.007569 |	bpp_loss: 0.448504 |	mse_loss: 0.001267 |	loss: 1.000425 |	psnr_loss: 29.173010 |
[2024-01-19 05:36:21,814 | INFO | train_one_epoch] Train epoch 2: [90/100 (90.00%)] 	bpp_y_loss: 0.375093 |	bpp_z_loss: 0.007547 |	bpp_loss: 0.382640 |	mse_loss: 0.000908 |	loss: 0.778060 |	psnr_loss: 30.742399 |
[2024-01-19 05:37:10,160 | INFO | train_one_epoch] Train epoch 2: [100/100 (100.00%)] 	bpp_y_loss: 0.342433 |	bpp_z_loss: 0.007336 |	bpp_loss: 0.349768 |	mse_loss: 0.000691 |	loss: 0.650923 |	psnr_loss: 32.046120 |
[2024-01-19 05:37:15,045 | INFO | test_one_epoch] Testing results for epoch 3 | bpp_y_loss=0.26332 | bpp_z_loss=0.01046 | bpp_loss=0.27378 | mse_loss=0.00085 | loss=0.64464 | psnr_loss=31.36258
[2024-01-19 05:37:15,056 | INFO | train_one_epoch] Learning rate: 1e-05
[2024-01-19 05:37:20,786 | INFO | train_one_epoch] Train epoch 3: [0/100 (0.00%)] 	bpp_y_loss: 0.308940 |	bpp_z_loss: 0.007733 |	bpp_loss: 0.316673 |	mse_loss: 0.000587 |	loss: 0.572528 |	psnr_loss: 32.311596 |
[2024-01-19 05:38:09,204 | INFO | train_one_epoch] Train epoch 3: [10/100 (10.00%)] 	bpp_y_loss: 0.393547 |	bpp_z_loss: 0.007236 |	bpp_loss: 0.400783 |	mse_loss: 0.000908 |	loss: 0.796196 |	psnr_loss: 30.673883 |
[2024-01-19 05:38:57,426 | INFO | train_one_epoch] Train epoch 3: [20/100 (20.00%)] 	bpp_y_loss: 0.373525 |	bpp_z_loss: 0.007333 |	bpp_loss: 0.380857 |	mse_loss: 0.000870 |	loss: 0.760086 |	psnr_loss: 31.199116 |
[2024-01-19 05:39:45,604 | INFO | train_one_epoch] Train epoch 3: [30/100 (30.00%)] 	bpp_y_loss: 0.355249 |	bpp_z_loss: 0.007443 |	bpp_loss: 0.362692 |	mse_loss: 0.000743 |	loss: 0.686420 |	psnr_loss: 31.395050 |
[2024-01-19 05:40:34,311 | INFO | train_one_epoch] Train epoch 3: [40/100 (40.00%)] 	bpp_y_loss: 0.381033 |	bpp_z_loss: 0.007819 |	bpp_loss: 0.388852 |	mse_loss: 0.000936 |	loss: 0.796756 |	psnr_loss: 30.663223 |
[2024-01-19 05:41:23,130 | INFO | train_one_epoch] Train epoch 3: [50/100 (50.00%)] 	bpp_y_loss: 0.348706 |	bpp_z_loss: 0.007411 |	bpp_loss: 0.356117 |	mse_loss: 0.000850 |	loss: 0.726322 |	psnr_loss: 31.042637 |
[2024-01-19 05:42:11,670 | INFO | train_one_epoch] Train epoch 3: [60/100 (60.00%)] 	bpp_y_loss: 0.385403 |	bpp_z_loss: 0.007208 |	bpp_loss: 0.392611 |	mse_loss: 0.001057 |	loss: 0.853095 |	psnr_loss: 30.385014 |
[2024-01-19 05:42:59,311 | INFO | train_one_epoch] Train epoch 3: [70/100 (70.00%)] 	bpp_y_loss: 0.385138 |	bpp_z_loss: 0.007160 |	bpp_loss: 0.392298 |	mse_loss: 0.000910 |	loss: 0.788924 |	psnr_loss: 30.725239 |
[2024-01-19 05:43:48,535 | INFO | train_one_epoch] Train epoch 3: [80/100 (80.00%)] 	bpp_y_loss: 0.352407 |	bpp_z_loss: 0.007162 |	bpp_loss: 0.359569 |	mse_loss: 0.000869 |	loss: 0.738039 |	psnr_loss: 31.406616 |
[2024-01-19 05:44:36,905 | INFO | train_one_epoch] Train epoch 3: [90/100 (90.00%)] 	bpp_y_loss: 0.406887 |	bpp_z_loss: 0.007341 |	bpp_loss: 0.414228 |	mse_loss: 0.001093 |	loss: 0.890515 |	psnr_loss: 30.047934 |
[2024-01-19 05:45:24,775 | INFO | train_one_epoch] Train epoch 3: [100/100 (100.00%)] 	bpp_y_loss: 0.338016 |	bpp_z_loss: 0.007534 |	bpp_loss: 0.345549 |	mse_loss: 0.000699 |	loss: 0.650018 |	psnr_loss: 31.783070 |
[2024-01-19 05:45:29,723 | INFO | test_one_epoch] Testing results for epoch 4 | bpp_y_loss=0.26400 | bpp_z_loss=0.01031 | bpp_loss=0.27430 | mse_loss=0.00085 | loss=0.64353 | psnr_loss=31.39046
[2024-01-19 05:45:29,733 | INFO | train_one_epoch] Learning rate: 1e-05
[2024-01-19 05:45:35,315 | INFO | train_one_epoch] Train epoch 4: [0/100 (0.00%)] 	bpp_y_loss: 0.518963 |	bpp_z_loss: 0.007820 |	bpp_loss: 0.526782 |	mse_loss: 0.000997 |	loss: 0.961079 |	psnr_loss: 30.013683 |
[2024-01-19 05:46:23,469 | INFO | train_one_epoch] Train epoch 4: [10/100 (10.00%)] 	bpp_y_loss: 0.350876 |	bpp_z_loss: 0.007322 |	bpp_loss: 0.358198 |	mse_loss: 0.001493 |	loss: 1.008653 |	psnr_loss: 30.686285 |
[2024-01-19 05:47:11,731 | INFO | train_one_epoch] Train epoch 4: [20/100 (20.00%)] 	bpp_y_loss: 0.355195 |	bpp_z_loss: 0.007349 |	bpp_loss: 0.362544 |	mse_loss: 0.000772 |	loss: 0.698889 |	psnr_loss: 31.255774 |
[2024-01-19 05:48:00,089 | INFO | train_one_epoch] Train epoch 4: [30/100 (30.00%)] 	bpp_y_loss: 0.399352 |	bpp_z_loss: 0.007544 |	bpp_loss: 0.406896 |	mse_loss: 0.001016 |	loss: 0.849516 |	psnr_loss: 30.258209 |
[2024-01-19 05:48:48,084 | INFO | train_one_epoch] Train epoch 4: [40/100 (40.00%)] 	bpp_y_loss: 0.372848 |	bpp_z_loss: 0.007515 |	bpp_loss: 0.380363 |	mse_loss: 0.001002 |	loss: 0.816872 |	psnr_loss: 30.517673 |
[2024-01-19 05:49:36,583 | INFO | train_one_epoch] Train epoch 4: [50/100 (50.00%)] 	bpp_y_loss: 0.341354 |	bpp_z_loss: 0.007240 |	bpp_loss: 0.348594 |	mse_loss: 0.000642 |	loss: 0.628486 |	psnr_loss: 32.119881 |
[2024-01-19 05:50:24,995 | INFO | train_one_epoch] Train epoch 4: [60/100 (60.00%)] 	bpp_y_loss: 0.366065 |	bpp_z_loss: 0.007172 |	bpp_loss: 0.373236 |	mse_loss: 0.000772 |	loss: 0.709710 |	psnr_loss: 31.250565 |
[2024-01-19 05:51:12,901 | INFO | train_one_epoch] Train epoch 4: [70/100 (70.00%)] 	bpp_y_loss: 0.318247 |	bpp_z_loss: 0.007327 |	bpp_loss: 0.325574 |	mse_loss: 0.000826 |	loss: 0.685489 |	psnr_loss: 31.302668 |
[2024-01-19 05:52:01,202 | INFO | train_one_epoch] Train epoch 4: [80/100 (80.00%)] 	bpp_y_loss: 0.407279 |	bpp_z_loss: 0.007410 |	bpp_loss: 0.414689 |	mse_loss: 0.001005 |	loss: 0.852651 |	psnr_loss: 30.382227 |
[2024-01-19 05:52:49,661 | INFO | train_one_epoch] Train epoch 4: [90/100 (90.00%)] 	bpp_y_loss: 0.349552 |	bpp_z_loss: 0.007170 |	bpp_loss: 0.356721 |	mse_loss: 0.000802 |	loss: 0.705931 |	psnr_loss: 31.390589 |
[2024-01-19 05:53:38,017 | INFO | train_one_epoch] Train epoch 4: [100/100 (100.00%)] 	bpp_y_loss: 0.331541 |	bpp_z_loss: 0.007162 |	bpp_loss: 0.338703 |	mse_loss: 0.000690 |	loss: 0.639497 |	psnr_loss: 31.925175 |
[2024-01-19 05:53:42,905 | INFO | test_one_epoch] Testing results for epoch 5 | bpp_y_loss=0.26238 | bpp_z_loss=0.01043 | bpp_loss=0.27281 | mse_loss=0.00086 | loss=0.64698 | psnr_loss=31.32058
[2024-01-19 05:53:42,914 | INFO | train_one_epoch] Learning rate: 1e-05
[2024-01-19 05:53:48,170 | INFO | train_one_epoch] Train epoch 5: [0/100 (0.00%)] 	bpp_y_loss: 0.386023 |	bpp_z_loss: 0.008096 |	bpp_loss: 0.394119 |	mse_loss: 0.001195 |	loss: 0.914916 |	psnr_loss: 29.224871 |
[2024-01-19 05:54:36,026 | INFO | train_one_epoch] Train epoch 5: [10/100 (10.00%)] 	bpp_y_loss: 0.353110 |	bpp_z_loss: 0.007218 |	bpp_loss: 0.360329 |	mse_loss: 0.000927 |	loss: 0.764282 |	psnr_loss: 31.075171 |
[2024-01-19 05:55:23,724 | INFO | train_one_epoch] Train epoch 5: [20/100 (20.00%)] 	bpp_y_loss: 0.361484 |	bpp_z_loss: 0.007380 |	bpp_loss: 0.368865 |	mse_loss: 0.000903 |	loss: 0.762104 |	psnr_loss: 31.081421 |
[2024-01-19 05:56:11,799 | INFO | train_one_epoch] Train epoch 5: [30/100 (30.00%)] 	bpp_y_loss: 0.352570 |	bpp_z_loss: 0.006928 |	bpp_loss: 0.359499 |	mse_loss: 0.000930 |	loss: 0.764487 |	psnr_loss: 30.845188 |
[2024-01-19 05:57:00,219 | INFO | train_one_epoch] Train epoch 5: [40/100 (40.00%)] 	bpp_y_loss: 0.372076 |	bpp_z_loss: 0.007266 |	bpp_loss: 0.379342 |	mse_loss: 0.000850 |	loss: 0.749569 |	psnr_loss: 30.966238 |
[2024-01-19 05:57:48,772 | INFO | train_one_epoch] Train epoch 5: [50/100 (50.00%)] 	bpp_y_loss: 0.382261 |	bpp_z_loss: 0.007313 |	bpp_loss: 0.389574 |	mse_loss: 0.000873 |	loss: 0.770096 |	psnr_loss: 31.013983 |
[2024-01-19 05:58:37,047 | INFO | train_one_epoch] Train epoch 5: [60/100 (60.00%)] 	bpp_y_loss: 0.388728 |	bpp_z_loss: 0.007224 |	bpp_loss: 0.395952 |	mse_loss: 0.000855 |	loss: 0.768592 |	psnr_loss: 31.107401 |
[2024-01-19 05:59:26,460 | INFO | train_one_epoch] Train epoch 5: [70/100 (70.00%)] 	bpp_y_loss: 0.326773 |	bpp_z_loss: 0.007396 |	bpp_loss: 0.334169 |	mse_loss: 0.000790 |	loss: 0.678495 |	psnr_loss: 31.178268 |
[2024-01-19 06:00:14,376 | INFO | train_one_epoch] Train epoch 5: [80/100 (80.00%)] 	bpp_y_loss: 0.382684 |	bpp_z_loss: 0.007303 |	bpp_loss: 0.389988 |	mse_loss: 0.001022 |	loss: 0.835224 |	psnr_loss: 30.504637 |
[2024-01-19 06:01:02,595 | INFO | train_one_epoch] Train epoch 5: [90/100 (90.00%)] 	bpp_y_loss: 0.398654 |	bpp_z_loss: 0.007261 |	bpp_loss: 0.405914 |	mse_loss: 0.000961 |	loss: 0.824403 |	psnr_loss: 30.906534 |
[2024-01-19 06:01:51,271 | INFO | train_one_epoch] Train epoch 5: [100/100 (100.00%)] 	bpp_y_loss: 0.365541 |	bpp_z_loss: 0.007066 |	bpp_loss: 0.372607 |	mse_loss: 0.000935 |	loss: 0.779801 |	psnr_loss: 30.704096 |
[2024-01-19 06:01:56,376 | INFO | test_one_epoch] Testing results for epoch 6 | bpp_y_loss=0.26417 | bpp_z_loss=0.01045 | bpp_loss=0.27461 | mse_loss=0.00085 | loss=0.64420 | psnr_loss=31.38517
[2024-01-19 06:01:56,386 | INFO | train_one_epoch] Learning rate: 1e-05
[2024-01-19 06:02:01,812 | INFO | train_one_epoch] Train epoch 6: [0/100 (0.00%)] 	bpp_y_loss: 0.307443 |	bpp_z_loss: 0.006353 |	bpp_loss: 0.313796 |	mse_loss: 0.000542 |	loss: 0.549844 |	psnr_loss: 32.661560 |
[2024-01-19 06:02:50,098 | INFO | train_one_epoch] Train epoch 6: [10/100 (10.00%)] 	bpp_y_loss: 0.358707 |	bpp_z_loss: 0.007631 |	bpp_loss: 0.366338 |	mse_loss: 0.000714 |	loss: 0.677611 |	psnr_loss: 31.674604 |
[2024-01-19 06:03:38,741 | INFO | train_one_epoch] Train epoch 6: [20/100 (20.00%)] 	bpp_y_loss: 0.403490 |	bpp_z_loss: 0.007439 |	bpp_loss: 0.410930 |	mse_loss: 0.001037 |	loss: 0.862636 |	psnr_loss: 30.262365 |
[2024-01-19 06:04:26,640 | INFO | train_one_epoch] Train epoch 6: [30/100 (30.00%)] 	bpp_y_loss: 0.368986 |	bpp_z_loss: 0.007402 |	bpp_loss: 0.376388 |	mse_loss: 0.000968 |	loss: 0.798109 |	psnr_loss: 30.862051 |
[2024-01-19 06:05:15,021 | INFO | train_one_epoch] Train epoch 6: [40/100 (40.00%)] 	bpp_y_loss: 0.350632 |	bpp_z_loss: 0.007794 |	bpp_loss: 0.358426 |	mse_loss: 0.000822 |	loss: 0.716480 |	psnr_loss: 31.161863 |
[2024-01-19 06:06:02,908 | INFO | train_one_epoch] Train epoch 6: [50/100 (50.00%)] 	bpp_y_loss: 0.341862 |	bpp_z_loss: 0.007492 |	bpp_loss: 0.349354 |	mse_loss: 0.000771 |	loss: 0.685284 |	psnr_loss: 31.398329 |
[2024-01-19 06:06:52,074 | INFO | train_one_epoch] Train epoch 6: [60/100 (60.00%)] 	bpp_y_loss: 0.356893 |	bpp_z_loss: 0.007503 |	bpp_loss: 0.364396 |	mse_loss: 0.000687 |	loss: 0.663611 |	psnr_loss: 31.945242 |
[2024-01-19 06:07:40,328 | INFO | train_one_epoch] Train epoch 6: [70/100 (70.00%)] 	bpp_y_loss: 0.381806 |	bpp_z_loss: 0.007727 |	bpp_loss: 0.389533 |	mse_loss: 0.000806 |	loss: 0.740470 |	psnr_loss: 30.977575 |
[2024-01-19 06:08:27,977 | INFO | train_one_epoch] Train epoch 6: [80/100 (80.00%)] 	bpp_y_loss: 0.313278 |	bpp_z_loss: 0.006984 |	bpp_loss: 0.320262 |	mse_loss: 0.000700 |	loss: 0.625421 |	psnr_loss: 31.805616 |
[2024-01-19 06:09:16,140 | INFO | train_one_epoch] Train epoch 6: [90/100 (90.00%)] 	bpp_y_loss: 0.395600 |	bpp_z_loss: 0.007514 |	bpp_loss: 0.403114 |	mse_loss: 0.001006 |	loss: 0.841352 |	psnr_loss: 30.404524 |
[2024-01-19 06:10:04,625 | INFO | train_one_epoch] Train epoch 6: [100/100 (100.00%)] 	bpp_y_loss: 0.356740 |	bpp_z_loss: 0.007512 |	bpp_loss: 0.364251 |	mse_loss: 0.000787 |	loss: 0.706953 |	psnr_loss: 31.267548 |
[2024-01-19 06:10:09,508 | INFO | test_one_epoch] Testing results for epoch 7 | bpp_y_loss=0.26369 | bpp_z_loss=0.01056 | bpp_loss=0.27425 | mse_loss=0.00085 | loss=0.64420 | psnr_loss=31.37629
[2024-01-19 06:10:09,519 | INFO | train_one_epoch] Learning rate: 1e-05
[2024-01-19 06:10:14,816 | INFO | train_one_epoch] Train epoch 7: [0/100 (0.00%)] 	bpp_y_loss: 0.382864 |	bpp_z_loss: 0.007349 |	bpp_loss: 0.390213 |	mse_loss: 0.000826 |	loss: 0.750201 |	psnr_loss: 30.828676 |
[2024-01-19 06:11:04,151 | INFO | train_one_epoch] Train epoch 7: [10/100 (10.00%)] 	bpp_y_loss: 0.358413 |	bpp_z_loss: 0.007417 |	bpp_loss: 0.365831 |	mse_loss: 0.000876 |	loss: 0.747482 |	psnr_loss: 30.983845 |
[2024-01-19 06:11:53,569 | INFO | train_one_epoch] Train epoch 7: [20/100 (20.00%)] 	bpp_y_loss: 0.379535 |	bpp_z_loss: 0.007657 |	bpp_loss: 0.387193 |	mse_loss: 0.000935 |	loss: 0.794574 |	psnr_loss: 30.432713 |
[2024-01-19 06:12:42,277 | INFO | train_one_epoch] Train epoch 7: [30/100 (30.00%)] 	bpp_y_loss: 0.368302 |	bpp_z_loss: 0.007532 |	bpp_loss: 0.375833 |	mse_loss: 0.001695 |	loss: 1.114150 |	psnr_loss: 29.558470 |
[2024-01-19 06:13:31,037 | INFO | train_one_epoch] Train epoch 7: [40/100 (40.00%)] 	bpp_y_loss: 0.419672 |	bpp_z_loss: 0.007856 |	bpp_loss: 0.427528 |	mse_loss: 0.001171 |	loss: 0.937669 |	psnr_loss: 29.580460 |
[2024-01-19 06:14:19,523 | INFO | train_one_epoch] Train epoch 7: [50/100 (50.00%)] 	bpp_y_loss: 0.352240 |	bpp_z_loss: 0.007649 |	bpp_loss: 0.359890 |	mse_loss: 0.000738 |	loss: 0.681476 |	psnr_loss: 31.645445 |
[2024-01-19 06:15:08,830 | INFO | train_one_epoch] Train epoch 7: [60/100 (60.00%)] 	bpp_y_loss: 0.379948 |	bpp_z_loss: 0.007443 |	bpp_loss: 0.387391 |	mse_loss: 0.000920 |	loss: 0.788205 |	psnr_loss: 30.632650 |
[2024-01-19 06:15:57,087 | INFO | train_one_epoch] Train epoch 7: [70/100 (70.00%)] 	bpp_y_loss: 0.354019 |	bpp_z_loss: 0.007280 |	bpp_loss: 0.361299 |	mse_loss: 0.000756 |	loss: 0.690700 |	psnr_loss: 31.504257 |
[2024-01-19 06:16:45,442 | INFO | train_one_epoch] Train epoch 7: [80/100 (80.00%)] 	bpp_y_loss: 0.370151 |	bpp_z_loss: 0.007473 |	bpp_loss: 0.377624 |	mse_loss: 0.000822 |	loss: 0.735874 |	psnr_loss: 31.181128 |
[2024-01-19 06:17:34,064 | INFO | train_one_epoch] Train epoch 7: [90/100 (90.00%)] 	bpp_y_loss: 0.332824 |	bpp_z_loss: 0.007202 |	bpp_loss: 0.340026 |	mse_loss: 0.000746 |	loss: 0.664966 |	psnr_loss: 31.505136 |
[2024-01-19 06:18:21,881 | INFO | train_one_epoch] Train epoch 7: [100/100 (100.00%)] 	bpp_y_loss: 0.345982 |	bpp_z_loss: 0.007094 |	bpp_loss: 0.353075 |	mse_loss: 0.000746 |	loss: 0.677929 |	psnr_loss: 31.478422 |
[2024-01-19 06:18:26,917 | INFO | test_one_epoch] Testing results for epoch 8 | bpp_y_loss=0.26168 | bpp_z_loss=0.01039 | bpp_loss=0.27207 | mse_loss=0.00085 | loss=0.64360 | psnr_loss=31.35957
[2024-01-19 06:18:26,927 | INFO | train_one_epoch] Learning rate: 1e-05
[2024-01-19 06:18:32,411 | INFO | train_one_epoch] Train epoch 8: [0/100 (0.00%)] 	bpp_y_loss: 0.372387 |	bpp_z_loss: 0.006711 |	bpp_loss: 0.379098 |	mse_loss: 0.000855 |	loss: 0.751451 |	psnr_loss: 30.681999 |
[2024-01-19 06:19:20,789 | INFO | train_one_epoch] Train epoch 8: [10/100 (10.00%)] 	bpp_y_loss: 0.414402 |	bpp_z_loss: 0.007326 |	bpp_loss: 0.421727 |	mse_loss: 0.001105 |	loss: 0.903056 |	psnr_loss: 29.936232 |
[2024-01-19 06:20:08,901 | INFO | train_one_epoch] Train epoch 8: [20/100 (20.00%)] 	bpp_y_loss: 0.350156 |	bpp_z_loss: 0.007315 |	bpp_loss: 0.357471 |	mse_loss: 0.000874 |	loss: 0.738443 |	psnr_loss: 31.040022 |
[2024-01-19 06:20:56,737 | INFO | train_one_epoch] Train epoch 8: [30/100 (30.00%)] 	bpp_y_loss: 0.360458 |	bpp_z_loss: 0.007324 |	bpp_loss: 0.367782 |	mse_loss: 0.000746 |	loss: 0.693007 |	psnr_loss: 31.419062 |
[2024-01-19 06:21:45,678 | INFO | train_one_epoch] Train epoch 8: [40/100 (40.00%)] 	bpp_y_loss: 0.354727 |	bpp_z_loss: 0.007229 |	bpp_loss: 0.361956 |	mse_loss: 0.000841 |	loss: 0.728352 |	psnr_loss: 31.075720 |
[2024-01-19 06:22:35,085 | INFO | train_one_epoch] Train epoch 8: [50/100 (50.00%)] 	bpp_y_loss: 0.333359 |	bpp_z_loss: 0.007275 |	bpp_loss: 0.340634 |	mse_loss: 0.000776 |	loss: 0.678857 |	psnr_loss: 31.687773 |
[2024-01-19 06:23:24,094 | INFO | train_one_epoch] Train epoch 8: [60/100 (60.00%)] 	bpp_y_loss: 0.346183 |	bpp_z_loss: 0.007304 |	bpp_loss: 0.353488 |	mse_loss: 0.000897 |	loss: 0.744369 |	psnr_loss: 30.736341 |
[2024-01-19 06:24:12,414 | INFO | train_one_epoch] Train epoch 8: [70/100 (70.00%)] 	bpp_y_loss: 0.397756 |	bpp_z_loss: 0.007464 |	bpp_loss: 0.405220 |	mse_loss: 0.000986 |	loss: 0.834907 |	psnr_loss: 30.455328 |
[2024-01-19 06:25:00,178 | INFO | train_one_epoch] Train epoch 8: [80/100 (80.00%)] 	bpp_y_loss: 0.324104 |	bpp_z_loss: 0.007270 |	bpp_loss: 0.331375 |	mse_loss: 0.000712 |	loss: 0.641698 |	psnr_loss: 31.735746 |
[2024-01-19 06:25:48,529 | INFO | train_one_epoch] Train epoch 8: [90/100 (90.00%)] 	bpp_y_loss: 0.399179 |	bpp_z_loss: 0.007582 |	bpp_loss: 0.406761 |	mse_loss: 0.000978 |	loss: 0.832695 |	psnr_loss: 30.698034 |
[2024-01-19 06:26:36,161 | INFO | train_one_epoch] Train epoch 8: [100/100 (100.00%)] 	bpp_y_loss: 0.355872 |	bpp_z_loss: 0.007389 |	bpp_loss: 0.363261 |	mse_loss: 0.000747 |	loss: 0.688579 |	psnr_loss: 31.514166 |
[2024-01-19 06:26:41,012 | INFO | test_one_epoch] Testing results for epoch 9 | bpp_y_loss=0.26337 | bpp_z_loss=0.01038 | bpp_loss=0.27374 | mse_loss=0.00085 | loss=0.64363 | psnr_loss=31.37691
[2024-01-19 06:26:41,025 | INFO | train_one_epoch] Learning rate: 1e-05
[2024-01-19 06:26:46,356 | INFO | train_one_epoch] Train epoch 9: [0/100 (0.00%)] 	bpp_y_loss: 0.253430 |	bpp_z_loss: 0.006968 |	bpp_loss: 0.260397 |	mse_loss: 0.000347 |	loss: 0.411692 |	psnr_loss: 34.593307 |
[2024-01-19 06:27:34,952 | INFO | train_one_epoch] Train epoch 9: [10/100 (10.00%)] 	bpp_y_loss: 0.316497 |	bpp_z_loss: 0.007050 |	bpp_loss: 0.323548 |	mse_loss: 0.000648 |	loss: 0.605728 |	psnr_loss: 32.148731 |
[2024-01-19 06:28:23,372 | INFO | train_one_epoch] Train epoch 9: [20/100 (20.00%)] 	bpp_y_loss: 0.345642 |	bpp_z_loss: 0.007181 |	bpp_loss: 0.352823 |	mse_loss: 0.000780 |	loss: 0.692524 |	psnr_loss: 31.293692 |
[2024-01-19 06:29:11,411 | INFO | train_one_epoch] Train epoch 9: [30/100 (30.00%)] 	bpp_y_loss: 0.362027 |	bpp_z_loss: 0.007475 |	bpp_loss: 0.369502 |	mse_loss: 0.000896 |	loss: 0.759772 |	psnr_loss: 30.675756 |
[2024-01-19 06:30:01,283 | INFO | train_one_epoch] Train epoch 9: [40/100 (40.00%)] 	bpp_y_loss: 0.351348 |	bpp_z_loss: 0.007217 |	bpp_loss: 0.358564 |	mse_loss: 0.000781 |	loss: 0.698678 |	psnr_loss: 31.234045 |
[2024-01-19 06:30:49,688 | INFO | train_one_epoch] Train epoch 9: [50/100 (50.00%)] 	bpp_y_loss: 0.326538 |	bpp_z_loss: 0.007134 |	bpp_loss: 0.333672 |	mse_loss: 0.000743 |	loss: 0.657583 |	psnr_loss: 31.590078 |
[2024-01-19 06:31:38,585 | INFO | train_one_epoch] Train epoch 9: [60/100 (60.00%)] 	bpp_y_loss: 0.348058 |	bpp_z_loss: 0.007214 |	bpp_loss: 0.355272 |	mse_loss: 0.000771 |	loss: 0.691334 |	psnr_loss: 31.344147 |
[2024-01-19 06:32:27,309 | INFO | train_one_epoch] Train epoch 9: [70/100 (70.00%)] 	bpp_y_loss: 0.375343 |	bpp_z_loss: 0.007136 |	bpp_loss: 0.382479 |	mse_loss: 0.000896 |	loss: 0.772881 |	psnr_loss: 30.774008 |
[2024-01-19 06:33:15,284 | INFO | train_one_epoch] Train epoch 9: [80/100 (80.00%)] 	bpp_y_loss: 0.376537 |	bpp_z_loss: 0.007097 |	bpp_loss: 0.383634 |	mse_loss: 0.000909 |	loss: 0.779584 |	psnr_loss: 30.797714 |
[2024-01-19 06:34:02,321 | INFO | train_one_epoch] Train epoch 9: [90/100 (90.00%)] 	bpp_y_loss: 0.374595 |	bpp_z_loss: 0.007378 |	bpp_loss: 0.381972 |	mse_loss: 0.000918 |	loss: 0.781716 |	psnr_loss: 30.577875 |
[2024-01-19 06:34:50,075 | INFO | train_one_epoch] Train epoch 9: [100/100 (100.00%)] 	bpp_y_loss: 0.407702 |	bpp_z_loss: 0.007337 |	bpp_loss: 0.415039 |	mse_loss: 0.000988 |	loss: 0.845411 |	psnr_loss: 30.460089 |
[2024-01-19 06:34:54,878 | INFO | test_one_epoch] Testing results for epoch 10 | bpp_y_loss=0.26356 | bpp_z_loss=0.01055 | bpp_loss=0.27411 | mse_loss=0.00085 | loss=0.64254 | psnr_loss=31.39584
