[2024-01-20 03:27:49,354 | INFO | <module>] Args: Namespace(model='tcm', lmbda=0.025, dataset='liu4k', epochs=100, steps_per_epoch=10000, type='mse', steps=1000, test_dataset='kodak', adv_steps=10, adv_optimizer='SGD', adv_lr=1000.0, adv_epsilon=0.01, batch_size=4, learning_rate=1e-05, save=True, seed=19260817, clip_max_norm=1.0, checkpoint=None, continue_train=False)
[2024-01-20 03:27:49,396 | INFO | <module>] Lmbda=0.025000000000
[2024-01-20 03:27:49,396 | INFO | <module>] Load weights from /backup1/xyhang/GradAttack/experiments/adversarial-train/baseline/tcm-liu4k-0.025-100x10000/last_epoch.pth.tar
[2024-01-20 03:27:58,017 | INFO | test_one_epoch] Testing results for epoch 0 | bpp_y_loss=0.59833 | bpp_z_loss=0.01440 | bpp_loss=0.61273 | mse_loss=0.00036 | loss=1.20557 | psnr_loss=34.86474
[2024-01-20 03:28:09,929 | INFO | train_one_epoch] Learning rate: 1e-05
[2024-01-20 03:28:15,835 | INFO | train_one_epoch] Train epoch 0: [0/100 (0.00%)] 	bpp_y_loss: 0.611457 |	bpp_z_loss: 0.011160 |	bpp_loss: 0.622617 |	mse_loss: 0.000409 |	loss: 1.287395 |	psnr_loss: 33.883438 |
[2024-01-20 03:29:04,634 | INFO | train_one_epoch] Train epoch 0: [10/100 (10.00%)] 	bpp_y_loss: 0.641209 |	bpp_z_loss: 0.011551 |	bpp_loss: 0.652760 |	mse_loss: 0.000504 |	loss: 1.472579 |	psnr_loss: 33.215950 |
[2024-01-20 03:29:53,530 | INFO | train_one_epoch] Train epoch 0: [20/100 (20.00%)] 	bpp_y_loss: 0.673356 |	bpp_z_loss: 0.011976 |	bpp_loss: 0.685332 |	mse_loss: 0.000526 |	loss: 1.541071 |	psnr_loss: 33.271679 |
[2024-01-20 03:30:41,679 | INFO | train_one_epoch] Train epoch 0: [30/100 (30.00%)] 	bpp_y_loss: 0.751444 |	bpp_z_loss: 0.012316 |	bpp_loss: 0.763760 |	mse_loss: 0.000643 |	loss: 1.809494 |	psnr_loss: 32.315880 |
[2024-01-20 03:31:30,141 | INFO | train_one_epoch] Train epoch 0: [40/100 (40.00%)] 	bpp_y_loss: 0.621288 |	bpp_z_loss: 0.011887 |	bpp_loss: 0.633175 |	mse_loss: 0.000531 |	loss: 1.496732 |	psnr_loss: 33.245007 |
[2024-01-20 03:32:19,279 | INFO | train_one_epoch] Train epoch 0: [50/100 (50.00%)] 	bpp_y_loss: 0.543236 |	bpp_z_loss: 0.011668 |	bpp_loss: 0.554905 |	mse_loss: 0.000404 |	loss: 1.211149 |	psnr_loss: 34.018898 |
[2024-01-20 03:33:08,203 | INFO | train_one_epoch] Train epoch 0: [60/100 (60.00%)] 	bpp_y_loss: 0.589473 |	bpp_z_loss: 0.012180 |	bpp_loss: 0.601653 |	mse_loss: 0.000414 |	loss: 1.274708 |	psnr_loss: 34.097466 |
[2024-01-20 03:33:57,023 | INFO | train_one_epoch] Train epoch 0: [70/100 (70.00%)] 	bpp_y_loss: 0.624496 |	bpp_z_loss: 0.012213 |	bpp_loss: 0.636709 |	mse_loss: 0.000500 |	loss: 1.448839 |	psnr_loss: 33.556133 |
[2024-01-20 03:34:46,528 | INFO | train_one_epoch] Train epoch 0: [80/100 (80.00%)] 	bpp_y_loss: 0.621076 |	bpp_z_loss: 0.011475 |	bpp_loss: 0.632551 |	mse_loss: 0.000481 |	loss: 1.414057 |	psnr_loss: 33.466152 |
[2024-01-20 03:35:35,889 | INFO | train_one_epoch] Train epoch 0: [90/100 (90.00%)] 	bpp_y_loss: 0.663355 |	bpp_z_loss: 0.012192 |	bpp_loss: 0.675548 |	mse_loss: 0.000465 |	loss: 1.431117 |	psnr_loss: 33.507809 |
[2024-01-20 03:36:25,306 | INFO | train_one_epoch] Train epoch 0: [100/100 (100.00%)] 	bpp_y_loss: 0.633651 |	bpp_z_loss: 0.011428 |	bpp_loss: 0.645080 |	mse_loss: 0.000470 |	loss: 1.408722 |	psnr_loss: 33.507019 |
[2024-01-20 03:36:30,223 | INFO | test_one_epoch] Testing results for epoch 1 | bpp_y_loss=0.59978 | bpp_z_loss=0.01455 | bpp_loss=0.61433 | mse_loss=0.00036 | loss=1.20391 | psnr_loss=34.89191
[2024-01-20 03:36:30,230 | INFO | train_one_epoch] Learning rate: 1e-05
[2024-01-20 03:36:35,755 | INFO | train_one_epoch] Train epoch 1: [0/100 (0.00%)] 	bpp_y_loss: 0.739502 |	bpp_z_loss: 0.012442 |	bpp_loss: 0.751944 |	mse_loss: 0.000699 |	loss: 1.887571 |	psnr_loss: 31.557848 |
[2024-01-20 03:37:25,106 | INFO | train_one_epoch] Train epoch 1: [10/100 (10.00%)] 	bpp_y_loss: 0.589535 |	bpp_z_loss: 0.011740 |	bpp_loss: 0.601275 |	mse_loss: 0.000439 |	loss: 1.314232 |	psnr_loss: 33.689281 |
[2024-01-20 03:38:14,721 | INFO | train_one_epoch] Train epoch 1: [20/100 (20.00%)] 	bpp_y_loss: 0.610707 |	bpp_z_loss: 0.012120 |	bpp_loss: 0.622827 |	mse_loss: 0.000471 |	loss: 1.389193 |	psnr_loss: 33.519321 |
[2024-01-20 03:39:03,818 | INFO | train_one_epoch] Train epoch 1: [30/100 (30.00%)] 	bpp_y_loss: 0.628585 |	bpp_z_loss: 0.011977 |	bpp_loss: 0.640562 |	mse_loss: 0.000454 |	loss: 1.378983 |	psnr_loss: 33.649925 |
[2024-01-20 03:39:53,063 | INFO | train_one_epoch] Train epoch 1: [40/100 (40.00%)] 	bpp_y_loss: 0.680310 |	bpp_z_loss: 0.012655 |	bpp_loss: 0.692964 |	mse_loss: 0.000478 |	loss: 1.469218 |	psnr_loss: 33.366222 |
[2024-01-20 03:40:41,833 | INFO | train_one_epoch] Train epoch 1: [50/100 (50.00%)] 	bpp_y_loss: 0.740815 |	bpp_z_loss: 0.011901 |	bpp_loss: 0.752715 |	mse_loss: 0.000595 |	loss: 1.720127 |	psnr_loss: 32.622829 |
[2024-01-20 03:41:30,882 | INFO | train_one_epoch] Train epoch 1: [60/100 (60.00%)] 	bpp_y_loss: 0.688831 |	bpp_z_loss: 0.011849 |	bpp_loss: 0.700680 |	mse_loss: 0.000574 |	loss: 1.633947 |	psnr_loss: 33.117359 |
[2024-01-20 03:42:20,594 | INFO | train_one_epoch] Train epoch 1: [70/100 (70.00%)] 	bpp_y_loss: 0.641562 |	bpp_z_loss: 0.012045 |	bpp_loss: 0.653608 |	mse_loss: 0.000490 |	loss: 1.450533 |	psnr_loss: 33.251812 |
[2024-01-20 03:43:09,815 | INFO | train_one_epoch] Train epoch 1: [80/100 (80.00%)] 	bpp_y_loss: 0.557433 |	bpp_z_loss: 0.011385 |	bpp_loss: 0.568818 |	mse_loss: 0.000447 |	loss: 1.295135 |	psnr_loss: 33.767281 |
[2024-01-20 03:43:59,432 | INFO | train_one_epoch] Train epoch 1: [90/100 (90.00%)] 	bpp_y_loss: 0.790433 |	bpp_z_loss: 0.012805 |	bpp_loss: 0.803238 |	mse_loss: 0.000742 |	loss: 2.008785 |	psnr_loss: 32.276924 |
[2024-01-20 03:44:49,139 | INFO | train_one_epoch] Train epoch 1: [100/100 (100.00%)] 	bpp_y_loss: 0.722889 |	bpp_z_loss: 0.012034 |	bpp_loss: 0.734923 |	mse_loss: 0.000524 |	loss: 1.587527 |	psnr_loss: 32.967983 |
[2024-01-20 03:44:54,130 | INFO | test_one_epoch] Testing results for epoch 2 | bpp_y_loss=0.59983 | bpp_z_loss=0.01458 | bpp_loss=0.61441 | mse_loss=0.00036 | loss=1.20417 | psnr_loss=34.88857
[2024-01-20 03:44:54,139 | INFO | train_one_epoch] Learning rate: 1e-05
[2024-01-20 03:44:59,715 | INFO | train_one_epoch] Train epoch 2: [0/100 (0.00%)] 	bpp_y_loss: 0.613592 |	bpp_z_loss: 0.011986 |	bpp_loss: 0.625578 |	mse_loss: 0.000468 |	loss: 1.385954 |	psnr_loss: 33.299919 |
[2024-01-20 03:45:49,311 | INFO | train_one_epoch] Train epoch 2: [10/100 (10.00%)] 	bpp_y_loss: 0.652353 |	bpp_z_loss: 0.012255 |	bpp_loss: 0.664608 |	mse_loss: 0.000539 |	loss: 1.541565 |	psnr_loss: 32.858051 |
[2024-01-20 03:46:39,046 | INFO | train_one_epoch] Train epoch 2: [20/100 (20.00%)] 	bpp_y_loss: 0.601367 |	bpp_z_loss: 0.011749 |	bpp_loss: 0.613116 |	mse_loss: 0.000417 |	loss: 1.290724 |	psnr_loss: 33.989479 |
[2024-01-20 03:47:28,230 | INFO | train_one_epoch] Train epoch 2: [30/100 (30.00%)] 	bpp_y_loss: 0.707277 |	bpp_z_loss: 0.011987 |	bpp_loss: 0.719263 |	mse_loss: 0.000502 |	loss: 1.535988 |	psnr_loss: 33.210232 |
[2024-01-20 03:48:17,640 | INFO | train_one_epoch] Train epoch 2: [40/100 (40.00%)] 	bpp_y_loss: 0.634037 |	bpp_z_loss: 0.012093 |	bpp_loss: 0.646131 |	mse_loss: 0.000457 |	loss: 1.389024 |	psnr_loss: 33.511116 |
[2024-01-20 03:49:06,639 | INFO | train_one_epoch] Train epoch 2: [50/100 (50.00%)] 	bpp_y_loss: 0.658812 |	bpp_z_loss: 0.011853 |	bpp_loss: 0.670665 |	mse_loss: 0.000458 |	loss: 1.414507 |	psnr_loss: 33.539581 |
[2024-01-20 03:49:55,517 | INFO | train_one_epoch] Train epoch 2: [60/100 (60.00%)] 	bpp_y_loss: 0.693824 |	bpp_z_loss: 0.011882 |	bpp_loss: 0.705706 |	mse_loss: 0.000569 |	loss: 1.631434 |	psnr_loss: 32.894619 |
[2024-01-20 03:50:44,817 | INFO | train_one_epoch] Train epoch 2: [70/100 (70.00%)] 	bpp_y_loss: 0.583956 |	bpp_z_loss: 0.012100 |	bpp_loss: 0.596056 |	mse_loss: 0.000414 |	loss: 1.268502 |	psnr_loss: 34.029968 |
[2024-01-20 03:51:34,343 | INFO | train_one_epoch] Train epoch 2: [80/100 (80.00%)] 	bpp_y_loss: 0.854181 |	bpp_z_loss: 0.012126 |	bpp_loss: 0.866307 |	mse_loss: 0.000672 |	loss: 1.958882 |	psnr_loss: 31.867603 |
[2024-01-20 03:52:23,985 | INFO | train_one_epoch] Train epoch 2: [90/100 (90.00%)] 	bpp_y_loss: 0.679721 |	bpp_z_loss: 0.012424 |	bpp_loss: 0.692146 |	mse_loss: 0.000504 |	loss: 1.510714 |	psnr_loss: 33.147179 |
[2024-01-20 03:53:13,233 | INFO | train_one_epoch] Train epoch 2: [100/100 (100.00%)] 	bpp_y_loss: 0.578699 |	bpp_z_loss: 0.012031 |	bpp_loss: 0.590730 |	mse_loss: 0.000419 |	loss: 1.271631 |	psnr_loss: 34.024769 |
[2024-01-20 03:53:18,204 | INFO | test_one_epoch] Testing results for epoch 3 | bpp_y_loss=0.60120 | bpp_z_loss=0.01473 | bpp_loss=0.61593 | mse_loss=0.00036 | loss=1.20625 | psnr_loss=34.88752
[2024-01-20 03:53:18,214 | INFO | train_one_epoch] Learning rate: 1e-05
[2024-01-20 03:53:23,776 | INFO | train_one_epoch] Train epoch 3: [0/100 (0.00%)] 	bpp_y_loss: 0.493845 |	bpp_z_loss: 0.012604 |	bpp_loss: 0.506450 |	mse_loss: 0.000367 |	loss: 1.103040 |	psnr_loss: 34.353443 |
[2024-01-20 03:54:12,396 | INFO | train_one_epoch] Train epoch 3: [10/100 (10.00%)] 	bpp_y_loss: 0.726494 |	bpp_z_loss: 0.011888 |	bpp_loss: 0.738382 |	mse_loss: 0.000521 |	loss: 1.585730 |	psnr_loss: 32.986935 |
[2024-01-20 03:55:01,493 | INFO | train_one_epoch] Train epoch 3: [20/100 (20.00%)] 	bpp_y_loss: 0.642329 |	bpp_z_loss: 0.011850 |	bpp_loss: 0.654179 |	mse_loss: 0.000469 |	loss: 1.416665 |	psnr_loss: 33.647411 |
[2024-01-20 03:55:50,396 | INFO | train_one_epoch] Train epoch 3: [30/100 (30.00%)] 	bpp_y_loss: 0.636117 |	bpp_z_loss: 0.012253 |	bpp_loss: 0.648369 |	mse_loss: 0.000435 |	loss: 1.356163 |	psnr_loss: 33.693104 |
[2024-01-20 03:56:39,269 | INFO | train_one_epoch] Train epoch 3: [40/100 (40.00%)] 	bpp_y_loss: 0.686531 |	bpp_z_loss: 0.012549 |	bpp_loss: 0.699080 |	mse_loss: 0.000524 |	loss: 1.550511 |	psnr_loss: 33.082859 |
[2024-01-20 03:57:28,324 | INFO | train_one_epoch] Train epoch 3: [50/100 (50.00%)] 	bpp_y_loss: 0.643305 |	bpp_z_loss: 0.012075 |	bpp_loss: 0.655379 |	mse_loss: 0.000478 |	loss: 1.431787 |	psnr_loss: 33.374020 |
[2024-01-20 03:58:17,808 | INFO | train_one_epoch] Train epoch 3: [60/100 (60.00%)] 	bpp_y_loss: 0.720203 |	bpp_z_loss: 0.011683 |	bpp_loss: 0.731886 |	mse_loss: 0.000579 |	loss: 1.672596 |	psnr_loss: 32.738014 |
[2024-01-20 03:59:07,389 | INFO | train_one_epoch] Train epoch 3: [70/100 (70.00%)] 	bpp_y_loss: 0.694669 |	bpp_z_loss: 0.011656 |	bpp_loss: 0.706326 |	mse_loss: 0.000493 |	loss: 1.507468 |	psnr_loss: 33.259781 |
[2024-01-20 03:59:56,709 | INFO | train_one_epoch] Train epoch 3: [80/100 (80.00%)] 	bpp_y_loss: 0.606505 |	bpp_z_loss: 0.011555 |	bpp_loss: 0.618060 |	mse_loss: 0.000491 |	loss: 1.415640 |	psnr_loss: 33.562595 |
[2024-01-20 04:00:45,719 | INFO | train_one_epoch] Train epoch 3: [90/100 (90.00%)] 	bpp_y_loss: 0.752346 |	bpp_z_loss: 0.011930 |	bpp_loss: 0.764277 |	mse_loss: 0.000596 |	loss: 1.733414 |	psnr_loss: 32.474182 |
[2024-01-20 04:01:34,675 | INFO | train_one_epoch] Train epoch 3: [100/100 (100.00%)] 	bpp_y_loss: 0.600407 |	bpp_z_loss: 0.012095 |	bpp_loss: 0.612502 |	mse_loss: 0.000412 |	loss: 1.282137 |	psnr_loss: 33.974022 |
[2024-01-20 04:01:39,571 | INFO | test_one_epoch] Testing results for epoch 4 | bpp_y_loss=0.60232 | bpp_z_loss=0.01474 | bpp_loss=0.61707 | mse_loss=0.00036 | loss=1.20408 | psnr_loss=34.91401
[2024-01-20 04:01:39,580 | INFO | train_one_epoch] Learning rate: 1e-05
[2024-01-20 04:01:44,960 | INFO | train_one_epoch] Train epoch 4: [0/100 (0.00%)] 	bpp_y_loss: 0.981018 |	bpp_z_loss: 0.013021 |	bpp_loss: 0.994038 |	mse_loss: 0.000502 |	loss: 1.810559 |	psnr_loss: 32.990536 |
[2024-01-20 04:02:33,807 | INFO | train_one_epoch] Train epoch 4: [10/100 (10.00%)] 	bpp_y_loss: 0.615764 |	bpp_z_loss: 0.011794 |	bpp_loss: 0.627558 |	mse_loss: 0.000689 |	loss: 1.746810 |	psnr_loss: 32.972496 |
[2024-01-20 04:03:23,666 | INFO | train_one_epoch] Train epoch 4: [20/100 (20.00%)] 	bpp_y_loss: 0.656467 |	bpp_z_loss: 0.011898 |	bpp_loss: 0.668365 |	mse_loss: 0.000442 |	loss: 1.386362 |	psnr_loss: 33.630219 |
[2024-01-20 04:04:12,891 | INFO | train_one_epoch] Train epoch 4: [30/100 (30.00%)] 	bpp_y_loss: 0.727118 |	bpp_z_loss: 0.012079 |	bpp_loss: 0.739197 |	mse_loss: 0.000569 |	loss: 1.664015 |	psnr_loss: 32.718502 |
[2024-01-20 04:05:01,707 | INFO | train_one_epoch] Train epoch 4: [40/100 (40.00%)] 	bpp_y_loss: 0.664141 |	bpp_z_loss: 0.012360 |	bpp_loss: 0.676501 |	mse_loss: 0.000556 |	loss: 1.580167 |	psnr_loss: 32.860485 |
[2024-01-20 04:05:50,512 | INFO | train_one_epoch] Train epoch 4: [50/100 (50.00%)] 	bpp_y_loss: 0.570333 |	bpp_z_loss: 0.011988 |	bpp_loss: 0.582321 |	mse_loss: 0.000391 |	loss: 1.218243 |	psnr_loss: 34.178387 |
[2024-01-20 04:06:39,441 | INFO | train_one_epoch] Train epoch 4: [60/100 (60.00%)] 	bpp_y_loss: 0.642283 |	bpp_z_loss: 0.011752 |	bpp_loss: 0.654036 |	mse_loss: 0.000448 |	loss: 1.381575 |	psnr_loss: 33.577202 |
[2024-01-20 04:07:28,560 | INFO | train_one_epoch] Train epoch 4: [70/100 (70.00%)] 	bpp_y_loss: 0.566851 |	bpp_z_loss: 0.012184 |	bpp_loss: 0.579035 |	mse_loss: 0.000483 |	loss: 1.364632 |	psnr_loss: 33.405807 |
[2024-01-20 04:08:18,155 | INFO | train_one_epoch] Train epoch 4: [80/100 (80.00%)] 	bpp_y_loss: 0.746909 |	bpp_z_loss: 0.012087 |	bpp_loss: 0.758996 |	mse_loss: 0.000548 |	loss: 1.649641 |	psnr_loss: 32.861160 |
[2024-01-20 04:09:07,306 | INFO | train_one_epoch] Train epoch 4: [90/100 (90.00%)] 	bpp_y_loss: 0.623903 |	bpp_z_loss: 0.011471 |	bpp_loss: 0.635374 |	mse_loss: 0.000465 |	loss: 1.390903 |	psnr_loss: 33.591194 |
[2024-01-20 04:09:56,329 | INFO | train_one_epoch] Train epoch 4: [100/100 (100.00%)] 	bpp_y_loss: 0.601199 |	bpp_z_loss: 0.011732 |	bpp_loss: 0.612931 |	mse_loss: 0.000416 |	loss: 1.289776 |	psnr_loss: 33.996185 |
[2024-01-20 04:10:01,425 | INFO | test_one_epoch] Testing results for epoch 5 | bpp_y_loss=0.60128 | bpp_z_loss=0.01483 | bpp_loss=0.61611 | mse_loss=0.00036 | loss=1.20353 | psnr_loss=34.90800
[2024-01-20 04:10:01,433 | INFO | train_one_epoch] Learning rate: 1e-05
[2024-01-20 04:10:06,963 | INFO | train_one_epoch] Train epoch 5: [0/100 (0.00%)] 	bpp_y_loss: 0.786380 |	bpp_z_loss: 0.012842 |	bpp_loss: 0.799223 |	mse_loss: 0.000635 |	loss: 1.831068 |	psnr_loss: 31.974060 |
[2024-01-20 04:10:56,446 | INFO | train_one_epoch] Train epoch 5: [10/100 (10.00%)] 	bpp_y_loss: 0.613605 |	bpp_z_loss: 0.011534 |	bpp_loss: 0.625139 |	mse_loss: 0.000535 |	loss: 1.495028 |	psnr_loss: 33.168457 |
[2024-01-20 04:11:45,402 | INFO | train_one_epoch] Train epoch 5: [20/100 (20.00%)] 	bpp_y_loss: 0.653382 |	bpp_z_loss: 0.011693 |	bpp_loss: 0.665075 |	mse_loss: 0.000464 |	loss: 1.420032 |	psnr_loss: 33.627472 |
[2024-01-20 04:12:34,376 | INFO | train_one_epoch] Train epoch 5: [30/100 (30.00%)] 	bpp_y_loss: 0.646908 |	bpp_z_loss: 0.011387 |	bpp_loss: 0.658295 |	mse_loss: 0.000544 |	loss: 1.542084 |	psnr_loss: 33.018280 |
[2024-01-20 04:13:23,365 | INFO | train_one_epoch] Train epoch 5: [40/100 (40.00%)] 	bpp_y_loss: 0.676546 |	bpp_z_loss: 0.011829 |	bpp_loss: 0.688375 |	mse_loss: 0.000486 |	loss: 1.478559 |	psnr_loss: 33.300049 |
[2024-01-20 04:14:12,949 | INFO | train_one_epoch] Train epoch 5: [50/100 (50.00%)] 	bpp_y_loss: 0.681035 |	bpp_z_loss: 0.011972 |	bpp_loss: 0.693007 |	mse_loss: 0.000502 |	loss: 1.508519 |	psnr_loss: 33.279659 |
[2024-01-20 04:15:02,406 | INFO | train_one_epoch] Train epoch 5: [60/100 (60.00%)] 	bpp_y_loss: 0.653929 |	bpp_z_loss: 0.011751 |	bpp_loss: 0.665680 |	mse_loss: 0.000499 |	loss: 1.476251 |	psnr_loss: 33.253017 |
[2024-01-20 04:15:51,578 | INFO | train_one_epoch] Train epoch 5: [70/100 (70.00%)] 	bpp_y_loss: 0.589477 |	bpp_z_loss: 0.012113 |	bpp_loss: 0.601590 |	mse_loss: 0.000466 |	loss: 1.358812 |	psnr_loss: 33.424328 |
[2024-01-20 04:16:39,956 | INFO | train_one_epoch] Train epoch 5: [80/100 (80.00%)] 	bpp_y_loss: 0.704305 |	bpp_z_loss: 0.012160 |	bpp_loss: 0.716464 |	mse_loss: 0.000534 |	loss: 1.583867 |	psnr_loss: 33.081711 |
[2024-01-20 04:17:29,155 | INFO | train_one_epoch] Train epoch 5: [90/100 (90.00%)] 	bpp_y_loss: 0.707542 |	bpp_z_loss: 0.011994 |	bpp_loss: 0.719536 |	mse_loss: 0.000540 |	loss: 1.597602 |	psnr_loss: 33.273876 |
[2024-01-20 04:18:18,643 | INFO | train_one_epoch] Train epoch 5: [100/100 (100.00%)] 	bpp_y_loss: 0.701311 |	bpp_z_loss: 0.011439 |	bpp_loss: 0.712750 |	mse_loss: 0.000520 |	loss: 1.558514 |	psnr_loss: 33.094025 |
[2024-01-20 04:18:23,635 | INFO | test_one_epoch] Testing results for epoch 6 | bpp_y_loss=0.60069 | bpp_z_loss=0.01465 | bpp_loss=0.61534 | mse_loss=0.00036 | loss=1.20600 | psnr_loss=34.88239
[2024-01-20 04:18:23,644 | INFO | train_one_epoch] Learning rate: 1e-05
[2024-01-20 04:18:29,202 | INFO | train_one_epoch] Train epoch 6: [0/100 (0.00%)] 	bpp_y_loss: 0.520782 |	bpp_z_loss: 0.010490 |	bpp_loss: 0.531272 |	mse_loss: 0.000365 |	loss: 1.125332 |	psnr_loss: 34.371902 |
[2024-01-20 04:19:19,470 | INFO | train_one_epoch] Train epoch 6: [10/100 (10.00%)] 	bpp_y_loss: 0.634647 |	bpp_z_loss: 0.012308 |	bpp_loss: 0.646955 |	mse_loss: 0.000409 |	loss: 1.312336 |	psnr_loss: 34.009338 |
[2024-01-20 04:20:08,506 | INFO | train_one_epoch] Train epoch 6: [20/100 (20.00%)] 	bpp_y_loss: 0.730422 |	bpp_z_loss: 0.012076 |	bpp_loss: 0.742499 |	mse_loss: 0.000600 |	loss: 1.718492 |	psnr_loss: 32.457436 |
[2024-01-20 04:20:57,484 | INFO | train_one_epoch] Train epoch 6: [30/100 (30.00%)] 	bpp_y_loss: 0.684998 |	bpp_z_loss: 0.012002 |	bpp_loss: 0.697001 |	mse_loss: 0.000543 |	loss: 1.579175 |	psnr_loss: 33.051231 |
[2024-01-20 04:21:47,539 | INFO | train_one_epoch] Train epoch 6: [40/100 (40.00%)] 	bpp_y_loss: 0.626979 |	bpp_z_loss: 0.012444 |	bpp_loss: 0.639423 |	mse_loss: 0.000491 |	loss: 1.438411 |	psnr_loss: 33.279690 |
[2024-01-20 04:22:37,843 | INFO | train_one_epoch] Train epoch 6: [50/100 (50.00%)] 	bpp_y_loss: 0.628259 |	bpp_z_loss: 0.012139 |	bpp_loss: 0.640397 |	mse_loss: 0.000452 |	loss: 1.375578 |	psnr_loss: 33.591846 |
[2024-01-20 04:23:28,591 | INFO | train_one_epoch] Train epoch 6: [60/100 (60.00%)] 	bpp_y_loss: 0.617611 |	bpp_z_loss: 0.012064 |	bpp_loss: 0.629674 |	mse_loss: 0.000409 |	loss: 1.295224 |	psnr_loss: 34.070549 |
[2024-01-20 04:24:19,088 | INFO | train_one_epoch] Train epoch 6: [70/100 (70.00%)] 	bpp_y_loss: 0.665518 |	bpp_z_loss: 0.012368 |	bpp_loss: 0.677885 |	mse_loss: 0.000465 |	loss: 1.433094 |	psnr_loss: 33.363045 |
[2024-01-20 04:25:09,556 | INFO | train_one_epoch] Train epoch 6: [80/100 (80.00%)] 	bpp_y_loss: 0.566296 |	bpp_z_loss: 0.011373 |	bpp_loss: 0.577670 |	mse_loss: 0.000435 |	loss: 1.284394 |	psnr_loss: 33.810516 |
[2024-01-20 04:25:59,646 | INFO | train_one_epoch] Train epoch 6: [90/100 (90.00%)] 	bpp_y_loss: 0.705025 |	bpp_z_loss: 0.012184 |	bpp_loss: 0.717209 |	mse_loss: 0.000559 |	loss: 1.626184 |	psnr_loss: 32.809505 |
[2024-01-20 04:26:49,409 | INFO | train_one_epoch] Train epoch 6: [100/100 (100.00%)] 	bpp_y_loss: 0.650457 |	bpp_z_loss: 0.012265 |	bpp_loss: 0.662721 |	mse_loss: 0.000451 |	loss: 1.395902 |	psnr_loss: 33.600281 |
[2024-01-20 04:26:54,522 | INFO | test_one_epoch] Testing results for epoch 7 | bpp_y_loss=0.60249 | bpp_z_loss=0.01480 | bpp_loss=0.61729 | mse_loss=0.00036 | loss=1.20441 | psnr_loss=34.91619
[2024-01-20 04:26:54,531 | INFO | train_one_epoch] Learning rate: 1e-05
[2024-01-20 04:27:00,114 | INFO | train_one_epoch] Train epoch 7: [0/100 (0.00%)] 	bpp_y_loss: 0.702897 |	bpp_z_loss: 0.011918 |	bpp_loss: 0.714815 |	mse_loss: 0.000507 |	loss: 1.538213 |	psnr_loss: 32.954105 |
[2024-01-20 04:27:49,691 | INFO | train_one_epoch] Train epoch 7: [10/100 (10.00%)] 	bpp_y_loss: 0.660402 |	bpp_z_loss: 0.012061 |	bpp_loss: 0.672463 |	mse_loss: 0.000504 |	loss: 1.492548 |	psnr_loss: 33.295242 |
[2024-01-20 04:28:39,334 | INFO | train_one_epoch] Train epoch 7: [20/100 (20.00%)] 	bpp_y_loss: 0.701483 |	bpp_z_loss: 0.012364 |	bpp_loss: 0.713847 |	mse_loss: 0.000518 |	loss: 1.555387 |	psnr_loss: 32.948265 |
[2024-01-20 04:29:29,018 | INFO | train_one_epoch] Train epoch 7: [30/100 (30.00%)] 	bpp_y_loss: 0.716943 |	bpp_z_loss: 0.012311 |	bpp_loss: 0.729254 |	mse_loss: 0.000694 |	loss: 1.857326 |	psnr_loss: 32.385792 |
[2024-01-20 04:30:17,319 | INFO | train_one_epoch] Train epoch 7: [40/100 (40.00%)] 	bpp_y_loss: 0.780280 |	bpp_z_loss: 0.012928 |	bpp_loss: 0.793208 |	mse_loss: 0.000627 |	loss: 1.812218 |	psnr_loss: 32.251862 |
[2024-01-20 04:31:06,705 | INFO | train_one_epoch] Train epoch 7: [50/100 (50.00%)] 	bpp_y_loss: 0.621598 |	bpp_z_loss: 0.012407 |	bpp_loss: 0.634005 |	mse_loss: 0.000442 |	loss: 1.352371 |	psnr_loss: 33.711849 |
[2024-01-20 04:31:56,485 | INFO | train_one_epoch] Train epoch 7: [60/100 (60.00%)] 	bpp_y_loss: 0.680511 |	bpp_z_loss: 0.012298 |	bpp_loss: 0.692809 |	mse_loss: 0.000502 |	loss: 1.509171 |	psnr_loss: 33.148708 |
[2024-01-20 04:32:46,221 | INFO | train_one_epoch] Train epoch 7: [70/100 (70.00%)] 	bpp_y_loss: 0.629578 |	bpp_z_loss: 0.011876 |	bpp_loss: 0.641454 |	mse_loss: 0.000442 |	loss: 1.359222 |	psnr_loss: 33.711330 |
[2024-01-20 04:33:36,025 | INFO | train_one_epoch] Train epoch 7: [80/100 (80.00%)] 	bpp_y_loss: 0.675286 |	bpp_z_loss: 0.012245 |	bpp_loss: 0.687531 |	mse_loss: 0.000449 |	loss: 1.417423 |	psnr_loss: 33.667213 |
[2024-01-20 04:34:25,391 | INFO | train_one_epoch] Train epoch 7: [90/100 (90.00%)] 	bpp_y_loss: 0.616486 |	bpp_z_loss: 0.012015 |	bpp_loss: 0.628500 |	mse_loss: 0.000430 |	loss: 1.327072 |	psnr_loss: 33.757923 |
[2024-01-20 04:35:14,105 | INFO | train_one_epoch] Train epoch 7: [100/100 (100.00%)] 	bpp_y_loss: 0.609295 |	bpp_z_loss: 0.011710 |	bpp_loss: 0.621005 |	mse_loss: 0.000446 |	loss: 1.345624 |	psnr_loss: 33.634274 |
[2024-01-20 04:35:19,073 | INFO | test_one_epoch] Testing results for epoch 8 | bpp_y_loss=0.60017 | bpp_z_loss=0.01483 | bpp_loss=0.61500 | mse_loss=0.00036 | loss=1.20398 | psnr_loss=34.89348
[2024-01-20 04:35:19,084 | INFO | train_one_epoch] Learning rate: 1e-05
[2024-01-20 04:35:24,717 | INFO | train_one_epoch] Train epoch 8: [0/100 (0.00%)] 	bpp_y_loss: 0.731012 |	bpp_z_loss: 0.010790 |	bpp_loss: 0.741802 |	mse_loss: 0.000462 |	loss: 1.492546 |	psnr_loss: 33.355289 |
[2024-01-20 04:36:14,973 | INFO | train_one_epoch] Train epoch 8: [10/100 (10.00%)] 	bpp_y_loss: 0.760765 |	bpp_z_loss: 0.011766 |	bpp_loss: 0.772531 |	mse_loss: 0.000580 |	loss: 1.715130 |	psnr_loss: 32.634472 |
[2024-01-20 04:37:04,822 | INFO | train_one_epoch] Train epoch 8: [20/100 (20.00%)] 	bpp_y_loss: 0.659162 |	bpp_z_loss: 0.012081 |	bpp_loss: 0.671243 |	mse_loss: 0.000496 |	loss: 1.477188 |	psnr_loss: 33.274025 |
[2024-01-20 04:37:54,692 | INFO | train_one_epoch] Train epoch 8: [30/100 (30.00%)] 	bpp_y_loss: 0.641847 |	bpp_z_loss: 0.011846 |	bpp_loss: 0.653693 |	mse_loss: 0.000447 |	loss: 1.380437 |	psnr_loss: 33.623528 |
[2024-01-20 04:38:44,672 | INFO | train_one_epoch] Train epoch 8: [40/100 (40.00%)] 	bpp_y_loss: 0.658816 |	bpp_z_loss: 0.011782 |	bpp_loss: 0.670598 |	mse_loss: 0.000471 |	loss: 1.435855 |	psnr_loss: 33.501259 |
[2024-01-20 04:39:34,944 | INFO | train_one_epoch] Train epoch 8: [50/100 (50.00%)] 	bpp_y_loss: 0.595294 |	bpp_z_loss: 0.011955 |	bpp_loss: 0.607249 |	mse_loss: 0.000469 |	loss: 1.369111 |	psnr_loss: 33.620220 |
[2024-01-20 04:40:25,815 | INFO | train_one_epoch] Train epoch 8: [60/100 (60.00%)] 	bpp_y_loss: 0.637608 |	bpp_z_loss: 0.011963 |	bpp_loss: 0.649572 |	mse_loss: 0.000524 |	loss: 1.502083 |	psnr_loss: 32.950638 |
[2024-01-20 04:41:16,388 | INFO | train_one_epoch] Train epoch 8: [70/100 (70.00%)] 	bpp_y_loss: 0.713190 |	bpp_z_loss: 0.012013 |	bpp_loss: 0.725203 |	mse_loss: 0.000555 |	loss: 1.626965 |	psnr_loss: 32.860657 |
[2024-01-20 04:42:06,578 | INFO | train_one_epoch] Train epoch 8: [80/100 (80.00%)] 	bpp_y_loss: 0.604515 |	bpp_z_loss: 0.011844 |	bpp_loss: 0.616359 |	mse_loss: 0.000426 |	loss: 1.309231 |	psnr_loss: 33.864124 |
[2024-01-20 04:42:56,946 | INFO | train_one_epoch] Train epoch 8: [90/100 (90.00%)] 	bpp_y_loss: 0.720453 |	bpp_z_loss: 0.012398 |	bpp_loss: 0.732851 |	mse_loss: 0.000533 |	loss: 1.599061 |	psnr_loss: 33.132458 |
[2024-01-20 04:43:48,022 | INFO | train_one_epoch] Train epoch 8: [100/100 (100.00%)] 	bpp_y_loss: 0.652173 |	bpp_z_loss: 0.012018 |	bpp_loss: 0.664191 |	mse_loss: 0.000445 |	loss: 1.387671 |	psnr_loss: 33.697906 |
[2024-01-20 04:43:53,175 | INFO | test_one_epoch] Testing results for epoch 9 | bpp_y_loss=0.60395 | bpp_z_loss=0.01467 | bpp_loss=0.61862 | mse_loss=0.00036 | loss=1.20506 | psnr_loss=34.91695
[2024-01-20 04:43:53,186 | INFO | train_one_epoch] Learning rate: 1e-05
[2024-01-20 04:43:58,972 | INFO | train_one_epoch] Train epoch 9: [0/100 (0.00%)] 	bpp_y_loss: 0.379894 |	bpp_z_loss: 0.011586 |	bpp_loss: 0.391480 |	mse_loss: 0.000245 |	loss: 0.789189 |	psnr_loss: 36.114548 |
[2024-01-20 04:44:49,896 | INFO | train_one_epoch] Train epoch 9: [10/100 (10.00%)] 	bpp_y_loss: 0.574114 |	bpp_z_loss: 0.011775 |	bpp_loss: 0.585889 |	mse_loss: 0.000388 |	loss: 1.216344 |	psnr_loss: 34.253330 |
[2024-01-20 04:45:40,485 | INFO | train_one_epoch] Train epoch 9: [20/100 (20.00%)] 	bpp_y_loss: 0.608478 |	bpp_z_loss: 0.011713 |	bpp_loss: 0.620191 |	mse_loss: 0.000463 |	loss: 1.372606 |	psnr_loss: 33.459515 |
[2024-01-20 04:46:31,099 | INFO | train_one_epoch] Train epoch 9: [30/100 (30.00%)] 	bpp_y_loss: 0.686743 |	bpp_z_loss: 0.012294 |	bpp_loss: 0.699037 |	mse_loss: 0.000510 |	loss: 1.528487 |	psnr_loss: 33.022038 |
[2024-01-20 04:47:21,550 | INFO | train_one_epoch] Train epoch 9: [40/100 (40.00%)] 	bpp_y_loss: 0.632258 |	bpp_z_loss: 0.011831 |	bpp_loss: 0.644089 |	mse_loss: 0.000463 |	loss: 1.396277 |	psnr_loss: 33.462261 |
[2024-01-20 04:48:10,999 | INFO | train_one_epoch] Train epoch 9: [50/100 (50.00%)] 	bpp_y_loss: 0.571420 |	bpp_z_loss: 0.011594 |	bpp_loss: 0.583014 |	mse_loss: 0.000456 |	loss: 1.324331 |	psnr_loss: 33.602337 |
[2024-01-20 04:49:00,352 | INFO | train_one_epoch] Train epoch 9: [60/100 (60.00%)] 	bpp_y_loss: 0.629613 |	bpp_z_loss: 0.011699 |	bpp_loss: 0.641312 |	mse_loss: 0.000441 |	loss: 1.357522 |	psnr_loss: 33.720596 |
[2024-01-20 04:49:49,746 | INFO | train_one_epoch] Train epoch 9: [70/100 (70.00%)] 	bpp_y_loss: 0.719458 |	bpp_z_loss: 0.011751 |	bpp_loss: 0.731209 |	mse_loss: 0.000479 |	loss: 1.510021 |	psnr_loss: 33.399132 |
[2024-01-20 04:50:39,721 | INFO | train_one_epoch] Train epoch 9: [80/100 (80.00%)] 	bpp_y_loss: 0.684788 |	bpp_z_loss: 0.011468 |	bpp_loss: 0.696256 |	mse_loss: 0.000485 |	loss: 1.483894 |	psnr_loss: 33.347973 |
[2024-01-20 04:51:30,272 | INFO | train_one_epoch] Train epoch 9: [90/100 (90.00%)] 	bpp_y_loss: 0.680672 |	bpp_z_loss: 0.011965 |	bpp_loss: 0.692637 |	mse_loss: 0.000499 |	loss: 1.504128 |	psnr_loss: 33.141289 |
[2024-01-20 04:52:20,113 | INFO | train_one_epoch] Train epoch 9: [100/100 (100.00%)] 	bpp_y_loss: 0.734140 |	bpp_z_loss: 0.011872 |	bpp_loss: 0.746012 |	mse_loss: 0.000544 |	loss: 1.630151 |	psnr_loss: 32.936703 |
[2024-01-20 04:52:25,217 | INFO | test_one_epoch] Testing results for epoch 10 | bpp_y_loss=0.60324 | bpp_z_loss=0.01468 | bpp_loss=0.61792 | mse_loss=0.00036 | loss=1.20332 | psnr_loss=34.92433
