[2024-07-03 08:07:11,602 | INFO | <module>] Args: Namespace(model='elic', lmbda=0.0018, dataset='liu4k', epochs=100, steps_per_epoch=10000, type='mse', batch_size=8, learning_rate=5e-05, save=True, seed=19260817, clip_max_norm=1.0, checkpoint=None, lr_epoch=[40], continue_train=False)
[2024-07-03 08:07:11,602 | INFO | <module>] Lmbda=0.001800000000
[2024-07-03 08:07:11,604 | INFO | train_one_epoch] Learning rate: 5e-05
[2024-07-03 08:07:30,247 | INFO | train_one_epoch] Train epoch 0: [0/10000 (0.00%)] 	bpp_y_loss: 0.487711 |	bpp_z_loss: 0.422496 |	bpp_loss: 0.910207 |	mse_loss: 0.304731 |	loss: 36.577496 |	psnr_loss: 5.160828 |
[2024-07-03 08:11:26,273 | INFO | train_one_epoch] Train epoch 0: [1000/10000 (10.00%)] 	bpp_y_loss: 0.402673 |	bpp_z_loss: 0.395944 |	bpp_loss: 0.798617 |	mse_loss: 0.011012 |	loss: 2.087575 |	psnr_loss: 21.082584 |
[2024-07-03 08:15:27,916 | INFO | train_one_epoch] Train epoch 0: [2000/10000 (20.00%)] 	bpp_y_loss: 0.309117 |	bpp_z_loss: 0.348919 |	bpp_loss: 0.658036 |	mse_loss: 0.004935 |	loss: 1.235671 |	psnr_loss: 23.523346 |
[2024-07-03 08:19:28,462 | INFO | train_one_epoch] Train epoch 0: [3000/10000 (30.00%)] 	bpp_y_loss: 0.291596 |	bpp_z_loss: 0.302271 |	bpp_loss: 0.593866 |	mse_loss: 0.003432 |	loss: 0.995591 |	psnr_loss: 25.137346 |
[2024-07-03 08:23:37,412 | INFO | train_one_epoch] Train epoch 0: [4000/10000 (40.00%)] 	bpp_y_loss: 0.287930 |	bpp_z_loss: 0.256311 |	bpp_loss: 0.544241 |	mse_loss: 0.002777 |	loss: 0.869312 |	psnr_loss: 25.994175 |
[2024-07-03 08:27:39,919 | INFO | train_one_epoch] Train epoch 0: [5000/10000 (50.00%)] 	bpp_y_loss: 0.284606 |	bpp_z_loss: 0.216577 |	bpp_loss: 0.501183 |	mse_loss: 0.002460 |	loss: 0.789162 |	psnr_loss: 26.646645 |
[2024-07-03 08:31:36,293 | INFO | train_one_epoch] Train epoch 0: [6000/10000 (60.00%)] 	bpp_y_loss: 0.291264 |	bpp_z_loss: 0.180099 |	bpp_loss: 0.471363 |	mse_loss: 0.002322 |	loss: 0.743169 |	psnr_loss: 26.920961 |
[2024-07-03 08:35:38,518 | INFO | train_one_epoch] Train epoch 0: [7000/10000 (70.00%)] 	bpp_y_loss: 0.280799 |	bpp_z_loss: 0.146369 |	bpp_loss: 0.427168 |	mse_loss: 0.002048 |	loss: 0.666900 |	psnr_loss: 27.417896 |
[2024-07-03 08:39:40,906 | INFO | train_one_epoch] Train epoch 0: [8000/10000 (80.00%)] 	bpp_y_loss: 0.281271 |	bpp_z_loss: 0.117146 |	bpp_loss: 0.398417 |	mse_loss: 0.001975 |	loss: 0.629617 |	psnr_loss: 27.599745 |
[2024-07-03 08:43:40,074 | INFO | train_one_epoch] Train epoch 0: [9000/10000 (90.00%)] 	bpp_y_loss: 0.285271 |	bpp_z_loss: 0.093002 |	bpp_loss: 0.378273 |	mse_loss: 0.001917 |	loss: 0.602633 |	psnr_loss: 27.721619 |
[2024-07-03 08:47:42,290 | INFO | train_one_epoch] Train epoch 0: [10000/10000 (100.00%)] 	bpp_y_loss: 0.282226 |	bpp_z_loss: 0.073132 |	bpp_loss: 0.355358 |	mse_loss: 0.001821 |	loss: 0.568521 |	psnr_loss: 27.964838 |
[2024-07-03 08:47:44,520 | INFO | test_one_epoch] Testing results for epoch 1 | bpp_y_loss=0.25452 | bpp_z_loss=0.05081 | bpp_loss=0.30533 | mse_loss=0.00340 | loss=0.70374 | psnr_loss=25.28670
[2024-07-03 08:47:45,966 | INFO | train_one_epoch] Learning rate: 5e-05
[2024-07-03 08:47:46,879 | INFO | train_one_epoch] Train epoch 1: [0/10000 (0.00%)] 	bpp_y_loss: 0.295955 |	bpp_z_loss: 0.065166 |	bpp_loss: 0.361121 |	mse_loss: 0.001824 |	loss: 0.574558 |	psnr_loss: 27.390835 |
[2024-07-03 08:51:43,498 | INFO | train_one_epoch] Train epoch 1: [1000/10000 (10.00%)] 	bpp_y_loss: 0.291359 |	bpp_z_loss: 0.058416 |	bpp_loss: 0.349775 |	mse_loss: 0.001852 |	loss: 0.566590 |	psnr_loss: 27.885336 |
[2024-07-03 08:55:46,164 | INFO | train_one_epoch] Train epoch 1: [2000/10000 (20.00%)] 	bpp_y_loss: 0.283652 |	bpp_z_loss: 0.047034 |	bpp_loss: 0.330685 |	mse_loss: 0.001710 |	loss: 0.530856 |	psnr_loss: 28.223017 |
[2024-07-03 08:59:58,197 | INFO | train_one_epoch] Train epoch 1: [3000/10000 (30.00%)] 	bpp_y_loss: 0.282377 |	bpp_z_loss: 0.037933 |	bpp_loss: 0.320310 |	mse_loss: 0.001630 |	loss: 0.511072 |	psnr_loss: 28.420515 |
[2024-07-03 09:04:00,694 | INFO | train_one_epoch] Train epoch 1: [4000/10000 (40.00%)] 	bpp_y_loss: 0.282894 |	bpp_z_loss: 0.031146 |	bpp_loss: 0.314039 |	mse_loss: 0.001628 |	loss: 0.504610 |	psnr_loss: 28.452431 |
[2024-07-03 09:08:09,059 | INFO | train_one_epoch] Train epoch 1: [5000/10000 (50.00%)] 	bpp_y_loss: 0.284661 |	bpp_z_loss: 0.025832 |	bpp_loss: 0.310492 |	mse_loss: 0.001628 |	loss: 0.501036 |	psnr_loss: 28.442291 |
[2024-07-03 09:12:12,075 | INFO | train_one_epoch] Train epoch 1: [6000/10000 (60.00%)] 	bpp_y_loss: 0.281460 |	bpp_z_loss: 0.021673 |	bpp_loss: 0.303133 |	mse_loss: 0.001553 |	loss: 0.484947 |	psnr_loss: 28.665752 |
[2024-07-03 09:16:06,903 | INFO | train_one_epoch] Train epoch 1: [7000/10000 (70.00%)] 	bpp_y_loss: 0.284168 |	bpp_z_loss: 0.018322 |	bpp_loss: 0.302491 |	mse_loss: 0.001544 |	loss: 0.483250 |	psnr_loss: 28.675756 |
[2024-07-03 09:20:00,174 | INFO | train_one_epoch] Train epoch 1: [8000/10000 (80.00%)] 	bpp_y_loss: 0.282222 |	bpp_z_loss: 0.015704 |	bpp_loss: 0.297926 |	mse_loss: 0.001495 |	loss: 0.472923 |	psnr_loss: 28.869900 |
[2024-07-03 09:23:47,682 | INFO | train_one_epoch] Train epoch 1: [9000/10000 (90.00%)] 	bpp_y_loss: 0.282391 |	bpp_z_loss: 0.013566 |	bpp_loss: 0.295957 |	mse_loss: 0.001475 |	loss: 0.468597 |	psnr_loss: 28.863379 |
[2024-07-03 09:27:46,003 | INFO | train_one_epoch] Train epoch 1: [10000/10000 (100.00%)] 	bpp_y_loss: 0.283111 |	bpp_z_loss: 0.011901 |	bpp_loss: 0.295012 |	mse_loss: 0.001488 |	loss: 0.469133 |	psnr_loss: 28.855789 |
[2024-07-03 09:27:48,114 | INFO | test_one_epoch] Testing results for epoch 2 | bpp_y_loss=0.21699 | bpp_z_loss=0.00014 | bpp_loss=0.21713 | mse_loss=0.00274 | loss=0.53809 | psnr_loss=26.24471
[2024-07-03 09:28:04,041 | INFO | train_one_epoch] Learning rate: 5e-05
[2024-07-03 09:28:05,250 | INFO | train_one_epoch] Train epoch 2: [0/10000 (0.00%)] 	bpp_y_loss: 0.299889 |	bpp_z_loss: 0.011265 |	bpp_loss: 0.311155 |	mse_loss: 0.001198 |	loss: 0.451428 |	psnr_loss: 29.213776 |
[2024-07-03 09:31:55,354 | INFO | train_one_epoch] Train epoch 2: [1000/10000 (10.00%)] 	bpp_y_loss: 0.284062 |	bpp_z_loss: 0.010593 |	bpp_loss: 0.294655 |	mse_loss: 0.001450 |	loss: 0.464391 |	psnr_loss: 28.922918 |
[2024-07-03 09:35:39,868 | INFO | train_one_epoch] Train epoch 2: [2000/10000 (20.00%)] 	bpp_y_loss: 0.283738 |	bpp_z_loss: 0.009470 |	bpp_loss: 0.293207 |	mse_loss: 0.001431 |	loss: 0.460746 |	psnr_loss: 28.986567 |
[2024-07-03 09:39:48,909 | INFO | train_one_epoch] Train epoch 2: [3000/10000 (30.00%)] 	bpp_y_loss: 0.282502 |	bpp_z_loss: 0.008548 |	bpp_loss: 0.291050 |	mse_loss: 0.001445 |	loss: 0.460229 |	psnr_loss: 28.944302 |
[2024-07-03 09:43:46,710 | INFO | train_one_epoch] Train epoch 2: [4000/10000 (40.00%)] 	bpp_y_loss: 0.283394 |	bpp_z_loss: 0.007778 |	bpp_loss: 0.291171 |	mse_loss: 0.001390 |	loss: 0.453869 |	psnr_loss: 29.096331 |
[2024-07-03 09:47:44,067 | INFO | train_one_epoch] Train epoch 2: [5000/10000 (50.00%)] 	bpp_y_loss: 0.282307 |	bpp_z_loss: 0.007096 |	bpp_loss: 0.289404 |	mse_loss: 0.001372 |	loss: 0.449953 |	psnr_loss: 29.132557 |
[2024-07-03 09:51:34,271 | INFO | train_one_epoch] Train epoch 2: [6000/10000 (60.00%)] 	bpp_y_loss: 0.280909 |	bpp_z_loss: 0.006469 |	bpp_loss: 0.287378 |	mse_loss: 0.001386 |	loss: 0.449606 |	psnr_loss: 29.142418 |
[2024-07-03 09:55:35,381 | INFO | train_one_epoch] Train epoch 2: [7000/10000 (70.00%)] 	bpp_y_loss: 0.282039 |	bpp_z_loss: 0.005891 |	bpp_loss: 0.287930 |	mse_loss: 0.001367 |	loss: 0.447947 |	psnr_loss: 29.112093 |
[2024-07-03 09:59:36,767 | INFO | train_one_epoch] Train epoch 2: [8000/10000 (80.00%)] 	bpp_y_loss: 0.279531 |	bpp_z_loss: 0.005386 |	bpp_loss: 0.284916 |	mse_loss: 0.001353 |	loss: 0.443293 |	psnr_loss: 29.221087 |
[2024-07-03 10:03:40,398 | INFO | train_one_epoch] Train epoch 2: [9000/10000 (90.00%)] 	bpp_y_loss: 0.280478 |	bpp_z_loss: 0.004997 |	bpp_loss: 0.285475 |	mse_loss: 0.001376 |	loss: 0.446526 |	psnr_loss: 29.124533 |
[2024-07-03 10:07:58,170 | INFO | train_one_epoch] Train epoch 2: [10000/10000 (100.00%)] 	bpp_y_loss: 0.277270 |	bpp_z_loss: 0.004655 |	bpp_loss: 0.281925 |	mse_loss: 0.001336 |	loss: 0.438327 |	psnr_loss: 29.289959 |
[2024-07-03 10:08:00,709 | INFO | test_one_epoch] Testing results for epoch 3 | bpp_y_loss=0.12462 | bpp_z_loss=0.00206 | bpp_loss=0.12669 | mse_loss=0.00259 | loss=0.43041 | psnr_loss=26.48153
[2024-07-03 10:08:16,910 | INFO | train_one_epoch] Learning rate: 5e-05
[2024-07-03 10:08:18,307 | INFO | train_one_epoch] Train epoch 3: [0/10000 (0.00%)] 	bpp_y_loss: 0.273520 |	bpp_z_loss: 0.004500 |	bpp_loss: 0.278020 |	mse_loss: 0.001853 |	loss: 0.494880 |	psnr_loss: 27.321747 |
[2024-07-03 10:12:45,630 | INFO | train_one_epoch] Train epoch 3: [1000/10000 (10.00%)] 	bpp_y_loss: 0.277061 |	bpp_z_loss: 0.004396 |	bpp_loss: 0.281458 |	mse_loss: 0.001318 |	loss: 0.435706 |	psnr_loss: 29.336893 |
[2024-07-03 10:16:53,394 | INFO | train_one_epoch] Train epoch 3: [2000/10000 (20.00%)] 	bpp_y_loss: 0.278385 |	bpp_z_loss: 0.004203 |	bpp_loss: 0.282588 |	mse_loss: 0.001323 |	loss: 0.437443 |	psnr_loss: 29.350004 |
[2024-07-03 10:21:19,748 | INFO | train_one_epoch] Train epoch 3: [3000/10000 (30.00%)] 	bpp_y_loss: 0.277956 |	bpp_z_loss: 0.004047 |	bpp_loss: 0.282003 |	mse_loss: 0.001329 |	loss: 0.437503 |	psnr_loss: 29.286449 |
[2024-07-03 10:25:35,246 | INFO | train_one_epoch] Train epoch 3: [4000/10000 (40.00%)] 	bpp_y_loss: 0.278271 |	bpp_z_loss: 0.003913 |	bpp_loss: 0.282184 |	mse_loss: 0.001321 |	loss: 0.436767 |	psnr_loss: 29.312181 |
[2024-07-03 10:29:59,964 | INFO | train_one_epoch] Train epoch 3: [5000/10000 (50.00%)] 	bpp_y_loss: 0.280628 |	bpp_z_loss: 0.003818 |	bpp_loss: 0.284446 |	mse_loss: 0.001377 |	loss: 0.445659 |	psnr_loss: 29.159817 |
[2024-07-03 10:34:22,878 | INFO | train_one_epoch] Train epoch 3: [6000/10000 (60.00%)] 	bpp_y_loss: 0.277258 |	bpp_z_loss: 0.003741 |	bpp_loss: 0.280998 |	mse_loss: 0.001314 |	loss: 0.434808 |	psnr_loss: 29.357061 |
[2024-07-03 10:38:42,653 | INFO | train_one_epoch] Train epoch 3: [7000/10000 (70.00%)] 	bpp_y_loss: 0.275955 |	bpp_z_loss: 0.003648 |	bpp_loss: 0.279603 |	mse_loss: 0.001272 |	loss: 0.428525 |	psnr_loss: 29.448166 |
[2024-07-03 10:42:55,531 | INFO | train_one_epoch] Train epoch 3: [8000/10000 (80.00%)] 	bpp_y_loss: 0.276803 |	bpp_z_loss: 0.003594 |	bpp_loss: 0.280398 |	mse_loss: 0.001309 |	loss: 0.433572 |	psnr_loss: 29.416578 |
[2024-07-03 10:47:14,762 | INFO | train_one_epoch] Train epoch 3: [9000/10000 (90.00%)] 	bpp_y_loss: 0.278057 |	bpp_z_loss: 0.003541 |	bpp_loss: 0.281598 |	mse_loss: 0.001295 |	loss: 0.433162 |	psnr_loss: 29.371010 |
[2024-07-03 10:51:33,786 | INFO | train_one_epoch] Train epoch 3: [10000/10000 (100.00%)] 	bpp_y_loss: 0.276275 |	bpp_z_loss: 0.003483 |	bpp_loss: 0.279758 |	mse_loss: 0.001259 |	loss: 0.427167 |	psnr_loss: 29.488901 |
[2024-07-03 10:51:36,131 | INFO | test_one_epoch] Testing results for epoch 4 | bpp_y_loss=0.12870 | bpp_z_loss=0.00226 | bpp_loss=0.13096 | mse_loss=0.00251 | loss=0.42437 | psnr_loss=26.57493
[2024-07-03 10:51:55,082 | INFO | train_one_epoch] Learning rate: 5e-05
[2024-07-03 10:51:56,259 | INFO | train_one_epoch] Train epoch 4: [0/10000 (0.00%)] 	bpp_y_loss: 0.305744 |	bpp_z_loss: 0.003778 |	bpp_loss: 0.309523 |	mse_loss: 0.001477 |	loss: 0.482381 |	psnr_loss: 28.306618 |
[2024-07-03 10:55:55,813 | INFO | train_one_epoch] Train epoch 4: [1000/10000 (10.00%)] 	bpp_y_loss: 0.276053 |	bpp_z_loss: 0.003462 |	bpp_loss: 0.279515 |	mse_loss: 0.001271 |	loss: 0.428299 |	psnr_loss: 29.504482 |
[2024-07-03 10:59:53,358 | INFO | train_one_epoch] Train epoch 4: [2000/10000 (20.00%)] 	bpp_y_loss: 0.276270 |	bpp_z_loss: 0.003430 |	bpp_loss: 0.279700 |	mse_loss: 0.001274 |	loss: 0.428815 |	psnr_loss: 29.471666 |
[2024-07-03 11:04:08,224 | INFO | train_one_epoch] Train epoch 4: [3000/10000 (30.00%)] 	bpp_y_loss: 0.275208 |	bpp_z_loss: 0.003403 |	bpp_loss: 0.278611 |	mse_loss: 0.001240 |	loss: 0.423750 |	psnr_loss: 29.573582 |
[2024-07-03 11:08:15,794 | INFO | train_one_epoch] Train epoch 4: [4000/10000 (40.00%)] 	bpp_y_loss: 0.277779 |	bpp_z_loss: 0.003379 |	bpp_loss: 0.281158 |	mse_loss: 0.001267 |	loss: 0.429468 |	psnr_loss: 29.450064 |
[2024-07-03 11:12:35,885 | INFO | train_one_epoch] Train epoch 4: [5000/10000 (50.00%)] 	bpp_y_loss: 0.274551 |	bpp_z_loss: 0.003338 |	bpp_loss: 0.277889 |	mse_loss: 0.001259 |	loss: 0.425207 |	psnr_loss: 29.521269 |
[2024-07-03 11:16:46,527 | INFO | train_one_epoch] Train epoch 4: [6000/10000 (60.00%)] 	bpp_y_loss: 0.276304 |	bpp_z_loss: 0.003339 |	bpp_loss: 0.279643 |	mse_loss: 0.001272 |	loss: 0.428563 |	psnr_loss: 29.525871 |
[2024-07-03 11:20:52,830 | INFO | train_one_epoch] Train epoch 4: [7000/10000 (70.00%)] 	bpp_y_loss: 0.273179 |	bpp_z_loss: 0.003312 |	bpp_loss: 0.276491 |	mse_loss: 0.001211 |	loss: 0.418238 |	psnr_loss: 29.701038 |
[2024-07-03 11:24:51,326 | INFO | train_one_epoch] Train epoch 4: [8000/10000 (80.00%)] 	bpp_y_loss: 0.274466 |	bpp_z_loss: 0.003304 |	bpp_loss: 0.277770 |	mse_loss: 0.001217 |	loss: 0.420224 |	psnr_loss: 29.632399 |
[2024-07-03 11:28:45,162 | INFO | train_one_epoch] Train epoch 4: [9000/10000 (90.00%)] 	bpp_y_loss: 0.275604 |	bpp_z_loss: 0.003298 |	bpp_loss: 0.278902 |	mse_loss: 0.001232 |	loss: 0.423084 |	psnr_loss: 29.632727 |
[2024-07-03 11:32:44,301 | INFO | train_one_epoch] Train epoch 4: [10000/10000 (100.00%)] 	bpp_y_loss: 0.275105 |	bpp_z_loss: 0.003298 |	bpp_loss: 0.278403 |	mse_loss: 0.001269 |	loss: 0.426944 |	psnr_loss: 29.505674 |
[2024-07-03 11:32:47,147 | INFO | test_one_epoch] Testing results for epoch 5 | bpp_y_loss=0.12754 | bpp_z_loss=0.00235 | bpp_loss=0.12989 | mse_loss=0.00235 | loss=0.40475 | psnr_loss=26.90295
[2024-07-03 11:33:04,882 | INFO | train_one_epoch] Learning rate: 5e-05
[2024-07-03 11:33:05,844 | INFO | train_one_epoch] Train epoch 5: [0/10000 (0.00%)] 	bpp_y_loss: 0.292098 |	bpp_z_loss: 0.003235 |	bpp_loss: 0.295333 |	mse_loss: 0.001166 |	loss: 0.431751 |	psnr_loss: 29.334833 |
[2024-07-03 11:37:15,685 | INFO | train_one_epoch] Train epoch 5: [1000/10000 (10.00%)] 	bpp_y_loss: 0.274916 |	bpp_z_loss: 0.003285 |	bpp_loss: 0.278201 |	mse_loss: 0.001229 |	loss: 0.422108 |	psnr_loss: 29.598946 |
[2024-07-03 11:41:02,763 | INFO | train_one_epoch] Train epoch 5: [2000/10000 (20.00%)] 	bpp_y_loss: 0.275842 |	bpp_z_loss: 0.003278 |	bpp_loss: 0.279120 |	mse_loss: 0.001274 |	loss: 0.428283 |	psnr_loss: 29.529478 |
[2024-07-03 11:45:02,642 | INFO | train_one_epoch] Train epoch 5: [3000/10000 (30.00%)] 	bpp_y_loss: 0.274935 |	bpp_z_loss: 0.003274 |	bpp_loss: 0.278209 |	mse_loss: 0.001230 |	loss: 0.422230 |	psnr_loss: 29.638121 |
[2024-07-03 11:49:22,273 | INFO | train_one_epoch] Train epoch 5: [4000/10000 (40.00%)] 	bpp_y_loss: 0.275255 |	bpp_z_loss: 0.003277 |	bpp_loss: 0.278532 |	mse_loss: 0.001222 |	loss: 0.421606 |	psnr_loss: 29.654387 |
[2024-07-03 11:53:45,618 | INFO | train_one_epoch] Train epoch 5: [5000/10000 (50.00%)] 	bpp_y_loss: 0.273054 |	bpp_z_loss: 0.003261 |	bpp_loss: 0.276315 |	mse_loss: 0.001214 |	loss: 0.418445 |	psnr_loss: 29.704529 |
[2024-07-03 11:58:04,677 | INFO | train_one_epoch] Train epoch 5: [6000/10000 (60.00%)] 	bpp_y_loss: 0.275286 |	bpp_z_loss: 0.003261 |	bpp_loss: 0.278547 |	mse_loss: 0.001229 |	loss: 0.422432 |	psnr_loss: 29.617811 |
[2024-07-03 12:02:33,793 | INFO | train_one_epoch] Train epoch 5: [7000/10000 (70.00%)] 	bpp_y_loss: 0.272665 |	bpp_z_loss: 0.003237 |	bpp_loss: 0.275903 |	mse_loss: 0.001208 |	loss: 0.417336 |	psnr_loss: 29.743158 |
[2024-07-03 12:06:49,360 | INFO | train_one_epoch] Train epoch 5: [8000/10000 (80.00%)] 	bpp_y_loss: 0.274490 |	bpp_z_loss: 0.003258 |	bpp_loss: 0.277748 |	mse_loss: 0.001243 |	loss: 0.423214 |	psnr_loss: 29.602177 |
[2024-07-03 12:11:05,185 | INFO | train_one_epoch] Train epoch 5: [9000/10000 (90.00%)] 	bpp_y_loss: 0.272710 |	bpp_z_loss: 0.003253 |	bpp_loss: 0.275963 |	mse_loss: 0.001185 |	loss: 0.414619 |	psnr_loss: 29.761993 |
[2024-07-03 12:15:19,263 | INFO | train_one_epoch] Train epoch 5: [10000/10000 (100.00%)] 	bpp_y_loss: 0.273473 |	bpp_z_loss: 0.003253 |	bpp_loss: 0.276726 |	mse_loss: 0.001203 |	loss: 0.417521 |	psnr_loss: 29.757675 |
[2024-07-03 12:15:22,627 | INFO | test_one_epoch] Testing results for epoch 6 | bpp_y_loss=0.12595 | bpp_z_loss=0.00252 | bpp_loss=0.12847 | mse_loss=0.00226 | loss=0.39349 | psnr_loss=27.06892
[2024-07-03 12:15:41,195 | INFO | train_one_epoch] Learning rate: 5e-05
[2024-07-03 12:15:42,093 | INFO | train_one_epoch] Train epoch 6: [0/10000 (0.00%)] 	bpp_y_loss: 0.312335 |	bpp_z_loss: 0.003364 |	bpp_loss: 0.315699 |	mse_loss: 0.001942 |	loss: 0.542961 |	psnr_loss: 27.118267 |
[2024-07-03 12:19:55,416 | INFO | train_one_epoch] Train epoch 6: [1000/10000 (10.00%)] 	bpp_y_loss: 0.272944 |	bpp_z_loss: 0.003255 |	bpp_loss: 0.276199 |	mse_loss: 0.001185 |	loss: 0.414879 |	psnr_loss: 29.733526 |
[2024-07-03 12:24:04,052 | INFO | train_one_epoch] Train epoch 6: [2000/10000 (20.00%)] 	bpp_y_loss: 0.272954 |	bpp_z_loss: 0.003242 |	bpp_loss: 0.276196 |	mse_loss: 0.001189 |	loss: 0.415397 |	psnr_loss: 29.752121 |
[2024-07-03 12:27:46,085 | INFO | train_one_epoch] Train epoch 6: [3000/10000 (30.00%)] 	bpp_y_loss: 0.273506 |	bpp_z_loss: 0.003259 |	bpp_loss: 0.276764 |	mse_loss: 0.001202 |	loss: 0.417428 |	psnr_loss: 29.711290 |
[2024-07-03 12:31:45,458 | INFO | train_one_epoch] Train epoch 6: [4000/10000 (40.00%)] 	bpp_y_loss: 0.274277 |	bpp_z_loss: 0.003277 |	bpp_loss: 0.277554 |	mse_loss: 0.001197 |	loss: 0.417623 |	psnr_loss: 29.734629 |
[2024-07-03 12:35:45,694 | INFO | train_one_epoch] Train epoch 6: [5000/10000 (50.00%)] 	bpp_y_loss: 0.275388 |	bpp_z_loss: 0.003288 |	bpp_loss: 0.278676 |	mse_loss: 0.001227 |	loss: 0.422309 |	psnr_loss: 29.654566 |
[2024-07-03 12:39:55,010 | INFO | train_one_epoch] Train epoch 6: [6000/10000 (60.00%)] 	bpp_y_loss: 0.274611 |	bpp_z_loss: 0.003284 |	bpp_loss: 0.277895 |	mse_loss: 0.001225 |	loss: 0.421251 |	psnr_loss: 29.703703 |
[2024-07-03 12:44:06,389 | INFO | train_one_epoch] Train epoch 6: [7000/10000 (70.00%)] 	bpp_y_loss: 0.272783 |	bpp_z_loss: 0.003275 |	bpp_loss: 0.276058 |	mse_loss: 0.001215 |	loss: 0.418310 |	psnr_loss: 29.702366 |
[2024-07-03 12:48:12,120 | INFO | train_one_epoch] Train epoch 6: [8000/10000 (80.00%)] 	bpp_y_loss: 0.272091 |	bpp_z_loss: 0.003273 |	bpp_loss: 0.275364 |	mse_loss: 0.001165 |	loss: 0.411743 |	psnr_loss: 29.872740 |
[2024-07-03 12:52:14,197 | INFO | train_one_epoch] Train epoch 6: [9000/10000 (90.00%)] 	bpp_y_loss: 0.273904 |	bpp_z_loss: 0.003286 |	bpp_loss: 0.277190 |	mse_loss: 0.001182 |	loss: 0.415519 |	psnr_loss: 29.776953 |
[2024-07-03 12:56:19,245 | INFO | train_one_epoch] Train epoch 6: [10000/10000 (100.00%)] 	bpp_y_loss: 0.273629 |	bpp_z_loss: 0.003286 |	bpp_loss: 0.276915 |	mse_loss: 0.001182 |	loss: 0.415275 |	psnr_loss: 29.847355 |
[2024-07-03 12:56:21,472 | INFO | test_one_epoch] Testing results for epoch 7 | bpp_y_loss=0.12481 | bpp_z_loss=0.00281 | bpp_loss=0.12761 | mse_loss=0.00224 | loss=0.38995 | psnr_loss=27.11576
[2024-07-03 12:56:34,782 | INFO | train_one_epoch] Learning rate: 5e-05
[2024-07-03 12:56:35,893 | INFO | train_one_epoch] Train epoch 7: [0/10000 (0.00%)] 	bpp_y_loss: 0.252879 |	bpp_z_loss: 0.003151 |	bpp_loss: 0.256031 |	mse_loss: 0.000962 |	loss: 0.368606 |	psnr_loss: 30.169086 |
[2024-07-03 13:00:41,739 | INFO | train_one_epoch] Train epoch 7: [1000/10000 (10.00%)] 	bpp_y_loss: 0.273855 |	bpp_z_loss: 0.003303 |	bpp_loss: 0.277158 |	mse_loss: 0.001195 |	loss: 0.416973 |	psnr_loss: 29.742313 |
[2024-07-03 13:04:49,905 | INFO | train_one_epoch] Train epoch 7: [2000/10000 (20.00%)] 	bpp_y_loss: 0.274184 |	bpp_z_loss: 0.003289 |	bpp_loss: 0.277473 |	mse_loss: 0.001199 |	loss: 0.417764 |	psnr_loss: 29.726877 |
[2024-07-03 13:08:55,107 | INFO | train_one_epoch] Train epoch 7: [3000/10000 (30.00%)] 	bpp_y_loss: 0.273443 |	bpp_z_loss: 0.003286 |	bpp_loss: 0.276728 |	mse_loss: 0.001188 |	loss: 0.415723 |	psnr_loss: 29.848978 |
[2024-07-03 13:13:01,339 | INFO | train_one_epoch] Train epoch 7: [4000/10000 (40.00%)] 	bpp_y_loss: 0.273674 |	bpp_z_loss: 0.003301 |	bpp_loss: 0.276975 |	mse_loss: 0.001229 |	loss: 0.420882 |	psnr_loss: 29.689222 |
[2024-07-03 13:17:19,171 | INFO | train_one_epoch] Train epoch 7: [5000/10000 (50.00%)] 	bpp_y_loss: 0.272853 |	bpp_z_loss: 0.003315 |	bpp_loss: 0.276168 |	mse_loss: 0.001176 |	loss: 0.413837 |	psnr_loss: 29.829111 |
[2024-07-03 13:21:31,913 | INFO | train_one_epoch] Train epoch 7: [6000/10000 (60.00%)] 	bpp_y_loss: 0.273676 |	bpp_z_loss: 0.003304 |	bpp_loss: 0.276979 |	mse_loss: 0.001186 |	loss: 0.415758 |	psnr_loss: 29.826511 |
[2024-07-03 13:25:41,954 | INFO | train_one_epoch] Train epoch 7: [7000/10000 (70.00%)] 	bpp_y_loss: 0.273603 |	bpp_z_loss: 0.003294 |	bpp_loss: 0.276896 |	mse_loss: 0.001180 |	loss: 0.415004 |	psnr_loss: 29.828575 |
[2024-07-03 13:29:55,908 | INFO | train_one_epoch] Train epoch 7: [8000/10000 (80.00%)] 	bpp_y_loss: 0.273062 |	bpp_z_loss: 0.003312 |	bpp_loss: 0.276374 |	mse_loss: 0.001168 |	loss: 0.413052 |	psnr_loss: 29.806551 |
[2024-07-03 13:34:02,551 | INFO | train_one_epoch] Train epoch 7: [9000/10000 (90.00%)] 	bpp_y_loss: 0.272296 |	bpp_z_loss: 0.003309 |	bpp_loss: 0.275605 |	mse_loss: 0.001172 |	loss: 0.412803 |	psnr_loss: 29.898087 |
[2024-07-03 13:38:08,230 | INFO | train_one_epoch] Train epoch 7: [10000/10000 (100.00%)] 	bpp_y_loss: 0.272631 |	bpp_z_loss: 0.003313 |	bpp_loss: 0.275945 |	mse_loss: 0.001157 |	loss: 0.411381 |	psnr_loss: 29.906416 |
[2024-07-03 13:38:10,670 | INFO | test_one_epoch] Testing results for epoch 8 | bpp_y_loss=0.12785 | bpp_z_loss=0.00296 | bpp_loss=0.13080 | mse_loss=0.00215 | loss=0.38278 | psnr_loss=27.27201
[2024-07-03 13:38:26,769 | INFO | train_one_epoch] Learning rate: 5e-05
[2024-07-03 13:38:27,634 | INFO | train_one_epoch] Train epoch 8: [0/10000 (0.00%)] 	bpp_y_loss: 0.342394 |	bpp_z_loss: 0.003817 |	bpp_loss: 0.346211 |	mse_loss: 0.002018 |	loss: 0.582453 |	psnr_loss: 26.949959 |
[2024-07-03 13:42:35,255 | INFO | train_one_epoch] Train epoch 8: [1000/10000 (10.00%)] 	bpp_y_loss: 0.272703 |	bpp_z_loss: 0.003315 |	bpp_loss: 0.276018 |	mse_loss: 0.001139 |	loss: 0.409332 |	psnr_loss: 29.937965 |
[2024-07-03 13:46:48,667 | INFO | train_one_epoch] Train epoch 8: [2000/10000 (20.00%)] 	bpp_y_loss: 0.272720 |	bpp_z_loss: 0.003317 |	bpp_loss: 0.276038 |	mse_loss: 0.001137 |	loss: 0.409061 |	psnr_loss: 29.934019 |
[2024-07-03 13:51:08,950 | INFO | train_one_epoch] Train epoch 8: [3000/10000 (30.00%)] 	bpp_y_loss: 0.274782 |	bpp_z_loss: 0.003339 |	bpp_loss: 0.278121 |	mse_loss: 0.001167 |	loss: 0.414739 |	psnr_loss: 29.870459 |
[2024-07-03 13:55:06,540 | INFO | train_one_epoch] Train epoch 8: [4000/10000 (40.00%)] 	bpp_y_loss: 0.274074 |	bpp_z_loss: 0.003330 |	bpp_loss: 0.277404 |	mse_loss: 0.001157 |	loss: 0.412844 |	psnr_loss: 29.880531 |
[2024-07-03 13:59:21,968 | INFO | train_one_epoch] Train epoch 8: [5000/10000 (50.00%)] 	bpp_y_loss: 0.273529 |	bpp_z_loss: 0.003349 |	bpp_loss: 0.276878 |	mse_loss: 0.001159 |	loss: 0.412513 |	psnr_loss: 29.854227 |
[2024-07-03 14:03:34,685 | INFO | train_one_epoch] Train epoch 8: [6000/10000 (60.00%)] 	bpp_y_loss: 0.274140 |	bpp_z_loss: 0.003342 |	bpp_loss: 0.277482 |	mse_loss: 0.001141 |	loss: 0.411059 |	psnr_loss: 29.947945 |
[2024-07-03 14:07:48,235 | INFO | train_one_epoch] Train epoch 8: [7000/10000 (70.00%)] 	bpp_y_loss: 0.273147 |	bpp_z_loss: 0.003333 |	bpp_loss: 0.276480 |	mse_loss: 0.001113 |	loss: 0.406805 |	psnr_loss: 30.002001 |
[2024-07-03 14:12:10,215 | INFO | train_one_epoch] Train epoch 8: [8000/10000 (80.00%)] 	bpp_y_loss: 0.272822 |	bpp_z_loss: 0.003344 |	bpp_loss: 0.276166 |	mse_loss: 0.001150 |	loss: 0.410733 |	psnr_loss: 29.938366 |
[2024-07-03 14:16:32,691 | INFO | train_one_epoch] Train epoch 8: [9000/10000 (90.00%)] 	bpp_y_loss: 0.274182 |	bpp_z_loss: 0.003346 |	bpp_loss: 0.277528 |	mse_loss: 0.001170 |	loss: 0.414477 |	psnr_loss: 29.827948 |
[2024-07-03 14:20:50,723 | INFO | train_one_epoch] Train epoch 8: [10000/10000 (100.00%)] 	bpp_y_loss: 0.272058 |	bpp_z_loss: 0.003350 |	bpp_loss: 0.275408 |	mse_loss: 0.001111 |	loss: 0.405391 |	psnr_loss: 30.103163 |
[2024-07-03 14:20:53,463 | INFO | test_one_epoch] Testing results for epoch 9 | bpp_y_loss=0.12938 | bpp_z_loss=0.00307 | bpp_loss=0.13245 | mse_loss=0.00208 | loss=0.37625 | psnr_loss=27.43128
[2024-07-03 14:21:10,081 | INFO | train_one_epoch] Learning rate: 5e-05
[2024-07-03 14:21:11,375 | INFO | train_one_epoch] Train epoch 9: [0/10000 (0.00%)] 	bpp_y_loss: 0.309544 |	bpp_z_loss: 0.003457 |	bpp_loss: 0.313001 |	mse_loss: 0.001307 |	loss: 0.465987 |	psnr_loss: 28.837034 |
[2024-07-03 14:25:25,141 | INFO | train_one_epoch] Train epoch 9: [1000/10000 (10.00%)] 	bpp_y_loss: 0.273337 |	bpp_z_loss: 0.003352 |	bpp_loss: 0.276689 |	mse_loss: 0.001160 |	loss: 0.412513 |	psnr_loss: 29.886469 |
[2024-07-03 14:29:28,651 | INFO | train_one_epoch] Train epoch 9: [2000/10000 (20.00%)] 	bpp_y_loss: 0.269690 |	bpp_z_loss: 0.003337 |	bpp_loss: 0.273027 |	mse_loss: 0.001096 |	loss: 0.401342 |	psnr_loss: 30.133173 |
[2024-07-03 14:33:23,026 | INFO | train_one_epoch] Train epoch 9: [3000/10000 (30.00%)] 	bpp_y_loss: 0.270870 |	bpp_z_loss: 0.003348 |	bpp_loss: 0.274218 |	mse_loss: 0.001114 |	loss: 0.404610 |	psnr_loss: 30.067341 |
[2024-07-03 14:37:21,843 | INFO | train_one_epoch] Train epoch 9: [4000/10000 (40.00%)] 	bpp_y_loss: 0.270659 |	bpp_z_loss: 0.003350 |	bpp_loss: 0.274009 |	mse_loss: 0.001091 |	loss: 0.401733 |	psnr_loss: 30.118500 |
[2024-07-03 14:41:23,458 | INFO | train_one_epoch] Train epoch 9: [5000/10000 (50.00%)] 	bpp_y_loss: 0.271857 |	bpp_z_loss: 0.003361 |	bpp_loss: 0.275218 |	mse_loss: 0.001126 |	loss: 0.407034 |	psnr_loss: 30.039619 |
[2024-07-03 14:45:38,899 | INFO | train_one_epoch] Train epoch 9: [6000/10000 (60.00%)] 	bpp_y_loss: 0.272826 |	bpp_z_loss: 0.003363 |	bpp_loss: 0.276188 |	mse_loss: 0.001125 |	loss: 0.407853 |	psnr_loss: 29.955976 |
[2024-07-03 14:50:02,306 | INFO | train_one_epoch] Train epoch 9: [7000/10000 (70.00%)] 	bpp_y_loss: 0.271848 |	bpp_z_loss: 0.003364 |	bpp_loss: 0.275212 |	mse_loss: 0.001134 |	loss: 0.407996 |	psnr_loss: 29.953352 |
[2024-07-03 14:54:26,106 | INFO | train_one_epoch] Train epoch 9: [8000/10000 (80.00%)] 	bpp_y_loss: 0.274746 |	bpp_z_loss: 0.003371 |	bpp_loss: 0.278117 |	mse_loss: 0.001176 |	loss: 0.415768 |	psnr_loss: 29.852236 |
[2024-07-03 14:58:43,045 | INFO | train_one_epoch] Train epoch 9: [9000/10000 (90.00%)] 	bpp_y_loss: 0.272049 |	bpp_z_loss: 0.003359 |	bpp_loss: 0.275408 |	mse_loss: 0.001127 |	loss: 0.407288 |	psnr_loss: 30.059835 |
[2024-07-03 15:02:57,590 | INFO | train_one_epoch] Train epoch 9: [10000/10000 (100.00%)] 	bpp_y_loss: 0.272982 |	bpp_z_loss: 0.003378 |	bpp_loss: 0.276360 |	mse_loss: 0.001109 |	loss: 0.406137 |	psnr_loss: 30.073938 |
[2024-07-03 15:02:59,971 | INFO | test_one_epoch] Testing results for epoch 10 | bpp_y_loss=0.12888 | bpp_z_loss=0.00325 | bpp_loss=0.13214 | mse_loss=0.00207 | loss=0.37396 | psnr_loss=27.44484
[2024-07-03 15:03:16,478 | INFO | train_one_epoch] Learning rate: 5e-05
[2024-07-03 15:03:17,620 | INFO | train_one_epoch] Train epoch 10: [0/10000 (0.00%)] 	bpp_y_loss: 0.281671 |	bpp_z_loss: 0.003334 |	bpp_loss: 0.285005 |	mse_loss: 0.000892 |	loss: 0.389440 |	psnr_loss: 30.495068 |
[2024-07-03 15:07:29,026 | INFO | train_one_epoch] Train epoch 10: [1000/10000 (10.00%)] 	bpp_y_loss: 0.271312 |	bpp_z_loss: 0.003378 |	bpp_loss: 0.274690 |	mse_loss: 0.001085 |	loss: 0.401681 |	psnr_loss: 30.154703 |
[2024-07-03 15:11:36,538 | INFO | train_one_epoch] Train epoch 10: [2000/10000 (20.00%)] 	bpp_y_loss: 0.272122 |	bpp_z_loss: 0.003384 |	bpp_loss: 0.275507 |	mse_loss: 0.001113 |	loss: 0.405760 |	psnr_loss: 30.078564 |
[2024-07-03 15:15:55,808 | INFO | train_one_epoch] Train epoch 10: [3000/10000 (30.00%)] 	bpp_y_loss: 0.272131 |	bpp_z_loss: 0.003385 |	bpp_loss: 0.275516 |	mse_loss: 0.001111 |	loss: 0.405579 |	psnr_loss: 30.079493 |
[2024-07-03 15:20:07,534 | INFO | train_one_epoch] Train epoch 10: [4000/10000 (40.00%)] 	bpp_y_loss: 0.273128 |	bpp_z_loss: 0.003394 |	bpp_loss: 0.276522 |	mse_loss: 0.001135 |	loss: 0.409413 |	psnr_loss: 30.001820 |
[2024-07-03 15:24:16,863 | INFO | train_one_epoch] Train epoch 10: [5000/10000 (50.00%)] 	bpp_y_loss: 0.272527 |	bpp_z_loss: 0.003382 |	bpp_loss: 0.275909 |	mse_loss: 0.001105 |	loss: 0.405263 |	psnr_loss: 30.082584 |
[2024-07-03 15:28:19,484 | INFO | train_one_epoch] Train epoch 10: [6000/10000 (60.00%)] 	bpp_y_loss: 0.273035 |	bpp_z_loss: 0.003389 |	bpp_loss: 0.276424 |	mse_loss: 0.001140 |	loss: 0.409885 |	psnr_loss: 29.954523 |
[2024-07-03 15:32:24,970 | INFO | train_one_epoch] Train epoch 10: [7000/10000 (70.00%)] 	bpp_y_loss: 0.272071 |	bpp_z_loss: 0.003382 |	bpp_loss: 0.275453 |	mse_loss: 0.001107 |	loss: 0.405046 |	psnr_loss: 30.123453 |
[2024-07-03 15:36:36,899 | INFO | train_one_epoch] Train epoch 10: [8000/10000 (80.00%)] 	bpp_y_loss: 0.272103 |	bpp_z_loss: 0.003389 |	bpp_loss: 0.275493 |	mse_loss: 0.001112 |	loss: 0.405651 |	psnr_loss: 30.026197 |
[2024-07-03 15:40:45,400 | INFO | train_one_epoch] Train epoch 10: [9000/10000 (90.00%)] 	bpp_y_loss: 0.271622 |	bpp_z_loss: 0.003398 |	bpp_loss: 0.275019 |	mse_loss: 0.001112 |	loss: 0.405209 |	psnr_loss: 30.062498 |
[2024-07-03 15:44:51,875 | INFO | train_one_epoch] Train epoch 10: [10000/10000 (100.00%)] 	bpp_y_loss: 0.271135 |	bpp_z_loss: 0.003392 |	bpp_loss: 0.274527 |	mse_loss: 0.001079 |	loss: 0.400762 |	psnr_loss: 30.154568 |
[2024-07-03 15:44:54,333 | INFO | test_one_epoch] Testing results for epoch 11 | bpp_y_loss=0.12993 | bpp_z_loss=0.00333 | bpp_loss=0.13326 | mse_loss=0.00204 | loss=0.37190 | psnr_loss=27.50482
[2024-07-03 15:45:09,769 | INFO | train_one_epoch] Learning rate: 5e-05
[2024-07-03 15:45:10,799 | INFO | train_one_epoch] Train epoch 11: [0/10000 (0.00%)] 	bpp_y_loss: 0.313647 |	bpp_z_loss: 0.003834 |	bpp_loss: 0.317482 |	mse_loss: 0.001464 |	loss: 0.488786 |	psnr_loss: 28.345852 |
[2024-07-03 15:49:40,442 | INFO | train_one_epoch] Train epoch 11: [1000/10000 (10.00%)] 	bpp_y_loss: 0.271319 |	bpp_z_loss: 0.003390 |	bpp_loss: 0.274708 |	mse_loss: 0.001082 |	loss: 0.401315 |	psnr_loss: 30.161064 |
[2024-07-03 15:54:07,565 | INFO | train_one_epoch] Train epoch 11: [2000/10000 (20.00%)] 	bpp_y_loss: 0.271885 |	bpp_z_loss: 0.003389 |	bpp_loss: 0.275274 |	mse_loss: 0.001127 |	loss: 0.407156 |	psnr_loss: 30.018906 |
[2024-07-03 15:58:18,094 | INFO | train_one_epoch] Train epoch 11: [3000/10000 (30.00%)] 	bpp_y_loss: 0.270683 |	bpp_z_loss: 0.003394 |	bpp_loss: 0.274078 |	mse_loss: 0.001092 |	loss: 0.401850 |	psnr_loss: 30.145464 |
[2024-07-03 16:02:23,743 | INFO | train_one_epoch] Train epoch 11: [4000/10000 (40.00%)] 	bpp_y_loss: 0.271218 |	bpp_z_loss: 0.003402 |	bpp_loss: 0.274620 |	mse_loss: 0.001084 |	loss: 0.401520 |	psnr_loss: 30.146177 |
[2024-07-03 16:06:29,996 | INFO | train_one_epoch] Train epoch 11: [5000/10000 (50.00%)] 	bpp_y_loss: 0.269629 |	bpp_z_loss: 0.003398 |	bpp_loss: 0.273027 |	mse_loss: 0.001061 |	loss: 0.397160 |	psnr_loss: 30.229921 |
[2024-07-03 16:10:41,243 | INFO | train_one_epoch] Train epoch 11: [6000/10000 (60.00%)] 	bpp_y_loss: 0.271687 |	bpp_z_loss: 0.003410 |	bpp_loss: 0.275097 |	mse_loss: 0.001090 |	loss: 0.402703 |	psnr_loss: 30.149799 |
[2024-07-03 16:14:57,503 | INFO | train_one_epoch] Train epoch 11: [7000/10000 (70.00%)] 	bpp_y_loss: 0.272336 |	bpp_z_loss: 0.003406 |	bpp_loss: 0.275742 |	mse_loss: 0.001095 |	loss: 0.403862 |	psnr_loss: 30.124439 |
[2024-07-03 16:19:01,442 | INFO | train_one_epoch] Train epoch 11: [8000/10000 (80.00%)] 	bpp_y_loss: 0.272074 |	bpp_z_loss: 0.003410 |	bpp_loss: 0.275484 |	mse_loss: 0.001109 |	loss: 0.405326 |	psnr_loss: 30.065184 |
[2024-07-03 16:23:22,742 | INFO | train_one_epoch] Train epoch 11: [9000/10000 (90.00%)] 	bpp_y_loss: 0.271292 |	bpp_z_loss: 0.003418 |	bpp_loss: 0.274711 |	mse_loss: 0.001112 |	loss: 0.404826 |	psnr_loss: 30.112604 |
[2024-07-03 16:27:39,272 | INFO | train_one_epoch] Train epoch 11: [10000/10000 (100.00%)] 	bpp_y_loss: 0.271795 |	bpp_z_loss: 0.003411 |	bpp_loss: 0.275205 |	mse_loss: 0.001105 |	loss: 0.404548 |	psnr_loss: 30.087305 |
[2024-07-03 16:27:41,272 | INFO | test_one_epoch] Testing results for epoch 12 | bpp_y_loss=0.12712 | bpp_z_loss=0.00337 | bpp_loss=0.13049 | mse_loss=0.00202 | loss=0.36711 | psnr_loss=27.53691
[2024-07-03 16:27:57,509 | INFO | train_one_epoch] Learning rate: 5e-05
[2024-07-03 16:27:58,301 | INFO | train_one_epoch] Train epoch 12: [0/10000 (0.00%)] 	bpp_y_loss: 0.240804 |	bpp_z_loss: 0.003188 |	bpp_loss: 0.243992 |	mse_loss: 0.000793 |	loss: 0.336838 |	psnr_loss: 31.005915 |
[2024-07-03 16:32:18,444 | INFO | train_one_epoch] Train epoch 12: [1000/10000 (10.00%)] 	bpp_y_loss: 0.272797 |	bpp_z_loss: 0.003423 |	bpp_loss: 0.276220 |	mse_loss: 0.001120 |	loss: 0.407259 |	psnr_loss: 30.020433 |
[2024-07-03 16:36:25,865 | INFO | train_one_epoch] Train epoch 12: [2000/10000 (20.00%)] 	bpp_y_loss: 0.273618 |	bpp_z_loss: 0.003426 |	bpp_loss: 0.277044 |	mse_loss: 0.001123 |	loss: 0.408440 |	psnr_loss: 30.013475 |
[2024-07-03 16:40:47,714 | INFO | train_one_epoch] Train epoch 12: [3000/10000 (30.00%)] 	bpp_y_loss: 0.271426 |	bpp_z_loss: 0.003416 |	bpp_loss: 0.274842 |	mse_loss: 0.001085 |	loss: 0.401811 |	psnr_loss: 30.209709 |
[2024-07-03 16:45:12,367 | INFO | train_one_epoch] Train epoch 12: [4000/10000 (40.00%)] 	bpp_y_loss: 0.270812 |	bpp_z_loss: 0.003414 |	bpp_loss: 0.274226 |	mse_loss: 0.001067 |	loss: 0.399133 |	psnr_loss: 30.185169 |
[2024-07-03 16:49:27,744 | INFO | train_one_epoch] Train epoch 12: [5000/10000 (50.00%)] 	bpp_y_loss: 0.271721 |	bpp_z_loss: 0.003422 |	bpp_loss: 0.275144 |	mse_loss: 0.001097 |	loss: 0.403557 |	psnr_loss: 30.085306 |
[2024-07-03 16:53:33,481 | INFO | train_one_epoch] Train epoch 12: [6000/10000 (60.00%)] 	bpp_y_loss: 0.270641 |	bpp_z_loss: 0.003423 |	bpp_loss: 0.274063 |	mse_loss: 0.001054 |	loss: 0.397439 |	psnr_loss: 30.237572 |
[2024-07-03 16:57:45,973 | INFO | train_one_epoch] Train epoch 12: [7000/10000 (70.00%)] 	bpp_y_loss: 0.272457 |	bpp_z_loss: 0.003435 |	bpp_loss: 0.275892 |	mse_loss: 0.001099 |	loss: 0.404574 |	psnr_loss: 30.103764 |
[2024-07-03 17:02:03,552 | INFO | train_one_epoch] Train epoch 12: [8000/10000 (80.00%)] 	bpp_y_loss: 0.271347 |	bpp_z_loss: 0.003425 |	bpp_loss: 0.274773 |	mse_loss: 0.001069 |	loss: 0.399883 |	psnr_loss: 30.169506 |
[2024-07-03 17:06:11,767 | INFO | train_one_epoch] Train epoch 12: [9000/10000 (90.00%)] 	bpp_y_loss: 0.271374 |	bpp_z_loss: 0.003420 |	bpp_loss: 0.274794 |	mse_loss: 0.001083 |	loss: 0.401569 |	psnr_loss: 30.153101 |
[2024-07-03 17:10:20,695 | INFO | train_one_epoch] Train epoch 12: [10000/10000 (100.00%)] 	bpp_y_loss: 0.272448 |	bpp_z_loss: 0.003423 |	bpp_loss: 0.275872 |	mse_loss: 0.001112 |	loss: 0.406012 |	psnr_loss: 30.095530 |
[2024-07-03 17:10:22,942 | INFO | test_one_epoch] Testing results for epoch 13 | bpp_y_loss=0.12691 | bpp_z_loss=0.00340 | bpp_loss=0.13031 | mse_loss=0.00204 | loss=0.36897 | psnr_loss=27.52836
[2024-07-03 17:10:30,701 | INFO | train_one_epoch] Learning rate: 5e-05
[2024-07-03 17:10:31,476 | INFO | train_one_epoch] Train epoch 13: [0/10000 (0.00%)] 	bpp_y_loss: 0.320647 |	bpp_z_loss: 0.003776 |	bpp_loss: 0.324423 |	mse_loss: 0.001630 |	loss: 0.515205 |	psnr_loss: 27.878162 |
[2024-07-03 17:14:42,317 | INFO | train_one_epoch] Train epoch 13: [1000/10000 (10.00%)] 	bpp_y_loss: 0.272657 |	bpp_z_loss: 0.003430 |	bpp_loss: 0.276087 |	mse_loss: 0.001105 |	loss: 0.405413 |	psnr_loss: 30.113403 |
[2024-07-03 17:18:49,137 | INFO | train_one_epoch] Train epoch 13: [2000/10000 (20.00%)] 	bpp_y_loss: 0.270863 |	bpp_z_loss: 0.003427 |	bpp_loss: 0.274290 |	mse_loss: 0.001077 |	loss: 0.400404 |	psnr_loss: 30.199907 |
[2024-07-03 17:22:57,598 | INFO | train_one_epoch] Train epoch 13: [3000/10000 (30.00%)] 	bpp_y_loss: 0.272456 |	bpp_z_loss: 0.003438 |	bpp_loss: 0.275895 |	mse_loss: 0.001126 |	loss: 0.407739 |	psnr_loss: 30.041967 |
[2024-07-03 17:27:05,416 | INFO | train_one_epoch] Train epoch 13: [4000/10000 (40.00%)] 	bpp_y_loss: 0.270580 |	bpp_z_loss: 0.003426 |	bpp_loss: 0.274006 |	mse_loss: 0.001083 |	loss: 0.400785 |	psnr_loss: 30.170023 |
[2024-07-03 17:31:10,877 | INFO | train_one_epoch] Train epoch 13: [5000/10000 (50.00%)] 	bpp_y_loss: 0.271506 |	bpp_z_loss: 0.003443 |	bpp_loss: 0.274949 |	mse_loss: 0.001091 |	loss: 0.402617 |	psnr_loss: 30.169775 |
[2024-07-03 17:35:13,430 | INFO | train_one_epoch] Train epoch 13: [6000/10000 (60.00%)] 	bpp_y_loss: 0.270015 |	bpp_z_loss: 0.003425 |	bpp_loss: 0.273439 |	mse_loss: 0.001057 |	loss: 0.397159 |	psnr_loss: 30.248812 |
[2024-07-03 17:39:18,095 | INFO | train_one_epoch] Train epoch 13: [7000/10000 (70.00%)] 	bpp_y_loss: 0.270686 |	bpp_z_loss: 0.003435 |	bpp_loss: 0.274122 |	mse_loss: 0.001067 |	loss: 0.399044 |	psnr_loss: 30.191977 |
[2024-07-03 17:43:26,921 | INFO | train_one_epoch] Train epoch 13: [8000/10000 (80.00%)] 	bpp_y_loss: 0.272102 |	bpp_z_loss: 0.003439 |	bpp_loss: 0.275540 |	mse_loss: 0.001105 |	loss: 0.404876 |	psnr_loss: 30.104088 |
[2024-07-03 17:47:39,459 | INFO | train_one_epoch] Train epoch 13: [9000/10000 (90.00%)] 	bpp_y_loss: 0.271704 |	bpp_z_loss: 0.003444 |	bpp_loss: 0.275148 |	mse_loss: 0.001080 |	loss: 0.401567 |	psnr_loss: 30.155886 |
[2024-07-03 17:51:52,430 | INFO | train_one_epoch] Train epoch 13: [10000/10000 (100.00%)] 	bpp_y_loss: 0.270458 |	bpp_z_loss: 0.003434 |	bpp_loss: 0.273893 |	mse_loss: 0.001039 |	loss: 0.395504 |	psnr_loss: 30.299646 |
[2024-07-03 17:51:54,947 | INFO | test_one_epoch] Testing results for epoch 14 | bpp_y_loss=0.12799 | bpp_z_loss=0.00341 | bpp_loss=0.13141 | mse_loss=0.00201 | loss=0.36646 | psnr_loss=27.55482
[2024-07-03 17:52:13,687 | INFO | train_one_epoch] Learning rate: 5e-05
[2024-07-03 17:52:14,436 | INFO | train_one_epoch] Train epoch 14: [0/10000 (0.00%)] 	bpp_y_loss: 0.262533 |	bpp_z_loss: 0.002971 |	bpp_loss: 0.265503 |	mse_loss: 0.000710 |	loss: 0.348573 |	psnr_loss: 31.489120 |
[2024-07-03 17:56:43,839 | INFO | train_one_epoch] Train epoch 14: [1000/10000 (10.00%)] 	bpp_y_loss: 0.271167 |	bpp_z_loss: 0.003445 |	bpp_loss: 0.274611 |	mse_loss: 0.001069 |	loss: 0.399688 |	psnr_loss: 30.188725 |
[2024-07-03 18:01:28,196 | INFO | train_one_epoch] Train epoch 14: [2000/10000 (20.00%)] 	bpp_y_loss: 0.271912 |	bpp_z_loss: 0.003457 |	bpp_loss: 0.275369 |	mse_loss: 0.001073 |	loss: 0.400919 |	psnr_loss: 30.181086 |
[2024-07-03 18:05:52,482 | INFO | train_one_epoch] Train epoch 14: [3000/10000 (30.00%)] 	bpp_y_loss: 0.271618 |	bpp_z_loss: 0.003440 |	bpp_loss: 0.275058 |	mse_loss: 0.001083 |	loss: 0.401775 |	psnr_loss: 30.176714 |
[2024-07-03 18:10:12,470 | INFO | train_one_epoch] Train epoch 14: [4000/10000 (40.00%)] 	bpp_y_loss: 0.272489 |	bpp_z_loss: 0.003437 |	bpp_loss: 0.275926 |	mse_loss: 0.001094 |	loss: 0.403962 |	psnr_loss: 30.149805 |
[2024-07-03 18:14:09,293 | INFO | train_one_epoch] Train epoch 14: [5000/10000 (50.00%)] 	bpp_y_loss: 0.270738 |	bpp_z_loss: 0.003442 |	bpp_loss: 0.274180 |	mse_loss: 0.001077 |	loss: 0.400281 |	psnr_loss: 30.217216 |
[2024-07-03 18:18:13,691 | INFO | train_one_epoch] Train epoch 14: [6000/10000 (60.00%)] 	bpp_y_loss: 0.270103 |	bpp_z_loss: 0.003447 |	bpp_loss: 0.273550 |	mse_loss: 0.001054 |	loss: 0.396913 |	psnr_loss: 30.295118 |
[2024-07-03 18:22:17,245 | INFO | train_one_epoch] Train epoch 14: [7000/10000 (70.00%)] 	bpp_y_loss: 0.272025 |	bpp_z_loss: 0.003459 |	bpp_loss: 0.275484 |	mse_loss: 0.001063 |	loss: 0.399941 |	psnr_loss: 30.220364 |
[2024-07-03 18:26:24,109 | INFO | train_one_epoch] Train epoch 14: [8000/10000 (80.00%)] 	bpp_y_loss: 0.273152 |	bpp_z_loss: 0.003447 |	bpp_loss: 0.276599 |	mse_loss: 0.001122 |	loss: 0.407955 |	psnr_loss: 30.069582 |
[2024-07-03 18:30:32,378 | INFO | train_one_epoch] Train epoch 14: [9000/10000 (90.00%)] 	bpp_y_loss: 0.271506 |	bpp_z_loss: 0.003445 |	bpp_loss: 0.274951 |	mse_loss: 0.001066 |	loss: 0.399680 |	psnr_loss: 30.233784 |
[2024-07-03 18:34:34,195 | INFO | train_one_epoch] Train epoch 14: [10000/10000 (100.00%)] 	bpp_y_loss: 0.272231 |	bpp_z_loss: 0.003452 |	bpp_loss: 0.275683 |	mse_loss: 0.001090 |	loss: 0.403261 |	psnr_loss: 30.132505 |
[2024-07-03 18:34:36,474 | INFO | test_one_epoch] Testing results for epoch 15 | bpp_y_loss=0.12738 | bpp_z_loss=0.00351 | bpp_loss=0.13089 | mse_loss=0.00196 | loss=0.36029 | psnr_loss=27.68084
[2024-07-03 18:34:53,725 | INFO | train_one_epoch] Learning rate: 5e-05
[2024-07-03 18:34:54,704 | INFO | train_one_epoch] Train epoch 15: [0/10000 (0.00%)] 	bpp_y_loss: 0.238405 |	bpp_z_loss: 0.003431 |	bpp_loss: 0.241836 |	mse_loss: 0.000417 |	loss: 0.290684 |	psnr_loss: 33.795086 |
[2024-07-03 18:39:02,199 | INFO | train_one_epoch] Train epoch 15: [1000/10000 (10.00%)] 	bpp_y_loss: 0.272541 |	bpp_z_loss: 0.003462 |	bpp_loss: 0.276003 |	mse_loss: 0.001117 |	loss: 0.406745 |	psnr_loss: 30.097595 |
[2024-07-03 18:43:14,814 | INFO | train_one_epoch] Train epoch 15: [2000/10000 (20.00%)] 	bpp_y_loss: 0.271104 |	bpp_z_loss: 0.003457 |	bpp_loss: 0.274561 |	mse_loss: 0.001049 |	loss: 0.397283 |	psnr_loss: 30.306921 |
[2024-07-03 18:47:30,086 | INFO | train_one_epoch] Train epoch 15: [3000/10000 (30.00%)] 	bpp_y_loss: 0.272261 |	bpp_z_loss: 0.003462 |	bpp_loss: 0.275723 |	mse_loss: 0.001066 |	loss: 0.400467 |	psnr_loss: 30.235041 |
[2024-07-03 18:51:45,151 | INFO | train_one_epoch] Train epoch 15: [4000/10000 (40.00%)] 	bpp_y_loss: 0.270942 |	bpp_z_loss: 0.003448 |	bpp_loss: 0.274390 |	mse_loss: 0.001087 |	loss: 0.401606 |	psnr_loss: 30.215302 |
[2024-07-03 18:55:48,071 | INFO | train_one_epoch] Train epoch 15: [5000/10000 (50.00%)] 	bpp_y_loss: 0.271639 |	bpp_z_loss: 0.003455 |	bpp_loss: 0.275094 |	mse_loss: 0.001081 |	loss: 0.401622 |	psnr_loss: 30.162176 |
[2024-07-03 18:59:55,486 | INFO | train_one_epoch] Train epoch 15: [6000/10000 (60.00%)] 	bpp_y_loss: 0.270444 |	bpp_z_loss: 0.003448 |	bpp_loss: 0.273892 |	mse_loss: 0.001075 |	loss: 0.399680 |	psnr_loss: 30.229578 |
[2024-07-03 19:04:02,146 | INFO | train_one_epoch] Train epoch 15: [7000/10000 (70.00%)] 	bpp_y_loss: 0.269904 |	bpp_z_loss: 0.003448 |	bpp_loss: 0.273351 |	mse_loss: 0.001057 |	loss: 0.397117 |	psnr_loss: 30.312050 |
[2024-07-03 19:08:03,692 | INFO | train_one_epoch] Train epoch 15: [8000/10000 (80.00%)] 	bpp_y_loss: 0.271393 |	bpp_z_loss: 0.003458 |	bpp_loss: 0.274851 |	mse_loss: 0.001071 |	loss: 0.400167 |	psnr_loss: 30.262735 |
[2024-07-03 19:12:02,495 | INFO | train_one_epoch] Train epoch 15: [9000/10000 (90.00%)] 	bpp_y_loss: 0.272424 |	bpp_z_loss: 0.003467 |	bpp_loss: 0.275891 |	mse_loss: 0.001082 |	loss: 0.402523 |	psnr_loss: 30.169142 |
[2024-07-03 19:16:13,777 | INFO | train_one_epoch] Train epoch 15: [10000/10000 (100.00%)] 	bpp_y_loss: 0.269674 |	bpp_z_loss: 0.003448 |	bpp_loss: 0.273122 |	mse_loss: 0.001036 |	loss: 0.394418 |	psnr_loss: 30.332031 |
[2024-07-03 19:16:17,064 | INFO | test_one_epoch] Testing results for epoch 16 | bpp_y_loss=0.12697 | bpp_z_loss=0.00361 | bpp_loss=0.13057 | mse_loss=0.00194 | loss=0.35794 | psnr_loss=27.71503
[2024-07-03 19:16:38,384 | INFO | train_one_epoch] Learning rate: 5e-05
[2024-07-03 19:16:39,203 | INFO | train_one_epoch] Train epoch 16: [0/10000 (0.00%)] 	bpp_y_loss: 0.273749 |	bpp_z_loss: 0.003481 |	bpp_loss: 0.277229 |	mse_loss: 0.001034 |	loss: 0.398294 |	psnr_loss: 29.853365 |
[2024-07-03 19:20:48,035 | INFO | train_one_epoch] Train epoch 16: [1000/10000 (10.00%)] 	bpp_y_loss: 0.270477 |	bpp_z_loss: 0.003446 |	bpp_loss: 0.273923 |	mse_loss: 0.001059 |	loss: 0.397817 |	psnr_loss: 30.274664 |
[2024-07-03 19:24:54,048 | INFO | train_one_epoch] Train epoch 16: [2000/10000 (20.00%)] 	bpp_y_loss: 0.272314 |	bpp_z_loss: 0.003478 |	bpp_loss: 0.275792 |	mse_loss: 0.001078 |	loss: 0.401924 |	psnr_loss: 30.196112 |
[2024-07-03 19:28:53,569 | INFO | train_one_epoch] Train epoch 16: [3000/10000 (30.00%)] 	bpp_y_loss: 0.271282 |	bpp_z_loss: 0.003468 |	bpp_loss: 0.274750 |	mse_loss: 0.001079 |	loss: 0.401030 |	psnr_loss: 30.187424 |
[2024-07-03 19:32:47,292 | INFO | train_one_epoch] Train epoch 16: [4000/10000 (40.00%)] 	bpp_y_loss: 0.270494 |	bpp_z_loss: 0.003461 |	bpp_loss: 0.273955 |	mse_loss: 0.001061 |	loss: 0.398182 |	psnr_loss: 30.231796 |
[2024-07-03 19:36:40,801 | INFO | train_one_epoch] Train epoch 16: [5000/10000 (50.00%)] 	bpp_y_loss: 0.271674 |	bpp_z_loss: 0.003470 |	bpp_loss: 0.275144 |	mse_loss: 0.001081 |	loss: 0.401632 |	psnr_loss: 30.190022 |
[2024-07-03 19:40:35,935 | INFO | train_one_epoch] Train epoch 16: [6000/10000 (60.00%)] 	bpp_y_loss: 0.269988 |	bpp_z_loss: 0.003463 |	bpp_loss: 0.273452 |	mse_loss: 0.001048 |	loss: 0.396153 |	psnr_loss: 30.275192 |
[2024-07-03 19:44:29,006 | INFO | train_one_epoch] Train epoch 16: [7000/10000 (70.00%)] 	bpp_y_loss: 0.271656 |	bpp_z_loss: 0.003469 |	bpp_loss: 0.275125 |	mse_loss: 0.001048 |	loss: 0.397825 |	psnr_loss: 30.287533 |
[2024-07-03 19:48:20,389 | INFO | train_one_epoch] Train epoch 16: [8000/10000 (80.00%)] 	bpp_y_loss: 0.272360 |	bpp_z_loss: 0.003461 |	bpp_loss: 0.275821 |	mse_loss: 0.001078 |	loss: 0.401966 |	psnr_loss: 30.194162 |
[2024-07-03 19:52:17,514 | INFO | train_one_epoch] Train epoch 16: [9000/10000 (90.00%)] 	bpp_y_loss: 0.272370 |	bpp_z_loss: 0.003462 |	bpp_loss: 0.275832 |	mse_loss: 0.001093 |	loss: 0.403719 |	psnr_loss: 30.101650 |
[2024-07-03 19:56:17,990 | INFO | train_one_epoch] Train epoch 16: [10000/10000 (100.00%)] 	bpp_y_loss: 0.269393 |	bpp_z_loss: 0.003434 |	bpp_loss: 0.272827 |	mse_loss: 0.001056 |	loss: 0.396396 |	psnr_loss: 30.282274 |
[2024-07-03 19:56:20,360 | INFO | test_one_epoch] Testing results for epoch 17 | bpp_y_loss=0.12820 | bpp_z_loss=0.00359 | bpp_loss=0.13179 | mse_loss=0.00192 | loss=0.35639 | psnr_loss=27.79250
[2024-07-03 19:56:42,437 | INFO | train_one_epoch] Learning rate: 5e-05
[2024-07-03 19:56:43,216 | INFO | train_one_epoch] Train epoch 17: [0/10000 (0.00%)] 	bpp_y_loss: 0.282156 |	bpp_z_loss: 0.003796 |	bpp_loss: 0.285952 |	mse_loss: 0.000818 |	loss: 0.381664 |	psnr_loss: 30.873875 |
[2024-07-03 20:00:41,351 | INFO | train_one_epoch] Train epoch 17: [1000/10000 (10.00%)] 	bpp_y_loss: 0.271204 |	bpp_z_loss: 0.003461 |	bpp_loss: 0.274666 |	mse_loss: 0.001056 |	loss: 0.398219 |	psnr_loss: 30.265366 |
[2024-07-03 20:04:39,719 | INFO | train_one_epoch] Train epoch 17: [2000/10000 (20.00%)] 	bpp_y_loss: 0.272048 |	bpp_z_loss: 0.003472 |	bpp_loss: 0.275520 |	mse_loss: 0.001068 |	loss: 0.400471 |	psnr_loss: 30.226858 |
[2024-07-03 20:08:29,032 | INFO | train_one_epoch] Train epoch 17: [3000/10000 (30.00%)] 	bpp_y_loss: 0.271977 |	bpp_z_loss: 0.003454 |	bpp_loss: 0.275431 |	mse_loss: 0.001073 |	loss: 0.401023 |	psnr_loss: 30.234732 |
[2024-07-03 20:12:22,193 | INFO | train_one_epoch] Train epoch 17: [4000/10000 (40.00%)] 	bpp_y_loss: 0.270402 |	bpp_z_loss: 0.003465 |	bpp_loss: 0.273867 |	mse_loss: 0.001047 |	loss: 0.396436 |	psnr_loss: 30.291534 |
[2024-07-03 20:16:09,539 | INFO | train_one_epoch] Train epoch 17: [5000/10000 (50.00%)] 	bpp_y_loss: 0.270626 |	bpp_z_loss: 0.003455 |	bpp_loss: 0.274081 |	mse_loss: 0.001064 |	loss: 0.398636 |	psnr_loss: 30.302322 |
[2024-07-03 20:19:55,646 | INFO | train_one_epoch] Train epoch 17: [6000/10000 (60.00%)] 	bpp_y_loss: 0.270726 |	bpp_z_loss: 0.003462 |	bpp_loss: 0.274188 |	mse_loss: 0.001043 |	loss: 0.396285 |	psnr_loss: 30.293064 |
[2024-07-03 20:23:46,663 | INFO | train_one_epoch] Train epoch 17: [7000/10000 (70.00%)] 	bpp_y_loss: 0.271254 |	bpp_z_loss: 0.003473 |	bpp_loss: 0.274727 |	mse_loss: 0.001056 |	loss: 0.398284 |	psnr_loss: 30.246653 |
[2024-07-03 20:27:32,141 | INFO | train_one_epoch] Train epoch 17: [8000/10000 (80.00%)] 	bpp_y_loss: 0.272289 |	bpp_z_loss: 0.003475 |	bpp_loss: 0.275764 |	mse_loss: 0.001068 |	loss: 0.400729 |	psnr_loss: 30.208040 |
[2024-07-03 20:31:24,520 | INFO | train_one_epoch] Train epoch 17: [9000/10000 (90.00%)] 	bpp_y_loss: 0.271653 |	bpp_z_loss: 0.003475 |	bpp_loss: 0.275128 |	mse_loss: 0.001061 |	loss: 0.399312 |	psnr_loss: 30.311329 |
[2024-07-03 20:35:25,202 | INFO | train_one_epoch] Train epoch 17: [10000/10000 (100.00%)] 	bpp_y_loss: 0.270372 |	bpp_z_loss: 0.003464 |	bpp_loss: 0.273837 |	mse_loss: 0.001071 |	loss: 0.399219 |	psnr_loss: 30.258865 |
[2024-07-03 20:35:28,383 | INFO | test_one_epoch] Testing results for epoch 18 | bpp_y_loss=0.12776 | bpp_z_loss=0.00357 | bpp_loss=0.13133 | mse_loss=0.00193 | loss=0.35747 | psnr_loss=27.73738
[2024-07-03 20:35:36,437 | INFO | train_one_epoch] Learning rate: 5e-05
[2024-07-03 20:35:37,533 | INFO | train_one_epoch] Train epoch 18: [0/10000 (0.00%)] 	bpp_y_loss: 0.290478 |	bpp_z_loss: 0.003460 |	bpp_loss: 0.293939 |	mse_loss: 0.001593 |	loss: 0.480407 |	psnr_loss: 27.977478 |
[2024-07-03 20:39:40,010 | INFO | train_one_epoch] Train epoch 18: [1000/10000 (10.00%)] 	bpp_y_loss: 0.271280 |	bpp_z_loss: 0.003478 |	bpp_loss: 0.274758 |	mse_loss: 0.001062 |	loss: 0.399026 |	psnr_loss: 30.230732 |
[2024-07-03 20:43:49,715 | INFO | train_one_epoch] Train epoch 18: [2000/10000 (20.00%)] 	bpp_y_loss: 0.269387 |	bpp_z_loss: 0.003464 |	bpp_loss: 0.272851 |	mse_loss: 0.001032 |	loss: 0.393619 |	psnr_loss: 30.355768 |
[2024-07-03 20:48:05,916 | INFO | train_one_epoch] Train epoch 18: [3000/10000 (30.00%)] 	bpp_y_loss: 0.270213 |	bpp_z_loss: 0.003463 |	bpp_loss: 0.273675 |	mse_loss: 0.001053 |	loss: 0.396960 |	psnr_loss: 30.303545 |
[2024-07-03 20:52:19,116 | INFO | train_one_epoch] Train epoch 18: [4000/10000 (40.00%)] 	bpp_y_loss: 0.272241 |	bpp_z_loss: 0.003478 |	bpp_loss: 0.275719 |	mse_loss: 0.001052 |	loss: 0.398841 |	psnr_loss: 30.271002 |
[2024-07-03 20:56:31,942 | INFO | train_one_epoch] Train epoch 18: [5000/10000 (50.00%)] 	bpp_y_loss: 0.270484 |	bpp_z_loss: 0.003473 |	bpp_loss: 0.273957 |	mse_loss: 0.001055 |	loss: 0.397408 |	psnr_loss: 30.293709 |
[2024-07-03 21:00:43,543 | INFO | train_one_epoch] Train epoch 18: [6000/10000 (60.00%)] 	bpp_y_loss: 0.271591 |	bpp_z_loss: 0.003473 |	bpp_loss: 0.275065 |	mse_loss: 0.001070 |	loss: 0.400290 |	psnr_loss: 30.244349 |
[2024-07-03 21:04:47,287 | INFO | train_one_epoch] Train epoch 18: [7000/10000 (70.00%)] 	bpp_y_loss: 0.271195 |	bpp_z_loss: 0.003472 |	bpp_loss: 0.274666 |	mse_loss: 0.001061 |	loss: 0.398896 |	psnr_loss: 30.285852 |
[2024-07-03 21:08:47,743 | INFO | train_one_epoch] Train epoch 18: [8000/10000 (80.00%)] 	bpp_y_loss: 0.270723 |	bpp_z_loss: 0.003469 |	bpp_loss: 0.274192 |	mse_loss: 0.001048 |	loss: 0.396862 |	psnr_loss: 30.306429 |
[2024-07-03 21:13:07,318 | INFO | train_one_epoch] Train epoch 18: [9000/10000 (90.00%)] 	bpp_y_loss: 0.268857 |	bpp_z_loss: 0.003457 |	bpp_loss: 0.272314 |	mse_loss: 0.001019 |	loss: 0.391578 |	psnr_loss: 30.433077 |
[2024-07-03 21:17:10,255 | INFO | train_one_epoch] Train epoch 18: [10000/10000 (100.00%)] 	bpp_y_loss: 0.271489 |	bpp_z_loss: 0.003468 |	bpp_loss: 0.274957 |	mse_loss: 0.001044 |	loss: 0.397122 |	psnr_loss: 30.317272 |
[2024-07-03 21:17:12,565 | INFO | test_one_epoch] Testing results for epoch 19 | bpp_y_loss=0.12737 | bpp_z_loss=0.00379 | bpp_loss=0.13116 | mse_loss=0.00191 | loss=0.35512 | psnr_loss=27.79028
[2024-07-03 21:17:28,237 | INFO | train_one_epoch] Learning rate: 5e-05
[2024-07-03 21:17:29,413 | INFO | train_one_epoch] Train epoch 19: [0/10000 (0.00%)] 	bpp_y_loss: 0.276344 |	bpp_z_loss: 0.003538 |	bpp_loss: 0.279882 |	mse_loss: 0.000902 |	loss: 0.385463 |	psnr_loss: 30.447657 |
[2024-07-03 21:21:31,305 | INFO | train_one_epoch] Train epoch 19: [1000/10000 (10.00%)] 	bpp_y_loss: 0.272863 |	bpp_z_loss: 0.003490 |	bpp_loss: 0.276353 |	mse_loss: 0.001085 |	loss: 0.403369 |	psnr_loss: 30.208580 |
[2024-07-03 21:25:28,030 | INFO | train_one_epoch] Train epoch 19: [2000/10000 (20.00%)] 	bpp_y_loss: 0.270157 |	bpp_z_loss: 0.003459 |	bpp_loss: 0.273616 |	mse_loss: 0.001045 |	loss: 0.395954 |	psnr_loss: 30.335966 |
[2024-07-03 21:29:28,735 | INFO | train_one_epoch] Train epoch 19: [3000/10000 (30.00%)] 	bpp_y_loss: 0.271124 |	bpp_z_loss: 0.003500 |	bpp_loss: 0.274625 |	mse_loss: 0.001034 |	loss: 0.395649 |	psnr_loss: 30.327650 |
[2024-07-03 21:33:32,313 | INFO | train_one_epoch] Train epoch 19: [4000/10000 (40.00%)] 	bpp_y_loss: 0.270376 |	bpp_z_loss: 0.003477 |	bpp_loss: 0.273853 |	mse_loss: 0.001040 |	loss: 0.395545 |	psnr_loss: 30.365036 |
[2024-07-03 21:37:27,688 | INFO | train_one_epoch] Train epoch 19: [5000/10000 (50.00%)] 	bpp_y_loss: 0.271262 |	bpp_z_loss: 0.003483 |	bpp_loss: 0.274744 |	mse_loss: 0.001054 |	loss: 0.398152 |	psnr_loss: 30.271292 |
[2024-07-03 21:41:23,095 | INFO | train_one_epoch] Train epoch 19: [6000/10000 (60.00%)] 	bpp_y_loss: 0.270209 |	bpp_z_loss: 0.003482 |	bpp_loss: 0.273691 |	mse_loss: 0.001028 |	loss: 0.394004 |	psnr_loss: 30.360935 |
[2024-07-03 21:45:22,662 | INFO | train_one_epoch] Train epoch 19: [7000/10000 (70.00%)] 	bpp_y_loss: 0.269962 |	bpp_z_loss: 0.003481 |	bpp_loss: 0.273442 |	mse_loss: 0.001028 |	loss: 0.393720 |	psnr_loss: 30.377138 |
[2024-07-03 21:49:16,565 | INFO | train_one_epoch] Train epoch 19: [8000/10000 (80.00%)] 	bpp_y_loss: 0.269658 |	bpp_z_loss: 0.003489 |	bpp_loss: 0.273147 |	mse_loss: 0.001041 |	loss: 0.395026 |	psnr_loss: 30.358126 |
[2024-07-03 21:52:57,901 | INFO | train_one_epoch] Train epoch 19: [9000/10000 (90.00%)] 	bpp_y_loss: 0.267610 |	bpp_z_loss: 0.003456 |	bpp_loss: 0.271066 |	mse_loss: 0.001004 |	loss: 0.388605 |	psnr_loss: 30.494156 |
[2024-07-03 21:56:51,828 | INFO | train_one_epoch] Train epoch 19: [10000/10000 (100.00%)] 	bpp_y_loss: 0.269719 |	bpp_z_loss: 0.003478 |	bpp_loss: 0.273196 |	mse_loss: 0.001033 |	loss: 0.394107 |	psnr_loss: 30.387592 |
[2024-07-03 21:56:53,750 | INFO | test_one_epoch] Testing results for epoch 20 | bpp_y_loss=0.12639 | bpp_z_loss=0.00368 | bpp_loss=0.13006 | mse_loss=0.00191 | loss=0.35367 | psnr_loss=27.80386
[2024-07-03 21:57:07,232 | INFO | train_one_epoch] Learning rate: 5e-05
[2024-07-03 21:57:07,975 | INFO | train_one_epoch] Train epoch 20: [0/10000 (0.00%)] 	bpp_y_loss: 0.219661 |	bpp_z_loss: 0.003158 |	bpp_loss: 0.222819 |	mse_loss: 0.000437 |	loss: 0.273972 |	psnr_loss: 33.594826 |
[2024-07-03 22:01:19,685 | INFO | train_one_epoch] Train epoch 20: [1000/10000 (10.00%)] 	bpp_y_loss: 0.269464 |	bpp_z_loss: 0.003489 |	bpp_loss: 0.272953 |	mse_loss: 0.001023 |	loss: 0.392681 |	psnr_loss: 30.396540 |
[2024-07-03 22:05:29,525 | INFO | train_one_epoch] Train epoch 20: [2000/10000 (20.00%)] 	bpp_y_loss: 0.269049 |	bpp_z_loss: 0.003458 |	bpp_loss: 0.272508 |	mse_loss: 0.001040 |	loss: 0.394218 |	psnr_loss: 30.362228 |
[2024-07-03 22:09:38,427 | INFO | train_one_epoch] Train epoch 20: [3000/10000 (30.00%)] 	bpp_y_loss: 0.271130 |	bpp_z_loss: 0.003492 |	bpp_loss: 0.274622 |	mse_loss: 0.001062 |	loss: 0.398884 |	psnr_loss: 30.276161 |
[2024-07-03 22:13:52,858 | INFO | train_one_epoch] Train epoch 20: [4000/10000 (40.00%)] 	bpp_y_loss: 0.270188 |	bpp_z_loss: 0.003480 |	bpp_loss: 0.273668 |	mse_loss: 0.001037 |	loss: 0.395013 |	psnr_loss: 30.313568 |
[2024-07-03 22:17:52,287 | INFO | train_one_epoch] Train epoch 20: [5000/10000 (50.00%)] 	bpp_y_loss: 0.270453 |	bpp_z_loss: 0.003486 |	bpp_loss: 0.273939 |	mse_loss: 0.001058 |	loss: 0.397776 |	psnr_loss: 30.244112 |
[2024-07-03 22:21:57,308 | INFO | train_one_epoch] Train epoch 20: [6000/10000 (60.00%)] 	bpp_y_loss: 0.270337 |	bpp_z_loss: 0.003493 |	bpp_loss: 0.273830 |	mse_loss: 0.001052 |	loss: 0.396963 |	psnr_loss: 30.285080 |
[2024-07-03 22:26:06,827 | INFO | train_one_epoch] Train epoch 20: [7000/10000 (70.00%)] 	bpp_y_loss: 0.270231 |	bpp_z_loss: 0.003480 |	bpp_loss: 0.273711 |	mse_loss: 0.001068 |	loss: 0.398733 |	psnr_loss: 30.300577 |
[2024-07-03 22:30:15,389 | INFO | train_one_epoch] Train epoch 20: [8000/10000 (80.00%)] 	bpp_y_loss: 0.271249 |	bpp_z_loss: 0.003487 |	bpp_loss: 0.274736 |	mse_loss: 0.001061 |	loss: 0.398947 |	psnr_loss: 30.287951 |
[2024-07-03 22:34:24,111 | INFO | train_one_epoch] Train epoch 20: [9000/10000 (90.00%)] 	bpp_y_loss: 0.270457 |	bpp_z_loss: 0.003473 |	bpp_loss: 0.273930 |	mse_loss: 0.001035 |	loss: 0.395104 |	psnr_loss: 30.341742 |
[2024-07-03 22:38:29,442 | INFO | train_one_epoch] Train epoch 20: [10000/10000 (100.00%)] 	bpp_y_loss: 0.270762 |	bpp_z_loss: 0.003481 |	bpp_loss: 0.274242 |	mse_loss: 0.001059 |	loss: 0.398148 |	psnr_loss: 30.293068 |
[2024-07-03 22:38:31,474 | INFO | test_one_epoch] Testing results for epoch 21 | bpp_y_loss=0.12808 | bpp_z_loss=0.00365 | bpp_loss=0.13172 | mse_loss=0.00190 | loss=0.35373 | psnr_loss=27.82141
[2024-07-03 22:38:40,725 | INFO | train_one_epoch] Learning rate: 5e-05
[2024-07-03 22:38:41,622 | INFO | train_one_epoch] Train epoch 21: [0/10000 (0.00%)] 	bpp_y_loss: 0.312429 |	bpp_z_loss: 0.003353 |	bpp_loss: 0.315782 |	mse_loss: 0.001810 |	loss: 0.527584 |	psnr_loss: 27.424238 |
[2024-07-03 22:42:59,641 | INFO | train_one_epoch] Train epoch 21: [1000/10000 (10.00%)] 	bpp_y_loss: 0.269558 |	bpp_z_loss: 0.003486 |	bpp_loss: 0.273044 |	mse_loss: 0.001015 |	loss: 0.391903 |	psnr_loss: 30.436138 |
[2024-07-03 22:47:02,047 | INFO | train_one_epoch] Train epoch 21: [2000/10000 (20.00%)] 	bpp_y_loss: 0.269190 |	bpp_z_loss: 0.003479 |	bpp_loss: 0.272668 |	mse_loss: 0.001055 |	loss: 0.396147 |	psnr_loss: 30.328354 |
[2024-07-03 22:51:12,693 | INFO | train_one_epoch] Train epoch 21: [3000/10000 (30.00%)] 	bpp_y_loss: 0.271412 |	bpp_z_loss: 0.003495 |	bpp_loss: 0.274907 |	mse_loss: 0.001053 |	loss: 0.398159 |	psnr_loss: 30.291664 |
[2024-07-03 22:55:12,743 | INFO | train_one_epoch] Train epoch 21: [4000/10000 (40.00%)] 	bpp_y_loss: 0.271020 |	bpp_z_loss: 0.003484 |	bpp_loss: 0.274504 |	mse_loss: 0.001051 |	loss: 0.397527 |	psnr_loss: 30.314112 |
[2024-07-03 22:59:18,035 | INFO | train_one_epoch] Train epoch 21: [5000/10000 (50.00%)] 	bpp_y_loss: 0.270404 |	bpp_z_loss: 0.003489 |	bpp_loss: 0.273894 |	mse_loss: 0.001040 |	loss: 0.395617 |	psnr_loss: 30.349874 |
[2024-07-03 23:03:22,078 | INFO | train_one_epoch] Train epoch 21: [6000/10000 (60.00%)] 	bpp_y_loss: 0.271652 |	bpp_z_loss: 0.003492 |	bpp_loss: 0.275143 |	mse_loss: 0.001072 |	loss: 0.400580 |	psnr_loss: 30.226915 |
[2024-07-03 23:07:18,065 | INFO | train_one_epoch] Train epoch 21: [7000/10000 (70.00%)] 	bpp_y_loss: 0.271222 |	bpp_z_loss: 0.003491 |	bpp_loss: 0.274713 |	mse_loss: 0.001040 |	loss: 0.396412 |	psnr_loss: 30.309935 |
[2024-07-03 23:11:17,373 | INFO | train_one_epoch] Train epoch 21: [8000/10000 (80.00%)] 	bpp_y_loss: 0.269843 |	bpp_z_loss: 0.003493 |	bpp_loss: 0.273336 |	mse_loss: 0.001046 |	loss: 0.395773 |	psnr_loss: 30.347828 |
[2024-07-03 23:15:10,794 | INFO | train_one_epoch] Train epoch 21: [9000/10000 (90.00%)] 	bpp_y_loss: 0.270228 |	bpp_z_loss: 0.003487 |	bpp_loss: 0.273716 |	mse_loss: 0.001046 |	loss: 0.396098 |	psnr_loss: 30.317217 |
[2024-07-03 23:19:18,474 | INFO | train_one_epoch] Train epoch 21: [10000/10000 (100.00%)] 	bpp_y_loss: 0.270213 |	bpp_z_loss: 0.003488 |	bpp_loss: 0.273701 |	mse_loss: 0.001043 |	loss: 0.395811 |	psnr_loss: 30.345520 |
[2024-07-03 23:19:20,707 | INFO | test_one_epoch] Testing results for epoch 22 | bpp_y_loss=0.12816 | bpp_z_loss=0.00369 | bpp_loss=0.13186 | mse_loss=0.00191 | loss=0.35543 | psnr_loss=27.81031
[2024-07-03 23:19:27,950 | INFO | train_one_epoch] Learning rate: 5e-05
[2024-07-03 23:19:28,782 | INFO | train_one_epoch] Train epoch 22: [0/10000 (0.00%)] 	bpp_y_loss: 0.313136 |	bpp_z_loss: 0.003923 |	bpp_loss: 0.317058 |	mse_loss: 0.001813 |	loss: 0.529268 |	psnr_loss: 27.415878 |
[2024-07-03 23:23:38,871 | INFO | train_one_epoch] Train epoch 22: [1000/10000 (10.00%)] 	bpp_y_loss: 0.267803 |	bpp_z_loss: 0.003486 |	bpp_loss: 0.271289 |	mse_loss: 0.000996 |	loss: 0.387898 |	psnr_loss: 30.521532 |
[2024-07-03 23:27:50,212 | INFO | train_one_epoch] Train epoch 22: [2000/10000 (20.00%)] 	bpp_y_loss: 0.270221 |	bpp_z_loss: 0.003494 |	bpp_loss: 0.273714 |	mse_loss: 0.001041 |	loss: 0.395587 |	psnr_loss: 30.316515 |
[2024-07-03 23:32:00,020 | INFO | train_one_epoch] Train epoch 22: [3000/10000 (30.00%)] 	bpp_y_loss: 0.269920 |	bpp_z_loss: 0.003502 |	bpp_loss: 0.273422 |	mse_loss: 0.001052 |	loss: 0.396561 |	psnr_loss: 30.369427 |
[2024-07-03 23:36:04,269 | INFO | train_one_epoch] Train epoch 22: [4000/10000 (40.00%)] 	bpp_y_loss: 0.271478 |	bpp_z_loss: 0.003504 |	bpp_loss: 0.274982 |	mse_loss: 0.001055 |	loss: 0.398417 |	psnr_loss: 30.338942 |
[2024-07-03 23:40:07,917 | INFO | train_one_epoch] Train epoch 22: [5000/10000 (50.00%)] 	bpp_y_loss: 0.272166 |	bpp_z_loss: 0.003511 |	bpp_loss: 0.275676 |	mse_loss: 0.001063 |	loss: 0.400045 |	psnr_loss: 30.247368 |
[2024-07-03 23:44:17,660 | INFO | train_one_epoch] Train epoch 22: [6000/10000 (60.00%)] 	bpp_y_loss: 0.270301 |	bpp_z_loss: 0.003504 |	bpp_loss: 0.273805 |	mse_loss: 0.001051 |	loss: 0.396872 |	psnr_loss: 30.309446 |
[2024-07-03 23:48:25,909 | INFO | train_one_epoch] Train epoch 22: [7000/10000 (70.00%)] 	bpp_y_loss: 0.271152 |	bpp_z_loss: 0.003506 |	bpp_loss: 0.274658 |	mse_loss: 0.001047 |	loss: 0.397202 |	psnr_loss: 30.311895 |
[2024-07-03 23:52:33,493 | INFO | train_one_epoch] Train epoch 22: [8000/10000 (80.00%)] 	bpp_y_loss: 0.270203 |	bpp_z_loss: 0.003495 |	bpp_loss: 0.273699 |	mse_loss: 0.001043 |	loss: 0.395801 |	psnr_loss: 30.373491 |
[2024-07-03 23:56:38,609 | INFO | train_one_epoch] Train epoch 22: [9000/10000 (90.00%)] 	bpp_y_loss: 0.271026 |	bpp_z_loss: 0.003497 |	bpp_loss: 0.274524 |	mse_loss: 0.001039 |	loss: 0.396077 |	psnr_loss: 30.342783 |
[2024-07-04 00:00:53,859 | INFO | train_one_epoch] Train epoch 22: [10000/10000 (100.00%)] 	bpp_y_loss: 0.268630 |	bpp_z_loss: 0.003489 |	bpp_loss: 0.272119 |	mse_loss: 0.001025 |	loss: 0.392117 |	psnr_loss: 30.436705 |
[2024-07-04 00:00:56,148 | INFO | test_one_epoch] Testing results for epoch 23 | bpp_y_loss=0.12771 | bpp_z_loss=0.00375 | bpp_loss=0.13146 | mse_loss=0.00191 | loss=0.35510 | psnr_loss=27.79366
[2024-07-04 00:01:05,859 | INFO | train_one_epoch] Learning rate: 5e-05
[2024-07-04 00:01:06,756 | INFO | train_one_epoch] Train epoch 23: [0/10000 (0.00%)] 	bpp_y_loss: 0.252252 |	bpp_z_loss: 0.003122 |	bpp_loss: 0.255374 |	mse_loss: 0.000526 |	loss: 0.316885 |	psnr_loss: 32.793945 |
[2024-07-04 00:05:15,679 | INFO | train_one_epoch] Train epoch 23: [1000/10000 (10.00%)] 	bpp_y_loss: 0.270363 |	bpp_z_loss: 0.003494 |	bpp_loss: 0.273857 |	mse_loss: 0.001070 |	loss: 0.399087 |	psnr_loss: 30.293053 |
[2024-07-04 00:09:19,925 | INFO | train_one_epoch] Train epoch 23: [2000/10000 (20.00%)] 	bpp_y_loss: 0.271421 |	bpp_z_loss: 0.003497 |	bpp_loss: 0.274918 |	mse_loss: 0.001014 |	loss: 0.393595 |	psnr_loss: 30.421215 |
[2024-07-04 00:13:26,231 | INFO | train_one_epoch] Train epoch 23: [3000/10000 (30.00%)] 	bpp_y_loss: 0.269515 |	bpp_z_loss: 0.003496 |	bpp_loss: 0.273012 |	mse_loss: 0.001036 |	loss: 0.394289 |	psnr_loss: 30.352911 |
[2024-07-04 00:17:34,817 | INFO | train_one_epoch] Train epoch 23: [4000/10000 (40.00%)] 	bpp_y_loss: 0.269658 |	bpp_z_loss: 0.003496 |	bpp_loss: 0.273154 |	mse_loss: 0.001032 |	loss: 0.393946 |	psnr_loss: 30.398237 |
[2024-07-04 00:21:42,313 | INFO | train_one_epoch] Train epoch 23: [5000/10000 (50.00%)] 	bpp_y_loss: 0.270473 |	bpp_z_loss: 0.003514 |	bpp_loss: 0.273987 |	mse_loss: 0.001035 |	loss: 0.395071 |	psnr_loss: 30.363874 |
[2024-07-04 00:25:49,838 | INFO | train_one_epoch] Train epoch 23: [6000/10000 (60.00%)] 	bpp_y_loss: 0.270763 |	bpp_z_loss: 0.003510 |	bpp_loss: 0.274274 |	mse_loss: 0.001056 |	loss: 0.397862 |	psnr_loss: 30.314945 |
[2024-07-04 00:29:51,606 | INFO | train_one_epoch] Train epoch 23: [7000/10000 (70.00%)] 	bpp_y_loss: 0.269502 |	bpp_z_loss: 0.003501 |	bpp_loss: 0.273002 |	mse_loss: 0.001018 |	loss: 0.392167 |	psnr_loss: 30.415503 |
[2024-07-04 00:33:54,043 | INFO | train_one_epoch] Train epoch 23: [8000/10000 (80.00%)] 	bpp_y_loss: 0.271060 |	bpp_z_loss: 0.003509 |	bpp_loss: 0.274569 |	mse_loss: 0.001038 |	loss: 0.396050 |	psnr_loss: 30.332623 |
[2024-07-04 00:37:49,053 | INFO | train_one_epoch] Train epoch 23: [9000/10000 (90.00%)] 	bpp_y_loss: 0.270739 |	bpp_z_loss: 0.003505 |	bpp_loss: 0.274244 |	mse_loss: 0.001021 |	loss: 0.393730 |	psnr_loss: 30.352631 |
[2024-07-04 00:41:53,221 | INFO | train_one_epoch] Train epoch 23: [10000/10000 (100.00%)] 	bpp_y_loss: 0.270782 |	bpp_z_loss: 0.003505 |	bpp_loss: 0.274287 |	mse_loss: 0.001055 |	loss: 0.397768 |	psnr_loss: 30.240763 |
[2024-07-04 00:41:55,323 | INFO | test_one_epoch] Testing results for epoch 24 | bpp_y_loss=0.12722 | bpp_z_loss=0.00370 | bpp_loss=0.13092 | mse_loss=0.00186 | loss=0.34910 | psnr_loss=27.90837
[2024-07-04 00:42:13,590 | INFO | train_one_epoch] Learning rate: 5e-05
[2024-07-04 00:42:14,457 | INFO | train_one_epoch] Train epoch 24: [0/10000 (0.00%)] 	bpp_y_loss: 0.262091 |	bpp_z_loss: 0.003060 |	bpp_loss: 0.265151 |	mse_loss: 0.000755 |	loss: 0.353576 |	psnr_loss: 31.217783 |
[2024-07-04 00:46:20,818 | INFO | train_one_epoch] Train epoch 24: [1000/10000 (10.00%)] 	bpp_y_loss: 0.269234 |	bpp_z_loss: 0.003480 |	bpp_loss: 0.272714 |	mse_loss: 0.001026 |	loss: 0.392782 |	psnr_loss: 30.455744 |
[2024-07-04 00:50:30,105 | INFO | train_one_epoch] Train epoch 24: [2000/10000 (20.00%)] 	bpp_y_loss: 0.270052 |	bpp_z_loss: 0.003509 |	bpp_loss: 0.273561 |	mse_loss: 0.001061 |	loss: 0.397800 |	psnr_loss: 30.329529 |
[2024-07-04 00:54:38,575 | INFO | train_one_epoch] Train epoch 24: [3000/10000 (30.00%)] 	bpp_y_loss: 0.271778 |	bpp_z_loss: 0.003509 |	bpp_loss: 0.275287 |	mse_loss: 0.001054 |	loss: 0.398625 |	psnr_loss: 30.299086 |
[2024-07-04 00:58:51,762 | INFO | train_one_epoch] Train epoch 24: [4000/10000 (40.00%)] 	bpp_y_loss: 0.269091 |	bpp_z_loss: 0.003503 |	bpp_loss: 0.272594 |	mse_loss: 0.001008 |	loss: 0.390633 |	psnr_loss: 30.449766 |
[2024-07-04 01:02:57,663 | INFO | train_one_epoch] Train epoch 24: [5000/10000 (50.00%)] 	bpp_y_loss: 0.270329 |	bpp_z_loss: 0.003502 |	bpp_loss: 0.273831 |	mse_loss: 0.001011 |	loss: 0.392186 |	psnr_loss: 30.456345 |
[2024-07-04 01:07:07,056 | INFO | train_one_epoch] Train epoch 24: [6000/10000 (60.00%)] 	bpp_y_loss: 0.270380 |	bpp_z_loss: 0.003503 |	bpp_loss: 0.273882 |	mse_loss: 0.001061 |	loss: 0.398020 |	psnr_loss: 30.327196 |
[2024-07-04 01:11:16,558 | INFO | train_one_epoch] Train epoch 24: [7000/10000 (70.00%)] 	bpp_y_loss: 0.271470 |	bpp_z_loss: 0.003507 |	bpp_loss: 0.274978 |	mse_loss: 0.001055 |	loss: 0.398428 |	psnr_loss: 30.345797 |
[2024-07-04 01:15:30,187 | INFO | train_one_epoch] Train epoch 24: [8000/10000 (80.00%)] 	bpp_y_loss: 0.268937 |	bpp_z_loss: 0.003501 |	bpp_loss: 0.272438 |	mse_loss: 0.001009 |	loss: 0.390541 |	psnr_loss: 30.472580 |
[2024-07-04 01:19:33,875 | INFO | train_one_epoch] Train epoch 24: [9000/10000 (90.00%)] 	bpp_y_loss: 0.270303 |	bpp_z_loss: 0.003507 |	bpp_loss: 0.273811 |	mse_loss: 0.001013 |	loss: 0.392404 |	psnr_loss: 30.411823 |
[2024-07-04 01:23:41,260 | INFO | train_one_epoch] Train epoch 24: [10000/10000 (100.00%)] 	bpp_y_loss: 0.270661 |	bpp_z_loss: 0.003500 |	bpp_loss: 0.274161 |	mse_loss: 0.001029 |	loss: 0.394642 |	psnr_loss: 30.396948 |
[2024-07-04 01:23:43,289 | INFO | test_one_epoch] Testing results for epoch 25 | bpp_y_loss=0.12836 | bpp_z_loss=0.00371 | bpp_loss=0.13208 | mse_loss=0.00186 | loss=0.35013 | psnr_loss=27.90452
[2024-07-04 01:23:51,070 | INFO | train_one_epoch] Learning rate: 5e-05
[2024-07-04 01:23:52,013 | INFO | train_one_epoch] Train epoch 25: [0/10000 (0.00%)] 	bpp_y_loss: 0.263929 |	bpp_z_loss: 0.003116 |	bpp_loss: 0.267045 |	mse_loss: 0.001035 |	loss: 0.388199 |	psnr_loss: 29.850122 |
[2024-07-04 01:28:00,245 | INFO | train_one_epoch] Train epoch 25: [1000/10000 (10.00%)] 	bpp_y_loss: 0.271968 |	bpp_z_loss: 0.003509 |	bpp_loss: 0.275476 |	mse_loss: 0.001051 |	loss: 0.398493 |	psnr_loss: 30.285566 |
[2024-07-04 01:32:07,365 | INFO | train_one_epoch] Train epoch 25: [2000/10000 (20.00%)] 	bpp_y_loss: 0.271595 |	bpp_z_loss: 0.003516 |	bpp_loss: 0.275111 |	mse_loss: 0.001031 |	loss: 0.395732 |	psnr_loss: 30.333744 |
[2024-07-04 01:36:20,031 | INFO | train_one_epoch] Train epoch 25: [3000/10000 (30.00%)] 	bpp_y_loss: 0.270058 |	bpp_z_loss: 0.003507 |	bpp_loss: 0.273565 |	mse_loss: 0.001029 |	loss: 0.394036 |	psnr_loss: 30.385704 |
[2024-07-04 01:40:28,142 | INFO | train_one_epoch] Train epoch 25: [4000/10000 (40.00%)] 	bpp_y_loss: 0.269523 |	bpp_z_loss: 0.003505 |	bpp_loss: 0.273029 |	mse_loss: 0.001011 |	loss: 0.391375 |	psnr_loss: 30.435263 |
[2024-07-04 01:44:43,179 | INFO | train_one_epoch] Train epoch 25: [5000/10000 (50.00%)] 	bpp_y_loss: 0.270600 |	bpp_z_loss: 0.003517 |	bpp_loss: 0.274117 |	mse_loss: 0.001007 |	loss: 0.392037 |	psnr_loss: 30.420380 |
[2024-07-04 01:48:50,636 | INFO | train_one_epoch] Train epoch 25: [6000/10000 (60.00%)] 	bpp_y_loss: 0.272062 |	bpp_z_loss: 0.003523 |	bpp_loss: 0.275584 |	mse_loss: 0.001054 |	loss: 0.398926 |	psnr_loss: 30.309311 |
[2024-07-04 01:53:07,150 | INFO | train_one_epoch] Train epoch 25: [7000/10000 (70.00%)] 	bpp_y_loss: 0.269867 |	bpp_z_loss: 0.003513 |	bpp_loss: 0.273380 |	mse_loss: 0.001021 |	loss: 0.392901 |	psnr_loss: 30.457462 |
[2024-07-04 01:57:19,796 | INFO | train_one_epoch] Train epoch 25: [8000/10000 (80.00%)] 	bpp_y_loss: 0.270436 |	bpp_z_loss: 0.003509 |	bpp_loss: 0.273944 |	mse_loss: 0.001024 |	loss: 0.393838 |	psnr_loss: 30.420713 |
[2024-07-04 02:01:38,077 | INFO | train_one_epoch] Train epoch 25: [9000/10000 (90.00%)] 	bpp_y_loss: 0.268737 |	bpp_z_loss: 0.003501 |	bpp_loss: 0.272238 |	mse_loss: 0.001018 |	loss: 0.391340 |	psnr_loss: 30.451073 |
[2024-07-04 02:06:01,112 | INFO | train_one_epoch] Train epoch 25: [10000/10000 (100.00%)] 	bpp_y_loss: 0.272262 |	bpp_z_loss: 0.003533 |	bpp_loss: 0.275794 |	mse_loss: 0.001038 |	loss: 0.397240 |	psnr_loss: 30.289995 |
[2024-07-04 02:06:03,458 | INFO | test_one_epoch] Testing results for epoch 26 | bpp_y_loss=0.12817 | bpp_z_loss=0.00369 | bpp_loss=0.13187 | mse_loss=0.00186 | loss=0.34972 | psnr_loss=27.89546
[2024-07-04 02:06:12,344 | INFO | train_one_epoch] Learning rate: 5e-05
[2024-07-04 02:06:13,325 | INFO | train_one_epoch] Train epoch 26: [0/10000 (0.00%)] 	bpp_y_loss: 0.278260 |	bpp_z_loss: 0.003396 |	bpp_loss: 0.281656 |	mse_loss: 0.001009 |	loss: 0.399804 |	psnr_loss: 29.959251 |
[2024-07-04 02:10:32,796 | INFO | train_one_epoch] Train epoch 26: [1000/10000 (10.00%)] 	bpp_y_loss: 0.270064 |	bpp_z_loss: 0.003506 |	bpp_loss: 0.273570 |	mse_loss: 0.001017 |	loss: 0.392646 |	psnr_loss: 30.397860 |
[2024-07-04 02:14:51,205 | INFO | train_one_epoch] Train epoch 26: [2000/10000 (20.00%)] 	bpp_y_loss: 0.269793 |	bpp_z_loss: 0.003509 |	bpp_loss: 0.273303 |	mse_loss: 0.001022 |	loss: 0.392885 |	psnr_loss: 30.423550 |
[2024-07-04 02:19:11,693 | INFO | train_one_epoch] Train epoch 26: [3000/10000 (30.00%)] 	bpp_y_loss: 0.272158 |	bpp_z_loss: 0.003514 |	bpp_loss: 0.275672 |	mse_loss: 0.001037 |	loss: 0.397081 |	psnr_loss: 30.304071 |
[2024-07-04 02:23:29,393 | INFO | train_one_epoch] Train epoch 26: [4000/10000 (40.00%)] 	bpp_y_loss: 0.268901 |	bpp_z_loss: 0.003488 |	bpp_loss: 0.272389 |	mse_loss: 0.000990 |	loss: 0.388287 |	psnr_loss: 30.539297 |
[2024-07-04 02:27:45,654 | INFO | train_one_epoch] Train epoch 26: [5000/10000 (50.00%)] 	bpp_y_loss: 0.269206 |	bpp_z_loss: 0.003499 |	bpp_loss: 0.272705 |	mse_loss: 0.001000 |	loss: 0.389745 |	psnr_loss: 30.479950 |
[2024-07-04 02:32:08,646 | INFO | train_one_epoch] Train epoch 26: [6000/10000 (60.00%)] 	bpp_y_loss: 0.269134 |	bpp_z_loss: 0.003499 |	bpp_loss: 0.272633 |	mse_loss: 0.001020 |	loss: 0.392022 |	psnr_loss: 30.450871 |
[2024-07-04 02:36:23,154 | INFO | train_one_epoch] Train epoch 26: [7000/10000 (70.00%)] 	bpp_y_loss: 0.269671 |	bpp_z_loss: 0.003498 |	bpp_loss: 0.273169 |	mse_loss: 0.001024 |	loss: 0.392994 |	psnr_loss: 30.412010 |
[2024-07-04 02:40:40,867 | INFO | train_one_epoch] Train epoch 26: [8000/10000 (80.00%)] 	bpp_y_loss: 0.269142 |	bpp_z_loss: 0.003500 |	bpp_loss: 0.272642 |	mse_loss: 0.001011 |	loss: 0.390962 |	psnr_loss: 30.480955 |
[2024-07-04 02:44:45,151 | INFO | train_one_epoch] Train epoch 26: [9000/10000 (90.00%)] 	bpp_y_loss: 0.269042 |	bpp_z_loss: 0.003510 |	bpp_loss: 0.272552 |	mse_loss: 0.001008 |	loss: 0.390486 |	psnr_loss: 30.440025 |
[2024-07-04 02:48:56,236 | INFO | train_one_epoch] Train epoch 26: [10000/10000 (100.00%)] 	bpp_y_loss: 0.271184 |	bpp_z_loss: 0.003508 |	bpp_loss: 0.274692 |	mse_loss: 0.001060 |	loss: 0.398771 |	psnr_loss: 30.299782 |
[2024-07-04 02:48:58,427 | INFO | test_one_epoch] Testing results for epoch 27 | bpp_y_loss=0.12664 | bpp_z_loss=0.00373 | bpp_loss=0.13037 | mse_loss=0.00187 | loss=0.34875 | psnr_loss=27.87805
[2024-07-04 02:49:16,413 | INFO | train_one_epoch] Learning rate: 5e-05
[2024-07-04 02:49:17,315 | INFO | train_one_epoch] Train epoch 27: [0/10000 (0.00%)] 	bpp_y_loss: 0.269448 |	bpp_z_loss: 0.003435 |	bpp_loss: 0.272883 |	mse_loss: 0.000793 |	loss: 0.365739 |	psnr_loss: 31.005404 |
[2024-07-04 02:53:24,574 | INFO | train_one_epoch] Train epoch 27: [1000/10000 (10.00%)] 	bpp_y_loss: 0.270424 |	bpp_z_loss: 0.003501 |	bpp_loss: 0.273925 |	mse_loss: 0.001018 |	loss: 0.393132 |	psnr_loss: 30.412439 |
