[2024-01-12 06:09:11,983 | INFO | <module>] Args: Namespace(model='tcm', lmbda=0.0932, dataset='liu4k', batch_size=4, epochs=100, steps_per_epoch=10000, learning_rate=5e-05, save=True, seed=19260817, clip_max_norm=1.0, checkpoint=None, type='mse', lr_epoch=[40], continue_train=False)
[2024-01-12 06:09:11,984 | INFO | <module>] Lmbda=0.093200000000
[2024-01-12 06:09:11,989 | INFO | train_one_epoch] Learning rate: 5e-05
[2024-01-12 06:09:27,522 | INFO | train_one_epoch] Train epoch 0: [0/10000 (0.00%)] 	bpp_y_loss: 2.083971 |	bpp_z_loss: 0.253543 |	bpp_loss: 2.337513 |	mse_loss: 0.291238 |	loss: 1767.333252 |	psnr_loss: 5.357527 |
[2024-01-12 06:16:49,721 | INFO | train_one_epoch] Train epoch 0: [1000/10000 (10.00%)] 	bpp_y_loss: 0.833726 |	bpp_z_loss: 0.241725 |	bpp_loss: 1.075451 |	mse_loss: 0.012077 |	loss: 74.264587 |	psnr_loss: 20.482534 |
[2024-01-12 06:24:08,001 | INFO | train_one_epoch] Train epoch 0: [2000/10000 (20.00%)] 	bpp_y_loss: 0.791843 |	bpp_z_loss: 0.215048 |	bpp_loss: 1.006891 |	mse_loss: 0.004369 |	loss: 27.483601 |	psnr_loss: 24.223434 |
[2024-01-12 06:31:25,687 | INFO | train_one_epoch] Train epoch 0: [3000/10000 (30.00%)] 	bpp_y_loss: 0.809515 |	bpp_z_loss: 0.190651 |	bpp_loss: 1.000166 |	mse_loss: 0.003002 |	loss: 19.193096 |	psnr_loss: 25.961063 |
[2024-01-12 06:38:44,861 | INFO | train_one_epoch] Train epoch 0: [4000/10000 (40.00%)] 	bpp_y_loss: 0.871374 |	bpp_z_loss: 0.168015 |	bpp_loss: 1.039388 |	mse_loss: 0.002474 |	loss: 16.031485 |	psnr_loss: 26.910461 |
[2024-01-12 06:46:00,736 | INFO | train_one_epoch] Train epoch 0: [5000/10000 (50.00%)] 	bpp_y_loss: 0.887832 |	bpp_z_loss: 0.147829 |	bpp_loss: 1.035661 |	mse_loss: 0.001956 |	loss: 12.889261 |	psnr_loss: 28.129820 |
[2024-01-12 06:53:23,727 | INFO | train_one_epoch] Train epoch 0: [6000/10000 (60.00%)] 	bpp_y_loss: 0.910157 |	bpp_z_loss: 0.129490 |	bpp_loss: 1.039647 |	mse_loss: 0.001737 |	loss: 11.566521 |	psnr_loss: 28.460382 |
[2024-01-12 07:00:40,885 | INFO | train_one_epoch] Train epoch 0: [7000/10000 (70.00%)] 	bpp_y_loss: 0.915954 |	bpp_z_loss: 0.113212 |	bpp_loss: 1.029166 |	mse_loss: 0.001565 |	loss: 10.510727 |	psnr_loss: 28.962521 |
[2024-01-12 07:07:57,533 | INFO | train_one_epoch] Train epoch 0: [8000/10000 (80.00%)] 	bpp_y_loss: 0.923033 |	bpp_z_loss: 0.098404 |	bpp_loss: 1.021436 |	mse_loss: 0.001404 |	loss: 9.530752 |	psnr_loss: 29.421684 |
[2024-01-12 07:15:14,978 | INFO | train_one_epoch] Train epoch 0: [9000/10000 (90.00%)] 	bpp_y_loss: 0.933053 |	bpp_z_loss: 0.085123 |	bpp_loss: 1.018176 |	mse_loss: 0.001266 |	loss: 8.691534 |	psnr_loss: 29.903738 |
[2024-01-12 07:22:33,821 | INFO | train_one_epoch] Train epoch 0: [10000/10000 (100.00%)] 	bpp_y_loss: 0.942059 |	bpp_z_loss: 0.073700 |	bpp_loss: 1.015759 |	mse_loss: 0.001183 |	loss: 8.185252 |	psnr_loss: 30.091669 |
[2024-01-12 07:22:37,523 | INFO | test_one_epoch] Testing results for epoch 1 | bpp_y_loss=1.05177 | bpp_z_loss=0.06851 | bpp_loss=1.12029 | mse_loss=0.00199 | loss=13.16463 | psnr_loss=27.58508
[2024-01-12 07:22:42,992 | INFO | train_one_epoch] Learning rate: 5e-05
[2024-01-12 07:22:43,936 | INFO | train_one_epoch] Train epoch 1: [0/10000 (0.00%)] 	bpp_y_loss: 0.772634 |	bpp_z_loss: 0.067281 |	bpp_loss: 0.839915 |	mse_loss: 0.000606 |	loss: 4.511325 |	psnr_loss: 32.176636 |
[2024-01-12 07:30:03,051 | INFO | train_one_epoch] Train epoch 1: [1000/10000 (10.00%)] 	bpp_y_loss: 0.942662 |	bpp_z_loss: 0.063821 |	bpp_loss: 1.006483 |	mse_loss: 0.001125 |	loss: 7.822424 |	psnr_loss: 30.378304 |
[2024-01-12 07:37:24,797 | INFO | train_one_epoch] Train epoch 1: [2000/10000 (20.00%)] 	bpp_y_loss: 0.962292 |	bpp_z_loss: 0.055371 |	bpp_loss: 1.017663 |	mse_loss: 0.001039 |	loss: 7.315794 |	psnr_loss: 30.755913 |
[2024-01-12 07:44:43,037 | INFO | train_one_epoch] Train epoch 1: [3000/10000 (30.00%)] 	bpp_y_loss: 0.967939 |	bpp_z_loss: 0.048034 |	bpp_loss: 1.015974 |	mse_loss: 0.001010 |	loss: 7.135159 |	psnr_loss: 30.835981 |
[2024-01-12 07:52:02,748 | INFO | train_one_epoch] Train epoch 1: [4000/10000 (40.00%)] 	bpp_y_loss: 0.963960 |	bpp_z_loss: 0.042464 |	bpp_loss: 1.006423 |	mse_loss: 0.000951 |	loss: 6.767020 |	psnr_loss: 31.237995 |
[2024-01-12 07:59:18,641 | INFO | train_one_epoch] Train epoch 1: [5000/10000 (50.00%)] 	bpp_y_loss: 0.975949 |	bpp_z_loss: 0.038147 |	bpp_loss: 1.014096 |	mse_loss: 0.000859 |	loss: 6.222714 |	psnr_loss: 31.565342 |
[2024-01-12 08:06:34,879 | INFO | train_one_epoch] Train epoch 1: [6000/10000 (60.00%)] 	bpp_y_loss: 0.970284 |	bpp_z_loss: 0.034718 |	bpp_loss: 1.005002 |	mse_loss: 0.000848 |	loss: 6.144337 |	psnr_loss: 31.722916 |
[2024-01-12 08:13:55,580 | INFO | train_one_epoch] Train epoch 1: [7000/10000 (70.00%)] 	bpp_y_loss: 0.968438 |	bpp_z_loss: 0.031765 |	bpp_loss: 1.000205 |	mse_loss: 0.000784 |	loss: 5.748891 |	psnr_loss: 31.895115 |
[2024-01-12 08:21:13,458 | INFO | train_one_epoch] Train epoch 1: [8000/10000 (80.00%)] 	bpp_y_loss: 0.985929 |	bpp_z_loss: 0.029611 |	bpp_loss: 1.015540 |	mse_loss: 0.000856 |	loss: 6.203074 |	psnr_loss: 31.711454 |
[2024-01-12 08:28:29,744 | INFO | train_one_epoch] Train epoch 1: [9000/10000 (90.00%)] 	bpp_y_loss: 0.973177 |	bpp_z_loss: 0.028021 |	bpp_loss: 1.001196 |	mse_loss: 0.000823 |	loss: 5.989684 |	psnr_loss: 31.831154 |
[2024-01-12 08:35:50,956 | INFO | train_one_epoch] Train epoch 1: [10000/10000 (100.00%)] 	bpp_y_loss: 0.968978 |	bpp_z_loss: 0.026449 |	bpp_loss: 0.995426 |	mse_loss: 0.000748 |	loss: 5.528223 |	psnr_loss: 32.068851 |
[2024-01-12 08:35:54,589 | INFO | test_one_epoch] Testing results for epoch 2 | bpp_y_loss=1.03057 | bpp_z_loss=0.02037 | bpp_loss=1.05093 | mse_loss=0.00124 | loss=8.54377 | psnr_loss=29.60001
[2024-01-12 08:36:26,928 | INFO | train_one_epoch] Learning rate: 5e-05
[2024-01-12 08:36:27,830 | INFO | train_one_epoch] Train epoch 2: [0/10000 (0.00%)] 	bpp_y_loss: 0.709771 |	bpp_z_loss: 0.025993 |	bpp_loss: 0.735763 |	mse_loss: 0.000291 |	loss: 2.499306 |	psnr_loss: 35.361103 |
[2024-01-12 08:43:52,040 | INFO | train_one_epoch] Train epoch 2: [1000/10000 (10.00%)] 	bpp_y_loss: 0.957469 |	bpp_z_loss: 0.025086 |	bpp_loss: 0.982553 |	mse_loss: 0.000705 |	loss: 5.254587 |	psnr_loss: 32.400848 |
[2024-01-12 08:51:11,743 | INFO | train_one_epoch] Train epoch 2: [2000/10000 (20.00%)] 	bpp_y_loss: 0.957620 |	bpp_z_loss: 0.024007 |	bpp_loss: 0.981628 |	mse_loss: 0.000724 |	loss: 5.372124 |	psnr_loss: 32.365826 |
[2024-01-12 08:58:36,801 | INFO | train_one_epoch] Train epoch 2: [3000/10000 (30.00%)] 	bpp_y_loss: 0.970351 |	bpp_z_loss: 0.023245 |	bpp_loss: 0.993597 |	mse_loss: 0.000642 |	loss: 4.883797 |	psnr_loss: 32.802185 |
[2024-01-12 09:05:58,518 | INFO | train_one_epoch] Train epoch 2: [4000/10000 (40.00%)] 	bpp_y_loss: 0.973551 |	bpp_z_loss: 0.022335 |	bpp_loss: 0.995885 |	mse_loss: 0.000674 |	loss: 5.078840 |	psnr_loss: 32.673420 |
[2024-01-12 09:13:19,443 | INFO | train_one_epoch] Train epoch 2: [5000/10000 (50.00%)] 	bpp_y_loss: 0.969329 |	bpp_z_loss: 0.021804 |	bpp_loss: 0.991133 |	mse_loss: 0.000631 |	loss: 4.816469 |	psnr_loss: 32.896675 |
[2024-01-12 09:20:43,733 | INFO | train_one_epoch] Train epoch 2: [6000/10000 (60.00%)] 	bpp_y_loss: 0.962531 |	bpp_z_loss: 0.021067 |	bpp_loss: 0.983598 |	mse_loss: 0.000619 |	loss: 4.734770 |	psnr_loss: 32.983498 |
[2024-01-12 09:28:05,396 | INFO | train_one_epoch] Train epoch 2: [7000/10000 (70.00%)] 	bpp_y_loss: 0.960985 |	bpp_z_loss: 0.020574 |	bpp_loss: 0.981559 |	mse_loss: 0.000601 |	loss: 4.622485 |	psnr_loss: 33.092979 |
[2024-01-12 09:35:26,412 | INFO | train_one_epoch] Train epoch 2: [8000/10000 (80.00%)] 	bpp_y_loss: 0.976883 |	bpp_z_loss: 0.020230 |	bpp_loss: 0.997114 |	mse_loss: 0.000595 |	loss: 4.602462 |	psnr_loss: 33.111610 |
[2024-01-12 09:42:53,205 | INFO | train_one_epoch] Train epoch 2: [9000/10000 (90.00%)] 	bpp_y_loss: 0.978122 |	bpp_z_loss: 0.019831 |	bpp_loss: 0.997952 |	mse_loss: 0.000610 |	loss: 4.695554 |	psnr_loss: 32.970024 |
[2024-01-12 09:50:15,275 | INFO | train_one_epoch] Train epoch 2: [10000/10000 (100.00%)] 	bpp_y_loss: 0.961267 |	bpp_z_loss: 0.019470 |	bpp_loss: 0.980738 |	mse_loss: 0.000547 |	loss: 4.294092 |	psnr_loss: 33.378498 |
[2024-01-12 09:50:18,978 | INFO | test_one_epoch] Testing results for epoch 3 | bpp_y_loss=1.10362 | bpp_z_loss=0.01581 | bpp_loss=1.11943 | mse_loss=0.00101 | loss=7.26254 | psnr_loss=30.36335
[2024-01-12 09:50:51,669 | INFO | train_one_epoch] Learning rate: 5e-05
[2024-01-12 09:50:52,619 | INFO | train_one_epoch] Train epoch 3: [0/10000 (0.00%)] 	bpp_y_loss: 0.561609 |	bpp_z_loss: 0.020373 |	bpp_loss: 0.581981 |	mse_loss: 0.000302 |	loss: 2.413849 |	psnr_loss: 35.196022 |
[2024-01-12 09:58:08,155 | INFO | train_one_epoch] Train epoch 3: [1000/10000 (10.00%)] 	bpp_y_loss: 0.976600 |	bpp_z_loss: 0.019114 |	bpp_loss: 0.995714 |	mse_loss: 0.000565 |	loss: 4.418179 |	psnr_loss: 33.227627 |
[2024-01-12 10:05:27,374 | INFO | train_one_epoch] Train epoch 3: [2000/10000 (20.00%)] 	bpp_y_loss: 0.968463 |	bpp_z_loss: 0.018925 |	bpp_loss: 0.987388 |	mse_loss: 0.000561 |	loss: 4.389294 |	psnr_loss: 33.311665 |
[2024-01-12 10:12:49,011 | INFO | train_one_epoch] Train epoch 3: [3000/10000 (30.00%)] 	bpp_y_loss: 0.991513 |	bpp_z_loss: 0.018669 |	bpp_loss: 1.010182 |	mse_loss: 0.000546 |	loss: 4.319016 |	psnr_loss: 33.477112 |
[2024-01-12 10:20:12,246 | INFO | train_one_epoch] Train epoch 3: [4000/10000 (40.00%)] 	bpp_y_loss: 0.969476 |	bpp_z_loss: 0.018375 |	bpp_loss: 0.987850 |	mse_loss: 0.000501 |	loss: 4.024681 |	psnr_loss: 33.741306 |
[2024-01-12 10:27:32,985 | INFO | train_one_epoch] Train epoch 3: [5000/10000 (50.00%)] 	bpp_y_loss: 0.980314 |	bpp_z_loss: 0.018277 |	bpp_loss: 0.998592 |	mse_loss: 0.000524 |	loss: 4.174079 |	psnr_loss: 33.682846 |
[2024-01-12 10:34:46,672 | INFO | train_one_epoch] Train epoch 3: [6000/10000 (60.00%)] 	bpp_y_loss: 0.979160 |	bpp_z_loss: 0.018006 |	bpp_loss: 0.997166 |	mse_loss: 0.000524 |	loss: 4.171540 |	psnr_loss: 33.696613 |
[2024-01-12 10:42:02,262 | INFO | train_one_epoch] Train epoch 3: [7000/10000 (70.00%)] 	bpp_y_loss: 0.981153 |	bpp_z_loss: 0.017712 |	bpp_loss: 0.998865 |	mse_loss: 0.000529 |	loss: 4.206820 |	psnr_loss: 33.657429 |
[2024-01-12 10:49:15,917 | INFO | train_one_epoch] Train epoch 3: [8000/10000 (80.00%)] 	bpp_y_loss: 0.978879 |	bpp_z_loss: 0.017719 |	bpp_loss: 0.996598 |	mse_loss: 0.000500 |	loss: 4.024827 |	psnr_loss: 33.958420 |
[2024-01-12 10:56:30,420 | INFO | train_one_epoch] Train epoch 3: [9000/10000 (90.00%)] 	bpp_y_loss: 0.970886 |	bpp_z_loss: 0.017471 |	bpp_loss: 0.988356 |	mse_loss: 0.000482 |	loss: 3.907994 |	psnr_loss: 34.092121 |
[2024-01-12 11:03:46,098 | INFO | train_one_epoch] Train epoch 3: [10000/10000 (100.00%)] 	bpp_y_loss: 0.977863 |	bpp_z_loss: 0.017257 |	bpp_loss: 0.995122 |	mse_loss: 0.000515 |	loss: 4.115470 |	psnr_loss: 33.769176 |
[2024-01-12 11:03:49,810 | INFO | test_one_epoch] Testing results for epoch 4 | bpp_y_loss=1.07909 | bpp_z_loss=0.01431 | bpp_loss=1.09340 | mse_loss=0.00072 | loss=5.46437 | psnr_loss=31.99199
[2024-01-12 11:04:21,597 | INFO | train_one_epoch] Learning rate: 5e-05
[2024-01-12 11:04:22,518 | INFO | train_one_epoch] Train epoch 4: [0/10000 (0.00%)] 	bpp_y_loss: 0.747620 |	bpp_z_loss: 0.014991 |	bpp_loss: 0.762612 |	mse_loss: 0.000129 |	loss: 1.546356 |	psnr_loss: 38.883217 |
[2024-01-12 11:11:44,017 | INFO | train_one_epoch] Train epoch 4: [1000/10000 (10.00%)] 	bpp_y_loss: 0.985214 |	bpp_z_loss: 0.017208 |	bpp_loss: 1.002421 |	mse_loss: 0.000476 |	loss: 3.884320 |	psnr_loss: 34.090584 |
[2024-01-12 11:18:53,514 | INFO | train_one_epoch] Train epoch 4: [2000/10000 (20.00%)] 	bpp_y_loss: 0.973355 |	bpp_z_loss: 0.017059 |	bpp_loss: 0.990414 |	mse_loss: 0.000465 |	loss: 3.806917 |	psnr_loss: 34.137348 |
[2024-01-12 11:26:07,529 | INFO | train_one_epoch] Train epoch 4: [3000/10000 (30.00%)] 	bpp_y_loss: 0.984134 |	bpp_z_loss: 0.016994 |	bpp_loss: 1.001129 |	mse_loss: 0.000447 |	loss: 3.708174 |	psnr_loss: 34.341110 |
[2024-01-12 11:33:20,039 | INFO | train_one_epoch] Train epoch 4: [4000/10000 (40.00%)] 	bpp_y_loss: 0.978656 |	bpp_z_loss: 0.016805 |	bpp_loss: 0.995461 |	mse_loss: 0.000445 |	loss: 3.693719 |	psnr_loss: 34.359852 |
[2024-01-12 11:40:32,367 | INFO | train_one_epoch] Train epoch 4: [5000/10000 (50.00%)] 	bpp_y_loss: 0.967309 |	bpp_z_loss: 0.016672 |	bpp_loss: 0.983981 |	mse_loss: 0.000435 |	loss: 3.620585 |	psnr_loss: 34.436413 |
[2024-01-12 11:47:45,523 | INFO | train_one_epoch] Train epoch 4: [6000/10000 (60.00%)] 	bpp_y_loss: 0.988408 |	bpp_z_loss: 0.016687 |	bpp_loss: 1.005095 |	mse_loss: 0.000457 |	loss: 3.776917 |	psnr_loss: 34.163235 |
[2024-01-12 11:54:59,580 | INFO | train_one_epoch] Train epoch 4: [7000/10000 (70.00%)] 	bpp_y_loss: 0.974175 |	bpp_z_loss: 0.016548 |	bpp_loss: 0.990724 |	mse_loss: 0.000445 |	loss: 3.685436 |	psnr_loss: 34.321968 |
[2024-01-12 12:02:16,363 | INFO | train_one_epoch] Train epoch 4: [8000/10000 (80.00%)] 	bpp_y_loss: 0.967700 |	bpp_z_loss: 0.016479 |	bpp_loss: 0.984178 |	mse_loss: 0.000425 |	loss: 3.560297 |	psnr_loss: 34.558514 |
[2024-01-12 12:09:26,276 | INFO | train_one_epoch] Train epoch 4: [9000/10000 (90.00%)] 	bpp_y_loss: 0.979011 |	bpp_z_loss: 0.016444 |	bpp_loss: 0.995455 |	mse_loss: 0.000453 |	loss: 3.743244 |	psnr_loss: 34.364243 |
[2024-01-12 12:16:39,503 | INFO | train_one_epoch] Train epoch 4: [10000/10000 (100.00%)] 	bpp_y_loss: 0.979290 |	bpp_z_loss: 0.016503 |	bpp_loss: 0.995792 |	mse_loss: 0.000439 |	loss: 3.654503 |	psnr_loss: 34.495876 |
[2024-01-12 12:16:43,163 | INFO | test_one_epoch] Testing results for epoch 5 | bpp_y_loss=1.12923 | bpp_z_loss=0.01531 | bpp_loss=1.14454 | mse_loss=0.00065 | loss=5.10548 | psnr_loss=32.33951
[2024-01-12 12:17:19,228 | INFO | train_one_epoch] Learning rate: 5e-05
[2024-01-12 12:17:20,323 | INFO | train_one_epoch] Train epoch 5: [0/10000 (0.00%)] 	bpp_y_loss: 0.753405 |	bpp_z_loss: 0.017520 |	bpp_loss: 0.770925 |	mse_loss: 0.000217 |	loss: 2.088197 |	psnr_loss: 36.628208 |
[2024-01-12 12:24:36,630 | INFO | train_one_epoch] Train epoch 5: [1000/10000 (10.00%)] 	bpp_y_loss: 0.968546 |	bpp_z_loss: 0.016221 |	bpp_loss: 0.984768 |	mse_loss: 0.000427 |	loss: 3.574090 |	psnr_loss: 34.664059 |
[2024-01-12 12:31:53,888 | INFO | train_one_epoch] Train epoch 5: [2000/10000 (20.00%)] 	bpp_y_loss: 0.981533 |	bpp_z_loss: 0.016283 |	bpp_loss: 0.997816 |	mse_loss: 0.000420 |	loss: 3.540895 |	psnr_loss: 34.646618 |
[2024-01-12 12:39:08,573 | INFO | train_one_epoch] Train epoch 5: [3000/10000 (30.00%)] 	bpp_y_loss: 0.972352 |	bpp_z_loss: 0.016205 |	bpp_loss: 0.988558 |	mse_loss: 0.000398 |	loss: 3.401910 |	psnr_loss: 34.838009 |
[2024-01-12 12:46:24,206 | INFO | train_one_epoch] Train epoch 5: [4000/10000 (40.00%)] 	bpp_y_loss: 0.984305 |	bpp_z_loss: 0.016165 |	bpp_loss: 1.000468 |	mse_loss: 0.000412 |	loss: 3.497872 |	psnr_loss: 34.736416 |
[2024-01-12 12:53:44,206 | INFO | train_one_epoch] Train epoch 5: [5000/10000 (50.00%)] 	bpp_y_loss: 0.974405 |	bpp_z_loss: 0.016052 |	bpp_loss: 0.990458 |	mse_loss: 0.000406 |	loss: 3.449745 |	psnr_loss: 34.830154 |
[2024-01-12 13:01:00,203 | INFO | train_one_epoch] Train epoch 5: [6000/10000 (60.00%)] 	bpp_y_loss: 0.974779 |	bpp_z_loss: 0.016031 |	bpp_loss: 0.990812 |	mse_loss: 0.000410 |	loss: 3.473718 |	psnr_loss: 34.680233 |
[2024-01-12 13:08:19,081 | INFO | train_one_epoch] Train epoch 5: [7000/10000 (70.00%)] 	bpp_y_loss: 0.969757 |	bpp_z_loss: 0.016061 |	bpp_loss: 0.985818 |	mse_loss: 0.000397 |	loss: 3.393554 |	psnr_loss: 34.879070 |
[2024-01-12 13:15:32,068 | INFO | train_one_epoch] Train epoch 5: [8000/10000 (80.00%)] 	bpp_y_loss: 0.964600 |	bpp_z_loss: 0.015822 |	bpp_loss: 0.980422 |	mse_loss: 0.000397 |	loss: 3.384450 |	psnr_loss: 34.907291 |
[2024-01-12 13:22:44,122 | INFO | train_one_epoch] Train epoch 5: [9000/10000 (90.00%)] 	bpp_y_loss: 0.985883 |	bpp_z_loss: 0.015994 |	bpp_loss: 1.001877 |	mse_loss: 0.000391 |	loss: 3.369348 |	psnr_loss: 34.883015 |
[2024-01-12 13:30:02,066 | INFO | train_one_epoch] Train epoch 5: [10000/10000 (100.00%)] 	bpp_y_loss: 0.970212 |	bpp_z_loss: 0.015819 |	bpp_loss: 0.986030 |	mse_loss: 0.000377 |	loss: 3.271646 |	psnr_loss: 35.055317 |
[2024-01-12 13:30:05,755 | INFO | test_one_epoch] Testing results for epoch 6 | bpp_y_loss=1.11547 | bpp_z_loss=0.01523 | bpp_loss=1.13070 | mse_loss=0.00056 | loss=4.52616 | psnr_loss=33.05274
[2024-01-12 13:30:55,474 | INFO | train_one_epoch] Learning rate: 5e-05
[2024-01-12 13:30:56,401 | INFO | train_one_epoch] Train epoch 6: [0/10000 (0.00%)] 	bpp_y_loss: 0.832215 |	bpp_z_loss: 0.014550 |	bpp_loss: 0.846765 |	mse_loss: 0.000226 |	loss: 2.217792 |	psnr_loss: 36.454502 |
[2024-01-12 13:38:11,998 | INFO | train_one_epoch] Train epoch 6: [1000/10000 (10.00%)] 	bpp_y_loss: 0.980688 |	bpp_z_loss: 0.015920 |	bpp_loss: 0.996609 |	mse_loss: 0.000392 |	loss: 3.371190 |	psnr_loss: 34.889668 |
[2024-01-12 13:45:26,595 | INFO | train_one_epoch] Train epoch 6: [2000/10000 (20.00%)] 	bpp_y_loss: 0.966705 |	bpp_z_loss: 0.015857 |	bpp_loss: 0.982562 |	mse_loss: 0.000384 |	loss: 3.307381 |	psnr_loss: 35.095638 |
[2024-01-12 13:52:42,785 | INFO | train_one_epoch] Train epoch 6: [3000/10000 (30.00%)] 	bpp_y_loss: 0.971672 |	bpp_z_loss: 0.015858 |	bpp_loss: 0.987529 |	mse_loss: 0.000378 |	loss: 3.281166 |	psnr_loss: 35.059238 |
[2024-01-12 14:00:09,088 | INFO | train_one_epoch] Train epoch 6: [4000/10000 (40.00%)] 	bpp_y_loss: 0.963944 |	bpp_z_loss: 0.015864 |	bpp_loss: 0.979809 |	mse_loss: 0.000371 |	loss: 3.225986 |	psnr_loss: 35.071392 |
[2024-01-12 14:07:30,007 | INFO | train_one_epoch] Train epoch 6: [5000/10000 (50.00%)] 	bpp_y_loss: 0.978946 |	bpp_z_loss: 0.015970 |	bpp_loss: 0.994916 |	mse_loss: 0.000386 |	loss: 3.331403 |	psnr_loss: 35.009502 |
[2024-01-12 14:14:56,824 | INFO | train_one_epoch] Train epoch 6: [6000/10000 (60.00%)] 	bpp_y_loss: 0.978839 |	bpp_z_loss: 0.015965 |	bpp_loss: 0.994804 |	mse_loss: 0.000387 |	loss: 3.337535 |	psnr_loss: 34.974438 |
[2024-01-12 14:22:22,218 | INFO | train_one_epoch] Train epoch 6: [7000/10000 (70.00%)] 	bpp_y_loss: 0.981189 |	bpp_z_loss: 0.015948 |	bpp_loss: 0.997137 |	mse_loss: 0.000371 |	loss: 3.248344 |	psnr_loss: 35.105713 |
[2024-01-12 14:29:43,841 | INFO | train_one_epoch] Train epoch 6: [8000/10000 (80.00%)] 	bpp_y_loss: 0.974935 |	bpp_z_loss: 0.015826 |	bpp_loss: 0.990761 |	mse_loss: 0.000362 |	loss: 3.185992 |	psnr_loss: 35.268490 |
[2024-01-12 14:37:11,332 | INFO | train_one_epoch] Train epoch 6: [9000/10000 (90.00%)] 	bpp_y_loss: 0.976848 |	bpp_z_loss: 0.015826 |	bpp_loss: 0.992674 |	mse_loss: 0.000354 |	loss: 3.136839 |	psnr_loss: 35.405537 |
[2024-01-12 14:44:25,018 | INFO | train_one_epoch] Train epoch 6: [10000/10000 (100.00%)] 	bpp_y_loss: 0.978961 |	bpp_z_loss: 0.015874 |	bpp_loss: 0.994836 |	mse_loss: 0.000387 |	loss: 3.340842 |	psnr_loss: 35.170856 |
[2024-01-12 14:44:28,610 | INFO | test_one_epoch] Testing results for epoch 7 | bpp_y_loss=1.13983 | bpp_z_loss=0.01596 | bpp_loss=1.15579 | mse_loss=0.00053 | loss=4.36122 | psnr_loss=33.29591
[2024-01-12 14:45:04,103 | INFO | train_one_epoch] Learning rate: 5e-05
[2024-01-12 14:45:05,022 | INFO | train_one_epoch] Train epoch 7: [0/10000 (0.00%)] 	bpp_y_loss: 1.114599 |	bpp_z_loss: 0.016212 |	bpp_loss: 1.130810 |	mse_loss: 0.000260 |	loss: 2.704438 |	psnr_loss: 35.855946 |
[2024-01-12 14:52:24,051 | INFO | train_one_epoch] Train epoch 7: [1000/10000 (10.00%)] 	bpp_y_loss: 0.982458 |	bpp_z_loss: 0.015813 |	bpp_loss: 0.998271 |	mse_loss: 0.000348 |	loss: 3.106261 |	psnr_loss: 35.468304 |
[2024-01-12 14:59:50,291 | INFO | train_one_epoch] Train epoch 7: [2000/10000 (20.00%)] 	bpp_y_loss: 0.963970 |	bpp_z_loss: 0.015708 |	bpp_loss: 0.979679 |	mse_loss: 0.000340 |	loss: 3.043172 |	psnr_loss: 35.523853 |
[2024-01-12 15:07:16,489 | INFO | train_one_epoch] Train epoch 7: [3000/10000 (30.00%)] 	bpp_y_loss: 0.970702 |	bpp_z_loss: 0.015569 |	bpp_loss: 0.986270 |	mse_loss: 0.000352 |	loss: 3.117818 |	psnr_loss: 35.391605 |
[2024-01-12 15:14:43,994 | INFO | train_one_epoch] Train epoch 7: [4000/10000 (40.00%)] 	bpp_y_loss: 0.965041 |	bpp_z_loss: 0.015663 |	bpp_loss: 0.980704 |	mse_loss: 0.000353 |	loss: 3.119895 |	psnr_loss: 35.387894 |
[2024-01-12 15:22:07,759 | INFO | train_one_epoch] Train epoch 7: [5000/10000 (50.00%)] 	bpp_y_loss: 0.976172 |	bpp_z_loss: 0.015681 |	bpp_loss: 0.991854 |	mse_loss: 0.000343 |	loss: 3.070738 |	psnr_loss: 35.497696 |
[2024-01-12 15:29:30,538 | INFO | train_one_epoch] Train epoch 7: [6000/10000 (60.00%)] 	bpp_y_loss: 0.975435 |	bpp_z_loss: 0.015627 |	bpp_loss: 0.991063 |	mse_loss: 0.000343 |	loss: 3.068690 |	psnr_loss: 35.418819 |
[2024-01-12 15:36:53,180 | INFO | train_one_epoch] Train epoch 7: [7000/10000 (70.00%)] 	bpp_y_loss: 0.975806 |	bpp_z_loss: 0.015675 |	bpp_loss: 0.991481 |	mse_loss: 0.000339 |	loss: 3.044113 |	psnr_loss: 35.512951 |
[2024-01-12 15:44:12,879 | INFO | train_one_epoch] Train epoch 7: [8000/10000 (80.00%)] 	bpp_y_loss: 0.964033 |	bpp_z_loss: 0.015614 |	bpp_loss: 0.979647 |	mse_loss: 0.000325 |	loss: 2.951552 |	psnr_loss: 35.721569 |
[2024-01-12 15:51:30,550 | INFO | train_one_epoch] Train epoch 7: [9000/10000 (90.00%)] 	bpp_y_loss: 0.950116 |	bpp_z_loss: 0.015638 |	bpp_loss: 0.965753 |	mse_loss: 0.000322 |	loss: 2.917874 |	psnr_loss: 35.852562 |
[2024-01-12 15:58:55,409 | INFO | train_one_epoch] Train epoch 7: [10000/10000 (100.00%)] 	bpp_y_loss: 0.966670 |	bpp_z_loss: 0.015628 |	bpp_loss: 0.982298 |	mse_loss: 0.000322 |	loss: 2.931822 |	psnr_loss: 35.764629 |
[2024-01-12 15:58:59,251 | INFO | test_one_epoch] Testing results for epoch 8 | bpp_y_loss=1.13361 | bpp_z_loss=0.01528 | bpp_loss=1.14889 | mse_loss=0.00049 | loss=4.10520 | psnr_loss=33.68689
[2024-01-12 15:59:30,337 | INFO | train_one_epoch] Learning rate: 5e-05
[2024-01-12 15:59:31,309 | INFO | train_one_epoch] Train epoch 8: [0/10000 (0.00%)] 	bpp_y_loss: 1.243636 |	bpp_z_loss: 0.016819 |	bpp_loss: 1.260455 |	mse_loss: 0.000620 |	loss: 5.018782 |	psnr_loss: 32.075020 |
[2024-01-12 16:06:55,723 | INFO | train_one_epoch] Train epoch 8: [1000/10000 (10.00%)] 	bpp_y_loss: 0.965905 |	bpp_z_loss: 0.015567 |	bpp_loss: 0.981473 |	mse_loss: 0.000315 |	loss: 2.888814 |	psnr_loss: 35.797054 |
[2024-01-12 16:14:14,128 | INFO | train_one_epoch] Train epoch 8: [2000/10000 (20.00%)] 	bpp_y_loss: 0.975489 |	bpp_z_loss: 0.015652 |	bpp_loss: 0.991142 |	mse_loss: 0.000347 |	loss: 3.094990 |	psnr_loss: 35.440948 |
[2024-01-12 16:21:30,366 | INFO | train_one_epoch] Train epoch 8: [3000/10000 (30.00%)] 	bpp_y_loss: 0.959754 |	bpp_z_loss: 0.015601 |	bpp_loss: 0.975355 |	mse_loss: 0.000330 |	loss: 2.974264 |	psnr_loss: 35.607513 |
[2024-01-12 16:28:53,944 | INFO | train_one_epoch] Train epoch 8: [4000/10000 (40.00%)] 	bpp_y_loss: 0.982452 |	bpp_z_loss: 0.015539 |	bpp_loss: 0.997991 |	mse_loss: 0.000324 |	loss: 2.961594 |	psnr_loss: 35.668320 |
[2024-01-12 16:36:14,117 | INFO | train_one_epoch] Train epoch 8: [5000/10000 (50.00%)] 	bpp_y_loss: 0.971233 |	bpp_z_loss: 0.015562 |	bpp_loss: 0.986796 |	mse_loss: 0.000329 |	loss: 2.981311 |	psnr_loss: 35.702347 |
[2024-01-12 16:43:39,214 | INFO | train_one_epoch] Train epoch 8: [6000/10000 (60.00%)] 	bpp_y_loss: 0.975336 |	bpp_z_loss: 0.015462 |	bpp_loss: 0.990798 |	mse_loss: 0.000322 |	loss: 2.941471 |	psnr_loss: 35.711098 |
[2024-01-12 16:51:00,163 | INFO | train_one_epoch] Train epoch 8: [7000/10000 (70.00%)] 	bpp_y_loss: 0.979019 |	bpp_z_loss: 0.015563 |	bpp_loss: 0.994582 |	mse_loss: 0.000310 |	loss: 2.872108 |	psnr_loss: 35.860298 |
[2024-01-12 16:58:24,199 | INFO | train_one_epoch] Train epoch 8: [8000/10000 (80.00%)] 	bpp_y_loss: 0.963107 |	bpp_z_loss: 0.015538 |	bpp_loss: 0.978646 |	mse_loss: 0.000300 |	loss: 2.795886 |	psnr_loss: 35.957134 |
[2024-01-12 17:05:51,868 | INFO | train_one_epoch] Train epoch 8: [9000/10000 (90.00%)] 	bpp_y_loss: 0.970958 |	bpp_z_loss: 0.015577 |	bpp_loss: 0.986535 |	mse_loss: 0.000305 |	loss: 2.834918 |	psnr_loss: 35.973076 |
[2024-01-12 17:13:14,804 | INFO | train_one_epoch] Train epoch 8: [10000/10000 (100.00%)] 	bpp_y_loss: 0.973810 |	bpp_z_loss: 0.015497 |	bpp_loss: 0.989307 |	mse_loss: 0.000321 |	loss: 2.932180 |	psnr_loss: 35.790230 |
[2024-01-12 17:13:18,413 | INFO | test_one_epoch] Testing results for epoch 9 | bpp_y_loss=1.13494 | bpp_z_loss=0.01573 | bpp_loss=1.15066 | mse_loss=0.00049 | loss=4.12844 | psnr_loss=33.61266
[2024-01-12 17:13:36,005 | INFO | train_one_epoch] Learning rate: 5e-05
[2024-01-12 17:13:37,008 | INFO | train_one_epoch] Train epoch 9: [0/10000 (0.00%)] 	bpp_y_loss: 0.847983 |	bpp_z_loss: 0.015344 |	bpp_loss: 0.863327 |	mse_loss: 0.000235 |	loss: 2.289462 |	psnr_loss: 36.283360 |
[2024-01-12 17:20:57,942 | INFO | train_one_epoch] Train epoch 9: [1000/10000 (10.00%)] 	bpp_y_loss: 0.969277 |	bpp_z_loss: 0.015521 |	bpp_loss: 0.984799 |	mse_loss: 0.000312 |	loss: 2.876520 |	psnr_loss: 35.942715 |
[2024-01-12 17:28:21,051 | INFO | train_one_epoch] Train epoch 9: [2000/10000 (20.00%)] 	bpp_y_loss: 0.961172 |	bpp_z_loss: 0.015415 |	bpp_loss: 0.976587 |	mse_loss: 0.000290 |	loss: 2.735966 |	psnr_loss: 36.100384 |
[2024-01-12 17:35:44,501 | INFO | train_one_epoch] Train epoch 9: [3000/10000 (30.00%)] 	bpp_y_loss: 0.955418 |	bpp_z_loss: 0.015427 |	bpp_loss: 0.970845 |	mse_loss: 0.000291 |	loss: 2.735091 |	psnr_loss: 36.175392 |
[2024-01-12 17:43:11,819 | INFO | train_one_epoch] Train epoch 9: [4000/10000 (40.00%)] 	bpp_y_loss: 0.972249 |	bpp_z_loss: 0.015448 |	bpp_loss: 0.987698 |	mse_loss: 0.000307 |	loss: 2.848544 |	psnr_loss: 36.001221 |
[2024-01-12 17:50:36,943 | INFO | train_one_epoch] Train epoch 9: [5000/10000 (50.00%)] 	bpp_y_loss: 0.970723 |	bpp_z_loss: 0.015506 |	bpp_loss: 0.986230 |	mse_loss: 0.000293 |	loss: 2.764828 |	psnr_loss: 36.117168 |
[2024-01-12 17:58:04,691 | INFO | train_one_epoch] Train epoch 9: [6000/10000 (60.00%)] 	bpp_y_loss: 0.971813 |	bpp_z_loss: 0.015421 |	bpp_loss: 0.987234 |	mse_loss: 0.000300 |	loss: 2.806077 |	psnr_loss: 36.020748 |
[2024-01-12 18:05:28,810 | INFO | train_one_epoch] Train epoch 9: [7000/10000 (70.00%)] 	bpp_y_loss: 0.962708 |	bpp_z_loss: 0.015445 |	bpp_loss: 0.978154 |	mse_loss: 0.000276 |	loss: 2.650398 |	psnr_loss: 36.305107 |
[2024-01-12 18:12:49,819 | INFO | train_one_epoch] Train epoch 9: [8000/10000 (80.00%)] 	bpp_y_loss: 0.971750 |	bpp_z_loss: 0.015514 |	bpp_loss: 0.987264 |	mse_loss: 0.000293 |	loss: 2.763377 |	psnr_loss: 36.068409 |
[2024-01-12 18:20:12,829 | INFO | train_one_epoch] Train epoch 9: [9000/10000 (90.00%)] 	bpp_y_loss: 0.976836 |	bpp_z_loss: 0.015538 |	bpp_loss: 0.992376 |	mse_loss: 0.000290 |	loss: 2.749479 |	psnr_loss: 36.163631 |
[2024-01-12 18:27:36,724 | INFO | train_one_epoch] Train epoch 9: [10000/10000 (100.00%)] 	bpp_y_loss: 0.978697 |	bpp_z_loss: 0.015657 |	bpp_loss: 0.994355 |	mse_loss: 0.000298 |	loss: 2.797491 |	psnr_loss: 36.027111 |
[2024-01-12 18:27:40,547 | INFO | test_one_epoch] Testing results for epoch 10 | bpp_y_loss=1.17303 | bpp_z_loss=0.01535 | bpp_loss=1.18838 | mse_loss=0.00041 | loss=3.64883 | psnr_loss=34.41883
[2024-01-12 18:28:13,276 | INFO | train_one_epoch] Learning rate: 5e-05
[2024-01-12 18:28:14,282 | INFO | train_one_epoch] Train epoch 10: [0/10000 (0.00%)] 	bpp_y_loss: 0.936162 |	bpp_z_loss: 0.017213 |	bpp_loss: 0.953375 |	mse_loss: 0.000168 |	loss: 1.971566 |	psnr_loss: 37.746670 |
[2024-01-12 18:35:38,471 | INFO | train_one_epoch] Train epoch 10: [1000/10000 (10.00%)] 	bpp_y_loss: 0.993768 |	bpp_z_loss: 0.015499 |	bpp_loss: 1.009266 |	mse_loss: 0.000294 |	loss: 2.789593 |	psnr_loss: 36.083138 |
[2024-01-12 18:43:03,581 | INFO | train_one_epoch] Train epoch 10: [2000/10000 (20.00%)] 	bpp_y_loss: 0.964429 |	bpp_z_loss: 0.015369 |	bpp_loss: 0.979798 |	mse_loss: 0.000299 |	loss: 2.789054 |	psnr_loss: 36.177814 |
[2024-01-12 18:50:27,163 | INFO | train_one_epoch] Train epoch 10: [3000/10000 (30.00%)] 	bpp_y_loss: 0.971808 |	bpp_z_loss: 0.015474 |	bpp_loss: 0.987282 |	mse_loss: 0.000280 |	loss: 2.686394 |	psnr_loss: 36.311131 |
[2024-01-12 18:57:49,417 | INFO | train_one_epoch] Train epoch 10: [4000/10000 (40.00%)] 	bpp_y_loss: 0.966753 |	bpp_z_loss: 0.015460 |	bpp_loss: 0.982213 |	mse_loss: 0.000274 |	loss: 2.642473 |	psnr_loss: 36.314701 |
[2024-01-12 19:05:05,016 | INFO | train_one_epoch] Train epoch 10: [5000/10000 (50.00%)] 	bpp_y_loss: 0.967469 |	bpp_z_loss: 0.015506 |	bpp_loss: 0.982973 |	mse_loss: 0.000279 |	loss: 2.674352 |	psnr_loss: 36.318432 |
[2024-01-12 19:12:30,478 | INFO | train_one_epoch] Train epoch 10: [6000/10000 (60.00%)] 	bpp_y_loss: 0.969124 |	bpp_z_loss: 0.015576 |	bpp_loss: 0.984699 |	mse_loss: 0.000283 |	loss: 2.698687 |	psnr_loss: 36.199020 |
[2024-01-12 19:19:57,909 | INFO | train_one_epoch] Train epoch 10: [7000/10000 (70.00%)] 	bpp_y_loss: 0.978421 |	bpp_z_loss: 0.015432 |	bpp_loss: 0.993852 |	mse_loss: 0.000270 |	loss: 2.627345 |	psnr_loss: 36.409622 |
[2024-01-12 19:27:16,190 | INFO | train_one_epoch] Train epoch 10: [8000/10000 (80.00%)] 	bpp_y_loss: 0.978450 |	bpp_z_loss: 0.015545 |	bpp_loss: 0.993996 |	mse_loss: 0.000298 |	loss: 2.802027 |	psnr_loss: 36.126064 |
[2024-01-12 19:34:42,562 | INFO | train_one_epoch] Train epoch 10: [9000/10000 (90.00%)] 	bpp_y_loss: 0.972447 |	bpp_z_loss: 0.015596 |	bpp_loss: 0.988043 |	mse_loss: 0.000280 |	loss: 2.685684 |	psnr_loss: 36.314896 |
[2024-01-12 19:42:07,202 | INFO | train_one_epoch] Train epoch 10: [10000/10000 (100.00%)] 	bpp_y_loss: 0.973801 |	bpp_z_loss: 0.015492 |	bpp_loss: 0.989293 |	mse_loss: 0.000272 |	loss: 2.636526 |	psnr_loss: 36.462112 |
[2024-01-12 19:42:11,008 | INFO | test_one_epoch] Testing results for epoch 11 | bpp_y_loss=1.17076 | bpp_z_loss=0.01574 | bpp_loss=1.18650 | mse_loss=0.00037 | loss=3.40486 | psnr_loss=34.86328
[2024-01-12 19:42:42,369 | INFO | train_one_epoch] Learning rate: 5e-05
[2024-01-12 19:42:43,331 | INFO | train_one_epoch] Train epoch 11: [0/10000 (0.00%)] 	bpp_y_loss: 1.287513 |	bpp_z_loss: 0.016859 |	bpp_loss: 1.304372 |	mse_loss: 0.000331 |	loss: 3.311692 |	psnr_loss: 34.798798 |
[2024-01-12 19:50:02,145 | INFO | train_one_epoch] Train epoch 11: [1000/10000 (10.00%)] 	bpp_y_loss: 0.968204 |	bpp_z_loss: 0.015565 |	bpp_loss: 0.983769 |	mse_loss: 0.000269 |	loss: 2.615322 |	psnr_loss: 36.474361 |
[2024-01-12 19:57:24,434 | INFO | train_one_epoch] Train epoch 11: [2000/10000 (20.00%)] 	bpp_y_loss: 0.972411 |	bpp_z_loss: 0.015565 |	bpp_loss: 0.987977 |	mse_loss: 0.000263 |	loss: 2.581305 |	psnr_loss: 36.517506 |
[2024-01-12 20:04:44,657 | INFO | train_one_epoch] Train epoch 11: [3000/10000 (30.00%)] 	bpp_y_loss: 0.975184 |	bpp_z_loss: 0.015544 |	bpp_loss: 0.990728 |	mse_loss: 0.000284 |	loss: 2.711209 |	psnr_loss: 36.294785 |
[2024-01-12 20:12:12,832 | INFO | train_one_epoch] Train epoch 11: [4000/10000 (40.00%)] 	bpp_y_loss: 0.983561 |	bpp_z_loss: 0.015642 |	bpp_loss: 0.999203 |	mse_loss: 0.000283 |	loss: 2.713681 |	psnr_loss: 36.338970 |
[2024-01-12 20:19:32,283 | INFO | train_one_epoch] Train epoch 11: [5000/10000 (50.00%)] 	bpp_y_loss: 0.982064 |	bpp_z_loss: 0.015438 |	bpp_loss: 0.997502 |	mse_loss: 0.000267 |	loss: 2.616415 |	psnr_loss: 36.501450 |
[2024-01-12 20:26:53,651 | INFO | train_one_epoch] Train epoch 11: [6000/10000 (60.00%)] 	bpp_y_loss: 0.972466 |	bpp_z_loss: 0.015531 |	bpp_loss: 0.987996 |	mse_loss: 0.000256 |	loss: 2.537670 |	psnr_loss: 36.572498 |
[2024-01-12 20:34:15,743 | INFO | train_one_epoch] Train epoch 11: [7000/10000 (70.00%)] 	bpp_y_loss: 0.972189 |	bpp_z_loss: 0.015569 |	bpp_loss: 0.987757 |	mse_loss: 0.000254 |	loss: 2.525340 |	psnr_loss: 36.677032 |
[2024-01-12 20:41:39,889 | INFO | train_one_epoch] Train epoch 11: [8000/10000 (80.00%)] 	bpp_y_loss: 0.971965 |	bpp_z_loss: 0.015493 |	bpp_loss: 0.987458 |	mse_loss: 0.000264 |	loss: 2.588391 |	psnr_loss: 36.519047 |
[2024-01-12 20:48:58,016 | INFO | train_one_epoch] Train epoch 11: [9000/10000 (90.00%)] 	bpp_y_loss: 0.969548 |	bpp_z_loss: 0.015496 |	bpp_loss: 0.985044 |	mse_loss: 0.000260 |	loss: 2.562078 |	psnr_loss: 36.615044 |
[2024-01-12 20:56:17,292 | INFO | train_one_epoch] Train epoch 11: [10000/10000 (100.00%)] 	bpp_y_loss: 0.976161 |	bpp_z_loss: 0.015590 |	bpp_loss: 0.991750 |	mse_loss: 0.000262 |	loss: 2.577029 |	psnr_loss: 36.615040 |
[2024-01-12 20:56:20,969 | INFO | test_one_epoch] Testing results for epoch 12 | bpp_y_loss=1.18197 | bpp_z_loss=0.01544 | bpp_loss=1.19742 | mse_loss=0.00042 | loss=3.74591 | psnr_loss=34.13569
[2024-01-12 20:56:37,177 | INFO | train_one_epoch] Learning rate: 5e-05
[2024-01-12 20:56:38,144 | INFO | train_one_epoch] Train epoch 12: [0/10000 (0.00%)] 	bpp_y_loss: 0.970881 |	bpp_z_loss: 0.014287 |	bpp_loss: 0.985168 |	mse_loss: 0.000231 |	loss: 2.384043 |	psnr_loss: 36.367180 |
[2024-01-12 21:03:53,233 | INFO | train_one_epoch] Train epoch 12: [1000/10000 (10.00%)] 	bpp_y_loss: 0.970205 |	bpp_z_loss: 0.015490 |	bpp_loss: 0.985695 |	mse_loss: 0.000269 |	loss: 2.615568 |	psnr_loss: 36.554958 |
[2024-01-12 21:11:14,689 | INFO | train_one_epoch] Train epoch 12: [2000/10000 (20.00%)] 	bpp_y_loss: 0.974957 |	bpp_z_loss: 0.015473 |	bpp_loss: 0.990432 |	mse_loss: 0.000256 |	loss: 2.539607 |	psnr_loss: 36.605785 |
[2024-01-12 21:18:36,706 | INFO | train_one_epoch] Train epoch 12: [3000/10000 (30.00%)] 	bpp_y_loss: 0.976655 |	bpp_z_loss: 0.015491 |	bpp_loss: 0.992146 |	mse_loss: 0.000253 |	loss: 2.527674 |	psnr_loss: 36.716850 |
[2024-01-12 21:25:56,761 | INFO | train_one_epoch] Train epoch 12: [4000/10000 (40.00%)] 	bpp_y_loss: 0.974526 |	bpp_z_loss: 0.015447 |	bpp_loss: 0.989973 |	mse_loss: 0.000250 |	loss: 2.503372 |	psnr_loss: 36.756413 |
[2024-01-12 21:33:23,557 | INFO | train_one_epoch] Train epoch 12: [5000/10000 (50.00%)] 	bpp_y_loss: 0.966588 |	bpp_z_loss: 0.015464 |	bpp_loss: 0.982053 |	mse_loss: 0.000254 |	loss: 2.519235 |	psnr_loss: 36.706688 |
[2024-01-12 21:40:45,726 | INFO | train_one_epoch] Train epoch 12: [6000/10000 (60.00%)] 	bpp_y_loss: 0.958561 |	bpp_z_loss: 0.015414 |	bpp_loss: 0.973974 |	mse_loss: 0.000253 |	loss: 2.508308 |	psnr_loss: 36.802402 |
[2024-01-12 21:48:12,448 | INFO | train_one_epoch] Train epoch 12: [7000/10000 (70.00%)] 	bpp_y_loss: 0.966218 |	bpp_z_loss: 0.015565 |	bpp_loss: 0.981784 |	mse_loss: 0.000266 |	loss: 2.591327 |	psnr_loss: 36.542854 |
[2024-01-12 21:55:40,131 | INFO | train_one_epoch] Train epoch 12: [8000/10000 (80.00%)] 	bpp_y_loss: 0.968651 |	bpp_z_loss: 0.015495 |	bpp_loss: 0.984146 |	mse_loss: 0.000260 |	loss: 2.562053 |	psnr_loss: 36.684948 |
[2024-01-12 22:03:08,957 | INFO | train_one_epoch] Train epoch 12: [9000/10000 (90.00%)] 	bpp_y_loss: 0.978019 |	bpp_z_loss: 0.015644 |	bpp_loss: 0.993663 |	mse_loss: 0.000262 |	loss: 2.578729 |	psnr_loss: 36.527832 |
[2024-01-12 22:10:32,100 | INFO | train_one_epoch] Train epoch 12: [10000/10000 (100.00%)] 	bpp_y_loss: 0.968100 |	bpp_z_loss: 0.015482 |	bpp_loss: 0.983581 |	mse_loss: 0.000250 |	loss: 2.501488 |	psnr_loss: 36.765690 |
[2024-01-12 22:10:35,817 | INFO | test_one_epoch] Testing results for epoch 13 | bpp_y_loss=1.18748 | bpp_z_loss=0.01587 | bpp_loss=1.20335 | mse_loss=0.00040 | loss=3.64824 | psnr_loss=34.33936
[2024-01-12 22:10:51,749 | INFO | train_one_epoch] Learning rate: 5e-05
[2024-01-12 22:10:52,686 | INFO | train_one_epoch] Train epoch 13: [0/10000 (0.00%)] 	bpp_y_loss: 0.833947 |	bpp_z_loss: 0.016054 |	bpp_loss: 0.850001 |	mse_loss: 0.000370 |	loss: 3.090107 |	psnr_loss: 34.322277 |
[2024-01-12 22:18:16,496 | INFO | train_one_epoch] Train epoch 13: [1000/10000 (10.00%)] 	bpp_y_loss: 0.971719 |	bpp_z_loss: 0.015495 |	bpp_loss: 0.987214 |	mse_loss: 0.000245 |	loss: 2.471324 |	psnr_loss: 36.814152 |
[2024-01-12 22:25:38,816 | INFO | train_one_epoch] Train epoch 13: [2000/10000 (20.00%)] 	bpp_y_loss: 0.971584 |	bpp_z_loss: 0.015551 |	bpp_loss: 0.987134 |	mse_loss: 0.000248 |	loss: 2.489448 |	psnr_loss: 36.733414 |
[2024-01-12 22:33:00,131 | INFO | train_one_epoch] Train epoch 13: [3000/10000 (30.00%)] 	bpp_y_loss: 0.973598 |	bpp_z_loss: 0.015515 |	bpp_loss: 0.989113 |	mse_loss: 0.000252 |	loss: 2.518943 |	psnr_loss: 36.628838 |
[2024-01-12 22:40:28,235 | INFO | train_one_epoch] Train epoch 13: [4000/10000 (40.00%)] 	bpp_y_loss: 0.975259 |	bpp_z_loss: 0.015433 |	bpp_loss: 0.990693 |	mse_loss: 0.000257 |	loss: 2.546538 |	psnr_loss: 36.695107 |
[2024-01-12 22:47:51,641 | INFO | train_one_epoch] Train epoch 13: [5000/10000 (50.00%)] 	bpp_y_loss: 0.963724 |	bpp_z_loss: 0.015482 |	bpp_loss: 0.979205 |	mse_loss: 0.000234 |	loss: 2.397564 |	psnr_loss: 36.944141 |
[2024-01-12 22:55:05,753 | INFO | train_one_epoch] Train epoch 13: [6000/10000 (60.00%)] 	bpp_y_loss: 0.965667 |	bpp_z_loss: 0.015467 |	bpp_loss: 0.981134 |	mse_loss: 0.000249 |	loss: 2.490608 |	psnr_loss: 36.811089 |
[2024-01-12 23:02:29,281 | INFO | train_one_epoch] Train epoch 13: [7000/10000 (70.00%)] 	bpp_y_loss: 0.979538 |	bpp_z_loss: 0.015549 |	bpp_loss: 0.995087 |	mse_loss: 0.000258 |	loss: 2.555807 |	psnr_loss: 36.676685 |
[2024-01-12 23:09:59,622 | INFO | train_one_epoch] Train epoch 13: [8000/10000 (80.00%)] 	bpp_y_loss: 0.974803 |	bpp_z_loss: 0.015465 |	bpp_loss: 0.990268 |	mse_loss: 0.000256 |	loss: 2.543869 |	psnr_loss: 36.795937 |
[2024-01-12 23:17:24,948 | INFO | train_one_epoch] Train epoch 13: [9000/10000 (90.00%)] 	bpp_y_loss: 0.972012 |	bpp_z_loss: 0.015418 |	bpp_loss: 0.987430 |	mse_loss: 0.000240 |	loss: 2.444836 |	psnr_loss: 36.926304 |
[2024-01-12 23:24:48,184 | INFO | train_one_epoch] Train epoch 13: [10000/10000 (100.00%)] 	bpp_y_loss: 0.983198 |	bpp_z_loss: 0.015499 |	bpp_loss: 0.998697 |	mse_loss: 0.000247 |	loss: 2.497471 |	psnr_loss: 36.813473 |
[2024-01-12 23:24:51,767 | INFO | test_one_epoch] Testing results for epoch 14 | bpp_y_loss=1.19787 | bpp_z_loss=0.01566 | bpp_loss=1.21353 | mse_loss=0.00031 | loss=3.10924 | psnr_loss=35.53408
[2024-01-12 23:25:22,196 | INFO | train_one_epoch] Learning rate: 5e-05
[2024-01-12 23:25:23,140 | INFO | train_one_epoch] Train epoch 14: [0/10000 (0.00%)] 	bpp_y_loss: 0.659312 |	bpp_z_loss: 0.014840 |	bpp_loss: 0.674152 |	mse_loss: 0.000099 |	loss: 1.271661 |	psnr_loss: 40.061516 |
[2024-01-12 23:32:47,140 | INFO | train_one_epoch] Train epoch 14: [1000/10000 (10.00%)] 	bpp_y_loss: 0.978409 |	bpp_z_loss: 0.015524 |	bpp_loss: 0.993932 |	mse_loss: 0.000245 |	loss: 2.476351 |	psnr_loss: 36.908165 |
[2024-01-12 23:40:12,287 | INFO | train_one_epoch] Train epoch 14: [2000/10000 (20.00%)] 	bpp_y_loss: 0.959904 |	bpp_z_loss: 0.015427 |	bpp_loss: 0.975332 |	mse_loss: 0.000244 |	loss: 2.452462 |	psnr_loss: 36.927681 |
[2024-01-12 23:47:39,613 | INFO | train_one_epoch] Train epoch 14: [3000/10000 (30.00%)] 	bpp_y_loss: 0.981822 |	bpp_z_loss: 0.015528 |	bpp_loss: 0.997349 |	mse_loss: 0.000250 |	loss: 2.514312 |	psnr_loss: 36.720402 |
[2024-01-12 23:55:01,152 | INFO | train_one_epoch] Train epoch 14: [4000/10000 (40.00%)] 	bpp_y_loss: 0.970737 |	bpp_z_loss: 0.015548 |	bpp_loss: 0.986284 |	mse_loss: 0.000234 |	loss: 2.403581 |	psnr_loss: 37.014366 |
[2024-01-13 00:02:23,210 | INFO | train_one_epoch] Train epoch 14: [5000/10000 (50.00%)] 	bpp_y_loss: 0.959859 |	bpp_z_loss: 0.015464 |	bpp_loss: 0.975323 |	mse_loss: 0.000231 |	loss: 2.377621 |	psnr_loss: 37.072945 |
[2024-01-13 00:09:47,717 | INFO | train_one_epoch] Train epoch 14: [6000/10000 (60.00%)] 	bpp_y_loss: 0.970971 |	bpp_z_loss: 0.015490 |	bpp_loss: 0.986462 |	mse_loss: 0.000235 |	loss: 2.407638 |	psnr_loss: 37.073441 |
[2024-01-13 00:17:11,219 | INFO | train_one_epoch] Train epoch 14: [7000/10000 (70.00%)] 	bpp_y_loss: 0.965576 |	bpp_z_loss: 0.015476 |	bpp_loss: 0.981051 |	mse_loss: 0.000229 |	loss: 2.367934 |	psnr_loss: 37.100327 |
[2024-01-13 00:24:32,577 | INFO | train_one_epoch] Train epoch 14: [8000/10000 (80.00%)] 	bpp_y_loss: 0.949909 |	bpp_z_loss: 0.015568 |	bpp_loss: 0.965478 |	mse_loss: 0.000231 |	loss: 2.363136 |	psnr_loss: 37.143452 |
[2024-01-13 00:31:55,157 | INFO | train_one_epoch] Train epoch 14: [9000/10000 (90.00%)] 	bpp_y_loss: 0.969863 |	bpp_z_loss: 0.015484 |	bpp_loss: 0.985347 |	mse_loss: 0.000247 |	loss: 2.479485 |	psnr_loss: 36.895676 |
[2024-01-13 00:39:05,038 | INFO | train_one_epoch] Train epoch 14: [10000/10000 (100.00%)] 	bpp_y_loss: 0.970920 |	bpp_z_loss: 0.015525 |	bpp_loss: 0.986445 |	mse_loss: 0.000230 |	loss: 2.378991 |	psnr_loss: 37.001945 |
[2024-01-13 00:39:08,717 | INFO | test_one_epoch] Testing results for epoch 15 | bpp_y_loss=1.20823 | bpp_z_loss=0.01632 | bpp_loss=1.22456 | mse_loss=0.00033 | loss=3.23515 | psnr_loss=35.25056
[2024-01-13 00:39:23,866 | INFO | train_one_epoch] Learning rate: 5e-05
[2024-01-13 00:39:24,829 | INFO | train_one_epoch] Train epoch 15: [0/10000 (0.00%)] 	bpp_y_loss: 0.949980 |	bpp_z_loss: 0.016636 |	bpp_loss: 0.966616 |	mse_loss: 0.000156 |	loss: 1.913909 |	psnr_loss: 38.060120 |
[2024-01-13 00:46:52,171 | INFO | train_one_epoch] Train epoch 15: [1000/10000 (10.00%)] 	bpp_y_loss: 0.977791 |	bpp_z_loss: 0.015716 |	bpp_loss: 0.993507 |	mse_loss: 0.000239 |	loss: 2.440495 |	psnr_loss: 36.969616 |
[2024-01-13 00:54:17,194 | INFO | train_one_epoch] Train epoch 15: [2000/10000 (20.00%)] 	bpp_y_loss: 0.971369 |	bpp_z_loss: 0.015563 |	bpp_loss: 0.986931 |	mse_loss: 0.000235 |	loss: 2.410278 |	psnr_loss: 37.086849 |
[2024-01-13 01:01:45,622 | INFO | train_one_epoch] Train epoch 15: [3000/10000 (30.00%)] 	bpp_y_loss: 0.980084 |	bpp_z_loss: 0.015487 |	bpp_loss: 0.995570 |	mse_loss: 0.000230 |	loss: 2.391308 |	psnr_loss: 37.084229 |
[2024-01-13 01:09:08,860 | INFO | train_one_epoch] Train epoch 15: [4000/10000 (40.00%)] 	bpp_y_loss: 0.957735 |	bpp_z_loss: 0.015529 |	bpp_loss: 0.973265 |	mse_loss: 0.000223 |	loss: 2.323883 |	psnr_loss: 37.195919 |
[2024-01-13 01:16:32,895 | INFO | train_one_epoch] Train epoch 15: [5000/10000 (50.00%)] 	bpp_y_loss: 0.993474 |	bpp_z_loss: 0.015753 |	bpp_loss: 1.009227 |	mse_loss: 0.000263 |	loss: 2.603168 |	psnr_loss: 36.622665 |
[2024-01-13 01:23:57,624 | INFO | train_one_epoch] Train epoch 15: [6000/10000 (60.00%)] 	bpp_y_loss: 0.970771 |	bpp_z_loss: 0.015554 |	bpp_loss: 0.986326 |	mse_loss: 0.000226 |	loss: 2.356950 |	psnr_loss: 37.129200 |
[2024-01-13 01:31:25,172 | INFO | train_one_epoch] Train epoch 15: [7000/10000 (70.00%)] 	bpp_y_loss: 0.981961 |	bpp_z_loss: 0.015644 |	bpp_loss: 0.997605 |	mse_loss: 0.000228 |	loss: 2.378077 |	psnr_loss: 37.104568 |
[2024-01-13 01:38:52,624 | INFO | train_one_epoch] Train epoch 15: [8000/10000 (80.00%)] 	bpp_y_loss: 0.972908 |	bpp_z_loss: 0.015586 |	bpp_loss: 0.988494 |	mse_loss: 0.000239 |	loss: 2.436225 |	psnr_loss: 37.002640 |
[2024-01-13 01:46:14,195 | INFO | train_one_epoch] Train epoch 15: [9000/10000 (90.00%)] 	bpp_y_loss: 0.975267 |	bpp_z_loss: 0.015634 |	bpp_loss: 0.990900 |	mse_loss: 0.000234 |	loss: 2.410273 |	psnr_loss: 37.070335 |
[2024-01-13 01:53:25,385 | INFO | train_one_epoch] Train epoch 15: [10000/10000 (100.00%)] 	bpp_y_loss: 0.947956 |	bpp_z_loss: 0.015578 |	bpp_loss: 0.963534 |	mse_loss: 0.000219 |	loss: 2.289380 |	psnr_loss: 37.241062 |
[2024-01-13 01:53:28,898 | INFO | test_one_epoch] Testing results for epoch 16 | bpp_y_loss=1.19029 | bpp_z_loss=0.01631 | bpp_loss=1.20660 | mse_loss=0.00032 | loss=3.16056 | psnr_loss=35.30228
[2024-01-13 01:53:45,570 | INFO | train_one_epoch] Learning rate: 5e-05
[2024-01-13 01:53:46,512 | INFO | train_one_epoch] Train epoch 16: [0/10000 (0.00%)] 	bpp_y_loss: 0.967063 |	bpp_z_loss: 0.017854 |	bpp_loss: 0.984917 |	mse_loss: 0.000163 |	loss: 1.971603 |	psnr_loss: 37.883179 |
[2024-01-13 02:01:09,768 | INFO | train_one_epoch] Train epoch 16: [1000/10000 (10.00%)] 	bpp_y_loss: 0.962461 |	bpp_z_loss: 0.015561 |	bpp_loss: 0.978022 |	mse_loss: 0.000224 |	loss: 2.337619 |	psnr_loss: 37.209194 |
[2024-01-13 02:08:28,078 | INFO | train_one_epoch] Train epoch 16: [2000/10000 (20.00%)] 	bpp_y_loss: 0.964336 |	bpp_z_loss: 0.015638 |	bpp_loss: 0.979975 |	mse_loss: 0.000220 |	loss: 2.312984 |	psnr_loss: 37.253246 |
[2024-01-13 02:15:53,028 | INFO | train_one_epoch] Train epoch 16: [3000/10000 (30.00%)] 	bpp_y_loss: 0.975204 |	bpp_z_loss: 0.015636 |	bpp_loss: 0.990840 |	mse_loss: 0.000220 |	loss: 2.321192 |	psnr_loss: 37.248692 |
[2024-01-13 02:23:13,581 | INFO | train_one_epoch] Train epoch 16: [4000/10000 (40.00%)] 	bpp_y_loss: 0.972948 |	bpp_z_loss: 0.015634 |	bpp_loss: 0.988581 |	mse_loss: 0.000225 |	loss: 2.349705 |	psnr_loss: 37.219402 |
[2024-01-13 02:30:37,777 | INFO | train_one_epoch] Train epoch 16: [5000/10000 (50.00%)] 	bpp_y_loss: 0.975245 |	bpp_z_loss: 0.015686 |	bpp_loss: 0.990931 |	mse_loss: 0.000237 |	loss: 2.425062 |	psnr_loss: 37.080921 |
[2024-01-13 02:38:02,868 | INFO | train_one_epoch] Train epoch 16: [6000/10000 (60.00%)] 	bpp_y_loss: 0.960493 |	bpp_z_loss: 0.015620 |	bpp_loss: 0.976113 |	mse_loss: 0.000221 |	loss: 2.314057 |	psnr_loss: 37.320736 |
[2024-01-13 02:45:20,567 | INFO | train_one_epoch] Train epoch 16: [7000/10000 (70.00%)] 	bpp_y_loss: 0.965740 |	bpp_z_loss: 0.015628 |	bpp_loss: 0.981367 |	mse_loss: 0.000236 |	loss: 2.414424 |	psnr_loss: 37.006699 |
[2024-01-13 02:52:49,047 | INFO | train_one_epoch] Train epoch 16: [8000/10000 (80.00%)] 	bpp_y_loss: 0.977025 |	bpp_z_loss: 0.015607 |	bpp_loss: 0.992632 |	mse_loss: 0.000230 |	loss: 2.385399 |	psnr_loss: 37.075069 |
[2024-01-13 03:00:07,617 | INFO | train_one_epoch] Train epoch 16: [9000/10000 (90.00%)] 	bpp_y_loss: 0.987685 |	bpp_z_loss: 0.015815 |	bpp_loss: 1.003500 |	mse_loss: 0.000236 |	loss: 2.433670 |	psnr_loss: 37.007256 |
[2024-01-13 03:07:29,481 | INFO | train_one_epoch] Train epoch 16: [10000/10000 (100.00%)] 	bpp_y_loss: 0.973537 |	bpp_z_loss: 0.015771 |	bpp_loss: 0.989307 |	mse_loss: 0.000231 |	loss: 2.386944 |	psnr_loss: 37.097160 |
[2024-01-13 03:07:33,259 | INFO | test_one_epoch] Testing results for epoch 17 | bpp_y_loss=1.20513 | bpp_z_loss=0.01600 | bpp_loss=1.22113 | mse_loss=0.00037 | loss=3.46910 | psnr_loss=34.75735
[2024-01-13 03:07:49,352 | INFO | train_one_epoch] Learning rate: 5e-05
[2024-01-13 03:07:50,322 | INFO | train_one_epoch] Train epoch 17: [0/10000 (0.00%)] 	bpp_y_loss: 0.948500 |	bpp_z_loss: 0.013364 |	bpp_loss: 0.961864 |	mse_loss: 0.000361 |	loss: 3.149658 |	psnr_loss: 34.424896 |
[2024-01-13 03:15:07,945 | INFO | train_one_epoch] Train epoch 17: [1000/10000 (10.00%)] 	bpp_y_loss: 0.970467 |	bpp_z_loss: 0.015676 |	bpp_loss: 0.986142 |	mse_loss: 0.000224 |	loss: 2.342803 |	psnr_loss: 37.119064 |
[2024-01-13 03:22:32,392 | INFO | train_one_epoch] Train epoch 17: [2000/10000 (20.00%)] 	bpp_y_loss: 0.983657 |	bpp_z_loss: 0.015743 |	bpp_loss: 0.999401 |	mse_loss: 0.000229 |	loss: 2.386878 |	psnr_loss: 37.191338 |
[2024-01-13 03:29:54,467 | INFO | train_one_epoch] Train epoch 17: [3000/10000 (30.00%)] 	bpp_y_loss: 0.975483 |	bpp_z_loss: 0.015768 |	bpp_loss: 0.991251 |	mse_loss: 0.000223 |	loss: 2.340707 |	psnr_loss: 37.236031 |
[2024-01-13 03:37:21,251 | INFO | train_one_epoch] Train epoch 17: [4000/10000 (40.00%)] 	bpp_y_loss: 0.963667 |	bpp_z_loss: 0.015665 |	bpp_loss: 0.979333 |	mse_loss: 0.000222 |	loss: 2.322024 |	psnr_loss: 37.260780 |
[2024-01-13 03:44:44,274 | INFO | train_one_epoch] Train epoch 17: [5000/10000 (50.00%)] 	bpp_y_loss: 0.971772 |	bpp_z_loss: 0.015669 |	bpp_loss: 0.987441 |	mse_loss: 0.000218 |	loss: 2.308495 |	psnr_loss: 37.278183 |
[2024-01-13 03:52:05,555 | INFO | train_one_epoch] Train epoch 17: [6000/10000 (60.00%)] 	bpp_y_loss: 0.973169 |	bpp_z_loss: 0.015743 |	bpp_loss: 0.988912 |	mse_loss: 0.000221 |	loss: 2.328457 |	psnr_loss: 37.309521 |
[2024-01-13 04:00:15,286 | INFO | train_one_epoch] Train epoch 17: [7000/10000 (70.00%)] 	bpp_y_loss: 0.966728 |	bpp_z_loss: 0.015612 |	bpp_loss: 0.982339 |	mse_loss: 0.000221 |	loss: 2.322270 |	psnr_loss: 37.298134 |
[2024-01-13 04:09:12,442 | INFO | train_one_epoch] Train epoch 17: [8000/10000 (80.00%)] 	bpp_y_loss: 0.971452 |	bpp_z_loss: 0.015734 |	bpp_loss: 0.987186 |	mse_loss: 0.000212 |	loss: 2.271882 |	psnr_loss: 37.395508 |
[2024-01-13 04:18:00,214 | INFO | train_one_epoch] Train epoch 17: [9000/10000 (90.00%)] 	bpp_y_loss: 0.965687 |	bpp_z_loss: 0.015724 |	bpp_loss: 0.981412 |	mse_loss: 0.000215 |	loss: 2.286613 |	psnr_loss: 37.384968 |
[2024-01-13 04:26:47,456 | INFO | train_one_epoch] Train epoch 17: [10000/10000 (100.00%)] 	bpp_y_loss: 0.968892 |	bpp_z_loss: 0.015730 |	bpp_loss: 0.984622 |	mse_loss: 0.000217 |	loss: 2.299027 |	psnr_loss: 37.327240 |
[2024-01-13 04:26:51,343 | INFO | test_one_epoch] Testing results for epoch 18 | bpp_y_loss=1.20948 | bpp_z_loss=0.01629 | bpp_loss=1.22577 | mse_loss=0.00028 | loss=2.93800 | psnr_loss=35.95050
[2024-01-13 04:27:23,047 | INFO | train_one_epoch] Learning rate: 5e-05
[2024-01-13 04:27:24,253 | INFO | train_one_epoch] Train epoch 18: [0/10000 (0.00%)] 	bpp_y_loss: 0.830982 |	bpp_z_loss: 0.016695 |	bpp_loss: 0.847676 |	mse_loss: 0.000129 |	loss: 1.628063 |	psnr_loss: 38.901867 |
[2024-01-13 04:35:48,126 | INFO | train_one_epoch] Train epoch 18: [1000/10000 (10.00%)] 	bpp_y_loss: 0.961987 |	bpp_z_loss: 0.015777 |	bpp_loss: 0.977764 |	mse_loss: 0.000202 |	loss: 2.201252 |	psnr_loss: 37.540607 |
[2024-01-13 04:44:08,776 | INFO | train_one_epoch] Train epoch 18: [2000/10000 (20.00%)] 	bpp_y_loss: 0.982265 |	bpp_z_loss: 0.015861 |	bpp_loss: 0.998126 |	mse_loss: 0.000216 |	loss: 2.305407 |	psnr_loss: 37.315388 |
[2024-01-13 04:52:30,156 | INFO | train_one_epoch] Train epoch 18: [3000/10000 (30.00%)] 	bpp_y_loss: 0.978573 |	bpp_z_loss: 0.015825 |	bpp_loss: 0.994398 |	mse_loss: 0.000221 |	loss: 2.332046 |	psnr_loss: 37.245689 |
[2024-01-13 05:00:53,830 | INFO | train_one_epoch] Train epoch 18: [4000/10000 (40.00%)] 	bpp_y_loss: 0.970175 |	bpp_z_loss: 0.015772 |	bpp_loss: 0.985948 |	mse_loss: 0.000219 |	loss: 2.314605 |	psnr_loss: 37.285576 |
[2024-01-13 05:09:13,891 | INFO | train_one_epoch] Train epoch 18: [5000/10000 (50.00%)] 	bpp_y_loss: 0.974514 |	bpp_z_loss: 0.015718 |	bpp_loss: 0.990232 |	mse_loss: 0.000209 |	loss: 2.259209 |	psnr_loss: 37.401802 |
[2024-01-13 05:17:33,167 | INFO | train_one_epoch] Train epoch 18: [6000/10000 (60.00%)] 	bpp_y_loss: 0.949364 |	bpp_z_loss: 0.015678 |	bpp_loss: 0.965041 |	mse_loss: 0.000214 |	loss: 2.263552 |	psnr_loss: 37.433708 |
[2024-01-13 05:24:57,295 | INFO | train_one_epoch] Train epoch 18: [7000/10000 (70.00%)] 	bpp_y_loss: 0.979067 |	bpp_z_loss: 0.015855 |	bpp_loss: 0.994923 |	mse_loss: 0.000218 |	loss: 2.316653 |	psnr_loss: 37.348515 |
[2024-01-13 05:32:21,993 | INFO | train_one_epoch] Train epoch 18: [8000/10000 (80.00%)] 	bpp_y_loss: 0.949741 |	bpp_z_loss: 0.015702 |	bpp_loss: 0.965443 |	mse_loss: 0.000207 |	loss: 2.221028 |	psnr_loss: 37.523369 |
[2024-01-13 05:40:43,169 | INFO | train_one_epoch] Train epoch 18: [9000/10000 (90.00%)] 	bpp_y_loss: 0.951666 |	bpp_z_loss: 0.015825 |	bpp_loss: 0.967491 |	mse_loss: 0.000208 |	loss: 2.230846 |	psnr_loss: 37.487286 |
[2024-01-13 05:48:37,292 | INFO | train_one_epoch] Train epoch 18: [10000/10000 (100.00%)] 	bpp_y_loss: 0.971693 |	bpp_z_loss: 0.015756 |	bpp_loss: 0.987448 |	mse_loss: 0.000213 |	loss: 2.275764 |	psnr_loss: 37.393402 |
[2024-01-13 05:48:41,465 | INFO | test_one_epoch] Testing results for epoch 19 | bpp_y_loss=1.20355 | bpp_z_loss=0.01625 | bpp_loss=1.21980 | mse_loss=0.00028 | loss=2.89721 | psnr_loss=36.03432
[2024-01-13 05:49:13,624 | INFO | train_one_epoch] Learning rate: 5e-05
[2024-01-13 05:49:14,851 | INFO | train_one_epoch] Train epoch 19: [0/10000 (0.00%)] 	bpp_y_loss: 1.028174 |	bpp_z_loss: 0.015948 |	bpp_loss: 1.044122 |	mse_loss: 0.000148 |	loss: 1.942513 |	psnr_loss: 38.290310 |
[2024-01-13 05:57:18,574 | INFO | train_one_epoch] Train epoch 19: [1000/10000 (10.00%)] 	bpp_y_loss: 0.956349 |	bpp_z_loss: 0.015717 |	bpp_loss: 0.972065 |	mse_loss: 0.000217 |	loss: 2.286668 |	psnr_loss: 37.455845 |
[2024-01-13 06:05:33,807 | INFO | train_one_epoch] Train epoch 19: [2000/10000 (20.00%)] 	bpp_y_loss: 0.966786 |	bpp_z_loss: 0.015661 |	bpp_loss: 0.982448 |	mse_loss: 0.000211 |	loss: 2.260428 |	psnr_loss: 37.445312 |
[2024-01-13 06:13:49,721 | INFO | train_one_epoch] Train epoch 19: [3000/10000 (30.00%)] 	bpp_y_loss: 0.963782 |	bpp_z_loss: 0.015778 |	bpp_loss: 0.979559 |	mse_loss: 0.000215 |	loss: 2.282221 |	psnr_loss: 37.392132 |
[2024-01-13 06:21:36,566 | INFO | train_one_epoch] Train epoch 19: [4000/10000 (40.00%)] 	bpp_y_loss: 0.971403 |	bpp_z_loss: 0.015847 |	bpp_loss: 0.987250 |	mse_loss: 0.000216 |	loss: 2.293287 |	psnr_loss: 37.332733 |
[2024-01-13 06:28:59,795 | INFO | train_one_epoch] Train epoch 19: [5000/10000 (50.00%)] 	bpp_y_loss: 0.957753 |	bpp_z_loss: 0.015787 |	bpp_loss: 0.973541 |	mse_loss: 0.000210 |	loss: 2.244157 |	psnr_loss: 37.412498 |
[2024-01-13 06:36:23,349 | INFO | train_one_epoch] Train epoch 19: [6000/10000 (60.00%)] 	bpp_y_loss: 0.977099 |	bpp_z_loss: 0.015855 |	bpp_loss: 0.992953 |	mse_loss: 0.000221 |	loss: 2.335269 |	psnr_loss: 37.265774 |
[2024-01-13 06:43:43,898 | INFO | train_one_epoch] Train epoch 19: [7000/10000 (70.00%)] 	bpp_y_loss: 0.956995 |	bpp_z_loss: 0.015774 |	bpp_loss: 0.972769 |	mse_loss: 0.000208 |	loss: 2.231548 |	psnr_loss: 37.455376 |
[2024-01-13 06:51:04,007 | INFO | train_one_epoch] Train epoch 19: [8000/10000 (80.00%)] 	bpp_y_loss: 0.965408 |	bpp_z_loss: 0.015875 |	bpp_loss: 0.981284 |	mse_loss: 0.000207 |	loss: 2.233790 |	psnr_loss: 37.468639 |
[2024-01-13 06:58:24,277 | INFO | train_one_epoch] Train epoch 19: [9000/10000 (90.00%)] 	bpp_y_loss: 0.978035 |	bpp_z_loss: 0.015766 |	bpp_loss: 0.993801 |	mse_loss: 0.000217 |	loss: 2.308934 |	psnr_loss: 37.317417 |
[2024-01-13 07:05:45,811 | INFO | train_one_epoch] Train epoch 19: [10000/10000 (100.00%)] 	bpp_y_loss: 0.964275 |	bpp_z_loss: 0.015821 |	bpp_loss: 0.980096 |	mse_loss: 0.000226 |	loss: 2.347984 |	psnr_loss: 37.238510 |
[2024-01-13 07:05:49,576 | INFO | test_one_epoch] Testing results for epoch 20 | bpp_y_loss=1.20837 | bpp_z_loss=0.01658 | bpp_loss=1.22495 | mse_loss=0.00029 | loss=2.96097 | psnr_loss=35.83039
[2024-01-13 07:06:05,654 | INFO | train_one_epoch] Learning rate: 5e-05
[2024-01-13 07:06:06,681 | INFO | train_one_epoch] Train epoch 20: [0/10000 (0.00%)] 	bpp_y_loss: 1.282270 |	bpp_z_loss: 0.014634 |	bpp_loss: 1.296905 |	mse_loss: 0.000281 |	loss: 2.999805 |	psnr_loss: 35.513073 |
[2024-01-13 07:13:23,538 | INFO | train_one_epoch] Train epoch 20: [1000/10000 (10.00%)] 	bpp_y_loss: 0.966839 |	bpp_z_loss: 0.015798 |	bpp_loss: 0.982636 |	mse_loss: 0.000202 |	loss: 2.206168 |	psnr_loss: 37.589096 |
[2024-01-13 07:20:44,026 | INFO | train_one_epoch] Train epoch 20: [2000/10000 (20.00%)] 	bpp_y_loss: 0.961568 |	bpp_z_loss: 0.015823 |	bpp_loss: 0.977391 |	mse_loss: 0.000206 |	loss: 2.223635 |	psnr_loss: 37.511845 |
[2024-01-13 07:28:10,903 | INFO | train_one_epoch] Train epoch 20: [3000/10000 (30.00%)] 	bpp_y_loss: 0.969945 |	bpp_z_loss: 0.015841 |	bpp_loss: 0.985785 |	mse_loss: 0.000210 |	loss: 2.260513 |	psnr_loss: 37.524391 |
[2024-01-13 07:35:36,359 | INFO | train_one_epoch] Train epoch 20: [4000/10000 (40.00%)] 	bpp_y_loss: 0.948790 |	bpp_z_loss: 0.015812 |	bpp_loss: 0.964603 |	mse_loss: 0.000193 |	loss: 2.134070 |	psnr_loss: 37.765953 |
[2024-01-13 07:43:02,627 | INFO | train_one_epoch] Train epoch 20: [5000/10000 (50.00%)] 	bpp_y_loss: 0.973125 |	bpp_z_loss: 0.015795 |	bpp_loss: 0.988921 |	mse_loss: 0.000205 |	loss: 2.230627 |	psnr_loss: 37.493435 |
[2024-01-13 07:50:25,186 | INFO | train_one_epoch] Train epoch 20: [6000/10000 (60.00%)] 	bpp_y_loss: 0.952348 |	bpp_z_loss: 0.015819 |	bpp_loss: 0.968167 |	mse_loss: 0.000193 |	loss: 2.136612 |	psnr_loss: 37.693062 |
[2024-01-13 07:57:59,548 | INFO | train_one_epoch] Train epoch 20: [7000/10000 (70.00%)] 	bpp_y_loss: 0.971746 |	bpp_z_loss: 0.015863 |	bpp_loss: 0.987609 |	mse_loss: 0.000214 |	loss: 2.285304 |	psnr_loss: 37.425617 |
[2024-01-13 08:05:24,050 | INFO | train_one_epoch] Train epoch 20: [8000/10000 (80.00%)] 	bpp_y_loss: 0.968298 |	bpp_z_loss: 0.015890 |	bpp_loss: 0.984188 |	mse_loss: 0.000209 |	loss: 2.248844 |	psnr_loss: 37.425701 |
[2024-01-13 08:12:46,691 | INFO | train_one_epoch] Train epoch 20: [9000/10000 (90.00%)] 	bpp_y_loss: 0.974680 |	bpp_z_loss: 0.015839 |	bpp_loss: 0.990519 |	mse_loss: 0.000206 |	loss: 2.241802 |	psnr_loss: 37.508694 |
[2024-01-13 08:20:07,674 | INFO | train_one_epoch] Train epoch 20: [10000/10000 (100.00%)] 	bpp_y_loss: 0.969194 |	bpp_z_loss: 0.015806 |	bpp_loss: 0.984999 |	mse_loss: 0.000201 |	loss: 2.203835 |	psnr_loss: 37.573215 |
[2024-01-13 08:20:11,290 | INFO | test_one_epoch] Testing results for epoch 21 | bpp_y_loss=1.20901 | bpp_z_loss=0.01623 | bpp_loss=1.22524 | mse_loss=0.00027 | loss=2.86036 | psnr_loss=36.14646
[2024-01-13 08:20:50,327 | INFO | train_one_epoch] Learning rate: 5e-05
[2024-01-13 08:20:51,304 | INFO | train_one_epoch] Train epoch 21: [0/10000 (0.00%)] 	bpp_y_loss: 1.049385 |	bpp_z_loss: 0.017159 |	bpp_loss: 1.066544 |	mse_loss: 0.000121 |	loss: 1.797216 |	psnr_loss: 39.187740 |
[2024-01-13 08:28:12,804 | INFO | train_one_epoch] Train epoch 21: [1000/10000 (10.00%)] 	bpp_y_loss: 0.967346 |	bpp_z_loss: 0.015858 |	bpp_loss: 0.983204 |	mse_loss: 0.000198 |	loss: 2.184674 |	psnr_loss: 37.627102 |
[2024-01-13 08:35:33,438 | INFO | train_one_epoch] Train epoch 21: [2000/10000 (20.00%)] 	bpp_y_loss: 0.966630 |	bpp_z_loss: 0.015822 |	bpp_loss: 0.982452 |	mse_loss: 0.000208 |	loss: 2.245045 |	psnr_loss: 37.520496 |
[2024-01-13 08:42:55,083 | INFO | train_one_epoch] Train epoch 21: [3000/10000 (30.00%)] 	bpp_y_loss: 0.955609 |	bpp_z_loss: 0.015815 |	bpp_loss: 0.971424 |	mse_loss: 0.000201 |	loss: 2.187275 |	psnr_loss: 37.614628 |
