[2024-01-17 08:20:25,716 | INFO | <module>] Args: Namespace(model='bmshj2018_hyperprior', lmbda=0.0018, dataset='vimeo90k', epochs=100, steps_per_epoch=10000, type='mse', steps=1000, adv_steps=10, adv_optimizer='Adam', adv_lr=0.001, adv_epsilon=0.001, batch_size=8, learning_rate=1e-05, save=True, seed=19260817, clip_max_norm=1.0, checkpoint=None, continue_train=False)
[2024-01-17 08:20:25,716 | INFO | <module>] Lmbda=0.001800000000
[2024-01-17 08:20:25,717 | INFO | <module>] Load weights from /backup1/xyhang/GradAttack/experiments/adversarial-train/baseline/bmshj2018_hyperprior-vimeo90k-0.0018-100x10000/last_epoch.pth.tar
[2024-01-17 08:20:28,935 | INFO | test_one_epoch] Testing results for epoch 0 | bpp_y_loss=0.11342 | bpp_z_loss=0.00583 | bpp_loss=0.11925 | mse_loss=0.00236 | loss=0.39501 | psnr_loss=26.93901
[2024-01-17 08:20:32,909 | INFO | train_one_epoch] Learning rate: 1e-05
[2024-01-17 08:20:34,186 | INFO | train_one_epoch] Train epoch 0: [0/100 (0.00%)] 	bpp_y_loss: 0.202168 |	bpp_z_loss: 0.005629 |	bpp_loss: 0.207797 |	mse_loss: 0.000870 |	loss: 0.309630 |	psnr_loss: 30.604649 |
[2024-01-17 08:20:37,625 | INFO | train_one_epoch] Train epoch 0: [10/100 (10.00%)] 	bpp_y_loss: 0.195938 |	bpp_z_loss: 0.005475 |	bpp_loss: 0.201413 |	mse_loss: 0.000762 |	loss: 0.290595 |	psnr_loss: 31.327286 |
[2024-01-17 08:20:41,037 | INFO | train_one_epoch] Train epoch 0: [20/100 (20.00%)] 	bpp_y_loss: 0.212257 |	bpp_z_loss: 0.005731 |	bpp_loss: 0.217988 |	mse_loss: 0.001072 |	loss: 0.343480 |	psnr_loss: 29.893682 |
[2024-01-17 08:20:44,394 | INFO | train_one_epoch] Train epoch 0: [30/100 (30.00%)] 	bpp_y_loss: 0.208449 |	bpp_z_loss: 0.005578 |	bpp_loss: 0.214026 |	mse_loss: 0.001029 |	loss: 0.334514 |	psnr_loss: 29.988241 |
[2024-01-17 08:20:47,796 | INFO | train_one_epoch] Train epoch 0: [40/100 (40.00%)] 	bpp_y_loss: 0.200189 |	bpp_z_loss: 0.005495 |	bpp_loss: 0.205684 |	mse_loss: 0.000838 |	loss: 0.303776 |	psnr_loss: 30.994434 |
[2024-01-17 08:20:51,212 | INFO | train_one_epoch] Train epoch 0: [50/100 (50.00%)] 	bpp_y_loss: 0.197940 |	bpp_z_loss: 0.005470 |	bpp_loss: 0.203411 |	mse_loss: 0.000847 |	loss: 0.302502 |	psnr_loss: 30.950712 |
[2024-01-17 08:20:54,595 | INFO | train_one_epoch] Train epoch 0: [60/100 (60.00%)] 	bpp_y_loss: 0.210118 |	bpp_z_loss: 0.005704 |	bpp_loss: 0.215823 |	mse_loss: 0.000959 |	loss: 0.328100 |	psnr_loss: 30.289127 |
[2024-01-17 08:20:57,983 | INFO | train_one_epoch] Train epoch 0: [70/100 (70.00%)] 	bpp_y_loss: 0.207079 |	bpp_z_loss: 0.005588 |	bpp_loss: 0.212668 |	mse_loss: 0.000901 |	loss: 0.318083 |	psnr_loss: 30.656210 |
[2024-01-17 08:21:01,361 | INFO | train_one_epoch] Train epoch 0: [80/100 (80.00%)] 	bpp_y_loss: 0.204219 |	bpp_z_loss: 0.005603 |	bpp_loss: 0.209822 |	mse_loss: 0.000919 |	loss: 0.317362 |	psnr_loss: 30.533247 |
[2024-01-17 08:21:04,753 | INFO | train_one_epoch] Train epoch 0: [90/100 (90.00%)] 	bpp_y_loss: 0.203637 |	bpp_z_loss: 0.005600 |	bpp_loss: 0.209237 |	mse_loss: 0.000916 |	loss: 0.316463 |	psnr_loss: 30.518061 |
[2024-01-17 08:21:08,167 | INFO | train_one_epoch] Train epoch 0: [100/100 (100.00%)] 	bpp_y_loss: 0.201189 |	bpp_z_loss: 0.005484 |	bpp_loss: 0.206673 |	mse_loss: 0.000872 |	loss: 0.308794 |	psnr_loss: 30.721659 |
[2024-01-17 08:21:09,090 | INFO | test_one_epoch] Testing results for epoch 1 | bpp_y_loss=0.11316 | bpp_z_loss=0.00586 | bpp_loss=0.11902 | mse_loss=0.00235 | loss=0.39447 | psnr_loss=26.94362
[2024-01-17 08:21:09,092 | INFO | train_one_epoch] Learning rate: 1e-05
[2024-01-17 08:21:10,121 | INFO | train_one_epoch] Train epoch 1: [0/100 (0.00%)] 	bpp_y_loss: 0.216399 |	bpp_z_loss: 0.005667 |	bpp_loss: 0.222066 |	mse_loss: 0.001021 |	loss: 0.341576 |	psnr_loss: 29.909477 |
[2024-01-17 08:21:13,547 | INFO | train_one_epoch] Train epoch 1: [10/100 (10.00%)] 	bpp_y_loss: 0.200575 |	bpp_z_loss: 0.005486 |	bpp_loss: 0.206061 |	mse_loss: 0.000865 |	loss: 0.307335 |	psnr_loss: 30.847595 |
[2024-01-17 08:21:16,944 | INFO | train_one_epoch] Train epoch 1: [20/100 (20.00%)] 	bpp_y_loss: 0.201940 |	bpp_z_loss: 0.005472 |	bpp_loss: 0.207412 |	mse_loss: 0.000907 |	loss: 0.313619 |	psnr_loss: 30.648996 |
[2024-01-17 08:21:20,328 | INFO | train_one_epoch] Train epoch 1: [30/100 (30.00%)] 	bpp_y_loss: 0.204424 |	bpp_z_loss: 0.005644 |	bpp_loss: 0.210068 |	mse_loss: 0.000933 |	loss: 0.319236 |	psnr_loss: 30.355833 |
[2024-01-17 08:21:23,709 | INFO | train_one_epoch] Train epoch 1: [40/100 (40.00%)] 	bpp_y_loss: 0.200708 |	bpp_z_loss: 0.005411 |	bpp_loss: 0.206119 |	mse_loss: 0.000851 |	loss: 0.305707 |	psnr_loss: 31.006851 |
[2024-01-17 08:21:27,142 | INFO | train_one_epoch] Train epoch 1: [50/100 (50.00%)] 	bpp_y_loss: 0.202858 |	bpp_z_loss: 0.005499 |	bpp_loss: 0.208357 |	mse_loss: 0.000902 |	loss: 0.313920 |	psnr_loss: 30.556314 |
[2024-01-17 08:21:30,545 | INFO | train_one_epoch] Train epoch 1: [60/100 (60.00%)] 	bpp_y_loss: 0.206566 |	bpp_z_loss: 0.005524 |	bpp_loss: 0.212090 |	mse_loss: 0.000951 |	loss: 0.323379 |	psnr_loss: 30.398542 |
[2024-01-17 08:21:33,928 | INFO | train_one_epoch] Train epoch 1: [70/100 (70.00%)] 	bpp_y_loss: 0.204695 |	bpp_z_loss: 0.005593 |	bpp_loss: 0.210288 |	mse_loss: 0.000909 |	loss: 0.316697 |	psnr_loss: 30.684381 |
[2024-01-17 08:21:37,290 | INFO | train_one_epoch] Train epoch 1: [80/100 (80.00%)] 	bpp_y_loss: 0.207497 |	bpp_z_loss: 0.005627 |	bpp_loss: 0.213124 |	mse_loss: 0.000995 |	loss: 0.329587 |	psnr_loss: 30.249451 |
[2024-01-17 08:21:40,669 | INFO | train_one_epoch] Train epoch 1: [90/100 (90.00%)] 	bpp_y_loss: 0.200192 |	bpp_z_loss: 0.005530 |	bpp_loss: 0.205722 |	mse_loss: 0.000805 |	loss: 0.299886 |	psnr_loss: 31.156580 |
[2024-01-17 08:21:44,012 | INFO | train_one_epoch] Train epoch 1: [100/100 (100.00%)] 	bpp_y_loss: 0.206112 |	bpp_z_loss: 0.005553 |	bpp_loss: 0.211664 |	mse_loss: 0.000938 |	loss: 0.321410 |	psnr_loss: 30.445562 |
[2024-01-17 08:21:44,888 | INFO | test_one_epoch] Testing results for epoch 2 | bpp_y_loss=0.11361 | bpp_z_loss=0.00589 | bpp_loss=0.11950 | mse_loss=0.00235 | loss=0.39471 | psnr_loss=26.94708
[2024-01-17 08:21:44,889 | INFO | train_one_epoch] Learning rate: 1e-05
[2024-01-17 08:21:45,848 | INFO | train_one_epoch] Train epoch 2: [0/100 (0.00%)] 	bpp_y_loss: 0.183864 |	bpp_z_loss: 0.005208 |	bpp_loss: 0.189073 |	mse_loss: 0.000599 |	loss: 0.259194 |	psnr_loss: 32.225002 |
[2024-01-17 08:21:49,239 | INFO | train_one_epoch] Train epoch 2: [10/100 (10.00%)] 	bpp_y_loss: 0.201242 |	bpp_z_loss: 0.005508 |	bpp_loss: 0.206750 |	mse_loss: 0.000875 |	loss: 0.309223 |	psnr_loss: 30.789747 |
[2024-01-17 08:21:52,621 | INFO | train_one_epoch] Train epoch 2: [20/100 (20.00%)] 	bpp_y_loss: 0.196036 |	bpp_z_loss: 0.005465 |	bpp_loss: 0.201501 |	mse_loss: 0.000764 |	loss: 0.290866 |	psnr_loss: 31.432343 |
[2024-01-17 08:21:56,041 | INFO | train_one_epoch] Train epoch 2: [30/100 (30.00%)] 	bpp_y_loss: 0.203308 |	bpp_z_loss: 0.005521 |	bpp_loss: 0.208829 |	mse_loss: 0.000827 |	loss: 0.305647 |	psnr_loss: 30.947281 |
[2024-01-17 08:21:59,450 | INFO | train_one_epoch] Train epoch 2: [40/100 (40.00%)] 	bpp_y_loss: 0.198766 |	bpp_z_loss: 0.005381 |	bpp_loss: 0.204147 |	mse_loss: 0.000814 |	loss: 0.299464 |	psnr_loss: 31.031218 |
[2024-01-17 08:22:02,831 | INFO | train_one_epoch] Train epoch 2: [50/100 (50.00%)] 	bpp_y_loss: 0.202202 |	bpp_z_loss: 0.005595 |	bpp_loss: 0.207797 |	mse_loss: 0.000915 |	loss: 0.314864 |	psnr_loss: 30.472006 |
[2024-01-17 08:22:06,251 | INFO | train_one_epoch] Train epoch 2: [60/100 (60.00%)] 	bpp_y_loss: 0.205270 |	bpp_z_loss: 0.005439 |	bpp_loss: 0.210709 |	mse_loss: 0.000925 |	loss: 0.318966 |	psnr_loss: 30.430418 |
[2024-01-17 08:22:09,649 | INFO | train_one_epoch] Train epoch 2: [70/100 (70.00%)] 	bpp_y_loss: 0.200751 |	bpp_z_loss: 0.005453 |	bpp_loss: 0.206203 |	mse_loss: 0.000870 |	loss: 0.308020 |	psnr_loss: 30.700104 |
[2024-01-17 08:22:13,038 | INFO | train_one_epoch] Train epoch 2: [80/100 (80.00%)] 	bpp_y_loss: 0.196262 |	bpp_z_loss: 0.005388 |	bpp_loss: 0.201650 |	mse_loss: 0.000775 |	loss: 0.292411 |	psnr_loss: 31.234602 |
[2024-01-17 08:22:16,433 | INFO | train_one_epoch] Train epoch 2: [90/100 (90.00%)] 	bpp_y_loss: 0.206282 |	bpp_z_loss: 0.005560 |	bpp_loss: 0.211842 |	mse_loss: 0.000865 |	loss: 0.313102 |	psnr_loss: 30.742132 |
[2024-01-17 08:22:19,799 | INFO | train_one_epoch] Train epoch 2: [100/100 (100.00%)] 	bpp_y_loss: 0.203699 |	bpp_z_loss: 0.005574 |	bpp_loss: 0.209273 |	mse_loss: 0.000933 |	loss: 0.318481 |	psnr_loss: 30.436995 |
[2024-01-17 08:22:20,682 | INFO | test_one_epoch] Testing results for epoch 3 | bpp_y_loss=0.11354 | bpp_z_loss=0.00589 | bpp_loss=0.11943 | mse_loss=0.00235 | loss=0.39436 | psnr_loss=26.95225
[2024-01-17 08:22:20,683 | INFO | train_one_epoch] Learning rate: 1e-05
[2024-01-17 08:22:21,649 | INFO | train_one_epoch] Train epoch 3: [0/100 (0.00%)] 	bpp_y_loss: 0.245274 |	bpp_z_loss: 0.006021 |	bpp_loss: 0.251295 |	mse_loss: 0.001512 |	loss: 0.428301 |	psnr_loss: 28.203636 |
[2024-01-17 08:22:25,038 | INFO | train_one_epoch] Train epoch 3: [10/100 (10.00%)] 	bpp_y_loss: 0.202185 |	bpp_z_loss: 0.005457 |	bpp_loss: 0.207642 |	mse_loss: 0.000876 |	loss: 0.310143 |	psnr_loss: 30.651743 |
[2024-01-17 08:22:28,422 | INFO | train_one_epoch] Train epoch 3: [20/100 (20.00%)] 	bpp_y_loss: 0.207382 |	bpp_z_loss: 0.005570 |	bpp_loss: 0.212952 |	mse_loss: 0.000954 |	loss: 0.324586 |	psnr_loss: 30.429413 |
[2024-01-17 08:22:31,803 | INFO | train_one_epoch] Train epoch 3: [30/100 (30.00%)] 	bpp_y_loss: 0.202427 |	bpp_z_loss: 0.005585 |	bpp_loss: 0.208013 |	mse_loss: 0.000879 |	loss: 0.310928 |	psnr_loss: 30.640287 |
[2024-01-17 08:22:35,202 | INFO | train_one_epoch] Train epoch 3: [40/100 (40.00%)] 	bpp_y_loss: 0.205635 |	bpp_z_loss: 0.005576 |	bpp_loss: 0.211212 |	mse_loss: 0.000921 |	loss: 0.319041 |	psnr_loss: 30.525599 |
[2024-01-17 08:22:38,603 | INFO | train_one_epoch] Train epoch 3: [50/100 (50.00%)] 	bpp_y_loss: 0.203852 |	bpp_z_loss: 0.005570 |	bpp_loss: 0.209423 |	mse_loss: 0.000894 |	loss: 0.314094 |	psnr_loss: 30.648153 |
[2024-01-17 08:22:41,982 | INFO | train_one_epoch] Train epoch 3: [60/100 (60.00%)] 	bpp_y_loss: 0.197489 |	bpp_z_loss: 0.005529 |	bpp_loss: 0.203019 |	mse_loss: 0.000851 |	loss: 0.302604 |	psnr_loss: 30.754614 |
[2024-01-17 08:22:45,384 | INFO | train_one_epoch] Train epoch 3: [70/100 (70.00%)] 	bpp_y_loss: 0.193276 |	bpp_z_loss: 0.005397 |	bpp_loss: 0.198673 |	mse_loss: 0.000731 |	loss: 0.284265 |	psnr_loss: 31.504786 |
[2024-01-17 08:22:48,776 | INFO | train_one_epoch] Train epoch 3: [80/100 (80.00%)] 	bpp_y_loss: 0.205263 |	bpp_z_loss: 0.005595 |	bpp_loss: 0.210858 |	mse_loss: 0.000956 |	loss: 0.322732 |	psnr_loss: 30.370823 |
[2024-01-17 08:22:52,178 | INFO | train_one_epoch] Train epoch 3: [90/100 (90.00%)] 	bpp_y_loss: 0.202662 |	bpp_z_loss: 0.005516 |	bpp_loss: 0.208178 |	mse_loss: 0.000892 |	loss: 0.312635 |	psnr_loss: 30.735289 |
[2024-01-17 08:22:55,543 | INFO | train_one_epoch] Train epoch 3: [100/100 (100.00%)] 	bpp_y_loss: 0.196481 |	bpp_z_loss: 0.005510 |	bpp_loss: 0.201991 |	mse_loss: 0.000760 |	loss: 0.290943 |	psnr_loss: 31.303436 |
[2024-01-17 08:22:56,421 | INFO | test_one_epoch] Testing results for epoch 4 | bpp_y_loss=0.11326 | bpp_z_loss=0.00583 | bpp_loss=0.11910 | mse_loss=0.00236 | loss=0.39527 | psnr_loss=26.92731
[2024-01-17 08:22:56,423 | INFO | train_one_epoch] Learning rate: 1e-05
[2024-01-17 08:22:57,376 | INFO | train_one_epoch] Train epoch 4: [0/100 (0.00%)] 	bpp_y_loss: 0.184040 |	bpp_z_loss: 0.005090 |	bpp_loss: 0.189130 |	mse_loss: 0.000645 |	loss: 0.264573 |	psnr_loss: 31.907309 |
[2024-01-17 08:23:00,746 | INFO | train_one_epoch] Train epoch 4: [10/100 (10.00%)] 	bpp_y_loss: 0.203808 |	bpp_z_loss: 0.005604 |	bpp_loss: 0.209412 |	mse_loss: 0.000941 |	loss: 0.319569 |	psnr_loss: 30.401566 |
[2024-01-17 08:23:04,146 | INFO | train_one_epoch] Train epoch 4: [20/100 (20.00%)] 	bpp_y_loss: 0.207989 |	bpp_z_loss: 0.005539 |	bpp_loss: 0.213528 |	mse_loss: 0.000927 |	loss: 0.322022 |	psnr_loss: 30.372084 |
[2024-01-17 08:23:07,525 | INFO | train_one_epoch] Train epoch 4: [30/100 (30.00%)] 	bpp_y_loss: 0.203167 |	bpp_z_loss: 0.005508 |	bpp_loss: 0.208675 |	mse_loss: 0.000879 |	loss: 0.311546 |	psnr_loss: 30.677769 |
[2024-01-17 08:23:10,893 | INFO | train_one_epoch] Train epoch 4: [40/100 (40.00%)] 	bpp_y_loss: 0.200090 |	bpp_z_loss: 0.005470 |	bpp_loss: 0.205561 |	mse_loss: 0.000861 |	loss: 0.306292 |	psnr_loss: 30.835215 |
[2024-01-17 08:23:14,267 | INFO | train_one_epoch] Train epoch 4: [50/100 (50.00%)] 	bpp_y_loss: 0.202578 |	bpp_z_loss: 0.005561 |	bpp_loss: 0.208139 |	mse_loss: 0.000920 |	loss: 0.315832 |	psnr_loss: 30.532867 |
[2024-01-17 08:23:17,659 | INFO | train_one_epoch] Train epoch 4: [60/100 (60.00%)] 	bpp_y_loss: 0.200500 |	bpp_z_loss: 0.005467 |	bpp_loss: 0.205967 |	mse_loss: 0.000889 |	loss: 0.310071 |	psnr_loss: 30.646513 |
[2024-01-17 08:23:21,041 | INFO | train_one_epoch] Train epoch 4: [70/100 (70.00%)] 	bpp_y_loss: 0.207574 |	bpp_z_loss: 0.005639 |	bpp_loss: 0.213213 |	mse_loss: 0.000929 |	loss: 0.321914 |	psnr_loss: 30.416952 |
[2024-01-17 08:23:24,382 | INFO | train_one_epoch] Train epoch 4: [80/100 (80.00%)] 	bpp_y_loss: 0.200481 |	bpp_z_loss: 0.005411 |	bpp_loss: 0.205893 |	mse_loss: 0.000861 |	loss: 0.306617 |	psnr_loss: 30.783005 |
[2024-01-17 08:23:27,749 | INFO | train_one_epoch] Train epoch 4: [90/100 (90.00%)] 	bpp_y_loss: 0.215718 |	bpp_z_loss: 0.005650 |	bpp_loss: 0.221368 |	mse_loss: 0.001038 |	loss: 0.342806 |	psnr_loss: 29.927092 |
[2024-01-17 08:23:31,095 | INFO | train_one_epoch] Train epoch 4: [100/100 (100.00%)] 	bpp_y_loss: 0.194945 |	bpp_z_loss: 0.005408 |	bpp_loss: 0.200352 |	mse_loss: 0.000724 |	loss: 0.285073 |	psnr_loss: 31.562983 |
[2024-01-17 08:23:31,991 | INFO | test_one_epoch] Testing results for epoch 5 | bpp_y_loss=0.11338 | bpp_z_loss=0.00588 | bpp_loss=0.11926 | mse_loss=0.00235 | loss=0.39446 | psnr_loss=26.94928
[2024-01-17 08:23:31,993 | INFO | train_one_epoch] Learning rate: 1e-05
[2024-01-17 08:23:32,959 | INFO | train_one_epoch] Train epoch 5: [0/100 (0.00%)] 	bpp_y_loss: 0.181723 |	bpp_z_loss: 0.005261 |	bpp_loss: 0.186984 |	mse_loss: 0.000581 |	loss: 0.255028 |	psnr_loss: 32.355633 |
[2024-01-17 08:23:36,307 | INFO | train_one_epoch] Train epoch 5: [10/100 (10.00%)] 	bpp_y_loss: 0.200740 |	bpp_z_loss: 0.005462 |	bpp_loss: 0.206202 |	mse_loss: 0.000857 |	loss: 0.306520 |	psnr_loss: 30.789473 |
[2024-01-17 08:23:39,669 | INFO | train_one_epoch] Train epoch 5: [20/100 (20.00%)] 	bpp_y_loss: 0.202742 |	bpp_z_loss: 0.005596 |	bpp_loss: 0.208338 |	mse_loss: 0.000904 |	loss: 0.314194 |	psnr_loss: 30.779709 |
[2024-01-17 08:23:43,012 | INFO | train_one_epoch] Train epoch 5: [30/100 (30.00%)] 	bpp_y_loss: 0.205052 |	bpp_z_loss: 0.005532 |	bpp_loss: 0.210583 |	mse_loss: 0.000925 |	loss: 0.318877 |	psnr_loss: 30.404636 |
[2024-01-17 08:23:46,408 | INFO | train_one_epoch] Train epoch 5: [40/100 (40.00%)] 	bpp_y_loss: 0.201015 |	bpp_z_loss: 0.005446 |	bpp_loss: 0.206461 |	mse_loss: 0.000818 |	loss: 0.302236 |	psnr_loss: 31.188675 |
[2024-01-17 08:23:49,754 | INFO | train_one_epoch] Train epoch 5: [50/100 (50.00%)] 	bpp_y_loss: 0.201871 |	bpp_z_loss: 0.005557 |	bpp_loss: 0.207428 |	mse_loss: 0.000877 |	loss: 0.310130 |	psnr_loss: 30.764267 |
[2024-01-17 08:23:53,124 | INFO | train_one_epoch] Train epoch 5: [60/100 (60.00%)] 	bpp_y_loss: 0.208234 |	bpp_z_loss: 0.005636 |	bpp_loss: 0.213870 |	mse_loss: 0.000968 |	loss: 0.327177 |	psnr_loss: 30.221415 |
[2024-01-17 08:23:56,499 | INFO | train_one_epoch] Train epoch 5: [70/100 (70.00%)] 	bpp_y_loss: 0.202620 |	bpp_z_loss: 0.005561 |	bpp_loss: 0.208181 |	mse_loss: 0.000887 |	loss: 0.312056 |	psnr_loss: 30.609648 |
[2024-01-17 08:23:59,880 | INFO | train_one_epoch] Train epoch 5: [80/100 (80.00%)] 	bpp_y_loss: 0.206997 |	bpp_z_loss: 0.005630 |	bpp_loss: 0.212627 |	mse_loss: 0.000970 |	loss: 0.326216 |	psnr_loss: 30.363150 |
[2024-01-17 08:24:03,268 | INFO | train_one_epoch] Train epoch 5: [90/100 (90.00%)] 	bpp_y_loss: 0.206380 |	bpp_z_loss: 0.005549 |	bpp_loss: 0.211929 |	mse_loss: 0.000939 |	loss: 0.321810 |	psnr_loss: 30.358809 |
[2024-01-17 08:24:06,657 | INFO | train_one_epoch] Train epoch 5: [100/100 (100.00%)] 	bpp_y_loss: 0.197668 |	bpp_z_loss: 0.005411 |	bpp_loss: 0.203079 |	mse_loss: 0.000794 |	loss: 0.295999 |	psnr_loss: 31.131907 |
[2024-01-17 08:24:07,539 | INFO | test_one_epoch] Testing results for epoch 6 | bpp_y_loss=0.11330 | bpp_z_loss=0.00587 | bpp_loss=0.11917 | mse_loss=0.00235 | loss=0.39457 | psnr_loss=26.94751
[2024-01-17 08:24:07,540 | INFO | train_one_epoch] Learning rate: 1e-05
[2024-01-17 08:24:08,454 | INFO | train_one_epoch] Train epoch 6: [0/100 (0.00%)] 	bpp_y_loss: 0.190394 |	bpp_z_loss: 0.005415 |	bpp_loss: 0.195808 |	mse_loss: 0.000703 |	loss: 0.278084 |	psnr_loss: 31.530819 |
[2024-01-17 08:24:11,785 | INFO | train_one_epoch] Train epoch 6: [10/100 (10.00%)] 	bpp_y_loss: 0.205963 |	bpp_z_loss: 0.005650 |	bpp_loss: 0.211613 |	mse_loss: 0.000902 |	loss: 0.317183 |	psnr_loss: 30.538834 |
[2024-01-17 08:24:15,158 | INFO | train_one_epoch] Train epoch 6: [20/100 (20.00%)] 	bpp_y_loss: 0.204843 |	bpp_z_loss: 0.005553 |	bpp_loss: 0.210396 |	mse_loss: 0.000931 |	loss: 0.319421 |	psnr_loss: 30.449198 |
[2024-01-17 08:24:18,561 | INFO | train_one_epoch] Train epoch 6: [30/100 (30.00%)] 	bpp_y_loss: 0.201332 |	bpp_z_loss: 0.005539 |	bpp_loss: 0.206871 |	mse_loss: 0.000833 |	loss: 0.304311 |	psnr_loss: 30.869978 |
[2024-01-17 08:24:21,924 | INFO | train_one_epoch] Train epoch 6: [40/100 (40.00%)] 	bpp_y_loss: 0.202954 |	bpp_z_loss: 0.005517 |	bpp_loss: 0.208471 |	mse_loss: 0.000880 |	loss: 0.311423 |	psnr_loss: 30.744181 |
[2024-01-17 08:24:25,303 | INFO | train_one_epoch] Train epoch 6: [50/100 (50.00%)] 	bpp_y_loss: 0.202500 |	bpp_z_loss: 0.005560 |	bpp_loss: 0.208060 |	mse_loss: 0.000888 |	loss: 0.312030 |	psnr_loss: 30.633396 |
[2024-01-17 08:24:28,717 | INFO | train_one_epoch] Train epoch 6: [60/100 (60.00%)] 	bpp_y_loss: 0.198980 |	bpp_z_loss: 0.005462 |	bpp_loss: 0.204443 |	mse_loss: 0.000841 |	loss: 0.302913 |	psnr_loss: 30.884119 |
[2024-01-17 08:24:32,100 | INFO | train_one_epoch] Train epoch 6: [70/100 (70.00%)] 	bpp_y_loss: 0.194785 |	bpp_z_loss: 0.005504 |	bpp_loss: 0.200290 |	mse_loss: 0.000770 |	loss: 0.290381 |	psnr_loss: 31.304945 |
[2024-01-17 08:24:35,491 | INFO | train_one_epoch] Train epoch 6: [80/100 (80.00%)] 	bpp_y_loss: 0.196672 |	bpp_z_loss: 0.005450 |	bpp_loss: 0.202122 |	mse_loss: 0.000791 |	loss: 0.294661 |	psnr_loss: 31.133392 |
[2024-01-17 08:24:38,850 | INFO | train_one_epoch] Train epoch 6: [90/100 (90.00%)] 	bpp_y_loss: 0.200881 |	bpp_z_loss: 0.005536 |	bpp_loss: 0.206417 |	mse_loss: 0.000825 |	loss: 0.303011 |	psnr_loss: 30.924688 |
[2024-01-17 08:24:42,237 | INFO | train_one_epoch] Train epoch 6: [100/100 (100.00%)] 	bpp_y_loss: 0.192431 |	bpp_z_loss: 0.005371 |	bpp_loss: 0.197802 |	mse_loss: 0.000759 |	loss: 0.286607 |	psnr_loss: 31.294592 |
[2024-01-17 08:24:43,141 | INFO | test_one_epoch] Testing results for epoch 7 | bpp_y_loss=0.11301 | bpp_z_loss=0.00587 | bpp_loss=0.11888 | mse_loss=0.00236 | loss=0.39470 | psnr_loss=26.93623
[2024-01-17 08:24:43,144 | INFO | train_one_epoch] Learning rate: 1e-05
[2024-01-17 08:24:44,109 | INFO | train_one_epoch] Train epoch 7: [0/100 (0.00%)] 	bpp_y_loss: 0.235000 |	bpp_z_loss: 0.006164 |	bpp_loss: 0.241164 |	mse_loss: 0.001388 |	loss: 0.403569 |	psnr_loss: 28.577520 |
[2024-01-17 08:24:47,496 | INFO | train_one_epoch] Train epoch 7: [10/100 (10.00%)] 	bpp_y_loss: 0.208103 |	bpp_z_loss: 0.005636 |	bpp_loss: 0.213738 |	mse_loss: 0.001052 |	loss: 0.336836 |	psnr_loss: 29.914454 |
[2024-01-17 08:24:50,924 | INFO | train_one_epoch] Train epoch 7: [20/100 (20.00%)] 	bpp_y_loss: 0.196273 |	bpp_z_loss: 0.005439 |	bpp_loss: 0.201712 |	mse_loss: 0.000830 |	loss: 0.298839 |	psnr_loss: 31.047729 |
[2024-01-17 08:24:54,297 | INFO | train_one_epoch] Train epoch 7: [30/100 (30.00%)] 	bpp_y_loss: 0.196586 |	bpp_z_loss: 0.005421 |	bpp_loss: 0.202007 |	mse_loss: 0.000763 |	loss: 0.291361 |	psnr_loss: 31.401907 |
[2024-01-17 08:24:57,677 | INFO | train_one_epoch] Train epoch 7: [40/100 (40.00%)] 	bpp_y_loss: 0.206947 |	bpp_z_loss: 0.005602 |	bpp_loss: 0.212549 |	mse_loss: 0.000943 |	loss: 0.322946 |	psnr_loss: 30.354712 |
[2024-01-17 08:25:01,054 | INFO | train_one_epoch] Train epoch 7: [50/100 (50.00%)] 	bpp_y_loss: 0.201312 |	bpp_z_loss: 0.005517 |	bpp_loss: 0.206829 |	mse_loss: 0.000851 |	loss: 0.306410 |	psnr_loss: 30.847334 |
[2024-01-17 08:25:04,428 | INFO | train_one_epoch] Train epoch 7: [60/100 (60.00%)] 	bpp_y_loss: 0.205146 |	bpp_z_loss: 0.005589 |	bpp_loss: 0.210736 |	mse_loss: 0.000906 |	loss: 0.316820 |	psnr_loss: 30.694294 |
[2024-01-17 08:25:07,798 | INFO | train_one_epoch] Train epoch 7: [70/100 (70.00%)] 	bpp_y_loss: 0.201875 |	bpp_z_loss: 0.005439 |	bpp_loss: 0.207314 |	mse_loss: 0.000868 |	loss: 0.308880 |	psnr_loss: 30.699636 |
[2024-01-17 08:25:11,193 | INFO | train_one_epoch] Train epoch 7: [80/100 (80.00%)] 	bpp_y_loss: 0.208973 |	bpp_z_loss: 0.005612 |	bpp_loss: 0.214585 |	mse_loss: 0.000966 |	loss: 0.327668 |	psnr_loss: 30.373417 |
[2024-01-17 08:25:14,578 | INFO | train_one_epoch] Train epoch 7: [90/100 (90.00%)] 	bpp_y_loss: 0.215510 |	bpp_z_loss: 0.005685 |	bpp_loss: 0.221195 |	mse_loss: 0.001081 |	loss: 0.347694 |	psnr_loss: 29.749632 |
[2024-01-17 08:25:17,958 | INFO | train_one_epoch] Train epoch 7: [100/100 (100.00%)] 	bpp_y_loss: 0.203851 |	bpp_z_loss: 0.005486 |	bpp_loss: 0.209338 |	mse_loss: 0.000914 |	loss: 0.316291 |	psnr_loss: 30.633743 |
[2024-01-17 08:25:18,830 | INFO | test_one_epoch] Testing results for epoch 8 | bpp_y_loss=0.11347 | bpp_z_loss=0.00591 | bpp_loss=0.11938 | mse_loss=0.00236 | loss=0.39520 | psnr_loss=26.93862
[2024-01-17 08:25:18,846 | INFO | train_one_epoch] Learning rate: 1e-05
[2024-01-17 08:25:19,789 | INFO | train_one_epoch] Train epoch 8: [0/100 (0.00%)] 	bpp_y_loss: 0.217271 |	bpp_z_loss: 0.005770 |	bpp_loss: 0.223041 |	mse_loss: 0.001148 |	loss: 0.357460 |	psnr_loss: 29.398922 |
[2024-01-17 08:25:23,141 | INFO | train_one_epoch] Train epoch 8: [10/100 (10.00%)] 	bpp_y_loss: 0.205812 |	bpp_z_loss: 0.005595 |	bpp_loss: 0.211407 |	mse_loss: 0.000951 |	loss: 0.322717 |	psnr_loss: 30.358801 |
[2024-01-17 08:25:26,513 | INFO | train_one_epoch] Train epoch 8: [20/100 (20.00%)] 	bpp_y_loss: 0.204339 |	bpp_z_loss: 0.005554 |	bpp_loss: 0.209892 |	mse_loss: 0.000959 |	loss: 0.322134 |	psnr_loss: 30.211493 |
[2024-01-17 08:25:29,902 | INFO | train_one_epoch] Train epoch 8: [30/100 (30.00%)] 	bpp_y_loss: 0.206287 |	bpp_z_loss: 0.005503 |	bpp_loss: 0.211790 |	mse_loss: 0.000903 |	loss: 0.317428 |	psnr_loss: 30.553846 |
[2024-01-17 08:25:33,304 | INFO | train_one_epoch] Train epoch 8: [40/100 (40.00%)] 	bpp_y_loss: 0.203521 |	bpp_z_loss: 0.005563 |	bpp_loss: 0.209083 |	mse_loss: 0.000848 |	loss: 0.308290 |	psnr_loss: 30.894749 |
[2024-01-17 08:25:36,689 | INFO | train_one_epoch] Train epoch 8: [50/100 (50.00%)] 	bpp_y_loss: 0.203266 |	bpp_z_loss: 0.005515 |	bpp_loss: 0.208781 |	mse_loss: 0.000889 |	loss: 0.312848 |	psnr_loss: 30.809769 |
[2024-01-17 08:25:40,081 | INFO | train_one_epoch] Train epoch 8: [60/100 (60.00%)] 	bpp_y_loss: 0.198174 |	bpp_z_loss: 0.005473 |	bpp_loss: 0.203646 |	mse_loss: 0.000773 |	loss: 0.294149 |	psnr_loss: 31.277155 |
[2024-01-17 08:25:43,498 | INFO | train_one_epoch] Train epoch 8: [70/100 (70.00%)] 	bpp_y_loss: 0.205420 |	bpp_z_loss: 0.005597 |	bpp_loss: 0.211017 |	mse_loss: 0.000896 |	loss: 0.315943 |	psnr_loss: 30.674564 |
[2024-01-17 08:25:46,857 | INFO | train_one_epoch] Train epoch 8: [80/100 (80.00%)] 	bpp_y_loss: 0.206781 |	bpp_z_loss: 0.005544 |	bpp_loss: 0.212325 |	mse_loss: 0.000935 |	loss: 0.321751 |	psnr_loss: 30.450785 |
[2024-01-17 08:25:50,256 | INFO | train_one_epoch] Train epoch 8: [90/100 (90.00%)] 	bpp_y_loss: 0.208959 |	bpp_z_loss: 0.005479 |	bpp_loss: 0.214439 |	mse_loss: 0.000965 |	loss: 0.327445 |	psnr_loss: 30.309263 |
[2024-01-17 08:25:53,631 | INFO | train_one_epoch] Train epoch 8: [100/100 (100.00%)] 	bpp_y_loss: 0.200697 |	bpp_z_loss: 0.005577 |	bpp_loss: 0.206275 |	mse_loss: 0.000807 |	loss: 0.300729 |	psnr_loss: 31.029425 |
[2024-01-17 08:25:54,495 | INFO | test_one_epoch] Testing results for epoch 9 | bpp_y_loss=0.11317 | bpp_z_loss=0.00589 | bpp_loss=0.11906 | mse_loss=0.00235 | loss=0.39469 | psnr_loss=26.94097
[2024-01-17 08:25:54,496 | INFO | train_one_epoch] Learning rate: 1e-05
[2024-01-17 08:25:55,458 | INFO | train_one_epoch] Train epoch 9: [0/100 (0.00%)] 	bpp_y_loss: 0.186337 |	bpp_z_loss: 0.005111 |	bpp_loss: 0.191448 |	mse_loss: 0.000560 |	loss: 0.256963 |	psnr_loss: 32.520149 |
[2024-01-17 08:25:58,848 | INFO | train_one_epoch] Train epoch 9: [10/100 (10.00%)] 	bpp_y_loss: 0.200729 |	bpp_z_loss: 0.005564 |	bpp_loss: 0.206294 |	mse_loss: 0.000798 |	loss: 0.299730 |	psnr_loss: 31.083700 |
[2024-01-17 08:26:02,194 | INFO | train_one_epoch] Train epoch 9: [20/100 (20.00%)] 	bpp_y_loss: 0.204665 |	bpp_z_loss: 0.005584 |	bpp_loss: 0.210249 |	mse_loss: 0.000931 |	loss: 0.319234 |	psnr_loss: 30.419519 |
[2024-01-17 08:26:05,596 | INFO | train_one_epoch] Train epoch 9: [30/100 (30.00%)] 	bpp_y_loss: 0.204134 |	bpp_z_loss: 0.005601 |	bpp_loss: 0.209734 |	mse_loss: 0.000938 |	loss: 0.319526 |	psnr_loss: 30.374607 |
[2024-01-17 08:26:08,981 | INFO | train_one_epoch] Train epoch 9: [40/100 (40.00%)] 	bpp_y_loss: 0.203933 |	bpp_z_loss: 0.005536 |	bpp_loss: 0.209470 |	mse_loss: 0.000911 |	loss: 0.316046 |	psnr_loss: 30.488300 |
[2024-01-17 08:26:12,331 | INFO | train_one_epoch] Train epoch 9: [50/100 (50.00%)] 	bpp_y_loss: 0.201560 |	bpp_z_loss: 0.005558 |	bpp_loss: 0.207118 |	mse_loss: 0.000844 |	loss: 0.305911 |	psnr_loss: 30.968967 |
[2024-01-17 08:26:15,736 | INFO | train_one_epoch] Train epoch 9: [60/100 (60.00%)] 	bpp_y_loss: 0.198926 |	bpp_z_loss: 0.005478 |	bpp_loss: 0.204404 |	mse_loss: 0.000825 |	loss: 0.301016 |	psnr_loss: 30.991636 |
[2024-01-17 08:26:19,118 | INFO | train_one_epoch] Train epoch 9: [70/100 (70.00%)] 	bpp_y_loss: 0.201101 |	bpp_z_loss: 0.005527 |	bpp_loss: 0.206628 |	mse_loss: 0.000889 |	loss: 0.310642 |	psnr_loss: 30.631845 |
[2024-01-17 08:26:22,512 | INFO | train_one_epoch] Train epoch 9: [80/100 (80.00%)] 	bpp_y_loss: 0.198021 |	bpp_z_loss: 0.005413 |	bpp_loss: 0.203435 |	mse_loss: 0.000819 |	loss: 0.299255 |	psnr_loss: 31.017872 |
[2024-01-17 08:26:25,869 | INFO | train_one_epoch] Train epoch 9: [90/100 (90.00%)] 	bpp_y_loss: 0.195170 |	bpp_z_loss: 0.005408 |	bpp_loss: 0.200578 |	mse_loss: 0.000753 |	loss: 0.288726 |	psnr_loss: 31.432127 |
[2024-01-17 08:26:29,227 | INFO | train_one_epoch] Train epoch 9: [100/100 (100.00%)] 	bpp_y_loss: 0.202834 |	bpp_z_loss: 0.005503 |	bpp_loss: 0.208337 |	mse_loss: 0.000942 |	loss: 0.318564 |	psnr_loss: 30.436813 |
[2024-01-17 08:26:30,111 | INFO | test_one_epoch] Testing results for epoch 10 | bpp_y_loss=0.11290 | bpp_z_loss=0.00586 | bpp_loss=0.11876 | mse_loss=0.00236 | loss=0.39486 | psnr_loss=26.93267
