[2024-01-02 04:42:03,209 | INFO | <module>] Args: Namespace(model='bmshj2018_factorized', parameter_set=3, epsilon=0.01, adv_steps=100, batch_size=8, epochs=100, steps_per_epoch=100, learning_rate=0.0001, save=True, seed=19260817, clip_max_norm=-1.0, checkpoint=None, type='mse', lr_epoch=[5], continue_train=False)
[2024-01-02 04:42:03,209 | INFO | <module>] Lmbda=0.002295328433
[2024-01-02 04:42:03,210 | INFO | train_one_epoch] Learning rate: 0.0001
[2024-01-02 04:42:11,277 | INFO | train_one_epoch] Train epoch 0: [0/100 (0.00%)] 	bpp_y_loss: 0.299786 |	bpp_z_loss: 0.000000 |	bpp_loss: 0.299786 |	mse_loss: 0.001048 |	loss: 0.001737 |	psnr_loss: 29.794567 |
[2024-01-02 04:42:37,880 | INFO | train_one_epoch] Train epoch 0: [10/100 (10.00%)] 	bpp_y_loss: 0.294157 |	bpp_z_loss: 0.000000 |	bpp_loss: 0.294157 |	mse_loss: 0.000913 |	loss: 0.001588 |	psnr_loss: 30.511189 |
[2024-01-02 04:43:04,553 | INFO | train_one_epoch] Train epoch 0: [20/100 (20.00%)] 	bpp_y_loss: 0.288993 |	bpp_z_loss: 0.000000 |	bpp_loss: 0.288993 |	mse_loss: 0.000828 |	loss: 0.001491 |	psnr_loss: 30.996897 |
[2024-01-02 04:43:31,230 | INFO | train_one_epoch] Train epoch 0: [30/100 (30.00%)] 	bpp_y_loss: 0.292736 |	bpp_z_loss: 0.000000 |	bpp_loss: 0.292736 |	mse_loss: 0.000776 |	loss: 0.001448 |	psnr_loss: 31.143194 |
[2024-01-02 04:43:57,906 | INFO | train_one_epoch] Train epoch 0: [40/100 (40.00%)] 	bpp_y_loss: 0.304452 |	bpp_z_loss: 0.000000 |	bpp_loss: 0.304452 |	mse_loss: 0.000800 |	loss: 0.001498 |	psnr_loss: 31.130056 |
[2024-01-02 04:44:24,610 | INFO | train_one_epoch] Train epoch 0: [50/100 (50.00%)] 	bpp_y_loss: 0.298347 |	bpp_z_loss: 0.000000 |	bpp_loss: 0.298347 |	mse_loss: 0.000763 |	loss: 0.001448 |	psnr_loss: 31.240482 |
[2024-01-02 04:44:51,296 | INFO | train_one_epoch] Train epoch 0: [60/100 (60.00%)] 	bpp_y_loss: 0.303137 |	bpp_z_loss: 0.000000 |	bpp_loss: 0.303137 |	mse_loss: 0.000798 |	loss: 0.001494 |	psnr_loss: 31.095785 |
[2024-01-02 04:45:17,953 | INFO | train_one_epoch] Train epoch 0: [70/100 (70.00%)] 	bpp_y_loss: 0.283025 |	bpp_z_loss: 0.000000 |	bpp_loss: 0.283025 |	mse_loss: 0.000661 |	loss: 0.001310 |	psnr_loss: 31.947126 |
[2024-01-02 04:45:44,527 | INFO | train_one_epoch] Train epoch 0: [80/100 (80.00%)] 	bpp_y_loss: 0.296781 |	bpp_z_loss: 0.000000 |	bpp_loss: 0.296781 |	mse_loss: 0.000752 |	loss: 0.001433 |	psnr_loss: 31.443848 |
[2024-01-02 04:46:11,190 | INFO | train_one_epoch] Train epoch 0: [90/100 (90.00%)] 	bpp_y_loss: 0.317816 |	bpp_z_loss: 0.000000 |	bpp_loss: 0.317816 |	mse_loss: 0.000962 |	loss: 0.001691 |	psnr_loss: 30.275129 |
[2024-01-02 04:46:37,945 | INFO | train_one_epoch] Train epoch 0: [100/100 (100.00%)] 	bpp_y_loss: 0.299564 |	bpp_z_loss: 0.000000 |	bpp_loss: 0.299564 |	mse_loss: 0.000796 |	loss: 0.001484 |	psnr_loss: 31.110706 |
[2024-01-02 04:47:15,666 | INFO | test_adversarial] Testing results for epoch 1 [ADVERSARIAL] | bpp_y_loss=0.37204 | bpp_z_loss=0.00000 | bpp_loss=0.37204 | mse_loss=0.00193 | loss=0.00278 | psnr_loss=27.77743
[2024-01-02 04:47:16,226 | INFO | test_one_epoch] Testing results for epoch 1 | bpp_y_loss=0.35142 | bpp_z_loss=0.00000 | bpp_loss=0.35142 | mse_loss=0.00138 | loss=0.00219 | psnr_loss=29.41746
[2024-01-02 04:47:16,460 | INFO | train_one_epoch] Learning rate: 0.0001
[2024-01-02 04:47:19,183 | INFO | train_one_epoch] Train epoch 1: [0/100 (0.00%)] 	bpp_y_loss: 0.257514 |	bpp_z_loss: 0.000000 |	bpp_loss: 0.257514 |	mse_loss: 0.000479 |	loss: 0.001070 |	psnr_loss: 33.196358 |
[2024-01-02 04:47:45,813 | INFO | train_one_epoch] Train epoch 1: [10/100 (10.00%)] 	bpp_y_loss: 0.286660 |	bpp_z_loss: 0.000000 |	bpp_loss: 0.286660 |	mse_loss: 0.000709 |	loss: 0.001367 |	psnr_loss: 31.617603 |
[2024-01-02 04:48:12,457 | INFO | train_one_epoch] Train epoch 1: [20/100 (20.00%)] 	bpp_y_loss: 0.290501 |	bpp_z_loss: 0.000000 |	bpp_loss: 0.290501 |	mse_loss: 0.000700 |	loss: 0.001366 |	psnr_loss: 31.746695 |
[2024-01-02 04:48:39,086 | INFO | train_one_epoch] Train epoch 1: [30/100 (30.00%)] 	bpp_y_loss: 0.294837 |	bpp_z_loss: 0.000000 |	bpp_loss: 0.294837 |	mse_loss: 0.000795 |	loss: 0.001472 |	psnr_loss: 31.113968 |
[2024-01-02 04:49:05,791 | INFO | train_one_epoch] Train epoch 1: [40/100 (40.00%)] 	bpp_y_loss: 0.298059 |	bpp_z_loss: 0.000000 |	bpp_loss: 0.298059 |	mse_loss: 0.000845 |	loss: 0.001529 |	psnr_loss: 30.871784 |
[2024-01-02 04:49:32,451 | INFO | train_one_epoch] Train epoch 1: [50/100 (50.00%)] 	bpp_y_loss: 0.294966 |	bpp_z_loss: 0.000000 |	bpp_loss: 0.294966 |	mse_loss: 0.000793 |	loss: 0.001470 |	psnr_loss: 31.155104 |
[2024-01-02 04:49:59,160 | INFO | train_one_epoch] Train epoch 1: [60/100 (60.00%)] 	bpp_y_loss: 0.273077 |	bpp_z_loss: 0.000000 |	bpp_loss: 0.273077 |	mse_loss: 0.000636 |	loss: 0.001263 |	psnr_loss: 32.074894 |
[2024-01-02 04:50:25,813 | INFO | train_one_epoch] Train epoch 1: [70/100 (70.00%)] 	bpp_y_loss: 0.269172 |	bpp_z_loss: 0.000000 |	bpp_loss: 0.269172 |	mse_loss: 0.000617 |	loss: 0.001234 |	psnr_loss: 32.143845 |
[2024-01-02 04:50:52,464 | INFO | train_one_epoch] Train epoch 1: [80/100 (80.00%)] 	bpp_y_loss: 0.290077 |	bpp_z_loss: 0.000000 |	bpp_loss: 0.290077 |	mse_loss: 0.000723 |	loss: 0.001389 |	psnr_loss: 31.506845 |
[2024-01-02 04:51:19,172 | INFO | train_one_epoch] Train epoch 1: [90/100 (90.00%)] 	bpp_y_loss: 0.292592 |	bpp_z_loss: 0.000000 |	bpp_loss: 0.292592 |	mse_loss: 0.000758 |	loss: 0.001430 |	psnr_loss: 31.302362 |
[2024-01-02 04:51:45,831 | INFO | train_one_epoch] Train epoch 1: [100/100 (100.00%)] 	bpp_y_loss: 0.289075 |	bpp_z_loss: 0.000000 |	bpp_loss: 0.289075 |	mse_loss: 0.000793 |	loss: 0.001456 |	psnr_loss: 31.258341 |
[2024-01-02 04:52:23,471 | INFO | test_adversarial] Testing results for epoch 2 [ADVERSARIAL] | bpp_y_loss=0.37062 | bpp_z_loss=0.00000 | bpp_loss=0.37062 | mse_loss=0.00194 | loss=0.00279 | psnr_loss=27.75439
[2024-01-02 04:52:24,000 | INFO | test_one_epoch] Testing results for epoch 2 | bpp_y_loss=0.35165 | bpp_z_loss=0.00000 | bpp_loss=0.35165 | mse_loss=0.00141 | loss=0.00222 | psnr_loss=29.33863
[2024-01-02 04:52:24,145 | INFO | train_one_epoch] Learning rate: 0.0001
[2024-01-02 04:52:26,870 | INFO | train_one_epoch] Train epoch 2: [0/100 (0.00%)] 	bpp_y_loss: 0.309878 |	bpp_z_loss: 0.000000 |	bpp_loss: 0.309878 |	mse_loss: 0.000960 |	loss: 0.001672 |	psnr_loss: 30.175068 |
[2024-01-02 04:52:53,512 | INFO | train_one_epoch] Train epoch 2: [10/100 (10.00%)] 	bpp_y_loss: 0.300912 |	bpp_z_loss: 0.000000 |	bpp_loss: 0.300912 |	mse_loss: 0.000833 |	loss: 0.001524 |	psnr_loss: 30.973707 |
[2024-01-02 04:53:20,153 | INFO | train_one_epoch] Train epoch 2: [20/100 (20.00%)] 	bpp_y_loss: 0.285595 |	bpp_z_loss: 0.000000 |	bpp_loss: 0.285595 |	mse_loss: 0.000713 |	loss: 0.001369 |	psnr_loss: 31.565668 |
[2024-01-02 04:53:46,807 | INFO | train_one_epoch] Train epoch 2: [30/100 (30.00%)] 	bpp_y_loss: 0.273204 |	bpp_z_loss: 0.000000 |	bpp_loss: 0.273204 |	mse_loss: 0.000636 |	loss: 0.001264 |	psnr_loss: 32.050095 |
[2024-01-02 04:54:13,477 | INFO | train_one_epoch] Train epoch 2: [40/100 (40.00%)] 	bpp_y_loss: 0.289014 |	bpp_z_loss: 0.000000 |	bpp_loss: 0.289014 |	mse_loss: 0.000724 |	loss: 0.001388 |	psnr_loss: 31.546366 |
[2024-01-02 04:54:40,190 | INFO | train_one_epoch] Train epoch 2: [50/100 (50.00%)] 	bpp_y_loss: 0.286515 |	bpp_z_loss: 0.000000 |	bpp_loss: 0.286515 |	mse_loss: 0.000778 |	loss: 0.001435 |	psnr_loss: 31.458189 |
[2024-01-02 04:55:07,041 | INFO | train_one_epoch] Train epoch 2: [60/100 (60.00%)] 	bpp_y_loss: 0.295462 |	bpp_z_loss: 0.000000 |	bpp_loss: 0.295462 |	mse_loss: 0.000811 |	loss: 0.001489 |	psnr_loss: 31.093525 |
[2024-01-02 04:55:33,887 | INFO | train_one_epoch] Train epoch 2: [70/100 (70.00%)] 	bpp_y_loss: 0.291473 |	bpp_z_loss: 0.000000 |	bpp_loss: 0.291473 |	mse_loss: 0.000776 |	loss: 0.001445 |	psnr_loss: 31.278143 |
[2024-01-02 04:56:00,527 | INFO | train_one_epoch] Train epoch 2: [80/100 (80.00%)] 	bpp_y_loss: 0.296947 |	bpp_z_loss: 0.000000 |	bpp_loss: 0.296947 |	mse_loss: 0.000758 |	loss: 0.001439 |	psnr_loss: 31.466202 |
[2024-01-02 04:56:27,219 | INFO | train_one_epoch] Train epoch 2: [90/100 (90.00%)] 	bpp_y_loss: 0.285484 |	bpp_z_loss: 0.000000 |	bpp_loss: 0.285484 |	mse_loss: 0.000751 |	loss: 0.001406 |	psnr_loss: 31.364100 |
[2024-01-02 04:56:53,864 | INFO | train_one_epoch] Train epoch 2: [100/100 (100.00%)] 	bpp_y_loss: 0.292412 |	bpp_z_loss: 0.000000 |	bpp_loss: 0.292412 |	mse_loss: 0.000779 |	loss: 0.001450 |	psnr_loss: 31.231256 |
[2024-01-02 04:57:31,828 | INFO | test_adversarial] Testing results for epoch 3 [ADVERSARIAL] | bpp_y_loss=0.37415 | bpp_z_loss=0.00000 | bpp_loss=0.37415 | mse_loss=0.00193 | loss=0.00279 | psnr_loss=27.78058
[2024-01-02 04:57:32,384 | INFO | test_one_epoch] Testing results for epoch 3 | bpp_y_loss=0.35501 | bpp_z_loss=0.00000 | bpp_loss=0.35501 | mse_loss=0.00140 | loss=0.00222 | psnr_loss=29.34957
[2024-01-02 04:57:32,519 | INFO | train_one_epoch] Learning rate: 0.0001
[2024-01-02 04:57:35,231 | INFO | train_one_epoch] Train epoch 3: [0/100 (0.00%)] 	bpp_y_loss: 0.267849 |	bpp_z_loss: 0.000000 |	bpp_loss: 0.267849 |	mse_loss: 0.000695 |	loss: 0.001310 |	psnr_loss: 31.577055 |
[2024-01-02 04:58:01,957 | INFO | train_one_epoch] Train epoch 3: [10/100 (10.00%)] 	bpp_y_loss: 0.303314 |	bpp_z_loss: 0.000000 |	bpp_loss: 0.303314 |	mse_loss: 0.000884 |	loss: 0.001581 |	psnr_loss: 30.726156 |
[2024-01-02 04:58:28,584 | INFO | train_one_epoch] Train epoch 3: [20/100 (20.00%)] 	bpp_y_loss: 0.297219 |	bpp_z_loss: 0.000000 |	bpp_loss: 0.297219 |	mse_loss: 0.000815 |	loss: 0.001497 |	psnr_loss: 30.987513 |
[2024-01-02 04:58:55,291 | INFO | train_one_epoch] Train epoch 3: [30/100 (30.00%)] 	bpp_y_loss: 0.304150 |	bpp_z_loss: 0.000000 |	bpp_loss: 0.304150 |	mse_loss: 0.000935 |	loss: 0.001633 |	psnr_loss: 30.377935 |
[2024-01-02 04:59:21,985 | INFO | train_one_epoch] Train epoch 3: [40/100 (40.00%)] 	bpp_y_loss: 0.288206 |	bpp_z_loss: 0.000000 |	bpp_loss: 0.288206 |	mse_loss: 0.000782 |	loss: 0.001443 |	psnr_loss: 31.285700 |
[2024-01-02 04:59:48,796 | INFO | train_one_epoch] Train epoch 3: [50/100 (50.00%)] 	bpp_y_loss: 0.309378 |	bpp_z_loss: 0.000000 |	bpp_loss: 0.309378 |	mse_loss: 0.000896 |	loss: 0.001606 |	psnr_loss: 30.574512 |
[2024-01-02 05:00:15,514 | INFO | train_one_epoch] Train epoch 3: [60/100 (60.00%)] 	bpp_y_loss: 0.281809 |	bpp_z_loss: 0.000000 |	bpp_loss: 0.281809 |	mse_loss: 0.000731 |	loss: 0.001378 |	psnr_loss: 31.447611 |
[2024-01-02 05:00:42,191 | INFO | train_one_epoch] Train epoch 3: [70/100 (70.00%)] 	bpp_y_loss: 0.294745 |	bpp_z_loss: 0.000000 |	bpp_loss: 0.294745 |	mse_loss: 0.000757 |	loss: 0.001434 |	psnr_loss: 31.269444 |
[2024-01-02 05:01:08,856 | INFO | train_one_epoch] Train epoch 3: [80/100 (80.00%)] 	bpp_y_loss: 0.284127 |	bpp_z_loss: 0.000000 |	bpp_loss: 0.284127 |	mse_loss: 0.000678 |	loss: 0.001330 |	psnr_loss: 31.803431 |
[2024-01-02 05:01:35,479 | INFO | train_one_epoch] Train epoch 3: [90/100 (90.00%)] 	bpp_y_loss: 0.295918 |	bpp_z_loss: 0.000000 |	bpp_loss: 0.295918 |	mse_loss: 0.000833 |	loss: 0.001512 |	psnr_loss: 30.958689 |
[2024-01-02 05:02:02,315 | INFO | train_one_epoch] Train epoch 3: [100/100 (100.00%)] 	bpp_y_loss: 0.293771 |	bpp_z_loss: 0.000000 |	bpp_loss: 0.293771 |	mse_loss: 0.000776 |	loss: 0.001450 |	psnr_loss: 31.248859 |
[2024-01-02 05:02:39,898 | INFO | test_adversarial] Testing results for epoch 4 [ADVERSARIAL] | bpp_y_loss=0.37511 | bpp_z_loss=0.00000 | bpp_loss=0.37511 | mse_loss=0.00194 | loss=0.00281 | psnr_loss=27.73589
[2024-01-02 05:02:40,438 | INFO | test_one_epoch] Testing results for epoch 4 | bpp_y_loss=0.35426 | bpp_z_loss=0.00000 | bpp_loss=0.35426 | mse_loss=0.00142 | loss=0.00224 | psnr_loss=29.27318
[2024-01-02 05:02:41,038 | INFO | train_one_epoch] Learning rate: 0.0001
[2024-01-02 05:02:43,863 | INFO | train_one_epoch] Train epoch 4: [0/100 (0.00%)] 	bpp_y_loss: 0.309611 |	bpp_z_loss: 0.000000 |	bpp_loss: 0.309611 |	mse_loss: 0.000775 |	loss: 0.001486 |	psnr_loss: 31.107738 |
[2024-01-02 05:03:10,539 | INFO | train_one_epoch] Train epoch 4: [10/100 (10.00%)] 	bpp_y_loss: 0.290616 |	bpp_z_loss: 0.000000 |	bpp_loss: 0.290616 |	mse_loss: 0.000811 |	loss: 0.001478 |	psnr_loss: 31.049276 |
[2024-01-02 05:03:37,173 | INFO | train_one_epoch] Train epoch 4: [20/100 (20.00%)] 	bpp_y_loss: 0.289540 |	bpp_z_loss: 0.000000 |	bpp_loss: 0.289540 |	mse_loss: 0.000759 |	loss: 0.001424 |	psnr_loss: 31.259108 |
[2024-01-02 05:04:03,789 | INFO | train_one_epoch] Train epoch 4: [30/100 (30.00%)] 	bpp_y_loss: 0.299342 |	bpp_z_loss: 0.000000 |	bpp_loss: 0.299342 |	mse_loss: 0.000804 |	loss: 0.001491 |	psnr_loss: 31.097153 |
[2024-01-02 05:04:30,447 | INFO | train_one_epoch] Train epoch 4: [40/100 (40.00%)] 	bpp_y_loss: 0.286807 |	bpp_z_loss: 0.000000 |	bpp_loss: 0.286807 |	mse_loss: 0.000694 |	loss: 0.001353 |	psnr_loss: 31.636686 |
[2024-01-02 05:04:57,037 | INFO | train_one_epoch] Train epoch 4: [50/100 (50.00%)] 	bpp_y_loss: 0.295944 |	bpp_z_loss: 0.000000 |	bpp_loss: 0.295944 |	mse_loss: 0.000782 |	loss: 0.001462 |	psnr_loss: 31.191196 |
[2024-01-02 05:05:23,723 | INFO | train_one_epoch] Train epoch 4: [60/100 (60.00%)] 	bpp_y_loss: 0.290105 |	bpp_z_loss: 0.000000 |	bpp_loss: 0.290105 |	mse_loss: 0.000738 |	loss: 0.001404 |	psnr_loss: 31.447306 |
[2024-01-02 05:05:50,428 | INFO | train_one_epoch] Train epoch 4: [70/100 (70.00%)] 	bpp_y_loss: 0.281738 |	bpp_z_loss: 0.000000 |	bpp_loss: 0.281738 |	mse_loss: 0.000710 |	loss: 0.001356 |	psnr_loss: 31.543045 |
[2024-01-02 05:06:17,096 | INFO | train_one_epoch] Train epoch 4: [80/100 (80.00%)] 	bpp_y_loss: 0.291559 |	bpp_z_loss: 0.000000 |	bpp_loss: 0.291559 |	mse_loss: 0.000808 |	loss: 0.001477 |	psnr_loss: 31.020248 |
[2024-01-02 05:06:43,743 | INFO | train_one_epoch] Train epoch 4: [90/100 (90.00%)] 	bpp_y_loss: 0.303207 |	bpp_z_loss: 0.000000 |	bpp_loss: 0.303207 |	mse_loss: 0.000885 |	loss: 0.001581 |	psnr_loss: 30.609467 |
[2024-01-02 05:07:10,385 | INFO | train_one_epoch] Train epoch 4: [100/100 (100.00%)] 	bpp_y_loss: 0.279849 |	bpp_z_loss: 0.000000 |	bpp_loss: 0.279849 |	mse_loss: 0.000716 |	loss: 0.001358 |	psnr_loss: 31.687937 |
[2024-01-02 05:07:48,232 | INFO | test_adversarial] Testing results for epoch 5 [ADVERSARIAL] | bpp_y_loss=0.37597 | bpp_z_loss=0.00000 | bpp_loss=0.37597 | mse_loss=0.00194 | loss=0.00280 | psnr_loss=27.75133
[2024-01-02 05:07:48,819 | INFO | test_one_epoch] Testing results for epoch 5 | bpp_y_loss=0.35637 | bpp_z_loss=0.00000 | bpp_loss=0.35637 | mse_loss=0.00142 | loss=0.00224 | psnr_loss=29.28518
[2024-01-02 05:07:48,951 | INFO | train_one_epoch] Learning rate: 2e-05
[2024-01-02 05:07:51,664 | INFO | train_one_epoch] Train epoch 5: [0/100 (0.00%)] 	bpp_y_loss: 0.303526 |	bpp_z_loss: 0.000000 |	bpp_loss: 0.303526 |	mse_loss: 0.000965 |	loss: 0.001662 |	psnr_loss: 30.155184 |
[2024-01-02 05:08:18,288 | INFO | train_one_epoch] Train epoch 5: [10/100 (10.00%)] 	bpp_y_loss: 0.300529 |	bpp_z_loss: 0.000000 |	bpp_loss: 0.300529 |	mse_loss: 0.000813 |	loss: 0.001503 |	psnr_loss: 31.112036 |
[2024-01-02 05:08:44,987 | INFO | train_one_epoch] Train epoch 5: [20/100 (20.00%)] 	bpp_y_loss: 0.287526 |	bpp_z_loss: 0.000000 |	bpp_loss: 0.287526 |	mse_loss: 0.000759 |	loss: 0.001419 |	psnr_loss: 31.336164 |
[2024-01-02 05:09:11,681 | INFO | train_one_epoch] Train epoch 5: [30/100 (30.00%)] 	bpp_y_loss: 0.288300 |	bpp_z_loss: 0.000000 |	bpp_loss: 0.288300 |	mse_loss: 0.000747 |	loss: 0.001409 |	psnr_loss: 31.366154 |
[2024-01-02 05:09:38,361 | INFO | train_one_epoch] Train epoch 5: [40/100 (40.00%)] 	bpp_y_loss: 0.268529 |	bpp_z_loss: 0.000000 |	bpp_loss: 0.268529 |	mse_loss: 0.000659 |	loss: 0.001276 |	psnr_loss: 31.908558 |
[2024-01-02 05:10:05,051 | INFO | train_one_epoch] Train epoch 5: [50/100 (50.00%)] 	bpp_y_loss: 0.298028 |	bpp_z_loss: 0.000000 |	bpp_loss: 0.298028 |	mse_loss: 0.000920 |	loss: 0.001604 |	psnr_loss: 30.515802 |
[2024-01-02 05:10:31,651 | INFO | train_one_epoch] Train epoch 5: [60/100 (60.00%)] 	bpp_y_loss: 0.289126 |	bpp_z_loss: 0.000000 |	bpp_loss: 0.289126 |	mse_loss: 0.000818 |	loss: 0.001482 |	psnr_loss: 30.934189 |
[2024-01-02 05:10:58,218 | INFO | train_one_epoch] Train epoch 5: [70/100 (70.00%)] 	bpp_y_loss: 0.280475 |	bpp_z_loss: 0.000000 |	bpp_loss: 0.280475 |	mse_loss: 0.000778 |	loss: 0.001422 |	psnr_loss: 31.356602 |
[2024-01-02 05:11:24,884 | INFO | train_one_epoch] Train epoch 5: [80/100 (80.00%)] 	bpp_y_loss: 0.261149 |	bpp_z_loss: 0.000000 |	bpp_loss: 0.261149 |	mse_loss: 0.000644 |	loss: 0.001243 |	psnr_loss: 32.054485 |
[2024-01-02 05:11:51,602 | INFO | train_one_epoch] Train epoch 5: [90/100 (90.00%)] 	bpp_y_loss: 0.269198 |	bpp_z_loss: 0.000000 |	bpp_loss: 0.269198 |	mse_loss: 0.000718 |	loss: 0.001336 |	psnr_loss: 31.757086 |
[2024-01-02 05:12:18,279 | INFO | train_one_epoch] Train epoch 5: [100/100 (100.00%)] 	bpp_y_loss: 0.289040 |	bpp_z_loss: 0.000000 |	bpp_loss: 0.289040 |	mse_loss: 0.000889 |	loss: 0.001553 |	psnr_loss: 30.650793 |
[2024-01-02 05:12:56,864 | INFO | test_adversarial] Testing results for epoch 6 [ADVERSARIAL] | bpp_y_loss=0.36439 | bpp_z_loss=0.00000 | bpp_loss=0.36439 | mse_loss=0.00192 | loss=0.00276 | psnr_loss=27.79827
[2024-01-02 05:12:57,420 | INFO | test_one_epoch] Testing results for epoch 6 | bpp_y_loss=0.34474 | bpp_z_loss=0.00000 | bpp_loss=0.34474 | mse_loss=0.00140 | loss=0.00220 | psnr_loss=29.34616
[2024-01-02 05:12:57,554 | INFO | train_one_epoch] Learning rate: 2e-05
[2024-01-02 05:13:00,284 | INFO | train_one_epoch] Train epoch 6: [0/100 (0.00%)] 	bpp_y_loss: 0.342651 |	bpp_z_loss: 0.000000 |	bpp_loss: 0.342651 |	mse_loss: 0.001301 |	loss: 0.002088 |	psnr_loss: 28.856953 |
[2024-01-02 05:13:27,087 | INFO | train_one_epoch] Train epoch 6: [10/100 (10.00%)] 	bpp_y_loss: 0.289131 |	bpp_z_loss: 0.000000 |	bpp_loss: 0.289131 |	mse_loss: 0.000848 |	loss: 0.001511 |	psnr_loss: 30.813177 |
[2024-01-02 05:13:53,728 | INFO | train_one_epoch] Train epoch 6: [20/100 (20.00%)] 	bpp_y_loss: 0.265063 |	bpp_z_loss: 0.000000 |	bpp_loss: 0.265063 |	mse_loss: 0.000639 |	loss: 0.001248 |	psnr_loss: 32.041492 |
[2024-01-02 05:14:20,538 | INFO | train_one_epoch] Train epoch 6: [30/100 (30.00%)] 	bpp_y_loss: 0.261247 |	bpp_z_loss: 0.000000 |	bpp_loss: 0.261247 |	mse_loss: 0.000674 |	loss: 0.001274 |	psnr_loss: 31.800547 |
[2024-01-02 05:14:47,228 | INFO | train_one_epoch] Train epoch 6: [40/100 (40.00%)] 	bpp_y_loss: 0.269483 |	bpp_z_loss: 0.000000 |	bpp_loss: 0.269483 |	mse_loss: 0.000722 |	loss: 0.001341 |	psnr_loss: 31.571445 |
[2024-01-02 05:15:13,920 | INFO | train_one_epoch] Train epoch 6: [50/100 (50.00%)] 	bpp_y_loss: 0.275098 |	bpp_z_loss: 0.000000 |	bpp_loss: 0.275098 |	mse_loss: 0.000784 |	loss: 0.001415 |	psnr_loss: 31.200748 |
[2024-01-02 05:15:40,577 | INFO | train_one_epoch] Train epoch 6: [60/100 (60.00%)] 	bpp_y_loss: 0.255430 |	bpp_z_loss: 0.000000 |	bpp_loss: 0.255430 |	mse_loss: 0.000621 |	loss: 0.001208 |	psnr_loss: 32.206177 |
[2024-01-02 05:16:07,230 | INFO | train_one_epoch] Train epoch 6: [70/100 (70.00%)] 	bpp_y_loss: 0.276258 |	bpp_z_loss: 0.000000 |	bpp_loss: 0.276258 |	mse_loss: 0.000796 |	loss: 0.001430 |	psnr_loss: 31.122593 |
[2024-01-02 05:16:33,851 | INFO | train_one_epoch] Train epoch 6: [80/100 (80.00%)] 	bpp_y_loss: 0.269945 |	bpp_z_loss: 0.000000 |	bpp_loss: 0.269945 |	mse_loss: 0.000707 |	loss: 0.001326 |	psnr_loss: 31.530882 |
[2024-01-02 05:17:00,480 | INFO | train_one_epoch] Train epoch 6: [90/100 (90.00%)] 	bpp_y_loss: 0.275711 |	bpp_z_loss: 0.000000 |	bpp_loss: 0.275711 |	mse_loss: 0.000760 |	loss: 0.001393 |	psnr_loss: 31.289566 |
[2024-01-02 05:17:27,311 | INFO | train_one_epoch] Train epoch 6: [100/100 (100.00%)] 	bpp_y_loss: 0.273805 |	bpp_z_loss: 0.000000 |	bpp_loss: 0.273805 |	mse_loss: 0.000798 |	loss: 0.001426 |	psnr_loss: 31.192762 |
[2024-01-02 05:18:04,741 | INFO | test_adversarial] Testing results for epoch 7 [ADVERSARIAL] | bpp_y_loss=0.36082 | bpp_z_loss=0.00000 | bpp_loss=0.36082 | mse_loss=0.00192 | loss=0.00275 | psnr_loss=27.79765
[2024-01-02 05:18:05,295 | INFO | test_one_epoch] Testing results for epoch 7 | bpp_y_loss=0.34076 | bpp_z_loss=0.00000 | bpp_loss=0.34076 | mse_loss=0.00140 | loss=0.00218 | psnr_loss=29.34882
[2024-01-02 05:18:05,585 | INFO | train_one_epoch] Learning rate: 2e-05
[2024-01-02 05:18:08,309 | INFO | train_one_epoch] Train epoch 7: [0/100 (0.00%)] 	bpp_y_loss: 0.251965 |	bpp_z_loss: 0.000000 |	bpp_loss: 0.251965 |	mse_loss: 0.000672 |	loss: 0.001251 |	psnr_loss: 31.724607 |
[2024-01-02 05:18:34,979 | INFO | train_one_epoch] Train epoch 7: [10/100 (10.00%)] 	bpp_y_loss: 0.268340 |	bpp_z_loss: 0.000000 |	bpp_loss: 0.268340 |	mse_loss: 0.000738 |	loss: 0.001354 |	psnr_loss: 31.493158 |
[2024-01-02 05:19:01,850 | INFO | train_one_epoch] Train epoch 7: [20/100 (20.00%)] 	bpp_y_loss: 0.274661 |	bpp_z_loss: 0.000000 |	bpp_loss: 0.274661 |	mse_loss: 0.000768 |	loss: 0.001399 |	psnr_loss: 31.228958 |
[2024-01-02 05:19:28,813 | INFO | train_one_epoch] Train epoch 7: [30/100 (30.00%)] 	bpp_y_loss: 0.277685 |	bpp_z_loss: 0.000000 |	bpp_loss: 0.277685 |	mse_loss: 0.000810 |	loss: 0.001448 |	psnr_loss: 31.020460 |
[2024-01-02 05:19:55,471 | INFO | train_one_epoch] Train epoch 7: [40/100 (40.00%)] 	bpp_y_loss: 0.261627 |	bpp_z_loss: 0.000000 |	bpp_loss: 0.261627 |	mse_loss: 0.000667 |	loss: 0.001267 |	psnr_loss: 31.939377 |
[2024-01-02 05:20:22,069 | INFO | train_one_epoch] Train epoch 7: [50/100 (50.00%)] 	bpp_y_loss: 0.285076 |	bpp_z_loss: 0.000000 |	bpp_loss: 0.285076 |	mse_loss: 0.000818 |	loss: 0.001472 |	psnr_loss: 30.989676 |
[2024-01-02 05:20:48,744 | INFO | train_one_epoch] Train epoch 7: [60/100 (60.00%)] 	bpp_y_loss: 0.281734 |	bpp_z_loss: 0.000000 |	bpp_loss: 0.281734 |	mse_loss: 0.000811 |	loss: 0.001458 |	psnr_loss: 31.130598 |
[2024-01-02 05:21:15,415 | INFO | train_one_epoch] Train epoch 7: [70/100 (70.00%)] 	bpp_y_loss: 0.276878 |	bpp_z_loss: 0.000000 |	bpp_loss: 0.276878 |	mse_loss: 0.000829 |	loss: 0.001465 |	psnr_loss: 30.958158 |
[2024-01-02 05:21:42,110 | INFO | train_one_epoch] Train epoch 7: [80/100 (80.00%)] 	bpp_y_loss: 0.279930 |	bpp_z_loss: 0.000000 |	bpp_loss: 0.279930 |	mse_loss: 0.000831 |	loss: 0.001473 |	psnr_loss: 30.902195 |
[2024-01-02 05:22:08,836 | INFO | train_one_epoch] Train epoch 7: [90/100 (90.00%)] 	bpp_y_loss: 0.261660 |	bpp_z_loss: 0.000000 |	bpp_loss: 0.261660 |	mse_loss: 0.000746 |	loss: 0.001347 |	psnr_loss: 31.351080 |
[2024-01-02 05:22:35,442 | INFO | train_one_epoch] Train epoch 7: [100/100 (100.00%)] 	bpp_y_loss: 0.277336 |	bpp_z_loss: 0.000000 |	bpp_loss: 0.277336 |	mse_loss: 0.000804 |	loss: 0.001440 |	psnr_loss: 31.075129 |
[2024-01-02 05:23:13,003 | INFO | test_adversarial] Testing results for epoch 8 [ADVERSARIAL] | bpp_y_loss=0.35912 | bpp_z_loss=0.00000 | bpp_loss=0.35912 | mse_loss=0.00193 | loss=0.00275 | psnr_loss=27.78764
[2024-01-02 05:23:13,561 | INFO | test_one_epoch] Testing results for epoch 8 | bpp_y_loss=0.33918 | bpp_z_loss=0.00000 | bpp_loss=0.33918 | mse_loss=0.00140 | loss=0.00218 | psnr_loss=29.35170
[2024-01-02 05:23:13,692 | INFO | train_one_epoch] Learning rate: 2e-05
[2024-01-02 05:23:16,421 | INFO | train_one_epoch] Train epoch 8: [0/100 (0.00%)] 	bpp_y_loss: 0.296106 |	bpp_z_loss: 0.000000 |	bpp_loss: 0.296106 |	mse_loss: 0.001132 |	loss: 0.001811 |	psnr_loss: 29.463217 |
[2024-01-02 05:23:43,014 | INFO | train_one_epoch] Train epoch 8: [10/100 (10.00%)] 	bpp_y_loss: 0.289933 |	bpp_z_loss: 0.000000 |	bpp_loss: 0.289933 |	mse_loss: 0.000824 |	loss: 0.001490 |	psnr_loss: 30.985275 |
[2024-01-02 05:24:09,678 | INFO | train_one_epoch] Train epoch 8: [20/100 (20.00%)] 	bpp_y_loss: 0.279535 |	bpp_z_loss: 0.000000 |	bpp_loss: 0.279535 |	mse_loss: 0.000860 |	loss: 0.001501 |	psnr_loss: 30.782084 |
[2024-01-02 05:24:36,302 | INFO | train_one_epoch] Train epoch 8: [30/100 (30.00%)] 	bpp_y_loss: 0.255921 |	bpp_z_loss: 0.000000 |	bpp_loss: 0.255921 |	mse_loss: 0.000691 |	loss: 0.001278 |	psnr_loss: 31.771362 |
[2024-01-02 05:25:02,945 | INFO | train_one_epoch] Train epoch 8: [40/100 (40.00%)] 	bpp_y_loss: 0.265372 |	bpp_z_loss: 0.000000 |	bpp_loss: 0.265372 |	mse_loss: 0.000724 |	loss: 0.001333 |	psnr_loss: 31.485575 |
[2024-01-02 05:25:29,651 | INFO | train_one_epoch] Train epoch 8: [50/100 (50.00%)] 	bpp_y_loss: 0.249925 |	bpp_z_loss: 0.000000 |	bpp_loss: 0.249925 |	mse_loss: 0.000632 |	loss: 0.001206 |	psnr_loss: 32.134739 |
[2024-01-02 05:25:56,286 | INFO | train_one_epoch] Train epoch 8: [60/100 (60.00%)] 	bpp_y_loss: 0.252476 |	bpp_z_loss: 0.000000 |	bpp_loss: 0.252476 |	mse_loss: 0.000659 |	loss: 0.001238 |	psnr_loss: 31.912189 |
[2024-01-02 05:26:22,981 | INFO | train_one_epoch] Train epoch 8: [70/100 (70.00%)] 	bpp_y_loss: 0.275959 |	bpp_z_loss: 0.000000 |	bpp_loss: 0.275959 |	mse_loss: 0.000815 |	loss: 0.001449 |	psnr_loss: 31.059011 |
[2024-01-02 05:26:49,610 | INFO | train_one_epoch] Train epoch 8: [80/100 (80.00%)] 	bpp_y_loss: 0.268687 |	bpp_z_loss: 0.000000 |	bpp_loss: 0.268687 |	mse_loss: 0.000725 |	loss: 0.001342 |	psnr_loss: 31.425293 |
[2024-01-02 05:27:16,243 | INFO | train_one_epoch] Train epoch 8: [90/100 (90.00%)] 	bpp_y_loss: 0.271683 |	bpp_z_loss: 0.000000 |	bpp_loss: 0.271683 |	mse_loss: 0.000791 |	loss: 0.001415 |	psnr_loss: 31.272999 |
[2024-01-02 05:27:42,903 | INFO | train_one_epoch] Train epoch 8: [100/100 (100.00%)] 	bpp_y_loss: 0.276228 |	bpp_z_loss: 0.000000 |	bpp_loss: 0.276228 |	mse_loss: 0.000855 |	loss: 0.001489 |	psnr_loss: 30.803989 |
[2024-01-02 05:28:21,532 | INFO | test_adversarial] Testing results for epoch 9 [ADVERSARIAL] | bpp_y_loss=0.35682 | bpp_z_loss=0.00000 | bpp_loss=0.35682 | mse_loss=0.00193 | loss=0.00275 | psnr_loss=27.78636
[2024-01-02 05:28:22,164 | INFO | test_one_epoch] Testing results for epoch 9 | bpp_y_loss=0.33706 | bpp_z_loss=0.00000 | bpp_loss=0.33706 | mse_loss=0.00140 | loss=0.00218 | psnr_loss=29.34904
[2024-01-02 05:28:22,290 | INFO | train_one_epoch] Learning rate: 2e-05
[2024-01-02 05:28:25,018 | INFO | train_one_epoch] Train epoch 9: [0/100 (0.00%)] 	bpp_y_loss: 0.276795 |	bpp_z_loss: 0.000000 |	bpp_loss: 0.276795 |	mse_loss: 0.000773 |	loss: 0.001408 |	psnr_loss: 31.118153 |
[2024-01-02 05:28:51,704 | INFO | train_one_epoch] Train epoch 9: [10/100 (10.00%)] 	bpp_y_loss: 0.269936 |	bpp_z_loss: 0.000000 |	bpp_loss: 0.269936 |	mse_loss: 0.000794 |	loss: 0.001414 |	psnr_loss: 31.238691 |
[2024-01-02 05:29:18,331 | INFO | train_one_epoch] Train epoch 9: [20/100 (20.00%)] 	bpp_y_loss: 0.258904 |	bpp_z_loss: 0.000000 |	bpp_loss: 0.258904 |	mse_loss: 0.000676 |	loss: 0.001271 |	psnr_loss: 31.847891 |
[2024-01-02 05:29:44,978 | INFO | train_one_epoch] Train epoch 9: [30/100 (30.00%)] 	bpp_y_loss: 0.257532 |	bpp_z_loss: 0.000000 |	bpp_loss: 0.257532 |	mse_loss: 0.000677 |	loss: 0.001268 |	psnr_loss: 31.759321 |
[2024-01-02 05:30:11,672 | INFO | train_one_epoch] Train epoch 9: [40/100 (40.00%)] 	bpp_y_loss: 0.274083 |	bpp_z_loss: 0.000000 |	bpp_loss: 0.274083 |	mse_loss: 0.000805 |	loss: 0.001434 |	psnr_loss: 31.099501 |
[2024-01-02 05:30:38,344 | INFO | train_one_epoch] Train epoch 9: [50/100 (50.00%)] 	bpp_y_loss: 0.246319 |	bpp_z_loss: 0.000000 |	bpp_loss: 0.246319 |	mse_loss: 0.000638 |	loss: 0.001203 |	psnr_loss: 32.231853 |
[2024-01-02 05:31:04,940 | INFO | train_one_epoch] Train epoch 9: [60/100 (60.00%)] 	bpp_y_loss: 0.278473 |	bpp_z_loss: 0.000000 |	bpp_loss: 0.278473 |	mse_loss: 0.000851 |	loss: 0.001490 |	psnr_loss: 30.816534 |
[2024-01-02 05:31:31,534 | INFO | train_one_epoch] Train epoch 9: [70/100 (70.00%)] 	bpp_y_loss: 0.267532 |	bpp_z_loss: 0.000000 |	bpp_loss: 0.267532 |	mse_loss: 0.000806 |	loss: 0.001420 |	psnr_loss: 31.128651 |
[2024-01-02 05:31:58,252 | INFO | train_one_epoch] Train epoch 9: [80/100 (80.00%)] 	bpp_y_loss: 0.268400 |	bpp_z_loss: 0.000000 |	bpp_loss: 0.268400 |	mse_loss: 0.000765 |	loss: 0.001381 |	psnr_loss: 31.334579 |
[2024-01-02 05:32:24,937 | INFO | train_one_epoch] Train epoch 9: [90/100 (90.00%)] 	bpp_y_loss: 0.260859 |	bpp_z_loss: 0.000000 |	bpp_loss: 0.260859 |	mse_loss: 0.000683 |	loss: 0.001282 |	psnr_loss: 31.708298 |
[2024-01-02 05:32:51,617 | INFO | train_one_epoch] Train epoch 9: [100/100 (100.00%)] 	bpp_y_loss: 0.273795 |	bpp_z_loss: 0.000000 |	bpp_loss: 0.273795 |	mse_loss: 0.000776 |	loss: 0.001405 |	psnr_loss: 31.218000 |
[2024-01-02 05:33:29,779 | INFO | test_adversarial] Testing results for epoch 10 [ADVERSARIAL] | bpp_y_loss=0.35545 | bpp_z_loss=0.00000 | bpp_loss=0.35545 | mse_loss=0.00193 | loss=0.00274 | psnr_loss=27.78910
[2024-01-02 05:33:30,321 | INFO | test_one_epoch] Testing results for epoch 10 | bpp_y_loss=0.33521 | bpp_z_loss=0.00000 | bpp_loss=0.33521 | mse_loss=0.00140 | loss=0.00217 | psnr_loss=29.34523
[2024-01-02 05:33:30,482 | INFO | train_one_epoch] Learning rate: 2e-05
[2024-01-02 05:33:33,216 | INFO | train_one_epoch] Train epoch 10: [0/100 (0.00%)] 	bpp_y_loss: 0.267961 |	bpp_z_loss: 0.000000 |	bpp_loss: 0.267961 |	mse_loss: 0.000659 |	loss: 0.001274 |	psnr_loss: 31.812487 |
[2024-01-02 05:33:59,889 | INFO | train_one_epoch] Train epoch 10: [10/100 (10.00%)] 	bpp_y_loss: 0.267284 |	bpp_z_loss: 0.000000 |	bpp_loss: 0.267284 |	mse_loss: 0.000769 |	loss: 0.001382 |	psnr_loss: 31.297770 |
[2024-01-02 05:34:26,611 | INFO | train_one_epoch] Train epoch 10: [20/100 (20.00%)] 	bpp_y_loss: 0.259706 |	bpp_z_loss: 0.000000 |	bpp_loss: 0.259706 |	mse_loss: 0.000685 |	loss: 0.001281 |	psnr_loss: 31.686140 |
[2024-01-02 05:34:53,233 | INFO | train_one_epoch] Train epoch 10: [30/100 (30.00%)] 	bpp_y_loss: 0.268247 |	bpp_z_loss: 0.000000 |	bpp_loss: 0.268247 |	mse_loss: 0.000773 |	loss: 0.001389 |	psnr_loss: 31.272327 |
[2024-01-02 05:35:19,880 | INFO | train_one_epoch] Train epoch 10: [40/100 (40.00%)] 	bpp_y_loss: 0.271809 |	bpp_z_loss: 0.000000 |	bpp_loss: 0.271809 |	mse_loss: 0.000792 |	loss: 0.001415 |	psnr_loss: 31.228498 |
[2024-01-02 05:35:46,605 | INFO | train_one_epoch] Train epoch 10: [50/100 (50.00%)] 	bpp_y_loss: 0.266249 |	bpp_z_loss: 0.000000 |	bpp_loss: 0.266249 |	mse_loss: 0.000770 |	loss: 0.001382 |	psnr_loss: 31.203413 |
[2024-01-02 05:36:13,286 | INFO | train_one_epoch] Train epoch 10: [60/100 (60.00%)] 	bpp_y_loss: 0.266363 |	bpp_z_loss: 0.000000 |	bpp_loss: 0.266363 |	mse_loss: 0.000723 |	loss: 0.001334 |	psnr_loss: 31.529097 |
[2024-01-02 05:36:39,982 | INFO | train_one_epoch] Train epoch 10: [70/100 (70.00%)] 	bpp_y_loss: 0.257031 |	bpp_z_loss: 0.000000 |	bpp_loss: 0.257031 |	mse_loss: 0.000707 |	loss: 0.001297 |	psnr_loss: 31.662878 |
