[2024-01-17 08:59:56,778 | INFO | <module>] Args: Namespace(model='bmshj2018_hyperprior', lmbda=0.025, dataset='vimeo90k', epochs=100, steps_per_epoch=10000, type='mse', steps=1000, adv_steps=10, adv_optimizer='SGD', adv_lr=1000.0, adv_epsilon=0.01, batch_size=8, learning_rate=1e-05, save=True, seed=19260817, clip_max_norm=1.0, checkpoint=None, continue_train=False)
[2024-01-17 08:59:56,779 | INFO | <module>] Lmbda=0.025000000000
[2024-01-17 08:59:56,779 | INFO | <module>] Load weights from /backup1/xyhang/GradAttack/experiments/adversarial-train/baseline/bmshj2018_hyperprior-vimeo90k-0.025-100x10000/last_epoch.pth.tar
[2024-01-17 08:59:59,806 | INFO | test_one_epoch] Testing results for epoch 0 | bpp_y_loss=0.61703 | bpp_z_loss=0.01353 | bpp_loss=0.63056 | mse_loss=0.00049 | loss=1.42124 | psnr_loss=33.64571
[2024-01-17 09:00:04,633 | INFO | train_one_epoch] Learning rate: 1e-05
[2024-01-17 09:00:05,867 | INFO | train_one_epoch] Train epoch 0: [0/100 (0.00%)] 	bpp_y_loss: 0.548634 |	bpp_z_loss: 0.013065 |	bpp_loss: 0.561698 |	mse_loss: 0.000384 |	loss: 1.185872 |	psnr_loss: 34.157150 |
[2024-01-17 09:00:09,300 | INFO | train_one_epoch] Train epoch 0: [10/100 (10.00%)] 	bpp_y_loss: 0.533416 |	bpp_z_loss: 0.012588 |	bpp_loss: 0.546004 |	mse_loss: 0.000379 |	loss: 1.162625 |	psnr_loss: 34.267685 |
[2024-01-17 09:00:12,752 | INFO | train_one_epoch] Train epoch 0: [20/100 (20.00%)] 	bpp_y_loss: 0.607645 |	bpp_z_loss: 0.012896 |	bpp_loss: 0.620540 |	mse_loss: 0.000467 |	loss: 1.379149 |	psnr_loss: 33.419159 |
[2024-01-17 09:00:16,298 | INFO | train_one_epoch] Train epoch 0: [30/100 (30.00%)] 	bpp_y_loss: 0.602136 |	bpp_z_loss: 0.012639 |	bpp_loss: 0.614775 |	mse_loss: 0.000457 |	loss: 1.356994 |	psnr_loss: 33.460987 |
[2024-01-17 09:00:19,806 | INFO | train_one_epoch] Train epoch 0: [40/100 (40.00%)] 	bpp_y_loss: 0.529276 |	bpp_z_loss: 0.012454 |	bpp_loss: 0.541730 |	mse_loss: 0.000399 |	loss: 1.190035 |	psnr_loss: 34.108112 |
[2024-01-17 09:00:23,370 | INFO | train_one_epoch] Train epoch 0: [50/100 (50.00%)] 	bpp_y_loss: 0.539606 |	bpp_z_loss: 0.012409 |	bpp_loss: 0.552015 |	mse_loss: 0.000398 |	loss: 1.199593 |	psnr_loss: 34.061474 |
[2024-01-17 09:00:26,957 | INFO | train_one_epoch] Train epoch 0: [60/100 (60.00%)] 	bpp_y_loss: 0.575299 |	bpp_z_loss: 0.012758 |	bpp_loss: 0.588056 |	mse_loss: 0.000428 |	loss: 1.284485 |	psnr_loss: 33.728085 |
[2024-01-17 09:00:30,532 | INFO | train_one_epoch] Train epoch 0: [70/100 (70.00%)] 	bpp_y_loss: 0.556186 |	bpp_z_loss: 0.012529 |	bpp_loss: 0.568716 |	mse_loss: 0.000407 |	loss: 1.230141 |	psnr_loss: 33.983856 |
[2024-01-17 09:00:34,094 | INFO | train_one_epoch] Train epoch 0: [80/100 (80.00%)] 	bpp_y_loss: 0.554969 |	bpp_z_loss: 0.012568 |	bpp_loss: 0.567537 |	mse_loss: 0.000419 |	loss: 1.248011 |	psnr_loss: 33.834805 |
[2024-01-17 09:00:37,663 | INFO | train_one_epoch] Train epoch 0: [90/100 (90.00%)] 	bpp_y_loss: 0.542377 |	bpp_z_loss: 0.012657 |	bpp_loss: 0.555034 |	mse_loss: 0.000418 |	loss: 1.235342 |	psnr_loss: 33.837727 |
[2024-01-17 09:00:41,229 | INFO | train_one_epoch] Train epoch 0: [100/100 (100.00%)] 	bpp_y_loss: 0.551354 |	bpp_z_loss: 0.012510 |	bpp_loss: 0.563865 |	mse_loss: 0.000405 |	loss: 1.222650 |	psnr_loss: 33.973431 |
[2024-01-17 09:00:42,210 | INFO | test_one_epoch] Testing results for epoch 1 | bpp_y_loss=0.60408 | bpp_z_loss=0.01338 | bpp_loss=0.61746 | mse_loss=0.00049 | loss=1.41460 | psnr_loss=33.60639
[2024-01-17 09:00:42,212 | INFO | train_one_epoch] Learning rate: 1e-05
[2024-01-17 09:00:43,154 | INFO | train_one_epoch] Train epoch 1: [0/100 (0.00%)] 	bpp_y_loss: 0.586208 |	bpp_z_loss: 0.012927 |	bpp_loss: 0.599135 |	mse_loss: 0.000393 |	loss: 1.237969 |	psnr_loss: 34.056324 |
[2024-01-17 09:00:46,707 | INFO | train_one_epoch] Train epoch 1: [10/100 (10.00%)] 	bpp_y_loss: 0.537531 |	bpp_z_loss: 0.012394 |	bpp_loss: 0.549926 |	mse_loss: 0.000416 |	loss: 1.225513 |	psnr_loss: 33.900967 |
[2024-01-17 09:00:50,290 | INFO | train_one_epoch] Train epoch 1: [20/100 (20.00%)] 	bpp_y_loss: 0.540168 |	bpp_z_loss: 0.012271 |	bpp_loss: 0.552438 |	mse_loss: 0.000413 |	loss: 1.223890 |	psnr_loss: 33.929523 |
[2024-01-17 09:00:53,847 | INFO | train_one_epoch] Train epoch 1: [30/100 (30.00%)] 	bpp_y_loss: 0.557439 |	bpp_z_loss: 0.012665 |	bpp_loss: 0.570104 |	mse_loss: 0.000424 |	loss: 1.258687 |	psnr_loss: 33.759735 |
[2024-01-17 09:00:57,424 | INFO | train_one_epoch] Train epoch 1: [40/100 (40.00%)] 	bpp_y_loss: 0.524147 |	bpp_z_loss: 0.012307 |	bpp_loss: 0.536454 |	mse_loss: 0.000407 |	loss: 1.197687 |	psnr_loss: 34.005009 |
[2024-01-17 09:01:01,035 | INFO | train_one_epoch] Train epoch 1: [50/100 (50.00%)] 	bpp_y_loss: 0.550624 |	bpp_z_loss: 0.012374 |	bpp_loss: 0.562998 |	mse_loss: 0.000415 |	loss: 1.236903 |	psnr_loss: 33.854691 |
[2024-01-17 09:01:04,565 | INFO | train_one_epoch] Train epoch 1: [60/100 (60.00%)] 	bpp_y_loss: 0.550384 |	bpp_z_loss: 0.012383 |	bpp_loss: 0.562767 |	mse_loss: 0.000420 |	loss: 1.245048 |	psnr_loss: 33.816082 |
[2024-01-17 09:01:08,316 | INFO | train_one_epoch] Train epoch 1: [70/100 (70.00%)] 	bpp_y_loss: 0.546168 |	bpp_z_loss: 0.012410 |	bpp_loss: 0.558577 |	mse_loss: 0.000419 |	loss: 1.240487 |	psnr_loss: 33.918919 |
[2024-01-17 09:01:11,914 | INFO | train_one_epoch] Train epoch 1: [80/100 (80.00%)] 	bpp_y_loss: 0.566077 |	bpp_z_loss: 0.012545 |	bpp_loss: 0.578622 |	mse_loss: 0.000429 |	loss: 1.276703 |	psnr_loss: 33.774456 |
[2024-01-17 09:01:15,523 | INFO | train_one_epoch] Train epoch 1: [90/100 (90.00%)] 	bpp_y_loss: 0.523664 |	bpp_z_loss: 0.012415 |	bpp_loss: 0.536078 |	mse_loss: 0.000383 |	loss: 1.158249 |	psnr_loss: 34.254856 |
[2024-01-17 09:01:19,029 | INFO | train_one_epoch] Train epoch 1: [100/100 (100.00%)] 	bpp_y_loss: 0.546634 |	bpp_z_loss: 0.012507 |	bpp_loss: 0.559141 |	mse_loss: 0.000419 |	loss: 1.240403 |	psnr_loss: 33.865017 |
[2024-01-17 09:01:19,961 | INFO | test_one_epoch] Testing results for epoch 2 | bpp_y_loss=0.60244 | bpp_z_loss=0.01330 | bpp_loss=0.61575 | mse_loss=0.00049 | loss=1.41451 | psnr_loss=33.59605
[2024-01-17 09:01:19,963 | INFO | train_one_epoch] Learning rate: 1e-05
[2024-01-17 09:01:20,862 | INFO | train_one_epoch] Train epoch 2: [0/100 (0.00%)] 	bpp_y_loss: 0.463874 |	bpp_z_loss: 0.011896 |	bpp_loss: 0.475770 |	mse_loss: 0.000345 |	loss: 1.036838 |	psnr_loss: 34.620049 |
[2024-01-17 09:01:24,411 | INFO | train_one_epoch] Train epoch 2: [10/100 (10.00%)] 	bpp_y_loss: 0.536438 |	bpp_z_loss: 0.012301 |	bpp_loss: 0.548738 |	mse_loss: 0.000407 |	loss: 1.210427 |	psnr_loss: 33.979828 |
[2024-01-17 09:01:27,932 | INFO | train_one_epoch] Train epoch 2: [20/100 (20.00%)] 	bpp_y_loss: 0.513460 |	bpp_z_loss: 0.012269 |	bpp_loss: 0.525729 |	mse_loss: 0.000375 |	loss: 1.135057 |	psnr_loss: 34.386024 |
[2024-01-17 09:01:31,427 | INFO | train_one_epoch] Train epoch 2: [30/100 (30.00%)] 	bpp_y_loss: 0.545136 |	bpp_z_loss: 0.012318 |	bpp_loss: 0.557454 |	mse_loss: 0.000388 |	loss: 1.188308 |	psnr_loss: 34.162827 |
[2024-01-17 09:01:34,940 | INFO | train_one_epoch] Train epoch 2: [40/100 (40.00%)] 	bpp_y_loss: 0.533058 |	bpp_z_loss: 0.012126 |	bpp_loss: 0.545184 |	mse_loss: 0.000393 |	loss: 1.183737 |	psnr_loss: 34.129307 |
[2024-01-17 09:01:38,453 | INFO | train_one_epoch] Train epoch 2: [50/100 (50.00%)] 	bpp_y_loss: 0.552575 |	bpp_z_loss: 0.012327 |	bpp_loss: 0.564902 |	mse_loss: 0.000432 |	loss: 1.267838 |	psnr_loss: 33.693851 |
[2024-01-17 09:01:42,042 | INFO | train_one_epoch] Train epoch 2: [60/100 (60.00%)] 	bpp_y_loss: 0.561637 |	bpp_z_loss: 0.012307 |	bpp_loss: 0.573944 |	mse_loss: 0.000434 |	loss: 1.279167 |	psnr_loss: 33.665047 |
[2024-01-17 09:01:45,612 | INFO | train_one_epoch] Train epoch 2: [70/100 (70.00%)] 	bpp_y_loss: 0.538686 |	bpp_z_loss: 0.012370 |	bpp_loss: 0.551056 |	mse_loss: 0.000412 |	loss: 1.220598 |	psnr_loss: 33.892948 |
[2024-01-17 09:01:49,180 | INFO | train_one_epoch] Train epoch 2: [80/100 (80.00%)] 	bpp_y_loss: 0.510602 |	bpp_z_loss: 0.012316 |	bpp_loss: 0.522918 |	mse_loss: 0.000389 |	loss: 1.156086 |	psnr_loss: 34.139736 |
[2024-01-17 09:01:52,737 | INFO | train_one_epoch] Train epoch 2: [90/100 (90.00%)] 	bpp_y_loss: 0.557239 |	bpp_z_loss: 0.012414 |	bpp_loss: 0.569653 |	mse_loss: 0.000400 |	loss: 1.219995 |	psnr_loss: 34.021973 |
[2024-01-17 09:01:56,268 | INFO | train_one_epoch] Train epoch 2: [100/100 (100.00%)] 	bpp_y_loss: 0.556102 |	bpp_z_loss: 0.012493 |	bpp_loss: 0.568595 |	mse_loss: 0.000439 |	loss: 1.281892 |	psnr_loss: 33.648724 |
[2024-01-17 09:01:57,224 | INFO | test_one_epoch] Testing results for epoch 3 | bpp_y_loss=0.60134 | bpp_z_loss=0.01332 | bpp_loss=0.61466 | mse_loss=0.00049 | loss=1.41340 | psnr_loss=33.59564
[2024-01-17 09:01:57,226 | INFO | train_one_epoch] Learning rate: 1e-05
[2024-01-17 09:01:58,143 | INFO | train_one_epoch] Train epoch 3: [0/100 (0.00%)] 	bpp_y_loss: 0.739206 |	bpp_z_loss: 0.013638 |	bpp_loss: 0.752844 |	mse_loss: 0.000635 |	loss: 1.784429 |	psnr_loss: 31.975155 |
[2024-01-17 09:02:01,701 | INFO | train_one_epoch] Train epoch 3: [10/100 (10.00%)] 	bpp_y_loss: 0.553558 |	bpp_z_loss: 0.012356 |	bpp_loss: 0.565914 |	mse_loss: 0.000411 |	loss: 1.233647 |	psnr_loss: 33.906967 |
[2024-01-17 09:02:05,292 | INFO | train_one_epoch] Train epoch 3: [20/100 (20.00%)] 	bpp_y_loss: 0.579563 |	bpp_z_loss: 0.012446 |	bpp_loss: 0.592009 |	mse_loss: 0.000432 |	loss: 1.294460 |	psnr_loss: 33.723915 |
[2024-01-17 09:02:08,874 | INFO | train_one_epoch] Train epoch 3: [30/100 (30.00%)] 	bpp_y_loss: 0.541950 |	bpp_z_loss: 0.012519 |	bpp_loss: 0.554469 |	mse_loss: 0.000411 |	loss: 1.222541 |	psnr_loss: 33.884281 |
[2024-01-17 09:02:12,365 | INFO | train_one_epoch] Train epoch 3: [40/100 (40.00%)] 	bpp_y_loss: 0.550000 |	bpp_z_loss: 0.012457 |	bpp_loss: 0.562457 |	mse_loss: 0.000423 |	loss: 1.250897 |	psnr_loss: 33.812603 |
[2024-01-17 09:02:15,942 | INFO | train_one_epoch] Train epoch 3: [50/100 (50.00%)] 	bpp_y_loss: 0.550415 |	bpp_z_loss: 0.012550 |	bpp_loss: 0.562965 |	mse_loss: 0.000406 |	loss: 1.222721 |	psnr_loss: 33.962605 |
[2024-01-17 09:02:19,504 | INFO | train_one_epoch] Train epoch 3: [60/100 (60.00%)] 	bpp_y_loss: 0.538586 |	bpp_z_loss: 0.012365 |	bpp_loss: 0.550951 |	mse_loss: 0.000415 |	loss: 1.225102 |	psnr_loss: 33.853256 |
[2024-01-17 09:02:23,106 | INFO | train_one_epoch] Train epoch 3: [70/100 (70.00%)] 	bpp_y_loss: 0.505893 |	bpp_z_loss: 0.012215 |	bpp_loss: 0.518108 |	mse_loss: 0.000369 |	loss: 1.117684 |	psnr_loss: 34.396057 |
[2024-01-17 09:02:26,664 | INFO | train_one_epoch] Train epoch 3: [80/100 (80.00%)] 	bpp_y_loss: 0.553853 |	bpp_z_loss: 0.012414 |	bpp_loss: 0.566267 |	mse_loss: 0.000428 |	loss: 1.261523 |	psnr_loss: 33.756958 |
[2024-01-17 09:02:30,211 | INFO | train_one_epoch] Train epoch 3: [90/100 (90.00%)] 	bpp_y_loss: 0.550491 |	bpp_z_loss: 0.012433 |	bpp_loss: 0.562923 |	mse_loss: 0.000422 |	loss: 1.248210 |	psnr_loss: 33.859909 |
[2024-01-17 09:02:33,771 | INFO | train_one_epoch] Train epoch 3: [100/100 (100.00%)] 	bpp_y_loss: 0.509559 |	bpp_z_loss: 0.012320 |	bpp_loss: 0.521879 |	mse_loss: 0.000368 |	loss: 1.120142 |	psnr_loss: 34.384369 |
[2024-01-17 09:02:34,565 | INFO | test_one_epoch] Testing results for epoch 4 | bpp_y_loss=0.60041 | bpp_z_loss=0.01330 | bpp_loss=0.61371 | mse_loss=0.00049 | loss=1.41218 | psnr_loss=33.59842
[2024-01-17 09:02:34,567 | INFO | train_one_epoch] Learning rate: 1e-05
[2024-01-17 09:02:35,487 | INFO | train_one_epoch] Train epoch 4: [0/100 (0.00%)] 	bpp_y_loss: 0.498956 |	bpp_z_loss: 0.012001 |	bpp_loss: 0.510958 |	mse_loss: 0.000371 |	loss: 1.114138 |	psnr_loss: 34.305733 |
[2024-01-17 09:02:39,023 | INFO | train_one_epoch] Train epoch 4: [10/100 (10.00%)] 	bpp_y_loss: 0.546847 |	bpp_z_loss: 0.012567 |	bpp_loss: 0.559414 |	mse_loss: 0.000430 |	loss: 1.258285 |	psnr_loss: 33.715092 |
[2024-01-17 09:02:42,629 | INFO | train_one_epoch] Train epoch 4: [20/100 (20.00%)] 	bpp_y_loss: 0.558165 |	bpp_z_loss: 0.012407 |	bpp_loss: 0.570573 |	mse_loss: 0.000423 |	loss: 1.258057 |	psnr_loss: 33.750530 |
[2024-01-17 09:02:46,199 | INFO | train_one_epoch] Train epoch 4: [30/100 (30.00%)] 	bpp_y_loss: 0.545816 |	bpp_z_loss: 0.012370 |	bpp_loss: 0.558186 |	mse_loss: 0.000406 |	loss: 1.218022 |	psnr_loss: 33.952038 |
[2024-01-17 09:02:49,744 | INFO | train_one_epoch] Train epoch 4: [40/100 (40.00%)] 	bpp_y_loss: 0.536364 |	bpp_z_loss: 0.012267 |	bpp_loss: 0.548631 |	mse_loss: 0.000401 |	loss: 1.199911 |	psnr_loss: 34.038105 |
[2024-01-17 09:02:53,258 | INFO | train_one_epoch] Train epoch 4: [50/100 (50.00%)] 	bpp_y_loss: 0.552035 |	bpp_z_loss: 0.012404 |	bpp_loss: 0.564439 |	mse_loss: 0.000418 |	loss: 1.243807 |	psnr_loss: 33.857265 |
[2024-01-17 09:02:56,883 | INFO | train_one_epoch] Train epoch 4: [60/100 (60.00%)] 	bpp_y_loss: 0.548099 |	bpp_z_loss: 0.012370 |	bpp_loss: 0.560469 |	mse_loss: 0.000429 |	loss: 1.257474 |	psnr_loss: 33.746330 |
[2024-01-17 09:03:00,440 | INFO | train_one_epoch] Train epoch 4: [70/100 (70.00%)] 	bpp_y_loss: 0.561798 |	bpp_z_loss: 0.012532 |	bpp_loss: 0.574330 |	mse_loss: 0.000429 |	loss: 1.271788 |	psnr_loss: 33.736790 |
[2024-01-17 09:03:04,007 | INFO | train_one_epoch] Train epoch 4: [80/100 (80.00%)] 	bpp_y_loss: 0.548274 |	bpp_z_loss: 0.012220 |	bpp_loss: 0.560494 |	mse_loss: 0.000409 |	loss: 1.225391 |	psnr_loss: 33.943729 |
[2024-01-17 09:03:07,543 | INFO | train_one_epoch] Train epoch 4: [90/100 (90.00%)] 	bpp_y_loss: 0.598517 |	bpp_z_loss: 0.012653 |	bpp_loss: 0.611170 |	mse_loss: 0.000446 |	loss: 1.335428 |	psnr_loss: 33.579098 |
[2024-01-17 09:03:11,120 | INFO | train_one_epoch] Train epoch 4: [100/100 (100.00%)] 	bpp_y_loss: 0.499706 |	bpp_z_loss: 0.012130 |	bpp_loss: 0.511837 |	mse_loss: 0.000365 |	loss: 1.105582 |	psnr_loss: 34.437111 |
[2024-01-17 09:03:12,013 | INFO | test_one_epoch] Testing results for epoch 5 | bpp_y_loss=0.60042 | bpp_z_loss=0.01332 | bpp_loss=0.61374 | mse_loss=0.00049 | loss=1.41214 | psnr_loss=33.59775
[2024-01-17 09:03:12,014 | INFO | train_one_epoch] Learning rate: 1e-05
[2024-01-17 09:03:12,900 | INFO | train_one_epoch] Train epoch 5: [0/100 (0.00%)] 	bpp_y_loss: 0.455156 |	bpp_z_loss: 0.011936 |	bpp_loss: 0.467092 |	mse_loss: 0.000337 |	loss: 1.014873 |	psnr_loss: 34.724136 |
[2024-01-17 09:03:16,442 | INFO | train_one_epoch] Train epoch 5: [10/100 (10.00%)] 	bpp_y_loss: 0.535824 |	bpp_z_loss: 0.012339 |	bpp_loss: 0.548163 |	mse_loss: 0.000411 |	loss: 1.216179 |	psnr_loss: 33.939861 |
[2024-01-17 09:03:20,038 | INFO | train_one_epoch] Train epoch 5: [20/100 (20.00%)] 	bpp_y_loss: 0.530572 |	bpp_z_loss: 0.012410 |	bpp_loss: 0.542982 |	mse_loss: 0.000412 |	loss: 1.212815 |	psnr_loss: 33.966885 |
[2024-01-17 09:03:23,567 | INFO | train_one_epoch] Train epoch 5: [30/100 (30.00%)] 	bpp_y_loss: 0.551770 |	bpp_z_loss: 0.012509 |	bpp_loss: 0.564279 |	mse_loss: 0.000434 |	loss: 1.269848 |	psnr_loss: 33.668705 |
[2024-01-17 09:03:27,122 | INFO | train_one_epoch] Train epoch 5: [40/100 (40.00%)] 	bpp_y_loss: 0.528088 |	bpp_z_loss: 0.012197 |	bpp_loss: 0.540284 |	mse_loss: 0.000387 |	loss: 1.169006 |	psnr_loss: 34.243649 |
[2024-01-17 09:03:30,681 | INFO | train_one_epoch] Train epoch 5: [50/100 (50.00%)] 	bpp_y_loss: 0.541436 |	bpp_z_loss: 0.012457 |	bpp_loss: 0.553893 |	mse_loss: 0.000412 |	loss: 1.223783 |	psnr_loss: 33.927753 |
[2024-01-17 09:03:34,286 | INFO | train_one_epoch] Train epoch 5: [60/100 (60.00%)] 	bpp_y_loss: 0.576164 |	bpp_z_loss: 0.012629 |	bpp_loss: 0.588793 |	mse_loss: 0.000430 |	loss: 1.288612 |	psnr_loss: 33.699791 |
[2024-01-17 09:03:37,807 | INFO | train_one_epoch] Train epoch 5: [70/100 (70.00%)] 	bpp_y_loss: 0.553923 |	bpp_z_loss: 0.012461 |	bpp_loss: 0.566384 |	mse_loss: 0.000423 |	loss: 1.253544 |	psnr_loss: 33.795200 |
[2024-01-17 09:03:41,742 | INFO | train_one_epoch] Train epoch 5: [80/100 (80.00%)] 	bpp_y_loss: 0.565621 |	bpp_z_loss: 0.012434 |	bpp_loss: 0.578054 |	mse_loss: 0.000433 |	loss: 1.281558 |	psnr_loss: 33.735210 |
[2024-01-17 09:03:45,287 | INFO | train_one_epoch] Train epoch 5: [90/100 (90.00%)] 	bpp_y_loss: 0.560244 |	bpp_z_loss: 0.012441 |	bpp_loss: 0.572684 |	mse_loss: 0.000419 |	loss: 1.253569 |	psnr_loss: 33.816971 |
[2024-01-17 09:03:48,818 | INFO | train_one_epoch] Train epoch 5: [100/100 (100.00%)] 	bpp_y_loss: 0.528639 |	bpp_z_loss: 0.012107 |	bpp_loss: 0.540746 |	mse_loss: 0.000377 |	loss: 1.153808 |	psnr_loss: 34.272476 |
[2024-01-17 09:03:49,763 | INFO | test_one_epoch] Testing results for epoch 6 | bpp_y_loss=0.59963 | bpp_z_loss=0.01334 | bpp_loss=0.61297 | mse_loss=0.00049 | loss=1.41139 | psnr_loss=33.59882
[2024-01-17 09:03:49,764 | INFO | train_one_epoch] Learning rate: 1e-05
[2024-01-17 09:03:50,683 | INFO | train_one_epoch] Train epoch 6: [0/100 (0.00%)] 	bpp_y_loss: 0.470124 |	bpp_z_loss: 0.012411 |	bpp_loss: 0.482535 |	mse_loss: 0.000337 |	loss: 1.030613 |	psnr_loss: 34.721775 |
[2024-01-17 09:03:54,213 | INFO | train_one_epoch] Train epoch 6: [10/100 (10.00%)] 	bpp_y_loss: 0.553118 |	bpp_z_loss: 0.012582 |	bpp_loss: 0.565700 |	mse_loss: 0.000420 |	loss: 1.247755 |	psnr_loss: 33.811115 |
[2024-01-17 09:03:57,806 | INFO | train_one_epoch] Train epoch 6: [20/100 (20.00%)] 	bpp_y_loss: 0.560005 |	bpp_z_loss: 0.012463 |	bpp_loss: 0.572468 |	mse_loss: 0.000426 |	loss: 1.264525 |	psnr_loss: 33.769638 |
[2024-01-17 09:04:01,358 | INFO | train_one_epoch] Train epoch 6: [30/100 (30.00%)] 	bpp_y_loss: 0.526917 |	bpp_z_loss: 0.012315 |	bpp_loss: 0.539232 |	mse_loss: 0.000395 |	loss: 1.181881 |	psnr_loss: 34.064518 |
[2024-01-17 09:04:05,007 | INFO | train_one_epoch] Train epoch 6: [40/100 (40.00%)] 	bpp_y_loss: 0.544847 |	bpp_z_loss: 0.012438 |	bpp_loss: 0.557286 |	mse_loss: 0.000400 |	loss: 1.207783 |	psnr_loss: 34.065979 |
[2024-01-17 09:04:08,581 | INFO | train_one_epoch] Train epoch 6: [50/100 (50.00%)] 	bpp_y_loss: 0.536788 |	bpp_z_loss: 0.012320 |	bpp_loss: 0.549108 |	mse_loss: 0.000402 |	loss: 1.202834 |	psnr_loss: 34.002392 |
[2024-01-17 09:04:12,142 | INFO | train_one_epoch] Train epoch 6: [60/100 (60.00%)] 	bpp_y_loss: 0.535049 |	bpp_z_loss: 0.012385 |	bpp_loss: 0.547435 |	mse_loss: 0.000398 |	loss: 1.195019 |	psnr_loss: 34.048168 |
[2024-01-17 09:04:15,686 | INFO | train_one_epoch] Train epoch 6: [70/100 (70.00%)] 	bpp_y_loss: 0.515707 |	bpp_z_loss: 0.012313 |	bpp_loss: 0.528021 |	mse_loss: 0.000386 |	loss: 1.156217 |	psnr_loss: 34.207451 |
[2024-01-17 09:04:19,292 | INFO | train_one_epoch] Train epoch 6: [80/100 (80.00%)] 	bpp_y_loss: 0.520055 |	bpp_z_loss: 0.012245 |	bpp_loss: 0.532300 |	mse_loss: 0.000377 |	loss: 1.144807 |	psnr_loss: 34.280346 |
[2024-01-17 09:04:22,876 | INFO | train_one_epoch] Train epoch 6: [90/100 (90.00%)] 	bpp_y_loss: 0.529101 |	bpp_z_loss: 0.012406 |	bpp_loss: 0.541507 |	mse_loss: 0.000392 |	loss: 1.179492 |	psnr_loss: 34.100040 |
[2024-01-17 09:04:26,370 | INFO | train_one_epoch] Train epoch 6: [100/100 (100.00%)] 	bpp_y_loss: 0.508547 |	bpp_z_loss: 0.012164 |	bpp_loss: 0.520711 |	mse_loss: 0.000369 |	loss: 1.120239 |	psnr_loss: 34.369263 |
[2024-01-17 09:04:27,292 | INFO | test_one_epoch] Testing results for epoch 7 | bpp_y_loss=0.59888 | bpp_z_loss=0.01327 | bpp_loss=0.61215 | mse_loss=0.00049 | loss=1.41255 | psnr_loss=33.58451
[2024-01-17 09:04:27,294 | INFO | train_one_epoch] Learning rate: 1e-05
[2024-01-17 09:04:28,173 | INFO | train_one_epoch] Train epoch 7: [0/100 (0.00%)] 	bpp_y_loss: 0.643974 |	bpp_z_loss: 0.013499 |	bpp_loss: 0.657473 |	mse_loss: 0.000518 |	loss: 1.499134 |	psnr_loss: 32.858829 |
[2024-01-17 09:04:31,706 | INFO | train_one_epoch] Train epoch 7: [10/100 (10.00%)] 	bpp_y_loss: 0.589017 |	bpp_z_loss: 0.012579 |	bpp_loss: 0.601596 |	mse_loss: 0.000474 |	loss: 1.372771 |	psnr_loss: 33.303352 |
[2024-01-17 09:04:35,236 | INFO | train_one_epoch] Train epoch 7: [20/100 (20.00%)] 	bpp_y_loss: 0.527183 |	bpp_z_loss: 0.012279 |	bpp_loss: 0.539462 |	mse_loss: 0.000400 |	loss: 1.189439 |	psnr_loss: 34.049938 |
[2024-01-17 09:04:38,771 | INFO | train_one_epoch] Train epoch 7: [30/100 (30.00%)] 	bpp_y_loss: 0.510627 |	bpp_z_loss: 0.012250 |	bpp_loss: 0.522877 |	mse_loss: 0.000374 |	loss: 1.130228 |	psnr_loss: 34.332813 |
[2024-01-17 09:04:42,295 | INFO | train_one_epoch] Train epoch 7: [40/100 (40.00%)] 	bpp_y_loss: 0.554783 |	bpp_z_loss: 0.012441 |	bpp_loss: 0.567224 |	mse_loss: 0.000425 |	loss: 1.258412 |	psnr_loss: 33.772964 |
[2024-01-17 09:04:45,834 | INFO | train_one_epoch] Train epoch 7: [50/100 (50.00%)] 	bpp_y_loss: 0.533858 |	bpp_z_loss: 0.012313 |	bpp_loss: 0.546171 |	mse_loss: 0.000415 |	loss: 1.220742 |	psnr_loss: 33.871376 |
[2024-01-17 09:04:49,392 | INFO | train_one_epoch] Train epoch 7: [60/100 (60.00%)] 	bpp_y_loss: 0.557856 |	bpp_z_loss: 0.012436 |	bpp_loss: 0.570292 |	mse_loss: 0.000419 |	loss: 1.251288 |	psnr_loss: 33.869171 |
[2024-01-17 09:04:52,928 | INFO | train_one_epoch] Train epoch 7: [70/100 (70.00%)] 	bpp_y_loss: 0.538545 |	bpp_z_loss: 0.012319 |	bpp_loss: 0.550863 |	mse_loss: 0.000412 |	loss: 1.221396 |	psnr_loss: 33.884197 |
[2024-01-17 09:04:56,535 | INFO | train_one_epoch] Train epoch 7: [80/100 (80.00%)] 	bpp_y_loss: 0.569030 |	bpp_z_loss: 0.012515 |	bpp_loss: 0.581545 |	mse_loss: 0.000443 |	loss: 1.301454 |	psnr_loss: 33.640865 |
[2024-01-17 09:05:00,026 | INFO | train_one_epoch] Train epoch 7: [90/100 (90.00%)] 	bpp_y_loss: 0.608229 |	bpp_z_loss: 0.012515 |	bpp_loss: 0.620744 |	mse_loss: 0.000467 |	loss: 1.379530 |	psnr_loss: 33.361683 |
[2024-01-17 09:05:03,575 | INFO | train_one_epoch] Train epoch 7: [100/100 (100.00%)] 	bpp_y_loss: 0.545710 |	bpp_z_loss: 0.012344 |	bpp_loss: 0.558054 |	mse_loss: 0.000415 |	loss: 1.233435 |	psnr_loss: 33.914288 |
[2024-01-17 09:05:04,529 | INFO | test_one_epoch] Testing results for epoch 8 | bpp_y_loss=0.59990 | bpp_z_loss=0.01333 | bpp_loss=0.61323 | mse_loss=0.00049 | loss=1.41256 | psnr_loss=33.59263
[2024-01-17 09:05:04,530 | INFO | train_one_epoch] Learning rate: 1e-05
[2024-01-17 09:05:05,450 | INFO | train_one_epoch] Train epoch 8: [0/100 (0.00%)] 	bpp_y_loss: 0.608485 |	bpp_z_loss: 0.013022 |	bpp_loss: 0.621507 |	mse_loss: 0.000466 |	loss: 1.379420 |	psnr_loss: 33.314011 |
[2024-01-17 09:05:09,021 | INFO | train_one_epoch] Train epoch 8: [10/100 (10.00%)] 	bpp_y_loss: 0.568071 |	bpp_z_loss: 0.012582 |	bpp_loss: 0.580653 |	mse_loss: 0.000446 |	loss: 1.305056 |	psnr_loss: 33.606045 |
[2024-01-17 09:05:12,579 | INFO | train_one_epoch] Train epoch 8: [20/100 (20.00%)] 	bpp_y_loss: 0.561605 |	bpp_z_loss: 0.012392 |	bpp_loss: 0.573996 |	mse_loss: 0.000446 |	loss: 1.298875 |	psnr_loss: 33.526989 |
[2024-01-17 09:05:16,162 | INFO | train_one_epoch] Train epoch 8: [30/100 (30.00%)] 	bpp_y_loss: 0.554746 |	bpp_z_loss: 0.012504 |	bpp_loss: 0.567249 |	mse_loss: 0.000414 |	loss: 1.240922 |	psnr_loss: 33.884716 |
[2024-01-17 09:05:19,787 | INFO | train_one_epoch] Train epoch 8: [40/100 (40.00%)] 	bpp_y_loss: 0.539526 |	bpp_z_loss: 0.012340 |	bpp_loss: 0.551866 |	mse_loss: 0.000401 |	loss: 1.203124 |	psnr_loss: 34.032585 |
[2024-01-17 09:05:23,365 | INFO | train_one_epoch] Train epoch 8: [50/100 (50.00%)] 	bpp_y_loss: 0.543586 |	bpp_z_loss: 0.012346 |	bpp_loss: 0.555932 |	mse_loss: 0.000411 |	loss: 1.223865 |	psnr_loss: 34.014343 |
[2024-01-17 09:05:26,891 | INFO | train_one_epoch] Train epoch 8: [60/100 (60.00%)] 	bpp_y_loss: 0.515963 |	bpp_z_loss: 0.012267 |	bpp_loss: 0.528230 |	mse_loss: 0.000376 |	loss: 1.138833 |	psnr_loss: 34.299831 |
[2024-01-17 09:05:30,442 | INFO | train_one_epoch] Train epoch 8: [70/100 (70.00%)] 	bpp_y_loss: 0.560096 |	bpp_z_loss: 0.012454 |	bpp_loss: 0.572550 |	mse_loss: 0.000413 |	loss: 1.244490 |	psnr_loss: 33.910492 |
[2024-01-17 09:05:34,081 | INFO | train_one_epoch] Train epoch 8: [80/100 (80.00%)] 	bpp_y_loss: 0.553425 |	bpp_z_loss: 0.012480 |	bpp_loss: 0.565905 |	mse_loss: 0.000427 |	loss: 1.260166 |	psnr_loss: 33.776134 |
[2024-01-17 09:05:37,665 | INFO | train_one_epoch] Train epoch 8: [90/100 (90.00%)] 	bpp_y_loss: 0.585520 |	bpp_z_loss: 0.012392 |	bpp_loss: 0.597912 |	mse_loss: 0.000432 |	loss: 1.300129 |	psnr_loss: 33.706615 |
[2024-01-17 09:05:41,229 | INFO | train_one_epoch] Train epoch 8: [100/100 (100.00%)] 	bpp_y_loss: 0.530187 |	bpp_z_loss: 0.012249 |	bpp_loss: 0.542436 |	mse_loss: 0.000389 |	loss: 1.174691 |	psnr_loss: 34.122738 |
[2024-01-17 09:05:42,224 | INFO | test_one_epoch] Testing results for epoch 9 | bpp_y_loss=0.59994 | bpp_z_loss=0.01327 | bpp_loss=0.61320 | mse_loss=0.00049 | loss=1.41125 | psnr_loss=33.60095
[2024-01-17 09:05:42,226 | INFO | train_one_epoch] Learning rate: 1e-05
[2024-01-17 09:05:43,171 | INFO | train_one_epoch] Train epoch 9: [0/100 (0.00%)] 	bpp_y_loss: 0.462800 |	bpp_z_loss: 0.011555 |	bpp_loss: 0.474355 |	mse_loss: 0.000329 |	loss: 1.009719 |	psnr_loss: 34.823711 |
[2024-01-17 09:05:46,738 | INFO | train_one_epoch] Train epoch 9: [10/100 (10.00%)] 	bpp_y_loss: 0.532462 |	bpp_z_loss: 0.012385 |	bpp_loss: 0.544847 |	mse_loss: 0.000380 |	loss: 1.162678 |	psnr_loss: 34.240356 |
[2024-01-17 09:05:50,338 | INFO | train_one_epoch] Train epoch 9: [20/100 (20.00%)] 	bpp_y_loss: 0.551594 |	bpp_z_loss: 0.012455 |	bpp_loss: 0.564049 |	mse_loss: 0.000424 |	loss: 1.252894 |	psnr_loss: 33.768246 |
[2024-01-17 09:05:53,922 | INFO | train_one_epoch] Train epoch 9: [30/100 (30.00%)] 	bpp_y_loss: 0.548633 |	bpp_z_loss: 0.012422 |	bpp_loss: 0.561055 |	mse_loss: 0.000420 |	loss: 1.243563 |	psnr_loss: 33.818562 |
[2024-01-17 09:05:57,470 | INFO | train_one_epoch] Train epoch 9: [40/100 (40.00%)] 	bpp_y_loss: 0.551376 |	bpp_z_loss: 0.012344 |	bpp_loss: 0.563721 |	mse_loss: 0.000419 |	loss: 1.244678 |	psnr_loss: 33.811901 |
[2024-01-17 09:06:01,052 | INFO | train_one_epoch] Train epoch 9: [50/100 (50.00%)] 	bpp_y_loss: 0.531425 |	bpp_z_loss: 0.012299 |	bpp_loss: 0.543724 |	mse_loss: 0.000406 |	loss: 1.204321 |	psnr_loss: 34.005360 |
[2024-01-17 09:06:04,678 | INFO | train_one_epoch] Train epoch 9: [60/100 (60.00%)] 	bpp_y_loss: 0.528636 |	bpp_z_loss: 0.012263 |	bpp_loss: 0.540899 |	mse_loss: 0.000401 |	loss: 1.192342 |	psnr_loss: 34.026505 |
[2024-01-17 09:06:08,237 | INFO | train_one_epoch] Train epoch 9: [70/100 (70.00%)] 	bpp_y_loss: 0.527758 |	bpp_z_loss: 0.012404 |	bpp_loss: 0.540161 |	mse_loss: 0.000405 |	loss: 1.199044 |	psnr_loss: 33.997047 |
[2024-01-17 09:06:11,798 | INFO | train_one_epoch] Train epoch 9: [80/100 (80.00%)] 	bpp_y_loss: 0.526798 |	bpp_z_loss: 0.012135 |	bpp_loss: 0.538933 |	mse_loss: 0.000386 |	loss: 1.166530 |	psnr_loss: 34.172279 |
[2024-01-17 09:06:15,368 | INFO | train_one_epoch] Train epoch 9: [90/100 (90.00%)] 	bpp_y_loss: 0.504492 |	bpp_z_loss: 0.012231 |	bpp_loss: 0.516723 |	mse_loss: 0.000362 |	loss: 1.105627 |	psnr_loss: 34.477619 |
[2024-01-17 09:06:18,951 | INFO | train_one_epoch] Train epoch 9: [100/100 (100.00%)] 	bpp_y_loss: 0.547808 |	bpp_z_loss: 0.012342 |	bpp_loss: 0.560150 |	mse_loss: 0.000449 |	loss: 1.289479 |	psnr_loss: 33.577797 |
[2024-01-17 09:06:19,854 | INFO | test_one_epoch] Testing results for epoch 10 | bpp_y_loss=0.59828 | bpp_z_loss=0.01334 | bpp_loss=0.61162 | mse_loss=0.00049 | loss=1.41414 | psnr_loss=33.57473
