[2024-01-17 05:32:19,582 | INFO | <module>] Args: Namespace(model='bmshj2018_hyperprior', lmbda=0.0018, dataset='vimeo90k', epochs=100, steps_per_epoch=10000, type='mse', steps=1000, adv_steps=10, adv_optimizer='Adam', adv_lr=0.01, adv_epsilon=0.001, batch_size=8, learning_rate=1e-05, save=True, seed=19260817, clip_max_norm=1.0, checkpoint=None, continue_train=False)
[2024-01-17 05:32:19,583 | INFO | <module>] Lmbda=0.001800000000
[2024-01-17 05:32:19,583 | INFO | <module>] Load weights from /backup1/xyhang/GradAttack/experiments/adversarial-train/baseline/bmshj2018_hyperprior-vimeo90k-0.0018-100x10000/last_epoch.pth.tar
[2024-01-17 05:33:40,932 | INFO | <module>] Args: Namespace(model='bmshj2018_hyperprior', lmbda=0.0018, dataset='vimeo90k', epochs=100, steps_per_epoch=10000, type='mse', steps=1000, adv_steps=10, adv_optimizer='Adam', adv_lr=0.01, adv_epsilon=0.001, batch_size=8, learning_rate=1e-05, save=True, seed=19260817, clip_max_norm=1.0, checkpoint=None, continue_train=False)
[2024-01-17 05:33:40,932 | INFO | <module>] Lmbda=0.001800000000
[2024-01-17 05:33:40,932 | INFO | <module>] Load weights from /backup1/xyhang/GradAttack/experiments/adversarial-train/baseline/bmshj2018_hyperprior-vimeo90k-0.0018-100x10000/last_epoch.pth.tar
[2024-01-17 05:35:50,880 | INFO | <module>] Args: Namespace(model='bmshj2018_hyperprior', lmbda=0.0018, dataset='vimeo90k', epochs=100, steps_per_epoch=10000, type='mse', steps=1000, adv_steps=10, adv_optimizer='Adam', adv_lr=0.01, adv_epsilon=0.001, batch_size=8, learning_rate=1e-05, save=True, seed=19260817, clip_max_norm=1.0, checkpoint=None, continue_train=False)
[2024-01-17 05:35:50,880 | INFO | <module>] Lmbda=0.001800000000
[2024-01-17 05:35:50,880 | INFO | <module>] Load weights from /backup1/xyhang/GradAttack/experiments/adversarial-train/baseline/bmshj2018_hyperprior-vimeo90k-0.0018-100x10000/last_epoch.pth.tar
[2024-01-17 05:35:56,666 | INFO | train_one_epoch] Learning rate: 1e-05
[2024-01-17 05:36:02,157 | INFO | train_one_epoch] Train epoch 0: [0/1000 (0.00%)] 	bpp_y_loss: 0.252341 |	bpp_z_loss: 0.006210 |	bpp_loss: 0.258552 |	mse_loss: 0.001693 |	loss: 0.456698 |	psnr_loss: 27.713682 |
[2024-01-17 05:36:05,432 | INFO | train_one_epoch] Train epoch 0: [10/1000 (1.00%)] 	bpp_y_loss: 0.207149 |	bpp_z_loss: 0.005513 |	bpp_loss: 0.212661 |	mse_loss: 0.000925 |	loss: 0.320886 |	psnr_loss: 30.572556 |
[2024-01-17 05:36:08,664 | INFO | train_one_epoch] Train epoch 0: [20/1000 (2.00%)] 	bpp_y_loss: 0.195373 |	bpp_z_loss: 0.005421 |	bpp_loss: 0.200794 |	mse_loss: 0.000766 |	loss: 0.290398 |	psnr_loss: 31.345936 |
[2024-01-17 05:36:11,938 | INFO | train_one_epoch] Train epoch 0: [30/1000 (3.00%)] 	bpp_y_loss: 0.210104 |	bpp_z_loss: 0.005723 |	bpp_loss: 0.215828 |	mse_loss: 0.000968 |	loss: 0.329088 |	psnr_loss: 30.344196 |
[2024-01-17 05:36:15,190 | INFO | train_one_epoch] Train epoch 0: [40/1000 (4.00%)] 	bpp_y_loss: 0.198840 |	bpp_z_loss: 0.005503 |	bpp_loss: 0.204343 |	mse_loss: 0.000815 |	loss: 0.299688 |	psnr_loss: 31.029490 |
[2024-01-17 05:36:18,438 | INFO | train_one_epoch] Train epoch 0: [50/1000 (5.00%)] 	bpp_y_loss: 0.200560 |	bpp_z_loss: 0.005495 |	bpp_loss: 0.206055 |	mse_loss: 0.000897 |	loss: 0.311023 |	psnr_loss: 30.604004 |
[2024-01-17 05:36:21,727 | INFO | train_one_epoch] Train epoch 0: [60/1000 (6.00%)] 	bpp_y_loss: 0.201841 |	bpp_z_loss: 0.005498 |	bpp_loss: 0.207338 |	mse_loss: 0.000884 |	loss: 0.310801 |	psnr_loss: 30.647263 |
[2024-01-17 05:36:24,983 | INFO | train_one_epoch] Train epoch 0: [70/1000 (7.00%)] 	bpp_y_loss: 0.195015 |	bpp_z_loss: 0.005419 |	bpp_loss: 0.200434 |	mse_loss: 0.000718 |	loss: 0.284506 |	psnr_loss: 31.474735 |
[2024-01-17 05:36:28,242 | INFO | train_one_epoch] Train epoch 0: [80/1000 (8.00%)] 	bpp_y_loss: 0.204365 |	bpp_z_loss: 0.005533 |	bpp_loss: 0.209898 |	mse_loss: 0.000912 |	loss: 0.316592 |	psnr_loss: 30.524794 |
[2024-01-17 05:36:31,516 | INFO | train_one_epoch] Train epoch 0: [90/1000 (9.00%)] 	bpp_y_loss: 0.197784 |	bpp_z_loss: 0.005435 |	bpp_loss: 0.203219 |	mse_loss: 0.000795 |	loss: 0.296298 |	psnr_loss: 31.156895 |
[2024-01-17 05:36:34,756 | INFO | train_one_epoch] Train epoch 0: [100/1000 (10.00%)] 	bpp_y_loss: 0.195700 |	bpp_z_loss: 0.005385 |	bpp_loss: 0.201085 |	mse_loss: 0.000816 |	loss: 0.296551 |	psnr_loss: 31.000229 |
[2024-01-17 05:36:37,979 | INFO | train_one_epoch] Train epoch 0: [110/1000 (11.00%)] 	bpp_y_loss: 0.192481 |	bpp_z_loss: 0.005484 |	bpp_loss: 0.197965 |	mse_loss: 0.000701 |	loss: 0.280067 |	psnr_loss: 31.639236 |
[2024-01-17 05:36:41,216 | INFO | train_one_epoch] Train epoch 0: [120/1000 (12.00%)] 	bpp_y_loss: 0.205067 |	bpp_z_loss: 0.005622 |	bpp_loss: 0.210690 |	mse_loss: 0.000907 |	loss: 0.316835 |	psnr_loss: 30.508657 |
[2024-01-17 05:36:44,444 | INFO | train_one_epoch] Train epoch 0: [130/1000 (13.00%)] 	bpp_y_loss: 0.204495 |	bpp_z_loss: 0.005525 |	bpp_loss: 0.210020 |	mse_loss: 0.000889 |	loss: 0.314087 |	psnr_loss: 30.629164 |
[2024-01-17 05:36:47,702 | INFO | train_one_epoch] Train epoch 0: [140/1000 (14.00%)] 	bpp_y_loss: 0.207068 |	bpp_z_loss: 0.005641 |	bpp_loss: 0.212709 |	mse_loss: 0.000965 |	loss: 0.325671 |	psnr_loss: 30.314188 |
[2024-01-17 05:36:50,946 | INFO | train_one_epoch] Train epoch 0: [150/1000 (15.00%)] 	bpp_y_loss: 0.201449 |	bpp_z_loss: 0.005455 |	bpp_loss: 0.206904 |	mse_loss: 0.000906 |	loss: 0.312997 |	psnr_loss: 30.617523 |
[2024-01-17 05:36:54,195 | INFO | train_one_epoch] Train epoch 0: [160/1000 (16.00%)] 	bpp_y_loss: 0.208267 |	bpp_z_loss: 0.005666 |	bpp_loss: 0.213933 |	mse_loss: 0.000915 |	loss: 0.321018 |	psnr_loss: 30.508997 |
[2024-01-17 05:36:57,444 | INFO | train_one_epoch] Train epoch 0: [170/1000 (17.00%)] 	bpp_y_loss: 0.200354 |	bpp_z_loss: 0.005438 |	bpp_loss: 0.205791 |	mse_loss: 0.000877 |	loss: 0.308391 |	psnr_loss: 30.728281 |
[2024-01-17 05:37:00,664 | INFO | train_one_epoch] Train epoch 0: [180/1000 (18.00%)] 	bpp_y_loss: 0.202755 |	bpp_z_loss: 0.005642 |	bpp_loss: 0.208397 |	mse_loss: 0.000939 |	loss: 0.318287 |	psnr_loss: 30.475025 |
[2024-01-17 05:37:03,926 | INFO | train_one_epoch] Train epoch 0: [190/1000 (19.00%)] 	bpp_y_loss: 0.200762 |	bpp_z_loss: 0.005500 |	bpp_loss: 0.206262 |	mse_loss: 0.000899 |	loss: 0.311520 |	psnr_loss: 30.562971 |
[2024-01-17 05:37:07,184 | INFO | train_one_epoch] Train epoch 0: [200/1000 (20.00%)] 	bpp_y_loss: 0.199221 |	bpp_z_loss: 0.005665 |	bpp_loss: 0.204887 |	mse_loss: 0.000807 |	loss: 0.299291 |	psnr_loss: 30.969105 |
[2024-01-17 05:37:10,430 | INFO | train_one_epoch] Train epoch 0: [210/1000 (21.00%)] 	bpp_y_loss: 0.202952 |	bpp_z_loss: 0.005569 |	bpp_loss: 0.208520 |	mse_loss: 0.000899 |	loss: 0.313692 |	psnr_loss: 30.566589 |
[2024-01-17 05:37:13,667 | INFO | train_one_epoch] Train epoch 0: [220/1000 (22.00%)] 	bpp_y_loss: 0.204960 |	bpp_z_loss: 0.005544 |	bpp_loss: 0.210504 |	mse_loss: 0.000914 |	loss: 0.317479 |	psnr_loss: 30.472788 |
[2024-01-17 05:37:16,879 | INFO | train_one_epoch] Train epoch 0: [230/1000 (23.00%)] 	bpp_y_loss: 0.201284 |	bpp_z_loss: 0.005574 |	bpp_loss: 0.206858 |	mse_loss: 0.000825 |	loss: 0.303364 |	psnr_loss: 30.961502 |
[2024-01-17 05:37:20,138 | INFO | train_one_epoch] Train epoch 0: [240/1000 (24.00%)] 	bpp_y_loss: 0.197949 |	bpp_z_loss: 0.005381 |	bpp_loss: 0.203330 |	mse_loss: 0.000766 |	loss: 0.292946 |	psnr_loss: 31.367060 |
[2024-01-17 05:37:23,396 | INFO | train_one_epoch] Train epoch 0: [250/1000 (25.00%)] 	bpp_y_loss: 0.198299 |	bpp_z_loss: 0.005526 |	bpp_loss: 0.203825 |	mse_loss: 0.000819 |	loss: 0.299630 |	psnr_loss: 30.998398 |
[2024-01-17 05:37:26,628 | INFO | train_one_epoch] Train epoch 0: [260/1000 (26.00%)] 	bpp_y_loss: 0.199318 |	bpp_z_loss: 0.005506 |	bpp_loss: 0.204823 |	mse_loss: 0.000812 |	loss: 0.299905 |	psnr_loss: 31.101706 |
[2024-01-17 05:37:29,851 | INFO | train_one_epoch] Train epoch 0: [270/1000 (27.00%)] 	bpp_y_loss: 0.207462 |	bpp_z_loss: 0.005598 |	bpp_loss: 0.213060 |	mse_loss: 0.000950 |	loss: 0.324248 |	psnr_loss: 30.346464 |
[2024-01-17 05:37:33,124 | INFO | train_one_epoch] Train epoch 0: [280/1000 (28.00%)] 	bpp_y_loss: 0.201416 |	bpp_z_loss: 0.005554 |	bpp_loss: 0.206970 |	mse_loss: 0.000834 |	loss: 0.304581 |	psnr_loss: 31.001612 |
[2024-01-17 05:37:36,390 | INFO | train_one_epoch] Train epoch 0: [290/1000 (29.00%)] 	bpp_y_loss: 0.212884 |	bpp_z_loss: 0.005583 |	bpp_loss: 0.218467 |	mse_loss: 0.001066 |	loss: 0.343274 |	psnr_loss: 29.917627 |
[2024-01-17 05:37:39,640 | INFO | train_one_epoch] Train epoch 0: [300/1000 (30.00%)] 	bpp_y_loss: 0.202244 |	bpp_z_loss: 0.005548 |	bpp_loss: 0.207792 |	mse_loss: 0.000839 |	loss: 0.306011 |	psnr_loss: 30.987125 |
[2024-01-17 05:37:42,910 | INFO | train_one_epoch] Train epoch 0: [310/1000 (31.00%)] 	bpp_y_loss: 0.206497 |	bpp_z_loss: 0.005540 |	bpp_loss: 0.212037 |	mse_loss: 0.000964 |	loss: 0.324913 |	psnr_loss: 30.219446 |
[2024-01-17 05:37:46,161 | INFO | train_one_epoch] Train epoch 0: [320/1000 (32.00%)] 	bpp_y_loss: 0.210243 |	bpp_z_loss: 0.005538 |	bpp_loss: 0.215781 |	mse_loss: 0.000999 |	loss: 0.332760 |	psnr_loss: 30.186758 |
[2024-01-17 05:37:49,403 | INFO | train_one_epoch] Train epoch 0: [330/1000 (33.00%)] 	bpp_y_loss: 0.201954 |	bpp_z_loss: 0.005617 |	bpp_loss: 0.207571 |	mse_loss: 0.000896 |	loss: 0.312459 |	psnr_loss: 30.527838 |
[2024-01-17 05:37:52,623 | INFO | train_one_epoch] Train epoch 0: [340/1000 (34.00%)] 	bpp_y_loss: 0.206199 |	bpp_z_loss: 0.005540 |	bpp_loss: 0.211739 |	mse_loss: 0.000931 |	loss: 0.320675 |	psnr_loss: 30.425739 |
[2024-01-17 05:37:55,899 | INFO | train_one_epoch] Train epoch 0: [350/1000 (35.00%)] 	bpp_y_loss: 0.205494 |	bpp_z_loss: 0.005510 |	bpp_loss: 0.211004 |	mse_loss: 0.000948 |	loss: 0.322009 |	psnr_loss: 30.375183 |
[2024-01-17 05:37:59,141 | INFO | train_one_epoch] Train epoch 0: [360/1000 (36.00%)] 	bpp_y_loss: 0.208550 |	bpp_z_loss: 0.005609 |	bpp_loss: 0.214159 |	mse_loss: 0.000932 |	loss: 0.323245 |	psnr_loss: 30.471668 |
[2024-01-17 05:38:02,372 | INFO | train_one_epoch] Train epoch 0: [370/1000 (37.00%)] 	bpp_y_loss: 0.200316 |	bpp_z_loss: 0.005448 |	bpp_loss: 0.205764 |	mse_loss: 0.000872 |	loss: 0.307791 |	psnr_loss: 30.867552 |
[2024-01-17 05:38:05,638 | INFO | train_one_epoch] Train epoch 0: [380/1000 (38.00%)] 	bpp_y_loss: 0.200941 |	bpp_z_loss: 0.005546 |	bpp_loss: 0.206486 |	mse_loss: 0.000883 |	loss: 0.309802 |	psnr_loss: 30.733078 |
[2024-01-17 05:38:08,884 | INFO | train_one_epoch] Train epoch 0: [390/1000 (39.00%)] 	bpp_y_loss: 0.210594 |	bpp_z_loss: 0.005698 |	bpp_loss: 0.216292 |	mse_loss: 0.000967 |	loss: 0.329486 |	psnr_loss: 30.317860 |
[2024-01-17 05:38:12,122 | INFO | train_one_epoch] Train epoch 0: [400/1000 (40.00%)] 	bpp_y_loss: 0.199097 |	bpp_z_loss: 0.005535 |	bpp_loss: 0.204632 |	mse_loss: 0.000830 |	loss: 0.301828 |	psnr_loss: 31.019907 |
[2024-01-17 05:38:15,386 | INFO | train_one_epoch] Train epoch 0: [410/1000 (41.00%)] 	bpp_y_loss: 0.200394 |	bpp_z_loss: 0.005428 |	bpp_loss: 0.205822 |	mse_loss: 0.000851 |	loss: 0.305462 |	psnr_loss: 30.852991 |
[2024-01-17 05:38:18,641 | INFO | train_one_epoch] Train epoch 0: [420/1000 (42.00%)] 	bpp_y_loss: 0.208436 |	bpp_z_loss: 0.005534 |	bpp_loss: 0.213970 |	mse_loss: 0.000999 |	loss: 0.330867 |	psnr_loss: 30.131754 |
[2024-01-17 05:38:21,899 | INFO | train_one_epoch] Train epoch 0: [430/1000 (43.00%)] 	bpp_y_loss: 0.206626 |	bpp_z_loss: 0.005589 |	bpp_loss: 0.212215 |	mse_loss: 0.000981 |	loss: 0.327071 |	psnr_loss: 30.159607 |
[2024-01-17 05:38:25,129 | INFO | train_one_epoch] Train epoch 0: [440/1000 (44.00%)] 	bpp_y_loss: 0.206870 |	bpp_z_loss: 0.005439 |	bpp_loss: 0.212309 |	mse_loss: 0.001066 |	loss: 0.337101 |	psnr_loss: 29.991581 |
[2024-01-17 05:38:28,362 | INFO | train_one_epoch] Train epoch 0: [450/1000 (45.00%)] 	bpp_y_loss: 0.201981 |	bpp_z_loss: 0.005478 |	bpp_loss: 0.207460 |	mse_loss: 0.000904 |	loss: 0.313278 |	psnr_loss: 30.566633 |
[2024-01-17 05:38:31,608 | INFO | train_one_epoch] Train epoch 0: [460/1000 (46.00%)] 	bpp_y_loss: 0.210316 |	bpp_z_loss: 0.005631 |	bpp_loss: 0.215947 |	mse_loss: 0.000997 |	loss: 0.332687 |	psnr_loss: 30.267960 |
[2024-01-17 05:38:34,875 | INFO | train_one_epoch] Train epoch 0: [470/1000 (47.00%)] 	bpp_y_loss: 0.205525 |	bpp_z_loss: 0.005574 |	bpp_loss: 0.211099 |	mse_loss: 0.000919 |	loss: 0.318693 |	psnr_loss: 30.657942 |
[2024-01-17 05:38:38,130 | INFO | train_one_epoch] Train epoch 0: [480/1000 (48.00%)] 	bpp_y_loss: 0.205194 |	bpp_z_loss: 0.005541 |	bpp_loss: 0.210735 |	mse_loss: 0.000925 |	loss: 0.318959 |	psnr_loss: 30.433569 |
[2024-01-17 05:38:41,379 | INFO | train_one_epoch] Train epoch 0: [490/1000 (49.00%)] 	bpp_y_loss: 0.198142 |	bpp_z_loss: 0.005514 |	bpp_loss: 0.203656 |	mse_loss: 0.000734 |	loss: 0.289556 |	psnr_loss: 31.416178 |
[2024-01-17 05:38:44,652 | INFO | train_one_epoch] Train epoch 0: [500/1000 (50.00%)] 	bpp_y_loss: 0.199195 |	bpp_z_loss: 0.005436 |	bpp_loss: 0.204631 |	mse_loss: 0.000848 |	loss: 0.303897 |	psnr_loss: 30.791605 |
[2024-01-17 05:38:47,910 | INFO | train_one_epoch] Train epoch 0: [510/1000 (51.00%)] 	bpp_y_loss: 0.199546 |	bpp_z_loss: 0.005478 |	bpp_loss: 0.205023 |	mse_loss: 0.000847 |	loss: 0.304174 |	psnr_loss: 30.848402 |
[2024-01-17 05:38:51,183 | INFO | train_one_epoch] Train epoch 0: [520/1000 (52.00%)] 	bpp_y_loss: 0.201661 |	bpp_z_loss: 0.005433 |	bpp_loss: 0.207093 |	mse_loss: 0.000854 |	loss: 0.306999 |	psnr_loss: 30.848433 |
[2024-01-17 05:38:54,442 | INFO | train_one_epoch] Train epoch 0: [530/1000 (53.00%)] 	bpp_y_loss: 0.197196 |	bpp_z_loss: 0.005463 |	bpp_loss: 0.202659 |	mse_loss: 0.000869 |	loss: 0.304422 |	psnr_loss: 30.722937 |
[2024-01-17 05:38:57,681 | INFO | train_one_epoch] Train epoch 0: [540/1000 (54.00%)] 	bpp_y_loss: 0.201192 |	bpp_z_loss: 0.005505 |	bpp_loss: 0.206696 |	mse_loss: 0.000924 |	loss: 0.314858 |	psnr_loss: 30.487644 |
[2024-01-17 05:39:00,919 | INFO | train_one_epoch] Train epoch 0: [550/1000 (55.00%)] 	bpp_y_loss: 0.207594 |	bpp_z_loss: 0.005768 |	bpp_loss: 0.213362 |	mse_loss: 0.000984 |	loss: 0.328530 |	psnr_loss: 30.288404 |
[2024-01-17 05:39:04,157 | INFO | train_one_epoch] Train epoch 0: [560/1000 (56.00%)] 	bpp_y_loss: 0.202389 |	bpp_z_loss: 0.005489 |	bpp_loss: 0.207878 |	mse_loss: 0.000872 |	loss: 0.309895 |	psnr_loss: 30.684187 |
[2024-01-17 05:39:07,417 | INFO | train_one_epoch] Train epoch 0: [570/1000 (57.00%)] 	bpp_y_loss: 0.202227 |	bpp_z_loss: 0.005493 |	bpp_loss: 0.207721 |	mse_loss: 0.000903 |	loss: 0.313356 |	psnr_loss: 30.587015 |
[2024-01-17 05:39:10,674 | INFO | train_one_epoch] Train epoch 0: [580/1000 (58.00%)] 	bpp_y_loss: 0.205319 |	bpp_z_loss: 0.005598 |	bpp_loss: 0.210917 |	mse_loss: 0.000932 |	loss: 0.320010 |	psnr_loss: 30.400843 |
[2024-01-17 05:39:13,933 | INFO | train_one_epoch] Train epoch 0: [590/1000 (59.00%)] 	bpp_y_loss: 0.208528 |	bpp_z_loss: 0.005529 |	bpp_loss: 0.214057 |	mse_loss: 0.001028 |	loss: 0.334363 |	psnr_loss: 29.976852 |
[2024-01-17 05:39:17,186 | INFO | train_one_epoch] Train epoch 0: [600/1000 (60.00%)] 	bpp_y_loss: 0.206669 |	bpp_z_loss: 0.005490 |	bpp_loss: 0.212160 |	mse_loss: 0.000962 |	loss: 0.324732 |	psnr_loss: 30.408981 |
[2024-01-17 05:39:20,459 | INFO | train_one_epoch] Train epoch 0: [610/1000 (61.00%)] 	bpp_y_loss: 0.201529 |	bpp_z_loss: 0.005533 |	bpp_loss: 0.207062 |	mse_loss: 0.000882 |	loss: 0.310353 |	psnr_loss: 30.805542 |
[2024-01-17 05:39:23,707 | INFO | train_one_epoch] Train epoch 0: [620/1000 (62.00%)] 	bpp_y_loss: 0.208209 |	bpp_z_loss: 0.005632 |	bpp_loss: 0.213841 |	mse_loss: 0.000990 |	loss: 0.329685 |	psnr_loss: 30.099821 |
[2024-01-17 05:39:26,964 | INFO | train_one_epoch] Train epoch 0: [630/1000 (63.00%)] 	bpp_y_loss: 0.203146 |	bpp_z_loss: 0.005504 |	bpp_loss: 0.208650 |	mse_loss: 0.000863 |	loss: 0.309617 |	psnr_loss: 30.739012 |
[2024-01-17 05:39:30,235 | INFO | train_one_epoch] Train epoch 0: [640/1000 (64.00%)] 	bpp_y_loss: 0.209159 |	bpp_z_loss: 0.005589 |	bpp_loss: 0.214748 |	mse_loss: 0.000986 |	loss: 0.330121 |	psnr_loss: 30.163605 |
[2024-01-17 05:39:33,473 | INFO | train_one_epoch] Train epoch 0: [650/1000 (65.00%)] 	bpp_y_loss: 0.200491 |	bpp_z_loss: 0.005480 |	bpp_loss: 0.205972 |	mse_loss: 0.000811 |	loss: 0.300916 |	psnr_loss: 30.958311 |
[2024-01-17 05:39:36,697 | INFO | train_one_epoch] Train epoch 0: [660/1000 (66.00%)] 	bpp_y_loss: 0.203748 |	bpp_z_loss: 0.005514 |	bpp_loss: 0.209262 |	mse_loss: 0.000899 |	loss: 0.314535 |	psnr_loss: 30.505308 |
[2024-01-17 05:39:39,952 | INFO | train_one_epoch] Train epoch 0: [670/1000 (67.00%)] 	bpp_y_loss: 0.204079 |	bpp_z_loss: 0.005482 |	bpp_loss: 0.209561 |	mse_loss: 0.000936 |	loss: 0.319096 |	psnr_loss: 30.449717 |
[2024-01-17 05:39:43,198 | INFO | train_one_epoch] Train epoch 0: [680/1000 (68.00%)] 	bpp_y_loss: 0.195433 |	bpp_z_loss: 0.005490 |	bpp_loss: 0.200923 |	mse_loss: 0.000749 |	loss: 0.288553 |	psnr_loss: 31.457087 |
[2024-01-17 05:39:46,461 | INFO | train_one_epoch] Train epoch 0: [690/1000 (69.00%)] 	bpp_y_loss: 0.199672 |	bpp_z_loss: 0.005501 |	bpp_loss: 0.205174 |	mse_loss: 0.000919 |	loss: 0.312757 |	psnr_loss: 30.708338 |
[2024-01-17 05:39:49,727 | INFO | train_one_epoch] Train epoch 0: [700/1000 (70.00%)] 	bpp_y_loss: 0.210603 |	bpp_z_loss: 0.005601 |	bpp_loss: 0.216204 |	mse_loss: 0.001027 |	loss: 0.336411 |	psnr_loss: 29.949133 |
[2024-01-17 05:39:52,961 | INFO | train_one_epoch] Train epoch 0: [710/1000 (71.00%)] 	bpp_y_loss: 0.211287 |	bpp_z_loss: 0.005654 |	bpp_loss: 0.216942 |	mse_loss: 0.001004 |	loss: 0.334443 |	psnr_loss: 30.139936 |
[2024-01-17 05:39:56,240 | INFO | train_one_epoch] Train epoch 0: [720/1000 (72.00%)] 	bpp_y_loss: 0.202228 |	bpp_z_loss: 0.005545 |	bpp_loss: 0.207773 |	mse_loss: 0.000853 |	loss: 0.307586 |	psnr_loss: 30.883595 |
[2024-01-17 05:39:59,502 | INFO | train_one_epoch] Train epoch 0: [730/1000 (73.00%)] 	bpp_y_loss: 0.199750 |	bpp_z_loss: 0.005431 |	bpp_loss: 0.205181 |	mse_loss: 0.000794 |	loss: 0.298070 |	psnr_loss: 31.142578 |
[2024-01-17 05:40:02,786 | INFO | train_one_epoch] Train epoch 0: [740/1000 (74.00%)] 	bpp_y_loss: 0.208613 |	bpp_z_loss: 0.005660 |	bpp_loss: 0.214273 |	mse_loss: 0.000981 |	loss: 0.329095 |	psnr_loss: 30.323475 |
[2024-01-17 05:40:06,057 | INFO | train_one_epoch] Train epoch 0: [750/1000 (75.00%)] 	bpp_y_loss: 0.203951 |	bpp_z_loss: 0.005551 |	bpp_loss: 0.209501 |	mse_loss: 0.000956 |	loss: 0.321342 |	psnr_loss: 30.521322 |
[2024-01-17 05:40:09,314 | INFO | train_one_epoch] Train epoch 0: [760/1000 (76.00%)] 	bpp_y_loss: 0.204645 |	bpp_z_loss: 0.005492 |	bpp_loss: 0.210137 |	mse_loss: 0.000911 |	loss: 0.316785 |	psnr_loss: 30.536051 |
[2024-01-17 05:40:12,555 | INFO | train_one_epoch] Train epoch 0: [770/1000 (77.00%)] 	bpp_y_loss: 0.197573 |	bpp_z_loss: 0.005536 |	bpp_loss: 0.203109 |	mse_loss: 0.000796 |	loss: 0.296319 |	psnr_loss: 31.076492 |
[2024-01-17 05:40:15,833 | INFO | train_one_epoch] Train epoch 0: [780/1000 (78.00%)] 	bpp_y_loss: 0.206103 |	bpp_z_loss: 0.005487 |	bpp_loss: 0.211590 |	mse_loss: 0.000959 |	loss: 0.323842 |	psnr_loss: 30.292572 |
[2024-01-17 05:40:19,089 | INFO | train_one_epoch] Train epoch 0: [790/1000 (79.00%)] 	bpp_y_loss: 0.203523 |	bpp_z_loss: 0.005631 |	bpp_loss: 0.209154 |	mse_loss: 0.000885 |	loss: 0.312740 |	psnr_loss: 30.609116 |
[2024-01-17 05:40:22,354 | INFO | train_one_epoch] Train epoch 0: [800/1000 (80.00%)] 	bpp_y_loss: 0.200892 |	bpp_z_loss: 0.005576 |	bpp_loss: 0.206468 |	mse_loss: 0.000841 |	loss: 0.304921 |	psnr_loss: 30.786493 |
[2024-01-17 05:40:25,625 | INFO | train_one_epoch] Train epoch 0: [810/1000 (81.00%)] 	bpp_y_loss: 0.205103 |	bpp_z_loss: 0.005569 |	bpp_loss: 0.210672 |	mse_loss: 0.000883 |	loss: 0.313992 |	psnr_loss: 31.117558 |
[2024-01-17 05:40:28,894 | INFO | train_one_epoch] Train epoch 0: [820/1000 (82.00%)] 	bpp_y_loss: 0.202533 |	bpp_z_loss: 0.005452 |	bpp_loss: 0.207985 |	mse_loss: 0.000884 |	loss: 0.311409 |	psnr_loss: 30.661142 |
[2024-01-17 05:40:32,151 | INFO | train_one_epoch] Train epoch 0: [830/1000 (83.00%)] 	bpp_y_loss: 0.207749 |	bpp_z_loss: 0.005523 |	bpp_loss: 0.213272 |	mse_loss: 0.001001 |	loss: 0.330393 |	psnr_loss: 30.106009 |
[2024-01-17 05:40:35,429 | INFO | train_one_epoch] Train epoch 0: [840/1000 (84.00%)] 	bpp_y_loss: 0.200019 |	bpp_z_loss: 0.005452 |	bpp_loss: 0.205471 |	mse_loss: 0.000779 |	loss: 0.296698 |	psnr_loss: 31.231657 |
[2024-01-17 05:40:38,678 | INFO | train_one_epoch] Train epoch 0: [850/1000 (85.00%)] 	bpp_y_loss: 0.201373 |	bpp_z_loss: 0.005572 |	bpp_loss: 0.206945 |	mse_loss: 0.000825 |	loss: 0.303547 |	psnr_loss: 30.931883 |
[2024-01-17 05:40:41,927 | INFO | train_one_epoch] Train epoch 0: [860/1000 (86.00%)] 	bpp_y_loss: 0.192409 |	bpp_z_loss: 0.005454 |	bpp_loss: 0.197863 |	mse_loss: 0.000703 |	loss: 0.280185 |	psnr_loss: 31.653818 |
[2024-01-17 05:40:45,171 | INFO | train_one_epoch] Train epoch 0: [870/1000 (87.00%)] 	bpp_y_loss: 0.199686 |	bpp_z_loss: 0.005505 |	bpp_loss: 0.205192 |	mse_loss: 0.000853 |	loss: 0.305019 |	psnr_loss: 30.832209 |
[2024-01-17 05:40:48,428 | INFO | train_one_epoch] Train epoch 0: [880/1000 (88.00%)] 	bpp_y_loss: 0.207258 |	bpp_z_loss: 0.005625 |	bpp_loss: 0.212884 |	mse_loss: 0.000952 |	loss: 0.324336 |	psnr_loss: 30.298237 |
[2024-01-17 05:40:51,687 | INFO | train_one_epoch] Train epoch 0: [890/1000 (89.00%)] 	bpp_y_loss: 0.203243 |	bpp_z_loss: 0.005600 |	bpp_loss: 0.208843 |	mse_loss: 0.000870 |	loss: 0.310645 |	psnr_loss: 30.773283 |
[2024-01-17 05:40:54,968 | INFO | train_one_epoch] Train epoch 0: [900/1000 (90.00%)] 	bpp_y_loss: 0.205865 |	bpp_z_loss: 0.005548 |	bpp_loss: 0.211413 |	mse_loss: 0.000915 |	loss: 0.318554 |	psnr_loss: 30.454283 |
[2024-01-17 05:40:58,210 | INFO | train_one_epoch] Train epoch 0: [910/1000 (91.00%)] 	bpp_y_loss: 0.202649 |	bpp_z_loss: 0.005520 |	bpp_loss: 0.208168 |	mse_loss: 0.000893 |	loss: 0.312654 |	psnr_loss: 30.654499 |
[2024-01-17 05:41:01,486 | INFO | train_one_epoch] Train epoch 0: [920/1000 (92.00%)] 	bpp_y_loss: 0.201228 |	bpp_z_loss: 0.005637 |	bpp_loss: 0.206865 |	mse_loss: 0.000866 |	loss: 0.308198 |	psnr_loss: 30.795776 |
[2024-01-17 05:41:04,713 | INFO | train_one_epoch] Train epoch 0: [930/1000 (93.00%)] 	bpp_y_loss: 0.209496 |	bpp_z_loss: 0.005618 |	bpp_loss: 0.215114 |	mse_loss: 0.000992 |	loss: 0.331245 |	psnr_loss: 30.173853 |
[2024-01-17 05:41:07,945 | INFO | train_one_epoch] Train epoch 0: [940/1000 (94.00%)] 	bpp_y_loss: 0.200807 |	bpp_z_loss: 0.005527 |	bpp_loss: 0.206334 |	mse_loss: 0.000845 |	loss: 0.305269 |	psnr_loss: 30.908482 |
[2024-01-17 05:41:11,203 | INFO | train_one_epoch] Train epoch 0: [950/1000 (95.00%)] 	bpp_y_loss: 0.203519 |	bpp_z_loss: 0.005531 |	bpp_loss: 0.209049 |	mse_loss: 0.000911 |	loss: 0.315715 |	psnr_loss: 30.675970 |
[2024-01-17 05:41:14,466 | INFO | train_one_epoch] Train epoch 0: [960/1000 (96.00%)] 	bpp_y_loss: 0.197500 |	bpp_z_loss: 0.005384 |	bpp_loss: 0.202883 |	mse_loss: 0.000799 |	loss: 0.296373 |	psnr_loss: 31.047321 |
[2024-01-17 05:41:17,732 | INFO | train_one_epoch] Train epoch 0: [970/1000 (97.00%)] 	bpp_y_loss: 0.202296 |	bpp_z_loss: 0.005600 |	bpp_loss: 0.207897 |	mse_loss: 0.000877 |	loss: 0.310532 |	psnr_loss: 30.680206 |
[2024-01-17 05:41:20,953 | INFO | train_one_epoch] Train epoch 0: [980/1000 (98.00%)] 	bpp_y_loss: 0.202055 |	bpp_z_loss: 0.005565 |	bpp_loss: 0.207621 |	mse_loss: 0.000841 |	loss: 0.306067 |	psnr_loss: 30.864252 |
[2024-01-17 05:41:24,201 | INFO | train_one_epoch] Train epoch 0: [990/1000 (99.00%)] 	bpp_y_loss: 0.199404 |	bpp_z_loss: 0.005530 |	bpp_loss: 0.204934 |	mse_loss: 0.000801 |	loss: 0.298685 |	psnr_loss: 31.071182 |
[2024-01-17 05:41:27,447 | INFO | train_one_epoch] Train epoch 0: [1000/1000 (100.00%)] 	bpp_y_loss: 0.200483 |	bpp_z_loss: 0.005425 |	bpp_loss: 0.205908 |	mse_loss: 0.000772 |	loss: 0.296278 |	psnr_loss: 31.237823 |
[2024-01-17 05:43:09,657 | INFO | <module>] Args: Namespace(model='bmshj2018_hyperprior', lmbda=0.0018, dataset='vimeo90k', epochs=100, steps_per_epoch=10000, type='mse', steps=1000, adv_steps=10, adv_optimizer='Adam', adv_lr=0.01, adv_epsilon=0.001, batch_size=8, learning_rate=1e-05, save=True, seed=19260817, clip_max_norm=1.0, checkpoint=None, continue_train=False)
[2024-01-17 05:43:09,657 | INFO | <module>] Lmbda=0.001800000000
[2024-01-17 05:43:09,657 | INFO | <module>] Load weights from /backup1/xyhang/GradAttack/experiments/adversarial-train/baseline/bmshj2018_hyperprior-vimeo90k-0.0018-100x10000/last_epoch.pth.tar
[2024-01-17 05:43:15,174 | INFO | train_one_epoch] Learning rate: 1e-05
[2024-01-17 05:43:16,233 | INFO | train_one_epoch] Train epoch 0: [0/1000 (0.00%)] 	bpp_y_loss: 0.252341 |	bpp_z_loss: 0.006210 |	bpp_loss: 0.258552 |	mse_loss: 0.001693 |	loss: 0.456698 |	psnr_loss: 27.713682 |
[2024-01-17 05:43:19,444 | INFO | train_one_epoch] Train epoch 0: [10/1000 (1.00%)] 	bpp_y_loss: 0.207149 |	bpp_z_loss: 0.005513 |	bpp_loss: 0.212661 |	mse_loss: 0.000925 |	loss: 0.320886 |	psnr_loss: 30.572556 |
[2024-01-17 05:43:22,682 | INFO | train_one_epoch] Train epoch 0: [20/1000 (2.00%)] 	bpp_y_loss: 0.195373 |	bpp_z_loss: 0.005421 |	bpp_loss: 0.200794 |	mse_loss: 0.000766 |	loss: 0.290398 |	psnr_loss: 31.345936 |
[2024-01-17 05:43:25,910 | INFO | train_one_epoch] Train epoch 0: [30/1000 (3.00%)] 	bpp_y_loss: 0.210104 |	bpp_z_loss: 0.005723 |	bpp_loss: 0.215828 |	mse_loss: 0.000968 |	loss: 0.329088 |	psnr_loss: 30.344196 |
[2024-01-17 05:43:29,138 | INFO | train_one_epoch] Train epoch 0: [40/1000 (4.00%)] 	bpp_y_loss: 0.198840 |	bpp_z_loss: 0.005503 |	bpp_loss: 0.204343 |	mse_loss: 0.000815 |	loss: 0.299688 |	psnr_loss: 31.029490 |
[2024-01-17 05:43:32,358 | INFO | train_one_epoch] Train epoch 0: [50/1000 (5.00%)] 	bpp_y_loss: 0.200560 |	bpp_z_loss: 0.005495 |	bpp_loss: 0.206055 |	mse_loss: 0.000897 |	loss: 0.311023 |	psnr_loss: 30.604004 |
[2024-01-17 05:43:35,665 | INFO | train_one_epoch] Train epoch 0: [60/1000 (6.00%)] 	bpp_y_loss: 0.201841 |	bpp_z_loss: 0.005498 |	bpp_loss: 0.207338 |	mse_loss: 0.000884 |	loss: 0.310801 |	psnr_loss: 30.647263 |
[2024-01-17 05:43:38,883 | INFO | train_one_epoch] Train epoch 0: [70/1000 (7.00%)] 	bpp_y_loss: 0.195015 |	bpp_z_loss: 0.005419 |	bpp_loss: 0.200434 |	mse_loss: 0.000718 |	loss: 0.284506 |	psnr_loss: 31.474735 |
[2024-01-17 05:43:42,080 | INFO | train_one_epoch] Train epoch 0: [80/1000 (8.00%)] 	bpp_y_loss: 0.204365 |	bpp_z_loss: 0.005533 |	bpp_loss: 0.209898 |	mse_loss: 0.000912 |	loss: 0.316592 |	psnr_loss: 30.524794 |
[2024-01-17 05:43:45,305 | INFO | train_one_epoch] Train epoch 0: [90/1000 (9.00%)] 	bpp_y_loss: 0.197784 |	bpp_z_loss: 0.005435 |	bpp_loss: 0.203219 |	mse_loss: 0.000795 |	loss: 0.296298 |	psnr_loss: 31.156895 |
[2024-01-17 05:43:48,530 | INFO | train_one_epoch] Train epoch 0: [100/1000 (10.00%)] 	bpp_y_loss: 0.195700 |	bpp_z_loss: 0.005385 |	bpp_loss: 0.201085 |	mse_loss: 0.000816 |	loss: 0.296551 |	psnr_loss: 31.000229 |
[2024-01-17 05:43:51,740 | INFO | train_one_epoch] Train epoch 0: [110/1000 (11.00%)] 	bpp_y_loss: 0.192481 |	bpp_z_loss: 0.005484 |	bpp_loss: 0.197965 |	mse_loss: 0.000701 |	loss: 0.280067 |	psnr_loss: 31.639236 |
[2024-01-17 05:43:54,932 | INFO | train_one_epoch] Train epoch 0: [120/1000 (12.00%)] 	bpp_y_loss: 0.205067 |	bpp_z_loss: 0.005622 |	bpp_loss: 0.210690 |	mse_loss: 0.000907 |	loss: 0.316835 |	psnr_loss: 30.508657 |
[2024-01-17 05:43:58,132 | INFO | train_one_epoch] Train epoch 0: [130/1000 (13.00%)] 	bpp_y_loss: 0.204495 |	bpp_z_loss: 0.005525 |	bpp_loss: 0.210020 |	mse_loss: 0.000889 |	loss: 0.314087 |	psnr_loss: 30.629164 |
[2024-01-17 05:44:01,331 | INFO | train_one_epoch] Train epoch 0: [140/1000 (14.00%)] 	bpp_y_loss: 0.207068 |	bpp_z_loss: 0.005641 |	bpp_loss: 0.212709 |	mse_loss: 0.000965 |	loss: 0.325671 |	psnr_loss: 30.314188 |
[2024-01-17 05:44:04,544 | INFO | train_one_epoch] Train epoch 0: [150/1000 (15.00%)] 	bpp_y_loss: 0.201449 |	bpp_z_loss: 0.005455 |	bpp_loss: 0.206904 |	mse_loss: 0.000906 |	loss: 0.312997 |	psnr_loss: 30.617523 |
[2024-01-17 05:44:07,749 | INFO | train_one_epoch] Train epoch 0: [160/1000 (16.00%)] 	bpp_y_loss: 0.208267 |	bpp_z_loss: 0.005666 |	bpp_loss: 0.213933 |	mse_loss: 0.000915 |	loss: 0.321018 |	psnr_loss: 30.508997 |
[2024-01-17 05:44:10,969 | INFO | train_one_epoch] Train epoch 0: [170/1000 (17.00%)] 	bpp_y_loss: 0.200354 |	bpp_z_loss: 0.005438 |	bpp_loss: 0.205791 |	mse_loss: 0.000877 |	loss: 0.308391 |	psnr_loss: 30.728281 |
[2024-01-17 05:44:14,194 | INFO | train_one_epoch] Train epoch 0: [180/1000 (18.00%)] 	bpp_y_loss: 0.202755 |	bpp_z_loss: 0.005642 |	bpp_loss: 0.208397 |	mse_loss: 0.000939 |	loss: 0.318287 |	psnr_loss: 30.475025 |
[2024-01-17 05:44:17,398 | INFO | train_one_epoch] Train epoch 0: [190/1000 (19.00%)] 	bpp_y_loss: 0.200762 |	bpp_z_loss: 0.005500 |	bpp_loss: 0.206262 |	mse_loss: 0.000899 |	loss: 0.311520 |	psnr_loss: 30.562971 |
[2024-01-17 05:44:20,638 | INFO | train_one_epoch] Train epoch 0: [200/1000 (20.00%)] 	bpp_y_loss: 0.199221 |	bpp_z_loss: 0.005665 |	bpp_loss: 0.204887 |	mse_loss: 0.000807 |	loss: 0.299291 |	psnr_loss: 30.969105 |
[2024-01-17 05:44:23,848 | INFO | train_one_epoch] Train epoch 0: [210/1000 (21.00%)] 	bpp_y_loss: 0.202952 |	bpp_z_loss: 0.005569 |	bpp_loss: 0.208520 |	mse_loss: 0.000899 |	loss: 0.313692 |	psnr_loss: 30.566589 |
[2024-01-17 05:44:27,072 | INFO | train_one_epoch] Train epoch 0: [220/1000 (22.00%)] 	bpp_y_loss: 0.204960 |	bpp_z_loss: 0.005544 |	bpp_loss: 0.210504 |	mse_loss: 0.000914 |	loss: 0.317479 |	psnr_loss: 30.472788 |
[2024-01-17 05:44:30,315 | INFO | train_one_epoch] Train epoch 0: [230/1000 (23.00%)] 	bpp_y_loss: 0.201284 |	bpp_z_loss: 0.005574 |	bpp_loss: 0.206858 |	mse_loss: 0.000825 |	loss: 0.303364 |	psnr_loss: 30.961502 |
[2024-01-17 05:44:33,514 | INFO | train_one_epoch] Train epoch 0: [240/1000 (24.00%)] 	bpp_y_loss: 0.197949 |	bpp_z_loss: 0.005381 |	bpp_loss: 0.203330 |	mse_loss: 0.000766 |	loss: 0.292946 |	psnr_loss: 31.367060 |
[2024-01-17 05:44:36,721 | INFO | train_one_epoch] Train epoch 0: [250/1000 (25.00%)] 	bpp_y_loss: 0.198299 |	bpp_z_loss: 0.005526 |	bpp_loss: 0.203825 |	mse_loss: 0.000819 |	loss: 0.299630 |	psnr_loss: 30.998398 |
[2024-01-17 05:44:39,944 | INFO | train_one_epoch] Train epoch 0: [260/1000 (26.00%)] 	bpp_y_loss: 0.199318 |	bpp_z_loss: 0.005506 |	bpp_loss: 0.204823 |	mse_loss: 0.000812 |	loss: 0.299905 |	psnr_loss: 31.101706 |
[2024-01-17 05:44:43,180 | INFO | train_one_epoch] Train epoch 0: [270/1000 (27.00%)] 	bpp_y_loss: 0.207462 |	bpp_z_loss: 0.005598 |	bpp_loss: 0.213060 |	mse_loss: 0.000950 |	loss: 0.324248 |	psnr_loss: 30.346464 |
[2024-01-17 05:44:46,439 | INFO | train_one_epoch] Train epoch 0: [280/1000 (28.00%)] 	bpp_y_loss: 0.201416 |	bpp_z_loss: 0.005554 |	bpp_loss: 0.206970 |	mse_loss: 0.000834 |	loss: 0.304581 |	psnr_loss: 31.001612 |
[2024-01-17 05:44:49,682 | INFO | train_one_epoch] Train epoch 0: [290/1000 (29.00%)] 	bpp_y_loss: 0.212884 |	bpp_z_loss: 0.005583 |	bpp_loss: 0.218467 |	mse_loss: 0.001066 |	loss: 0.343274 |	psnr_loss: 29.917627 |
[2024-01-17 05:44:52,922 | INFO | train_one_epoch] Train epoch 0: [300/1000 (30.00%)] 	bpp_y_loss: 0.202244 |	bpp_z_loss: 0.005548 |	bpp_loss: 0.207792 |	mse_loss: 0.000839 |	loss: 0.306011 |	psnr_loss: 30.987125 |
[2024-01-17 05:44:56,142 | INFO | train_one_epoch] Train epoch 0: [310/1000 (31.00%)] 	bpp_y_loss: 0.206497 |	bpp_z_loss: 0.005540 |	bpp_loss: 0.212037 |	mse_loss: 0.000964 |	loss: 0.324913 |	psnr_loss: 30.219446 |
[2024-01-17 05:44:59,387 | INFO | train_one_epoch] Train epoch 0: [320/1000 (32.00%)] 	bpp_y_loss: 0.210243 |	bpp_z_loss: 0.005538 |	bpp_loss: 0.215781 |	mse_loss: 0.000999 |	loss: 0.332760 |	psnr_loss: 30.186758 |
[2024-01-17 05:45:02,621 | INFO | train_one_epoch] Train epoch 0: [330/1000 (33.00%)] 	bpp_y_loss: 0.201954 |	bpp_z_loss: 0.005617 |	bpp_loss: 0.207571 |	mse_loss: 0.000896 |	loss: 0.312459 |	psnr_loss: 30.527838 |
[2024-01-17 05:45:05,849 | INFO | train_one_epoch] Train epoch 0: [340/1000 (34.00%)] 	bpp_y_loss: 0.206199 |	bpp_z_loss: 0.005540 |	bpp_loss: 0.211739 |	mse_loss: 0.000931 |	loss: 0.320675 |	psnr_loss: 30.425739 |
[2024-01-17 05:45:09,087 | INFO | train_one_epoch] Train epoch 0: [350/1000 (35.00%)] 	bpp_y_loss: 0.205494 |	bpp_z_loss: 0.005510 |	bpp_loss: 0.211004 |	mse_loss: 0.000948 |	loss: 0.322009 |	psnr_loss: 30.375183 |
[2024-01-17 05:45:12,314 | INFO | train_one_epoch] Train epoch 0: [360/1000 (36.00%)] 	bpp_y_loss: 0.208550 |	bpp_z_loss: 0.005609 |	bpp_loss: 0.214159 |	mse_loss: 0.000932 |	loss: 0.323245 |	psnr_loss: 30.471668 |
[2024-01-17 05:45:15,537 | INFO | train_one_epoch] Train epoch 0: [370/1000 (37.00%)] 	bpp_y_loss: 0.200316 |	bpp_z_loss: 0.005448 |	bpp_loss: 0.205764 |	mse_loss: 0.000872 |	loss: 0.307791 |	psnr_loss: 30.867552 |
[2024-01-17 05:45:18,763 | INFO | train_one_epoch] Train epoch 0: [380/1000 (38.00%)] 	bpp_y_loss: 0.200941 |	bpp_z_loss: 0.005546 |	bpp_loss: 0.206486 |	mse_loss: 0.000883 |	loss: 0.309802 |	psnr_loss: 30.733078 |
[2024-01-17 05:45:21,997 | INFO | train_one_epoch] Train epoch 0: [390/1000 (39.00%)] 	bpp_y_loss: 0.210594 |	bpp_z_loss: 0.005698 |	bpp_loss: 0.216292 |	mse_loss: 0.000967 |	loss: 0.329486 |	psnr_loss: 30.317860 |
[2024-01-17 05:45:58,079 | INFO | <module>] Args: Namespace(model='bmshj2018_hyperprior', lmbda=0.0018, dataset='vimeo90k', epochs=100, steps_per_epoch=10000, type='mse', steps=1000, adv_steps=10, adv_optimizer='Adam', adv_lr=0.01, adv_epsilon=0.001, batch_size=8, learning_rate=1e-05, save=True, seed=19260817, clip_max_norm=1.0, checkpoint=None, continue_train=False)
[2024-01-17 05:45:58,079 | INFO | <module>] Lmbda=0.001800000000
[2024-01-17 05:45:58,079 | INFO | <module>] Load weights from /backup1/xyhang/GradAttack/experiments/adversarial-train/baseline/bmshj2018_hyperprior-vimeo90k-0.0018-100x10000/last_epoch.pth.tar
[2024-01-17 05:46:03,666 | INFO | train_one_epoch] Learning rate: 1e-05
[2024-01-17 05:46:04,787 | INFO | train_one_epoch] Train epoch 0: [0/1000 (0.00%)] 	bpp_y_loss: 0.252341 |	bpp_z_loss: 0.006210 |	bpp_loss: 0.258552 |	mse_loss: 0.001693 |	loss: 0.456698 |	psnr_loss: 27.713682 |
[2024-01-17 05:46:08,133 | INFO | train_one_epoch] Train epoch 0: [10/1000 (1.00%)] 	bpp_y_loss: 0.207149 |	bpp_z_loss: 0.005513 |	bpp_loss: 0.212661 |	mse_loss: 0.000925 |	loss: 0.320886 |	psnr_loss: 30.572556 |
[2024-01-17 05:46:11,477 | INFO | train_one_epoch] Train epoch 0: [20/1000 (2.00%)] 	bpp_y_loss: 0.195373 |	bpp_z_loss: 0.005421 |	bpp_loss: 0.200794 |	mse_loss: 0.000766 |	loss: 0.290398 |	psnr_loss: 31.345936 |
[2024-01-17 05:46:14,777 | INFO | train_one_epoch] Train epoch 0: [30/1000 (3.00%)] 	bpp_y_loss: 0.210104 |	bpp_z_loss: 0.005723 |	bpp_loss: 0.215828 |	mse_loss: 0.000968 |	loss: 0.329088 |	psnr_loss: 30.344196 |
[2024-01-17 05:46:41,175 | INFO | train_one_epoch] Train epoch 0: [40/1000 (4.00%)] 	bpp_y_loss: 0.198840 |	bpp_z_loss: 0.005503 |	bpp_loss: 0.204343 |	mse_loss: 0.000815 |	loss: 0.299688 |	psnr_loss: 31.029490 |
[2024-01-17 05:46:44,490 | INFO | train_one_epoch] Train epoch 0: [50/1000 (5.00%)] 	bpp_y_loss: 0.200560 |	bpp_z_loss: 0.005495 |	bpp_loss: 0.206055 |	mse_loss: 0.000897 |	loss: 0.311023 |	psnr_loss: 30.604004 |
[2024-01-17 05:46:47,785 | INFO | train_one_epoch] Train epoch 0: [60/1000 (6.00%)] 	bpp_y_loss: 0.201841 |	bpp_z_loss: 0.005498 |	bpp_loss: 0.207338 |	mse_loss: 0.000884 |	loss: 0.310801 |	psnr_loss: 30.647263 |
[2024-01-17 05:46:51,095 | INFO | train_one_epoch] Train epoch 0: [70/1000 (7.00%)] 	bpp_y_loss: 0.195015 |	bpp_z_loss: 0.005419 |	bpp_loss: 0.200434 |	mse_loss: 0.000718 |	loss: 0.284506 |	psnr_loss: 31.474735 |
[2024-01-17 05:46:54,432 | INFO | train_one_epoch] Train epoch 0: [80/1000 (8.00%)] 	bpp_y_loss: 0.204365 |	bpp_z_loss: 0.005533 |	bpp_loss: 0.209898 |	mse_loss: 0.000912 |	loss: 0.316592 |	psnr_loss: 30.524794 |
[2024-01-17 05:46:57,758 | INFO | train_one_epoch] Train epoch 0: [90/1000 (9.00%)] 	bpp_y_loss: 0.197784 |	bpp_z_loss: 0.005435 |	bpp_loss: 0.203219 |	mse_loss: 0.000795 |	loss: 0.296298 |	psnr_loss: 31.156895 |
[2024-01-17 05:47:01,088 | INFO | train_one_epoch] Train epoch 0: [100/1000 (10.00%)] 	bpp_y_loss: 0.195700 |	bpp_z_loss: 0.005385 |	bpp_loss: 0.201085 |	mse_loss: 0.000816 |	loss: 0.296551 |	psnr_loss: 31.000229 |
[2024-01-17 05:47:04,415 | INFO | train_one_epoch] Train epoch 0: [110/1000 (11.00%)] 	bpp_y_loss: 0.192481 |	bpp_z_loss: 0.005484 |	bpp_loss: 0.197965 |	mse_loss: 0.000701 |	loss: 0.280067 |	psnr_loss: 31.639236 |
[2024-01-17 05:47:07,734 | INFO | train_one_epoch] Train epoch 0: [120/1000 (12.00%)] 	bpp_y_loss: 0.205067 |	bpp_z_loss: 0.005622 |	bpp_loss: 0.210690 |	mse_loss: 0.000907 |	loss: 0.316835 |	psnr_loss: 30.508657 |
[2024-01-17 05:47:11,088 | INFO | train_one_epoch] Train epoch 0: [130/1000 (13.00%)] 	bpp_y_loss: 0.204495 |	bpp_z_loss: 0.005525 |	bpp_loss: 0.210020 |	mse_loss: 0.000889 |	loss: 0.314087 |	psnr_loss: 30.629164 |
[2024-01-17 05:47:14,381 | INFO | train_one_epoch] Train epoch 0: [140/1000 (14.00%)] 	bpp_y_loss: 0.207068 |	bpp_z_loss: 0.005641 |	bpp_loss: 0.212709 |	mse_loss: 0.000965 |	loss: 0.325671 |	psnr_loss: 30.314188 |
[2024-01-17 05:47:17,674 | INFO | train_one_epoch] Train epoch 0: [150/1000 (15.00%)] 	bpp_y_loss: 0.201449 |	bpp_z_loss: 0.005455 |	bpp_loss: 0.206904 |	mse_loss: 0.000906 |	loss: 0.312997 |	psnr_loss: 30.617523 |
[2024-01-17 05:47:21,000 | INFO | train_one_epoch] Train epoch 0: [160/1000 (16.00%)] 	bpp_y_loss: 0.208267 |	bpp_z_loss: 0.005666 |	bpp_loss: 0.213933 |	mse_loss: 0.000915 |	loss: 0.321018 |	psnr_loss: 30.508997 |
[2024-01-17 05:47:24,326 | INFO | train_one_epoch] Train epoch 0: [170/1000 (17.00%)] 	bpp_y_loss: 0.200354 |	bpp_z_loss: 0.005438 |	bpp_loss: 0.205791 |	mse_loss: 0.000877 |	loss: 0.308391 |	psnr_loss: 30.728281 |
[2024-01-17 05:47:27,684 | INFO | train_one_epoch] Train epoch 0: [180/1000 (18.00%)] 	bpp_y_loss: 0.202755 |	bpp_z_loss: 0.005642 |	bpp_loss: 0.208397 |	mse_loss: 0.000939 |	loss: 0.318287 |	psnr_loss: 30.475025 |
[2024-01-17 05:47:31,006 | INFO | train_one_epoch] Train epoch 0: [190/1000 (19.00%)] 	bpp_y_loss: 0.200762 |	bpp_z_loss: 0.005500 |	bpp_loss: 0.206262 |	mse_loss: 0.000899 |	loss: 0.311520 |	psnr_loss: 30.562971 |
[2024-01-17 05:47:34,329 | INFO | train_one_epoch] Train epoch 0: [200/1000 (20.00%)] 	bpp_y_loss: 0.199221 |	bpp_z_loss: 0.005665 |	bpp_loss: 0.204887 |	mse_loss: 0.000807 |	loss: 0.299291 |	psnr_loss: 30.969105 |
[2024-01-17 05:47:37,649 | INFO | train_one_epoch] Train epoch 0: [210/1000 (21.00%)] 	bpp_y_loss: 0.202952 |	bpp_z_loss: 0.005569 |	bpp_loss: 0.208520 |	mse_loss: 0.000899 |	loss: 0.313692 |	psnr_loss: 30.566589 |
[2024-01-17 05:47:41,005 | INFO | train_one_epoch] Train epoch 0: [220/1000 (22.00%)] 	bpp_y_loss: 0.204960 |	bpp_z_loss: 0.005544 |	bpp_loss: 0.210504 |	mse_loss: 0.000914 |	loss: 0.317479 |	psnr_loss: 30.472788 |
[2024-01-17 05:47:44,342 | INFO | train_one_epoch] Train epoch 0: [230/1000 (23.00%)] 	bpp_y_loss: 0.201284 |	bpp_z_loss: 0.005574 |	bpp_loss: 0.206858 |	mse_loss: 0.000825 |	loss: 0.303364 |	psnr_loss: 30.961502 |
[2024-01-17 05:47:47,655 | INFO | train_one_epoch] Train epoch 0: [240/1000 (24.00%)] 	bpp_y_loss: 0.197949 |	bpp_z_loss: 0.005381 |	bpp_loss: 0.203330 |	mse_loss: 0.000766 |	loss: 0.292946 |	psnr_loss: 31.367060 |
[2024-01-17 05:47:50,995 | INFO | train_one_epoch] Train epoch 0: [250/1000 (25.00%)] 	bpp_y_loss: 0.198299 |	bpp_z_loss: 0.005526 |	bpp_loss: 0.203825 |	mse_loss: 0.000819 |	loss: 0.299630 |	psnr_loss: 30.998398 |
[2024-01-17 05:47:54,316 | INFO | train_one_epoch] Train epoch 0: [260/1000 (26.00%)] 	bpp_y_loss: 0.199318 |	bpp_z_loss: 0.005506 |	bpp_loss: 0.204823 |	mse_loss: 0.000812 |	loss: 0.299905 |	psnr_loss: 31.101706 |
[2024-01-17 05:47:57,627 | INFO | train_one_epoch] Train epoch 0: [270/1000 (27.00%)] 	bpp_y_loss: 0.207462 |	bpp_z_loss: 0.005598 |	bpp_loss: 0.213060 |	mse_loss: 0.000950 |	loss: 0.324248 |	psnr_loss: 30.346464 |
[2024-01-17 05:48:00,979 | INFO | train_one_epoch] Train epoch 0: [280/1000 (28.00%)] 	bpp_y_loss: 0.201416 |	bpp_z_loss: 0.005554 |	bpp_loss: 0.206970 |	mse_loss: 0.000834 |	loss: 0.304581 |	psnr_loss: 31.001612 |
[2024-01-17 05:48:04,361 | INFO | train_one_epoch] Train epoch 0: [290/1000 (29.00%)] 	bpp_y_loss: 0.212884 |	bpp_z_loss: 0.005583 |	bpp_loss: 0.218467 |	mse_loss: 0.001066 |	loss: 0.343274 |	psnr_loss: 29.917627 |
[2024-01-17 05:48:07,668 | INFO | train_one_epoch] Train epoch 0: [300/1000 (30.00%)] 	bpp_y_loss: 0.202244 |	bpp_z_loss: 0.005548 |	bpp_loss: 0.207792 |	mse_loss: 0.000839 |	loss: 0.306011 |	psnr_loss: 30.987125 |
[2024-01-17 05:48:11,012 | INFO | train_one_epoch] Train epoch 0: [310/1000 (31.00%)] 	bpp_y_loss: 0.206497 |	bpp_z_loss: 0.005540 |	bpp_loss: 0.212037 |	mse_loss: 0.000964 |	loss: 0.324913 |	psnr_loss: 30.219446 |
[2024-01-17 05:48:14,323 | INFO | train_one_epoch] Train epoch 0: [320/1000 (32.00%)] 	bpp_y_loss: 0.210243 |	bpp_z_loss: 0.005538 |	bpp_loss: 0.215781 |	mse_loss: 0.000999 |	loss: 0.332760 |	psnr_loss: 30.186758 |
[2024-01-17 05:48:17,665 | INFO | train_one_epoch] Train epoch 0: [330/1000 (33.00%)] 	bpp_y_loss: 0.201954 |	bpp_z_loss: 0.005617 |	bpp_loss: 0.207571 |	mse_loss: 0.000896 |	loss: 0.312459 |	psnr_loss: 30.527838 |
[2024-01-17 05:48:20,989 | INFO | train_one_epoch] Train epoch 0: [340/1000 (34.00%)] 	bpp_y_loss: 0.206199 |	bpp_z_loss: 0.005540 |	bpp_loss: 0.211739 |	mse_loss: 0.000931 |	loss: 0.320675 |	psnr_loss: 30.425739 |
[2024-01-17 05:48:24,325 | INFO | train_one_epoch] Train epoch 0: [350/1000 (35.00%)] 	bpp_y_loss: 0.205494 |	bpp_z_loss: 0.005510 |	bpp_loss: 0.211004 |	mse_loss: 0.000948 |	loss: 0.322009 |	psnr_loss: 30.375183 |
[2024-01-17 05:48:27,666 | INFO | train_one_epoch] Train epoch 0: [360/1000 (36.00%)] 	bpp_y_loss: 0.208550 |	bpp_z_loss: 0.005609 |	bpp_loss: 0.214159 |	mse_loss: 0.000932 |	loss: 0.323245 |	psnr_loss: 30.471668 |
[2024-01-17 05:48:30,991 | INFO | train_one_epoch] Train epoch 0: [370/1000 (37.00%)] 	bpp_y_loss: 0.200316 |	bpp_z_loss: 0.005448 |	bpp_loss: 0.205764 |	mse_loss: 0.000872 |	loss: 0.307791 |	psnr_loss: 30.867552 |
[2024-01-17 05:48:34,358 | INFO | train_one_epoch] Train epoch 0: [380/1000 (38.00%)] 	bpp_y_loss: 0.200941 |	bpp_z_loss: 0.005546 |	bpp_loss: 0.206486 |	mse_loss: 0.000883 |	loss: 0.309802 |	psnr_loss: 30.733078 |
[2024-01-17 05:48:37,705 | INFO | train_one_epoch] Train epoch 0: [390/1000 (39.00%)] 	bpp_y_loss: 0.210594 |	bpp_z_loss: 0.005698 |	bpp_loss: 0.216292 |	mse_loss: 0.000967 |	loss: 0.329486 |	psnr_loss: 30.317860 |
[2024-01-17 05:48:41,084 | INFO | train_one_epoch] Train epoch 0: [400/1000 (40.00%)] 	bpp_y_loss: 0.199097 |	bpp_z_loss: 0.005535 |	bpp_loss: 0.204632 |	mse_loss: 0.000830 |	loss: 0.301828 |	psnr_loss: 31.019907 |
[2024-01-17 05:48:44,423 | INFO | train_one_epoch] Train epoch 0: [410/1000 (41.00%)] 	bpp_y_loss: 0.200394 |	bpp_z_loss: 0.005428 |	bpp_loss: 0.205822 |	mse_loss: 0.000851 |	loss: 0.305462 |	psnr_loss: 30.852991 |
[2024-01-17 05:48:47,749 | INFO | train_one_epoch] Train epoch 0: [420/1000 (42.00%)] 	bpp_y_loss: 0.208436 |	bpp_z_loss: 0.005534 |	bpp_loss: 0.213970 |	mse_loss: 0.000999 |	loss: 0.330867 |	psnr_loss: 30.131754 |
[2024-01-17 05:48:51,092 | INFO | train_one_epoch] Train epoch 0: [430/1000 (43.00%)] 	bpp_y_loss: 0.206626 |	bpp_z_loss: 0.005589 |	bpp_loss: 0.212215 |	mse_loss: 0.000981 |	loss: 0.327071 |	psnr_loss: 30.159607 |
[2024-01-17 05:48:54,468 | INFO | train_one_epoch] Train epoch 0: [440/1000 (44.00%)] 	bpp_y_loss: 0.206870 |	bpp_z_loss: 0.005439 |	bpp_loss: 0.212309 |	mse_loss: 0.001066 |	loss: 0.337101 |	psnr_loss: 29.991581 |
[2024-01-17 05:48:57,834 | INFO | train_one_epoch] Train epoch 0: [450/1000 (45.00%)] 	bpp_y_loss: 0.201981 |	bpp_z_loss: 0.005478 |	bpp_loss: 0.207460 |	mse_loss: 0.000904 |	loss: 0.313278 |	psnr_loss: 30.566633 |
[2024-01-17 05:49:01,155 | INFO | train_one_epoch] Train epoch 0: [460/1000 (46.00%)] 	bpp_y_loss: 0.210316 |	bpp_z_loss: 0.005631 |	bpp_loss: 0.215947 |	mse_loss: 0.000997 |	loss: 0.332687 |	psnr_loss: 30.267960 |
[2024-01-17 05:49:04,511 | INFO | train_one_epoch] Train epoch 0: [470/1000 (47.00%)] 	bpp_y_loss: 0.205525 |	bpp_z_loss: 0.005574 |	bpp_loss: 0.211099 |	mse_loss: 0.000919 |	loss: 0.318693 |	psnr_loss: 30.657942 |
[2024-01-17 05:49:07,864 | INFO | train_one_epoch] Train epoch 0: [480/1000 (48.00%)] 	bpp_y_loss: 0.205194 |	bpp_z_loss: 0.005541 |	bpp_loss: 0.210735 |	mse_loss: 0.000925 |	loss: 0.318959 |	psnr_loss: 30.433569 |
[2024-01-17 05:49:11,184 | INFO | train_one_epoch] Train epoch 0: [490/1000 (49.00%)] 	bpp_y_loss: 0.198142 |	bpp_z_loss: 0.005514 |	bpp_loss: 0.203656 |	mse_loss: 0.000734 |	loss: 0.289556 |	psnr_loss: 31.416178 |
[2024-01-17 05:49:14,499 | INFO | train_one_epoch] Train epoch 0: [500/1000 (50.00%)] 	bpp_y_loss: 0.199195 |	bpp_z_loss: 0.005436 |	bpp_loss: 0.204631 |	mse_loss: 0.000848 |	loss: 0.303897 |	psnr_loss: 30.791605 |
[2024-01-17 05:49:17,825 | INFO | train_one_epoch] Train epoch 0: [510/1000 (51.00%)] 	bpp_y_loss: 0.199546 |	bpp_z_loss: 0.005478 |	bpp_loss: 0.205023 |	mse_loss: 0.000847 |	loss: 0.304174 |	psnr_loss: 30.848402 |
[2024-01-17 05:49:21,147 | INFO | train_one_epoch] Train epoch 0: [520/1000 (52.00%)] 	bpp_y_loss: 0.201661 |	bpp_z_loss: 0.005433 |	bpp_loss: 0.207093 |	mse_loss: 0.000854 |	loss: 0.306999 |	psnr_loss: 30.848433 |
[2024-01-17 05:49:24,503 | INFO | train_one_epoch] Train epoch 0: [530/1000 (53.00%)] 	bpp_y_loss: 0.197196 |	bpp_z_loss: 0.005463 |	bpp_loss: 0.202659 |	mse_loss: 0.000869 |	loss: 0.304422 |	psnr_loss: 30.722937 |
[2024-01-17 05:49:27,843 | INFO | train_one_epoch] Train epoch 0: [540/1000 (54.00%)] 	bpp_y_loss: 0.201192 |	bpp_z_loss: 0.005505 |	bpp_loss: 0.206696 |	mse_loss: 0.000924 |	loss: 0.314858 |	psnr_loss: 30.487644 |
[2024-01-17 05:49:31,178 | INFO | train_one_epoch] Train epoch 0: [550/1000 (55.00%)] 	bpp_y_loss: 0.207594 |	bpp_z_loss: 0.005768 |	bpp_loss: 0.213362 |	mse_loss: 0.000984 |	loss: 0.328530 |	psnr_loss: 30.288404 |
[2024-01-17 05:49:34,541 | INFO | train_one_epoch] Train epoch 0: [560/1000 (56.00%)] 	bpp_y_loss: 0.202389 |	bpp_z_loss: 0.005489 |	bpp_loss: 0.207878 |	mse_loss: 0.000872 |	loss: 0.309895 |	psnr_loss: 30.684187 |
[2024-01-17 05:49:37,928 | INFO | train_one_epoch] Train epoch 0: [570/1000 (57.00%)] 	bpp_y_loss: 0.202227 |	bpp_z_loss: 0.005493 |	bpp_loss: 0.207721 |	mse_loss: 0.000903 |	loss: 0.313356 |	psnr_loss: 30.587015 |
[2024-01-17 05:49:41,293 | INFO | train_one_epoch] Train epoch 0: [580/1000 (58.00%)] 	bpp_y_loss: 0.205319 |	bpp_z_loss: 0.005598 |	bpp_loss: 0.210917 |	mse_loss: 0.000932 |	loss: 0.320010 |	psnr_loss: 30.400843 |
[2024-01-17 05:49:44,655 | INFO | train_one_epoch] Train epoch 0: [590/1000 (59.00%)] 	bpp_y_loss: 0.208528 |	bpp_z_loss: 0.005529 |	bpp_loss: 0.214057 |	mse_loss: 0.001028 |	loss: 0.334363 |	psnr_loss: 29.976852 |
[2024-01-17 05:49:48,010 | INFO | train_one_epoch] Train epoch 0: [600/1000 (60.00%)] 	bpp_y_loss: 0.206669 |	bpp_z_loss: 0.005490 |	bpp_loss: 0.212160 |	mse_loss: 0.000962 |	loss: 0.324732 |	psnr_loss: 30.408981 |
[2024-01-17 05:49:51,339 | INFO | train_one_epoch] Train epoch 0: [610/1000 (61.00%)] 	bpp_y_loss: 0.201529 |	bpp_z_loss: 0.005533 |	bpp_loss: 0.207062 |	mse_loss: 0.000882 |	loss: 0.310353 |	psnr_loss: 30.805542 |
[2024-01-17 05:49:54,681 | INFO | train_one_epoch] Train epoch 0: [620/1000 (62.00%)] 	bpp_y_loss: 0.208209 |	bpp_z_loss: 0.005632 |	bpp_loss: 0.213841 |	mse_loss: 0.000990 |	loss: 0.329685 |	psnr_loss: 30.099821 |
[2024-01-17 05:49:58,027 | INFO | train_one_epoch] Train epoch 0: [630/1000 (63.00%)] 	bpp_y_loss: 0.203146 |	bpp_z_loss: 0.005504 |	bpp_loss: 0.208650 |	mse_loss: 0.000863 |	loss: 0.309617 |	psnr_loss: 30.739012 |
[2024-01-17 05:50:01,359 | INFO | train_one_epoch] Train epoch 0: [640/1000 (64.00%)] 	bpp_y_loss: 0.209159 |	bpp_z_loss: 0.005589 |	bpp_loss: 0.214748 |	mse_loss: 0.000986 |	loss: 0.330121 |	psnr_loss: 30.163605 |
[2024-01-17 05:50:04,716 | INFO | train_one_epoch] Train epoch 0: [650/1000 (65.00%)] 	bpp_y_loss: 0.200491 |	bpp_z_loss: 0.005480 |	bpp_loss: 0.205972 |	mse_loss: 0.000811 |	loss: 0.300916 |	psnr_loss: 30.958311 |
[2024-01-17 05:50:08,036 | INFO | train_one_epoch] Train epoch 0: [660/1000 (66.00%)] 	bpp_y_loss: 0.203748 |	bpp_z_loss: 0.005514 |	bpp_loss: 0.209262 |	mse_loss: 0.000899 |	loss: 0.314535 |	psnr_loss: 30.505308 |
[2024-01-17 05:50:11,384 | INFO | train_one_epoch] Train epoch 0: [670/1000 (67.00%)] 	bpp_y_loss: 0.204079 |	bpp_z_loss: 0.005482 |	bpp_loss: 0.209561 |	mse_loss: 0.000936 |	loss: 0.319096 |	psnr_loss: 30.449717 |
[2024-01-17 05:50:14,700 | INFO | train_one_epoch] Train epoch 0: [680/1000 (68.00%)] 	bpp_y_loss: 0.195433 |	bpp_z_loss: 0.005490 |	bpp_loss: 0.200923 |	mse_loss: 0.000749 |	loss: 0.288553 |	psnr_loss: 31.457087 |
[2024-01-17 05:50:18,061 | INFO | train_one_epoch] Train epoch 0: [690/1000 (69.00%)] 	bpp_y_loss: 0.199672 |	bpp_z_loss: 0.005501 |	bpp_loss: 0.205174 |	mse_loss: 0.000919 |	loss: 0.312757 |	psnr_loss: 30.708338 |
[2024-01-17 05:50:21,419 | INFO | train_one_epoch] Train epoch 0: [700/1000 (70.00%)] 	bpp_y_loss: 0.210603 |	bpp_z_loss: 0.005601 |	bpp_loss: 0.216204 |	mse_loss: 0.001027 |	loss: 0.336411 |	psnr_loss: 29.949133 |
[2024-01-17 05:50:24,773 | INFO | train_one_epoch] Train epoch 0: [710/1000 (71.00%)] 	bpp_y_loss: 0.211287 |	bpp_z_loss: 0.005654 |	bpp_loss: 0.216942 |	mse_loss: 0.001004 |	loss: 0.334443 |	psnr_loss: 30.139936 |
[2024-01-17 05:50:28,131 | INFO | train_one_epoch] Train epoch 0: [720/1000 (72.00%)] 	bpp_y_loss: 0.202228 |	bpp_z_loss: 0.005545 |	bpp_loss: 0.207773 |	mse_loss: 0.000853 |	loss: 0.307586 |	psnr_loss: 30.883595 |
[2024-01-17 05:50:31,446 | INFO | train_one_epoch] Train epoch 0: [730/1000 (73.00%)] 	bpp_y_loss: 0.199750 |	bpp_z_loss: 0.005431 |	bpp_loss: 0.205181 |	mse_loss: 0.000794 |	loss: 0.298070 |	psnr_loss: 31.142578 |
[2024-01-17 05:50:34,783 | INFO | train_one_epoch] Train epoch 0: [740/1000 (74.00%)] 	bpp_y_loss: 0.208613 |	bpp_z_loss: 0.005660 |	bpp_loss: 0.214273 |	mse_loss: 0.000981 |	loss: 0.329095 |	psnr_loss: 30.323475 |
[2024-01-17 05:50:38,111 | INFO | train_one_epoch] Train epoch 0: [750/1000 (75.00%)] 	bpp_y_loss: 0.203951 |	bpp_z_loss: 0.005551 |	bpp_loss: 0.209501 |	mse_loss: 0.000956 |	loss: 0.321342 |	psnr_loss: 30.521322 |
[2024-01-17 05:50:41,433 | INFO | train_one_epoch] Train epoch 0: [760/1000 (76.00%)] 	bpp_y_loss: 0.204645 |	bpp_z_loss: 0.005492 |	bpp_loss: 0.210137 |	mse_loss: 0.000911 |	loss: 0.316785 |	psnr_loss: 30.536051 |
[2024-01-17 05:50:44,764 | INFO | train_one_epoch] Train epoch 0: [770/1000 (77.00%)] 	bpp_y_loss: 0.197573 |	bpp_z_loss: 0.005536 |	bpp_loss: 0.203109 |	mse_loss: 0.000796 |	loss: 0.296319 |	psnr_loss: 31.076492 |
[2024-01-17 05:50:48,098 | INFO | train_one_epoch] Train epoch 0: [780/1000 (78.00%)] 	bpp_y_loss: 0.206103 |	bpp_z_loss: 0.005487 |	bpp_loss: 0.211590 |	mse_loss: 0.000959 |	loss: 0.323842 |	psnr_loss: 30.292572 |
[2024-01-17 05:50:51,447 | INFO | train_one_epoch] Train epoch 0: [790/1000 (79.00%)] 	bpp_y_loss: 0.203523 |	bpp_z_loss: 0.005631 |	bpp_loss: 0.209154 |	mse_loss: 0.000885 |	loss: 0.312740 |	psnr_loss: 30.609116 |
[2024-01-17 05:50:54,810 | INFO | train_one_epoch] Train epoch 0: [800/1000 (80.00%)] 	bpp_y_loss: 0.200892 |	bpp_z_loss: 0.005576 |	bpp_loss: 0.206468 |	mse_loss: 0.000841 |	loss: 0.304921 |	psnr_loss: 30.786493 |
[2024-01-17 05:50:58,144 | INFO | train_one_epoch] Train epoch 0: [810/1000 (81.00%)] 	bpp_y_loss: 0.205103 |	bpp_z_loss: 0.005569 |	bpp_loss: 0.210672 |	mse_loss: 0.000883 |	loss: 0.313992 |	psnr_loss: 31.117558 |
[2024-01-17 05:51:01,453 | INFO | train_one_epoch] Train epoch 0: [820/1000 (82.00%)] 	bpp_y_loss: 0.202533 |	bpp_z_loss: 0.005452 |	bpp_loss: 0.207985 |	mse_loss: 0.000884 |	loss: 0.311409 |	psnr_loss: 30.661142 |
[2024-01-17 05:51:04,784 | INFO | train_one_epoch] Train epoch 0: [830/1000 (83.00%)] 	bpp_y_loss: 0.207749 |	bpp_z_loss: 0.005523 |	bpp_loss: 0.213272 |	mse_loss: 0.001001 |	loss: 0.330393 |	psnr_loss: 30.106009 |
[2024-01-17 05:51:08,154 | INFO | train_one_epoch] Train epoch 0: [840/1000 (84.00%)] 	bpp_y_loss: 0.200019 |	bpp_z_loss: 0.005452 |	bpp_loss: 0.205471 |	mse_loss: 0.000779 |	loss: 0.296698 |	psnr_loss: 31.231657 |
[2024-01-17 05:51:11,469 | INFO | train_one_epoch] Train epoch 0: [850/1000 (85.00%)] 	bpp_y_loss: 0.201373 |	bpp_z_loss: 0.005572 |	bpp_loss: 0.206945 |	mse_loss: 0.000825 |	loss: 0.303547 |	psnr_loss: 30.931883 |
[2024-01-17 05:51:14,816 | INFO | train_one_epoch] Train epoch 0: [860/1000 (86.00%)] 	bpp_y_loss: 0.192409 |	bpp_z_loss: 0.005454 |	bpp_loss: 0.197863 |	mse_loss: 0.000703 |	loss: 0.280185 |	psnr_loss: 31.653818 |
[2024-01-17 05:51:18,176 | INFO | train_one_epoch] Train epoch 0: [870/1000 (87.00%)] 	bpp_y_loss: 0.199686 |	bpp_z_loss: 0.005505 |	bpp_loss: 0.205192 |	mse_loss: 0.000853 |	loss: 0.305019 |	psnr_loss: 30.832209 |
[2024-01-17 05:51:21,509 | INFO | train_one_epoch] Train epoch 0: [880/1000 (88.00%)] 	bpp_y_loss: 0.207258 |	bpp_z_loss: 0.005625 |	bpp_loss: 0.212884 |	mse_loss: 0.000952 |	loss: 0.324336 |	psnr_loss: 30.298237 |
[2024-01-17 05:51:24,832 | INFO | train_one_epoch] Train epoch 0: [890/1000 (89.00%)] 	bpp_y_loss: 0.203243 |	bpp_z_loss: 0.005600 |	bpp_loss: 0.208843 |	mse_loss: 0.000870 |	loss: 0.310645 |	psnr_loss: 30.773283 |
[2024-01-17 05:51:28,162 | INFO | train_one_epoch] Train epoch 0: [900/1000 (90.00%)] 	bpp_y_loss: 0.205865 |	bpp_z_loss: 0.005548 |	bpp_loss: 0.211413 |	mse_loss: 0.000915 |	loss: 0.318554 |	psnr_loss: 30.454283 |
[2024-01-17 05:51:31,511 | INFO | train_one_epoch] Train epoch 0: [910/1000 (91.00%)] 	bpp_y_loss: 0.202649 |	bpp_z_loss: 0.005520 |	bpp_loss: 0.208168 |	mse_loss: 0.000893 |	loss: 0.312654 |	psnr_loss: 30.654499 |
[2024-01-17 05:51:34,828 | INFO | train_one_epoch] Train epoch 0: [920/1000 (92.00%)] 	bpp_y_loss: 0.201228 |	bpp_z_loss: 0.005637 |	bpp_loss: 0.206865 |	mse_loss: 0.000866 |	loss: 0.308198 |	psnr_loss: 30.795776 |
[2024-01-17 05:51:38,142 | INFO | train_one_epoch] Train epoch 0: [930/1000 (93.00%)] 	bpp_y_loss: 0.209496 |	bpp_z_loss: 0.005618 |	bpp_loss: 0.215114 |	mse_loss: 0.000992 |	loss: 0.331245 |	psnr_loss: 30.173853 |
[2024-01-17 05:51:41,505 | INFO | train_one_epoch] Train epoch 0: [940/1000 (94.00%)] 	bpp_y_loss: 0.200807 |	bpp_z_loss: 0.005527 |	bpp_loss: 0.206334 |	mse_loss: 0.000845 |	loss: 0.305269 |	psnr_loss: 30.908482 |
[2024-01-17 05:51:44,856 | INFO | train_one_epoch] Train epoch 0: [950/1000 (95.00%)] 	bpp_y_loss: 0.203519 |	bpp_z_loss: 0.005531 |	bpp_loss: 0.209049 |	mse_loss: 0.000911 |	loss: 0.315715 |	psnr_loss: 30.675970 |
[2024-01-17 05:51:48,180 | INFO | train_one_epoch] Train epoch 0: [960/1000 (96.00%)] 	bpp_y_loss: 0.197500 |	bpp_z_loss: 0.005384 |	bpp_loss: 0.202883 |	mse_loss: 0.000799 |	loss: 0.296373 |	psnr_loss: 31.047321 |
[2024-01-17 05:51:51,541 | INFO | train_one_epoch] Train epoch 0: [970/1000 (97.00%)] 	bpp_y_loss: 0.202296 |	bpp_z_loss: 0.005600 |	bpp_loss: 0.207897 |	mse_loss: 0.000877 |	loss: 0.310532 |	psnr_loss: 30.680206 |
[2024-01-17 05:51:54,890 | INFO | train_one_epoch] Train epoch 0: [980/1000 (98.00%)] 	bpp_y_loss: 0.202055 |	bpp_z_loss: 0.005565 |	bpp_loss: 0.207621 |	mse_loss: 0.000841 |	loss: 0.306067 |	psnr_loss: 30.864252 |
[2024-01-17 05:51:58,236 | INFO | train_one_epoch] Train epoch 0: [990/1000 (99.00%)] 	bpp_y_loss: 0.199404 |	bpp_z_loss: 0.005530 |	bpp_loss: 0.204934 |	mse_loss: 0.000801 |	loss: 0.298685 |	psnr_loss: 31.071182 |
[2024-01-17 05:52:01,553 | INFO | train_one_epoch] Train epoch 0: [1000/1000 (100.00%)] 	bpp_y_loss: 0.200483 |	bpp_z_loss: 0.005425 |	bpp_loss: 0.205908 |	mse_loss: 0.000772 |	loss: 0.296278 |	psnr_loss: 31.237823 |
