[2024-01-02 04:42:00,257 | INFO | <module>] Args: Namespace(model='bmshj2018_factorized', parameter_set=2, epsilon=0.01, adv_steps=100, batch_size=8, epochs=100, steps_per_epoch=100, learning_rate=0.0001, save=True, seed=19260817, clip_max_norm=-1.0, checkpoint=None, type='mse', lr_epoch=[5], continue_train=False)
[2024-01-02 04:42:00,275 | INFO | <module>] Lmbda=0.004393914429
[2024-01-02 04:42:00,275 | INFO | train_one_epoch] Learning rate: 0.0001
[2024-01-02 04:42:08,547 | INFO | train_one_epoch] Train epoch 0: [0/100 (0.00%)] 	bpp_y_loss: 0.199932 |	bpp_z_loss: 0.000000 |	bpp_loss: 0.199932 |	mse_loss: 0.001451 |	loss: 0.002329 |	psnr_loss: 28.383915 |
[2024-01-02 04:42:35,065 | INFO | train_one_epoch] Train epoch 0: [10/100 (10.00%)] 	bpp_y_loss: 0.194309 |	bpp_z_loss: 0.000000 |	bpp_loss: 0.194309 |	mse_loss: 0.001187 |	loss: 0.002041 |	psnr_loss: 29.380512 |
[2024-01-02 04:43:01,601 | INFO | train_one_epoch] Train epoch 0: [20/100 (20.00%)] 	bpp_y_loss: 0.189823 |	bpp_z_loss: 0.000000 |	bpp_loss: 0.189823 |	mse_loss: 0.001073 |	loss: 0.001907 |	psnr_loss: 29.890583 |
[2024-01-02 04:43:28,136 | INFO | train_one_epoch] Train epoch 0: [30/100 (30.00%)] 	bpp_y_loss: 0.192165 |	bpp_z_loss: 0.000000 |	bpp_loss: 0.192165 |	mse_loss: 0.001020 |	loss: 0.001864 |	psnr_loss: 29.954132 |
[2024-01-02 04:43:54,721 | INFO | train_one_epoch] Train epoch 0: [40/100 (40.00%)] 	bpp_y_loss: 0.199343 |	bpp_z_loss: 0.000000 |	bpp_loss: 0.199343 |	mse_loss: 0.001072 |	loss: 0.001948 |	psnr_loss: 29.869024 |
[2024-01-02 04:44:21,266 | INFO | train_one_epoch] Train epoch 0: [50/100 (50.00%)] 	bpp_y_loss: 0.195214 |	bpp_z_loss: 0.000000 |	bpp_loss: 0.195214 |	mse_loss: 0.001025 |	loss: 0.001883 |	psnr_loss: 29.963682 |
[2024-01-02 04:44:47,837 | INFO | train_one_epoch] Train epoch 0: [60/100 (60.00%)] 	bpp_y_loss: 0.197324 |	bpp_z_loss: 0.000000 |	bpp_loss: 0.197324 |	mse_loss: 0.001078 |	loss: 0.001945 |	psnr_loss: 29.789631 |
[2024-01-02 04:45:14,384 | INFO | train_one_epoch] Train epoch 0: [70/100 (70.00%)] 	bpp_y_loss: 0.185139 |	bpp_z_loss: 0.000000 |	bpp_loss: 0.185139 |	mse_loss: 0.000896 |	loss: 0.001710 |	psnr_loss: 30.649841 |
[2024-01-02 04:45:40,825 | INFO | train_one_epoch] Train epoch 0: [80/100 (80.00%)] 	bpp_y_loss: 0.193858 |	bpp_z_loss: 0.000000 |	bpp_loss: 0.193858 |	mse_loss: 0.001013 |	loss: 0.001865 |	psnr_loss: 30.154388 |
[2024-01-02 04:46:07,309 | INFO | train_one_epoch] Train epoch 0: [90/100 (90.00%)] 	bpp_y_loss: 0.207336 |	bpp_z_loss: 0.000000 |	bpp_loss: 0.207336 |	mse_loss: 0.001298 |	loss: 0.002209 |	psnr_loss: 28.962727 |
[2024-01-02 04:46:33,850 | INFO | train_one_epoch] Train epoch 0: [100/100 (100.00%)] 	bpp_y_loss: 0.196923 |	bpp_z_loss: 0.000000 |	bpp_loss: 0.196923 |	mse_loss: 0.001083 |	loss: 0.001948 |	psnr_loss: 29.773146 |
[2024-01-02 04:47:11,924 | INFO | test_adversarial] Testing results for epoch 1 [ADVERSARIAL] | bpp_y_loss=0.23345 | bpp_z_loss=0.00000 | bpp_loss=0.23345 | mse_loss=0.00254 | loss=0.00357 | psnr_loss=26.57061
[2024-01-02 04:47:12,471 | INFO | test_one_epoch] Testing results for epoch 1 | bpp_y_loss=0.22264 | bpp_z_loss=0.00000 | bpp_loss=0.22264 | mse_loss=0.00191 | loss=0.00289 | psnr_loss=27.99921
[2024-01-02 04:47:12,709 | INFO | train_one_epoch] Learning rate: 0.0001
[2024-01-02 04:47:15,432 | INFO | train_one_epoch] Train epoch 1: [0/100 (0.00%)] 	bpp_y_loss: 0.169453 |	bpp_z_loss: 0.000000 |	bpp_loss: 0.169453 |	mse_loss: 0.000652 |	loss: 0.001396 |	psnr_loss: 31.857960 |
[2024-01-02 04:47:42,020 | INFO | train_one_epoch] Train epoch 1: [10/100 (10.00%)] 	bpp_y_loss: 0.187982 |	bpp_z_loss: 0.000000 |	bpp_loss: 0.187982 |	mse_loss: 0.000963 |	loss: 0.001789 |	psnr_loss: 30.309896 |
[2024-01-02 04:48:08,605 | INFO | train_one_epoch] Train epoch 1: [20/100 (20.00%)] 	bpp_y_loss: 0.191203 |	bpp_z_loss: 0.000000 |	bpp_loss: 0.191203 |	mse_loss: 0.000950 |	loss: 0.001790 |	psnr_loss: 30.432865 |
[2024-01-02 04:48:35,157 | INFO | train_one_epoch] Train epoch 1: [30/100 (30.00%)] 	bpp_y_loss: 0.192869 |	bpp_z_loss: 0.000000 |	bpp_loss: 0.192869 |	mse_loss: 0.001080 |	loss: 0.001928 |	psnr_loss: 29.782785 |
[2024-01-02 04:49:01,689 | INFO | train_one_epoch] Train epoch 1: [40/100 (40.00%)] 	bpp_y_loss: 0.195354 |	bpp_z_loss: 0.000000 |	bpp_loss: 0.195354 |	mse_loss: 0.001128 |	loss: 0.001986 |	psnr_loss: 29.624990 |
[2024-01-02 04:49:28,326 | INFO | train_one_epoch] Train epoch 1: [50/100 (50.00%)] 	bpp_y_loss: 0.192846 |	bpp_z_loss: 0.000000 |	bpp_loss: 0.192846 |	mse_loss: 0.001062 |	loss: 0.001910 |	psnr_loss: 29.897751 |
[2024-01-02 04:49:54,858 | INFO | train_one_epoch] Train epoch 1: [60/100 (60.00%)] 	bpp_y_loss: 0.179327 |	bpp_z_loss: 0.000000 |	bpp_loss: 0.179327 |	mse_loss: 0.000854 |	loss: 0.001642 |	psnr_loss: 30.795197 |
[2024-01-02 04:50:21,454 | INFO | train_one_epoch] Train epoch 1: [70/100 (70.00%)] 	bpp_y_loss: 0.177201 |	bpp_z_loss: 0.000000 |	bpp_loss: 0.177201 |	mse_loss: 0.000829 |	loss: 0.001608 |	psnr_loss: 30.858480 |
[2024-01-02 04:50:48,051 | INFO | train_one_epoch] Train epoch 1: [80/100 (80.00%)] 	bpp_y_loss: 0.190083 |	bpp_z_loss: 0.000000 |	bpp_loss: 0.190083 |	mse_loss: 0.000983 |	loss: 0.001818 |	psnr_loss: 30.178015 |
[2024-01-02 04:51:14,581 | INFO | train_one_epoch] Train epoch 1: [90/100 (90.00%)] 	bpp_y_loss: 0.192211 |	bpp_z_loss: 0.000000 |	bpp_loss: 0.192211 |	mse_loss: 0.001014 |	loss: 0.001858 |	psnr_loss: 30.031500 |
[2024-01-02 04:51:41,119 | INFO | train_one_epoch] Train epoch 1: [100/100 (100.00%)] 	bpp_y_loss: 0.189717 |	bpp_z_loss: 0.000000 |	bpp_loss: 0.189717 |	mse_loss: 0.001062 |	loss: 0.001896 |	psnr_loss: 29.999500 |
[2024-01-02 04:52:18,931 | INFO | test_adversarial] Testing results for epoch 2 [ADVERSARIAL] | bpp_y_loss=0.23368 | bpp_z_loss=0.00000 | bpp_loss=0.23368 | mse_loss=0.00254 | loss=0.00357 | psnr_loss=26.58607
[2024-01-02 04:52:19,509 | INFO | test_one_epoch] Testing results for epoch 2 | bpp_y_loss=0.22247 | bpp_z_loss=0.00000 | bpp_loss=0.22247 | mse_loss=0.00191 | loss=0.00289 | psnr_loss=28.00605
[2024-01-02 04:52:19,629 | INFO | train_one_epoch] Learning rate: 0.0001
[2024-01-02 04:52:22,341 | INFO | train_one_epoch] Train epoch 2: [0/100 (0.00%)] 	bpp_y_loss: 0.201095 |	bpp_z_loss: 0.000000 |	bpp_loss: 0.201095 |	mse_loss: 0.001261 |	loss: 0.002145 |	psnr_loss: 28.991867 |
[2024-01-02 04:52:48,857 | INFO | train_one_epoch] Train epoch 2: [10/100 (10.00%)] 	bpp_y_loss: 0.197741 |	bpp_z_loss: 0.000000 |	bpp_loss: 0.197741 |	mse_loss: 0.001116 |	loss: 0.001985 |	psnr_loss: 29.723270 |
[2024-01-02 04:53:15,379 | INFO | train_one_epoch] Train epoch 2: [20/100 (20.00%)] 	bpp_y_loss: 0.187221 |	bpp_z_loss: 0.000000 |	bpp_loss: 0.187221 |	mse_loss: 0.000956 |	loss: 0.001779 |	psnr_loss: 30.292852 |
[2024-01-02 04:53:41,939 | INFO | train_one_epoch] Train epoch 2: [30/100 (30.00%)] 	bpp_y_loss: 0.178361 |	bpp_z_loss: 0.000000 |	bpp_loss: 0.178361 |	mse_loss: 0.000858 |	loss: 0.001641 |	psnr_loss: 30.751032 |
[2024-01-02 04:54:08,477 | INFO | train_one_epoch] Train epoch 2: [40/100 (40.00%)] 	bpp_y_loss: 0.188889 |	bpp_z_loss: 0.000000 |	bpp_loss: 0.188889 |	mse_loss: 0.000982 |	loss: 0.001812 |	psnr_loss: 30.230200 |
[2024-01-02 04:54:35,029 | INFO | train_one_epoch] Train epoch 2: [50/100 (50.00%)] 	bpp_y_loss: 0.186949 |	bpp_z_loss: 0.000000 |	bpp_loss: 0.186949 |	mse_loss: 0.001048 |	loss: 0.001869 |	psnr_loss: 30.165403 |
[2024-01-02 04:55:01,643 | INFO | train_one_epoch] Train epoch 2: [60/100 (60.00%)] 	bpp_y_loss: 0.193858 |	bpp_z_loss: 0.000000 |	bpp_loss: 0.193858 |	mse_loss: 0.001082 |	loss: 0.001934 |	psnr_loss: 29.825546 |
[2024-01-02 04:55:28,489 | INFO | train_one_epoch] Train epoch 2: [70/100 (70.00%)] 	bpp_y_loss: 0.192476 |	bpp_z_loss: 0.000000 |	bpp_loss: 0.192476 |	mse_loss: 0.001047 |	loss: 0.001893 |	psnr_loss: 29.995611 |
[2024-01-02 04:55:55,042 | INFO | train_one_epoch] Train epoch 2: [80/100 (80.00%)] 	bpp_y_loss: 0.195097 |	bpp_z_loss: 0.000000 |	bpp_loss: 0.195097 |	mse_loss: 0.001031 |	loss: 0.001888 |	psnr_loss: 30.147409 |
[2024-01-02 04:56:21,547 | INFO | train_one_epoch] Train epoch 2: [90/100 (90.00%)] 	bpp_y_loss: 0.186876 |	bpp_z_loss: 0.000000 |	bpp_loss: 0.186876 |	mse_loss: 0.001008 |	loss: 0.001829 |	psnr_loss: 30.075825 |
[2024-01-02 04:56:48,101 | INFO | train_one_epoch] Train epoch 2: [100/100 (100.00%)] 	bpp_y_loss: 0.190359 |	bpp_z_loss: 0.000000 |	bpp_loss: 0.190359 |	mse_loss: 0.001044 |	loss: 0.001881 |	psnr_loss: 29.957218 |
[2024-01-02 04:57:26,490 | INFO | test_adversarial] Testing results for epoch 3 [ADVERSARIAL] | bpp_y_loss=0.23437 | bpp_z_loss=0.00000 | bpp_loss=0.23437 | mse_loss=0.00253 | loss=0.00356 | psnr_loss=26.60206
[2024-01-02 04:57:27,055 | INFO | test_one_epoch] Testing results for epoch 3 | bpp_y_loss=0.22352 | bpp_z_loss=0.00000 | bpp_loss=0.22352 | mse_loss=0.00191 | loss=0.00289 | psnr_loss=28.00211
[2024-01-02 04:57:27,650 | INFO | train_one_epoch] Learning rate: 0.0001
[2024-01-02 04:57:30,379 | INFO | train_one_epoch] Train epoch 3: [0/100 (0.00%)] 	bpp_y_loss: 0.175056 |	bpp_z_loss: 0.000000 |	bpp_loss: 0.175056 |	mse_loss: 0.000928 |	loss: 0.001698 |	psnr_loss: 30.322777 |
[2024-01-02 04:57:56,974 | INFO | train_one_epoch] Train epoch 3: [10/100 (10.00%)] 	bpp_y_loss: 0.197139 |	bpp_z_loss: 0.000000 |	bpp_loss: 0.197139 |	mse_loss: 0.001191 |	loss: 0.002058 |	psnr_loss: 29.440247 |
[2024-01-02 04:58:23,506 | INFO | train_one_epoch] Train epoch 3: [20/100 (20.00%)] 	bpp_y_loss: 0.193858 |	bpp_z_loss: 0.000000 |	bpp_loss: 0.193858 |	mse_loss: 0.001086 |	loss: 0.001938 |	psnr_loss: 29.736561 |
[2024-01-02 04:58:50,033 | INFO | train_one_epoch] Train epoch 3: [30/100 (30.00%)] 	bpp_y_loss: 0.198178 |	bpp_z_loss: 0.000000 |	bpp_loss: 0.198178 |	mse_loss: 0.001269 |	loss: 0.002139 |	psnr_loss: 29.052923 |
[2024-01-02 04:59:16,727 | INFO | train_one_epoch] Train epoch 3: [40/100 (40.00%)] 	bpp_y_loss: 0.187418 |	bpp_z_loss: 0.000000 |	bpp_loss: 0.187418 |	mse_loss: 0.001059 |	loss: 0.001883 |	psnr_loss: 29.957386 |
[2024-01-02 04:59:43,500 | INFO | train_one_epoch] Train epoch 3: [50/100 (50.00%)] 	bpp_y_loss: 0.199298 |	bpp_z_loss: 0.000000 |	bpp_loss: 0.199298 |	mse_loss: 0.001211 |	loss: 0.002087 |	psnr_loss: 29.269033 |
[2024-01-02 05:00:10,244 | INFO | train_one_epoch] Train epoch 3: [60/100 (60.00%)] 	bpp_y_loss: 0.184257 |	bpp_z_loss: 0.000000 |	bpp_loss: 0.184257 |	mse_loss: 0.000966 |	loss: 0.001776 |	psnr_loss: 30.225382 |
[2024-01-02 05:00:36,936 | INFO | train_one_epoch] Train epoch 3: [70/100 (70.00%)] 	bpp_y_loss: 0.192470 |	bpp_z_loss: 0.000000 |	bpp_loss: 0.192470 |	mse_loss: 0.000997 |	loss: 0.001843 |	psnr_loss: 30.079727 |
[2024-01-02 05:01:03,601 | INFO | train_one_epoch] Train epoch 3: [80/100 (80.00%)] 	bpp_y_loss: 0.184214 |	bpp_z_loss: 0.000000 |	bpp_loss: 0.184214 |	mse_loss: 0.000904 |	loss: 0.001714 |	psnr_loss: 30.558775 |
[2024-01-02 05:01:30,204 | INFO | train_one_epoch] Train epoch 3: [90/100 (90.00%)] 	bpp_y_loss: 0.191077 |	bpp_z_loss: 0.000000 |	bpp_loss: 0.191077 |	mse_loss: 0.001100 |	loss: 0.001940 |	psnr_loss: 29.761366 |
[2024-01-02 05:01:56,901 | INFO | train_one_epoch] Train epoch 3: [100/100 (100.00%)] 	bpp_y_loss: 0.190584 |	bpp_z_loss: 0.000000 |	bpp_loss: 0.190584 |	mse_loss: 0.001033 |	loss: 0.001870 |	psnr_loss: 30.000055 |
[2024-01-02 05:02:35,066 | INFO | test_adversarial] Testing results for epoch 4 [ADVERSARIAL] | bpp_y_loss=0.23287 | bpp_z_loss=0.00000 | bpp_loss=0.23287 | mse_loss=0.00254 | loss=0.00356 | psnr_loss=26.59395
[2024-01-02 05:02:35,622 | INFO | test_one_epoch] Testing results for epoch 4 | bpp_y_loss=0.22213 | bpp_z_loss=0.00000 | bpp_loss=0.22213 | mse_loss=0.00192 | loss=0.00289 | psnr_loss=27.98478
[2024-01-02 05:02:35,760 | INFO | train_one_epoch] Learning rate: 0.0001
[2024-01-02 05:02:38,466 | INFO | train_one_epoch] Train epoch 4: [0/100 (0.00%)] 	bpp_y_loss: 0.202370 |	bpp_z_loss: 0.000000 |	bpp_loss: 0.202370 |	mse_loss: 0.001032 |	loss: 0.001921 |	psnr_loss: 29.863890 |
[2024-01-02 05:03:05,018 | INFO | train_one_epoch] Train epoch 4: [10/100 (10.00%)] 	bpp_y_loss: 0.189060 |	bpp_z_loss: 0.000000 |	bpp_loss: 0.189060 |	mse_loss: 0.001073 |	loss: 0.001904 |	psnr_loss: 29.820377 |
[2024-01-02 05:03:31,570 | INFO | train_one_epoch] Train epoch 4: [20/100 (20.00%)] 	bpp_y_loss: 0.188032 |	bpp_z_loss: 0.000000 |	bpp_loss: 0.188032 |	mse_loss: 0.001036 |	loss: 0.001862 |	psnr_loss: 29.920088 |
[2024-01-02 05:03:58,134 | INFO | train_one_epoch] Train epoch 4: [30/100 (30.00%)] 	bpp_y_loss: 0.194362 |	bpp_z_loss: 0.000000 |	bpp_loss: 0.194362 |	mse_loss: 0.001083 |	loss: 0.001937 |	psnr_loss: 29.807081 |
[2024-01-02 05:04:24,685 | INFO | train_one_epoch] Train epoch 4: [40/100 (40.00%)] 	bpp_y_loss: 0.185856 |	bpp_z_loss: 0.000000 |	bpp_loss: 0.185856 |	mse_loss: 0.000934 |	loss: 0.001751 |	psnr_loss: 30.348251 |
[2024-01-02 05:04:51,228 | INFO | train_one_epoch] Train epoch 4: [50/100 (50.00%)] 	bpp_y_loss: 0.192672 |	bpp_z_loss: 0.000000 |	bpp_loss: 0.192672 |	mse_loss: 0.001057 |	loss: 0.001904 |	psnr_loss: 29.879642 |
[2024-01-02 05:05:17,793 | INFO | train_one_epoch] Train epoch 4: [60/100 (60.00%)] 	bpp_y_loss: 0.189628 |	bpp_z_loss: 0.000000 |	bpp_loss: 0.189628 |	mse_loss: 0.001015 |	loss: 0.001849 |	psnr_loss: 30.065678 |
[2024-01-02 05:05:44,395 | INFO | train_one_epoch] Train epoch 4: [70/100 (70.00%)] 	bpp_y_loss: 0.181612 |	bpp_z_loss: 0.000000 |	bpp_loss: 0.181612 |	mse_loss: 0.000981 |	loss: 0.001779 |	psnr_loss: 30.148634 |
[2024-01-02 05:06:10,992 | INFO | train_one_epoch] Train epoch 4: [80/100 (80.00%)] 	bpp_y_loss: 0.189007 |	bpp_z_loss: 0.000000 |	bpp_loss: 0.189007 |	mse_loss: 0.001099 |	loss: 0.001930 |	psnr_loss: 29.672108 |
[2024-01-02 05:06:37,560 | INFO | train_one_epoch] Train epoch 4: [90/100 (90.00%)] 	bpp_y_loss: 0.197083 |	bpp_z_loss: 0.000000 |	bpp_loss: 0.197083 |	mse_loss: 0.001192 |	loss: 0.002058 |	psnr_loss: 29.310942 |
[2024-01-02 05:07:04,023 | INFO | train_one_epoch] Train epoch 4: [100/100 (100.00%)] 	bpp_y_loss: 0.181350 |	bpp_z_loss: 0.000000 |	bpp_loss: 0.181350 |	mse_loss: 0.000959 |	loss: 0.001755 |	psnr_loss: 30.427307 |
[2024-01-02 05:07:42,436 | INFO | test_adversarial] Testing results for epoch 5 [ADVERSARIAL] | bpp_y_loss=0.23178 | bpp_z_loss=0.00000 | bpp_loss=0.23178 | mse_loss=0.00255 | loss=0.00357 | psnr_loss=26.56512
[2024-01-02 05:07:42,986 | INFO | test_one_epoch] Testing results for epoch 5 | bpp_y_loss=0.22117 | bpp_z_loss=0.00000 | bpp_loss=0.22117 | mse_loss=0.00193 | loss=0.00290 | psnr_loss=27.94473
[2024-01-02 05:07:43,121 | INFO | train_one_epoch] Learning rate: 2e-05
[2024-01-02 05:07:45,847 | INFO | train_one_epoch] Train epoch 5: [0/100 (0.00%)] 	bpp_y_loss: 0.189756 |	bpp_z_loss: 0.000000 |	bpp_loss: 0.189756 |	mse_loss: 0.001247 |	loss: 0.002081 |	psnr_loss: 29.041882 |
[2024-01-02 05:08:12,451 | INFO | train_one_epoch] Train epoch 5: [10/100 (10.00%)] 	bpp_y_loss: 0.193628 |	bpp_z_loss: 0.000000 |	bpp_loss: 0.193628 |	mse_loss: 0.001104 |	loss: 0.001955 |	psnr_loss: 29.783298 |
[2024-01-02 05:08:39,000 | INFO | train_one_epoch] Train epoch 5: [20/100 (20.00%)] 	bpp_y_loss: 0.185715 |	bpp_z_loss: 0.000000 |	bpp_loss: 0.185715 |	mse_loss: 0.001039 |	loss: 0.001855 |	psnr_loss: 29.969278 |
[2024-01-02 05:09:05,586 | INFO | train_one_epoch] Train epoch 5: [30/100 (30.00%)] 	bpp_y_loss: 0.187767 |	bpp_z_loss: 0.000000 |	bpp_loss: 0.187767 |	mse_loss: 0.001022 |	loss: 0.001847 |	psnr_loss: 30.002821 |
[2024-01-02 05:09:32,126 | INFO | train_one_epoch] Train epoch 5: [40/100 (40.00%)] 	bpp_y_loss: 0.175335 |	bpp_z_loss: 0.000000 |	bpp_loss: 0.175335 |	mse_loss: 0.000892 |	loss: 0.001662 |	psnr_loss: 30.598158 |
[2024-01-02 05:09:58,706 | INFO | train_one_epoch] Train epoch 5: [50/100 (50.00%)] 	bpp_y_loss: 0.194615 |	bpp_z_loss: 0.000000 |	bpp_loss: 0.194615 |	mse_loss: 0.001260 |	loss: 0.002115 |	psnr_loss: 29.150715 |
[2024-01-02 05:10:25,241 | INFO | train_one_epoch] Train epoch 5: [60/100 (60.00%)] 	bpp_y_loss: 0.189234 |	bpp_z_loss: 0.000000 |	bpp_loss: 0.189234 |	mse_loss: 0.001117 |	loss: 0.001948 |	psnr_loss: 29.583755 |
[2024-01-02 05:10:51,733 | INFO | train_one_epoch] Train epoch 5: [70/100 (70.00%)] 	bpp_y_loss: 0.182783 |	bpp_z_loss: 0.000000 |	bpp_loss: 0.182783 |	mse_loss: 0.001089 |	loss: 0.001892 |	psnr_loss: 29.971502 |
[2024-01-02 05:11:18,346 | INFO | train_one_epoch] Train epoch 5: [80/100 (80.00%)] 	bpp_y_loss: 0.171371 |	bpp_z_loss: 0.000000 |	bpp_loss: 0.171371 |	mse_loss: 0.000873 |	loss: 0.001626 |	psnr_loss: 30.735426 |
[2024-01-02 05:11:44,928 | INFO | train_one_epoch] Train epoch 5: [90/100 (90.00%)] 	bpp_y_loss: 0.176537 |	bpp_z_loss: 0.000000 |	bpp_loss: 0.176537 |	mse_loss: 0.000991 |	loss: 0.001767 |	psnr_loss: 30.380753 |
[2024-01-02 05:12:11,442 | INFO | train_one_epoch] Train epoch 5: [100/100 (100.00%)] 	bpp_y_loss: 0.189248 |	bpp_z_loss: 0.000000 |	bpp_loss: 0.189248 |	mse_loss: 0.001200 |	loss: 0.002032 |	psnr_loss: 29.336912 |
[2024-01-02 05:12:50,005 | INFO | test_adversarial] Testing results for epoch 6 [ADVERSARIAL] | bpp_y_loss=0.22777 | bpp_z_loss=0.00000 | bpp_loss=0.22777 | mse_loss=0.00254 | loss=0.00354 | psnr_loss=26.59883
[2024-01-02 05:12:50,558 | INFO | test_one_epoch] Testing results for epoch 6 | bpp_y_loss=0.21688 | bpp_z_loss=0.00000 | bpp_loss=0.21688 | mse_loss=0.00192 | loss=0.00287 | psnr_loss=27.98892
[2024-01-02 05:12:50,726 | INFO | train_one_epoch] Learning rate: 2e-05
[2024-01-02 05:12:53,441 | INFO | train_one_epoch] Train epoch 6: [0/100 (0.00%)] 	bpp_y_loss: 0.219365 |	bpp_z_loss: 0.000000 |	bpp_loss: 0.219365 |	mse_loss: 0.001769 |	loss: 0.002733 |	psnr_loss: 27.522144 |
[2024-01-02 05:13:20,110 | INFO | train_one_epoch] Train epoch 6: [10/100 (10.00%)] 	bpp_y_loss: 0.188766 |	bpp_z_loss: 0.000000 |	bpp_loss: 0.188766 |	mse_loss: 0.001152 |	loss: 0.001981 |	psnr_loss: 29.484182 |
[2024-01-02 05:13:46,638 | INFO | train_one_epoch] Train epoch 6: [20/100 (20.00%)] 	bpp_y_loss: 0.173847 |	bpp_z_loss: 0.000000 |	bpp_loss: 0.173847 |	mse_loss: 0.000871 |	loss: 0.001635 |	psnr_loss: 30.707014 |
[2024-01-02 05:14:13,289 | INFO | train_one_epoch] Train epoch 6: [30/100 (30.00%)] 	bpp_y_loss: 0.171336 |	bpp_z_loss: 0.000000 |	bpp_loss: 0.171336 |	mse_loss: 0.000913 |	loss: 0.001666 |	psnr_loss: 30.490509 |
[2024-01-02 05:14:39,913 | INFO | train_one_epoch] Train epoch 6: [40/100 (40.00%)] 	bpp_y_loss: 0.177219 |	bpp_z_loss: 0.000000 |	bpp_loss: 0.177219 |	mse_loss: 0.000986 |	loss: 0.001764 |	psnr_loss: 30.229156 |
[2024-01-02 05:15:06,452 | INFO | train_one_epoch] Train epoch 6: [50/100 (50.00%)] 	bpp_y_loss: 0.179985 |	bpp_z_loss: 0.000000 |	bpp_loss: 0.179985 |	mse_loss: 0.001063 |	loss: 0.001854 |	psnr_loss: 29.864862 |
[2024-01-02 05:15:32,984 | INFO | train_one_epoch] Train epoch 6: [60/100 (60.00%)] 	bpp_y_loss: 0.168390 |	bpp_z_loss: 0.000000 |	bpp_loss: 0.168390 |	mse_loss: 0.000846 |	loss: 0.001586 |	psnr_loss: 30.868286 |
[2024-01-02 05:15:59,526 | INFO | train_one_epoch] Train epoch 6: [70/100 (70.00%)] 	bpp_y_loss: 0.181413 |	bpp_z_loss: 0.000000 |	bpp_loss: 0.181413 |	mse_loss: 0.001079 |	loss: 0.001876 |	psnr_loss: 29.817774 |
[2024-01-02 05:16:26,032 | INFO | train_one_epoch] Train epoch 6: [80/100 (80.00%)] 	bpp_y_loss: 0.178037 |	bpp_z_loss: 0.000000 |	bpp_loss: 0.178037 |	mse_loss: 0.000959 |	loss: 0.001741 |	psnr_loss: 30.207899 |
[2024-01-02 05:16:52,591 | INFO | train_one_epoch] Train epoch 6: [90/100 (90.00%)] 	bpp_y_loss: 0.181851 |	bpp_z_loss: 0.000000 |	bpp_loss: 0.181851 |	mse_loss: 0.001029 |	loss: 0.001828 |	psnr_loss: 29.981537 |
[2024-01-02 05:17:19,194 | INFO | train_one_epoch] Train epoch 6: [100/100 (100.00%)] 	bpp_y_loss: 0.179090 |	bpp_z_loss: 0.000000 |	bpp_loss: 0.179090 |	mse_loss: 0.001075 |	loss: 0.001862 |	psnr_loss: 29.900394 |
[2024-01-02 05:17:57,145 | INFO | test_adversarial] Testing results for epoch 7 [ADVERSARIAL] | bpp_y_loss=0.22575 | bpp_z_loss=0.00000 | bpp_loss=0.22575 | mse_loss=0.00253 | loss=0.00353 | psnr_loss=26.59971
[2024-01-02 05:17:57,695 | INFO | test_one_epoch] Testing results for epoch 7 | bpp_y_loss=0.21492 | bpp_z_loss=0.00000 | bpp_loss=0.21492 | mse_loss=0.00192 | loss=0.00286 | psnr_loss=27.98989
[2024-01-02 05:17:57,839 | INFO | train_one_epoch] Learning rate: 2e-05
[2024-01-02 05:18:00,557 | INFO | train_one_epoch] Train epoch 7: [0/100 (0.00%)] 	bpp_y_loss: 0.165408 |	bpp_z_loss: 0.000000 |	bpp_loss: 0.165408 |	mse_loss: 0.000901 |	loss: 0.001628 |	psnr_loss: 30.451097 |
[2024-01-02 05:18:27,116 | INFO | train_one_epoch] Train epoch 7: [10/100 (10.00%)] 	bpp_y_loss: 0.175796 |	bpp_z_loss: 0.000000 |	bpp_loss: 0.175796 |	mse_loss: 0.000999 |	loss: 0.001772 |	psnr_loss: 30.185617 |
[2024-01-02 05:18:53,754 | INFO | train_one_epoch] Train epoch 7: [20/100 (20.00%)] 	bpp_y_loss: 0.180288 |	bpp_z_loss: 0.000000 |	bpp_loss: 0.180288 |	mse_loss: 0.001052 |	loss: 0.001844 |	psnr_loss: 29.870581 |
[2024-01-02 05:19:20,714 | INFO | train_one_epoch] Train epoch 7: [30/100 (30.00%)] 	bpp_y_loss: 0.181851 |	bpp_z_loss: 0.000000 |	bpp_loss: 0.181851 |	mse_loss: 0.001100 |	loss: 0.001899 |	psnr_loss: 29.696859 |
[2024-01-02 05:19:47,339 | INFO | train_one_epoch] Train epoch 7: [40/100 (40.00%)] 	bpp_y_loss: 0.172260 |	bpp_z_loss: 0.000000 |	bpp_loss: 0.172260 |	mse_loss: 0.000905 |	loss: 0.001662 |	psnr_loss: 30.619162 |
[2024-01-02 05:20:13,912 | INFO | train_one_epoch] Train epoch 7: [50/100 (50.00%)] 	bpp_y_loss: 0.188789 |	bpp_z_loss: 0.000000 |	bpp_loss: 0.188789 |	mse_loss: 0.001121 |	loss: 0.001950 |	psnr_loss: 29.612564 |
[2024-01-02 05:20:40,485 | INFO | train_one_epoch] Train epoch 7: [60/100 (60.00%)] 	bpp_y_loss: 0.185476 |	bpp_z_loss: 0.000000 |	bpp_loss: 0.185476 |	mse_loss: 0.001099 |	loss: 0.001914 |	psnr_loss: 29.807938 |
[2024-01-02 05:21:07,015 | INFO | train_one_epoch] Train epoch 7: [70/100 (70.00%)] 	bpp_y_loss: 0.182259 |	bpp_z_loss: 0.000000 |	bpp_loss: 0.182259 |	mse_loss: 0.001132 |	loss: 0.001933 |	psnr_loss: 29.610798 |
[2024-01-02 05:21:33,546 | INFO | train_one_epoch] Train epoch 7: [80/100 (80.00%)] 	bpp_y_loss: 0.183389 |	bpp_z_loss: 0.000000 |	bpp_loss: 0.183389 |	mse_loss: 0.001127 |	loss: 0.001933 |	psnr_loss: 29.586731 |
[2024-01-02 05:22:00,095 | INFO | train_one_epoch] Train epoch 7: [90/100 (90.00%)] 	bpp_y_loss: 0.172027 |	bpp_z_loss: 0.000000 |	bpp_loss: 0.172027 |	mse_loss: 0.000999 |	loss: 0.001755 |	psnr_loss: 30.083378 |
[2024-01-02 05:22:26,695 | INFO | train_one_epoch] Train epoch 7: [100/100 (100.00%)] 	bpp_y_loss: 0.182418 |	bpp_z_loss: 0.000000 |	bpp_loss: 0.182418 |	mse_loss: 0.001096 |	loss: 0.001897 |	psnr_loss: 29.721975 |
[2024-01-02 05:23:04,519 | INFO | test_adversarial] Testing results for epoch 8 [ADVERSARIAL] | bpp_y_loss=0.22437 | bpp_z_loss=0.00000 | bpp_loss=0.22437 | mse_loss=0.00254 | loss=0.00352 | psnr_loss=26.59694
[2024-01-02 05:23:05,077 | INFO | test_one_epoch] Testing results for epoch 8 | bpp_y_loss=0.21292 | bpp_z_loss=0.00000 | bpp_loss=0.21292 | mse_loss=0.00191 | loss=0.00285 | psnr_loss=27.99150
[2024-01-02 05:23:05,220 | INFO | train_one_epoch] Learning rate: 2e-05
[2024-01-02 05:23:07,926 | INFO | train_one_epoch] Train epoch 8: [0/100 (0.00%)] 	bpp_y_loss: 0.192098 |	bpp_z_loss: 0.000000 |	bpp_loss: 0.192098 |	mse_loss: 0.001484 |	loss: 0.002328 |	psnr_loss: 28.285048 |
[2024-01-02 05:23:34,498 | INFO | train_one_epoch] Train epoch 8: [10/100 (10.00%)] 	bpp_y_loss: 0.190533 |	bpp_z_loss: 0.000000 |	bpp_loss: 0.190533 |	mse_loss: 0.001135 |	loss: 0.001972 |	psnr_loss: 29.600056 |
[2024-01-02 05:24:01,054 | INFO | train_one_epoch] Train epoch 8: [20/100 (20.00%)] 	bpp_y_loss: 0.184220 |	bpp_z_loss: 0.000000 |	bpp_loss: 0.184220 |	mse_loss: 0.001163 |	loss: 0.001973 |	psnr_loss: 29.449671 |
[2024-01-02 05:24:27,633 | INFO | train_one_epoch] Train epoch 8: [30/100 (30.00%)] 	bpp_y_loss: 0.168549 |	bpp_z_loss: 0.000000 |	bpp_loss: 0.168549 |	mse_loss: 0.000932 |	loss: 0.001672 |	psnr_loss: 30.475641 |
[2024-01-02 05:24:54,207 | INFO | train_one_epoch] Train epoch 8: [40/100 (40.00%)] 	bpp_y_loss: 0.174997 |	bpp_z_loss: 0.000000 |	bpp_loss: 0.174997 |	mse_loss: 0.000980 |	loss: 0.001749 |	psnr_loss: 30.169622 |
[2024-01-02 05:25:20,765 | INFO | train_one_epoch] Train epoch 8: [50/100 (50.00%)] 	bpp_y_loss: 0.165916 |	bpp_z_loss: 0.000000 |	bpp_loss: 0.165916 |	mse_loss: 0.000861 |	loss: 0.001590 |	psnr_loss: 30.798878 |
[2024-01-02 05:25:47,334 | INFO | train_one_epoch] Train epoch 8: [60/100 (60.00%)] 	bpp_y_loss: 0.166387 |	bpp_z_loss: 0.000000 |	bpp_loss: 0.166387 |	mse_loss: 0.000883 |	loss: 0.001614 |	psnr_loss: 30.639637 |
[2024-01-02 05:26:13,893 | INFO | train_one_epoch] Train epoch 8: [70/100 (70.00%)] 	bpp_y_loss: 0.181779 |	bpp_z_loss: 0.000000 |	bpp_loss: 0.181779 |	mse_loss: 0.001109 |	loss: 0.001908 |	psnr_loss: 29.709141 |
[2024-01-02 05:26:40,447 | INFO | train_one_epoch] Train epoch 8: [80/100 (80.00%)] 	bpp_y_loss: 0.177975 |	bpp_z_loss: 0.000000 |	bpp_loss: 0.177975 |	mse_loss: 0.000987 |	loss: 0.001769 |	psnr_loss: 30.085175 |
[2024-01-02 05:27:07,242 | INFO | train_one_epoch] Train epoch 8: [90/100 (90.00%)] 	bpp_y_loss: 0.179634 |	bpp_z_loss: 0.000000 |	bpp_loss: 0.179634 |	mse_loss: 0.001065 |	loss: 0.001854 |	psnr_loss: 29.969717 |
[2024-01-02 05:27:33,867 | INFO | train_one_epoch] Train epoch 8: [100/100 (100.00%)] 	bpp_y_loss: 0.181388 |	bpp_z_loss: 0.000000 |	bpp_loss: 0.181388 |	mse_loss: 0.001155 |	loss: 0.001952 |	psnr_loss: 29.486240 |
[2024-01-02 05:28:12,313 | INFO | test_adversarial] Testing results for epoch 9 [ADVERSARIAL] | bpp_y_loss=0.22462 | bpp_z_loss=0.00000 | bpp_loss=0.22462 | mse_loss=0.00254 | loss=0.00352 | psnr_loss=26.59714
[2024-01-02 05:28:12,859 | INFO | test_one_epoch] Testing results for epoch 9 | bpp_y_loss=0.21222 | bpp_z_loss=0.00000 | bpp_loss=0.21222 | mse_loss=0.00191 | loss=0.00285 | psnr_loss=27.99597
[2024-01-02 05:28:13,183 | INFO | train_one_epoch] Learning rate: 2e-05
[2024-01-02 05:28:15,891 | INFO | train_one_epoch] Train epoch 9: [0/100 (0.00%)] 	bpp_y_loss: 0.181795 |	bpp_z_loss: 0.000000 |	bpp_loss: 0.181795 |	mse_loss: 0.001039 |	loss: 0.001837 |	psnr_loss: 29.835833 |
[2024-01-02 05:28:42,434 | INFO | train_one_epoch] Train epoch 9: [10/100 (10.00%)] 	bpp_y_loss: 0.178160 |	bpp_z_loss: 0.000000 |	bpp_loss: 0.178160 |	mse_loss: 0.001074 |	loss: 0.001857 |	psnr_loss: 29.925276 |
[2024-01-02 05:29:09,033 | INFO | train_one_epoch] Train epoch 9: [20/100 (20.00%)] 	bpp_y_loss: 0.171732 |	bpp_z_loss: 0.000000 |	bpp_loss: 0.171732 |	mse_loss: 0.000914 |	loss: 0.001669 |	psnr_loss: 30.540548 |
[2024-01-02 05:29:35,578 | INFO | train_one_epoch] Train epoch 9: [30/100 (30.00%)] 	bpp_y_loss: 0.170445 |	bpp_z_loss: 0.000000 |	bpp_loss: 0.170445 |	mse_loss: 0.000917 |	loss: 0.001666 |	psnr_loss: 30.441198 |
[2024-01-02 05:30:02,228 | INFO | train_one_epoch] Train epoch 9: [40/100 (40.00%)] 	bpp_y_loss: 0.180898 |	bpp_z_loss: 0.000000 |	bpp_loss: 0.180898 |	mse_loss: 0.001094 |	loss: 0.001889 |	psnr_loss: 29.773401 |
[2024-01-02 05:30:28,867 | INFO | train_one_epoch] Train epoch 9: [50/100 (50.00%)] 	bpp_y_loss: 0.163602 |	bpp_z_loss: 0.000000 |	bpp_loss: 0.163602 |	mse_loss: 0.000869 |	loss: 0.001587 |	psnr_loss: 30.898935 |
[2024-01-02 05:30:55,444 | INFO | train_one_epoch] Train epoch 9: [60/100 (60.00%)] 	bpp_y_loss: 0.183768 |	bpp_z_loss: 0.000000 |	bpp_loss: 0.183768 |	mse_loss: 0.001147 |	loss: 0.001955 |	psnr_loss: 29.515039 |
[2024-01-02 05:31:21,943 | INFO | train_one_epoch] Train epoch 9: [70/100 (70.00%)] 	bpp_y_loss: 0.176349 |	bpp_z_loss: 0.000000 |	bpp_loss: 0.176349 |	mse_loss: 0.001088 |	loss: 0.001862 |	psnr_loss: 29.826849 |
[2024-01-02 05:31:48,462 | INFO | train_one_epoch] Train epoch 9: [80/100 (80.00%)] 	bpp_y_loss: 0.176791 |	bpp_z_loss: 0.000000 |	bpp_loss: 0.176791 |	mse_loss: 0.001047 |	loss: 0.001823 |	psnr_loss: 29.967300 |
[2024-01-02 05:32:15,437 | INFO | train_one_epoch] Train epoch 9: [90/100 (90.00%)] 	bpp_y_loss: 0.173223 |	bpp_z_loss: 0.000000 |	bpp_loss: 0.173223 |	mse_loss: 0.000930 |	loss: 0.001691 |	psnr_loss: 30.367807 |
[2024-01-02 05:32:42,028 | INFO | train_one_epoch] Train epoch 9: [100/100 (100.00%)] 	bpp_y_loss: 0.180498 |	bpp_z_loss: 0.000000 |	bpp_loss: 0.180498 |	mse_loss: 0.001057 |	loss: 0.001850 |	psnr_loss: 29.879175 |
[2024-01-02 05:33:20,454 | INFO | test_adversarial] Testing results for epoch 10 [ADVERSARIAL] | bpp_y_loss=0.22316 | bpp_z_loss=0.00000 | bpp_loss=0.22316 | mse_loss=0.00254 | loss=0.00352 | psnr_loss=26.58695
[2024-01-02 05:33:20,895 | INFO | test_one_epoch] Testing results for epoch 10 | bpp_y_loss=0.21210 | bpp_z_loss=0.00000 | bpp_loss=0.21210 | mse_loss=0.00191 | loss=0.00284 | psnr_loss=28.00009
[2024-01-02 05:33:21,006 | INFO | train_one_epoch] Learning rate: 2e-05
[2024-01-02 05:33:23,728 | INFO | train_one_epoch] Train epoch 10: [0/100 (0.00%)] 	bpp_y_loss: 0.176548 |	bpp_z_loss: 0.000000 |	bpp_loss: 0.176548 |	mse_loss: 0.000900 |	loss: 0.001676 |	psnr_loss: 30.455320 |
[2024-01-02 05:33:50,332 | INFO | train_one_epoch] Train epoch 10: [10/100 (10.00%)] 	bpp_y_loss: 0.176571 |	bpp_z_loss: 0.000000 |	bpp_loss: 0.176571 |	mse_loss: 0.001048 |	loss: 0.001824 |	psnr_loss: 29.957026 |
[2024-01-02 05:34:16,865 | INFO | train_one_epoch] Train epoch 10: [20/100 (20.00%)] 	bpp_y_loss: 0.172514 |	bpp_z_loss: 0.000000 |	bpp_loss: 0.172514 |	mse_loss: 0.000930 |	loss: 0.001688 |	psnr_loss: 30.361845 |
[2024-01-02 05:34:43,472 | INFO | train_one_epoch] Train epoch 10: [30/100 (30.00%)] 	bpp_y_loss: 0.177309 |	bpp_z_loss: 0.000000 |	bpp_loss: 0.177309 |	mse_loss: 0.001056 |	loss: 0.001835 |	psnr_loss: 29.915979 |
[2024-01-02 05:35:10,007 | INFO | train_one_epoch] Train epoch 10: [40/100 (40.00%)] 	bpp_y_loss: 0.179071 |	bpp_z_loss: 0.000000 |	bpp_loss: 0.179071 |	mse_loss: 0.001070 |	loss: 0.001857 |	psnr_loss: 29.934443 |
[2024-01-02 05:35:36,623 | INFO | train_one_epoch] Train epoch 10: [50/100 (50.00%)] 	bpp_y_loss: 0.177371 |	bpp_z_loss: 0.000000 |	bpp_loss: 0.177371 |	mse_loss: 0.001044 |	loss: 0.001823 |	psnr_loss: 29.892109 |
[2024-01-02 05:36:03,141 | INFO | train_one_epoch] Train epoch 10: [60/100 (60.00%)] 	bpp_y_loss: 0.176943 |	bpp_z_loss: 0.000000 |	bpp_loss: 0.176943 |	mse_loss: 0.000991 |	loss: 0.001769 |	psnr_loss: 30.172815 |
[2024-01-02 05:36:29,765 | INFO | train_one_epoch] Train epoch 10: [70/100 (70.00%)] 	bpp_y_loss: 0.170698 |	bpp_z_loss: 0.000000 |	bpp_loss: 0.170698 |	mse_loss: 0.000958 |	loss: 0.001708 |	psnr_loss: 30.341892 |
