[2024-07-03 08:07:25,764 | INFO | <module>] Args: Namespace(model='elic', lmbda=0.0067, dataset='liu4k', epochs=100, steps_per_epoch=10000, type='mse', batch_size=8, learning_rate=5e-05, save=True, seed=19260817, clip_max_norm=1.0, checkpoint=None, lr_epoch=[40], continue_train=False)
[2024-07-03 08:07:25,765 | INFO | <module>] Lmbda=0.006700000000
[2024-07-03 08:07:25,766 | INFO | train_one_epoch] Learning rate: 5e-05
[2024-07-03 08:07:30,246 | INFO | train_one_epoch] Train epoch 0: [0/10000 (0.00%)] 	bpp_y_loss: 0.487711 |	bpp_z_loss: 0.422496 |	bpp_loss: 0.910207 |	mse_loss: 0.304731 |	loss: 133.671783 |	psnr_loss: 5.160828 |
[2024-07-03 08:11:26,855 | INFO | train_one_epoch] Train epoch 0: [1000/10000 (10.00%)] 	bpp_y_loss: 0.597385 |	bpp_z_loss: 0.395315 |	bpp_loss: 0.992700 |	mse_loss: 0.009524 |	loss: 5.142101 |	psnr_loss: 21.872805 |
[2024-07-03 08:15:38,423 | INFO | train_one_epoch] Train epoch 0: [2000/10000 (20.00%)] 	bpp_y_loss: 0.433299 |	bpp_z_loss: 0.345896 |	bpp_loss: 0.779195 |	mse_loss: 0.003680 |	loss: 2.382259 |	psnr_loss: 24.860085 |
[2024-07-03 08:19:43,115 | INFO | train_one_epoch] Train epoch 0: [3000/10000 (30.00%)] 	bpp_y_loss: 0.417052 |	bpp_z_loss: 0.301192 |	bpp_loss: 0.718244 |	mse_loss: 0.002747 |	loss: 1.915212 |	psnr_loss: 26.138237 |
[2024-07-03 08:23:58,882 | INFO | train_one_epoch] Train epoch 0: [4000/10000 (40.00%)] 	bpp_y_loss: 0.408986 |	bpp_z_loss: 0.259451 |	bpp_loss: 0.668436 |	mse_loss: 0.002186 |	loss: 1.621001 |	psnr_loss: 27.033215 |
[2024-07-03 08:28:20,693 | INFO | train_one_epoch] Train epoch 0: [5000/10000 (50.00%)] 	bpp_y_loss: 0.419948 |	bpp_z_loss: 0.218987 |	bpp_loss: 0.638936 |	mse_loss: 0.001940 |	loss: 1.484122 |	psnr_loss: 27.690495 |
[2024-07-03 08:32:42,089 | INFO | train_one_epoch] Train epoch 0: [6000/10000 (60.00%)] 	bpp_y_loss: 0.398976 |	bpp_z_loss: 0.183837 |	bpp_loss: 0.582812 |	mse_loss: 0.001695 |	loss: 1.321296 |	psnr_loss: 28.266258 |
[2024-07-03 08:37:05,065 | INFO | train_one_epoch] Train epoch 0: [7000/10000 (70.00%)] 	bpp_y_loss: 0.395128 |	bpp_z_loss: 0.150484 |	bpp_loss: 0.545612 |	mse_loss: 0.001504 |	loss: 1.200832 |	psnr_loss: 28.745005 |
[2024-07-03 08:41:28,810 | INFO | train_one_epoch] Train epoch 0: [8000/10000 (80.00%)] 	bpp_y_loss: 0.412399 |	bpp_z_loss: 0.121528 |	bpp_loss: 0.533926 |	mse_loss: 0.001486 |	loss: 1.181112 |	psnr_loss: 28.897324 |
[2024-07-03 08:45:53,232 | INFO | train_one_epoch] Train epoch 0: [9000/10000 (90.00%)] 	bpp_y_loss: 0.396871 |	bpp_z_loss: 0.096511 |	bpp_loss: 0.493382 |	mse_loss: 0.001338 |	loss: 1.076176 |	psnr_loss: 29.256582 |
[2024-07-03 08:50:09,124 | INFO | train_one_epoch] Train epoch 0: [10000/10000 (100.00%)] 	bpp_y_loss: 0.391289 |	bpp_z_loss: 0.076617 |	bpp_loss: 0.467906 |	mse_loss: 0.001255 |	loss: 1.014475 |	psnr_loss: 29.559601 |
[2024-07-03 08:50:11,564 | INFO | test_one_epoch] Testing results for epoch 1 | bpp_y_loss=0.55184 | bpp_z_loss=0.05398 | bpp_loss=0.60582 | mse_loss=0.00233 | loss=1.62004 | psnr_loss=26.93407
[2024-07-03 08:50:13,648 | INFO | train_one_epoch] Learning rate: 5e-05
[2024-07-03 08:50:14,808 | INFO | train_one_epoch] Train epoch 1: [0/10000 (0.00%)] 	bpp_y_loss: 0.428255 |	bpp_z_loss: 0.067857 |	bpp_loss: 0.496112 |	mse_loss: 0.001227 |	loss: 1.030626 |	psnr_loss: 29.111961 |
[2024-07-03 08:54:32,105 | INFO | train_one_epoch] Train epoch 1: [1000/10000 (10.00%)] 	bpp_y_loss: 0.395143 |	bpp_z_loss: 0.060529 |	bpp_loss: 0.455672 |	mse_loss: 0.001185 |	loss: 0.972018 |	psnr_loss: 29.766439 |
[2024-07-03 08:58:54,522 | INFO | train_one_epoch] Train epoch 1: [2000/10000 (20.00%)] 	bpp_y_loss: 0.404877 |	bpp_z_loss: 0.049002 |	bpp_loss: 0.453879 |	mse_loss: 0.001215 |	loss: 0.983208 |	psnr_loss: 29.730877 |
[2024-07-03 09:03:13,993 | INFO | train_one_epoch] Train epoch 1: [3000/10000 (30.00%)] 	bpp_y_loss: 0.388304 |	bpp_z_loss: 0.039717 |	bpp_loss: 0.428021 |	mse_loss: 0.001090 |	loss: 0.902922 |	psnr_loss: 30.179108 |
[2024-07-03 09:07:31,471 | INFO | train_one_epoch] Train epoch 1: [4000/10000 (40.00%)] 	bpp_y_loss: 0.389509 |	bpp_z_loss: 0.032807 |	bpp_loss: 0.422316 |	mse_loss: 0.001081 |	loss: 0.893439 |	psnr_loss: 30.227505 |
[2024-07-03 09:11:51,445 | INFO | train_one_epoch] Train epoch 1: [5000/10000 (50.00%)] 	bpp_y_loss: 0.392710 |	bpp_z_loss: 0.027491 |	bpp_loss: 0.420202 |	mse_loss: 0.001068 |	loss: 0.885441 |	psnr_loss: 30.279251 |
[2024-07-03 09:16:15,266 | INFO | train_one_epoch] Train epoch 1: [6000/10000 (60.00%)] 	bpp_y_loss: 0.387740 |	bpp_z_loss: 0.023190 |	bpp_loss: 0.410930 |	mse_loss: 0.001027 |	loss: 0.858452 |	psnr_loss: 30.458048 |
[2024-07-03 09:20:29,357 | INFO | train_one_epoch] Train epoch 1: [7000/10000 (70.00%)] 	bpp_y_loss: 0.398124 |	bpp_z_loss: 0.019784 |	bpp_loss: 0.417908 |	mse_loss: 0.001032 |	loss: 0.867305 |	psnr_loss: 30.427645 |
[2024-07-03 09:24:43,019 | INFO | train_one_epoch] Train epoch 1: [8000/10000 (80.00%)] 	bpp_y_loss: 0.386375 |	bpp_z_loss: 0.017016 |	bpp_loss: 0.403391 |	mse_loss: 0.000970 |	loss: 0.826010 |	psnr_loss: 30.759443 |
[2024-07-03 09:29:02,195 | INFO | train_one_epoch] Train epoch 1: [9000/10000 (90.00%)] 	bpp_y_loss: 0.386447 |	bpp_z_loss: 0.014863 |	bpp_loss: 0.401310 |	mse_loss: 0.000952 |	loss: 0.816073 |	psnr_loss: 30.766903 |
[2024-07-03 09:33:06,917 | INFO | train_one_epoch] Train epoch 1: [10000/10000 (100.00%)] 	bpp_y_loss: 0.388081 |	bpp_z_loss: 0.013199 |	bpp_loss: 0.401280 |	mse_loss: 0.000970 |	loss: 0.824060 |	psnr_loss: 30.697237 |
[2024-07-03 09:33:09,463 | INFO | test_one_epoch] Testing results for epoch 2 | bpp_y_loss=0.48979 | bpp_z_loss=0.00015 | bpp_loss=0.48994 | mse_loss=0.00176 | loss=1.25572 | psnr_loss=28.14977
[2024-07-03 09:33:49,350 | INFO | train_one_epoch] Learning rate: 5e-05
[2024-07-03 09:33:50,358 | INFO | train_one_epoch] Train epoch 2: [0/10000 (0.00%)] 	bpp_y_loss: 0.405517 |	bpp_z_loss: 0.012112 |	bpp_loss: 0.417629 |	mse_loss: 0.000713 |	loss: 0.728064 |	psnr_loss: 31.471846 |
[2024-07-03 09:38:07,148 | INFO | train_one_epoch] Train epoch 2: [1000/10000 (10.00%)] 	bpp_y_loss: 0.388393 |	bpp_z_loss: 0.011847 |	bpp_loss: 0.400239 |	mse_loss: 0.000935 |	loss: 0.807424 |	psnr_loss: 30.838089 |
[2024-07-03 09:42:26,240 | INFO | train_one_epoch] Train epoch 2: [2000/10000 (20.00%)] 	bpp_y_loss: 0.390011 |	bpp_z_loss: 0.010722 |	bpp_loss: 0.400733 |	mse_loss: 0.000921 |	loss: 0.801970 |	psnr_loss: 30.887663 |
[2024-07-03 09:46:41,044 | INFO | train_one_epoch] Train epoch 2: [3000/10000 (30.00%)] 	bpp_y_loss: 0.392949 |	bpp_z_loss: 0.009729 |	bpp_loss: 0.402678 |	mse_loss: 0.000941 |	loss: 0.812663 |	psnr_loss: 30.834461 |
[2024-07-03 09:50:49,181 | INFO | train_one_epoch] Train epoch 2: [4000/10000 (40.00%)] 	bpp_y_loss: 0.389257 |	bpp_z_loss: 0.008948 |	bpp_loss: 0.398205 |	mse_loss: 0.000869 |	loss: 0.776922 |	psnr_loss: 31.122747 |
[2024-07-03 09:55:04,153 | INFO | train_one_epoch] Train epoch 2: [5000/10000 (50.00%)] 	bpp_y_loss: 0.388067 |	bpp_z_loss: 0.008207 |	bpp_loss: 0.396274 |	mse_loss: 0.000856 |	loss: 0.769273 |	psnr_loss: 31.159138 |
[2024-07-03 09:59:18,558 | INFO | train_one_epoch] Train epoch 2: [6000/10000 (60.00%)] 	bpp_y_loss: 0.386165 |	bpp_z_loss: 0.007552 |	bpp_loss: 0.393717 |	mse_loss: 0.000866 |	loss: 0.770808 |	psnr_loss: 31.170856 |
[2024-07-03 10:03:34,627 | INFO | train_one_epoch] Train epoch 2: [7000/10000 (70.00%)] 	bpp_y_loss: 0.388363 |	bpp_z_loss: 0.006939 |	bpp_loss: 0.395302 |	mse_loss: 0.000846 |	loss: 0.763838 |	psnr_loss: 31.177353 |
[2024-07-03 10:07:48,114 | INFO | train_one_epoch] Train epoch 2: [8000/10000 (80.00%)] 	bpp_y_loss: 0.385076 |	bpp_z_loss: 0.006340 |	bpp_loss: 0.391417 |	mse_loss: 0.000832 |	loss: 0.754020 |	psnr_loss: 31.317436 |
[2024-07-03 10:12:01,104 | INFO | train_one_epoch] Train epoch 2: [9000/10000 (90.00%)] 	bpp_y_loss: 0.387064 |	bpp_z_loss: 0.005933 |	bpp_loss: 0.392997 |	mse_loss: 0.000845 |	loss: 0.761202 |	psnr_loss: 31.218061 |
[2024-07-03 10:16:06,228 | INFO | train_one_epoch] Train epoch 2: [10000/10000 (100.00%)] 	bpp_y_loss: 0.381440 |	bpp_z_loss: 0.005536 |	bpp_loss: 0.386976 |	mse_loss: 0.000822 |	loss: 0.745214 |	psnr_loss: 31.356350 |
[2024-07-03 10:16:08,608 | INFO | test_one_epoch] Testing results for epoch 3 | bpp_y_loss=0.31049 | bpp_z_loss=0.00246 | bpp_loss=0.31295 | mse_loss=0.00147 | loss=0.95245 | psnr_loss=28.91951
[2024-07-03 10:16:44,929 | INFO | train_one_epoch] Learning rate: 5e-05
[2024-07-03 10:16:45,722 | INFO | train_one_epoch] Train epoch 3: [0/10000 (0.00%)] 	bpp_y_loss: 0.374812 |	bpp_z_loss: 0.005127 |	bpp_loss: 0.379939 |	mse_loss: 0.001159 |	loss: 0.884849 |	psnr_loss: 29.359409 |
[2024-07-03 10:21:00,922 | INFO | train_one_epoch] Train epoch 3: [1000/10000 (10.00%)] 	bpp_y_loss: 0.379498 |	bpp_z_loss: 0.005229 |	bpp_loss: 0.384728 |	mse_loss: 0.000811 |	loss: 0.738104 |	psnr_loss: 31.412319 |
[2024-07-03 10:25:11,569 | INFO | train_one_epoch] Train epoch 3: [2000/10000 (20.00%)] 	bpp_y_loss: 0.383612 |	bpp_z_loss: 0.005015 |	bpp_loss: 0.388628 |	mse_loss: 0.000817 |	loss: 0.744378 |	psnr_loss: 31.410734 |
[2024-07-03 10:29:32,558 | INFO | train_one_epoch] Train epoch 3: [3000/10000 (30.00%)] 	bpp_y_loss: 0.382612 |	bpp_z_loss: 0.004790 |	bpp_loss: 0.387402 |	mse_loss: 0.000806 |	loss: 0.738687 |	psnr_loss: 31.428627 |
[2024-07-03 10:33:44,230 | INFO | train_one_epoch] Train epoch 3: [4000/10000 (40.00%)] 	bpp_y_loss: 0.383154 |	bpp_z_loss: 0.004626 |	bpp_loss: 0.387779 |	mse_loss: 0.000800 |	loss: 0.736283 |	psnr_loss: 31.452166 |
[2024-07-03 10:37:56,876 | INFO | train_one_epoch] Train epoch 3: [5000/10000 (50.00%)] 	bpp_y_loss: 0.387747 |	bpp_z_loss: 0.004501 |	bpp_loss: 0.392247 |	mse_loss: 0.000829 |	loss: 0.753354 |	psnr_loss: 31.342419 |
[2024-07-03 10:42:09,974 | INFO | train_one_epoch] Train epoch 3: [6000/10000 (60.00%)] 	bpp_y_loss: 0.381420 |	bpp_z_loss: 0.004378 |	bpp_loss: 0.385798 |	mse_loss: 0.000794 |	loss: 0.731793 |	psnr_loss: 31.516937 |
[2024-07-03 10:46:28,013 | INFO | train_one_epoch] Train epoch 3: [7000/10000 (70.00%)] 	bpp_y_loss: 0.378556 |	bpp_z_loss: 0.004285 |	bpp_loss: 0.382841 |	mse_loss: 0.000771 |	loss: 0.718802 |	psnr_loss: 31.593525 |
[2024-07-03 10:50:44,381 | INFO | train_one_epoch] Train epoch 3: [8000/10000 (80.00%)] 	bpp_y_loss: 0.381131 |	bpp_z_loss: 0.004215 |	bpp_loss: 0.385346 |	mse_loss: 0.000791 |	loss: 0.729970 |	psnr_loss: 31.579092 |
[2024-07-03 10:54:45,312 | INFO | train_one_epoch] Train epoch 3: [9000/10000 (90.00%)] 	bpp_y_loss: 0.383698 |	bpp_z_loss: 0.004174 |	bpp_loss: 0.387871 |	mse_loss: 0.000777 |	loss: 0.726312 |	psnr_loss: 31.556808 |
[2024-07-03 10:58:52,051 | INFO | train_one_epoch] Train epoch 3: [10000/10000 (100.00%)] 	bpp_y_loss: 0.378504 |	bpp_z_loss: 0.004121 |	bpp_loss: 0.382625 |	mse_loss: 0.000764 |	loss: 0.715686 |	psnr_loss: 31.619009 |
[2024-07-03 10:58:54,333 | INFO | test_one_epoch] Testing results for epoch 4 | bpp_y_loss=0.30790 | bpp_z_loss=0.00291 | bpp_loss=0.31081 | mse_loss=0.00138 | loss=0.91350 | psnr_loss=29.16872
[2024-07-03 10:59:18,499 | INFO | train_one_epoch] Learning rate: 5e-05
[2024-07-03 10:59:19,347 | INFO | train_one_epoch] Train epoch 4: [0/10000 (0.00%)] 	bpp_y_loss: 0.419041 |	bpp_z_loss: 0.004475 |	bpp_loss: 0.423516 |	mse_loss: 0.000840 |	loss: 0.789409 |	psnr_loss: 30.758015 |
[2024-07-03 11:03:29,607 | INFO | train_one_epoch] Train epoch 4: [1000/10000 (10.00%)] 	bpp_y_loss: 0.379714 |	bpp_z_loss: 0.004102 |	bpp_loss: 0.383816 |	mse_loss: 0.000774 |	loss: 0.720926 |	psnr_loss: 31.630489 |
[2024-07-03 11:07:30,458 | INFO | train_one_epoch] Train epoch 4: [2000/10000 (20.00%)] 	bpp_y_loss: 0.379638 |	bpp_z_loss: 0.004054 |	bpp_loss: 0.383692 |	mse_loss: 0.000765 |	loss: 0.717017 |	psnr_loss: 31.650013 |
[2024-07-03 11:11:39,865 | INFO | train_one_epoch] Train epoch 4: [3000/10000 (30.00%)] 	bpp_y_loss: 0.376981 |	bpp_z_loss: 0.004015 |	bpp_loss: 0.380996 |	mse_loss: 0.000747 |	loss: 0.706297 |	psnr_loss: 31.744644 |
[2024-07-03 11:15:45,148 | INFO | train_one_epoch] Train epoch 4: [4000/10000 (40.00%)] 	bpp_y_loss: 0.382091 |	bpp_z_loss: 0.003992 |	bpp_loss: 0.386083 |	mse_loss: 0.000766 |	loss: 0.719617 |	psnr_loss: 31.584284 |
[2024-07-03 11:20:00,399 | INFO | train_one_epoch] Train epoch 4: [5000/10000 (50.00%)] 	bpp_y_loss: 0.377311 |	bpp_z_loss: 0.003951 |	bpp_loss: 0.381262 |	mse_loss: 0.000763 |	loss: 0.713721 |	psnr_loss: 31.670155 |
[2024-07-03 11:24:19,616 | INFO | train_one_epoch] Train epoch 4: [6000/10000 (60.00%)] 	bpp_y_loss: 0.379966 |	bpp_z_loss: 0.003967 |	bpp_loss: 0.383933 |	mse_loss: 0.000767 |	loss: 0.718257 |	psnr_loss: 31.668940 |
[2024-07-03 11:28:46,420 | INFO | train_one_epoch] Train epoch 4: [7000/10000 (70.00%)] 	bpp_y_loss: 0.374118 |	bpp_z_loss: 0.003944 |	bpp_loss: 0.378062 |	mse_loss: 0.000736 |	loss: 0.698525 |	psnr_loss: 31.823967 |
[2024-07-03 11:33:08,085 | INFO | train_one_epoch] Train epoch 4: [8000/10000 (80.00%)] 	bpp_y_loss: 0.376140 |	bpp_z_loss: 0.003937 |	bpp_loss: 0.380076 |	mse_loss: 0.000727 |	loss: 0.696986 |	psnr_loss: 31.811678 |
[2024-07-03 11:37:15,409 | INFO | train_one_epoch] Train epoch 4: [9000/10000 (90.00%)] 	bpp_y_loss: 0.378181 |	bpp_z_loss: 0.003936 |	bpp_loss: 0.382117 |	mse_loss: 0.000735 |	loss: 0.702366 |	psnr_loss: 31.831917 |
[2024-07-03 11:41:04,712 | INFO | train_one_epoch] Train epoch 4: [10000/10000 (100.00%)] 	bpp_y_loss: 0.378362 |	bpp_z_loss: 0.003937 |	bpp_loss: 0.382299 |	mse_loss: 0.000763 |	loss: 0.714551 |	psnr_loss: 31.679213 |
[2024-07-03 11:41:06,239 | INFO | test_one_epoch] Testing results for epoch 5 | bpp_y_loss=0.31269 | bpp_z_loss=0.00324 | bpp_loss=0.31593 | mse_loss=0.00127 | loss=0.87094 | psnr_loss=29.50507
[2024-07-03 11:41:50,584 | INFO | train_one_epoch] Learning rate: 5e-05
[2024-07-03 11:41:51,462 | INFO | train_one_epoch] Train epoch 5: [0/10000 (0.00%)] 	bpp_y_loss: 0.396441 |	bpp_z_loss: 0.003594 |	bpp_loss: 0.400035 |	mse_loss: 0.000491 |	loss: 0.613958 |	psnr_loss: 33.088982 |
[2024-07-03 11:46:18,403 | INFO | train_one_epoch] Train epoch 5: [1000/10000 (10.00%)] 	bpp_y_loss: 0.378568 |	bpp_z_loss: 0.003949 |	bpp_loss: 0.382518 |	mse_loss: 0.000730 |	loss: 0.700572 |	psnr_loss: 31.824242 |
[2024-07-03 11:50:45,206 | INFO | train_one_epoch] Train epoch 5: [2000/10000 (20.00%)] 	bpp_y_loss: 0.379629 |	bpp_z_loss: 0.003946 |	bpp_loss: 0.383574 |	mse_loss: 0.000751 |	loss: 0.710754 |	psnr_loss: 31.769876 |
[2024-07-03 11:54:57,609 | INFO | train_one_epoch] Train epoch 5: [3000/10000 (30.00%)] 	bpp_y_loss: 0.377705 |	bpp_z_loss: 0.003935 |	bpp_loss: 0.381640 |	mse_loss: 0.000725 |	loss: 0.697598 |	psnr_loss: 31.897692 |
[2024-07-03 11:59:12,143 | INFO | train_one_epoch] Train epoch 5: [4000/10000 (40.00%)] 	bpp_y_loss: 0.377967 |	bpp_z_loss: 0.003947 |	bpp_loss: 0.381914 |	mse_loss: 0.000722 |	loss: 0.696556 |	psnr_loss: 31.882345 |
[2024-07-03 12:03:33,382 | INFO | train_one_epoch] Train epoch 5: [5000/10000 (50.00%)] 	bpp_y_loss: 0.374230 |	bpp_z_loss: 0.003948 |	bpp_loss: 0.378178 |	mse_loss: 0.000725 |	loss: 0.694110 |	psnr_loss: 31.880571 |
[2024-07-03 12:07:53,108 | INFO | train_one_epoch] Train epoch 5: [6000/10000 (60.00%)] 	bpp_y_loss: 0.378881 |	bpp_z_loss: 0.003950 |	bpp_loss: 0.382832 |	mse_loss: 0.000728 |	loss: 0.700196 |	psnr_loss: 31.831640 |
[2024-07-03 12:12:22,735 | INFO | train_one_epoch] Train epoch 5: [7000/10000 (70.00%)] 	bpp_y_loss: 0.373161 |	bpp_z_loss: 0.003936 |	bpp_loss: 0.377097 |	mse_loss: 0.000717 |	loss: 0.689475 |	psnr_loss: 31.936398 |
[2024-07-03 12:16:49,317 | INFO | train_one_epoch] Train epoch 5: [8000/10000 (80.00%)] 	bpp_y_loss: 0.377565 |	bpp_z_loss: 0.003975 |	bpp_loss: 0.381540 |	mse_loss: 0.000734 |	loss: 0.701434 |	psnr_loss: 31.832390 |
[2024-07-03 12:21:29,011 | INFO | train_one_epoch] Train epoch 5: [9000/10000 (90.00%)] 	bpp_y_loss: 0.372859 |	bpp_z_loss: 0.003976 |	bpp_loss: 0.376835 |	mse_loss: 0.000698 |	loss: 0.681076 |	psnr_loss: 32.006020 |
[2024-07-03 12:25:45,839 | INFO | train_one_epoch] Train epoch 5: [10000/10000 (100.00%)] 	bpp_y_loss: 0.375200 |	bpp_z_loss: 0.004007 |	bpp_loss: 0.379207 |	mse_loss: 0.000708 |	loss: 0.687856 |	psnr_loss: 31.996416 |
[2024-07-03 12:25:48,715 | INFO | test_one_epoch] Testing results for epoch 6 | bpp_y_loss=0.31354 | bpp_z_loss=0.00347 | bpp_loss=0.31701 | mse_loss=0.00123 | loss=0.85104 | psnr_loss=29.67514
[2024-07-03 12:26:27,831 | INFO | train_one_epoch] Learning rate: 5e-05
[2024-07-03 12:26:28,672 | INFO | train_one_epoch] Train epoch 6: [0/10000 (0.00%)] 	bpp_y_loss: 0.474617 |	bpp_z_loss: 0.004043 |	bpp_loss: 0.478660 |	mse_loss: 0.001217 |	loss: 1.008951 |	psnr_loss: 29.146408 |
[2024-07-03 12:31:06,258 | INFO | train_one_epoch] Train epoch 6: [1000/10000 (10.00%)] 	bpp_y_loss: 0.375215 |	bpp_z_loss: 0.003997 |	bpp_loss: 0.379211 |	mse_loss: 0.000706 |	loss: 0.686988 |	psnr_loss: 31.922367 |
[2024-07-03 12:35:28,107 | INFO | train_one_epoch] Train epoch 6: [2000/10000 (20.00%)] 	bpp_y_loss: 0.373755 |	bpp_z_loss: 0.003993 |	bpp_loss: 0.377748 |	mse_loss: 0.000703 |	loss: 0.684182 |	psnr_loss: 31.973351 |
[2024-07-03 12:40:04,830 | INFO | train_one_epoch] Train epoch 6: [3000/10000 (30.00%)] 	bpp_y_loss: 0.375221 |	bpp_z_loss: 0.004010 |	bpp_loss: 0.379232 |	mse_loss: 0.000705 |	loss: 0.686362 |	psnr_loss: 31.967289 |
[2024-07-03 12:44:35,442 | INFO | train_one_epoch] Train epoch 6: [4000/10000 (40.00%)] 	bpp_y_loss: 0.376961 |	bpp_z_loss: 0.004043 |	bpp_loss: 0.381004 |	mse_loss: 0.000695 |	loss: 0.683924 |	psnr_loss: 32.022499 |
[2024-07-03 12:49:15,436 | INFO | train_one_epoch] Train epoch 6: [5000/10000 (50.00%)] 	bpp_y_loss: 0.379278 |	bpp_z_loss: 0.004056 |	bpp_loss: 0.383334 |	mse_loss: 0.000718 |	loss: 0.696057 |	psnr_loss: 31.925602 |
[2024-07-03 12:53:56,133 | INFO | train_one_epoch] Train epoch 6: [6000/10000 (60.00%)] 	bpp_y_loss: 0.377037 |	bpp_z_loss: 0.004048 |	bpp_loss: 0.381084 |	mse_loss: 0.000712 |	loss: 0.691449 |	psnr_loss: 32.001045 |
[2024-07-03 12:58:15,075 | INFO | train_one_epoch] Train epoch 6: [7000/10000 (70.00%)] 	bpp_y_loss: 0.374016 |	bpp_z_loss: 0.004056 |	bpp_loss: 0.378072 |	mse_loss: 0.000711 |	loss: 0.687756 |	psnr_loss: 31.975325 |
[2024-07-03 13:02:42,833 | INFO | train_one_epoch] Train epoch 6: [8000/10000 (80.00%)] 	bpp_y_loss: 0.371332 |	bpp_z_loss: 0.004023 |	bpp_loss: 0.375354 |	mse_loss: 0.000690 |	loss: 0.675991 |	psnr_loss: 32.083061 |
[2024-07-03 13:07:03,401 | INFO | train_one_epoch] Train epoch 6: [9000/10000 (90.00%)] 	bpp_y_loss: 0.375890 |	bpp_z_loss: 0.004055 |	bpp_loss: 0.379946 |	mse_loss: 0.000693 |	loss: 0.682002 |	psnr_loss: 32.040310 |
[2024-07-03 13:11:18,144 | INFO | train_one_epoch] Train epoch 6: [10000/10000 (100.00%)] 	bpp_y_loss: 0.374809 |	bpp_z_loss: 0.004057 |	bpp_loss: 0.378866 |	mse_loss: 0.000691 |	loss: 0.679762 |	psnr_loss: 32.099102 |
[2024-07-03 13:11:21,526 | INFO | test_one_epoch] Testing results for epoch 7 | bpp_y_loss=0.31276 | bpp_z_loss=0.00367 | bpp_loss=0.31643 | mse_loss=0.00120 | loss=0.84037 | psnr_loss=29.74888
[2024-07-03 13:11:44,843 | INFO | train_one_epoch] Learning rate: 5e-05
[2024-07-03 13:11:45,844 | INFO | train_one_epoch] Train epoch 7: [0/10000 (0.00%)] 	bpp_y_loss: 0.342050 |	bpp_z_loss: 0.003810 |	bpp_loss: 0.345859 |	mse_loss: 0.000642 |	loss: 0.625747 |	psnr_loss: 31.921707 |
[2024-07-03 13:16:17,342 | INFO | train_one_epoch] Train epoch 7: [1000/10000 (10.00%)] 	bpp_y_loss: 0.375682 |	bpp_z_loss: 0.004059 |	bpp_loss: 0.379741 |	mse_loss: 0.000701 |	loss: 0.685097 |	psnr_loss: 32.003036 |
[2024-07-03 13:20:45,422 | INFO | train_one_epoch] Train epoch 7: [2000/10000 (20.00%)] 	bpp_y_loss: 0.376893 |	bpp_z_loss: 0.004058 |	bpp_loss: 0.380951 |	mse_loss: 0.000697 |	loss: 0.684410 |	psnr_loss: 32.020565 |
[2024-07-03 13:25:00,934 | INFO | train_one_epoch] Train epoch 7: [3000/10000 (30.00%)] 	bpp_y_loss: 0.374872 |	bpp_z_loss: 0.004075 |	bpp_loss: 0.378947 |	mse_loss: 0.000692 |	loss: 0.680620 |	psnr_loss: 32.129185 |
[2024-07-03 13:29:20,826 | INFO | train_one_epoch] Train epoch 7: [4000/10000 (40.00%)] 	bpp_y_loss: 0.376416 |	bpp_z_loss: 0.004073 |	bpp_loss: 0.380488 |	mse_loss: 0.000720 |	loss: 0.694111 |	psnr_loss: 31.974220 |
[2024-07-03 13:33:40,862 | INFO | train_one_epoch] Train epoch 7: [5000/10000 (50.00%)] 	bpp_y_loss: 0.373038 |	bpp_z_loss: 0.004085 |	bpp_loss: 0.377122 |	mse_loss: 0.000691 |	loss: 0.678095 |	psnr_loss: 32.073029 |
[2024-07-03 13:37:47,439 | INFO | train_one_epoch] Train epoch 7: [6000/10000 (60.00%)] 	bpp_y_loss: 0.374755 |	bpp_z_loss: 0.004092 |	bpp_loss: 0.378847 |	mse_loss: 0.000695 |	loss: 0.681668 |	psnr_loss: 32.090199 |
[2024-07-03 13:41:52,525 | INFO | train_one_epoch] Train epoch 7: [7000/10000 (70.00%)] 	bpp_y_loss: 0.374246 |	bpp_z_loss: 0.004087 |	bpp_loss: 0.378332 |	mse_loss: 0.000692 |	loss: 0.679740 |	psnr_loss: 32.071220 |
[2024-07-03 13:46:06,348 | INFO | train_one_epoch] Train epoch 7: [8000/10000 (80.00%)] 	bpp_y_loss: 0.373463 |	bpp_z_loss: 0.004089 |	bpp_loss: 0.377553 |	mse_loss: 0.000686 |	loss: 0.676341 |	psnr_loss: 32.068897 |
[2024-07-03 13:50:09,956 | INFO | train_one_epoch] Train epoch 7: [9000/10000 (90.00%)] 	bpp_y_loss: 0.371276 |	bpp_z_loss: 0.004085 |	bpp_loss: 0.375361 |	mse_loss: 0.000696 |	loss: 0.678422 |	psnr_loss: 32.108150 |
[2024-07-03 13:54:07,094 | INFO | train_one_epoch] Train epoch 7: [10000/10000 (100.00%)] 	bpp_y_loss: 0.371375 |	bpp_z_loss: 0.004105 |	bpp_loss: 0.375479 |	mse_loss: 0.000686 |	loss: 0.674221 |	psnr_loss: 32.138844 |
[2024-07-03 13:54:09,059 | INFO | test_one_epoch] Testing results for epoch 8 | bpp_y_loss=0.31390 | bpp_z_loss=0.00375 | bpp_loss=0.31765 | mse_loss=0.00116 | loss=0.82499 | psnr_loss=29.88106
[2024-07-03 13:54:42,479 | INFO | train_one_epoch] Learning rate: 5e-05
[2024-07-03 13:54:43,318 | INFO | train_one_epoch] Train epoch 8: [0/10000 (0.00%)] 	bpp_y_loss: 0.527628 |	bpp_z_loss: 0.004927 |	bpp_loss: 0.532556 |	mse_loss: 0.001121 |	loss: 1.020936 |	psnr_loss: 29.503973 |
[2024-07-03 13:58:56,676 | INFO | train_one_epoch] Train epoch 8: [1000/10000 (10.00%)] 	bpp_y_loss: 0.371770 |	bpp_z_loss: 0.004121 |	bpp_loss: 0.375892 |	mse_loss: 0.000672 |	loss: 0.668691 |	psnr_loss: 32.176754 |
[2024-07-03 14:03:06,399 | INFO | train_one_epoch] Train epoch 8: [2000/10000 (20.00%)] 	bpp_y_loss: 0.371698 |	bpp_z_loss: 0.004115 |	bpp_loss: 0.375813 |	mse_loss: 0.000665 |	loss: 0.665566 |	psnr_loss: 32.213192 |
[2024-07-03 14:07:17,199 | INFO | train_one_epoch] Train epoch 8: [3000/10000 (30.00%)] 	bpp_y_loss: 0.374882 |	bpp_z_loss: 0.004153 |	bpp_loss: 0.379035 |	mse_loss: 0.000682 |	loss: 0.676232 |	psnr_loss: 32.148247 |
[2024-07-03 14:11:26,605 | INFO | train_one_epoch] Train epoch 8: [4000/10000 (40.00%)] 	bpp_y_loss: 0.374166 |	bpp_z_loss: 0.004157 |	bpp_loss: 0.378323 |	mse_loss: 0.000681 |	loss: 0.675126 |	psnr_loss: 32.127625 |
[2024-07-03 14:15:48,609 | INFO | train_one_epoch] Train epoch 8: [5000/10000 (50.00%)] 	bpp_y_loss: 0.373542 |	bpp_z_loss: 0.004176 |	bpp_loss: 0.377719 |	mse_loss: 0.000687 |	loss: 0.676894 |	psnr_loss: 32.089890 |
[2024-07-03 14:20:07,010 | INFO | train_one_epoch] Train epoch 8: [6000/10000 (60.00%)] 	bpp_y_loss: 0.374294 |	bpp_z_loss: 0.004182 |	bpp_loss: 0.378477 |	mse_loss: 0.000673 |	loss: 0.671675 |	psnr_loss: 32.201271 |
[2024-07-03 14:24:21,510 | INFO | train_one_epoch] Train epoch 8: [7000/10000 (70.00%)] 	bpp_y_loss: 0.371457 |	bpp_z_loss: 0.004166 |	bpp_loss: 0.375623 |	mse_loss: 0.000655 |	loss: 0.660899 |	psnr_loss: 32.259655 |
[2024-07-03 14:28:25,386 | INFO | train_one_epoch] Train epoch 8: [8000/10000 (80.00%)] 	bpp_y_loss: 0.371979 |	bpp_z_loss: 0.004174 |	bpp_loss: 0.376153 |	mse_loss: 0.000677 |	loss: 0.671184 |	psnr_loss: 32.179462 |
[2024-07-03 14:32:53,925 | INFO | train_one_epoch] Train epoch 8: [9000/10000 (90.00%)] 	bpp_y_loss: 0.375069 |	bpp_z_loss: 0.004189 |	bpp_loss: 0.379258 |	mse_loss: 0.000690 |	loss: 0.679660 |	psnr_loss: 32.068615 |
[2024-07-03 14:37:38,403 | INFO | train_one_epoch] Train epoch 8: [10000/10000 (100.00%)] 	bpp_y_loss: 0.369463 |	bpp_z_loss: 0.004186 |	bpp_loss: 0.373649 |	mse_loss: 0.000654 |	loss: 0.658710 |	psnr_loss: 32.349358 |
[2024-07-03 14:37:40,948 | INFO | test_one_epoch] Testing results for epoch 9 | bpp_y_loss=0.31813 | bpp_z_loss=0.00404 | bpp_loss=0.32217 | mse_loss=0.00111 | loss=0.80728 | psnr_loss=30.08344
[2024-07-03 14:38:00,553 | INFO | train_one_epoch] Learning rate: 5e-05
[2024-07-03 14:38:01,554 | INFO | train_one_epoch] Train epoch 9: [0/10000 (0.00%)] 	bpp_y_loss: 0.427981 |	bpp_z_loss: 0.004070 |	bpp_loss: 0.432051 |	mse_loss: 0.000639 |	loss: 0.710443 |	psnr_loss: 31.944979 |
[2024-07-03 14:42:33,232 | INFO | train_one_epoch] Train epoch 9: [1000/10000 (10.00%)] 	bpp_y_loss: 0.373031 |	bpp_z_loss: 0.004182 |	bpp_loss: 0.377212 |	mse_loss: 0.000677 |	loss: 0.672307 |	psnr_loss: 32.170059 |
[2024-07-03 14:46:45,013 | INFO | train_one_epoch] Train epoch 9: [2000/10000 (20.00%)] 	bpp_y_loss: 0.365284 |	bpp_z_loss: 0.004172 |	bpp_loss: 0.369457 |	mse_loss: 0.000652 |	loss: 0.653393 |	psnr_loss: 32.339458 |
[2024-07-03 14:50:54,029 | INFO | train_one_epoch] Train epoch 9: [3000/10000 (30.00%)] 	bpp_y_loss: 0.367726 |	bpp_z_loss: 0.004187 |	bpp_loss: 0.371912 |	mse_loss: 0.000656 |	loss: 0.657498 |	psnr_loss: 32.316845 |
[2024-07-03 14:54:51,404 | INFO | train_one_epoch] Train epoch 9: [4000/10000 (40.00%)] 	bpp_y_loss: 0.367166 |	bpp_z_loss: 0.004172 |	bpp_loss: 0.371338 |	mse_loss: 0.000640 |	loss: 0.650226 |	psnr_loss: 32.383404 |
[2024-07-03 14:58:52,009 | INFO | train_one_epoch] Train epoch 9: [5000/10000 (50.00%)] 	bpp_y_loss: 0.369923 |	bpp_z_loss: 0.004212 |	bpp_loss: 0.374135 |	mse_loss: 0.000665 |	loss: 0.663920 |	psnr_loss: 32.291531 |
[2024-07-03 15:02:54,255 | INFO | train_one_epoch] Train epoch 9: [6000/10000 (60.00%)] 	bpp_y_loss: 0.372054 |	bpp_z_loss: 0.004211 |	bpp_loss: 0.376265 |	mse_loss: 0.000660 |	loss: 0.663869 |	psnr_loss: 32.234657 |
[2024-07-03 15:06:58,396 | INFO | train_one_epoch] Train epoch 9: [7000/10000 (70.00%)] 	bpp_y_loss: 0.370895 |	bpp_z_loss: 0.004207 |	bpp_loss: 0.375102 |	mse_loss: 0.000672 |	loss: 0.668084 |	psnr_loss: 32.186081 |
[2024-07-03 15:11:06,574 | INFO | train_one_epoch] Train epoch 9: [8000/10000 (80.00%)] 	bpp_y_loss: 0.375853 |	bpp_z_loss: 0.004222 |	bpp_loss: 0.380074 |	mse_loss: 0.000685 |	loss: 0.678553 |	psnr_loss: 32.128998 |
[2024-07-03 15:15:27,740 | INFO | train_one_epoch] Train epoch 9: [9000/10000 (90.00%)] 	bpp_y_loss: 0.370320 |	bpp_z_loss: 0.004200 |	bpp_loss: 0.374520 |	mse_loss: 0.000659 |	loss: 0.661512 |	psnr_loss: 32.333652 |
[2024-07-03 15:19:45,389 | INFO | train_one_epoch] Train epoch 9: [10000/10000 (100.00%)] 	bpp_y_loss: 0.372261 |	bpp_z_loss: 0.004219 |	bpp_loss: 0.376480 |	mse_loss: 0.000652 |	loss: 0.660656 |	psnr_loss: 32.335014 |
[2024-07-03 15:19:47,585 | INFO | test_one_epoch] Testing results for epoch 10 | bpp_y_loss=0.31591 | bpp_z_loss=0.00404 | bpp_loss=0.31994 | mse_loss=0.00110 | loss=0.79866 | psnr_loss=30.15815
[2024-07-03 15:20:09,342 | INFO | train_one_epoch] Learning rate: 5e-05
[2024-07-03 15:20:10,274 | INFO | train_one_epoch] Train epoch 10: [0/10000 (0.00%)] 	bpp_y_loss: 0.381783 |	bpp_z_loss: 0.004341 |	bpp_loss: 0.386124 |	mse_loss: 0.000503 |	loss: 0.605092 |	psnr_loss: 32.987747 |
[2024-07-03 15:24:25,894 | INFO | train_one_epoch] Train epoch 10: [1000/10000 (10.00%)] 	bpp_y_loss: 0.368777 |	bpp_z_loss: 0.004209 |	bpp_loss: 0.372986 |	mse_loss: 0.000640 |	loss: 0.651853 |	psnr_loss: 32.385872 |
[2024-07-03 15:28:29,222 | INFO | train_one_epoch] Train epoch 10: [2000/10000 (20.00%)] 	bpp_y_loss: 0.370518 |	bpp_z_loss: 0.004220 |	bpp_loss: 0.374738 |	mse_loss: 0.000650 |	loss: 0.658031 |	psnr_loss: 32.360157 |
[2024-07-03 15:32:36,297 | INFO | train_one_epoch] Train epoch 10: [3000/10000 (30.00%)] 	bpp_y_loss: 0.370325 |	bpp_z_loss: 0.004223 |	bpp_loss: 0.374548 |	mse_loss: 0.000650 |	loss: 0.657826 |	psnr_loss: 32.343273 |
[2024-07-03 15:36:45,570 | INFO | train_one_epoch] Train epoch 10: [4000/10000 (40.00%)] 	bpp_y_loss: 0.373360 |	bpp_z_loss: 0.004261 |	bpp_loss: 0.377621 |	mse_loss: 0.000665 |	loss: 0.667275 |	psnr_loss: 32.264648 |
[2024-07-03 15:40:58,805 | INFO | train_one_epoch] Train epoch 10: [5000/10000 (50.00%)] 	bpp_y_loss: 0.370683 |	bpp_z_loss: 0.004233 |	bpp_loss: 0.374917 |	mse_loss: 0.000645 |	loss: 0.655980 |	psnr_loss: 32.352043 |
[2024-07-03 15:45:08,721 | INFO | train_one_epoch] Train epoch 10: [6000/10000 (60.00%)] 	bpp_y_loss: 0.373431 |	bpp_z_loss: 0.004244 |	bpp_loss: 0.377674 |	mse_loss: 0.000667 |	loss: 0.668375 |	psnr_loss: 32.224663 |
[2024-07-03 15:49:15,625 | INFO | train_one_epoch] Train epoch 10: [7000/10000 (70.00%)] 	bpp_y_loss: 0.369885 |	bpp_z_loss: 0.004233 |	bpp_loss: 0.374118 |	mse_loss: 0.000649 |	loss: 0.657080 |	psnr_loss: 32.376526 |
[2024-07-03 15:53:27,201 | INFO | train_one_epoch] Train epoch 10: [8000/10000 (80.00%)] 	bpp_y_loss: 0.371281 |	bpp_z_loss: 0.004239 |	bpp_loss: 0.375520 |	mse_loss: 0.000646 |	loss: 0.657024 |	psnr_loss: 32.320534 |
[2024-07-03 15:57:30,915 | INFO | train_one_epoch] Train epoch 10: [9000/10000 (90.00%)] 	bpp_y_loss: 0.369910 |	bpp_z_loss: 0.004247 |	bpp_loss: 0.374158 |	mse_loss: 0.000650 |	loss: 0.657435 |	psnr_loss: 32.321510 |
[2024-07-03 16:01:39,411 | INFO | train_one_epoch] Train epoch 10: [10000/10000 (100.00%)] 	bpp_y_loss: 0.368931 |	bpp_z_loss: 0.004246 |	bpp_loss: 0.373178 |	mse_loss: 0.000629 |	loss: 0.647224 |	psnr_loss: 32.431454 |
[2024-07-03 16:01:41,427 | INFO | test_one_epoch] Testing results for epoch 11 | bpp_y_loss=0.31814 | bpp_z_loss=0.00415 | bpp_loss=0.32229 | mse_loss=0.00107 | loss=0.78731 | psnr_loss=30.26834
[2024-07-03 16:02:15,416 | INFO | train_one_epoch] Learning rate: 5e-05
[2024-07-03 16:02:16,187 | INFO | train_one_epoch] Train epoch 11: [0/10000 (0.00%)] 	bpp_y_loss: 0.464741 |	bpp_z_loss: 0.004414 |	bpp_loss: 0.469155 |	mse_loss: 0.000733 |	loss: 0.788599 |	psnr_loss: 31.347603 |
[2024-07-03 16:06:23,930 | INFO | train_one_epoch] Train epoch 11: [1000/10000 (10.00%)] 	bpp_y_loss: 0.368381 |	bpp_z_loss: 0.004242 |	bpp_loss: 0.372623 |	mse_loss: 0.000633 |	loss: 0.648338 |	psnr_loss: 32.427818 |
[2024-07-03 16:10:41,130 | INFO | train_one_epoch] Train epoch 11: [2000/10000 (20.00%)] 	bpp_y_loss: 0.371918 |	bpp_z_loss: 0.004246 |	bpp_loss: 0.376164 |	mse_loss: 0.000655 |	loss: 0.661709 |	psnr_loss: 32.319351 |
[2024-07-03 16:14:57,513 | INFO | train_one_epoch] Train epoch 11: [3000/10000 (30.00%)] 	bpp_y_loss: 0.368235 |	bpp_z_loss: 0.004256 |	bpp_loss: 0.372491 |	mse_loss: 0.000638 |	loss: 0.650468 |	psnr_loss: 32.406254 |
[2024-07-03 16:19:05,180 | INFO | train_one_epoch] Train epoch 11: [4000/10000 (40.00%)] 	bpp_y_loss: 0.369089 |	bpp_z_loss: 0.004236 |	bpp_loss: 0.373325 |	mse_loss: 0.000635 |	loss: 0.649996 |	psnr_loss: 32.405037 |
[2024-07-03 16:23:20,534 | INFO | train_one_epoch] Train epoch 11: [5000/10000 (50.00%)] 	bpp_y_loss: 0.365728 |	bpp_z_loss: 0.004239 |	bpp_loss: 0.369967 |	mse_loss: 0.000622 |	loss: 0.640862 |	psnr_loss: 32.484066 |
[2024-07-03 16:27:33,252 | INFO | train_one_epoch] Train epoch 11: [6000/10000 (60.00%)] 	bpp_y_loss: 0.370476 |	bpp_z_loss: 0.004245 |	bpp_loss: 0.374720 |	mse_loss: 0.000633 |	loss: 0.650666 |	psnr_loss: 32.457981 |
[2024-07-03 16:31:46,707 | INFO | train_one_epoch] Train epoch 11: [7000/10000 (70.00%)] 	bpp_y_loss: 0.372296 |	bpp_z_loss: 0.004249 |	bpp_loss: 0.376545 |	mse_loss: 0.000631 |	loss: 0.651342 |	psnr_loss: 32.453632 |
[2024-07-03 16:36:05,512 | INFO | train_one_epoch] Train epoch 11: [8000/10000 (80.00%)] 	bpp_y_loss: 0.371726 |	bpp_z_loss: 0.004257 |	bpp_loss: 0.375984 |	mse_loss: 0.000646 |	loss: 0.657233 |	psnr_loss: 32.361511 |
[2024-07-03 16:40:32,252 | INFO | train_one_epoch] Train epoch 11: [9000/10000 (90.00%)] 	bpp_y_loss: 0.370222 |	bpp_z_loss: 0.004252 |	bpp_loss: 0.374473 |	mse_loss: 0.000640 |	loss: 0.653181 |	psnr_loss: 32.439831 |
[2024-07-03 16:44:59,933 | INFO | train_one_epoch] Train epoch 11: [10000/10000 (100.00%)] 	bpp_y_loss: 0.370998 |	bpp_z_loss: 0.004260 |	bpp_loss: 0.375258 |	mse_loss: 0.000638 |	loss: 0.653070 |	psnr_loss: 32.406990 |
[2024-07-03 16:45:02,465 | INFO | test_one_epoch] Testing results for epoch 12 | bpp_y_loss=0.31611 | bpp_z_loss=0.00421 | bpp_loss=0.32032 | mse_loss=0.00107 | loss=0.78491 | psnr_loss=30.23416
[2024-07-03 16:45:20,372 | INFO | train_one_epoch] Learning rate: 5e-05
[2024-07-03 16:45:21,393 | INFO | train_one_epoch] Train epoch 12: [0/10000 (0.00%)] 	bpp_y_loss: 0.298544 |	bpp_z_loss: 0.003910 |	bpp_loss: 0.302454 |	mse_loss: 0.000519 |	loss: 0.528503 |	psnr_loss: 32.849518 |
[2024-07-03 16:49:48,699 | INFO | train_one_epoch] Train epoch 12: [1000/10000 (10.00%)] 	bpp_y_loss: 0.374185 |	bpp_z_loss: 0.004275 |	bpp_loss: 0.378460 |	mse_loss: 0.000649 |	loss: 0.661348 |	psnr_loss: 32.335220 |
[2024-07-03 16:54:16,854 | INFO | train_one_epoch] Train epoch 12: [2000/10000 (20.00%)] 	bpp_y_loss: 0.375003 |	bpp_z_loss: 0.004283 |	bpp_loss: 0.379286 |	mse_loss: 0.000646 |	loss: 0.660845 |	psnr_loss: 32.340134 |
[2024-07-03 16:58:42,109 | INFO | train_one_epoch] Train epoch 12: [3000/10000 (30.00%)] 	bpp_y_loss: 0.370456 |	bpp_z_loss: 0.004266 |	bpp_loss: 0.374722 |	mse_loss: 0.000630 |	loss: 0.649249 |	psnr_loss: 32.506588 |
[2024-07-03 17:02:56,757 | INFO | train_one_epoch] Train epoch 12: [4000/10000 (40.00%)] 	bpp_y_loss: 0.369362 |	bpp_z_loss: 0.004249 |	bpp_loss: 0.373611 |	mse_loss: 0.000617 |	loss: 0.642633 |	psnr_loss: 32.500332 |
[2024-07-03 17:07:05,330 | INFO | train_one_epoch] Train epoch 12: [5000/10000 (50.00%)] 	bpp_y_loss: 0.372247 |	bpp_z_loss: 0.004280 |	bpp_loss: 0.376527 |	mse_loss: 0.000632 |	loss: 0.651904 |	psnr_loss: 32.411510 |
[2024-07-03 17:11:30,862 | INFO | train_one_epoch] Train epoch 12: [6000/10000 (60.00%)] 	bpp_y_loss: 0.368885 |	bpp_z_loss: 0.004286 |	bpp_loss: 0.373171 |	mse_loss: 0.000611 |	loss: 0.639421 |	psnr_loss: 32.538494 |
[2024-07-03 17:16:00,932 | INFO | train_one_epoch] Train epoch 12: [7000/10000 (70.00%)] 	bpp_y_loss: 0.372231 |	bpp_z_loss: 0.004284 |	bpp_loss: 0.376514 |	mse_loss: 0.000637 |	loss: 0.653911 |	psnr_loss: 32.413296 |
[2024-07-03 17:20:31,103 | INFO | train_one_epoch] Train epoch 12: [8000/10000 (80.00%)] 	bpp_y_loss: 0.369851 |	bpp_z_loss: 0.004272 |	bpp_loss: 0.374123 |	mse_loss: 0.000618 |	loss: 0.643581 |	psnr_loss: 32.488781 |
[2024-07-03 17:25:03,460 | INFO | train_one_epoch] Train epoch 12: [9000/10000 (90.00%)] 	bpp_y_loss: 0.370474 |	bpp_z_loss: 0.004266 |	bpp_loss: 0.374740 |	mse_loss: 0.000626 |	loss: 0.647509 |	psnr_loss: 32.472496 |
[2024-07-03 17:29:22,804 | INFO | train_one_epoch] Train epoch 12: [10000/10000 (100.00%)] 	bpp_y_loss: 0.373045 |	bpp_z_loss: 0.004275 |	bpp_loss: 0.377320 |	mse_loss: 0.000635 |	loss: 0.653840 |	psnr_loss: 32.444664 |
[2024-07-03 17:29:24,774 | INFO | test_one_epoch] Testing results for epoch 13 | bpp_y_loss=0.32007 | bpp_z_loss=0.00427 | bpp_loss=0.32434 | mse_loss=0.00103 | loss=0.77347 | psnr_loss=30.42024
[2024-07-03 17:29:45,665 | INFO | train_one_epoch] Learning rate: 5e-05
[2024-07-03 17:29:46,429 | INFO | train_one_epoch] Train epoch 13: [0/10000 (0.00%)] 	bpp_y_loss: 0.467671 |	bpp_z_loss: 0.004574 |	bpp_loss: 0.472245 |	mse_loss: 0.000818 |	loss: 0.828755 |	psnr_loss: 30.870831 |
[2024-07-03 17:33:47,838 | INFO | train_one_epoch] Train epoch 13: [1000/10000 (10.00%)] 	bpp_y_loss: 0.372699 |	bpp_z_loss: 0.004292 |	bpp_loss: 0.376992 |	mse_loss: 0.000634 |	loss: 0.653183 |	psnr_loss: 32.461899 |
[2024-07-03 17:37:54,790 | INFO | train_one_epoch] Train epoch 13: [2000/10000 (20.00%)] 	bpp_y_loss: 0.368733 |	bpp_z_loss: 0.004263 |	bpp_loss: 0.372997 |	mse_loss: 0.000622 |	loss: 0.643823 |	psnr_loss: 32.509548 |
[2024-07-03 17:42:05,861 | INFO | train_one_epoch] Train epoch 13: [3000/10000 (30.00%)] 	bpp_y_loss: 0.372985 |	bpp_z_loss: 0.004291 |	bpp_loss: 0.377276 |	mse_loss: 0.000651 |	loss: 0.660997 |	psnr_loss: 32.363647 |
[2024-07-03 17:46:15,250 | INFO | train_one_epoch] Train epoch 13: [4000/10000 (40.00%)] 	bpp_y_loss: 0.369180 |	bpp_z_loss: 0.004276 |	bpp_loss: 0.373456 |	mse_loss: 0.000626 |	loss: 0.646316 |	psnr_loss: 32.474781 |
[2024-07-03 17:50:19,453 | INFO | train_one_epoch] Train epoch 13: [5000/10000 (50.00%)] 	bpp_y_loss: 0.369868 |	bpp_z_loss: 0.004275 |	bpp_loss: 0.374144 |	mse_loss: 0.000628 |	loss: 0.647753 |	psnr_loss: 32.499249 |
[2024-07-03 17:54:21,754 | INFO | train_one_epoch] Train epoch 13: [6000/10000 (60.00%)] 	bpp_y_loss: 0.367457 |	bpp_z_loss: 0.004274 |	bpp_loss: 0.371730 |	mse_loss: 0.000612 |	loss: 0.638353 |	psnr_loss: 32.553967 |
[2024-07-03 17:58:25,533 | INFO | train_one_epoch] Train epoch 13: [7000/10000 (70.00%)] 	bpp_y_loss: 0.369516 |	bpp_z_loss: 0.004290 |	bpp_loss: 0.373806 |	mse_loss: 0.000614 |	loss: 0.641270 |	psnr_loss: 32.533825 |
[2024-07-03 18:02:29,661 | INFO | train_one_epoch] Train epoch 13: [8000/10000 (80.00%)] 	bpp_y_loss: 0.372167 |	bpp_z_loss: 0.004281 |	bpp_loss: 0.376449 |	mse_loss: 0.000637 |	loss: 0.653986 |	psnr_loss: 32.435478 |
[2024-07-03 18:06:31,704 | INFO | train_one_epoch] Train epoch 13: [9000/10000 (90.00%)] 	bpp_y_loss: 0.370296 |	bpp_z_loss: 0.004286 |	bpp_loss: 0.374581 |	mse_loss: 0.000622 |	loss: 0.645686 |	psnr_loss: 32.482483 |
[2024-07-03 18:10:30,943 | INFO | train_one_epoch] Train epoch 13: [10000/10000 (100.00%)] 	bpp_y_loss: 0.367084 |	bpp_z_loss: 0.004277 |	bpp_loss: 0.371360 |	mse_loss: 0.000602 |	loss: 0.633429 |	psnr_loss: 32.604027 |
[2024-07-03 18:10:32,823 | INFO | test_one_epoch] Testing results for epoch 14 | bpp_y_loss=0.31790 | bpp_z_loss=0.00434 | bpp_loss=0.32223 | mse_loss=0.00103 | loss=0.77141 | psnr_loss=30.39841
[2024-07-03 18:11:21,084 | INFO | train_one_epoch] Learning rate: 5e-05
[2024-07-03 18:11:21,897 | INFO | train_one_epoch] Train epoch 14: [0/10000 (0.00%)] 	bpp_y_loss: 0.350746 |	bpp_z_loss: 0.003833 |	bpp_loss: 0.354579 |	mse_loss: 0.000392 |	loss: 0.525339 |	psnr_loss: 34.067696 |
[2024-07-03 18:15:39,343 | INFO | train_one_epoch] Train epoch 14: [1000/10000 (10.00%)] 	bpp_y_loss: 0.369605 |	bpp_z_loss: 0.004292 |	bpp_loss: 0.373897 |	mse_loss: 0.000616 |	loss: 0.642083 |	psnr_loss: 32.510376 |
[2024-07-03 18:19:46,986 | INFO | train_one_epoch] Train epoch 14: [2000/10000 (20.00%)] 	bpp_y_loss: 0.371245 |	bpp_z_loss: 0.004309 |	bpp_loss: 0.375554 |	mse_loss: 0.000617 |	loss: 0.644425 |	psnr_loss: 32.510571 |
[2024-07-03 18:23:57,198 | INFO | train_one_epoch] Train epoch 14: [3000/10000 (30.00%)] 	bpp_y_loss: 0.370092 |	bpp_z_loss: 0.004284 |	bpp_loss: 0.374376 |	mse_loss: 0.000626 |	loss: 0.647007 |	psnr_loss: 32.504559 |
[2024-07-03 18:28:05,768 | INFO | train_one_epoch] Train epoch 14: [4000/10000 (40.00%)] 	bpp_y_loss: 0.371685 |	bpp_z_loss: 0.004278 |	bpp_loss: 0.375963 |	mse_loss: 0.000631 |	loss: 0.650880 |	psnr_loss: 32.472496 |
[2024-07-03 18:32:10,361 | INFO | train_one_epoch] Train epoch 14: [5000/10000 (50.00%)] 	bpp_y_loss: 0.368779 |	bpp_z_loss: 0.004290 |	bpp_loss: 0.373068 |	mse_loss: 0.000621 |	loss: 0.643593 |	psnr_loss: 32.532253 |
[2024-07-03 18:36:12,561 | INFO | train_one_epoch] Train epoch 14: [6000/10000 (60.00%)] 	bpp_y_loss: 0.366180 |	bpp_z_loss: 0.004288 |	bpp_loss: 0.370468 |	mse_loss: 0.000608 |	loss: 0.635180 |	psnr_loss: 32.614361 |
[2024-07-03 18:40:07,098 | INFO | train_one_epoch] Train epoch 14: [7000/10000 (70.00%)] 	bpp_y_loss: 0.370716 |	bpp_z_loss: 0.004306 |	bpp_loss: 0.375022 |	mse_loss: 0.000611 |	loss: 0.641390 |	psnr_loss: 32.553223 |
[2024-07-03 18:44:09,601 | INFO | train_one_epoch] Train epoch 14: [8000/10000 (80.00%)] 	bpp_y_loss: 0.374452 |	bpp_z_loss: 0.004302 |	bpp_loss: 0.378754 |	mse_loss: 0.000645 |	loss: 0.659927 |	psnr_loss: 32.406811 |
[2024-07-03 18:48:09,757 | INFO | train_one_epoch] Train epoch 14: [9000/10000 (90.00%)] 	bpp_y_loss: 0.369257 |	bpp_z_loss: 0.004286 |	bpp_loss: 0.373542 |	mse_loss: 0.000614 |	loss: 0.641200 |	psnr_loss: 32.556374 |
[2024-07-03 18:52:14,573 | INFO | train_one_epoch] Train epoch 14: [10000/10000 (100.00%)] 	bpp_y_loss: 0.371251 |	bpp_z_loss: 0.004295 |	bpp_loss: 0.375546 |	mse_loss: 0.000629 |	loss: 0.649676 |	psnr_loss: 32.455399 |
[2024-07-03 18:52:16,812 | INFO | test_one_epoch] Testing results for epoch 15 | bpp_y_loss=0.31848 | bpp_z_loss=0.00443 | bpp_loss=0.32291 | mse_loss=0.00100 | loss=0.75865 | psnr_loss=30.54533
[2024-07-03 18:52:35,154 | INFO | train_one_epoch] Learning rate: 5e-05
[2024-07-03 18:52:35,972 | INFO | train_one_epoch] Train epoch 15: [0/10000 (0.00%)] 	bpp_y_loss: 0.285479 |	bpp_z_loss: 0.004163 |	bpp_loss: 0.289642 |	mse_loss: 0.000254 |	loss: 0.400097 |	psnr_loss: 35.959728 |
[2024-07-03 18:56:44,191 | INFO | train_one_epoch] Train epoch 15: [1000/10000 (10.00%)] 	bpp_y_loss: 0.371802 |	bpp_z_loss: 0.004292 |	bpp_loss: 0.376094 |	mse_loss: 0.000638 |	loss: 0.654055 |	psnr_loss: 32.456776 |
[2024-07-03 19:00:55,496 | INFO | train_one_epoch] Train epoch 15: [2000/10000 (20.00%)] 	bpp_y_loss: 0.368906 |	bpp_z_loss: 0.004341 |	bpp_loss: 0.373248 |	mse_loss: 0.000603 |	loss: 0.636156 |	psnr_loss: 32.638462 |
[2024-07-03 19:04:55,357 | INFO | train_one_epoch] Train epoch 15: [3000/10000 (30.00%)] 	bpp_y_loss: 0.370422 |	bpp_z_loss: 0.004304 |	bpp_loss: 0.374726 |	mse_loss: 0.000611 |	loss: 0.640771 |	psnr_loss: 32.569759 |
[2024-07-03 19:08:57,445 | INFO | train_one_epoch] Train epoch 15: [4000/10000 (40.00%)] 	bpp_y_loss: 0.370461 |	bpp_z_loss: 0.004303 |	bpp_loss: 0.374765 |	mse_loss: 0.000623 |	loss: 0.646218 |	psnr_loss: 32.554016 |
[2024-07-03 19:12:59,602 | INFO | train_one_epoch] Train epoch 15: [5000/10000 (50.00%)] 	bpp_y_loss: 0.370671 |	bpp_z_loss: 0.004304 |	bpp_loss: 0.374975 |	mse_loss: 0.000624 |	loss: 0.646678 |	psnr_loss: 32.489597 |
[2024-07-03 19:16:59,901 | INFO | train_one_epoch] Train epoch 15: [6000/10000 (60.00%)] 	bpp_y_loss: 0.368454 |	bpp_z_loss: 0.004304 |	bpp_loss: 0.372757 |	mse_loss: 0.000617 |	loss: 0.641619 |	psnr_loss: 32.564060 |
[2024-07-03 19:21:09,788 | INFO | train_one_epoch] Train epoch 15: [7000/10000 (70.00%)] 	bpp_y_loss: 0.366938 |	bpp_z_loss: 0.004307 |	bpp_loss: 0.371245 |	mse_loss: 0.000609 |	loss: 0.636646 |	psnr_loss: 32.628593 |
[2024-07-03 19:25:22,227 | INFO | train_one_epoch] Train epoch 15: [8000/10000 (80.00%)] 	bpp_y_loss: 0.370059 |	bpp_z_loss: 0.004299 |	bpp_loss: 0.374358 |	mse_loss: 0.000615 |	loss: 0.642079 |	psnr_loss: 32.603027 |
[2024-07-03 19:29:37,502 | INFO | train_one_epoch] Train epoch 15: [9000/10000 (90.00%)] 	bpp_y_loss: 0.371872 |	bpp_z_loss: 0.004322 |	bpp_loss: 0.376194 |	mse_loss: 0.000622 |	loss: 0.647180 |	psnr_loss: 32.513508 |
[2024-07-03 19:33:48,908 | INFO | train_one_epoch] Train epoch 15: [10000/10000 (100.00%)] 	bpp_y_loss: 0.366536 |	bpp_z_loss: 0.004297 |	bpp_loss: 0.370833 |	mse_loss: 0.000600 |	loss: 0.632347 |	psnr_loss: 32.645916 |
[2024-07-03 19:33:51,478 | INFO | test_one_epoch] Testing results for epoch 16 | bpp_y_loss=0.31900 | bpp_z_loss=0.00443 | bpp_loss=0.32344 | mse_loss=0.00098 | loss=0.75164 | psnr_loss=30.62695
[2024-07-03 19:34:10,874 | INFO | train_one_epoch] Learning rate: 5e-05
[2024-07-03 19:34:11,708 | INFO | train_one_epoch] Train epoch 16: [0/10000 (0.00%)] 	bpp_y_loss: 0.390812 |	bpp_z_loss: 0.004452 |	bpp_loss: 0.395263 |	mse_loss: 0.000589 |	loss: 0.651927 |	psnr_loss: 32.297913 |
[2024-07-03 19:38:43,728 | INFO | train_one_epoch] Train epoch 16: [1000/10000 (10.00%)] 	bpp_y_loss: 0.368516 |	bpp_z_loss: 0.004294 |	bpp_loss: 0.372810 |	mse_loss: 0.000608 |	loss: 0.637635 |	psnr_loss: 32.633686 |
[2024-07-03 19:43:01,286 | INFO | train_one_epoch] Train epoch 16: [2000/10000 (20.00%)] 	bpp_y_loss: 0.371152 |	bpp_z_loss: 0.004321 |	bpp_loss: 0.375473 |	mse_loss: 0.000618 |	loss: 0.644918 |	psnr_loss: 32.538143 |
[2024-07-03 19:46:58,996 | INFO | train_one_epoch] Train epoch 16: [3000/10000 (30.00%)] 	bpp_y_loss: 0.370681 |	bpp_z_loss: 0.004318 |	bpp_loss: 0.374999 |	mse_loss: 0.000625 |	loss: 0.647420 |	psnr_loss: 32.498913 |
[2024-07-03 19:51:03,979 | INFO | train_one_epoch] Train epoch 16: [4000/10000 (40.00%)] 	bpp_y_loss: 0.368113 |	bpp_z_loss: 0.004301 |	bpp_loss: 0.372414 |	mse_loss: 0.000610 |	loss: 0.637993 |	psnr_loss: 32.582596 |
[2024-07-03 19:55:08,604 | INFO | train_one_epoch] Train epoch 16: [5000/10000 (50.00%)] 	bpp_y_loss: 0.370923 |	bpp_z_loss: 0.004321 |	bpp_loss: 0.375244 |	mse_loss: 0.000620 |	loss: 0.645230 |	psnr_loss: 32.545208 |
[2024-07-03 19:59:09,096 | INFO | train_one_epoch] Train epoch 16: [6000/10000 (60.00%)] 	bpp_y_loss: 0.367750 |	bpp_z_loss: 0.004303 |	bpp_loss: 0.372053 |	mse_loss: 0.000605 |	loss: 0.635471 |	psnr_loss: 32.600887 |
[2024-07-03 20:03:06,859 | INFO | train_one_epoch] Train epoch 16: [7000/10000 (70.00%)] 	bpp_y_loss: 0.370191 |	bpp_z_loss: 0.004322 |	bpp_loss: 0.374513 |	mse_loss: 0.000604 |	loss: 0.637650 |	psnr_loss: 32.614445 |
[2024-07-03 20:07:02,936 | INFO | train_one_epoch] Train epoch 16: [8000/10000 (80.00%)] 	bpp_y_loss: 0.372338 |	bpp_z_loss: 0.004323 |	bpp_loss: 0.376661 |	mse_loss: 0.000619 |	loss: 0.646368 |	psnr_loss: 32.528328 |
[2024-07-03 20:11:03,759 | INFO | train_one_epoch] Train epoch 16: [9000/10000 (90.00%)] 	bpp_y_loss: 0.372436 |	bpp_z_loss: 0.004318 |	bpp_loss: 0.376754 |	mse_loss: 0.000625 |	loss: 0.649218 |	psnr_loss: 32.457912 |
[2024-07-03 20:15:00,287 | INFO | train_one_epoch] Train epoch 16: [10000/10000 (100.00%)] 	bpp_y_loss: 0.365845 |	bpp_z_loss: 0.004287 |	bpp_loss: 0.370132 |	mse_loss: 0.000607 |	loss: 0.634410 |	psnr_loss: 32.620514 |
[2024-07-03 20:15:02,277 | INFO | test_one_epoch] Testing results for epoch 17 | bpp_y_loss=0.31156 | bpp_z_loss=0.00437 | bpp_loss=0.31594 | mse_loss=0.00100 | loss=0.75159 | psnr_loss=30.53787
[2024-07-03 20:15:17,376 | INFO | train_one_epoch] Learning rate: 5e-05
[2024-07-03 20:15:18,184 | INFO | train_one_epoch] Train epoch 17: [0/10000 (0.00%)] 	bpp_y_loss: 0.359897 |	bpp_z_loss: 0.004700 |	bpp_loss: 0.364598 |	mse_loss: 0.000469 |	loss: 0.569018 |	psnr_loss: 33.286320 |
[2024-07-03 20:19:11,081 | INFO | train_one_epoch] Train epoch 17: [1000/10000 (10.00%)] 	bpp_y_loss: 0.368280 |	bpp_z_loss: 0.004293 |	bpp_loss: 0.372572 |	mse_loss: 0.000605 |	loss: 0.636367 |	psnr_loss: 32.602654 |
[2024-07-03 20:22:54,052 | INFO | train_one_epoch] Train epoch 17: [2000/10000 (20.00%)] 	bpp_y_loss: 0.371399 |	bpp_z_loss: 0.004329 |	bpp_loss: 0.375728 |	mse_loss: 0.000612 |	loss: 0.642160 |	psnr_loss: 32.576031 |
[2024-07-03 20:26:41,674 | INFO | train_one_epoch] Train epoch 17: [3000/10000 (30.00%)] 	bpp_y_loss: 0.369801 |	bpp_z_loss: 0.004316 |	bpp_loss: 0.374117 |	mse_loss: 0.000614 |	loss: 0.641688 |	psnr_loss: 32.585773 |
[2024-07-03 20:30:29,472 | INFO | train_one_epoch] Train epoch 17: [4000/10000 (40.00%)] 	bpp_y_loss: 0.368453 |	bpp_z_loss: 0.004318 |	bpp_loss: 0.372770 |	mse_loss: 0.000600 |	loss: 0.634239 |	psnr_loss: 32.634144 |
[2024-07-03 20:34:22,741 | INFO | train_one_epoch] Train epoch 17: [5000/10000 (50.00%)] 	bpp_y_loss: 0.369245 |	bpp_z_loss: 0.004322 |	bpp_loss: 0.373567 |	mse_loss: 0.000606 |	loss: 0.637686 |	psnr_loss: 32.656719 |
[2024-07-03 20:38:09,106 | INFO | train_one_epoch] Train epoch 17: [6000/10000 (60.00%)] 	bpp_y_loss: 0.368342 |	bpp_z_loss: 0.004318 |	bpp_loss: 0.372660 |	mse_loss: 0.000602 |	loss: 0.634864 |	psnr_loss: 32.612972 |
[2024-07-03 20:42:02,133 | INFO | train_one_epoch] Train epoch 17: [7000/10000 (70.00%)] 	bpp_y_loss: 0.369632 |	bpp_z_loss: 0.004330 |	bpp_loss: 0.373961 |	mse_loss: 0.000607 |	loss: 0.638296 |	psnr_loss: 32.581509 |
[2024-07-03 20:46:18,398 | INFO | train_one_epoch] Train epoch 17: [8000/10000 (80.00%)] 	bpp_y_loss: 0.371300 |	bpp_z_loss: 0.004340 |	bpp_loss: 0.375640 |	mse_loss: 0.000608 |	loss: 0.640737 |	psnr_loss: 32.579193 |
[2024-07-03 20:50:32,344 | INFO | train_one_epoch] Train epoch 17: [9000/10000 (90.00%)] 	bpp_y_loss: 0.370453 |	bpp_z_loss: 0.004328 |	bpp_loss: 0.374782 |	mse_loss: 0.000609 |	loss: 0.640053 |	psnr_loss: 32.649750 |
[2024-07-03 20:54:44,124 | INFO | train_one_epoch] Train epoch 17: [10000/10000 (100.00%)] 	bpp_y_loss: 0.368786 |	bpp_z_loss: 0.004325 |	bpp_loss: 0.373112 |	mse_loss: 0.000617 |	loss: 0.642021 |	psnr_loss: 32.588158 |
[2024-07-03 20:54:46,410 | INFO | test_one_epoch] Testing results for epoch 18 | bpp_y_loss=0.31604 | bpp_z_loss=0.00435 | bpp_loss=0.32039 | mse_loss=0.00099 | loss=0.75013 | psnr_loss=30.61887
[2024-07-03 20:55:05,975 | INFO | train_one_epoch] Learning rate: 5e-05
[2024-07-03 20:55:06,919 | INFO | train_one_epoch] Train epoch 18: [0/10000 (0.00%)] 	bpp_y_loss: 0.427156 |	bpp_z_loss: 0.004450 |	bpp_loss: 0.431606 |	mse_loss: 0.000900 |	loss: 0.823858 |	psnr_loss: 30.455894 |
[2024-07-03 20:59:16,035 | INFO | train_one_epoch] Train epoch 18: [1000/10000 (10.00%)] 	bpp_y_loss: 0.370558 |	bpp_z_loss: 0.004323 |	bpp_loss: 0.374881 |	mse_loss: 0.000611 |	loss: 0.640892 |	psnr_loss: 32.561352 |
[2024-07-03 21:03:14,026 | INFO | train_one_epoch] Train epoch 18: [2000/10000 (20.00%)] 	bpp_y_loss: 0.365800 |	bpp_z_loss: 0.004317 |	bpp_loss: 0.370118 |	mse_loss: 0.000591 |	loss: 0.627655 |	psnr_loss: 32.704597 |
[2024-07-03 21:07:20,670 | INFO | train_one_epoch] Train epoch 18: [3000/10000 (30.00%)] 	bpp_y_loss: 0.368032 |	bpp_z_loss: 0.004319 |	bpp_loss: 0.372351 |	mse_loss: 0.000607 |	loss: 0.636629 |	psnr_loss: 32.631599 |
[2024-07-03 21:11:29,003 | INFO | train_one_epoch] Train epoch 18: [4000/10000 (40.00%)] 	bpp_y_loss: 0.370613 |	bpp_z_loss: 0.004333 |	bpp_loss: 0.374946 |	mse_loss: 0.000601 |	loss: 0.636597 |	psnr_loss: 32.632683 |
[2024-07-03 21:15:47,646 | INFO | train_one_epoch] Train epoch 18: [5000/10000 (50.00%)] 	bpp_y_loss: 0.368768 |	bpp_z_loss: 0.004339 |	bpp_loss: 0.373108 |	mse_loss: 0.000604 |	loss: 0.636217 |	psnr_loss: 32.637238 |
[2024-07-03 21:19:53,005 | INFO | train_one_epoch] Train epoch 18: [6000/10000 (60.00%)] 	bpp_y_loss: 0.369786 |	bpp_z_loss: 0.004334 |	bpp_loss: 0.374120 |	mse_loss: 0.000613 |	loss: 0.641395 |	psnr_loss: 32.583641 |
[2024-07-03 21:23:56,735 | INFO | train_one_epoch] Train epoch 18: [7000/10000 (70.00%)] 	bpp_y_loss: 0.369267 |	bpp_z_loss: 0.004339 |	bpp_loss: 0.373606 |	mse_loss: 0.000612 |	loss: 0.640042 |	psnr_loss: 32.603905 |
[2024-07-03 21:27:50,133 | INFO | train_one_epoch] Train epoch 18: [8000/10000 (80.00%)] 	bpp_y_loss: 0.368579 |	bpp_z_loss: 0.004324 |	bpp_loss: 0.372902 |	mse_loss: 0.000598 |	loss: 0.633549 |	psnr_loss: 32.672226 |
[2024-07-03 21:32:01,538 | INFO | train_one_epoch] Train epoch 18: [9000/10000 (90.00%)] 	bpp_y_loss: 0.364717 |	bpp_z_loss: 0.004313 |	bpp_loss: 0.369030 |	mse_loss: 0.000583 |	loss: 0.623180 |	psnr_loss: 32.780121 |
[2024-07-03 21:36:05,766 | INFO | train_one_epoch] Train epoch 18: [10000/10000 (100.00%)] 	bpp_y_loss: 0.368892 |	bpp_z_loss: 0.004326 |	bpp_loss: 0.373218 |	mse_loss: 0.000598 |	loss: 0.633578 |	psnr_loss: 32.656147 |
[2024-07-03 21:36:07,851 | INFO | test_one_epoch] Testing results for epoch 19 | bpp_y_loss=0.31716 | bpp_z_loss=0.00448 | bpp_loss=0.32165 | mse_loss=0.00098 | loss=0.74900 | psnr_loss=30.63086
[2024-07-03 21:36:28,253 | INFO | train_one_epoch] Learning rate: 5e-05
[2024-07-03 21:36:29,003 | INFO | train_one_epoch] Train epoch 19: [0/10000 (0.00%)] 	bpp_y_loss: 0.381760 |	bpp_z_loss: 0.004222 |	bpp_loss: 0.385982 |	mse_loss: 0.000526 |	loss: 0.614995 |	psnr_loss: 32.792942 |
[2024-07-03 21:40:24,670 | INFO | train_one_epoch] Train epoch 19: [1000/10000 (10.00%)] 	bpp_y_loss: 0.372809 |	bpp_z_loss: 0.004357 |	bpp_loss: 0.377165 |	mse_loss: 0.000617 |	loss: 0.646043 |	psnr_loss: 32.575871 |
[2024-07-03 21:44:21,278 | INFO | train_one_epoch] Train epoch 19: [2000/10000 (20.00%)] 	bpp_y_loss: 0.367841 |	bpp_z_loss: 0.004315 |	bpp_loss: 0.372156 |	mse_loss: 0.000600 |	loss: 0.633378 |	psnr_loss: 32.680077 |
[2024-07-03 21:48:19,829 | INFO | train_one_epoch] Train epoch 19: [3000/10000 (30.00%)] 	bpp_y_loss: 0.368926 |	bpp_z_loss: 0.004342 |	bpp_loss: 0.373267 |	mse_loss: 0.000594 |	loss: 0.632164 |	psnr_loss: 32.666851 |
[2024-07-03 21:52:17,020 | INFO | train_one_epoch] Train epoch 19: [4000/10000 (40.00%)] 	bpp_y_loss: 0.368065 |	bpp_z_loss: 0.004354 |	bpp_loss: 0.372419 |	mse_loss: 0.000596 |	loss: 0.632276 |	psnr_loss: 32.699104 |
[2024-07-03 21:56:21,520 | INFO | train_one_epoch] Train epoch 19: [5000/10000 (50.00%)] 	bpp_y_loss: 0.369631 |	bpp_z_loss: 0.004344 |	bpp_loss: 0.373975 |	mse_loss: 0.000606 |	loss: 0.638007 |	psnr_loss: 32.600960 |
[2024-07-03 22:00:21,450 | INFO | train_one_epoch] Train epoch 19: [6000/10000 (60.00%)] 	bpp_y_loss: 0.367470 |	bpp_z_loss: 0.004333 |	bpp_loss: 0.371803 |	mse_loss: 0.000587 |	loss: 0.627633 |	psnr_loss: 32.727833 |
[2024-07-03 22:04:36,784 | INFO | train_one_epoch] Train epoch 19: [7000/10000 (70.00%)] 	bpp_y_loss: 0.366679 |	bpp_z_loss: 0.004326 |	bpp_loss: 0.371005 |	mse_loss: 0.000588 |	loss: 0.627125 |	psnr_loss: 32.732960 |
[2024-07-03 22:08:42,586 | INFO | train_one_epoch] Train epoch 19: [8000/10000 (80.00%)] 	bpp_y_loss: 0.366224 |	bpp_z_loss: 0.004343 |	bpp_loss: 0.370567 |	mse_loss: 0.000598 |	loss: 0.631233 |	psnr_loss: 32.685856 |
[2024-07-03 22:12:48,150 | INFO | train_one_epoch] Train epoch 19: [9000/10000 (90.00%)] 	bpp_y_loss: 0.362108 |	bpp_z_loss: 0.004326 |	bpp_loss: 0.366434 |	mse_loss: 0.000577 |	loss: 0.617658 |	psnr_loss: 32.815426 |
[2024-07-03 22:16:55,216 | INFO | train_one_epoch] Train epoch 19: [10000/10000 (100.00%)] 	bpp_y_loss: 0.365929 |	bpp_z_loss: 0.004339 |	bpp_loss: 0.370269 |	mse_loss: 0.000591 |	loss: 0.627878 |	psnr_loss: 32.732529 |
[2024-07-03 22:16:57,409 | INFO | test_one_epoch] Testing results for epoch 20 | bpp_y_loss=0.31566 | bpp_z_loss=0.00452 | bpp_loss=0.32017 | mse_loss=0.00097 | loss=0.74261 | psnr_loss=30.69790
[2024-07-03 22:17:14,253 | INFO | train_one_epoch] Learning rate: 5e-05
[2024-07-03 22:17:15,230 | INFO | train_one_epoch] Train epoch 20: [0/10000 (0.00%)] 	bpp_y_loss: 0.252626 |	bpp_z_loss: 0.004122 |	bpp_loss: 0.256748 |	mse_loss: 0.000346 |	loss: 0.407423 |	psnr_loss: 34.611134 |
[2024-07-03 22:21:17,360 | INFO | train_one_epoch] Train epoch 20: [1000/10000 (10.00%)] 	bpp_y_loss: 0.365205 |	bpp_z_loss: 0.004341 |	bpp_loss: 0.369546 |	mse_loss: 0.000585 |	loss: 0.624372 |	psnr_loss: 32.746674 |
[2024-07-03 22:25:18,433 | INFO | train_one_epoch] Train epoch 20: [2000/10000 (20.00%)] 	bpp_y_loss: 0.365247 |	bpp_z_loss: 0.004314 |	bpp_loss: 0.369561 |	mse_loss: 0.000591 |	loss: 0.627025 |	psnr_loss: 32.742702 |
[2024-07-03 22:29:27,495 | INFO | train_one_epoch] Train epoch 20: [3000/10000 (30.00%)] 	bpp_y_loss: 0.369796 |	bpp_z_loss: 0.004367 |	bpp_loss: 0.374163 |	mse_loss: 0.000605 |	loss: 0.637682 |	psnr_loss: 32.630939 |
[2024-07-03 22:33:29,896 | INFO | train_one_epoch] Train epoch 20: [4000/10000 (40.00%)] 	bpp_y_loss: 0.367808 |	bpp_z_loss: 0.004326 |	bpp_loss: 0.372134 |	mse_loss: 0.000594 |	loss: 0.630985 |	psnr_loss: 32.670689 |
[2024-07-03 22:37:28,832 | INFO | train_one_epoch] Train epoch 20: [5000/10000 (50.00%)] 	bpp_y_loss: 0.369227 |	bpp_z_loss: 0.004339 |	bpp_loss: 0.373566 |	mse_loss: 0.000606 |	loss: 0.637737 |	psnr_loss: 32.594208 |
[2024-07-03 22:41:33,958 | INFO | train_one_epoch] Train epoch 20: [6000/10000 (60.00%)] 	bpp_y_loss: 0.368217 |	bpp_z_loss: 0.004361 |	bpp_loss: 0.372579 |	mse_loss: 0.000599 |	loss: 0.633690 |	psnr_loss: 32.656990 |
[2024-07-03 22:45:35,588 | INFO | train_one_epoch] Train epoch 20: [7000/10000 (70.00%)] 	bpp_y_loss: 0.368967 |	bpp_z_loss: 0.004333 |	bpp_loss: 0.373299 |	mse_loss: 0.000614 |	loss: 0.640635 |	psnr_loss: 32.643040 |
[2024-07-03 22:49:42,579 | INFO | train_one_epoch] Train epoch 20: [8000/10000 (80.00%)] 	bpp_y_loss: 0.370399 |	bpp_z_loss: 0.004350 |	bpp_loss: 0.374748 |	mse_loss: 0.000606 |	loss: 0.638807 |	psnr_loss: 32.649559 |
[2024-07-03 22:53:51,665 | INFO | train_one_epoch] Train epoch 20: [9000/10000 (90.00%)] 	bpp_y_loss: 0.368095 |	bpp_z_loss: 0.004336 |	bpp_loss: 0.372432 |	mse_loss: 0.000589 |	loss: 0.629145 |	psnr_loss: 32.725761 |
[2024-07-03 22:58:02,865 | INFO | train_one_epoch] Train epoch 20: [10000/10000 (100.00%)] 	bpp_y_loss: 0.368972 |	bpp_z_loss: 0.004327 |	bpp_loss: 0.373299 |	mse_loss: 0.000610 |	loss: 0.639262 |	psnr_loss: 32.615776 |
[2024-07-03 22:58:05,149 | INFO | test_one_epoch] Testing results for epoch 21 | bpp_y_loss=0.31666 | bpp_z_loss=0.00452 | bpp_loss=0.32119 | mse_loss=0.00097 | loss=0.74174 | psnr_loss=30.70851
[2024-07-03 22:58:21,945 | INFO | train_one_epoch] Learning rate: 5e-05
[2024-07-03 22:58:22,893 | INFO | train_one_epoch] Train epoch 21: [0/10000 (0.00%)] 	bpp_y_loss: 0.442137 |	bpp_z_loss: 0.004238 |	bpp_loss: 0.446375 |	mse_loss: 0.000849 |	loss: 0.816201 |	psnr_loss: 30.711582 |
[2024-07-03 23:02:27,092 | INFO | train_one_epoch] Train epoch 21: [1000/10000 (10.00%)] 	bpp_y_loss: 0.364750 |	bpp_z_loss: 0.004341 |	bpp_loss: 0.369092 |	mse_loss: 0.000581 |	loss: 0.622403 |	psnr_loss: 32.785316 |
[2024-07-03 23:06:22,421 | INFO | train_one_epoch] Train epoch 21: [2000/10000 (20.00%)] 	bpp_y_loss: 0.365769 |	bpp_z_loss: 0.004334 |	bpp_loss: 0.370104 |	mse_loss: 0.000602 |	loss: 0.632373 |	psnr_loss: 32.674149 |
[2024-07-03 23:10:17,878 | INFO | train_one_epoch] Train epoch 21: [3000/10000 (30.00%)] 	bpp_y_loss: 0.369903 |	bpp_z_loss: 0.004330 |	bpp_loss: 0.374234 |	mse_loss: 0.000601 |	loss: 0.635884 |	psnr_loss: 32.649467 |
[2024-07-03 23:14:14,212 | INFO | train_one_epoch] Train epoch 21: [4000/10000 (40.00%)] 	bpp_y_loss: 0.368253 |	bpp_z_loss: 0.004321 |	bpp_loss: 0.372574 |	mse_loss: 0.000600 |	loss: 0.634102 |	psnr_loss: 32.670601 |
[2024-07-03 23:18:14,660 | INFO | train_one_epoch] Train epoch 21: [5000/10000 (50.00%)] 	bpp_y_loss: 0.368227 |	bpp_z_loss: 0.004355 |	bpp_loss: 0.372583 |	mse_loss: 0.000596 |	loss: 0.632119 |	psnr_loss: 32.694866 |
[2024-07-03 23:22:15,759 | INFO | train_one_epoch] Train epoch 21: [6000/10000 (60.00%)] 	bpp_y_loss: 0.372174 |	bpp_z_loss: 0.004350 |	bpp_loss: 0.376524 |	mse_loss: 0.000612 |	loss: 0.643110 |	psnr_loss: 32.589123 |
[2024-07-03 23:26:19,390 | INFO | train_one_epoch] Train epoch 21: [7000/10000 (70.00%)] 	bpp_y_loss: 0.370462 |	bpp_z_loss: 0.004343 |	bpp_loss: 0.374805 |	mse_loss: 0.000595 |	loss: 0.634150 |	psnr_loss: 32.665005 |
[2024-07-03 23:30:31,038 | INFO | train_one_epoch] Train epoch 21: [8000/10000 (80.00%)] 	bpp_y_loss: 0.367520 |	bpp_z_loss: 0.004337 |	bpp_loss: 0.371856 |	mse_loss: 0.000598 |	loss: 0.632315 |	psnr_loss: 32.707664 |
[2024-07-03 23:34:29,786 | INFO | train_one_epoch] Train epoch 21: [9000/10000 (90.00%)] 	bpp_y_loss: 0.368306 |	bpp_z_loss: 0.004346 |	bpp_loss: 0.372651 |	mse_loss: 0.000602 |	loss: 0.635041 |	psnr_loss: 32.646236 |
[2024-07-03 23:38:28,015 | INFO | train_one_epoch] Train epoch 21: [10000/10000 (100.00%)] 	bpp_y_loss: 0.367471 |	bpp_z_loss: 0.004343 |	bpp_loss: 0.371814 |	mse_loss: 0.000594 |	loss: 0.630634 |	psnr_loss: 32.707275 |
[2024-07-03 23:38:30,419 | INFO | test_one_epoch] Testing results for epoch 22 | bpp_y_loss=0.31607 | bpp_z_loss=0.00455 | bpp_loss=0.32062 | mse_loss=0.00096 | loss=0.73950 | psnr_loss=30.71934
[2024-07-03 23:38:48,371 | INFO | train_one_epoch] Learning rate: 5e-05
[2024-07-03 23:38:49,266 | INFO | train_one_epoch] Train epoch 22: [0/10000 (0.00%)] 	bpp_y_loss: 0.481536 |	bpp_z_loss: 0.004594 |	bpp_loss: 0.486130 |	mse_loss: 0.001020 |	loss: 0.930532 |	psnr_loss: 29.913792 |
[2024-07-03 23:43:08,044 | INFO | train_one_epoch] Train epoch 22: [1000/10000 (10.00%)] 	bpp_y_loss: 0.362842 |	bpp_z_loss: 0.004336 |	bpp_loss: 0.367178 |	mse_loss: 0.000571 |	loss: 0.616057 |	psnr_loss: 32.859425 |
[2024-07-03 23:47:09,200 | INFO | train_one_epoch] Train epoch 22: [2000/10000 (20.00%)] 	bpp_y_loss: 0.368661 |	bpp_z_loss: 0.004345 |	bpp_loss: 0.373006 |	mse_loss: 0.000593 |	loss: 0.631415 |	psnr_loss: 32.680351 |
[2024-07-03 23:51:23,338 | INFO | train_one_epoch] Train epoch 22: [3000/10000 (30.00%)] 	bpp_y_loss: 0.367383 |	bpp_z_loss: 0.004344 |	bpp_loss: 0.371726 |	mse_loss: 0.000597 |	loss: 0.631947 |	psnr_loss: 32.731457 |
[2024-07-03 23:55:30,743 | INFO | train_one_epoch] Train epoch 22: [4000/10000 (40.00%)] 	bpp_y_loss: 0.370105 |	bpp_z_loss: 0.004354 |	bpp_loss: 0.374459 |	mse_loss: 0.000597 |	loss: 0.634584 |	psnr_loss: 32.720356 |
[2024-07-03 23:59:36,651 | INFO | train_one_epoch] Train epoch 22: [5000/10000 (50.00%)] 	bpp_y_loss: 0.372214 |	bpp_z_loss: 0.004366 |	bpp_loss: 0.376580 |	mse_loss: 0.000607 |	loss: 0.641003 |	psnr_loss: 32.607834 |
[2024-07-04 00:03:39,798 | INFO | train_one_epoch] Train epoch 22: [6000/10000 (60.00%)] 	bpp_y_loss: 0.367941 |	bpp_z_loss: 0.004339 |	bpp_loss: 0.372279 |	mse_loss: 0.000600 |	loss: 0.633569 |	psnr_loss: 32.679501 |
[2024-07-04 00:07:34,762 | INFO | train_one_epoch] Train epoch 22: [7000/10000 (70.00%)] 	bpp_y_loss: 0.369460 |	bpp_z_loss: 0.004337 |	bpp_loss: 0.373797 |	mse_loss: 0.000597 |	loss: 0.633753 |	psnr_loss: 32.690895 |
[2024-07-04 00:11:41,046 | INFO | train_one_epoch] Train epoch 22: [8000/10000 (80.00%)] 	bpp_y_loss: 0.366468 |	bpp_z_loss: 0.004336 |	bpp_loss: 0.370805 |	mse_loss: 0.000595 |	loss: 0.630047 |	psnr_loss: 32.721649 |
[2024-07-04 00:15:51,529 | INFO | train_one_epoch] Train epoch 22: [9000/10000 (90.00%)] 	bpp_y_loss: 0.369195 |	bpp_z_loss: 0.004335 |	bpp_loss: 0.373530 |	mse_loss: 0.000591 |	loss: 0.631176 |	psnr_loss: 32.719414 |
[2024-07-04 00:20:10,665 | INFO | train_one_epoch] Train epoch 22: [10000/10000 (100.00%)] 	bpp_y_loss: 0.365529 |	bpp_z_loss: 0.004334 |	bpp_loss: 0.369863 |	mse_loss: 0.000585 |	loss: 0.624842 |	psnr_loss: 32.794579 |
[2024-07-04 00:20:12,938 | INFO | test_one_epoch] Testing results for epoch 23 | bpp_y_loss=0.31650 | bpp_z_loss=0.00455 | bpp_loss=0.32105 | mse_loss=0.00097 | loss=0.74163 | psnr_loss=30.71428
[2024-07-04 00:20:19,932 | INFO | train_one_epoch] Learning rate: 5e-05
[2024-07-04 00:20:20,799 | INFO | train_one_epoch] Train epoch 23: [0/10000 (0.00%)] 	bpp_y_loss: 0.315305 |	bpp_z_loss: 0.003930 |	bpp_loss: 0.319235 |	mse_loss: 0.000276 |	loss: 0.439420 |	psnr_loss: 35.593071 |
[2024-07-04 00:24:39,142 | INFO | train_one_epoch] Train epoch 23: [1000/10000 (10.00%)] 	bpp_y_loss: 0.369357 |	bpp_z_loss: 0.004346 |	bpp_loss: 0.373703 |	mse_loss: 0.000614 |	loss: 0.641000 |	psnr_loss: 32.639614 |
[2024-07-04 00:28:50,988 | INFO | train_one_epoch] Train epoch 23: [2000/10000 (20.00%)] 	bpp_y_loss: 0.369515 |	bpp_z_loss: 0.004341 |	bpp_loss: 0.373856 |	mse_loss: 0.000576 |	loss: 0.624681 |	psnr_loss: 32.808353 |
[2024-07-04 00:33:07,135 | INFO | train_one_epoch] Train epoch 23: [3000/10000 (30.00%)] 	bpp_y_loss: 0.367037 |	bpp_z_loss: 0.004336 |	bpp_loss: 0.371373 |	mse_loss: 0.000586 |	loss: 0.626701 |	psnr_loss: 32.750206 |
[2024-07-04 00:37:09,544 | INFO | train_one_epoch] Train epoch 23: [4000/10000 (40.00%)] 	bpp_y_loss: 0.366979 |	bpp_z_loss: 0.004334 |	bpp_loss: 0.371313 |	mse_loss: 0.000588 |	loss: 0.627539 |	psnr_loss: 32.761101 |
[2024-07-04 00:41:15,936 | INFO | train_one_epoch] Train epoch 23: [5000/10000 (50.00%)] 	bpp_y_loss: 0.368553 |	bpp_z_loss: 0.004348 |	bpp_loss: 0.372902 |	mse_loss: 0.000590 |	loss: 0.629864 |	psnr_loss: 32.732052 |
[2024-07-04 00:45:22,095 | INFO | train_one_epoch] Train epoch 23: [6000/10000 (60.00%)] 	bpp_y_loss: 0.369036 |	bpp_z_loss: 0.004351 |	bpp_loss: 0.373387 |	mse_loss: 0.000601 |	loss: 0.635010 |	psnr_loss: 32.691849 |
[2024-07-04 00:49:32,938 | INFO | train_one_epoch] Train epoch 23: [7000/10000 (70.00%)] 	bpp_y_loss: 0.365588 |	bpp_z_loss: 0.004341 |	bpp_loss: 0.369928 |	mse_loss: 0.000580 |	loss: 0.622405 |	psnr_loss: 32.784889 |
[2024-07-04 00:53:41,388 | INFO | train_one_epoch] Train epoch 23: [8000/10000 (80.00%)] 	bpp_y_loss: 0.369174 |	bpp_z_loss: 0.004351 |	bpp_loss: 0.373525 |	mse_loss: 0.000588 |	loss: 0.629895 |	psnr_loss: 32.702007 |
[2024-07-04 00:58:00,452 | INFO | train_one_epoch] Train epoch 23: [9000/10000 (90.00%)] 	bpp_y_loss: 0.368738 |	bpp_z_loss: 0.004342 |	bpp_loss: 0.373080 |	mse_loss: 0.000585 |	loss: 0.627856 |	psnr_loss: 32.710007 |
[2024-07-04 01:02:14,685 | INFO | train_one_epoch] Train epoch 23: [10000/10000 (100.00%)] 	bpp_y_loss: 0.369816 |	bpp_z_loss: 0.004345 |	bpp_loss: 0.374161 |	mse_loss: 0.000600 |	loss: 0.635464 |	psnr_loss: 32.627747 |
[2024-07-04 01:02:16,837 | INFO | test_one_epoch] Testing results for epoch 24 | bpp_y_loss=0.31821 | bpp_z_loss=0.00454 | bpp_loss=0.32276 | mse_loss=0.00095 | loss=0.73516 | psnr_loss=30.79054
[2024-07-04 01:02:32,746 | INFO | train_one_epoch] Learning rate: 5e-05
[2024-07-04 01:02:33,585 | INFO | train_one_epoch] Train epoch 24: [0/10000 (0.00%)] 	bpp_y_loss: 0.342456 |	bpp_z_loss: 0.003746 |	bpp_loss: 0.346202 |	mse_loss: 0.000419 |	loss: 0.528558 |	psnr_loss: 33.782337 |
[2024-07-04 01:06:46,281 | INFO | train_one_epoch] Train epoch 24: [1000/10000 (10.00%)] 	bpp_y_loss: 0.365518 |	bpp_z_loss: 0.004322 |	bpp_loss: 0.369839 |	mse_loss: 0.000588 |	loss: 0.626041 |	psnr_loss: 32.807018 |
[2024-07-04 01:10:54,619 | INFO | train_one_epoch] Train epoch 24: [2000/10000 (20.00%)] 	bpp_y_loss: 0.368726 |	bpp_z_loss: 0.004349 |	bpp_loss: 0.373076 |	mse_loss: 0.000605 |	loss: 0.636799 |	psnr_loss: 32.693523 |
[2024-07-04 01:15:07,263 | INFO | train_one_epoch] Train epoch 24: [3000/10000 (30.00%)] 	bpp_y_loss: 0.371333 |	bpp_z_loss: 0.004343 |	bpp_loss: 0.375676 |	mse_loss: 0.000597 |	loss: 0.635952 |	psnr_loss: 32.676548 |
[2024-07-04 01:19:15,818 | INFO | train_one_epoch] Train epoch 24: [4000/10000 (40.00%)] 	bpp_y_loss: 0.365218 |	bpp_z_loss: 0.004343 |	bpp_loss: 0.369560 |	mse_loss: 0.000574 |	loss: 0.619492 |	psnr_loss: 32.817459 |
[2024-07-04 01:23:32,731 | INFO | train_one_epoch] Train epoch 24: [5000/10000 (50.00%)] 	bpp_y_loss: 0.367753 |	bpp_z_loss: 0.004332 |	bpp_loss: 0.372085 |	mse_loss: 0.000574 |	loss: 0.622069 |	psnr_loss: 32.843025 |
[2024-07-04 01:27:45,306 | INFO | train_one_epoch] Train epoch 24: [6000/10000 (60.00%)] 	bpp_y_loss: 0.368989 |	bpp_z_loss: 0.004330 |	bpp_loss: 0.373319 |	mse_loss: 0.000605 |	loss: 0.636728 |	psnr_loss: 32.686516 |
[2024-07-04 01:31:55,297 | INFO | train_one_epoch] Train epoch 24: [7000/10000 (70.00%)] 	bpp_y_loss: 0.369633 |	bpp_z_loss: 0.004327 |	bpp_loss: 0.373961 |	mse_loss: 0.000595 |	loss: 0.633351 |	psnr_loss: 32.738171 |
[2024-07-04 01:36:09,855 | INFO | train_one_epoch] Train epoch 24: [8000/10000 (80.00%)] 	bpp_y_loss: 0.364850 |	bpp_z_loss: 0.004337 |	bpp_loss: 0.369188 |	mse_loss: 0.000578 |	loss: 0.621074 |	psnr_loss: 32.821682 |
[2024-07-04 01:40:18,543 | INFO | train_one_epoch] Train epoch 24: [9000/10000 (90.00%)] 	bpp_y_loss: 0.367646 |	bpp_z_loss: 0.004346 |	bpp_loss: 0.371992 |	mse_loss: 0.000579 |	loss: 0.624315 |	psnr_loss: 32.784401 |
[2024-07-04 01:44:34,956 | INFO | train_one_epoch] Train epoch 24: [10000/10000 (100.00%)] 	bpp_y_loss: 0.367840 |	bpp_z_loss: 0.004343 |	bpp_loss: 0.372183 |	mse_loss: 0.000587 |	loss: 0.627934 |	psnr_loss: 32.765759 |
[2024-07-04 01:44:38,070 | INFO | test_one_epoch] Testing results for epoch 25 | bpp_y_loss=0.32114 | bpp_z_loss=0.00454 | bpp_loss=0.32568 | mse_loss=0.00095 | loss=0.73912 | psnr_loss=30.79033
[2024-07-04 01:44:48,350 | INFO | train_one_epoch] Learning rate: 5e-05
[2024-07-04 01:44:49,189 | INFO | train_one_epoch] Train epoch 25: [0/10000 (0.00%)] 	bpp_y_loss: 0.356614 |	bpp_z_loss: 0.003779 |	bpp_loss: 0.360393 |	mse_loss: 0.000599 |	loss: 0.621534 |	psnr_loss: 32.222794 |
[2024-07-04 01:48:57,562 | INFO | train_one_epoch] Train epoch 25: [1000/10000 (10.00%)] 	bpp_y_loss: 0.371178 |	bpp_z_loss: 0.004341 |	bpp_loss: 0.375518 |	mse_loss: 0.000597 |	loss: 0.635463 |	psnr_loss: 32.667137 |
[2024-07-04 01:53:01,706 | INFO | train_one_epoch] Train epoch 25: [2000/10000 (20.00%)] 	bpp_y_loss: 0.371223 |	bpp_z_loss: 0.004352 |	bpp_loss: 0.375576 |	mse_loss: 0.000586 |	loss: 0.630795 |	psnr_loss: 32.724632 |
[2024-07-04 01:57:04,237 | INFO | train_one_epoch] Train epoch 25: [3000/10000 (30.00%)] 	bpp_y_loss: 0.367795 |	bpp_z_loss: 0.004348 |	bpp_loss: 0.372144 |	mse_loss: 0.000588 |	loss: 0.628272 |	psnr_loss: 32.747734 |
[2024-07-04 02:01:11,350 | INFO | train_one_epoch] Train epoch 25: [4000/10000 (40.00%)] 	bpp_y_loss: 0.365824 |	bpp_z_loss: 0.004350 |	bpp_loss: 0.370174 |	mse_loss: 0.000578 |	loss: 0.622023 |	psnr_loss: 32.798019 |
[2024-07-04 02:05:19,914 | INFO | train_one_epoch] Train epoch 25: [5000/10000 (50.00%)] 	bpp_y_loss: 0.368424 |	bpp_z_loss: 0.004361 |	bpp_loss: 0.372784 |	mse_loss: 0.000572 |	loss: 0.622016 |	psnr_loss: 32.805996 |
[2024-07-04 02:09:18,990 | INFO | train_one_epoch] Train epoch 25: [6000/10000 (60.00%)] 	bpp_y_loss: 0.371548 |	bpp_z_loss: 0.004369 |	bpp_loss: 0.375916 |	mse_loss: 0.000598 |	loss: 0.636435 |	psnr_loss: 32.711620 |
[2024-07-04 02:13:23,029 | INFO | train_one_epoch] Train epoch 25: [7000/10000 (70.00%)] 	bpp_y_loss: 0.366360 |	bpp_z_loss: 0.004341 |	bpp_loss: 0.370701 |	mse_loss: 0.000579 |	loss: 0.622996 |	psnr_loss: 32.844963 |
[2024-07-04 02:17:23,849 | INFO | train_one_epoch] Train epoch 25: [8000/10000 (80.00%)] 	bpp_y_loss: 0.367254 |	bpp_z_loss: 0.004348 |	bpp_loss: 0.371601 |	mse_loss: 0.000585 |	loss: 0.626269 |	psnr_loss: 32.774616 |
[2024-07-04 02:21:21,502 | INFO | train_one_epoch] Train epoch 25: [9000/10000 (90.00%)] 	bpp_y_loss: 0.365315 |	bpp_z_loss: 0.004338 |	bpp_loss: 0.369653 |	mse_loss: 0.000583 |	loss: 0.623532 |	psnr_loss: 32.784145 |
[2024-07-04 02:25:20,699 | INFO | train_one_epoch] Train epoch 25: [10000/10000 (100.00%)] 	bpp_y_loss: 0.372087 |	bpp_z_loss: 0.004384 |	bpp_loss: 0.376471 |	mse_loss: 0.000588 |	loss: 0.632730 |	psnr_loss: 32.678131 |
[2024-07-04 02:25:22,759 | INFO | test_one_epoch] Testing results for epoch 26 | bpp_y_loss=0.31574 | bpp_z_loss=0.00456 | bpp_loss=0.32030 | mse_loss=0.00095 | loss=0.73217 | psnr_loss=30.78187
[2024-07-04 02:25:36,960 | INFO | train_one_epoch] Learning rate: 5e-05
[2024-07-04 02:25:37,766 | INFO | train_one_epoch] Train epoch 26: [0/10000 (0.00%)] 	bpp_y_loss: 0.369250 |	bpp_z_loss: 0.004333 |	bpp_loss: 0.373583 |	mse_loss: 0.000576 |	loss: 0.624436 |	psnr_loss: 32.397369 |
[2024-07-04 02:29:39,162 | INFO | train_one_epoch] Train epoch 26: [1000/10000 (10.00%)] 	bpp_y_loss: 0.368344 |	bpp_z_loss: 0.004343 |	bpp_loss: 0.372687 |	mse_loss: 0.000581 |	loss: 0.625825 |	psnr_loss: 32.768284 |
[2024-07-04 02:33:34,612 | INFO | train_one_epoch] Train epoch 26: [2000/10000 (20.00%)] 	bpp_y_loss: 0.367699 |	bpp_z_loss: 0.004339 |	bpp_loss: 0.372038 |	mse_loss: 0.000578 |	loss: 0.624042 |	psnr_loss: 32.804859 |
[2024-07-04 02:37:37,179 | INFO | train_one_epoch] Train epoch 26: [3000/10000 (30.00%)] 	bpp_y_loss: 0.372018 |	bpp_z_loss: 0.004354 |	bpp_loss: 0.376373 |	mse_loss: 0.000584 |	loss: 0.630630 |	psnr_loss: 32.726562 |
[2024-07-04 02:41:33,310 | INFO | train_one_epoch] Train epoch 26: [4000/10000 (40.00%)] 	bpp_y_loss: 0.365353 |	bpp_z_loss: 0.004328 |	bpp_loss: 0.369681 |	mse_loss: 0.000567 |	loss: 0.616607 |	psnr_loss: 32.881165 |
[2024-07-04 02:45:35,614 | INFO | train_one_epoch] Train epoch 26: [5000/10000 (50.00%)] 	bpp_y_loss: 0.365671 |	bpp_z_loss: 0.004345 |	bpp_loss: 0.370016 |	mse_loss: 0.000573 |	loss: 0.619702 |	psnr_loss: 32.833309 |
[2024-07-04 02:49:35,814 | INFO | train_one_epoch] Train epoch 26: [6000/10000 (60.00%)] 	bpp_y_loss: 0.365731 |	bpp_z_loss: 0.004338 |	bpp_loss: 0.370069 |	mse_loss: 0.000581 |	loss: 0.623296 |	psnr_loss: 32.811760 |
[2024-07-04 02:53:42,117 | INFO | train_one_epoch] Train epoch 26: [7000/10000 (70.00%)] 	bpp_y_loss: 0.366733 |	bpp_z_loss: 0.004329 |	bpp_loss: 0.371061 |	mse_loss: 0.000580 |	loss: 0.623650 |	psnr_loss: 32.806683 |
