[2024-01-17 08:08:51,353 | INFO | <module>] Args: Namespace(model='bmshj2018_hyperprior', lmbda=0.025, dataset='vimeo90k', epochs=100, steps_per_epoch=10000, type='mse', steps=1000, adv_steps=10, adv_optimizer='Adam', adv_lr=0.001, adv_epsilon=0.001, batch_size=8, learning_rate=1e-05, save=True, seed=19260817, clip_max_norm=1.0, checkpoint=None, continue_train=False)
[2024-01-17 08:08:51,353 | INFO | <module>] Lmbda=0.025000000000
[2024-01-17 08:08:51,353 | INFO | <module>] Load weights from /backup1/xyhang/GradAttack/experiments/adversarial-train/baseline/bmshj2018_hyperprior-vimeo90k-0.025-100x10000/last_epoch.pth.tar
[2024-01-17 08:08:54,689 | INFO | test_one_epoch] Testing results for epoch 0 | bpp_y_loss=0.61703 | bpp_z_loss=0.01353 | bpp_loss=0.63056 | mse_loss=0.00049 | loss=1.42124 | psnr_loss=33.64571
[2024-01-17 08:08:59,003 | INFO | train_one_epoch] Learning rate: 1e-05
[2024-01-17 08:09:00,136 | INFO | train_one_epoch] Train epoch 0: [0/100 (0.00%)] 	bpp_y_loss: 0.457478 |	bpp_z_loss: 0.013358 |	bpp_loss: 0.470836 |	mse_loss: 0.000185 |	loss: 0.772071 |	psnr_loss: 37.321152 |
[2024-01-17 08:09:03,592 | INFO | train_one_epoch] Train epoch 0: [10/100 (10.00%)] 	bpp_y_loss: 0.438505 |	bpp_z_loss: 0.012923 |	bpp_loss: 0.451428 |	mse_loss: 0.000179 |	loss: 0.742712 |	psnr_loss: 37.599804 |
[2024-01-17 08:09:07,021 | INFO | train_one_epoch] Train epoch 0: [20/100 (20.00%)] 	bpp_y_loss: 0.514491 |	bpp_z_loss: 0.013325 |	bpp_loss: 0.527816 |	mse_loss: 0.000245 |	loss: 0.925883 |	psnr_loss: 36.338543 |
[2024-01-17 08:09:10,507 | INFO | train_one_epoch] Train epoch 0: [30/100 (30.00%)] 	bpp_y_loss: 0.511590 |	bpp_z_loss: 0.013051 |	bpp_loss: 0.524641 |	mse_loss: 0.000235 |	loss: 0.906396 |	psnr_loss: 36.394958 |
[2024-01-17 08:09:14,040 | INFO | train_one_epoch] Train epoch 0: [40/100 (40.00%)] 	bpp_y_loss: 0.444123 |	bpp_z_loss: 0.012965 |	bpp_loss: 0.457088 |	mse_loss: 0.000195 |	loss: 0.773870 |	psnr_loss: 37.384869 |
[2024-01-17 08:09:17,582 | INFO | train_one_epoch] Train epoch 0: [50/100 (50.00%)] 	bpp_y_loss: 0.456205 |	bpp_z_loss: 0.012811 |	bpp_loss: 0.469017 |	mse_loss: 0.000194 |	loss: 0.784670 |	psnr_loss: 37.271473 |
[2024-01-17 08:09:21,064 | INFO | train_one_epoch] Train epoch 0: [60/100 (60.00%)] 	bpp_y_loss: 0.496800 |	bpp_z_loss: 0.013252 |	bpp_loss: 0.510052 |	mse_loss: 0.000216 |	loss: 0.860856 |	psnr_loss: 36.751385 |
[2024-01-17 08:09:24,541 | INFO | train_one_epoch] Train epoch 0: [70/100 (70.00%)] 	bpp_y_loss: 0.479428 |	bpp_z_loss: 0.013070 |	bpp_loss: 0.492498 |	mse_loss: 0.000202 |	loss: 0.820939 |	psnr_loss: 37.140575 |
[2024-01-17 08:09:28,039 | INFO | train_one_epoch] Train epoch 0: [80/100 (80.00%)] 	bpp_y_loss: 0.476953 |	bpp_z_loss: 0.013062 |	bpp_loss: 0.490015 |	mse_loss: 0.000206 |	loss: 0.825333 |	psnr_loss: 36.973808 |
[2024-01-17 08:09:31,534 | INFO | train_one_epoch] Train epoch 0: [90/100 (90.00%)] 	bpp_y_loss: 0.464509 |	bpp_z_loss: 0.013213 |	bpp_loss: 0.477722 |	mse_loss: 0.000208 |	loss: 0.815713 |	psnr_loss: 36.949627 |
[2024-01-17 08:09:35,023 | INFO | train_one_epoch] Train epoch 0: [100/100 (100.00%)] 	bpp_y_loss: 0.472972 |	bpp_z_loss: 0.013003 |	bpp_loss: 0.485975 |	mse_loss: 0.000197 |	loss: 0.805611 |	psnr_loss: 37.163750 |
[2024-01-17 08:09:35,889 | INFO | test_one_epoch] Testing results for epoch 1 | bpp_y_loss=0.61679 | bpp_z_loss=0.01350 | bpp_loss=0.63029 | mse_loss=0.00049 | loss=1.41879 | psnr_loss=33.65644
[2024-01-17 08:09:35,895 | INFO | train_one_epoch] Learning rate: 1e-05
[2024-01-17 08:09:36,766 | INFO | train_one_epoch] Train epoch 1: [0/100 (0.00%)] 	bpp_y_loss: 0.515129 |	bpp_z_loss: 0.013400 |	bpp_loss: 0.528529 |	mse_loss: 0.000199 |	loss: 0.851884 |	psnr_loss: 37.013412 |
[2024-01-17 08:09:40,256 | INFO | train_one_epoch] Train epoch 1: [10/100 (10.00%)] 	bpp_y_loss: 0.461116 |	bpp_z_loss: 0.012876 |	bpp_loss: 0.473992 |	mse_loss: 0.000206 |	loss: 0.809186 |	psnr_loss: 37.069431 |
[2024-01-17 08:09:43,758 | INFO | train_one_epoch] Train epoch 1: [20/100 (20.00%)] 	bpp_y_loss: 0.465821 |	bpp_z_loss: 0.012753 |	bpp_loss: 0.478574 |	mse_loss: 0.000200 |	loss: 0.804496 |	psnr_loss: 37.172459 |
[2024-01-17 08:09:47,234 | INFO | train_one_epoch] Train epoch 1: [30/100 (30.00%)] 	bpp_y_loss: 0.483828 |	bpp_z_loss: 0.013179 |	bpp_loss: 0.497007 |	mse_loss: 0.000209 |	loss: 0.836763 |	psnr_loss: 36.857056 |
[2024-01-17 08:09:50,758 | INFO | train_one_epoch] Train epoch 1: [40/100 (40.00%)] 	bpp_y_loss: 0.451419 |	bpp_z_loss: 0.012822 |	bpp_loss: 0.464241 |	mse_loss: 0.000193 |	loss: 0.778766 |	psnr_loss: 37.371593 |
[2024-01-17 08:09:54,282 | INFO | train_one_epoch] Train epoch 1: [50/100 (50.00%)] 	bpp_y_loss: 0.477626 |	bpp_z_loss: 0.012897 |	bpp_loss: 0.490522 |	mse_loss: 0.000200 |	loss: 0.816451 |	psnr_loss: 37.046616 |
[2024-01-17 08:09:57,781 | INFO | train_one_epoch] Train epoch 1: [60/100 (60.00%)] 	bpp_y_loss: 0.478747 |	bpp_z_loss: 0.012878 |	bpp_loss: 0.491625 |	mse_loss: 0.000208 |	loss: 0.830299 |	psnr_loss: 36.926407 |
[2024-01-17 08:10:01,266 | INFO | train_one_epoch] Train epoch 1: [70/100 (70.00%)] 	bpp_y_loss: 0.472230 |	bpp_z_loss: 0.012933 |	bpp_loss: 0.485163 |	mse_loss: 0.000207 |	loss: 0.821221 |	psnr_loss: 37.147591 |
[2024-01-17 08:10:04,704 | INFO | train_one_epoch] Train epoch 1: [80/100 (80.00%)] 	bpp_y_loss: 0.491115 |	bpp_z_loss: 0.013079 |	bpp_loss: 0.504193 |	mse_loss: 0.000213 |	loss: 0.850279 |	psnr_loss: 36.918259 |
[2024-01-17 08:10:08,210 | INFO | train_one_epoch] Train epoch 1: [90/100 (90.00%)] 	bpp_y_loss: 0.451048 |	bpp_z_loss: 0.012927 |	bpp_loss: 0.463974 |	mse_loss: 0.000179 |	loss: 0.754868 |	psnr_loss: 37.679749 |
[2024-01-17 08:10:11,726 | INFO | train_one_epoch] Train epoch 1: [100/100 (100.00%)] 	bpp_y_loss: 0.476195 |	bpp_z_loss: 0.013034 |	bpp_loss: 0.489229 |	mse_loss: 0.000207 |	loss: 0.826118 |	psnr_loss: 37.028343 |
[2024-01-17 08:10:12,623 | INFO | test_one_epoch] Testing results for epoch 2 | bpp_y_loss=0.61727 | bpp_z_loss=0.01348 | bpp_loss=0.63075 | mse_loss=0.00048 | loss=1.41814 | psnr_loss=33.66336
[2024-01-17 08:10:12,624 | INFO | train_one_epoch] Learning rate: 1e-05
[2024-01-17 08:10:13,569 | INFO | train_one_epoch] Train epoch 2: [0/100 (0.00%)] 	bpp_y_loss: 0.389506 |	bpp_z_loss: 0.012413 |	bpp_loss: 0.401918 |	mse_loss: 0.000148 |	loss: 0.642438 |	psnr_loss: 38.298691 |
[2024-01-17 08:10:17,083 | INFO | train_one_epoch] Train epoch 2: [10/100 (10.00%)] 	bpp_y_loss: 0.462730 |	bpp_z_loss: 0.012852 |	bpp_loss: 0.475582 |	mse_loss: 0.000198 |	loss: 0.796986 |	psnr_loss: 37.245861 |
[2024-01-17 08:10:20,614 | INFO | train_one_epoch] Train epoch 2: [20/100 (20.00%)] 	bpp_y_loss: 0.438433 |	bpp_z_loss: 0.012794 |	bpp_loss: 0.451228 |	mse_loss: 0.000174 |	loss: 0.733663 |	psnr_loss: 37.890491 |
[2024-01-17 08:10:24,090 | INFO | train_one_epoch] Train epoch 2: [30/100 (30.00%)] 	bpp_y_loss: 0.471198 |	bpp_z_loss: 0.012862 |	bpp_loss: 0.484060 |	mse_loss: 0.000184 |	loss: 0.783334 |	psnr_loss: 37.477608 |
[2024-01-17 08:10:27,529 | INFO | train_one_epoch] Train epoch 2: [40/100 (40.00%)] 	bpp_y_loss: 0.458313 |	bpp_z_loss: 0.012624 |	bpp_loss: 0.470937 |	mse_loss: 0.000185 |	loss: 0.771546 |	psnr_loss: 37.503387 |
[2024-01-17 08:10:31,006 | INFO | train_one_epoch] Train epoch 2: [50/100 (50.00%)] 	bpp_y_loss: 0.479210 |	bpp_z_loss: 0.012856 |	bpp_loss: 0.492066 |	mse_loss: 0.000216 |	loss: 0.842630 |	psnr_loss: 36.770210 |
[2024-01-17 08:10:34,526 | INFO | train_one_epoch] Train epoch 2: [60/100 (60.00%)] 	bpp_y_loss: 0.487645 |	bpp_z_loss: 0.012819 |	bpp_loss: 0.500465 |	mse_loss: 0.000213 |	loss: 0.847013 |	psnr_loss: 36.801254 |
[2024-01-17 08:10:37,986 | INFO | train_one_epoch] Train epoch 2: [70/100 (70.00%)] 	bpp_y_loss: 0.467029 |	bpp_z_loss: 0.012901 |	bpp_loss: 0.479930 |	mse_loss: 0.000199 |	loss: 0.803043 |	psnr_loss: 37.117577 |
[2024-01-17 08:10:41,449 | INFO | train_one_epoch] Train epoch 2: [80/100 (80.00%)] 	bpp_y_loss: 0.438699 |	bpp_z_loss: 0.012818 |	bpp_loss: 0.451517 |	mse_loss: 0.000182 |	loss: 0.746687 |	psnr_loss: 37.506897 |
[2024-01-17 08:10:44,941 | INFO | train_one_epoch] Train epoch 2: [90/100 (90.00%)] 	bpp_y_loss: 0.484409 |	bpp_z_loss: 0.012975 |	bpp_loss: 0.497384 |	mse_loss: 0.000192 |	loss: 0.810082 |	psnr_loss: 37.249065 |
[2024-01-17 08:10:48,378 | INFO | train_one_epoch] Train epoch 2: [100/100 (100.00%)] 	bpp_y_loss: 0.481398 |	bpp_z_loss: 0.013063 |	bpp_loss: 0.494461 |	mse_loss: 0.000220 |	loss: 0.852414 |	psnr_loss: 36.742527 |
[2024-01-17 08:10:49,282 | INFO | test_one_epoch] Testing results for epoch 3 | bpp_y_loss=0.61685 | bpp_z_loss=0.01346 | bpp_loss=0.63032 | mse_loss=0.00048 | loss=1.41822 | psnr_loss=33.65952
[2024-01-17 08:10:49,284 | INFO | train_one_epoch] Learning rate: 1e-05
[2024-01-17 08:10:50,171 | INFO | train_one_epoch] Train epoch 3: [0/100 (0.00%)] 	bpp_y_loss: 0.661261 |	bpp_z_loss: 0.014316 |	bpp_loss: 0.675576 |	mse_loss: 0.000352 |	loss: 1.248236 |	psnr_loss: 34.531239 |
[2024-01-17 08:10:53,610 | INFO | train_one_epoch] Train epoch 3: [10/100 (10.00%)] 	bpp_y_loss: 0.479290 |	bpp_z_loss: 0.012891 |	bpp_loss: 0.492181 |	mse_loss: 0.000199 |	loss: 0.816238 |	psnr_loss: 37.097012 |
[2024-01-17 08:10:57,061 | INFO | train_one_epoch] Train epoch 3: [20/100 (20.00%)] 	bpp_y_loss: 0.503728 |	bpp_z_loss: 0.013005 |	bpp_loss: 0.516732 |	mse_loss: 0.000214 |	loss: 0.864885 |	psnr_loss: 36.887325 |
[2024-01-17 08:11:00,524 | INFO | train_one_epoch] Train epoch 3: [30/100 (30.00%)] 	bpp_y_loss: 0.469145 |	bpp_z_loss: 0.013061 |	bpp_loss: 0.482205 |	mse_loss: 0.000201 |	loss: 0.808648 |	psnr_loss: 37.032745 |
[2024-01-17 08:11:03,969 | INFO | train_one_epoch] Train epoch 3: [40/100 (40.00%)] 	bpp_y_loss: 0.477807 |	bpp_z_loss: 0.013025 |	bpp_loss: 0.490831 |	mse_loss: 0.000208 |	loss: 0.829653 |	psnr_loss: 36.977978 |
[2024-01-17 08:11:07,458 | INFO | train_one_epoch] Train epoch 3: [50/100 (50.00%)] 	bpp_y_loss: 0.475440 |	bpp_z_loss: 0.013071 |	bpp_loss: 0.488511 |	mse_loss: 0.000197 |	loss: 0.809551 |	psnr_loss: 37.152328 |
[2024-01-17 08:11:10,938 | INFO | train_one_epoch] Train epoch 3: [60/100 (60.00%)] 	bpp_y_loss: 0.463517 |	bpp_z_loss: 0.012899 |	bpp_loss: 0.476417 |	mse_loss: 0.000201 |	loss: 0.803598 |	psnr_loss: 37.031361 |
[2024-01-17 08:11:14,467 | INFO | train_one_epoch] Train epoch 3: [70/100 (70.00%)] 	bpp_y_loss: 0.431543 |	bpp_z_loss: 0.012745 |	bpp_loss: 0.444288 |	mse_loss: 0.000168 |	loss: 0.717671 |	psnr_loss: 37.901131 |
[2024-01-17 08:11:17,946 | INFO | train_one_epoch] Train epoch 3: [80/100 (80.00%)] 	bpp_y_loss: 0.483604 |	bpp_z_loss: 0.012988 |	bpp_loss: 0.496593 |	mse_loss: 0.000212 |	loss: 0.841359 |	psnr_loss: 36.902065 |
[2024-01-17 08:11:21,438 | INFO | train_one_epoch] Train epoch 3: [90/100 (90.00%)] 	bpp_y_loss: 0.477813 |	bpp_z_loss: 0.012984 |	bpp_loss: 0.490798 |	mse_loss: 0.000205 |	loss: 0.823384 |	psnr_loss: 37.139812 |
[2024-01-17 08:11:24,909 | INFO | train_one_epoch] Train epoch 3: [100/100 (100.00%)] 	bpp_y_loss: 0.438497 |	bpp_z_loss: 0.012836 |	bpp_loss: 0.451332 |	mse_loss: 0.000172 |	loss: 0.730856 |	psnr_loss: 37.736282 |
[2024-01-17 08:11:25,838 | INFO | test_one_epoch] Testing results for epoch 4 | bpp_y_loss=0.61586 | bpp_z_loss=0.01350 | bpp_loss=0.62936 | mse_loss=0.00048 | loss=1.41764 | psnr_loss=33.65723
[2024-01-17 08:11:25,840 | INFO | train_one_epoch] Learning rate: 1e-05
[2024-01-17 08:11:26,731 | INFO | train_one_epoch] Train epoch 4: [0/100 (0.00%)] 	bpp_y_loss: 0.425081 |	bpp_z_loss: 0.012469 |	bpp_loss: 0.437550 |	mse_loss: 0.000168 |	loss: 0.711421 |	psnr_loss: 37.734730 |
[2024-01-17 08:11:30,217 | INFO | train_one_epoch] Train epoch 4: [10/100 (10.00%)] 	bpp_y_loss: 0.477265 |	bpp_z_loss: 0.013133 |	bpp_loss: 0.490398 |	mse_loss: 0.000215 |	loss: 0.840186 |	psnr_loss: 36.802681 |
[2024-01-17 08:11:33,672 | INFO | train_one_epoch] Train epoch 4: [20/100 (20.00%)] 	bpp_y_loss: 0.487809 |	bpp_z_loss: 0.012947 |	bpp_loss: 0.500757 |	mse_loss: 0.000207 |	loss: 0.837116 |	psnr_loss: 36.876598 |
[2024-01-17 08:11:37,155 | INFO | train_one_epoch] Train epoch 4: [30/100 (30.00%)] 	bpp_y_loss: 0.474699 |	bpp_z_loss: 0.012944 |	bpp_loss: 0.487643 |	mse_loss: 0.000195 |	loss: 0.805072 |	psnr_loss: 37.174393 |
[2024-01-17 08:11:40,582 | INFO | train_one_epoch] Train epoch 4: [40/100 (40.00%)] 	bpp_y_loss: 0.464736 |	bpp_z_loss: 0.012843 |	bpp_loss: 0.477579 |	mse_loss: 0.000192 |	loss: 0.790394 |	psnr_loss: 37.317986 |
[2024-01-17 08:11:44,031 | INFO | train_one_epoch] Train epoch 4: [50/100 (50.00%)] 	bpp_y_loss: 0.478359 |	bpp_z_loss: 0.012982 |	bpp_loss: 0.491341 |	mse_loss: 0.000204 |	loss: 0.823483 |	psnr_loss: 37.053520 |
[2024-01-17 08:11:47,498 | INFO | train_one_epoch] Train epoch 4: [60/100 (60.00%)] 	bpp_y_loss: 0.475066 |	bpp_z_loss: 0.012900 |	bpp_loss: 0.487966 |	mse_loss: 0.000209 |	loss: 0.828252 |	psnr_loss: 36.933300 |
[2024-01-17 08:11:50,951 | INFO | train_one_epoch] Train epoch 4: [70/100 (70.00%)] 	bpp_y_loss: 0.489414 |	bpp_z_loss: 0.013110 |	bpp_loss: 0.502524 |	mse_loss: 0.000209 |	loss: 0.841735 |	psnr_loss: 36.930889 |
[2024-01-17 08:11:54,398 | INFO | train_one_epoch] Train epoch 4: [80/100 (80.00%)] 	bpp_y_loss: 0.474806 |	bpp_z_loss: 0.012752 |	bpp_loss: 0.487558 |	mse_loss: 0.000197 |	loss: 0.807573 |	psnr_loss: 37.188854 |
[2024-01-17 08:11:57,854 | INFO | train_one_epoch] Train epoch 4: [90/100 (90.00%)] 	bpp_y_loss: 0.525364 |	bpp_z_loss: 0.013208 |	bpp_loss: 0.538571 |	mse_loss: 0.000226 |	loss: 0.905268 |	psnr_loss: 36.588940 |
[2024-01-17 08:12:01,323 | INFO | train_one_epoch] Train epoch 4: [100/100 (100.00%)] 	bpp_y_loss: 0.429254 |	bpp_z_loss: 0.012667 |	bpp_loss: 0.441921 |	mse_loss: 0.000164 |	loss: 0.708812 |	psnr_loss: 38.009556 |
[2024-01-17 08:12:02,217 | INFO | test_one_epoch] Testing results for epoch 5 | bpp_y_loss=0.61615 | bpp_z_loss=0.01354 | bpp_loss=0.62968 | mse_loss=0.00048 | loss=1.41807 | psnr_loss=33.65662
[2024-01-17 08:12:02,227 | INFO | train_one_epoch] Learning rate: 1e-05
[2024-01-17 08:12:03,104 | INFO | train_one_epoch] Train epoch 5: [0/100 (0.00%)] 	bpp_y_loss: 0.375210 |	bpp_z_loss: 0.012457 |	bpp_loss: 0.387667 |	mse_loss: 0.000143 |	loss: 0.619965 |	psnr_loss: 38.449749 |
[2024-01-17 08:12:06,590 | INFO | train_one_epoch] Train epoch 5: [10/100 (10.00%)] 	bpp_y_loss: 0.462239 |	bpp_z_loss: 0.012905 |	bpp_loss: 0.475144 |	mse_loss: 0.000199 |	loss: 0.797971 |	psnr_loss: 37.190563 |
[2024-01-17 08:12:10,044 | INFO | train_one_epoch] Train epoch 5: [20/100 (20.00%)] 	bpp_y_loss: 0.463055 |	bpp_z_loss: 0.012955 |	bpp_loss: 0.476010 |	mse_loss: 0.000201 |	loss: 0.802496 |	psnr_loss: 37.257423 |
[2024-01-17 08:12:13,477 | INFO | train_one_epoch] Train epoch 5: [30/100 (30.00%)] 	bpp_y_loss: 0.480123 |	bpp_z_loss: 0.013067 |	bpp_loss: 0.493190 |	mse_loss: 0.000216 |	loss: 0.844108 |	psnr_loss: 36.760033 |
[2024-01-17 08:12:16,946 | INFO | train_one_epoch] Train epoch 5: [40/100 (40.00%)] 	bpp_y_loss: 0.457916 |	bpp_z_loss: 0.012754 |	bpp_loss: 0.470670 |	mse_loss: 0.000183 |	loss: 0.768111 |	psnr_loss: 37.669968 |
[2024-01-17 08:12:20,424 | INFO | train_one_epoch] Train epoch 5: [50/100 (50.00%)] 	bpp_y_loss: 0.469340 |	bpp_z_loss: 0.013014 |	bpp_loss: 0.482354 |	mse_loss: 0.000199 |	loss: 0.806182 |	psnr_loss: 37.174744 |
[2024-01-17 08:12:23,897 | INFO | train_one_epoch] Train epoch 5: [60/100 (60.00%)] 	bpp_y_loss: 0.501432 |	bpp_z_loss: 0.013232 |	bpp_loss: 0.514663 |	mse_loss: 0.000213 |	loss: 0.861150 |	psnr_loss: 36.791428 |
[2024-01-17 08:12:27,370 | INFO | train_one_epoch] Train epoch 5: [70/100 (70.00%)] 	bpp_y_loss: 0.482495 |	bpp_z_loss: 0.013030 |	bpp_loss: 0.495525 |	mse_loss: 0.000207 |	loss: 0.832588 |	psnr_loss: 36.952820 |
[2024-01-17 08:12:30,870 | INFO | train_one_epoch] Train epoch 5: [80/100 (80.00%)] 	bpp_y_loss: 0.492662 |	bpp_z_loss: 0.012992 |	bpp_loss: 0.505653 |	mse_loss: 0.000213 |	loss: 0.852171 |	psnr_loss: 36.921696 |
[2024-01-17 08:12:34,324 | INFO | train_one_epoch] Train epoch 5: [90/100 (90.00%)] 	bpp_y_loss: 0.489327 |	bpp_z_loss: 0.013034 |	bpp_loss: 0.502360 |	mse_loss: 0.000207 |	loss: 0.839347 |	psnr_loss: 36.919659 |
[2024-01-17 08:12:37,761 | INFO | train_one_epoch] Train epoch 5: [100/100 (100.00%)] 	bpp_y_loss: 0.453518 |	bpp_z_loss: 0.012621 |	bpp_loss: 0.466139 |	mse_loss: 0.000177 |	loss: 0.753157 |	psnr_loss: 37.624111 |
[2024-01-17 08:12:38,666 | INFO | test_one_epoch] Testing results for epoch 6 | bpp_y_loss=0.61553 | bpp_z_loss=0.01348 | bpp_loss=0.62901 | mse_loss=0.00048 | loss=1.41719 | psnr_loss=33.65816
[2024-01-17 08:12:38,667 | INFO | train_one_epoch] Learning rate: 1e-05
[2024-01-17 08:12:39,556 | INFO | train_one_epoch] Train epoch 6: [0/100 (0.00%)] 	bpp_y_loss: 0.399239 |	bpp_z_loss: 0.012892 |	bpp_loss: 0.412130 |	mse_loss: 0.000149 |	loss: 0.654054 |	psnr_loss: 38.273415 |
[2024-01-17 08:12:43,063 | INFO | train_one_epoch] Train epoch 6: [10/100 (10.00%)] 	bpp_y_loss: 0.482053 |	bpp_z_loss: 0.013150 |	bpp_loss: 0.495203 |	mse_loss: 0.000204 |	loss: 0.826350 |	psnr_loss: 36.984352 |
[2024-01-17 08:12:46,541 | INFO | train_one_epoch] Train epoch 6: [20/100 (20.00%)] 	bpp_y_loss: 0.488415 |	bpp_z_loss: 0.013043 |	bpp_loss: 0.501458 |	mse_loss: 0.000210 |	loss: 0.843418 |	psnr_loss: 36.917213 |
[2024-01-17 08:12:50,075 | INFO | train_one_epoch] Train epoch 6: [30/100 (30.00%)] 	bpp_y_loss: 0.459599 |	bpp_z_loss: 0.012863 |	bpp_loss: 0.472462 |	mse_loss: 0.000189 |	loss: 0.780159 |	psnr_loss: 37.307858 |
[2024-01-17 08:12:53,496 | INFO | train_one_epoch] Train epoch 6: [40/100 (40.00%)] 	bpp_y_loss: 0.474281 |	bpp_z_loss: 0.012988 |	bpp_loss: 0.487268 |	mse_loss: 0.000194 |	loss: 0.803404 |	psnr_loss: 37.313038 |
[2024-01-17 08:12:56,964 | INFO | train_one_epoch] Train epoch 6: [50/100 (50.00%)] 	bpp_y_loss: 0.466593 |	bpp_z_loss: 0.012885 |	bpp_loss: 0.479477 |	mse_loss: 0.000193 |	loss: 0.793128 |	psnr_loss: 37.258526 |
[2024-01-17 08:13:00,423 | INFO | train_one_epoch] Train epoch 6: [60/100 (60.00%)] 	bpp_y_loss: 0.462486 |	bpp_z_loss: 0.012975 |	bpp_loss: 0.475461 |	mse_loss: 0.000190 |	loss: 0.784081 |	psnr_loss: 37.340939 |
[2024-01-17 08:13:03,895 | INFO | train_one_epoch] Train epoch 6: [70/100 (70.00%)] 	bpp_y_loss: 0.443371 |	bpp_z_loss: 0.012847 |	bpp_loss: 0.456217 |	mse_loss: 0.000179 |	loss: 0.747049 |	psnr_loss: 37.660988 |
[2024-01-17 08:13:07,399 | INFO | train_one_epoch] Train epoch 6: [80/100 (80.00%)] 	bpp_y_loss: 0.446091 |	bpp_z_loss: 0.012797 |	bpp_loss: 0.458888 |	mse_loss: 0.000177 |	loss: 0.745888 |	psnr_loss: 37.619934 |
[2024-01-17 08:13:10,876 | INFO | train_one_epoch] Train epoch 6: [90/100 (90.00%)] 	bpp_y_loss: 0.460031 |	bpp_z_loss: 0.012990 |	bpp_loss: 0.473021 |	mse_loss: 0.000184 |	loss: 0.772522 |	psnr_loss: 37.445034 |
[2024-01-17 08:13:14,339 | INFO | train_one_epoch] Train epoch 6: [100/100 (100.00%)] 	bpp_y_loss: 0.437695 |	bpp_z_loss: 0.012688 |	bpp_loss: 0.450382 |	mse_loss: 0.000170 |	loss: 0.727259 |	psnr_loss: 37.784702 |
[2024-01-17 08:13:15,253 | INFO | test_one_epoch] Testing results for epoch 7 | bpp_y_loss=0.61550 | bpp_z_loss=0.01344 | bpp_loss=0.62895 | mse_loss=0.00049 | loss=1.41806 | psnr_loss=33.65057
[2024-01-17 08:13:15,255 | INFO | train_one_epoch] Learning rate: 1e-05
[2024-01-17 08:13:16,178 | INFO | train_one_epoch] Train epoch 7: [0/100 (0.00%)] 	bpp_y_loss: 0.579369 |	bpp_z_loss: 0.014192 |	bpp_loss: 0.593561 |	mse_loss: 0.000278 |	loss: 1.045738 |	psnr_loss: 35.557121 |
[2024-01-17 08:13:19,675 | INFO | train_one_epoch] Train epoch 7: [10/100 (10.00%)] 	bpp_y_loss: 0.517354 |	bpp_z_loss: 0.013159 |	bpp_loss: 0.530514 |	mse_loss: 0.000244 |	loss: 0.926897 |	psnr_loss: 36.260952 |
[2024-01-17 08:13:23,207 | INFO | train_one_epoch] Train epoch 7: [20/100 (20.00%)] 	bpp_y_loss: 0.455989 |	bpp_z_loss: 0.012803 |	bpp_loss: 0.468792 |	mse_loss: 0.000191 |	loss: 0.779063 |	psnr_loss: 37.365646 |
[2024-01-17 08:13:26,704 | INFO | train_one_epoch] Train epoch 7: [30/100 (30.00%)] 	bpp_y_loss: 0.439336 |	bpp_z_loss: 0.012826 |	bpp_loss: 0.452162 |	mse_loss: 0.000171 |	loss: 0.730802 |	psnr_loss: 37.825466 |
[2024-01-17 08:13:30,212 | INFO | train_one_epoch] Train epoch 7: [40/100 (40.00%)] 	bpp_y_loss: 0.485190 |	bpp_z_loss: 0.013004 |	bpp_loss: 0.498194 |	mse_loss: 0.000209 |	loss: 0.838120 |	psnr_loss: 36.907169 |
[2024-01-17 08:13:33,729 | INFO | train_one_epoch] Train epoch 7: [50/100 (50.00%)] 	bpp_y_loss: 0.461473 |	bpp_z_loss: 0.012841 |	bpp_loss: 0.474314 |	mse_loss: 0.000200 |	loss: 0.799698 |	psnr_loss: 37.096294 |
[2024-01-17 08:13:37,275 | INFO | train_one_epoch] Train epoch 7: [60/100 (60.00%)] 	bpp_y_loss: 0.485817 |	bpp_z_loss: 0.013021 |	bpp_loss: 0.498837 |	mse_loss: 0.000204 |	loss: 0.830192 |	psnr_loss: 37.131573 |
[2024-01-17 08:13:40,727 | INFO | train_one_epoch] Train epoch 7: [70/100 (70.00%)] 	bpp_y_loss: 0.468661 |	bpp_z_loss: 0.012872 |	bpp_loss: 0.481533 |	mse_loss: 0.000200 |	loss: 0.806654 |	psnr_loss: 37.074776 |
[2024-01-17 08:13:44,183 | INFO | train_one_epoch] Train epoch 7: [80/100 (80.00%)] 	bpp_y_loss: 0.501787 |	bpp_z_loss: 0.013105 |	bpp_loss: 0.514892 |	mse_loss: 0.000220 |	loss: 0.873056 |	psnr_loss: 36.796963 |
[2024-01-17 08:13:47,662 | INFO | train_one_epoch] Train epoch 7: [90/100 (90.00%)] 	bpp_y_loss: 0.536422 |	bpp_z_loss: 0.013087 |	bpp_loss: 0.549509 |	mse_loss: 0.000241 |	loss: 0.940951 |	psnr_loss: 36.281750 |
[2024-01-17 08:13:51,123 | INFO | train_one_epoch] Train epoch 7: [100/100 (100.00%)] 	bpp_y_loss: 0.476728 |	bpp_z_loss: 0.012938 |	bpp_loss: 0.489666 |	mse_loss: 0.000201 |	loss: 0.816833 |	psnr_loss: 37.188564 |
[2024-01-17 08:13:52,040 | INFO | test_one_epoch] Testing results for epoch 8 | bpp_y_loss=0.61670 | bpp_z_loss=0.01356 | bpp_loss=0.63026 | mse_loss=0.00049 | loss=1.41916 | psnr_loss=33.65403
[2024-01-17 08:13:52,041 | INFO | train_one_epoch] Learning rate: 1e-05
[2024-01-17 08:13:52,935 | INFO | train_one_epoch] Train epoch 8: [0/100 (0.00%)] 	bpp_y_loss: 0.535459 |	bpp_z_loss: 0.013630 |	bpp_loss: 0.549089 |	mse_loss: 0.000246 |	loss: 0.949390 |	psnr_loss: 36.086346 |
[2024-01-17 08:13:56,423 | INFO | train_one_epoch] Train epoch 8: [10/100 (10.00%)] 	bpp_y_loss: 0.495507 |	bpp_z_loss: 0.013166 |	bpp_loss: 0.508673 |	mse_loss: 0.000223 |	loss: 0.870561 |	psnr_loss: 36.734127 |
[2024-01-17 08:13:59,918 | INFO | train_one_epoch] Train epoch 8: [20/100 (20.00%)] 	bpp_y_loss: 0.491155 |	bpp_z_loss: 0.012956 |	bpp_loss: 0.504111 |	mse_loss: 0.000226 |	loss: 0.871791 |	psnr_loss: 36.498074 |
[2024-01-17 08:14:03,370 | INFO | train_one_epoch] Train epoch 8: [30/100 (30.00%)] 	bpp_y_loss: 0.485877 |	bpp_z_loss: 0.013111 |	bpp_loss: 0.498988 |	mse_loss: 0.000203 |	loss: 0.828479 |	psnr_loss: 37.045528 |
[2024-01-17 08:14:06,837 | INFO | train_one_epoch] Train epoch 8: [40/100 (40.00%)] 	bpp_y_loss: 0.467394 |	bpp_z_loss: 0.012913 |	bpp_loss: 0.480307 |	mse_loss: 0.000190 |	loss: 0.789871 |	psnr_loss: 37.361351 |
[2024-01-17 08:14:10,309 | INFO | train_one_epoch] Train epoch 8: [50/100 (50.00%)] 	bpp_y_loss: 0.473939 |	bpp_z_loss: 0.012932 |	bpp_loss: 0.486872 |	mse_loss: 0.000203 |	loss: 0.816072 |	psnr_loss: 37.278091 |
[2024-01-17 08:14:13,800 | INFO | train_one_epoch] Train epoch 8: [60/100 (60.00%)] 	bpp_y_loss: 0.445301 |	bpp_z_loss: 0.012837 |	bpp_loss: 0.458138 |	mse_loss: 0.000173 |	loss: 0.739747 |	psnr_loss: 37.738598 |
[2024-01-17 08:14:17,304 | INFO | train_one_epoch] Train epoch 8: [70/100 (70.00%)] 	bpp_y_loss: 0.486084 |	bpp_z_loss: 0.013018 |	bpp_loss: 0.499102 |	mse_loss: 0.000200 |	loss: 0.824166 |	psnr_loss: 37.153015 |
[2024-01-17 08:14:20,798 | INFO | train_one_epoch] Train epoch 8: [80/100 (80.00%)] 	bpp_y_loss: 0.484286 |	bpp_z_loss: 0.013072 |	bpp_loss: 0.497358 |	mse_loss: 0.000213 |	loss: 0.843071 |	psnr_loss: 36.912148 |
[2024-01-17 08:14:24,280 | INFO | train_one_epoch] Train epoch 8: [90/100 (90.00%)] 	bpp_y_loss: 0.510990 |	bpp_z_loss: 0.012944 |	bpp_loss: 0.523934 |	mse_loss: 0.000213 |	loss: 0.870898 |	psnr_loss: 36.840717 |
[2024-01-17 08:14:27,839 | INFO | train_one_epoch] Train epoch 8: [100/100 (100.00%)] 	bpp_y_loss: 0.457921 |	bpp_z_loss: 0.012826 |	bpp_loss: 0.470747 |	mse_loss: 0.000180 |	loss: 0.763460 |	psnr_loss: 37.501339 |
[2024-01-17 08:14:28,742 | INFO | test_one_epoch] Testing results for epoch 9 | bpp_y_loss=0.61639 | bpp_z_loss=0.01351 | bpp_loss=0.62990 | mse_loss=0.00048 | loss=1.41725 | psnr_loss=33.66348
[2024-01-17 08:14:28,744 | INFO | train_one_epoch] Learning rate: 1e-05
[2024-01-17 08:14:29,671 | INFO | train_one_epoch] Train epoch 9: [0/100 (0.00%)] 	bpp_y_loss: 0.395164 |	bpp_z_loss: 0.012047 |	bpp_loss: 0.407211 |	mse_loss: 0.000138 |	loss: 0.631563 |	psnr_loss: 38.600906 |
[2024-01-17 08:14:33,129 | INFO | train_one_epoch] Train epoch 9: [10/100 (10.00%)] 	bpp_y_loss: 0.461390 |	bpp_z_loss: 0.012991 |	bpp_loss: 0.474381 |	mse_loss: 0.000177 |	loss: 0.762627 |	psnr_loss: 37.611504 |
[2024-01-17 08:14:36,670 | INFO | train_one_epoch] Train epoch 9: [20/100 (20.00%)] 	bpp_y_loss: 0.480536 |	bpp_z_loss: 0.013062 |	bpp_loss: 0.493597 |	mse_loss: 0.000210 |	loss: 0.834655 |	psnr_loss: 36.871361 |
[2024-01-17 08:14:40,209 | INFO | train_one_epoch] Train epoch 9: [30/100 (30.00%)] 	bpp_y_loss: 0.479464 |	bpp_z_loss: 0.012995 |	bpp_loss: 0.492459 |	mse_loss: 0.000208 |	loss: 0.831385 |	psnr_loss: 36.924145 |
[2024-01-17 08:14:43,741 | INFO | train_one_epoch] Train epoch 9: [40/100 (40.00%)] 	bpp_y_loss: 0.481454 |	bpp_z_loss: 0.012900 |	bpp_loss: 0.494353 |	mse_loss: 0.000205 |	loss: 0.827160 |	psnr_loss: 36.960266 |
[2024-01-17 08:14:47,311 | INFO | train_one_epoch] Train epoch 9: [50/100 (50.00%)] 	bpp_y_loss: 0.459375 |	bpp_z_loss: 0.012858 |	bpp_loss: 0.472233 |	mse_loss: 0.000195 |	loss: 0.789976 |	psnr_loss: 37.335030 |
[2024-01-17 08:14:50,767 | INFO | train_one_epoch] Train epoch 9: [60/100 (60.00%)] 	bpp_y_loss: 0.458881 |	bpp_z_loss: 0.012820 |	bpp_loss: 0.471701 |	mse_loss: 0.000189 |	loss: 0.779140 |	psnr_loss: 37.377422 |
[2024-01-17 08:14:54,228 | INFO | train_one_epoch] Train epoch 9: [70/100 (70.00%)] 	bpp_y_loss: 0.460762 |	bpp_z_loss: 0.012982 |	bpp_loss: 0.473745 |	mse_loss: 0.000200 |	loss: 0.798620 |	psnr_loss: 37.169716 |
[2024-01-17 08:14:57,692 | INFO | train_one_epoch] Train epoch 9: [80/100 (80.00%)] 	bpp_y_loss: 0.455576 |	bpp_z_loss: 0.012677 |	bpp_loss: 0.468253 |	mse_loss: 0.000179 |	loss: 0.759314 |	psnr_loss: 37.577522 |
[2024-01-17 08:15:01,188 | INFO | train_one_epoch] Train epoch 9: [90/100 (90.00%)] 	bpp_y_loss: 0.434581 |	bpp_z_loss: 0.012760 |	bpp_loss: 0.447341 |	mse_loss: 0.000165 |	loss: 0.715696 |	psnr_loss: 37.995007 |
[2024-01-17 08:15:04,633 | INFO | train_one_epoch] Train epoch 9: [100/100 (100.00%)] 	bpp_y_loss: 0.480028 |	bpp_z_loss: 0.012912 |	bpp_loss: 0.492940 |	mse_loss: 0.000225 |	loss: 0.858714 |	psnr_loss: 36.703510 |
[2024-01-17 08:15:05,549 | INFO | test_one_epoch] Testing results for epoch 10 | bpp_y_loss=0.61554 | bpp_z_loss=0.01353 | bpp_loss=0.62906 | mse_loss=0.00049 | loss=1.42010 | psnr_loss=33.64140
