[2024-01-12 06:09:12,017 | INFO | <module>] Args: Namespace(model='tcm', lmbda=0.0018, dataset='liu4k', batch_size=4, epochs=100, steps_per_epoch=10000, learning_rate=5e-05, save=True, seed=19260817, clip_max_norm=1.0, checkpoint=None, type='mse', lr_epoch=[40], continue_train=False)
[2024-01-12 06:09:12,017 | INFO | <module>] Lmbda=0.001800000000
[2024-01-12 06:09:12,023 | INFO | train_one_epoch] Learning rate: 5e-05
[2024-01-12 06:09:27,517 | INFO | train_one_epoch] Train epoch 0: [0/10000 (0.00%)] 	bpp_y_loss: 2.083971 |	bpp_z_loss: 0.253543 |	bpp_loss: 2.337513 |	mse_loss: 0.291238 |	loss: 36.425411 |	psnr_loss: 5.357527 |
[2024-01-12 06:17:01,726 | INFO | train_one_epoch] Train epoch 0: [1000/10000 (10.00%)] 	bpp_y_loss: 0.411559 |	bpp_z_loss: 0.236701 |	bpp_loss: 0.648259 |	mse_loss: 0.014243 |	loss: 2.315356 |	psnr_loss: 19.556702 |
[2024-01-12 06:24:27,645 | INFO | train_one_epoch] Train epoch 0: [2000/10000 (20.00%)] 	bpp_y_loss: 0.289982 |	bpp_z_loss: 0.204472 |	bpp_loss: 0.494454 |	mse_loss: 0.005973 |	loss: 1.193619 |	psnr_loss: 22.837109 |
[2024-01-12 06:31:48,780 | INFO | train_one_epoch] Train epoch 0: [3000/10000 (30.00%)] 	bpp_y_loss: 0.277313 |	bpp_z_loss: 0.176865 |	bpp_loss: 0.454178 |	mse_loss: 0.004232 |	loss: 0.949557 |	psnr_loss: 24.357019 |
[2024-01-12 06:39:17,412 | INFO | train_one_epoch] Train epoch 0: [4000/10000 (40.00%)] 	bpp_y_loss: 0.271086 |	bpp_z_loss: 0.151876 |	bpp_loss: 0.422962 |	mse_loss: 0.003655 |	loss: 0.850728 |	psnr_loss: 25.092340 |
[2024-01-12 06:46:48,125 | INFO | train_one_epoch] Train epoch 0: [5000/10000 (50.00%)] 	bpp_y_loss: 0.265981 |	bpp_z_loss: 0.128884 |	bpp_loss: 0.394864 |	mse_loss: 0.003113 |	loss: 0.759230 |	psnr_loss: 25.985323 |
[2024-01-12 06:54:13,293 | INFO | train_one_epoch] Train epoch 0: [6000/10000 (60.00%)] 	bpp_y_loss: 0.262642 |	bpp_z_loss: 0.108642 |	bpp_loss: 0.371284 |	mse_loss: 0.002829 |	loss: 0.702392 |	psnr_loss: 26.292696 |
[2024-01-12 07:01:40,058 | INFO | train_one_epoch] Train epoch 0: [7000/10000 (70.00%)] 	bpp_y_loss: 0.263716 |	bpp_z_loss: 0.090445 |	bpp_loss: 0.354161 |	mse_loss: 0.002650 |	loss: 0.664312 |	psnr_loss: 26.661860 |
[2024-01-12 07:09:00,958 | INFO | train_one_epoch] Train epoch 0: [8000/10000 (80.00%)] 	bpp_y_loss: 0.264340 |	bpp_z_loss: 0.074437 |	bpp_loss: 0.338777 |	mse_loss: 0.002412 |	loss: 0.621107 |	psnr_loss: 27.070398 |
[2024-01-12 07:16:12,392 | INFO | train_one_epoch] Train epoch 0: [9000/10000 (90.00%)] 	bpp_y_loss: 0.263545 |	bpp_z_loss: 0.061710 |	bpp_loss: 0.325255 |	mse_loss: 0.002322 |	loss: 0.597030 |	psnr_loss: 27.219864 |
[2024-01-12 07:23:32,265 | INFO | train_one_epoch] Train epoch 0: [10000/10000 (100.00%)] 	bpp_y_loss: 0.264931 |	bpp_z_loss: 0.051131 |	bpp_loss: 0.316062 |	mse_loss: 0.002148 |	loss: 0.567501 |	psnr_loss: 27.457060 |
[2024-01-12 07:23:36,001 | INFO | test_one_epoch] Testing results for epoch 1 | bpp_y_loss=0.09472 | bpp_z_loss=0.04052 | bpp_loss=0.13524 | mse_loss=0.00371 | loss=0.56975 | psnr_loss=24.90694
[2024-01-12 07:23:41,789 | INFO | train_one_epoch] Learning rate: 5e-05
[2024-01-12 07:23:42,789 | INFO | train_one_epoch] Train epoch 1: [0/10000 (0.00%)] 	bpp_y_loss: 0.242954 |	bpp_z_loss: 0.045911 |	bpp_loss: 0.288866 |	mse_loss: 0.001270 |	loss: 0.437518 |	psnr_loss: 28.961794 |
[2024-01-12 07:31:08,256 | INFO | train_one_epoch] Train epoch 1: [1000/10000 (10.00%)] 	bpp_y_loss: 0.262645 |	bpp_z_loss: 0.042727 |	bpp_loss: 0.305372 |	mse_loss: 0.002097 |	loss: 0.550839 |	psnr_loss: 27.682508 |
[2024-01-12 07:38:30,700 | INFO | train_one_epoch] Train epoch 1: [2000/10000 (20.00%)] 	bpp_y_loss: 0.263500 |	bpp_z_loss: 0.036552 |	bpp_loss: 0.300052 |	mse_loss: 0.002011 |	loss: 0.535475 |	psnr_loss: 27.818939 |
[2024-01-12 07:45:59,366 | INFO | train_one_epoch] Train epoch 1: [3000/10000 (30.00%)] 	bpp_y_loss: 0.264328 |	bpp_z_loss: 0.031404 |	bpp_loss: 0.295732 |	mse_loss: 0.002065 |	loss: 0.537394 |	psnr_loss: 27.760521 |
[2024-01-12 07:53:28,305 | INFO | train_one_epoch] Train epoch 1: [4000/10000 (40.00%)] 	bpp_y_loss: 0.263949 |	bpp_z_loss: 0.027425 |	bpp_loss: 0.291375 |	mse_loss: 0.002005 |	loss: 0.526020 |	psnr_loss: 27.951399 |
[2024-01-12 08:00:56,155 | INFO | train_one_epoch] Train epoch 1: [5000/10000 (50.00%)] 	bpp_y_loss: 0.262906 |	bpp_z_loss: 0.024221 |	bpp_loss: 0.287127 |	mse_loss: 0.001921 |	loss: 0.511917 |	psnr_loss: 28.100809 |
[2024-01-12 08:08:24,386 | INFO | train_one_epoch] Train epoch 1: [6000/10000 (60.00%)] 	bpp_y_loss: 0.263661 |	bpp_z_loss: 0.021327 |	bpp_loss: 0.284988 |	mse_loss: 0.001909 |	loss: 0.508393 |	psnr_loss: 28.158852 |
[2024-01-12 08:15:49,099 | INFO | train_one_epoch] Train epoch 1: [7000/10000 (70.00%)] 	bpp_y_loss: 0.262556 |	bpp_z_loss: 0.019055 |	bpp_loss: 0.281611 |	mse_loss: 0.001788 |	loss: 0.490921 |	psnr_loss: 28.356609 |
[2024-01-12 08:23:19,297 | INFO | train_one_epoch] Train epoch 1: [8000/10000 (80.00%)] 	bpp_y_loss: 0.263340 |	bpp_z_loss: 0.016995 |	bpp_loss: 0.280335 |	mse_loss: 0.001907 |	loss: 0.503522 |	psnr_loss: 28.222557 |
[2024-01-12 08:30:38,950 | INFO | train_one_epoch] Train epoch 1: [9000/10000 (90.00%)] 	bpp_y_loss: 0.262806 |	bpp_z_loss: 0.015507 |	bpp_loss: 0.278314 |	mse_loss: 0.001909 |	loss: 0.501716 |	psnr_loss: 28.214895 |
[2024-01-12 08:38:06,866 | INFO | train_one_epoch] Train epoch 1: [10000/10000 (100.00%)] 	bpp_y_loss: 0.261047 |	bpp_z_loss: 0.014248 |	bpp_loss: 0.275295 |	mse_loss: 0.001777 |	loss: 0.483232 |	psnr_loss: 28.384739 |
[2024-01-12 08:38:10,476 | INFO | test_one_epoch] Testing results for epoch 2 | bpp_y_loss=0.09486 | bpp_z_loss=0.00801 | bpp_loss=0.10287 | mse_loss=0.00318 | loss=0.47508 | psnr_loss=25.61350
[2024-01-12 08:38:46,283 | INFO | train_one_epoch] Learning rate: 5e-05
[2024-01-12 08:38:47,337 | INFO | train_one_epoch] Train epoch 2: [0/10000 (0.00%)] 	bpp_y_loss: 0.236239 |	bpp_z_loss: 0.012841 |	bpp_loss: 0.249080 |	mse_loss: 0.000609 |	loss: 0.320372 |	psnr_loss: 32.153164 |
[2024-01-12 08:46:01,915 | INFO | train_one_epoch] Train epoch 2: [1000/10000 (10.00%)] 	bpp_y_loss: 0.259579 |	bpp_z_loss: 0.013254 |	bpp_loss: 0.272833 |	mse_loss: 0.001736 |	loss: 0.476023 |	psnr_loss: 28.582909 |
[2024-01-12 08:53:18,306 | INFO | train_one_epoch] Train epoch 2: [2000/10000 (20.00%)] 	bpp_y_loss: 0.259113 |	bpp_z_loss: 0.012236 |	bpp_loss: 0.271349 |	mse_loss: 0.001746 |	loss: 0.475756 |	psnr_loss: 28.628021 |
[2024-01-12 09:00:33,974 | INFO | train_one_epoch] Train epoch 2: [3000/10000 (30.00%)] 	bpp_y_loss: 0.259511 |	bpp_z_loss: 0.011516 |	bpp_loss: 0.271027 |	mse_loss: 0.001681 |	loss: 0.467791 |	psnr_loss: 28.674128 |
[2024-01-12 09:07:47,731 | INFO | train_one_epoch] Train epoch 2: [4000/10000 (40.00%)] 	bpp_y_loss: 0.258436 |	bpp_z_loss: 0.010963 |	bpp_loss: 0.269399 |	mse_loss: 0.001703 |	loss: 0.468731 |	psnr_loss: 28.711727 |
[2024-01-12 09:15:01,000 | INFO | train_one_epoch] Train epoch 2: [5000/10000 (50.00%)] 	bpp_y_loss: 0.259296 |	bpp_z_loss: 0.010468 |	bpp_loss: 0.269764 |	mse_loss: 0.001676 |	loss: 0.465899 |	psnr_loss: 28.788649 |
[2024-01-12 09:22:16,233 | INFO | train_one_epoch] Train epoch 2: [6000/10000 (60.00%)] 	bpp_y_loss: 0.257465 |	bpp_z_loss: 0.009856 |	bpp_loss: 0.267320 |	mse_loss: 0.001631 |	loss: 0.458257 |	psnr_loss: 28.946878 |
[2024-01-12 09:29:29,881 | INFO | train_one_epoch] Train epoch 2: [7000/10000 (70.00%)] 	bpp_y_loss: 0.256597 |	bpp_z_loss: 0.009472 |	bpp_loss: 0.266069 |	mse_loss: 0.001612 |	loss: 0.454769 |	psnr_loss: 28.958490 |
[2024-01-12 09:36:43,071 | INFO | train_one_epoch] Train epoch 2: [8000/10000 (80.00%)] 	bpp_y_loss: 0.257999 |	bpp_z_loss: 0.009160 |	bpp_loss: 0.267159 |	mse_loss: 0.001596 |	loss: 0.453993 |	psnr_loss: 28.972187 |
[2024-01-12 09:43:57,010 | INFO | train_one_epoch] Train epoch 2: [9000/10000 (90.00%)] 	bpp_y_loss: 0.259105 |	bpp_z_loss: 0.008793 |	bpp_loss: 0.267897 |	mse_loss: 0.001643 |	loss: 0.460250 |	psnr_loss: 28.866014 |
[2024-01-12 09:51:10,912 | INFO | train_one_epoch] Train epoch 2: [10000/10000 (100.00%)] 	bpp_y_loss: 0.257436 |	bpp_z_loss: 0.008483 |	bpp_loss: 0.265919 |	mse_loss: 0.001518 |	loss: 0.443570 |	psnr_loss: 29.127403 |
[2024-01-12 09:51:14,522 | INFO | test_one_epoch] Testing results for epoch 3 | bpp_y_loss=0.09797 | bpp_z_loss=0.00710 | bpp_loss=0.10507 | mse_loss=0.00296 | loss=0.45195 | psnr_loss=25.94349
[2024-01-12 09:51:47,857 | INFO | train_one_epoch] Learning rate: 5e-05
[2024-01-12 09:51:48,805 | INFO | train_one_epoch] Train epoch 3: [0/10000 (0.00%)] 	bpp_y_loss: 0.230263 |	bpp_z_loss: 0.008732 |	bpp_loss: 0.238996 |	mse_loss: 0.000395 |	loss: 0.285193 |	psnr_loss: 34.037331 |
[2024-01-12 09:59:03,579 | INFO | train_one_epoch] Train epoch 3: [1000/10000 (10.00%)] 	bpp_y_loss: 0.258105 |	bpp_z_loss: 0.008194 |	bpp_loss: 0.266299 |	mse_loss: 0.001579 |	loss: 0.451071 |	psnr_loss: 28.971512 |
[2024-01-12 10:06:20,413 | INFO | train_one_epoch] Train epoch 3: [2000/10000 (20.00%)] 	bpp_y_loss: 0.257544 |	bpp_z_loss: 0.007952 |	bpp_loss: 0.265497 |	mse_loss: 0.001595 |	loss: 0.452179 |	psnr_loss: 28.960554 |
[2024-01-12 10:13:38,366 | INFO | train_one_epoch] Train epoch 3: [3000/10000 (30.00%)] 	bpp_y_loss: 0.258779 |	bpp_z_loss: 0.007741 |	bpp_loss: 0.266520 |	mse_loss: 0.001597 |	loss: 0.453417 |	psnr_loss: 28.951607 |
[2024-01-12 10:20:54,303 | INFO | train_one_epoch] Train epoch 3: [4000/10000 (40.00%)] 	bpp_y_loss: 0.256894 |	bpp_z_loss: 0.007546 |	bpp_loss: 0.264441 |	mse_loss: 0.001472 |	loss: 0.436686 |	psnr_loss: 29.274857 |
[2024-01-12 10:28:07,762 | INFO | train_one_epoch] Train epoch 3: [5000/10000 (50.00%)] 	bpp_y_loss: 0.257686 |	bpp_z_loss: 0.007402 |	bpp_loss: 0.265089 |	mse_loss: 0.001569 |	loss: 0.448690 |	psnr_loss: 29.079880 |
[2024-01-12 10:35:25,375 | INFO | train_one_epoch] Train epoch 3: [6000/10000 (60.00%)] 	bpp_y_loss: 0.257200 |	bpp_z_loss: 0.007206 |	bpp_loss: 0.264407 |	mse_loss: 0.001539 |	loss: 0.444496 |	psnr_loss: 29.227055 |
[2024-01-12 10:42:40,455 | INFO | train_one_epoch] Train epoch 3: [7000/10000 (70.00%)] 	bpp_y_loss: 0.257235 |	bpp_z_loss: 0.007071 |	bpp_loss: 0.264306 |	mse_loss: 0.001543 |	loss: 0.444893 |	psnr_loss: 29.200718 |
[2024-01-12 10:49:54,753 | INFO | train_one_epoch] Train epoch 3: [8000/10000 (80.00%)] 	bpp_y_loss: 0.257257 |	bpp_z_loss: 0.006972 |	bpp_loss: 0.264229 |	mse_loss: 0.001533 |	loss: 0.443610 |	psnr_loss: 29.248491 |
[2024-01-12 10:57:07,196 | INFO | train_one_epoch] Train epoch 3: [9000/10000 (90.00%)] 	bpp_y_loss: 0.255585 |	bpp_z_loss: 0.006832 |	bpp_loss: 0.262418 |	mse_loss: 0.001462 |	loss: 0.433480 |	psnr_loss: 29.422146 |
[2024-01-12 11:04:23,582 | INFO | train_one_epoch] Train epoch 3: [10000/10000 (100.00%)] 	bpp_y_loss: 0.257486 |	bpp_z_loss: 0.006731 |	bpp_loss: 0.264217 |	mse_loss: 0.001550 |	loss: 0.445595 |	psnr_loss: 29.163000 |
[2024-01-12 11:04:27,337 | INFO | test_one_epoch] Testing results for epoch 4 | bpp_y_loss=0.09905 | bpp_z_loss=0.00797 | bpp_loss=0.10701 | mse_loss=0.00287 | loss=0.44287 | psnr_loss=26.07105
[2024-01-12 11:04:59,296 | INFO | train_one_epoch] Learning rate: 5e-05
[2024-01-12 11:05:00,321 | INFO | train_one_epoch] Train epoch 4: [0/10000 (0.00%)] 	bpp_y_loss: 0.211413 |	bpp_z_loss: 0.005800 |	bpp_loss: 0.217213 |	mse_loss: 0.000447 |	loss: 0.269496 |	psnr_loss: 33.499912 |
[2024-01-12 11:12:12,443 | INFO | train_one_epoch] Train epoch 4: [1000/10000 (10.00%)] 	bpp_y_loss: 0.257718 |	bpp_z_loss: 0.006674 |	bpp_loss: 0.264392 |	mse_loss: 0.001528 |	loss: 0.443267 |	psnr_loss: 29.250542 |
[2024-01-12 11:19:27,639 | INFO | train_one_epoch] Train epoch 4: [2000/10000 (20.00%)] 	bpp_y_loss: 0.257247 |	bpp_z_loss: 0.006552 |	bpp_loss: 0.263799 |	mse_loss: 0.001462 |	loss: 0.434926 |	psnr_loss: 29.365980 |
[2024-01-12 11:26:42,149 | INFO | train_one_epoch] Train epoch 4: [3000/10000 (30.00%)] 	bpp_y_loss: 0.257997 |	bpp_z_loss: 0.006517 |	bpp_loss: 0.264514 |	mse_loss: 0.001469 |	loss: 0.436445 |	psnr_loss: 29.350014 |
[2024-01-12 11:34:00,302 | INFO | train_one_epoch] Train epoch 4: [4000/10000 (40.00%)] 	bpp_y_loss: 0.255695 |	bpp_z_loss: 0.006371 |	bpp_loss: 0.262066 |	mse_loss: 0.001450 |	loss: 0.431733 |	psnr_loss: 29.404816 |
[2024-01-12 11:41:11,732 | INFO | train_one_epoch] Train epoch 4: [5000/10000 (50.00%)] 	bpp_y_loss: 0.255640 |	bpp_z_loss: 0.006332 |	bpp_loss: 0.261972 |	mse_loss: 0.001441 |	loss: 0.430613 |	psnr_loss: 29.470602 |
[2024-01-12 11:48:29,224 | INFO | train_one_epoch] Train epoch 4: [6000/10000 (60.00%)] 	bpp_y_loss: 0.258154 |	bpp_z_loss: 0.006289 |	bpp_loss: 0.264443 |	mse_loss: 0.001485 |	loss: 0.438251 |	psnr_loss: 29.252174 |
[2024-01-12 11:55:42,913 | INFO | train_one_epoch] Train epoch 4: [7000/10000 (70.00%)] 	bpp_y_loss: 0.256373 |	bpp_z_loss: 0.006210 |	bpp_loss: 0.262583 |	mse_loss: 0.001466 |	loss: 0.434141 |	psnr_loss: 29.388632 |
[2024-01-12 12:02:56,175 | INFO | train_one_epoch] Train epoch 4: [8000/10000 (80.00%)] 	bpp_y_loss: 0.255545 |	bpp_z_loss: 0.006177 |	bpp_loss: 0.261722 |	mse_loss: 0.001439 |	loss: 0.430091 |	psnr_loss: 29.457932 |
[2024-01-12 12:10:07,051 | INFO | train_one_epoch] Train epoch 4: [9000/10000 (90.00%)] 	bpp_y_loss: 0.256393 |	bpp_z_loss: 0.006119 |	bpp_loss: 0.262512 |	mse_loss: 0.001493 |	loss: 0.437217 |	psnr_loss: 29.457138 |
[2024-01-12 12:17:18,349 | INFO | train_one_epoch] Train epoch 4: [10000/10000 (100.00%)] 	bpp_y_loss: 0.257123 |	bpp_z_loss: 0.006056 |	bpp_loss: 0.263179 |	mse_loss: 0.001483 |	loss: 0.436748 |	psnr_loss: 29.449516 |
[2024-01-12 12:17:21,972 | INFO | test_one_epoch] Testing results for epoch 5 | bpp_y_loss=0.09984 | bpp_z_loss=0.00766 | bpp_loss=0.10750 | mse_loss=0.00274 | loss=0.42878 | psnr_loss=26.26128
[2024-01-12 12:17:55,098 | INFO | train_one_epoch] Learning rate: 5e-05
[2024-01-12 12:17:56,141 | INFO | train_one_epoch] Train epoch 5: [0/10000 (0.00%)] 	bpp_y_loss: 0.244734 |	bpp_z_loss: 0.006676 |	bpp_loss: 0.251410 |	mse_loss: 0.000710 |	loss: 0.334554 |	psnr_loss: 31.485249 |
[2024-01-12 12:25:12,572 | INFO | train_one_epoch] Train epoch 5: [1000/10000 (10.00%)] 	bpp_y_loss: 0.255278 |	bpp_z_loss: 0.006011 |	bpp_loss: 0.261289 |	mse_loss: 0.001443 |	loss: 0.430157 |	psnr_loss: 29.584900 |
[2024-01-12 12:32:26,099 | INFO | train_one_epoch] Train epoch 5: [2000/10000 (20.00%)] 	bpp_y_loss: 0.256648 |	bpp_z_loss: 0.005971 |	bpp_loss: 0.262619 |	mse_loss: 0.001442 |	loss: 0.431415 |	psnr_loss: 29.516453 |
[2024-01-12 12:39:37,891 | INFO | train_one_epoch] Train epoch 5: [3000/10000 (30.00%)] 	bpp_y_loss: 0.255528 |	bpp_z_loss: 0.005925 |	bpp_loss: 0.261453 |	mse_loss: 0.001414 |	loss: 0.426963 |	psnr_loss: 29.573389 |
[2024-01-12 12:46:52,694 | INFO | train_one_epoch] Train epoch 5: [4000/10000 (40.00%)] 	bpp_y_loss: 0.256362 |	bpp_z_loss: 0.005890 |	bpp_loss: 0.262252 |	mse_loss: 0.001451 |	loss: 0.432095 |	psnr_loss: 29.505882 |
[2024-01-12 12:54:02,538 | INFO | train_one_epoch] Train epoch 5: [5000/10000 (50.00%)] 	bpp_y_loss: 0.257203 |	bpp_z_loss: 0.005872 |	bpp_loss: 0.263075 |	mse_loss: 0.001419 |	loss: 0.429199 |	psnr_loss: 29.562042 |
[2024-01-12 13:01:14,727 | INFO | train_one_epoch] Train epoch 5: [6000/10000 (60.00%)] 	bpp_y_loss: 0.256509 |	bpp_z_loss: 0.005837 |	bpp_loss: 0.262345 |	mse_loss: 0.001409 |	loss: 0.427213 |	psnr_loss: 29.560343 |
[2024-01-12 13:08:27,150 | INFO | train_one_epoch] Train epoch 5: [7000/10000 (70.00%)] 	bpp_y_loss: 0.254784 |	bpp_z_loss: 0.005836 |	bpp_loss: 0.260620 |	mse_loss: 0.001398 |	loss: 0.424193 |	psnr_loss: 29.664772 |
[2024-01-12 13:15:39,737 | INFO | train_one_epoch] Train epoch 5: [8000/10000 (80.00%)] 	bpp_y_loss: 0.255283 |	bpp_z_loss: 0.005753 |	bpp_loss: 0.261036 |	mse_loss: 0.001377 |	loss: 0.422154 |	psnr_loss: 29.717691 |
[2024-01-12 13:22:54,141 | INFO | train_one_epoch] Train epoch 5: [9000/10000 (90.00%)] 	bpp_y_loss: 0.257673 |	bpp_z_loss: 0.005748 |	bpp_loss: 0.263422 |	mse_loss: 0.001425 |	loss: 0.430198 |	psnr_loss: 29.463005 |
[2024-01-12 13:30:08,631 | INFO | train_one_epoch] Train epoch 5: [10000/10000 (100.00%)] 	bpp_y_loss: 0.254426 |	bpp_z_loss: 0.005741 |	bpp_loss: 0.260167 |	mse_loss: 0.001360 |	loss: 0.419353 |	psnr_loss: 29.691803 |
[2024-01-12 13:30:12,220 | INFO | test_one_epoch] Testing results for epoch 6 | bpp_y_loss=0.09950 | bpp_z_loss=0.00670 | bpp_loss=0.10620 | mse_loss=0.00277 | loss=0.43018 | psnr_loss=26.17204
[2024-01-12 13:30:42,871 | INFO | train_one_epoch] Learning rate: 5e-05
[2024-01-12 13:30:43,890 | INFO | train_one_epoch] Train epoch 6: [0/10000 (0.00%)] 	bpp_y_loss: 0.251186 |	bpp_z_loss: 0.004987 |	bpp_loss: 0.256173 |	mse_loss: 0.000701 |	loss: 0.338186 |	psnr_loss: 31.544704 |
[2024-01-12 13:37:57,336 | INFO | train_one_epoch] Train epoch 6: [1000/10000 (10.00%)] 	bpp_y_loss: 0.257189 |	bpp_z_loss: 0.005720 |	bpp_loss: 0.262910 |	mse_loss: 0.001424 |	loss: 0.429528 |	psnr_loss: 29.593233 |
[2024-01-12 13:45:11,928 | INFO | train_one_epoch] Train epoch 6: [2000/10000 (20.00%)] 	bpp_y_loss: 0.254817 |	bpp_z_loss: 0.005689 |	bpp_loss: 0.260506 |	mse_loss: 0.001402 |	loss: 0.424631 |	psnr_loss: 29.745306 |
[2024-01-12 13:52:23,483 | INFO | train_one_epoch] Train epoch 6: [3000/10000 (30.00%)] 	bpp_y_loss: 0.256313 |	bpp_z_loss: 0.005655 |	bpp_loss: 0.261969 |	mse_loss: 0.001394 |	loss: 0.425077 |	psnr_loss: 29.643843 |
[2024-01-12 13:59:33,042 | INFO | train_one_epoch] Train epoch 6: [4000/10000 (40.00%)] 	bpp_y_loss: 0.255339 |	bpp_z_loss: 0.005628 |	bpp_loss: 0.260967 |	mse_loss: 0.001359 |	loss: 0.420057 |	psnr_loss: 29.731274 |
[2024-01-12 14:06:46,339 | INFO | train_one_epoch] Train epoch 6: [5000/10000 (50.00%)] 	bpp_y_loss: 0.256141 |	bpp_z_loss: 0.005635 |	bpp_loss: 0.261775 |	mse_loss: 0.001385 |	loss: 0.423838 |	psnr_loss: 29.704741 |
[2024-01-12 14:13:58,555 | INFO | train_one_epoch] Train epoch 6: [6000/10000 (60.00%)] 	bpp_y_loss: 0.255910 |	bpp_z_loss: 0.005604 |	bpp_loss: 0.261515 |	mse_loss: 0.001386 |	loss: 0.423698 |	psnr_loss: 29.650816 |
[2024-01-12 14:21:10,081 | INFO | train_one_epoch] Train epoch 6: [7000/10000 (70.00%)] 	bpp_y_loss: 0.257313 |	bpp_z_loss: 0.005607 |	bpp_loss: 0.262920 |	mse_loss: 0.001422 |	loss: 0.429376 |	psnr_loss: 29.555801 |
[2024-01-12 14:28:22,963 | INFO | train_one_epoch] Train epoch 6: [8000/10000 (80.00%)] 	bpp_y_loss: 0.256249 |	bpp_z_loss: 0.005558 |	bpp_loss: 0.261807 |	mse_loss: 0.001386 |	loss: 0.424058 |	psnr_loss: 29.678547 |
[2024-01-12 14:35:35,217 | INFO | train_one_epoch] Train epoch 6: [9000/10000 (90.00%)] 	bpp_y_loss: 0.256564 |	bpp_z_loss: 0.005537 |	bpp_loss: 0.262102 |	mse_loss: 0.001376 |	loss: 0.423189 |	psnr_loss: 29.746782 |
[2024-01-12 14:42:49,966 | INFO | train_one_epoch] Train epoch 6: [10000/10000 (100.00%)] 	bpp_y_loss: 0.256228 |	bpp_z_loss: 0.005504 |	bpp_loss: 0.261732 |	mse_loss: 0.001466 |	loss: 0.433278 |	psnr_loss: 29.665369 |
[2024-01-12 14:42:53,550 | INFO | test_one_epoch] Testing results for epoch 7 | bpp_y_loss=0.09940 | bpp_z_loss=0.00751 | bpp_loss=0.10691 | mse_loss=0.00266 | loss=0.41770 | psnr_loss=26.37998
[2024-01-12 14:43:27,393 | INFO | train_one_epoch] Learning rate: 5e-05
[2024-01-12 14:43:28,315 | INFO | train_one_epoch] Train epoch 7: [0/10000 (0.00%)] 	bpp_y_loss: 0.254454 |	bpp_z_loss: 0.005041 |	bpp_loss: 0.259495 |	mse_loss: 0.001076 |	loss: 0.385493 |	psnr_loss: 29.679924 |
[2024-01-12 14:50:39,101 | INFO | train_one_epoch] Train epoch 7: [1000/10000 (10.00%)] 	bpp_y_loss: 0.257261 |	bpp_z_loss: 0.005470 |	bpp_loss: 0.262731 |	mse_loss: 0.001365 |	loss: 0.422537 |	psnr_loss: 29.788507 |
[2024-01-12 14:57:50,795 | INFO | train_one_epoch] Train epoch 7: [2000/10000 (20.00%)] 	bpp_y_loss: 0.253583 |	bpp_z_loss: 0.005416 |	bpp_loss: 0.258999 |	mse_loss: 0.001336 |	loss: 0.415342 |	psnr_loss: 29.895937 |
[2024-01-12 15:04:59,532 | INFO | train_one_epoch] Train epoch 7: [3000/10000 (30.00%)] 	bpp_y_loss: 0.254933 |	bpp_z_loss: 0.005361 |	bpp_loss: 0.260295 |	mse_loss: 0.001374 |	loss: 0.421056 |	psnr_loss: 29.745800 |
[2024-01-12 15:12:12,458 | INFO | train_one_epoch] Train epoch 7: [4000/10000 (40.00%)] 	bpp_y_loss: 0.254880 |	bpp_z_loss: 0.005389 |	bpp_loss: 0.260269 |	mse_loss: 0.001308 |	loss: 0.413397 |	psnr_loss: 29.874718 |
[2024-01-12 15:19:22,933 | INFO | train_one_epoch] Train epoch 7: [5000/10000 (50.00%)] 	bpp_y_loss: 0.256150 |	bpp_z_loss: 0.005365 |	bpp_loss: 0.261515 |	mse_loss: 0.001360 |	loss: 0.420731 |	psnr_loss: 29.737112 |
[2024-01-12 15:26:33,518 | INFO | train_one_epoch] Train epoch 7: [6000/10000 (60.00%)] 	bpp_y_loss: 0.255463 |	bpp_z_loss: 0.005308 |	bpp_loss: 0.260771 |	mse_loss: 0.001339 |	loss: 0.417495 |	psnr_loss: 29.764820 |
[2024-01-12 15:33:42,977 | INFO | train_one_epoch] Train epoch 7: [7000/10000 (70.00%)] 	bpp_y_loss: 0.256247 |	bpp_z_loss: 0.005355 |	bpp_loss: 0.261602 |	mse_loss: 0.001352 |	loss: 0.419823 |	psnr_loss: 29.782537 |
[2024-01-12 15:40:54,448 | INFO | train_one_epoch] Train epoch 7: [8000/10000 (80.00%)] 	bpp_y_loss: 0.254551 |	bpp_z_loss: 0.005284 |	bpp_loss: 0.259836 |	mse_loss: 0.001315 |	loss: 0.413757 |	psnr_loss: 29.907450 |
[2024-01-12 15:48:06,556 | INFO | train_one_epoch] Train epoch 7: [9000/10000 (90.00%)] 	bpp_y_loss: 0.254749 |	bpp_z_loss: 0.005315 |	bpp_loss: 0.260064 |	mse_loss: 0.001287 |	loss: 0.410725 |	psnr_loss: 30.052090 |
[2024-01-12 15:55:17,836 | INFO | train_one_epoch] Train epoch 7: [10000/10000 (100.00%)] 	bpp_y_loss: 0.255240 |	bpp_z_loss: 0.005284 |	bpp_loss: 0.260523 |	mse_loss: 0.001303 |	loss: 0.412989 |	psnr_loss: 29.936392 |
[2024-01-12 15:55:21,499 | INFO | test_one_epoch] Testing results for epoch 8 | bpp_y_loss=0.10043 | bpp_z_loss=0.00679 | bpp_loss=0.10722 | mse_loss=0.00248 | loss=0.39719 | psnr_loss=26.75498
[2024-01-12 15:56:10,669 | INFO | train_one_epoch] Learning rate: 5e-05
[2024-01-12 15:56:11,921 | INFO | train_one_epoch] Train epoch 8: [0/10000 (0.00%)] 	bpp_y_loss: 0.288606 |	bpp_z_loss: 0.005939 |	bpp_loss: 0.294545 |	mse_loss: 0.001780 |	loss: 0.502829 |	psnr_loss: 27.496969 |
[2024-01-12 16:03:23,784 | INFO | train_one_epoch] Train epoch 8: [1000/10000 (10.00%)] 	bpp_y_loss: 0.255511 |	bpp_z_loss: 0.005278 |	bpp_loss: 0.260789 |	mse_loss: 0.001293 |	loss: 0.412128 |	psnr_loss: 29.957371 |
[2024-01-12 16:10:33,272 | INFO | train_one_epoch] Train epoch 8: [2000/10000 (20.00%)] 	bpp_y_loss: 0.255555 |	bpp_z_loss: 0.005284 |	bpp_loss: 0.260839 |	mse_loss: 0.001365 |	loss: 0.420584 |	psnr_loss: 29.795689 |
[2024-01-12 16:17:44,196 | INFO | train_one_epoch] Train epoch 8: [3000/10000 (30.00%)] 	bpp_y_loss: 0.254644 |	bpp_z_loss: 0.005218 |	bpp_loss: 0.259862 |	mse_loss: 0.001299 |	loss: 0.411864 |	psnr_loss: 29.939001 |
[2024-01-12 16:24:56,597 | INFO | train_one_epoch] Train epoch 8: [4000/10000 (40.00%)] 	bpp_y_loss: 0.256604 |	bpp_z_loss: 0.005208 |	bpp_loss: 0.261811 |	mse_loss: 0.001344 |	loss: 0.419090 |	psnr_loss: 29.768843 |
[2024-01-12 16:32:08,442 | INFO | train_one_epoch] Train epoch 8: [5000/10000 (50.00%)] 	bpp_y_loss: 0.255116 |	bpp_z_loss: 0.005177 |	bpp_loss: 0.260294 |	mse_loss: 0.001349 |	loss: 0.418185 |	psnr_loss: 29.827597 |
[2024-01-12 16:39:19,339 | INFO | train_one_epoch] Train epoch 8: [6000/10000 (60.00%)] 	bpp_y_loss: 0.255851 |	bpp_z_loss: 0.005188 |	bpp_loss: 0.261039 |	mse_loss: 0.001310 |	loss: 0.414324 |	psnr_loss: 29.840071 |
[2024-01-12 16:46:29,886 | INFO | train_one_epoch] Train epoch 8: [7000/10000 (70.00%)] 	bpp_y_loss: 0.256505 |	bpp_z_loss: 0.005178 |	bpp_loss: 0.261683 |	mse_loss: 0.001319 |	loss: 0.416085 |	psnr_loss: 29.871721 |
[2024-01-12 16:53:41,114 | INFO | train_one_epoch] Train epoch 8: [8000/10000 (80.00%)] 	bpp_y_loss: 0.255230 |	bpp_z_loss: 0.005169 |	bpp_loss: 0.260398 |	mse_loss: 0.001269 |	loss: 0.408931 |	psnr_loss: 29.954054 |
[2024-01-12 17:00:54,647 | INFO | train_one_epoch] Train epoch 8: [9000/10000 (90.00%)] 	bpp_y_loss: 0.254973 |	bpp_z_loss: 0.005175 |	bpp_loss: 0.260149 |	mse_loss: 0.001280 |	loss: 0.409938 |	psnr_loss: 29.963188 |
[2024-01-12 17:08:06,411 | INFO | train_one_epoch] Train epoch 8: [10000/10000 (100.00%)] 	bpp_y_loss: 0.256757 |	bpp_z_loss: 0.005170 |	bpp_loss: 0.261927 |	mse_loss: 0.001406 |	loss: 0.426484 |	psnr_loss: 29.761541 |
[2024-01-12 17:08:09,985 | INFO | test_one_epoch] Testing results for epoch 9 | bpp_y_loss=0.09724 | bpp_z_loss=0.00689 | bpp_loss=0.10412 | mse_loss=0.00255 | loss=0.40259 | psnr_loss=26.60939
[2024-01-12 17:08:22,780 | INFO | train_one_epoch] Learning rate: 5e-05
[2024-01-12 17:08:23,869 | INFO | train_one_epoch] Train epoch 9: [0/10000 (0.00%)] 	bpp_y_loss: 0.244929 |	bpp_z_loss: 0.004756 |	bpp_loss: 0.249685 |	mse_loss: 0.000738 |	loss: 0.336086 |	psnr_loss: 31.318302 |
[2024-01-12 17:15:36,453 | INFO | train_one_epoch] Train epoch 9: [1000/10000 (10.00%)] 	bpp_y_loss: 0.254604 |	bpp_z_loss: 0.005140 |	bpp_loss: 0.259743 |	mse_loss: 0.001319 |	loss: 0.414084 |	psnr_loss: 29.883533 |
[2024-01-12 17:22:49,085 | INFO | train_one_epoch] Train epoch 9: [2000/10000 (20.00%)] 	bpp_y_loss: 0.254308 |	bpp_z_loss: 0.005095 |	bpp_loss: 0.259403 |	mse_loss: 0.001256 |	loss: 0.406466 |	psnr_loss: 30.050777 |
[2024-01-12 17:30:01,306 | INFO | train_one_epoch] Train epoch 9: [3000/10000 (30.00%)] 	bpp_y_loss: 0.253644 |	bpp_z_loss: 0.005130 |	bpp_loss: 0.258774 |	mse_loss: 0.001262 |	loss: 0.406483 |	psnr_loss: 30.135096 |
[2024-01-12 17:37:11,385 | INFO | train_one_epoch] Train epoch 9: [4000/10000 (40.00%)] 	bpp_y_loss: 0.256119 |	bpp_z_loss: 0.005110 |	bpp_loss: 0.261230 |	mse_loss: 0.001313 |	loss: 0.414934 |	psnr_loss: 30.023085 |
[2024-01-12 17:44:21,151 | INFO | train_one_epoch] Train epoch 9: [5000/10000 (50.00%)] 	bpp_y_loss: 0.255116 |	bpp_z_loss: 0.005156 |	bpp_loss: 0.260272 |	mse_loss: 0.001271 |	loss: 0.408984 |	psnr_loss: 29.970127 |
[2024-01-12 17:51:33,351 | INFO | train_one_epoch] Train epoch 9: [6000/10000 (60.00%)] 	bpp_y_loss: 0.255899 |	bpp_z_loss: 0.005137 |	bpp_loss: 0.261036 |	mse_loss: 0.001320 |	loss: 0.415554 |	psnr_loss: 29.898041 |
[2024-01-12 17:58:45,936 | INFO | train_one_epoch] Train epoch 9: [7000/10000 (70.00%)] 	bpp_y_loss: 0.253979 |	bpp_z_loss: 0.005112 |	bpp_loss: 0.259091 |	mse_loss: 0.001243 |	loss: 0.404533 |	psnr_loss: 30.109213 |
[2024-01-12 18:05:56,467 | INFO | train_one_epoch] Train epoch 9: [8000/10000 (80.00%)] 	bpp_y_loss: 0.255588 |	bpp_z_loss: 0.005133 |	bpp_loss: 0.260721 |	mse_loss: 0.001270 |	loss: 0.409337 |	psnr_loss: 29.982521 |
[2024-01-12 18:13:09,091 | INFO | train_one_epoch] Train epoch 9: [9000/10000 (90.00%)] 	bpp_y_loss: 0.256988 |	bpp_z_loss: 0.005133 |	bpp_loss: 0.262121 |	mse_loss: 0.001319 |	loss: 0.416513 |	psnr_loss: 29.972855 |
[2024-01-12 18:20:19,244 | INFO | train_one_epoch] Train epoch 9: [10000/10000 (100.00%)] 	bpp_y_loss: 0.255641 |	bpp_z_loss: 0.005142 |	bpp_loss: 0.260783 |	mse_loss: 0.001292 |	loss: 0.411963 |	psnr_loss: 29.963415 |
[2024-01-12 18:20:22,838 | INFO | test_one_epoch] Testing results for epoch 10 | bpp_y_loss=0.10034 | bpp_z_loss=0.00720 | bpp_loss=0.10754 | mse_loss=0.00243 | loss=0.39217 | psnr_loss=26.82409
[2024-01-12 18:20:50,095 | INFO | train_one_epoch] Learning rate: 5e-05
[2024-01-12 18:20:51,318 | INFO | train_one_epoch] Train epoch 10: [0/10000 (0.00%)] 	bpp_y_loss: 0.254259 |	bpp_z_loss: 0.005231 |	bpp_loss: 0.259490 |	mse_loss: 0.000916 |	loss: 0.366743 |	psnr_loss: 30.379395 |
[2024-01-12 18:28:03,839 | INFO | train_one_epoch] Train epoch 10: [1000/10000 (10.00%)] 	bpp_y_loss: 0.257915 |	bpp_z_loss: 0.005118 |	bpp_loss: 0.263032 |	mse_loss: 0.001326 |	loss: 0.418257 |	psnr_loss: 29.821131 |
[2024-01-12 18:35:15,435 | INFO | train_one_epoch] Train epoch 10: [2000/10000 (20.00%)] 	bpp_y_loss: 0.253562 |	bpp_z_loss: 0.005079 |	bpp_loss: 0.258640 |	mse_loss: 0.001288 |	loss: 0.409401 |	psnr_loss: 30.133860 |
[2024-01-12 18:42:23,280 | INFO | train_one_epoch] Train epoch 10: [3000/10000 (30.00%)] 	bpp_y_loss: 0.254138 |	bpp_z_loss: 0.005138 |	bpp_loss: 0.259276 |	mse_loss: 0.001263 |	loss: 0.407073 |	psnr_loss: 30.078352 |
[2024-01-12 18:49:33,265 | INFO | train_one_epoch] Train epoch 10: [4000/10000 (40.00%)] 	bpp_y_loss: 0.254869 |	bpp_z_loss: 0.005104 |	bpp_loss: 0.259972 |	mse_loss: 0.001222 |	loss: 0.403004 |	psnr_loss: 30.104982 |
[2024-01-12 18:56:45,639 | INFO | train_one_epoch] Train epoch 10: [5000/10000 (50.00%)] 	bpp_y_loss: 0.254518 |	bpp_z_loss: 0.005118 |	bpp_loss: 0.259637 |	mse_loss: 0.001278 |	loss: 0.409165 |	psnr_loss: 30.100210 |
[2024-01-12 19:03:53,155 | INFO | train_one_epoch] Train epoch 10: [6000/10000 (60.00%)] 	bpp_y_loss: 0.254763 |	bpp_z_loss: 0.005108 |	bpp_loss: 0.259871 |	mse_loss: 0.001251 |	loss: 0.406238 |	psnr_loss: 30.074089 |
[2024-01-12 19:11:02,090 | INFO | train_one_epoch] Train epoch 10: [7000/10000 (70.00%)] 	bpp_y_loss: 0.256949 |	bpp_z_loss: 0.005082 |	bpp_loss: 0.262031 |	mse_loss: 0.001263 |	loss: 0.409827 |	psnr_loss: 29.996679 |
[2024-01-12 19:18:12,332 | INFO | train_one_epoch] Train epoch 10: [8000/10000 (80.00%)] 	bpp_y_loss: 0.255366 |	bpp_z_loss: 0.005083 |	bpp_loss: 0.260448 |	mse_loss: 0.001339 |	loss: 0.417158 |	psnr_loss: 29.886993 |
[2024-01-12 19:25:21,831 | INFO | train_one_epoch] Train epoch 10: [9000/10000 (90.00%)] 	bpp_y_loss: 0.255947 |	bpp_z_loss: 0.005083 |	bpp_loss: 0.261030 |	mse_loss: 0.001290 |	loss: 0.411991 |	psnr_loss: 30.037678 |
[2024-01-12 19:32:29,311 | INFO | train_one_epoch] Train epoch 10: [10000/10000 (100.00%)] 	bpp_y_loss: 0.255759 |	bpp_z_loss: 0.005073 |	bpp_loss: 0.260832 |	mse_loss: 0.001281 |	loss: 0.410728 |	psnr_loss: 30.112486 |
[2024-01-12 19:32:33,059 | INFO | test_one_epoch] Testing results for epoch 11 | bpp_y_loss=0.10087 | bpp_z_loss=0.00703 | bpp_loss=0.10790 | mse_loss=0.00237 | loss=0.38474 | psnr_loss=26.93441
[2024-01-12 19:33:00,410 | INFO | train_one_epoch] Learning rate: 5e-05
[2024-01-12 19:33:01,647 | INFO | train_one_epoch] Train epoch 11: [0/10000 (0.00%)] 	bpp_y_loss: 0.282879 |	bpp_z_loss: 0.005562 |	bpp_loss: 0.288441 |	mse_loss: 0.001461 |	loss: 0.459442 |	psnr_loss: 28.353540 |
[2024-01-12 19:40:10,906 | INFO | train_one_epoch] Train epoch 11: [1000/10000 (10.00%)] 	bpp_y_loss: 0.254874 |	bpp_z_loss: 0.005080 |	bpp_loss: 0.259954 |	mse_loss: 0.001255 |	loss: 0.406861 |	psnr_loss: 30.132612 |
[2024-01-12 19:47:21,097 | INFO | train_one_epoch] Train epoch 11: [2000/10000 (20.00%)] 	bpp_y_loss: 0.255314 |	bpp_z_loss: 0.005056 |	bpp_loss: 0.260370 |	mse_loss: 0.001216 |	loss: 0.402723 |	psnr_loss: 30.171083 |
[2024-01-12 19:54:29,653 | INFO | train_one_epoch] Train epoch 11: [3000/10000 (30.00%)] 	bpp_y_loss: 0.253942 |	bpp_z_loss: 0.005046 |	bpp_loss: 0.258988 |	mse_loss: 0.001275 |	loss: 0.408215 |	psnr_loss: 30.080526 |
[2024-01-12 20:01:39,342 | INFO | train_one_epoch] Train epoch 11: [4000/10000 (40.00%)] 	bpp_y_loss: 0.256404 |	bpp_z_loss: 0.005087 |	bpp_loss: 0.261491 |	mse_loss: 0.001351 |	loss: 0.419615 |	psnr_loss: 29.917784 |
[2024-01-12 20:08:49,725 | INFO | train_one_epoch] Train epoch 11: [5000/10000 (50.00%)] 	bpp_y_loss: 0.255495 |	bpp_z_loss: 0.005071 |	bpp_loss: 0.260565 |	mse_loss: 0.001285 |	loss: 0.410996 |	psnr_loss: 30.020624 |
[2024-01-12 20:15:59,913 | INFO | train_one_epoch] Train epoch 11: [6000/10000 (60.00%)] 	bpp_y_loss: 0.255008 |	bpp_z_loss: 0.005061 |	bpp_loss: 0.260069 |	mse_loss: 0.001216 |	loss: 0.402451 |	psnr_loss: 30.111036 |
[2024-01-12 20:23:11,176 | INFO | train_one_epoch] Train epoch 11: [7000/10000 (70.00%)] 	bpp_y_loss: 0.254197 |	bpp_z_loss: 0.005065 |	bpp_loss: 0.259262 |	mse_loss: 0.001208 |	loss: 0.400678 |	psnr_loss: 30.175869 |
[2024-01-12 20:30:23,432 | INFO | train_one_epoch] Train epoch 11: [8000/10000 (80.00%)] 	bpp_y_loss: 0.254850 |	bpp_z_loss: 0.005032 |	bpp_loss: 0.259882 |	mse_loss: 0.001253 |	loss: 0.406512 |	psnr_loss: 30.104319 |
[2024-01-12 20:37:32,071 | INFO | train_one_epoch] Train epoch 11: [9000/10000 (90.00%)] 	bpp_y_loss: 0.254955 |	bpp_z_loss: 0.005036 |	bpp_loss: 0.259991 |	mse_loss: 0.001254 |	loss: 0.406727 |	psnr_loss: 30.136295 |
[2024-01-12 20:44:43,839 | INFO | train_one_epoch] Train epoch 11: [10000/10000 (100.00%)] 	bpp_y_loss: 0.257412 |	bpp_z_loss: 0.005081 |	bpp_loss: 0.262493 |	mse_loss: 0.001300 |	loss: 0.414636 |	psnr_loss: 30.018974 |
[2024-01-12 20:44:47,394 | INFO | test_one_epoch] Testing results for epoch 12 | bpp_y_loss=0.10031 | bpp_z_loss=0.00660 | bpp_loss=0.10692 | mse_loss=0.00239 | loss=0.38722 | psnr_loss=26.88881
[2024-01-12 20:45:00,812 | INFO | train_one_epoch] Learning rate: 5e-05
[2024-01-12 20:45:01,779 | INFO | train_one_epoch] Train epoch 12: [0/10000 (0.00%)] 	bpp_y_loss: 0.260320 |	bpp_z_loss: 0.005507 |	bpp_loss: 0.265827 |	mse_loss: 0.000909 |	loss: 0.372248 |	psnr_loss: 30.413246 |
[2024-01-12 20:52:12,764 | INFO | train_one_epoch] Train epoch 12: [1000/10000 (10.00%)] 	bpp_y_loss: 0.253869 |	bpp_z_loss: 0.005016 |	bpp_loss: 0.258885 |	mse_loss: 0.001260 |	loss: 0.406410 |	psnr_loss: 30.180500 |
[2024-01-12 20:59:23,967 | INFO | train_one_epoch] Train epoch 12: [2000/10000 (20.00%)] 	bpp_y_loss: 0.256117 |	bpp_z_loss: 0.005019 |	bpp_loss: 0.261137 |	mse_loss: 0.001249 |	loss: 0.407378 |	psnr_loss: 30.056103 |
[2024-01-12 21:06:34,818 | INFO | train_one_epoch] Train epoch 12: [3000/10000 (30.00%)] 	bpp_y_loss: 0.255541 |	bpp_z_loss: 0.005025 |	bpp_loss: 0.260565 |	mse_loss: 0.001242 |	loss: 0.405955 |	psnr_loss: 30.109783 |
[2024-01-12 21:13:44,788 | INFO | train_one_epoch] Train epoch 12: [4000/10000 (40.00%)] 	bpp_y_loss: 0.254207 |	bpp_z_loss: 0.005016 |	bpp_loss: 0.259223 |	mse_loss: 0.001227 |	loss: 0.402871 |	psnr_loss: 30.192675 |
[2024-01-12 21:20:55,330 | INFO | train_one_epoch] Train epoch 12: [5000/10000 (50.00%)] 	bpp_y_loss: 0.255343 |	bpp_z_loss: 0.004981 |	bpp_loss: 0.260325 |	mse_loss: 0.001234 |	loss: 0.404753 |	psnr_loss: 30.136345 |
[2024-01-12 21:28:06,414 | INFO | train_one_epoch] Train epoch 12: [6000/10000 (60.00%)] 	bpp_y_loss: 0.252910 |	bpp_z_loss: 0.004983 |	bpp_loss: 0.257894 |	mse_loss: 0.001224 |	loss: 0.401109 |	psnr_loss: 30.304575 |
[2024-01-12 21:35:16,075 | INFO | train_one_epoch] Train epoch 12: [7000/10000 (70.00%)] 	bpp_y_loss: 0.254111 |	bpp_z_loss: 0.005000 |	bpp_loss: 0.259111 |	mse_loss: 0.001256 |	loss: 0.406151 |	psnr_loss: 30.144976 |
[2024-01-12 21:42:28,917 | INFO | train_one_epoch] Train epoch 12: [8000/10000 (80.00%)] 	bpp_y_loss: 0.254388 |	bpp_z_loss: 0.004983 |	bpp_loss: 0.259371 |	mse_loss: 0.001250 |	loss: 0.405693 |	psnr_loss: 30.265347 |
[2024-01-12 21:49:39,369 | INFO | train_one_epoch] Train epoch 12: [9000/10000 (90.00%)] 	bpp_y_loss: 0.255848 |	bpp_z_loss: 0.005000 |	bpp_loss: 0.260848 |	mse_loss: 0.001246 |	loss: 0.406731 |	psnr_loss: 30.155611 |
[2024-01-12 21:56:47,932 | INFO | train_one_epoch] Train epoch 12: [10000/10000 (100.00%)] 	bpp_y_loss: 0.254127 |	bpp_z_loss: 0.005002 |	bpp_loss: 0.259128 |	mse_loss: 0.001204 |	loss: 0.400038 |	psnr_loss: 30.296383 |
[2024-01-12 21:56:51,599 | INFO | test_one_epoch] Testing results for epoch 13 | bpp_y_loss=0.10343 | bpp_z_loss=0.00748 | bpp_loss=0.11091 | mse_loss=0.00239 | loss=0.39065 | psnr_loss=26.85341
[2024-01-12 21:57:05,362 | INFO | train_one_epoch] Learning rate: 5e-05
[2024-01-12 21:57:06,570 | INFO | train_one_epoch] Train epoch 13: [0/10000 (0.00%)] 	bpp_y_loss: 0.260048 |	bpp_z_loss: 0.005166 |	bpp_loss: 0.265214 |	mse_loss: 0.001179 |	loss: 0.403168 |	psnr_loss: 29.286177 |
[2024-01-12 22:04:17,521 | INFO | train_one_epoch] Train epoch 13: [1000/10000 (10.00%)] 	bpp_y_loss: 0.254949 |	bpp_z_loss: 0.004971 |	bpp_loss: 0.259920 |	mse_loss: 0.001187 |	loss: 0.398802 |	psnr_loss: 30.267521 |
[2024-01-12 22:11:27,862 | INFO | train_one_epoch] Train epoch 13: [2000/10000 (20.00%)] 	bpp_y_loss: 0.255951 |	bpp_z_loss: 0.005010 |	bpp_loss: 0.260961 |	mse_loss: 0.001216 |	loss: 0.403331 |	psnr_loss: 30.158154 |
[2024-01-12 22:18:39,463 | INFO | train_one_epoch] Train epoch 13: [3000/10000 (30.00%)] 	bpp_y_loss: 0.256027 |	bpp_z_loss: 0.004986 |	bpp_loss: 0.261013 |	mse_loss: 0.001229 |	loss: 0.404848 |	psnr_loss: 30.101135 |
[2024-01-12 22:25:51,403 | INFO | train_one_epoch] Train epoch 13: [4000/10000 (40.00%)] 	bpp_y_loss: 0.257525 |	bpp_z_loss: 0.004984 |	bpp_loss: 0.262509 |	mse_loss: 0.001292 |	loss: 0.413705 |	psnr_loss: 30.068064 |
[2024-01-12 22:33:01,538 | INFO | train_one_epoch] Train epoch 13: [5000/10000 (50.00%)] 	bpp_y_loss: 0.255146 |	bpp_z_loss: 0.004989 |	bpp_loss: 0.260135 |	mse_loss: 0.001186 |	loss: 0.398981 |	psnr_loss: 30.292885 |
[2024-01-12 22:40:11,938 | INFO | train_one_epoch] Train epoch 13: [6000/10000 (60.00%)] 	bpp_y_loss: 0.255635 |	bpp_z_loss: 0.004975 |	bpp_loss: 0.260610 |	mse_loss: 0.001212 |	loss: 0.402478 |	psnr_loss: 30.260057 |
[2024-01-12 22:47:23,476 | INFO | train_one_epoch] Train epoch 13: [7000/10000 (70.00%)] 	bpp_y_loss: 0.256965 |	bpp_z_loss: 0.005022 |	bpp_loss: 0.261987 |	mse_loss: 0.001301 |	loss: 0.414262 |	psnr_loss: 30.073362 |
[2024-01-12 22:54:34,951 | INFO | train_one_epoch] Train epoch 13: [8000/10000 (80.00%)] 	bpp_y_loss: 0.255950 |	bpp_z_loss: 0.005004 |	bpp_loss: 0.260953 |	mse_loss: 0.001245 |	loss: 0.406665 |	psnr_loss: 30.166750 |
[2024-01-12 23:01:47,684 | INFO | train_one_epoch] Train epoch 13: [9000/10000 (90.00%)] 	bpp_y_loss: 0.255858 |	bpp_z_loss: 0.004980 |	bpp_loss: 0.260838 |	mse_loss: 0.001237 |	loss: 0.405657 |	psnr_loss: 30.232752 |
[2024-01-12 23:08:56,866 | INFO | train_one_epoch] Train epoch 13: [10000/10000 (100.00%)] 	bpp_y_loss: 0.256308 |	bpp_z_loss: 0.005020 |	bpp_loss: 0.261328 |	mse_loss: 0.001236 |	loss: 0.406005 |	psnr_loss: 30.111071 |
[2024-01-12 23:09:00,486 | INFO | test_one_epoch] Testing results for epoch 14 | bpp_y_loss=0.10200 | bpp_z_loss=0.00708 | bpp_loss=0.10908 | mse_loss=0.00226 | loss=0.37382 | psnr_loss=27.12377
[2024-01-12 23:09:28,501 | INFO | train_one_epoch] Learning rate: 5e-05
[2024-01-12 23:09:29,926 | INFO | train_one_epoch] Train epoch 14: [0/10000 (0.00%)] 	bpp_y_loss: 0.229883 |	bpp_z_loss: 0.004592 |	bpp_loss: 0.234475 |	mse_loss: 0.000495 |	loss: 0.292426 |	psnr_loss: 33.052856 |
[2024-01-12 23:16:42,281 | INFO | train_one_epoch] Train epoch 14: [1000/10000 (10.00%)] 	bpp_y_loss: 0.256423 |	bpp_z_loss: 0.004992 |	bpp_loss: 0.261415 |	mse_loss: 0.001240 |	loss: 0.406534 |	psnr_loss: 30.201210 |
[2024-01-12 23:23:52,795 | INFO | train_one_epoch] Train epoch 14: [2000/10000 (20.00%)] 	bpp_y_loss: 0.253480 |	bpp_z_loss: 0.004952 |	bpp_loss: 0.258433 |	mse_loss: 0.001215 |	loss: 0.400673 |	psnr_loss: 30.251999 |
[2024-01-12 23:31:03,727 | INFO | train_one_epoch] Train epoch 14: [3000/10000 (30.00%)] 	bpp_y_loss: 0.256579 |	bpp_z_loss: 0.005014 |	bpp_loss: 0.261593 |	mse_loss: 0.001238 |	loss: 0.406484 |	psnr_loss: 30.090612 |
[2024-01-12 23:38:14,803 | INFO | train_one_epoch] Train epoch 14: [4000/10000 (40.00%)] 	bpp_y_loss: 0.254197 |	bpp_z_loss: 0.004979 |	bpp_loss: 0.259176 |	mse_loss: 0.001187 |	loss: 0.398135 |	psnr_loss: 30.276346 |
[2024-01-12 23:45:23,814 | INFO | train_one_epoch] Train epoch 14: [5000/10000 (50.00%)] 	bpp_y_loss: 0.255362 |	bpp_z_loss: 0.004955 |	bpp_loss: 0.260317 |	mse_loss: 0.001175 |	loss: 0.397791 |	psnr_loss: 30.374424 |
[2024-01-12 23:52:33,326 | INFO | train_one_epoch] Train epoch 14: [6000/10000 (60.00%)] 	bpp_y_loss: 0.254104 |	bpp_z_loss: 0.005001 |	bpp_loss: 0.259105 |	mse_loss: 0.001209 |	loss: 0.400571 |	psnr_loss: 30.297714 |
[2024-01-12 23:59:43,822 | INFO | train_one_epoch] Train epoch 14: [7000/10000 (70.00%)] 	bpp_y_loss: 0.254163 |	bpp_z_loss: 0.004972 |	bpp_loss: 0.259135 |	mse_loss: 0.001162 |	loss: 0.395115 |	psnr_loss: 30.382307 |
[2024-01-13 00:06:54,763 | INFO | train_one_epoch] Train epoch 14: [8000/10000 (80.00%)] 	bpp_y_loss: 0.253172 |	bpp_z_loss: 0.004972 |	bpp_loss: 0.258144 |	mse_loss: 0.001163 |	loss: 0.394248 |	psnr_loss: 30.455437 |
[2024-01-13 00:14:03,632 | INFO | train_one_epoch] Train epoch 14: [9000/10000 (90.00%)] 	bpp_y_loss: 0.256381 |	bpp_z_loss: 0.005032 |	bpp_loss: 0.261414 |	mse_loss: 0.001292 |	loss: 0.412593 |	psnr_loss: 30.089136 |
[2024-01-13 00:21:14,349 | INFO | train_one_epoch] Train epoch 14: [10000/10000 (100.00%)] 	bpp_y_loss: 0.254701 |	bpp_z_loss: 0.004990 |	bpp_loss: 0.259691 |	mse_loss: 0.001178 |	loss: 0.397567 |	psnr_loss: 30.249132 |
[2024-01-13 00:21:18,012 | INFO | test_one_epoch] Testing results for epoch 15 | bpp_y_loss=0.10417 | bpp_z_loss=0.00766 | bpp_loss=0.11183 | mse_loss=0.00225 | loss=0.37486 | psnr_loss=27.14320
[2024-01-13 00:21:31,590 | INFO | train_one_epoch] Learning rate: 5e-05
[2024-01-13 00:21:32,595 | INFO | train_one_epoch] Train epoch 15: [0/10000 (0.00%)] 	bpp_y_loss: 0.260622 |	bpp_z_loss: 0.005749 |	bpp_loss: 0.266372 |	mse_loss: 0.001431 |	loss: 0.433835 |	psnr_loss: 28.444321 |
[2024-01-13 00:28:42,177 | INFO | train_one_epoch] Train epoch 15: [1000/10000 (10.00%)] 	bpp_y_loss: 0.255790 |	bpp_z_loss: 0.005016 |	bpp_loss: 0.260806 |	mse_loss: 0.001222 |	loss: 0.403781 |	psnr_loss: 30.197737 |
[2024-01-13 00:35:53,309 | INFO | train_one_epoch] Train epoch 15: [2000/10000 (20.00%)] 	bpp_y_loss: 0.255391 |	bpp_z_loss: 0.005004 |	bpp_loss: 0.260396 |	mse_loss: 0.001204 |	loss: 0.401270 |	psnr_loss: 30.329739 |
[2024-01-13 00:43:05,036 | INFO | train_one_epoch] Train epoch 15: [3000/10000 (30.00%)] 	bpp_y_loss: 0.255476 |	bpp_z_loss: 0.005004 |	bpp_loss: 0.260481 |	mse_loss: 0.001199 |	loss: 0.400762 |	psnr_loss: 30.206947 |
[2024-01-13 00:50:19,961 | INFO | train_one_epoch] Train epoch 15: [4000/10000 (40.00%)] 	bpp_y_loss: 0.254646 |	bpp_z_loss: 0.005011 |	bpp_loss: 0.259657 |	mse_loss: 0.001162 |	loss: 0.395697 |	psnr_loss: 30.375626 |
[2024-01-13 00:57:33,595 | INFO | train_one_epoch] Train epoch 15: [5000/10000 (50.00%)] 	bpp_y_loss: 0.258070 |	bpp_z_loss: 0.005043 |	bpp_loss: 0.263113 |	mse_loss: 0.001327 |	loss: 0.418388 |	psnr_loss: 29.929707 |
[2024-01-13 01:04:47,823 | INFO | train_one_epoch] Train epoch 15: [6000/10000 (60.00%)] 	bpp_y_loss: 0.255862 |	bpp_z_loss: 0.005000 |	bpp_loss: 0.260862 |	mse_loss: 0.001190 |	loss: 0.400101 |	psnr_loss: 30.285448 |
[2024-01-13 01:11:59,482 | INFO | train_one_epoch] Train epoch 15: [7000/10000 (70.00%)] 	bpp_y_loss: 0.256188 |	bpp_z_loss: 0.005005 |	bpp_loss: 0.261193 |	mse_loss: 0.001220 |	loss: 0.403948 |	psnr_loss: 30.189306 |
[2024-01-13 01:19:11,516 | INFO | train_one_epoch] Train epoch 15: [8000/10000 (80.00%)] 	bpp_y_loss: 0.255609 |	bpp_z_loss: 0.004991 |	bpp_loss: 0.260600 |	mse_loss: 0.001245 |	loss: 0.406378 |	psnr_loss: 30.166817 |
[2024-01-13 01:26:23,359 | INFO | train_one_epoch] Train epoch 15: [9000/10000 (90.00%)] 	bpp_y_loss: 0.256658 |	bpp_z_loss: 0.005016 |	bpp_loss: 0.261674 |	mse_loss: 0.001249 |	loss: 0.407856 |	psnr_loss: 30.203611 |
[2024-01-13 01:33:35,605 | INFO | train_one_epoch] Train epoch 15: [10000/10000 (100.00%)] 	bpp_y_loss: 0.253139 |	bpp_z_loss: 0.004993 |	bpp_loss: 0.258132 |	mse_loss: 0.001128 |	loss: 0.390102 |	psnr_loss: 30.522017 |
[2024-01-13 01:33:39,155 | INFO | test_one_epoch] Testing results for epoch 16 | bpp_y_loss=0.10397 | bpp_z_loss=0.00766 | bpp_loss=0.11163 | mse_loss=0.00224 | loss=0.37424 | psnr_loss=27.16018
[2024-01-13 01:33:52,181 | INFO | train_one_epoch] Learning rate: 5e-05
[2024-01-13 01:33:53,624 | INFO | train_one_epoch] Train epoch 16: [0/10000 (0.00%)] 	bpp_y_loss: 0.263539 |	bpp_z_loss: 0.005952 |	bpp_loss: 0.269491 |	mse_loss: 0.000990 |	loss: 0.385396 |	psnr_loss: 30.042530 |
[2024-01-13 01:41:05,741 | INFO | train_one_epoch] Train epoch 16: [1000/10000 (10.00%)] 	bpp_y_loss: 0.253626 |	bpp_z_loss: 0.004986 |	bpp_loss: 0.258611 |	mse_loss: 0.001180 |	loss: 0.396694 |	psnr_loss: 30.353142 |
[2024-01-13 01:48:17,504 | INFO | train_one_epoch] Train epoch 16: [2000/10000 (20.00%)] 	bpp_y_loss: 0.255297 |	bpp_z_loss: 0.005026 |	bpp_loss: 0.260323 |	mse_loss: 0.001149 |	loss: 0.394796 |	psnr_loss: 30.361658 |
[2024-01-13 01:55:27,519 | INFO | train_one_epoch] Train epoch 16: [3000/10000 (30.00%)] 	bpp_y_loss: 0.255403 |	bpp_z_loss: 0.004998 |	bpp_loss: 0.260400 |	mse_loss: 0.001190 |	loss: 0.399724 |	psnr_loss: 30.316414 |
[2024-01-13 02:02:38,939 | INFO | train_one_epoch] Train epoch 16: [4000/10000 (40.00%)] 	bpp_y_loss: 0.255906 |	bpp_z_loss: 0.004998 |	bpp_loss: 0.260905 |	mse_loss: 0.001207 |	loss: 0.402127 |	psnr_loss: 30.239407 |
[2024-01-13 02:09:49,139 | INFO | train_one_epoch] Train epoch 16: [5000/10000 (50.00%)] 	bpp_y_loss: 0.255782 |	bpp_z_loss: 0.005006 |	bpp_loss: 0.260788 |	mse_loss: 0.001249 |	loss: 0.406968 |	psnr_loss: 30.244976 |
[2024-01-13 02:16:58,652 | INFO | train_one_epoch] Train epoch 16: [6000/10000 (60.00%)] 	bpp_y_loss: 0.254928 |	bpp_z_loss: 0.005036 |	bpp_loss: 0.259964 |	mse_loss: 0.001184 |	loss: 0.398593 |	psnr_loss: 30.355085 |
[2024-01-13 02:24:10,841 | INFO | train_one_epoch] Train epoch 16: [7000/10000 (70.00%)] 	bpp_y_loss: 0.255694 |	bpp_z_loss: 0.005021 |	bpp_loss: 0.260715 |	mse_loss: 0.001234 |	loss: 0.405143 |	psnr_loss: 30.193954 |
[2024-01-13 02:31:23,679 | INFO | train_one_epoch] Train epoch 16: [8000/10000 (80.00%)] 	bpp_y_loss: 0.256044 |	bpp_z_loss: 0.005022 |	bpp_loss: 0.261066 |	mse_loss: 0.001229 |	loss: 0.404968 |	psnr_loss: 30.162455 |
[2024-01-13 02:38:35,975 | INFO | train_one_epoch] Train epoch 16: [9000/10000 (90.00%)] 	bpp_y_loss: 0.258245 |	bpp_z_loss: 0.005056 |	bpp_loss: 0.263301 |	mse_loss: 0.001259 |	loss: 0.410661 |	psnr_loss: 30.144308 |
[2024-01-13 02:45:46,662 | INFO | train_one_epoch] Train epoch 16: [10000/10000 (100.00%)] 	bpp_y_loss: 0.256079 |	bpp_z_loss: 0.005053 |	bpp_loss: 0.261133 |	mse_loss: 0.001203 |	loss: 0.401932 |	psnr_loss: 30.261576 |
[2024-01-13 02:45:50,340 | INFO | test_one_epoch] Testing results for epoch 17 | bpp_y_loss=0.10074 | bpp_z_loss=0.00782 | bpp_loss=0.10856 | mse_loss=0.00225 | loss=0.37162 | psnr_loss=27.13218
[2024-01-13 02:46:18,275 | INFO | train_one_epoch] Learning rate: 5e-05
[2024-01-13 02:46:19,340 | INFO | train_one_epoch] Train epoch 17: [0/10000 (0.00%)] 	bpp_y_loss: 0.247523 |	bpp_z_loss: 0.004559 |	bpp_loss: 0.252082 |	mse_loss: 0.002034 |	loss: 0.490142 |	psnr_loss: 26.916660 |
[2024-01-13 02:53:29,736 | INFO | train_one_epoch] Train epoch 17: [1000/10000 (10.00%)] 	bpp_y_loss: 0.255204 |	bpp_z_loss: 0.005035 |	bpp_loss: 0.260239 |	mse_loss: 0.001205 |	loss: 0.401239 |	psnr_loss: 30.181871 |
[2024-01-13 03:00:41,791 | INFO | train_one_epoch] Train epoch 17: [2000/10000 (20.00%)] 	bpp_y_loss: 0.257023 |	bpp_z_loss: 0.005045 |	bpp_loss: 0.262069 |	mse_loss: 0.001272 |	loss: 0.410970 |	psnr_loss: 30.177834 |
[2024-01-13 03:07:54,944 | INFO | train_one_epoch] Train epoch 17: [3000/10000 (30.00%)] 	bpp_y_loss: 0.257362 |	bpp_z_loss: 0.005065 |	bpp_loss: 0.262426 |	mse_loss: 0.001219 |	loss: 0.405145 |	psnr_loss: 30.252602 |
[2024-01-13 03:15:05,813 | INFO | train_one_epoch] Train epoch 17: [4000/10000 (40.00%)] 	bpp_y_loss: 0.254756 |	bpp_z_loss: 0.005020 |	bpp_loss: 0.259775 |	mse_loss: 0.001194 |	loss: 0.399540 |	psnr_loss: 30.275663 |
[2024-01-13 03:22:19,076 | INFO | train_one_epoch] Train epoch 17: [5000/10000 (50.00%)] 	bpp_y_loss: 0.254830 |	bpp_z_loss: 0.005025 |	bpp_loss: 0.259856 |	mse_loss: 0.001194 |	loss: 0.399590 |	psnr_loss: 30.315626 |
[2024-01-13 03:29:29,315 | INFO | train_one_epoch] Train epoch 17: [6000/10000 (60.00%)] 	bpp_y_loss: 0.256560 |	bpp_z_loss: 0.005060 |	bpp_loss: 0.261620 |	mse_loss: 0.001225 |	loss: 0.405033 |	psnr_loss: 30.253212 |
[2024-01-13 03:36:40,330 | INFO | train_one_epoch] Train epoch 17: [7000/10000 (70.00%)] 	bpp_y_loss: 0.254474 |	bpp_z_loss: 0.005015 |	bpp_loss: 0.259490 |	mse_loss: 0.001200 |	loss: 0.399899 |	psnr_loss: 30.342518 |
[2024-01-13 03:43:51,763 | INFO | train_one_epoch] Train epoch 17: [8000/10000 (80.00%)] 	bpp_y_loss: 0.256280 |	bpp_z_loss: 0.005052 |	bpp_loss: 0.261332 |	mse_loss: 0.001180 |	loss: 0.399409 |	psnr_loss: 30.370846 |
[2024-01-13 03:51:02,588 | INFO | train_one_epoch] Train epoch 17: [9000/10000 (90.00%)] 	bpp_y_loss: 0.253971 |	bpp_z_loss: 0.005032 |	bpp_loss: 0.259003 |	mse_loss: 0.001164 |	loss: 0.395252 |	psnr_loss: 30.431852 |
[2024-01-13 03:58:41,039 | INFO | train_one_epoch] Train epoch 17: [10000/10000 (100.00%)] 	bpp_y_loss: 0.255620 |	bpp_z_loss: 0.005035 |	bpp_loss: 0.260655 |	mse_loss: 0.001197 |	loss: 0.400801 |	psnr_loss: 30.312723 |
[2024-01-13 03:58:45,091 | INFO | test_one_epoch] Testing results for epoch 18 | bpp_y_loss=0.10388 | bpp_z_loss=0.00807 | bpp_loss=0.11194 | mse_loss=0.00217 | loss=0.36607 | psnr_loss=27.29886
[2024-01-13 03:59:12,103 | INFO | train_one_epoch] Learning rate: 5e-05
[2024-01-13 03:59:13,258 | INFO | train_one_epoch] Train epoch 18: [0/10000 (0.00%)] 	bpp_y_loss: 0.258354 |	bpp_z_loss: 0.005368 |	bpp_loss: 0.263722 |	mse_loss: 0.000617 |	loss: 0.335993 |	psnr_loss: 32.093884 |
[2024-01-13 04:07:30,796 | INFO | train_one_epoch] Train epoch 18: [1000/10000 (10.00%)] 	bpp_y_loss: 0.253714 |	bpp_z_loss: 0.005001 |	bpp_loss: 0.258714 |	mse_loss: 0.001122 |	loss: 0.389982 |	psnr_loss: 30.472075 |
[2024-01-13 04:15:52,524 | INFO | train_one_epoch] Train epoch 18: [2000/10000 (20.00%)] 	bpp_y_loss: 0.257133 |	bpp_z_loss: 0.005046 |	bpp_loss: 0.262180 |	mse_loss: 0.001213 |	loss: 0.404198 |	psnr_loss: 30.232224 |
[2024-01-13 04:24:43,477 | INFO | train_one_epoch] Train epoch 18: [3000/10000 (30.00%)] 	bpp_y_loss: 0.256529 |	bpp_z_loss: 0.005010 |	bpp_loss: 0.261539 |	mse_loss: 0.001216 |	loss: 0.403896 |	psnr_loss: 30.234854 |
[2024-01-13 04:33:42,367 | INFO | train_one_epoch] Train epoch 18: [4000/10000 (40.00%)] 	bpp_y_loss: 0.255794 |	bpp_z_loss: 0.004999 |	bpp_loss: 0.260793 |	mse_loss: 0.001199 |	loss: 0.401091 |	psnr_loss: 30.299511 |
[2024-01-13 04:42:48,119 | INFO | train_one_epoch] Train epoch 18: [5000/10000 (50.00%)] 	bpp_y_loss: 0.255490 |	bpp_z_loss: 0.004985 |	bpp_loss: 0.260475 |	mse_loss: 0.001168 |	loss: 0.397204 |	psnr_loss: 30.364939 |
[2024-01-13 04:51:57,790 | INFO | train_one_epoch] Train epoch 18: [6000/10000 (60.00%)] 	bpp_y_loss: 0.253454 |	bpp_z_loss: 0.004958 |	bpp_loss: 0.258413 |	mse_loss: 0.001181 |	loss: 0.396663 |	psnr_loss: 30.494860 |
[2024-01-13 05:01:00,021 | INFO | train_one_epoch] Train epoch 18: [7000/10000 (70.00%)] 	bpp_y_loss: 0.257179 |	bpp_z_loss: 0.005010 |	bpp_loss: 0.262189 |	mse_loss: 0.001198 |	loss: 0.402465 |	psnr_loss: 30.287573 |
[2024-01-13 05:09:47,458 | INFO | train_one_epoch] Train epoch 18: [8000/10000 (80.00%)] 	bpp_y_loss: 0.253253 |	bpp_z_loss: 0.004987 |	bpp_loss: 0.258240 |	mse_loss: 0.001121 |	loss: 0.389437 |	psnr_loss: 30.559204 |
[2024-01-13 05:18:31,630 | INFO | train_one_epoch] Train epoch 18: [9000/10000 (90.00%)] 	bpp_y_loss: 0.252702 |	bpp_z_loss: 0.004977 |	bpp_loss: 0.257679 |	mse_loss: 0.001129 |	loss: 0.389880 |	psnr_loss: 30.515955 |
[2024-01-13 05:25:48,554 | INFO | train_one_epoch] Train epoch 18: [10000/10000 (100.00%)] 	bpp_y_loss: 0.254086 |	bpp_z_loss: 0.004985 |	bpp_loss: 0.259072 |	mse_loss: 0.001165 |	loss: 0.395446 |	psnr_loss: 30.370668 |
[2024-01-13 05:25:52,099 | INFO | test_one_epoch] Testing results for epoch 19 | bpp_y_loss=0.10514 | bpp_z_loss=0.00730 | bpp_loss=0.11244 | mse_loss=0.00215 | loss=0.36407 | psnr_loss=27.34342
[2024-01-13 05:26:19,381 | INFO | train_one_epoch] Learning rate: 5e-05
[2024-01-13 05:26:20,306 | INFO | train_one_epoch] Train epoch 19: [0/10000 (0.00%)] 	bpp_y_loss: 0.278088 |	bpp_z_loss: 0.005070 |	bpp_loss: 0.283157 |	mse_loss: 0.000833 |	loss: 0.380619 |	psnr_loss: 30.795172 |
[2024-01-13 05:34:05,707 | INFO | train_one_epoch] Train epoch 19: [1000/10000 (10.00%)] 	bpp_y_loss: 0.253352 |	bpp_z_loss: 0.004962 |	bpp_loss: 0.258314 |	mse_loss: 0.001199 |	loss: 0.398699 |	psnr_loss: 30.481527 |
[2024-01-13 05:42:40,335 | INFO | train_one_epoch] Train epoch 19: [2000/10000 (20.00%)] 	bpp_y_loss: 0.254835 |	bpp_z_loss: 0.004984 |	bpp_loss: 0.259819 |	mse_loss: 0.001177 |	loss: 0.397592 |	psnr_loss: 30.412443 |
[2024-01-13 05:51:11,757 | INFO | train_one_epoch] Train epoch 19: [3000/10000 (30.00%)] 	bpp_y_loss: 0.255417 |	bpp_z_loss: 0.005015 |	bpp_loss: 0.260432 |	mse_loss: 0.001179 |	loss: 0.398426 |	psnr_loss: 30.355721 |
[2024-01-13 05:59:34,952 | INFO | train_one_epoch] Train epoch 19: [4000/10000 (40.00%)] 	bpp_y_loss: 0.255800 |	bpp_z_loss: 0.005033 |	bpp_loss: 0.260833 |	mse_loss: 0.001188 |	loss: 0.399888 |	psnr_loss: 30.338678 |
[2024-01-13 06:08:03,799 | INFO | train_one_epoch] Train epoch 19: [5000/10000 (50.00%)] 	bpp_y_loss: 0.254077 |	bpp_z_loss: 0.004987 |	bpp_loss: 0.259063 |	mse_loss: 0.001154 |	loss: 0.394169 |	psnr_loss: 30.379322 |
[2024-01-13 06:16:31,313 | INFO | train_one_epoch] Train epoch 19: [6000/10000 (60.00%)] 	bpp_y_loss: 0.256777 |	bpp_z_loss: 0.004992 |	bpp_loss: 0.261769 |	mse_loss: 0.001222 |	loss: 0.404799 |	psnr_loss: 30.258020 |
[2024-01-13 06:24:09,802 | INFO | train_one_epoch] Train epoch 19: [7000/10000 (70.00%)] 	bpp_y_loss: 0.254368 |	bpp_z_loss: 0.004987 |	bpp_loss: 0.259354 |	mse_loss: 0.001150 |	loss: 0.393918 |	psnr_loss: 30.482580 |
[2024-01-13 06:31:46,732 | INFO | train_one_epoch] Train epoch 19: [8000/10000 (80.00%)] 	bpp_y_loss: 0.254921 |	bpp_z_loss: 0.004982 |	bpp_loss: 0.259903 |	mse_loss: 0.001125 |	loss: 0.391636 |	psnr_loss: 30.446455 |
[2024-01-13 06:39:12,983 | INFO | train_one_epoch] Train epoch 19: [9000/10000 (90.00%)] 	bpp_y_loss: 0.257332 |	bpp_z_loss: 0.004973 |	bpp_loss: 0.262305 |	mse_loss: 0.001249 |	loss: 0.408465 |	psnr_loss: 30.178978 |
[2024-01-13 06:46:45,236 | INFO | train_one_epoch] Train epoch 19: [10000/10000 (100.00%)] 	bpp_y_loss: 0.254994 |	bpp_z_loss: 0.004952 |	bpp_loss: 0.259947 |	mse_loss: 0.001190 |	loss: 0.399210 |	psnr_loss: 30.389816 |
[2024-01-13 06:46:48,901 | INFO | test_one_epoch] Testing results for epoch 20 | bpp_y_loss=0.10285 | bpp_z_loss=0.00711 | bpp_loss=0.10996 | mse_loss=0.00215 | loss=0.36136 | psnr_loss=27.34146
[2024-01-13 06:47:16,087 | INFO | train_one_epoch] Learning rate: 5e-05
[2024-01-13 06:47:17,103 | INFO | train_one_epoch] Train epoch 20: [0/10000 (0.00%)] 	bpp_y_loss: 0.286806 |	bpp_z_loss: 0.004597 |	bpp_loss: 0.291403 |	mse_loss: 0.001669 |	loss: 0.486758 |	psnr_loss: 27.775272 |
[2024-01-13 06:54:46,287 | INFO | train_one_epoch] Train epoch 20: [1000/10000 (10.00%)] 	bpp_y_loss: 0.255284 |	bpp_z_loss: 0.004964 |	bpp_loss: 0.260248 |	mse_loss: 0.001114 |	loss: 0.390620 |	psnr_loss: 30.539898 |
[2024-01-13 07:02:17,131 | INFO | train_one_epoch] Train epoch 20: [2000/10000 (20.00%)] 	bpp_y_loss: 0.255643 |	bpp_z_loss: 0.004961 |	bpp_loss: 0.260604 |	mse_loss: 0.001131 |	loss: 0.393009 |	psnr_loss: 30.489359 |
[2024-01-13 07:09:43,566 | INFO | train_one_epoch] Train epoch 20: [3000/10000 (30.00%)] 	bpp_y_loss: 0.256570 |	bpp_z_loss: 0.004937 |	bpp_loss: 0.261507 |	mse_loss: 0.001201 |	loss: 0.402130 |	psnr_loss: 30.376335 |
[2024-01-13 07:17:09,502 | INFO | train_one_epoch] Train epoch 20: [4000/10000 (40.00%)] 	bpp_y_loss: 0.253661 |	bpp_z_loss: 0.004962 |	bpp_loss: 0.258623 |	mse_loss: 0.001082 |	loss: 0.385230 |	psnr_loss: 30.680691 |
[2024-01-13 07:24:40,928 | INFO | train_one_epoch] Train epoch 20: [5000/10000 (50.00%)] 	bpp_y_loss: 0.255916 |	bpp_z_loss: 0.004931 |	bpp_loss: 0.260847 |	mse_loss: 0.001145 |	loss: 0.394837 |	psnr_loss: 30.443394 |
[2024-01-13 07:32:13,312 | INFO | train_one_epoch] Train epoch 20: [6000/10000 (60.00%)] 	bpp_y_loss: 0.253354 |	bpp_z_loss: 0.004920 |	bpp_loss: 0.258274 |	mse_loss: 0.001071 |	loss: 0.383581 |	psnr_loss: 30.658689 |
[2024-01-13 07:39:45,738 | INFO | train_one_epoch] Train epoch 20: [7000/10000 (70.00%)] 	bpp_y_loss: 0.257409 |	bpp_z_loss: 0.004944 |	bpp_loss: 0.262353 |	mse_loss: 0.001220 |	loss: 0.405094 |	psnr_loss: 30.297522 |
[2024-01-13 07:47:21,212 | INFO | train_one_epoch] Train epoch 20: [8000/10000 (80.00%)] 	bpp_y_loss: 0.256467 |	bpp_z_loss: 0.004951 |	bpp_loss: 0.261418 |	mse_loss: 0.001161 |	loss: 0.397259 |	psnr_loss: 30.343798 |
[2024-01-13 07:55:01,816 | INFO | train_one_epoch] Train epoch 20: [9000/10000 (90.00%)] 	bpp_y_loss: 0.256236 |	bpp_z_loss: 0.004929 |	bpp_loss: 0.261166 |	mse_loss: 0.001165 |	loss: 0.397469 |	psnr_loss: 30.377560 |
[2024-01-13 08:02:32,353 | INFO | train_one_epoch] Train epoch 20: [10000/10000 (100.00%)] 	bpp_y_loss: 0.255465 |	bpp_z_loss: 0.004923 |	bpp_loss: 0.260388 |	mse_loss: 0.001142 |	loss: 0.394018 |	psnr_loss: 30.409781 |
[2024-01-13 08:02:36,127 | INFO | test_one_epoch] Testing results for epoch 21 | bpp_y_loss=0.10363 | bpp_z_loss=0.00735 | bpp_loss=0.11098 | mse_loss=0.00214 | loss=0.36201 | psnr_loss=27.33424
[2024-01-13 08:02:55,616 | INFO | train_one_epoch] Learning rate: 5e-05
[2024-01-13 08:02:57,100 | INFO | train_one_epoch] Train epoch 21: [0/10000 (0.00%)] 	bpp_y_loss: 0.290453 |	bpp_z_loss: 0.004704 |	bpp_loss: 0.295158 |	mse_loss: 0.000817 |	loss: 0.390820 |	psnr_loss: 30.876141 |
[2024-01-13 08:10:30,262 | INFO | train_one_epoch] Train epoch 21: [1000/10000 (10.00%)] 	bpp_y_loss: 0.254618 |	bpp_z_loss: 0.004929 |	bpp_loss: 0.259547 |	mse_loss: 0.001144 |	loss: 0.393502 |	psnr_loss: 30.416182 |
