[2024-01-17 09:06:39,396 | INFO | <module>] Args: Namespace(model='bmshj2018_hyperprior', lmbda=0.0932, dataset='vimeo90k', epochs=100, steps_per_epoch=10000, type='mse', steps=1000, adv_steps=10, adv_optimizer='SGD', adv_lr=1000.0, adv_epsilon=0.01, batch_size=8, learning_rate=1e-05, save=True, seed=19260817, clip_max_norm=1.0, checkpoint=None, continue_train=False)
[2024-01-17 09:06:39,396 | INFO | <module>] Lmbda=0.093200000000
[2024-01-17 09:06:39,397 | INFO | <module>] Load weights from /backup1/xyhang/GradAttack/experiments/adversarial-train/baseline/bmshj2018_hyperprior-vimeo90k-0.0932-100x10000/last_epoch.pth.tar
[2024-01-17 09:06:42,484 | INFO | test_one_epoch] Testing results for epoch 0 | bpp_y_loss=1.10893 | bpp_z_loss=0.01746 | bpp_loss=1.12639 | mse_loss=0.00026 | loss=2.71851 | psnr_loss=36.43308
[2024-01-17 09:06:46,561 | INFO | train_one_epoch] Learning rate: 1e-05
[2024-01-17 09:06:47,781 | INFO | train_one_epoch] Train epoch 0: [0/100 (0.00%)] 	bpp_y_loss: 1.031862 |	bpp_z_loss: 0.017284 |	bpp_loss: 1.049146 |	mse_loss: 0.000271 |	loss: 2.688712 |	psnr_loss: 35.677673 |
[2024-01-17 09:06:51,274 | INFO | train_one_epoch] Train epoch 0: [10/100 (10.00%)] 	bpp_y_loss: 1.016117 |	bpp_z_loss: 0.016903 |	bpp_loss: 1.033021 |	mse_loss: 0.000266 |	loss: 2.643412 |	psnr_loss: 35.813049 |
[2024-01-17 09:06:54,788 | INFO | train_one_epoch] Train epoch 0: [20/100 (20.00%)] 	bpp_y_loss: 1.105320 |	bpp_z_loss: 0.017025 |	bpp_loss: 1.122345 |	mse_loss: 0.000326 |	loss: 3.097589 |	psnr_loss: 34.985775 |
[2024-01-17 09:06:58,304 | INFO | train_one_epoch] Train epoch 0: [30/100 (30.00%)] 	bpp_y_loss: 1.095998 |	bpp_z_loss: 0.016707 |	bpp_loss: 1.112705 |	mse_loss: 0.000318 |	loss: 3.042790 |	psnr_loss: 35.026711 |
[2024-01-17 09:07:01,841 | INFO | train_one_epoch] Train epoch 0: [40/100 (40.00%)] 	bpp_y_loss: 1.002942 |	bpp_z_loss: 0.016616 |	bpp_loss: 1.019558 |	mse_loss: 0.000277 |	loss: 2.700422 |	psnr_loss: 35.687771 |
[2024-01-17 09:07:05,330 | INFO | train_one_epoch] Train epoch 0: [50/100 (50.00%)] 	bpp_y_loss: 1.007472 |	bpp_z_loss: 0.016456 |	bpp_loss: 1.023929 |	mse_loss: 0.000278 |	loss: 2.705880 |	psnr_loss: 35.629433 |
[2024-01-17 09:07:08,622 | INFO | train_one_epoch] Train epoch 0: [60/100 (60.00%)] 	bpp_y_loss: 1.047461 |	bpp_z_loss: 0.016801 |	bpp_loss: 1.064262 |	mse_loss: 0.000297 |	loss: 2.865426 |	psnr_loss: 35.322559 |
[2024-01-17 09:07:11,904 | INFO | train_one_epoch] Train epoch 0: [70/100 (70.00%)] 	bpp_y_loss: 1.021701 |	bpp_z_loss: 0.016563 |	bpp_loss: 1.038264 |	mse_loss: 0.000281 |	loss: 2.740809 |	psnr_loss: 35.595409 |
[2024-01-17 09:07:15,318 | INFO | train_one_epoch] Train epoch 0: [80/100 (80.00%)] 	bpp_y_loss: 1.025387 |	bpp_z_loss: 0.016545 |	bpp_loss: 1.041932 |	mse_loss: 0.000291 |	loss: 2.806365 |	psnr_loss: 35.409359 |
[2024-01-17 09:07:18,711 | INFO | train_one_epoch] Train epoch 0: [90/100 (90.00%)] 	bpp_y_loss: 1.001282 |	bpp_z_loss: 0.016625 |	bpp_loss: 1.017907 |	mse_loss: 0.000293 |	loss: 2.795795 |	psnr_loss: 35.385021 |
[2024-01-17 09:07:22,165 | INFO | train_one_epoch] Train epoch 0: [100/100 (100.00%)] 	bpp_y_loss: 1.013764 |	bpp_z_loss: 0.016434 |	bpp_loss: 1.030198 |	mse_loss: 0.000282 |	loss: 2.738704 |	psnr_loss: 35.555187 |
[2024-01-17 09:07:23,112 | INFO | test_one_epoch] Testing results for epoch 1 | bpp_y_loss=1.09307 | bpp_z_loss=0.01741 | bpp_loss=1.11049 | mse_loss=0.00027 | loss=2.72197 | psnr_loss=36.38738
[2024-01-17 09:07:23,114 | INFO | train_one_epoch] Learning rate: 1e-05
[2024-01-17 09:07:24,033 | INFO | train_one_epoch] Train epoch 1: [0/100 (0.00%)] 	bpp_y_loss: 1.022359 |	bpp_z_loss: 0.016720 |	bpp_loss: 1.039079 |	mse_loss: 0.000269 |	loss: 2.668364 |	psnr_loss: 35.704994 |
[2024-01-17 09:07:27,454 | INFO | train_one_epoch] Train epoch 1: [10/100 (10.00%)] 	bpp_y_loss: 0.991715 |	bpp_z_loss: 0.016340 |	bpp_loss: 1.008055 |	mse_loss: 0.000291 |	loss: 2.769246 |	psnr_loss: 35.457218 |
[2024-01-17 09:07:30,880 | INFO | train_one_epoch] Train epoch 1: [20/100 (20.00%)] 	bpp_y_loss: 0.994677 |	bpp_z_loss: 0.016199 |	bpp_loss: 1.010876 |	mse_loss: 0.000288 |	loss: 2.757324 |	psnr_loss: 35.495342 |
[2024-01-17 09:07:34,328 | INFO | train_one_epoch] Train epoch 1: [30/100 (30.00%)] 	bpp_y_loss: 1.013819 |	bpp_z_loss: 0.016685 |	bpp_loss: 1.030504 |	mse_loss: 0.000297 |	loss: 2.830712 |	psnr_loss: 35.305172 |
[2024-01-17 09:07:37,767 | INFO | train_one_epoch] Train epoch 1: [40/100 (40.00%)] 	bpp_y_loss: 0.974012 |	bpp_z_loss: 0.016364 |	bpp_loss: 0.990376 |	mse_loss: 0.000286 |	loss: 2.725761 |	psnr_loss: 35.534317 |
[2024-01-17 09:07:41,146 | INFO | train_one_epoch] Train epoch 1: [50/100 (50.00%)] 	bpp_y_loss: 1.005200 |	bpp_z_loss: 0.016299 |	bpp_loss: 1.021499 |	mse_loss: 0.000289 |	loss: 2.774558 |	psnr_loss: 35.416229 |
[2024-01-17 09:07:44,580 | INFO | train_one_epoch] Train epoch 1: [60/100 (60.00%)] 	bpp_y_loss: 0.995078 |	bpp_z_loss: 0.016283 |	bpp_loss: 1.011361 |	mse_loss: 0.000293 |	loss: 2.784183 |	psnr_loss: 35.387798 |
[2024-01-17 09:07:48,010 | INFO | train_one_epoch] Train epoch 1: [70/100 (70.00%)] 	bpp_y_loss: 0.991535 |	bpp_z_loss: 0.016238 |	bpp_loss: 1.007773 |	mse_loss: 0.000293 |	loss: 2.784019 |	psnr_loss: 35.487328 |
[2024-01-17 09:07:51,434 | INFO | train_one_epoch] Train epoch 1: [80/100 (80.00%)] 	bpp_y_loss: 1.023486 |	bpp_z_loss: 0.016463 |	bpp_loss: 1.039949 |	mse_loss: 0.000300 |	loss: 2.855121 |	psnr_loss: 35.353119 |
[2024-01-17 09:07:54,826 | INFO | train_one_epoch] Train epoch 1: [90/100 (90.00%)] 	bpp_y_loss: 0.965463 |	bpp_z_loss: 0.016281 |	bpp_loss: 0.981743 |	mse_loss: 0.000267 |	loss: 2.600817 |	psnr_loss: 35.810791 |
[2024-01-17 09:07:58,234 | INFO | train_one_epoch] Train epoch 1: [100/100 (100.00%)] 	bpp_y_loss: 0.984676 |	bpp_z_loss: 0.016352 |	bpp_loss: 1.001028 |	mse_loss: 0.000293 |	loss: 2.778508 |	psnr_loss: 35.422340 |
[2024-01-17 09:07:59,157 | INFO | test_one_epoch] Testing results for epoch 2 | bpp_y_loss=1.08292 | bpp_z_loss=0.01745 | bpp_loss=1.10037 | mse_loss=0.00027 | loss=2.71629 | psnr_loss=36.37199
[2024-01-17 09:07:59,158 | INFO | train_one_epoch] Learning rate: 1e-05
[2024-01-17 09:08:00,123 | INFO | train_one_epoch] Train epoch 2: [0/100 (0.00%)] 	bpp_y_loss: 0.895544 |	bpp_z_loss: 0.015733 |	bpp_loss: 0.911277 |	mse_loss: 0.000241 |	loss: 2.373295 |	psnr_loss: 36.175434 |
[2024-01-17 09:08:03,670 | INFO | train_one_epoch] Train epoch 2: [10/100 (10.00%)] 	bpp_y_loss: 0.978646 |	bpp_z_loss: 0.016180 |	bpp_loss: 0.994826 |	mse_loss: 0.000284 |	loss: 2.713366 |	psnr_loss: 35.551403 |
[2024-01-17 09:08:07,130 | INFO | train_one_epoch] Train epoch 2: [20/100 (20.00%)] 	bpp_y_loss: 0.951623 |	bpp_z_loss: 0.016111 |	bpp_loss: 0.967734 |	mse_loss: 0.000262 |	loss: 2.557030 |	psnr_loss: 35.946926 |
[2024-01-17 09:08:10,583 | INFO | train_one_epoch] Train epoch 2: [30/100 (30.00%)] 	bpp_y_loss: 0.988891 |	bpp_z_loss: 0.016170 |	bpp_loss: 1.005061 |	mse_loss: 0.000268 |	loss: 2.630702 |	psnr_loss: 35.764988 |
[2024-01-17 09:08:14,030 | INFO | train_one_epoch] Train epoch 2: [40/100 (40.00%)] 	bpp_y_loss: 0.976694 |	bpp_z_loss: 0.015874 |	bpp_loss: 0.992568 |	mse_loss: 0.000274 |	loss: 2.651104 |	psnr_loss: 35.697296 |
[2024-01-17 09:08:17,478 | INFO | train_one_epoch] Train epoch 2: [50/100 (50.00%)] 	bpp_y_loss: 0.993864 |	bpp_z_loss: 0.016200 |	bpp_loss: 1.010064 |	mse_loss: 0.000305 |	loss: 2.861357 |	psnr_loss: 35.212517 |
[2024-01-17 09:08:20,904 | INFO | train_one_epoch] Train epoch 2: [60/100 (60.00%)] 	bpp_y_loss: 1.012288 |	bpp_z_loss: 0.016091 |	bpp_loss: 1.028379 |	mse_loss: 0.000305 |	loss: 2.874441 |	psnr_loss: 35.203751 |
[2024-01-17 09:08:24,314 | INFO | train_one_epoch] Train epoch 2: [70/100 (70.00%)] 	bpp_y_loss: 0.979344 |	bpp_z_loss: 0.016257 |	bpp_loss: 0.995601 |	mse_loss: 0.000288 |	loss: 2.744004 |	psnr_loss: 35.442513 |
[2024-01-17 09:08:27,738 | INFO | train_one_epoch] Train epoch 2: [80/100 (80.00%)] 	bpp_y_loss: 0.938439 |	bpp_z_loss: 0.016136 |	bpp_loss: 0.954575 |	mse_loss: 0.000273 |	loss: 2.612010 |	psnr_loss: 35.671650 |
[2024-01-17 09:08:31,173 | INFO | train_one_epoch] Train epoch 2: [90/100 (90.00%)] 	bpp_y_loss: 0.997532 |	bpp_z_loss: 0.016180 |	bpp_loss: 1.013712 |	mse_loss: 0.000278 |	loss: 2.696827 |	psnr_loss: 35.606014 |
[2024-01-17 09:08:34,605 | INFO | train_one_epoch] Train epoch 2: [100/100 (100.00%)] 	bpp_y_loss: 1.001304 |	bpp_z_loss: 0.016324 |	bpp_loss: 1.017627 |	mse_loss: 0.000309 |	loss: 2.889929 |	psnr_loss: 35.184151 |
[2024-01-17 09:08:35,591 | INFO | test_one_epoch] Testing results for epoch 3 | bpp_y_loss=1.07715 | bpp_z_loss=0.01739 | bpp_loss=1.09454 | mse_loss=0.00027 | loss=2.71806 | psnr_loss=36.35374
[2024-01-17 09:08:35,592 | INFO | train_one_epoch] Learning rate: 1e-05
[2024-01-17 09:08:36,522 | INFO | train_one_epoch] Train epoch 3: [0/100 (0.00%)] 	bpp_y_loss: 1.230866 |	bpp_z_loss: 0.017798 |	bpp_loss: 1.248665 |	mse_loss: 0.000446 |	loss: 3.952802 |	psnr_loss: 33.504673 |
[2024-01-17 09:08:40,031 | INFO | train_one_epoch] Train epoch 3: [10/100 (10.00%)] 	bpp_y_loss: 0.993638 |	bpp_z_loss: 0.016114 |	bpp_loss: 1.009751 |	mse_loss: 0.000286 |	loss: 2.745237 |	psnr_loss: 35.474464 |
[2024-01-17 09:08:43,477 | INFO | train_one_epoch] Train epoch 3: [20/100 (20.00%)] 	bpp_y_loss: 1.032271 |	bpp_z_loss: 0.016322 |	bpp_loss: 1.048593 |	mse_loss: 0.000301 |	loss: 2.872833 |	psnr_loss: 35.299709 |
[2024-01-17 09:08:46,989 | INFO | train_one_epoch] Train epoch 3: [30/100 (30.00%)] 	bpp_y_loss: 0.980831 |	bpp_z_loss: 0.016257 |	bpp_loss: 0.997088 |	mse_loss: 0.000289 |	loss: 2.745836 |	psnr_loss: 35.420532 |
[2024-01-17 09:08:50,479 | INFO | train_one_epoch] Train epoch 3: [40/100 (40.00%)] 	bpp_y_loss: 0.986243 |	bpp_z_loss: 0.016315 |	bpp_loss: 1.002558 |	mse_loss: 0.000295 |	loss: 2.787362 |	psnr_loss: 35.391376 |
[2024-01-17 09:08:53,961 | INFO | train_one_epoch] Train epoch 3: [50/100 (50.00%)] 	bpp_y_loss: 0.985279 |	bpp_z_loss: 0.016275 |	bpp_loss: 1.001553 |	mse_loss: 0.000281 |	loss: 2.702313 |	psnr_loss: 35.567085 |
[2024-01-17 09:08:57,421 | INFO | train_one_epoch] Train epoch 3: [60/100 (60.00%)] 	bpp_y_loss: 0.977805 |	bpp_z_loss: 0.016165 |	bpp_loss: 0.993970 |	mse_loss: 0.000290 |	loss: 2.753132 |	psnr_loss: 35.408844 |
[2024-01-17 09:09:00,881 | INFO | train_one_epoch] Train epoch 3: [70/100 (70.00%)] 	bpp_y_loss: 0.937071 |	bpp_z_loss: 0.015973 |	bpp_loss: 0.953044 |	mse_loss: 0.000257 |	loss: 2.513371 |	psnr_loss: 35.957478 |
[2024-01-17 09:09:04,348 | INFO | train_one_epoch] Train epoch 3: [80/100 (80.00%)] 	bpp_y_loss: 0.989638 |	bpp_z_loss: 0.016269 |	bpp_loss: 1.005907 |	mse_loss: 0.000299 |	loss: 2.815822 |	psnr_loss: 35.314400 |
[2024-01-17 09:09:07,841 | INFO | train_one_epoch] Train epoch 3: [90/100 (90.00%)] 	bpp_y_loss: 0.993853 |	bpp_z_loss: 0.016266 |	bpp_loss: 1.010119 |	mse_loss: 0.000292 |	loss: 2.780510 |	psnr_loss: 35.445904 |
[2024-01-17 09:09:11,296 | INFO | train_one_epoch] Train epoch 3: [100/100 (100.00%)] 	bpp_y_loss: 0.929891 |	bpp_z_loss: 0.016130 |	bpp_loss: 0.946022 |	mse_loss: 0.000257 |	loss: 2.502200 |	psnr_loss: 35.946815 |
[2024-01-17 09:09:12,194 | INFO | test_one_epoch] Testing results for epoch 4 | bpp_y_loss=1.07396 | bpp_z_loss=0.01743 | bpp_loss=1.09140 | mse_loss=0.00027 | loss=2.71438 | psnr_loss=36.35376
[2024-01-17 09:09:12,195 | INFO | train_one_epoch] Learning rate: 1e-05
[2024-01-17 09:09:13,145 | INFO | train_one_epoch] Train epoch 4: [0/100 (0.00%)] 	bpp_y_loss: 0.943736 |	bpp_z_loss: 0.015617 |	bpp_loss: 0.959353 |	mse_loss: 0.000260 |	loss: 2.532031 |	psnr_loss: 35.858570 |
[2024-01-17 09:09:16,652 | INFO | train_one_epoch] Train epoch 4: [10/100 (10.00%)] 	bpp_y_loss: 0.980333 |	bpp_z_loss: 0.016446 |	bpp_loss: 0.996779 |	mse_loss: 0.000304 |	loss: 2.838131 |	psnr_loss: 35.228088 |
[2024-01-17 09:09:20,211 | INFO | train_one_epoch] Train epoch 4: [20/100 (20.00%)] 	bpp_y_loss: 0.992168 |	bpp_z_loss: 0.016236 |	bpp_loss: 1.008404 |	mse_loss: 0.000295 |	loss: 2.796981 |	psnr_loss: 35.311188 |
[2024-01-17 09:09:23,690 | INFO | train_one_epoch] Train epoch 4: [30/100 (30.00%)] 	bpp_y_loss: 0.979745 |	bpp_z_loss: 0.016078 |	bpp_loss: 0.995823 |	mse_loss: 0.000283 |	loss: 2.710297 |	psnr_loss: 35.522228 |
[2024-01-17 09:09:27,163 | INFO | train_one_epoch] Train epoch 4: [40/100 (40.00%)] 	bpp_y_loss: 0.964891 |	bpp_z_loss: 0.016036 |	bpp_loss: 0.980927 |	mse_loss: 0.000281 |	loss: 2.682165 |	psnr_loss: 35.580105 |
[2024-01-17 09:09:30,689 | INFO | train_one_epoch] Train epoch 4: [50/100 (50.00%)] 	bpp_y_loss: 0.989158 |	bpp_z_loss: 0.016230 |	bpp_loss: 1.005388 |	mse_loss: 0.000293 |	loss: 2.779341 |	psnr_loss: 35.409252 |
[2024-01-17 09:09:34,188 | INFO | train_one_epoch] Train epoch 4: [60/100 (60.00%)] 	bpp_y_loss: 0.985578 |	bpp_z_loss: 0.016139 |	bpp_loss: 1.001716 |	mse_loss: 0.000301 |	loss: 2.825196 |	psnr_loss: 35.286873 |
[2024-01-17 09:09:37,641 | INFO | train_one_epoch] Train epoch 4: [70/100 (70.00%)] 	bpp_y_loss: 1.002215 |	bpp_z_loss: 0.016373 |	bpp_loss: 1.018588 |	mse_loss: 0.000300 |	loss: 2.836503 |	psnr_loss: 35.304314 |
[2024-01-17 09:09:41,104 | INFO | train_one_epoch] Train epoch 4: [80/100 (80.00%)] 	bpp_y_loss: 0.983837 |	bpp_z_loss: 0.016003 |	bpp_loss: 0.999840 |	mse_loss: 0.000287 |	loss: 2.736685 |	psnr_loss: 35.491608 |
[2024-01-17 09:09:44,594 | INFO | train_one_epoch] Train epoch 4: [90/100 (90.00%)] 	bpp_y_loss: 1.042523 |	bpp_z_loss: 0.016543 |	bpp_loss: 1.059066 |	mse_loss: 0.000311 |	loss: 2.943576 |	psnr_loss: 35.140720 |
[2024-01-17 09:09:48,088 | INFO | train_one_epoch] Train epoch 4: [100/100 (100.00%)] 	bpp_y_loss: 0.920044 |	bpp_z_loss: 0.015934 |	bpp_loss: 0.935978 |	mse_loss: 0.000258 |	loss: 2.498162 |	psnr_loss: 35.952797 |
[2024-01-17 09:09:48,998 | INFO | test_one_epoch] Testing results for epoch 5 | bpp_y_loss=1.07329 | bpp_z_loss=0.01737 | bpp_loss=1.09066 | mse_loss=0.00027 | loss=2.71631 | psnr_loss=36.34671
[2024-01-17 09:09:49,000 | INFO | train_one_epoch] Learning rate: 1e-05
[2024-01-17 09:09:49,951 | INFO | train_one_epoch] Train epoch 5: [0/100 (0.00%)] 	bpp_y_loss: 0.886062 |	bpp_z_loss: 0.015630 |	bpp_loss: 0.901693 |	mse_loss: 0.000235 |	loss: 2.327044 |	psnr_loss: 36.285748 |
[2024-01-17 09:09:53,392 | INFO | train_one_epoch] Train epoch 5: [10/100 (10.00%)] 	bpp_y_loss: 0.966551 |	bpp_z_loss: 0.016089 |	bpp_loss: 0.982640 |	mse_loss: 0.000290 |	loss: 2.741341 |	psnr_loss: 35.463276 |
[2024-01-17 09:09:56,849 | INFO | train_one_epoch] Train epoch 5: [20/100 (20.00%)] 	bpp_y_loss: 0.954101 |	bpp_z_loss: 0.016145 |	bpp_loss: 0.970246 |	mse_loss: 0.000292 |	loss: 2.737673 |	psnr_loss: 35.463814 |
[2024-01-17 09:10:00,257 | INFO | train_one_epoch] Train epoch 5: [30/100 (30.00%)] 	bpp_y_loss: 0.985880 |	bpp_z_loss: 0.016301 |	bpp_loss: 1.002180 |	mse_loss: 0.000305 |	loss: 2.851621 |	psnr_loss: 35.208065 |
[2024-01-17 09:10:03,732 | INFO | train_one_epoch] Train epoch 5: [40/100 (40.00%)] 	bpp_y_loss: 0.950112 |	bpp_z_loss: 0.015990 |	bpp_loss: 0.966102 |	mse_loss: 0.000270 |	loss: 2.601492 |	psnr_loss: 35.797531 |
[2024-01-17 09:10:07,187 | INFO | train_one_epoch] Train epoch 5: [50/100 (50.00%)] 	bpp_y_loss: 0.971901 |	bpp_z_loss: 0.016246 |	bpp_loss: 0.988147 |	mse_loss: 0.000289 |	loss: 2.740329 |	psnr_loss: 35.465599 |
[2024-01-17 09:10:10,620 | INFO | train_one_epoch] Train epoch 5: [60/100 (60.00%)] 	bpp_y_loss: 1.017759 |	bpp_z_loss: 0.016371 |	bpp_loss: 1.034130 |	mse_loss: 0.000300 |	loss: 2.852067 |	psnr_loss: 35.272869 |
[2024-01-17 09:10:14,054 | INFO | train_one_epoch] Train epoch 5: [70/100 (70.00%)] 	bpp_y_loss: 0.987846 |	bpp_z_loss: 0.016281 |	bpp_loss: 1.004128 |	mse_loss: 0.000296 |	loss: 2.798023 |	psnr_loss: 35.343422 |
[2024-01-17 09:10:17,504 | INFO | train_one_epoch] Train epoch 5: [80/100 (80.00%)] 	bpp_y_loss: 1.007773 |	bpp_z_loss: 0.016233 |	bpp_loss: 1.024005 |	mse_loss: 0.000302 |	loss: 2.852811 |	psnr_loss: 35.301777 |
[2024-01-17 09:10:20,923 | INFO | train_one_epoch] Train epoch 5: [90/100 (90.00%)] 	bpp_y_loss: 0.991865 |	bpp_z_loss: 0.016272 |	bpp_loss: 1.008136 |	mse_loss: 0.000292 |	loss: 2.778721 |	psnr_loss: 35.383854 |
[2024-01-17 09:10:24,356 | INFO | train_one_epoch] Train epoch 5: [100/100 (100.00%)] 	bpp_y_loss: 0.956035 |	bpp_z_loss: 0.015790 |	bpp_loss: 0.971824 |	mse_loss: 0.000261 |	loss: 2.552504 |	psnr_loss: 35.870705 |
[2024-01-17 09:10:25,257 | INFO | test_one_epoch] Testing results for epoch 6 | bpp_y_loss=1.06963 | bpp_z_loss=0.01743 | bpp_loss=1.08706 | mse_loss=0.00027 | loss=2.71087 | psnr_loss=36.34763
[2024-01-17 09:10:25,259 | INFO | train_one_epoch] Learning rate: 1e-05
[2024-01-17 09:10:26,161 | INFO | train_one_epoch] Train epoch 6: [0/100 (0.00%)] 	bpp_y_loss: 0.877485 |	bpp_z_loss: 0.016019 |	bpp_loss: 0.893504 |	mse_loss: 0.000239 |	loss: 2.341267 |	psnr_loss: 36.217987 |
[2024-01-17 09:10:29,615 | INFO | train_one_epoch] Train epoch 6: [10/100 (10.00%)] 	bpp_y_loss: 0.980689 |	bpp_z_loss: 0.016405 |	bpp_loss: 0.997094 |	mse_loss: 0.000296 |	loss: 2.791407 |	psnr_loss: 35.325905 |
[2024-01-17 09:10:32,962 | INFO | train_one_epoch] Train epoch 6: [20/100 (20.00%)] 	bpp_y_loss: 0.996274 |	bpp_z_loss: 0.016240 |	bpp_loss: 1.012514 |	mse_loss: 0.000299 |	loss: 2.825266 |	psnr_loss: 35.308853 |
[2024-01-17 09:10:36,322 | INFO | train_one_epoch] Train epoch 6: [30/100 (30.00%)] 	bpp_y_loss: 0.943923 |	bpp_z_loss: 0.016059 |	bpp_loss: 0.959983 |	mse_loss: 0.000276 |	loss: 2.633834 |	psnr_loss: 35.624462 |
[2024-01-17 09:10:39,767 | INFO | train_one_epoch] Train epoch 6: [40/100 (40.00%)] 	bpp_y_loss: 0.967662 |	bpp_z_loss: 0.016178 |	bpp_loss: 0.983840 |	mse_loss: 0.000279 |	loss: 2.677336 |	psnr_loss: 35.629829 |
[2024-01-17 09:10:43,212 | INFO | train_one_epoch] Train epoch 6: [50/100 (50.00%)] 	bpp_y_loss: 0.964147 |	bpp_z_loss: 0.016094 |	bpp_loss: 0.980241 |	mse_loss: 0.000281 |	loss: 2.682467 |	psnr_loss: 35.561298 |
[2024-01-17 09:10:46,674 | INFO | train_one_epoch] Train epoch 6: [60/100 (60.00%)] 	bpp_y_loss: 0.963424 |	bpp_z_loss: 0.016063 |	bpp_loss: 0.979488 |	mse_loss: 0.000279 |	loss: 2.670659 |	psnr_loss: 35.594093 |
[2024-01-17 09:10:50,070 | INFO | train_one_epoch] Train epoch 6: [70/100 (70.00%)] 	bpp_y_loss: 0.940437 |	bpp_z_loss: 0.016082 |	bpp_loss: 0.956519 |	mse_loss: 0.000272 |	loss: 2.607006 |	psnr_loss: 35.730648 |
[2024-01-17 09:10:53,513 | INFO | train_one_epoch] Train epoch 6: [80/100 (80.00%)] 	bpp_y_loss: 0.941548 |	bpp_z_loss: 0.015914 |	bpp_loss: 0.957462 |	mse_loss: 0.000261 |	loss: 2.538834 |	psnr_loss: 35.873375 |
[2024-01-17 09:10:56,942 | INFO | train_one_epoch] Train epoch 6: [90/100 (90.00%)] 	bpp_y_loss: 0.955152 |	bpp_z_loss: 0.016090 |	bpp_loss: 0.971242 |	mse_loss: 0.000275 |	loss: 2.638886 |	psnr_loss: 35.640739 |
[2024-01-17 09:11:00,384 | INFO | train_one_epoch] Train epoch 6: [100/100 (100.00%)] 	bpp_y_loss: 0.924022 |	bpp_z_loss: 0.015937 |	bpp_loss: 0.939959 |	mse_loss: 0.000259 |	loss: 2.506570 |	psnr_loss: 35.911411 |
[2024-01-17 09:11:01,314 | INFO | test_one_epoch] Testing results for epoch 7 | bpp_y_loss=1.06876 | bpp_z_loss=0.01738 | bpp_loss=1.08614 | mse_loss=0.00027 | loss=2.71279 | psnr_loss=36.33949
[2024-01-17 09:11:01,315 | INFO | train_one_epoch] Learning rate: 1e-05
[2024-01-17 09:11:02,244 | INFO | train_one_epoch] Train epoch 7: [0/100 (0.00%)] 	bpp_y_loss: 1.085676 |	bpp_z_loss: 0.017574 |	bpp_loss: 1.103250 |	mse_loss: 0.000351 |	loss: 3.229187 |	psnr_loss: 34.549461 |
[2024-01-17 09:11:05,697 | INFO | train_one_epoch] Train epoch 7: [10/100 (10.00%)] 	bpp_y_loss: 1.030255 |	bpp_z_loss: 0.016363 |	bpp_loss: 1.046619 |	mse_loss: 0.000335 |	loss: 3.074178 |	psnr_loss: 34.828484 |
[2024-01-17 09:11:09,116 | INFO | train_one_epoch] Train epoch 7: [20/100 (20.00%)] 	bpp_y_loss: 0.946624 |	bpp_z_loss: 0.015977 |	bpp_loss: 0.962601 |	mse_loss: 0.000282 |	loss: 2.674161 |	psnr_loss: 35.560650 |
[2024-01-17 09:11:12,564 | INFO | train_one_epoch] Train epoch 7: [30/100 (30.00%)] 	bpp_y_loss: 0.930803 |	bpp_z_loss: 0.015945 |	bpp_loss: 0.946748 |	mse_loss: 0.000261 |	loss: 2.529720 |	psnr_loss: 35.882778 |
[2024-01-17 09:11:15,972 | INFO | train_one_epoch] Train epoch 7: [40/100 (40.00%)] 	bpp_y_loss: 0.984612 |	bpp_z_loss: 0.016178 |	bpp_loss: 1.000790 |	mse_loss: 0.000297 |	loss: 2.800011 |	psnr_loss: 35.341579 |
[2024-01-17 09:11:19,428 | INFO | train_one_epoch] Train epoch 7: [50/100 (50.00%)] 	bpp_y_loss: 0.961942 |	bpp_z_loss: 0.016032 |	bpp_loss: 0.977974 |	mse_loss: 0.000292 |	loss: 2.746740 |	psnr_loss: 35.397175 |
[2024-01-17 09:11:22,836 | INFO | train_one_epoch] Train epoch 7: [60/100 (60.00%)] 	bpp_y_loss: 0.989999 |	bpp_z_loss: 0.016099 |	bpp_loss: 1.006097 |	mse_loss: 0.000292 |	loss: 2.776356 |	psnr_loss: 35.435711 |
[2024-01-17 09:11:26,225 | INFO | train_one_epoch] Train epoch 7: [70/100 (70.00%)] 	bpp_y_loss: 0.962885 |	bpp_z_loss: 0.016038 |	bpp_loss: 0.978923 |	mse_loss: 0.000290 |	loss: 2.738073 |	psnr_loss: 35.408413 |
[2024-01-17 09:11:29,699 | INFO | train_one_epoch] Train epoch 7: [80/100 (80.00%)] 	bpp_y_loss: 1.002690 |	bpp_z_loss: 0.016213 |	bpp_loss: 1.018903 |	mse_loss: 0.000311 |	loss: 2.905064 |	psnr_loss: 35.168697 |
[2024-01-17 09:11:33,089 | INFO | train_one_epoch] Train epoch 7: [90/100 (90.00%)] 	bpp_y_loss: 1.047743 |	bpp_z_loss: 0.016319 |	bpp_loss: 1.064062 |	mse_loss: 0.000324 |	loss: 3.028144 |	psnr_loss: 34.947247 |
[2024-01-17 09:11:36,475 | INFO | train_one_epoch] Train epoch 7: [100/100 (100.00%)] 	bpp_y_loss: 0.973235 |	bpp_z_loss: 0.016067 |	bpp_loss: 0.989303 |	mse_loss: 0.000291 |	loss: 2.754330 |	psnr_loss: 35.458565 |
[2024-01-17 09:11:37,381 | INFO | test_one_epoch] Testing results for epoch 8 | bpp_y_loss=1.06798 | bpp_z_loss=0.01732 | bpp_loss=1.08530 | mse_loss=0.00027 | loss=2.71233 | psnr_loss=36.33701
[2024-01-17 09:11:37,382 | INFO | train_one_epoch] Learning rate: 1e-05
[2024-01-17 09:11:38,338 | INFO | train_one_epoch] Train epoch 8: [0/100 (0.00%)] 	bpp_y_loss: 1.045974 |	bpp_z_loss: 0.016715 |	bpp_loss: 1.062690 |	mse_loss: 0.000322 |	loss: 3.014165 |	psnr_loss: 34.921333 |
[2024-01-17 09:11:41,742 | INFO | train_one_epoch] Train epoch 8: [10/100 (10.00%)] 	bpp_y_loss: 1.005797 |	bpp_z_loss: 0.016235 |	bpp_loss: 1.022032 |	mse_loss: 0.000314 |	loss: 2.925503 |	psnr_loss: 35.130775 |
[2024-01-17 09:11:45,156 | INFO | train_one_epoch] Train epoch 8: [20/100 (20.00%)] 	bpp_y_loss: 0.990320 |	bpp_z_loss: 0.016145 |	bpp_loss: 1.006465 |	mse_loss: 0.000314 |	loss: 2.911524 |	psnr_loss: 35.050442 |
[2024-01-17 09:11:48,566 | INFO | train_one_epoch] Train epoch 8: [30/100 (30.00%)] 	bpp_y_loss: 0.977436 |	bpp_z_loss: 0.016274 |	bpp_loss: 0.993710 |	mse_loss: 0.000289 |	loss: 2.746392 |	psnr_loss: 35.449162 |
[2024-01-17 09:11:51,971 | INFO | train_one_epoch] Train epoch 8: [40/100 (40.00%)] 	bpp_y_loss: 0.969741 |	bpp_z_loss: 0.016061 |	bpp_loss: 0.985803 |	mse_loss: 0.000279 |	loss: 2.676887 |	psnr_loss: 35.603825 |
[2024-01-17 09:11:55,377 | INFO | train_one_epoch] Train epoch 8: [50/100 (50.00%)] 	bpp_y_loss: 0.967707 |	bpp_z_loss: 0.016062 |	bpp_loss: 0.983769 |	mse_loss: 0.000288 |	loss: 2.727700 |	psnr_loss: 35.569393 |
[2024-01-17 09:11:58,800 | INFO | train_one_epoch] Train epoch 8: [60/100 (60.00%)] 	bpp_y_loss: 0.933103 |	bpp_z_loss: 0.015893 |	bpp_loss: 0.948996 |	mse_loss: 0.000263 |	loss: 2.545745 |	psnr_loss: 35.840893 |
[2024-01-17 09:12:02,213 | INFO | train_one_epoch] Train epoch 8: [70/100 (70.00%)] 	bpp_y_loss: 0.990327 |	bpp_z_loss: 0.016239 |	bpp_loss: 1.006566 |	mse_loss: 0.000289 |	loss: 2.758486 |	psnr_loss: 35.462452 |
[2024-01-17 09:12:05,657 | INFO | train_one_epoch] Train epoch 8: [80/100 (80.00%)] 	bpp_y_loss: 0.975791 |	bpp_z_loss: 0.016209 |	bpp_loss: 0.992000 |	mse_loss: 0.000300 |	loss: 2.809497 |	psnr_loss: 35.318008 |
[2024-01-17 09:12:09,097 | INFO | train_one_epoch] Train epoch 8: [90/100 (90.00%)] 	bpp_y_loss: 1.024475 |	bpp_z_loss: 0.016114 |	bpp_loss: 1.040590 |	mse_loss: 0.000300 |	loss: 2.856107 |	psnr_loss: 35.293350 |
[2024-01-17 09:12:12,502 | INFO | train_one_epoch] Train epoch 8: [100/100 (100.00%)] 	bpp_y_loss: 0.955743 |	bpp_z_loss: 0.016042 |	bpp_loss: 0.971785 |	mse_loss: 0.000271 |	loss: 2.615729 |	psnr_loss: 35.687462 |
[2024-01-17 09:12:13,433 | INFO | test_one_epoch] Testing results for epoch 9 | bpp_y_loss=1.06831 | bpp_z_loss=0.01735 | bpp_loss=1.08566 | mse_loss=0.00027 | loss=2.70985 | psnr_loss=36.34644
[2024-01-17 09:12:13,435 | INFO | train_one_epoch] Learning rate: 1e-05
[2024-01-17 09:12:14,323 | INFO | train_one_epoch] Train epoch 9: [0/100 (0.00%)] 	bpp_y_loss: 0.870599 |	bpp_z_loss: 0.015247 |	bpp_loss: 0.885847 |	mse_loss: 0.000233 |	loss: 2.295429 |	psnr_loss: 36.334061 |
[2024-01-17 09:12:17,734 | INFO | train_one_epoch] Train epoch 9: [10/100 (10.00%)] 	bpp_y_loss: 0.954876 |	bpp_z_loss: 0.016058 |	bpp_loss: 0.970934 |	mse_loss: 0.000265 |	loss: 2.576483 |	psnr_loss: 35.805618 |
[2024-01-17 09:12:21,150 | INFO | train_one_epoch] Train epoch 9: [20/100 (20.00%)] 	bpp_y_loss: 0.980605 |	bpp_z_loss: 0.016200 |	bpp_loss: 0.996804 |	mse_loss: 0.000297 |	loss: 2.796966 |	psnr_loss: 35.312832 |
[2024-01-17 09:12:24,591 | INFO | train_one_epoch] Train epoch 9: [30/100 (30.00%)] 	bpp_y_loss: 0.968459 |	bpp_z_loss: 0.016145 |	bpp_loss: 0.984603 |	mse_loss: 0.000294 |	loss: 2.769011 |	psnr_loss: 35.359810 |
[2024-01-17 09:12:27,986 | INFO | train_one_epoch] Train epoch 9: [40/100 (40.00%)] 	bpp_y_loss: 0.973537 |	bpp_z_loss: 0.016137 |	bpp_loss: 0.989674 |	mse_loss: 0.000296 |	loss: 2.781646 |	psnr_loss: 35.324169 |
[2024-01-17 09:12:31,415 | INFO | train_one_epoch] Train epoch 9: [50/100 (50.00%)] 	bpp_y_loss: 0.953975 |	bpp_z_loss: 0.015975 |	bpp_loss: 0.969951 |	mse_loss: 0.000285 |	loss: 2.696711 |	psnr_loss: 35.552380 |
[2024-01-17 09:12:34,870 | INFO | train_one_epoch] Train epoch 9: [60/100 (60.00%)] 	bpp_y_loss: 0.952854 |	bpp_z_loss: 0.015889 |	bpp_loss: 0.968743 |	mse_loss: 0.000284 |	loss: 2.687126 |	psnr_loss: 35.528286 |
[2024-01-17 09:12:38,289 | INFO | train_one_epoch] Train epoch 9: [70/100 (70.00%)] 	bpp_y_loss: 0.939441 |	bpp_z_loss: 0.016119 |	bpp_loss: 0.955560 |	mse_loss: 0.000283 |	loss: 2.671593 |	psnr_loss: 35.559364 |
[2024-01-17 09:12:41,727 | INFO | train_one_epoch] Train epoch 9: [80/100 (80.00%)] 	bpp_y_loss: 0.952824 |	bpp_z_loss: 0.015829 |	bpp_loss: 0.968653 |	mse_loss: 0.000269 |	loss: 2.596907 |	psnr_loss: 35.745583 |
[2024-01-17 09:12:45,131 | INFO | train_one_epoch] Train epoch 9: [90/100 (90.00%)] 	bpp_y_loss: 0.918225 |	bpp_z_loss: 0.015950 |	bpp_loss: 0.934174 |	mse_loss: 0.000252 |	loss: 2.460308 |	psnr_loss: 36.051155 |
[2024-01-17 09:12:48,446 | INFO | train_one_epoch] Train epoch 9: [100/100 (100.00%)] 	bpp_y_loss: 0.977369 |	bpp_z_loss: 0.016001 |	bpp_loss: 0.993371 |	mse_loss: 0.000319 |	loss: 2.925589 |	psnr_loss: 35.073277 |
[2024-01-17 09:12:49,312 | INFO | test_one_epoch] Testing results for epoch 10 | bpp_y_loss=1.06572 | bpp_z_loss=0.01730 | bpp_loss=1.08302 | mse_loss=0.00027 | loss=2.71493 | psnr_loss=36.32212
