[2024-01-01 06:15:18,200 | INFO | <module>] Args: Namespace(model='bmshj2018_factorized', parameter_set=6, epsilon=0.01, adv_steps=100, batch_size=8, epochs=100, steps_per_epoch=100, learning_rate=0.0001, save=True, seed=19260817, clip_max_norm=-1.0, checkpoint=None, type='mse', lr_epoch=[5], continue_train=False)
[2024-01-01 06:15:18,200 | INFO | train_one_epoch] Learning rate: 0.0001
[2024-01-01 06:15:39,900 | INFO | train_one_epoch] Train epoch 0: [0/100 (0.00%)] 	bpp_y_loss: 0.973782 |	bpp_z_loss: 0.000000 |	bpp_loss: 0.973782 |	mse_loss: 0.000400 |	loss: 0.000710 |	psnr_loss: 33.978889 |
[2024-01-01 06:17:33,349 | INFO | train_one_epoch] Train epoch 0: [10/100 (10.00%)] 	bpp_y_loss: 0.771421 |	bpp_z_loss: 0.000000 |	bpp_loss: 0.771421 |	mse_loss: 0.000320 |	loss: 0.000566 |	psnr_loss: 34.944225 |
[2024-01-01 06:19:26,802 | INFO | train_one_epoch] Train epoch 0: [20/100 (20.00%)] 	bpp_y_loss: 0.789482 |	bpp_z_loss: 0.000000 |	bpp_loss: 0.789482 |	mse_loss: 0.000396 |	loss: 0.000647 |	psnr_loss: 34.027340 |
[2024-01-01 06:21:20,248 | INFO | train_one_epoch] Train epoch 0: [30/100 (30.00%)] 	bpp_y_loss: 0.783696 |	bpp_z_loss: 0.000000 |	bpp_loss: 0.783696 |	mse_loss: 0.000363 |	loss: 0.000613 |	psnr_loss: 34.397888 |
[2024-01-01 06:23:13,670 | INFO | train_one_epoch] Train epoch 0: [40/100 (40.00%)] 	bpp_y_loss: 0.750664 |	bpp_z_loss: 0.000000 |	bpp_loss: 0.750664 |	mse_loss: 0.000295 |	loss: 0.000535 |	psnr_loss: 35.294556 |
[2024-01-01 06:25:07,115 | INFO | train_one_epoch] Train epoch 0: [50/100 (50.00%)] 	bpp_y_loss: 0.754584 |	bpp_z_loss: 0.000000 |	bpp_loss: 0.754584 |	mse_loss: 0.000292 |	loss: 0.000532 |	psnr_loss: 35.352345 |
[2024-01-01 06:27:00,599 | INFO | train_one_epoch] Train epoch 0: [60/100 (60.00%)] 	bpp_y_loss: 0.870424 |	bpp_z_loss: 0.000000 |	bpp_loss: 0.870424 |	mse_loss: 0.000412 |	loss: 0.000689 |	psnr_loss: 33.847862 |
[2024-01-01 06:28:54,035 | INFO | train_one_epoch] Train epoch 0: [70/100 (70.00%)] 	bpp_y_loss: 0.759161 |	bpp_z_loss: 0.000000 |	bpp_loss: 0.759161 |	mse_loss: 0.000326 |	loss: 0.000567 |	psnr_loss: 34.873711 |
[2024-01-01 06:30:47,483 | INFO | train_one_epoch] Train epoch 0: [80/100 (80.00%)] 	bpp_y_loss: 0.987407 |	bpp_z_loss: 0.000000 |	bpp_loss: 0.987407 |	mse_loss: 0.000448 |	loss: 0.000763 |	psnr_loss: 33.482838 |
[2024-01-01 06:32:40,909 | INFO | train_one_epoch] Train epoch 0: [90/100 (90.00%)] 	bpp_y_loss: 0.865732 |	bpp_z_loss: 0.000000 |	bpp_loss: 0.865732 |	mse_loss: 0.000378 |	loss: 0.000654 |	psnr_loss: 34.225231 |
[2024-01-01 06:34:34,333 | INFO | train_one_epoch] Train epoch 0: [100/100 (100.00%)] 	bpp_y_loss: 0.635431 |	bpp_z_loss: 0.000000 |	bpp_loss: 0.635431 |	mse_loss: 0.000250 |	loss: 0.000452 |	psnr_loss: 36.028439 |
[2024-01-01 07:13:53,582 | INFO | <module>] Args: Namespace(model='bmshj2018_factorized', parameter_set=6, epsilon=0.01, adv_steps=100, batch_size=8, epochs=100, steps_per_epoch=100, learning_rate=0.0001, save=True, seed=19260817, clip_max_norm=-1.0, checkpoint=None, type='mse', lr_epoch=[5], continue_train=False)
[2024-01-01 07:13:53,582 | INFO | train_one_epoch] Learning rate: 0.0001
[2024-01-01 07:14:15,221 | INFO | train_one_epoch] Train epoch 0: [0/100 (0.00%)] 	bpp_y_loss: 0.973778 |	bpp_z_loss: 0.000000 |	bpp_loss: 0.973778 |	mse_loss: 0.000400 |	loss: 0.000710 |	psnr_loss: 33.978851 |
[2024-01-01 07:16:08,471 | INFO | train_one_epoch] Train epoch 0: [10/100 (10.00%)] 	bpp_y_loss: 0.771259 |	bpp_z_loss: 0.000000 |	bpp_loss: 0.771259 |	mse_loss: 0.000320 |	loss: 0.000566 |	psnr_loss: 34.943588 |
[2024-01-01 07:18:51,200 | INFO | <module>] Args: Namespace(model='bmshj2018_factorized', parameter_set=6, epsilon=0.01, adv_steps=100, batch_size=8, epochs=100, steps_per_epoch=100, learning_rate=0.0001, save=True, seed=19260817, clip_max_norm=-1.0, checkpoint=None, type='mse', lr_epoch=[5], continue_train=False)
[2024-01-01 07:18:51,201 | INFO | train_one_epoch] Learning rate: 0.0001
[2024-01-01 07:19:13,883 | INFO | train_one_epoch] Train epoch 0: [0/100 (0.00%)] 	bpp_y_loss: 0.973774 |	bpp_z_loss: 0.000000 |	bpp_loss: 0.973774 |	mse_loss: 0.000400 |	loss: 0.000710 |	psnr_loss: 33.978840 |
[2024-01-01 07:21:07,203 | INFO | train_one_epoch] Train epoch 0: [10/100 (10.00%)] 	bpp_y_loss: 0.827886 |	bpp_z_loss: 0.000000 |	bpp_loss: 0.827886 |	mse_loss: 0.000388 |	loss: 0.000651 |	psnr_loss: 34.154781 |
[2024-01-01 07:23:00,518 | INFO | train_one_epoch] Train epoch 0: [20/100 (20.00%)] 	bpp_y_loss: 0.783282 |	bpp_z_loss: 0.000000 |	bpp_loss: 0.783282 |	mse_loss: 0.000352 |	loss: 0.000601 |	psnr_loss: 34.589424 |
[2024-01-01 07:24:53,838 | INFO | train_one_epoch] Train epoch 0: [30/100 (30.00%)] 	bpp_y_loss: 0.792726 |	bpp_z_loss: 0.000000 |	bpp_loss: 0.792726 |	mse_loss: 0.000342 |	loss: 0.000594 |	psnr_loss: 34.680599 |
[2024-01-01 07:26:47,138 | INFO | train_one_epoch] Train epoch 0: [40/100 (40.00%)] 	bpp_y_loss: 0.805624 |	bpp_z_loss: 0.000000 |	bpp_loss: 0.805624 |	mse_loss: 0.000339 |	loss: 0.000595 |	psnr_loss: 34.770550 |
[2024-01-01 07:28:40,541 | INFO | train_one_epoch] Train epoch 0: [50/100 (50.00%)] 	bpp_y_loss: 0.781522 |	bpp_z_loss: 0.000000 |	bpp_loss: 0.781522 |	mse_loss: 0.000328 |	loss: 0.000577 |	psnr_loss: 34.874924 |
[2024-01-01 07:29:54,773 | INFO | <module>] Args: Namespace(model='bmshj2018_factorized', parameter_set=6, epsilon=0.01, adv_steps=100, batch_size=8, epochs=100, steps_per_epoch=100, learning_rate=0.0001, save=True, seed=19260817, clip_max_norm=-1.0, checkpoint=None, type='mse', lr_epoch=[5], continue_train=False)
[2024-01-01 07:29:54,773 | INFO | <module>] Lmbda=0.000318399596
[2024-01-01 07:29:54,773 | INFO | train_one_epoch] Learning rate: 0.0001
[2024-01-01 07:30:06,065 | INFO | train_one_epoch] Train epoch 0: [0/100 (0.00%)] 	bpp_y_loss: 0.973828 |	bpp_z_loss: 0.000000 |	bpp_loss: 0.973828 |	mse_loss: 0.000400 |	loss: 0.000710 |	psnr_loss: 33.978855 |
[2024-01-01 07:30:58,183 | INFO | train_one_epoch] Train epoch 0: [10/100 (10.00%)] 	bpp_y_loss: 0.827944 |	bpp_z_loss: 0.000000 |	bpp_loss: 0.827944 |	mse_loss: 0.000388 |	loss: 0.000651 |	psnr_loss: 34.155575 |
[2024-01-01 07:31:50,979 | INFO | train_one_epoch] Train epoch 0: [20/100 (20.00%)] 	bpp_y_loss: 0.783394 |	bpp_z_loss: 0.000000 |	bpp_loss: 0.783394 |	mse_loss: 0.000351 |	loss: 0.000601 |	psnr_loss: 34.589958 |
[2024-01-01 07:32:43,479 | INFO | train_one_epoch] Train epoch 0: [30/100 (30.00%)] 	bpp_y_loss: 0.792818 |	bpp_z_loss: 0.000000 |	bpp_loss: 0.792818 |	mse_loss: 0.000342 |	loss: 0.000594 |	psnr_loss: 34.680790 |
[2024-01-01 07:33:35,862 | INFO | train_one_epoch] Train epoch 0: [40/100 (40.00%)] 	bpp_y_loss: 0.805565 |	bpp_z_loss: 0.000000 |	bpp_loss: 0.805565 |	mse_loss: 0.000339 |	loss: 0.000595 |	psnr_loss: 34.770802 |
[2024-01-01 07:34:28,159 | INFO | train_one_epoch] Train epoch 0: [50/100 (50.00%)] 	bpp_y_loss: 0.781561 |	bpp_z_loss: 0.000000 |	bpp_loss: 0.781561 |	mse_loss: 0.000328 |	loss: 0.000577 |	psnr_loss: 34.875065 |
[2024-01-01 07:35:20,448 | INFO | train_one_epoch] Train epoch 0: [60/100 (60.00%)] 	bpp_y_loss: 0.795284 |	bpp_z_loss: 0.000000 |	bpp_loss: 0.795284 |	mse_loss: 0.000347 |	loss: 0.000600 |	psnr_loss: 34.636322 |
[2024-01-01 07:36:12,750 | INFO | train_one_epoch] Train epoch 0: [70/100 (70.00%)] 	bpp_y_loss: 0.731896 |	bpp_z_loss: 0.000000 |	bpp_loss: 0.731896 |	mse_loss: 0.000304 |	loss: 0.000537 |	psnr_loss: 35.214901 |
[2024-01-01 07:37:05,074 | INFO | train_one_epoch] Train epoch 0: [80/100 (80.00%)] 	bpp_y_loss: 0.778232 |	bpp_z_loss: 0.000000 |	bpp_loss: 0.778232 |	mse_loss: 0.000334 |	loss: 0.000582 |	psnr_loss: 34.866314 |
[2024-01-01 07:37:57,357 | INFO | train_one_epoch] Train epoch 0: [90/100 (90.00%)] 	bpp_y_loss: 0.846364 |	bpp_z_loss: 0.000000 |	bpp_loss: 0.846364 |	mse_loss: 0.000394 |	loss: 0.000664 |	psnr_loss: 34.105377 |
[2024-01-01 07:38:49,749 | INFO | train_one_epoch] Train epoch 0: [100/100 (100.00%)] 	bpp_y_loss: 0.787955 |	bpp_z_loss: 0.000000 |	bpp_loss: 0.787955 |	mse_loss: 0.000345 |	loss: 0.000596 |	psnr_loss: 34.686260 |
[2024-01-01 07:39:52,218 | INFO | test_adversarial] Testing results for epoch 1 [ADVERSARIAL] | bpp_y_loss=1.20107 | bpp_z_loss=0.00000 | bpp_loss=1.20107 | mse_loss=0.00064 | loss=0.00102 | psnr_loss=32.22298
[2024-01-01 07:39:52,752 | INFO | test_one_epoch] Testing results for epoch 1 | bpp_y_loss=1.04389 | bpp_z_loss=0.00000 | bpp_loss=1.04389 | mse_loss=0.00034 | loss=0.00068 | psnr_loss=35.13763
[2024-01-01 07:39:53,233 | INFO | train_one_epoch] Learning rate: 0.0001
[2024-01-01 07:39:58,529 | INFO | train_one_epoch] Train epoch 1: [0/100 (0.00%)] 	bpp_y_loss: 0.696355 |	bpp_z_loss: 0.000000 |	bpp_loss: 0.696355 |	mse_loss: 0.000285 |	loss: 0.000507 |	psnr_loss: 35.452377 |
[2024-01-01 07:40:50,816 | INFO | train_one_epoch] Train epoch 1: [10/100 (10.00%)] 	bpp_y_loss: 0.747179 |	bpp_z_loss: 0.000000 |	bpp_loss: 0.747179 |	mse_loss: 0.000316 |	loss: 0.000554 |	psnr_loss: 35.044044 |
[2024-01-01 07:41:43,108 | INFO | train_one_epoch] Train epoch 1: [20/100 (20.00%)] 	bpp_y_loss: 0.741755 |	bpp_z_loss: 0.000000 |	bpp_loss: 0.741755 |	mse_loss: 0.000316 |	loss: 0.000552 |	psnr_loss: 35.090977 |
[2024-01-01 07:42:35,473 | INFO | train_one_epoch] Train epoch 1: [30/100 (30.00%)] 	bpp_y_loss: 0.771083 |	bpp_z_loss: 0.000000 |	bpp_loss: 0.771083 |	mse_loss: 0.000337 |	loss: 0.000582 |	psnr_loss: 34.794643 |
[2024-01-01 07:43:27,734 | INFO | train_one_epoch] Train epoch 1: [40/100 (40.00%)] 	bpp_y_loss: 0.814060 |	bpp_z_loss: 0.000000 |	bpp_loss: 0.814060 |	mse_loss: 0.000359 |	loss: 0.000618 |	psnr_loss: 34.496731 |
[2024-01-01 07:44:19,995 | INFO | train_one_epoch] Train epoch 1: [50/100 (50.00%)] 	bpp_y_loss: 0.784882 |	bpp_z_loss: 0.000000 |	bpp_loss: 0.784882 |	mse_loss: 0.000343 |	loss: 0.000593 |	psnr_loss: 34.692181 |
[2024-01-01 07:45:12,259 | INFO | train_one_epoch] Train epoch 1: [60/100 (60.00%)] 	bpp_y_loss: 0.697972 |	bpp_z_loss: 0.000000 |	bpp_loss: 0.697972 |	mse_loss: 0.000301 |	loss: 0.000523 |	psnr_loss: 35.266911 |
[2024-01-01 07:46:04,667 | INFO | train_one_epoch] Train epoch 1: [70/100 (70.00%)] 	bpp_y_loss: 0.691722 |	bpp_z_loss: 0.000000 |	bpp_loss: 0.691722 |	mse_loss: 0.000295 |	loss: 0.000515 |	psnr_loss: 35.321720 |
[2024-01-01 07:46:56,956 | INFO | train_one_epoch] Train epoch 1: [80/100 (80.00%)] 	bpp_y_loss: 0.764910 |	bpp_z_loss: 0.000000 |	bpp_loss: 0.764910 |	mse_loss: 0.000320 |	loss: 0.000563 |	psnr_loss: 34.989567 |
[2024-01-01 07:47:49,247 | INFO | train_one_epoch] Train epoch 1: [90/100 (90.00%)] 	bpp_y_loss: 0.762767 |	bpp_z_loss: 0.000000 |	bpp_loss: 0.762767 |	mse_loss: 0.000341 |	loss: 0.000584 |	psnr_loss: 34.715591 |
[2024-01-01 07:48:41,550 | INFO | train_one_epoch] Train epoch 1: [100/100 (100.00%)] 	bpp_y_loss: 0.755994 |	bpp_z_loss: 0.000000 |	bpp_loss: 0.755994 |	mse_loss: 0.000344 |	loss: 0.000585 |	psnr_loss: 34.707333 |
[2024-01-01 07:49:43,973 | INFO | test_adversarial] Testing results for epoch 2 [ADVERSARIAL] | bpp_y_loss=1.19695 | bpp_z_loss=0.00000 | bpp_loss=1.19695 | mse_loss=0.00064 | loss=0.00102 | psnr_loss=32.18161
[2024-01-01 07:49:44,519 | INFO | test_one_epoch] Testing results for epoch 2 | bpp_y_loss=1.04167 | bpp_z_loss=0.00000 | bpp_loss=1.04167 | mse_loss=0.00035 | loss=0.00068 | psnr_loss=35.05474
[2024-01-01 07:49:44,988 | INFO | train_one_epoch] Learning rate: 0.0001
[2024-01-01 07:49:50,297 | INFO | train_one_epoch] Train epoch 2: [0/100 (0.00%)] 	bpp_y_loss: 0.885921 |	bpp_z_loss: 0.000000 |	bpp_loss: 0.885921 |	mse_loss: 0.000389 |	loss: 0.000671 |	psnr_loss: 34.099091 |
[2024-01-01 07:50:42,552 | INFO | train_one_epoch] Train epoch 2: [10/100 (10.00%)] 	bpp_y_loss: 0.777833 |	bpp_z_loss: 0.000000 |	bpp_loss: 0.777833 |	mse_loss: 0.000354 |	loss: 0.000602 |	psnr_loss: 34.556969 |
[2024-01-01 07:51:34,832 | INFO | train_one_epoch] Train epoch 2: [20/100 (20.00%)] 	bpp_y_loss: 0.736279 |	bpp_z_loss: 0.000000 |	bpp_loss: 0.736279 |	mse_loss: 0.000321 |	loss: 0.000555 |	psnr_loss: 34.979389 |
[2024-01-01 07:52:27,104 | INFO | train_one_epoch] Train epoch 2: [30/100 (30.00%)] 	bpp_y_loss: 0.707879 |	bpp_z_loss: 0.000000 |	bpp_loss: 0.707879 |	mse_loss: 0.000300 |	loss: 0.000525 |	psnr_loss: 35.255928 |
[2024-01-01 07:53:19,450 | INFO | train_one_epoch] Train epoch 2: [40/100 (40.00%)] 	bpp_y_loss: 0.761735 |	bpp_z_loss: 0.000000 |	bpp_loss: 0.761735 |	mse_loss: 0.000323 |	loss: 0.000566 |	psnr_loss: 34.954754 |
[2024-01-01 07:54:11,729 | INFO | train_one_epoch] Train epoch 2: [50/100 (50.00%)] 	bpp_y_loss: 0.750917 |	bpp_z_loss: 0.000000 |	bpp_loss: 0.750917 |	mse_loss: 0.000337 |	loss: 0.000576 |	psnr_loss: 34.860073 |
[2024-01-01 07:55:04,173 | INFO | train_one_epoch] Train epoch 2: [60/100 (60.00%)] 	bpp_y_loss: 0.770953 |	bpp_z_loss: 0.000000 |	bpp_loss: 0.770953 |	mse_loss: 0.000352 |	loss: 0.000598 |	psnr_loss: 34.668606 |
[2024-01-01 07:55:56,843 | INFO | train_one_epoch] Train epoch 2: [70/100 (70.00%)] 	bpp_y_loss: 0.776426 |	bpp_z_loss: 0.000000 |	bpp_loss: 0.776426 |	mse_loss: 0.000339 |	loss: 0.000587 |	psnr_loss: 34.740330 |
[2024-01-01 07:56:49,151 | INFO | train_one_epoch] Train epoch 2: [80/100 (80.00%)] 	bpp_y_loss: 0.779234 |	bpp_z_loss: 0.000000 |	bpp_loss: 0.779234 |	mse_loss: 0.000330 |	loss: 0.000579 |	psnr_loss: 34.892857 |
[2024-01-01 07:57:41,421 | INFO | train_one_epoch] Train epoch 2: [90/100 (90.00%)] 	bpp_y_loss: 0.746940 |	bpp_z_loss: 0.000000 |	bpp_loss: 0.746940 |	mse_loss: 0.000333 |	loss: 0.000571 |	psnr_loss: 34.871746 |
[2024-01-01 07:58:33,897 | INFO | train_one_epoch] Train epoch 2: [100/100 (100.00%)] 	bpp_y_loss: 0.769951 |	bpp_z_loss: 0.000000 |	bpp_loss: 0.769951 |	mse_loss: 0.000333 |	loss: 0.000579 |	psnr_loss: 34.815990 |
[2024-01-01 07:59:36,434 | INFO | test_adversarial] Testing results for epoch 3 [ADVERSARIAL] | bpp_y_loss=1.19822 | bpp_z_loss=0.00000 | bpp_loss=1.19822 | mse_loss=0.00064 | loss=0.00102 | psnr_loss=32.20704
[2024-01-01 07:59:36,975 | INFO | test_one_epoch] Testing results for epoch 3 | bpp_y_loss=1.04213 | bpp_z_loss=0.00000 | bpp_loss=1.04213 | mse_loss=0.00035 | loss=0.00068 | psnr_loss=35.11243
[2024-01-01 07:59:37,398 | INFO | train_one_epoch] Learning rate: 0.0001
[2024-01-01 07:59:42,706 | INFO | train_one_epoch] Train epoch 3: [0/100 (0.00%)] 	bpp_y_loss: 0.668889 |	bpp_z_loss: 0.000000 |	bpp_loss: 0.668889 |	mse_loss: 0.000302 |	loss: 0.000515 |	psnr_loss: 35.203606 |
[2024-01-01 08:00:35,389 | INFO | train_one_epoch] Train epoch 3: [10/100 (10.00%)] 	bpp_y_loss: 0.816172 |	bpp_z_loss: 0.000000 |	bpp_loss: 0.816172 |	mse_loss: 0.000367 |	loss: 0.000627 |	psnr_loss: 34.396759 |
[2024-01-01 08:01:27,673 | INFO | train_one_epoch] Train epoch 3: [20/100 (20.00%)] 	bpp_y_loss: 0.763770 |	bpp_z_loss: 0.000000 |	bpp_loss: 0.763770 |	mse_loss: 0.000351 |	loss: 0.000595 |	psnr_loss: 34.594025 |
[2024-01-01 08:02:20,052 | INFO | train_one_epoch] Train epoch 3: [30/100 (30.00%)] 	bpp_y_loss: 0.806096 |	bpp_z_loss: 0.000000 |	bpp_loss: 0.806096 |	mse_loss: 0.000373 |	loss: 0.000630 |	psnr_loss: 34.313007 |
[2024-01-01 08:03:12,331 | INFO | train_one_epoch] Train epoch 3: [40/100 (40.00%)] 	bpp_y_loss: 0.739695 |	bpp_z_loss: 0.000000 |	bpp_loss: 0.739695 |	mse_loss: 0.000347 |	loss: 0.000582 |	psnr_loss: 34.713501 |
[2024-01-01 08:04:04,603 | INFO | train_one_epoch] Train epoch 3: [50/100 (50.00%)] 	bpp_y_loss: 0.827749 |	bpp_z_loss: 0.000000 |	bpp_loss: 0.827749 |	mse_loss: 0.000360 |	loss: 0.000623 |	psnr_loss: 34.474056 |
[2024-01-01 08:04:56,872 | INFO | train_one_epoch] Train epoch 3: [60/100 (60.00%)] 	bpp_y_loss: 0.730452 |	bpp_z_loss: 0.000000 |	bpp_loss: 0.730452 |	mse_loss: 0.000325 |	loss: 0.000558 |	psnr_loss: 34.921017 |
[2024-01-01 08:05:49,241 | INFO | train_one_epoch] Train epoch 3: [70/100 (70.00%)] 	bpp_y_loss: 0.768164 |	bpp_z_loss: 0.000000 |	bpp_loss: 0.768164 |	mse_loss: 0.000328 |	loss: 0.000573 |	psnr_loss: 34.858166 |
[2024-01-01 08:06:41,649 | INFO | train_one_epoch] Train epoch 3: [80/100 (80.00%)] 	bpp_y_loss: 0.715578 |	bpp_z_loss: 0.000000 |	bpp_loss: 0.715578 |	mse_loss: 0.000296 |	loss: 0.000524 |	psnr_loss: 35.301228 |
[2024-01-01 08:07:33,948 | INFO | train_one_epoch] Train epoch 3: [90/100 (90.00%)] 	bpp_y_loss: 0.774718 |	bpp_z_loss: 0.000000 |	bpp_loss: 0.774718 |	mse_loss: 0.000352 |	loss: 0.000598 |	psnr_loss: 34.571636 |
[2024-01-01 08:08:26,317 | INFO | train_one_epoch] Train epoch 3: [100/100 (100.00%)] 	bpp_y_loss: 0.769566 |	bpp_z_loss: 0.000000 |	bpp_loss: 0.769566 |	mse_loss: 0.000339 |	loss: 0.000584 |	psnr_loss: 34.740486 |
[2024-01-01 08:09:28,891 | INFO | test_adversarial] Testing results for epoch 4 [ADVERSARIAL] | bpp_y_loss=1.19537 | bpp_z_loss=0.00000 | bpp_loss=1.19537 | mse_loss=0.00064 | loss=0.00102 | psnr_loss=32.20175
[2024-01-01 08:09:29,493 | INFO | test_one_epoch] Testing results for epoch 4 | bpp_y_loss=1.04031 | bpp_z_loss=0.00000 | bpp_loss=1.04031 | mse_loss=0.00035 | loss=0.00068 | psnr_loss=35.08286
[2024-01-01 08:09:29,915 | INFO | train_one_epoch] Learning rate: 0.0001
[2024-01-01 08:09:35,234 | INFO | train_one_epoch] Train epoch 4: [0/100 (0.00%)] 	bpp_y_loss: 0.761206 |	bpp_z_loss: 0.000000 |	bpp_loss: 0.761206 |	mse_loss: 0.000322 |	loss: 0.000564 |	psnr_loss: 34.920712 |
[2024-01-01 08:10:27,554 | INFO | train_one_epoch] Train epoch 4: [10/100 (10.00%)] 	bpp_y_loss: 0.752623 |	bpp_z_loss: 0.000000 |	bpp_loss: 0.752623 |	mse_loss: 0.000347 |	loss: 0.000587 |	psnr_loss: 34.664406 |
[2024-01-01 08:11:19,880 | INFO | train_one_epoch] Train epoch 4: [20/100 (20.00%)] 	bpp_y_loss: 0.747786 |	bpp_z_loss: 0.000000 |	bpp_loss: 0.747786 |	mse_loss: 0.000319 |	loss: 0.000557 |	psnr_loss: 34.980251 |
[2024-01-01 08:12:12,213 | INFO | train_one_epoch] Train epoch 4: [30/100 (30.00%)] 	bpp_y_loss: 0.788762 |	bpp_z_loss: 0.000000 |	bpp_loss: 0.788762 |	mse_loss: 0.000364 |	loss: 0.000615 |	psnr_loss: 34.438801 |
[2024-01-01 08:13:04,705 | INFO | train_one_epoch] Train epoch 4: [40/100 (40.00%)] 	bpp_y_loss: 0.729210 |	bpp_z_loss: 0.000000 |	bpp_loss: 0.729210 |	mse_loss: 0.000311 |	loss: 0.000543 |	psnr_loss: 35.089886 |
[2024-01-01 08:13:57,010 | INFO | train_one_epoch] Train epoch 4: [50/100 (50.00%)] 	bpp_y_loss: 0.771036 |	bpp_z_loss: 0.000000 |	bpp_loss: 0.771036 |	mse_loss: 0.000342 |	loss: 0.000587 |	psnr_loss: 34.700352 |
[2024-01-01 08:14:49,533 | INFO | train_one_epoch] Train epoch 4: [60/100 (60.00%)] 	bpp_y_loss: 0.761084 |	bpp_z_loss: 0.000000 |	bpp_loss: 0.761084 |	mse_loss: 0.000335 |	loss: 0.000577 |	psnr_loss: 34.799480 |
[2024-01-01 08:15:41,841 | INFO | train_one_epoch] Train epoch 4: [70/100 (70.00%)] 	bpp_y_loss: 0.748596 |	bpp_z_loss: 0.000000 |	bpp_loss: 0.748596 |	mse_loss: 0.000330 |	loss: 0.000569 |	psnr_loss: 34.827953 |
[2024-01-01 08:16:34,137 | INFO | train_one_epoch] Train epoch 4: [80/100 (80.00%)] 	bpp_y_loss: 0.772799 |	bpp_z_loss: 0.000000 |	bpp_loss: 0.772799 |	mse_loss: 0.000345 |	loss: 0.000591 |	psnr_loss: 34.638805 |
[2024-01-01 08:17:26,462 | INFO | train_one_epoch] Train epoch 4: [90/100 (90.00%)] 	bpp_y_loss: 0.795146 |	bpp_z_loss: 0.000000 |	bpp_loss: 0.795146 |	mse_loss: 0.000378 |	loss: 0.000631 |	psnr_loss: 34.280369 |
[2024-01-01 08:18:18,842 | INFO | train_one_epoch] Train epoch 4: [100/100 (100.00%)] 	bpp_y_loss: 0.729097 |	bpp_z_loss: 0.000000 |	bpp_loss: 0.729097 |	mse_loss: 0.000330 |	loss: 0.000563 |	psnr_loss: 34.870918 |
[2024-01-01 08:19:21,381 | INFO | test_adversarial] Testing results for epoch 5 [ADVERSARIAL] | bpp_y_loss=1.19380 | bpp_z_loss=0.00000 | bpp_loss=1.19380 | mse_loss=0.00065 | loss=0.00103 | psnr_loss=32.12465
[2024-01-01 08:19:21,932 | INFO | test_one_epoch] Testing results for epoch 5 | bpp_y_loss=1.03937 | bpp_z_loss=0.00000 | bpp_loss=1.03937 | mse_loss=0.00036 | loss=0.00069 | psnr_loss=34.95543
[2024-01-01 08:19:22,367 | INFO | train_one_epoch] Learning rate: 2e-05
[2024-01-01 08:19:27,683 | INFO | train_one_epoch] Train epoch 5: [0/100 (0.00%)] 	bpp_y_loss: 0.846081 |	bpp_z_loss: 0.000000 |	bpp_loss: 0.846081 |	mse_loss: 0.000432 |	loss: 0.000701 |	psnr_loss: 33.644985 |
[2024-01-01 08:20:20,003 | INFO | train_one_epoch] Train epoch 5: [10/100 (10.00%)] 	bpp_y_loss: 0.777718 |	bpp_z_loss: 0.000000 |	bpp_loss: 0.777718 |	mse_loss: 0.000349 |	loss: 0.000597 |	psnr_loss: 34.666260 |
[2024-01-01 08:21:12,582 | INFO | train_one_epoch] Train epoch 5: [20/100 (20.00%)] 	bpp_y_loss: 0.749685 |	bpp_z_loss: 0.000000 |	bpp_loss: 0.749685 |	mse_loss: 0.000332 |	loss: 0.000571 |	psnr_loss: 34.840149 |
[2024-01-01 08:22:04,973 | INFO | train_one_epoch] Train epoch 5: [30/100 (30.00%)] 	bpp_y_loss: 0.745680 |	bpp_z_loss: 0.000000 |	bpp_loss: 0.745680 |	mse_loss: 0.000329 |	loss: 0.000566 |	psnr_loss: 34.892193 |
[2024-01-01 08:22:57,290 | INFO | train_one_epoch] Train epoch 5: [40/100 (40.00%)] 	bpp_y_loss: 0.711960 |	bpp_z_loss: 0.000000 |	bpp_loss: 0.711960 |	mse_loss: 0.000314 |	loss: 0.000541 |	psnr_loss: 35.075829 |
[2024-01-01 08:23:49,634 | INFO | train_one_epoch] Train epoch 5: [50/100 (50.00%)] 	bpp_y_loss: 0.792398 |	bpp_z_loss: 0.000000 |	bpp_loss: 0.792398 |	mse_loss: 0.000361 |	loss: 0.000614 |	psnr_loss: 34.480152 |
[2024-01-01 08:24:41,947 | INFO | train_one_epoch] Train epoch 5: [60/100 (60.00%)] 	bpp_y_loss: 0.772799 |	bpp_z_loss: 0.000000 |	bpp_loss: 0.772799 |	mse_loss: 0.000348 |	loss: 0.000594 |	psnr_loss: 34.607693 |
[2024-01-01 08:25:34,290 | INFO | train_one_epoch] Train epoch 5: [70/100 (70.00%)] 	bpp_y_loss: 0.757189 |	bpp_z_loss: 0.000000 |	bpp_loss: 0.757189 |	mse_loss: 0.000338 |	loss: 0.000579 |	psnr_loss: 34.787914 |
[2024-01-01 08:26:26,776 | INFO | train_one_epoch] Train epoch 5: [80/100 (80.00%)] 	bpp_y_loss: 0.708845 |	bpp_z_loss: 0.000000 |	bpp_loss: 0.708845 |	mse_loss: 0.000313 |	loss: 0.000538 |	psnr_loss: 35.108009 |
[2024-01-01 08:27:19,130 | INFO | train_one_epoch] Train epoch 5: [90/100 (90.00%)] 	bpp_y_loss: 0.715401 |	bpp_z_loss: 0.000000 |	bpp_loss: 0.715401 |	mse_loss: 0.000316 |	loss: 0.000544 |	psnr_loss: 35.114735 |
[2024-01-01 08:28:11,457 | INFO | train_one_epoch] Train epoch 5: [100/100 (100.00%)] 	bpp_y_loss: 0.789961 |	bpp_z_loss: 0.000000 |	bpp_loss: 0.789961 |	mse_loss: 0.000370 |	loss: 0.000622 |	psnr_loss: 34.370083 |
[2024-01-01 08:29:13,988 | INFO | test_adversarial] Testing results for epoch 6 [ADVERSARIAL] | bpp_y_loss=1.18735 | bpp_z_loss=0.00000 | bpp_loss=1.18735 | mse_loss=0.00064 | loss=0.00102 | psnr_loss=32.21029
[2024-01-01 08:29:14,521 | INFO | test_one_epoch] Testing results for epoch 6 | bpp_y_loss=1.03272 | bpp_z_loss=0.00000 | bpp_loss=1.03272 | mse_loss=0.00035 | loss=0.00068 | psnr_loss=35.10657
[2024-01-01 08:29:14,942 | INFO | train_one_epoch] Learning rate: 2e-05
[2024-01-01 08:29:20,261 | INFO | train_one_epoch] Train epoch 6: [0/100 (0.00%)] 	bpp_y_loss: 0.996599 |	bpp_z_loss: 0.000000 |	bpp_loss: 0.996599 |	mse_loss: 0.000484 |	loss: 0.000801 |	psnr_loss: 33.149979 |
[2024-01-01 08:30:12,569 | INFO | train_one_epoch] Train epoch 6: [10/100 (10.00%)] 	bpp_y_loss: 0.767651 |	bpp_z_loss: 0.000000 |	bpp_loss: 0.767651 |	mse_loss: 0.000354 |	loss: 0.000599 |	psnr_loss: 34.548733 |
[2024-01-01 08:31:04,972 | INFO | train_one_epoch] Train epoch 6: [20/100 (20.00%)] 	bpp_y_loss: 0.720925 |	bpp_z_loss: 0.000000 |	bpp_loss: 0.720925 |	mse_loss: 0.000308 |	loss: 0.000538 |	psnr_loss: 35.146694 |
[2024-01-01 08:31:57,452 | INFO | train_one_epoch] Train epoch 6: [30/100 (30.00%)] 	bpp_y_loss: 0.707014 |	bpp_z_loss: 0.000000 |	bpp_loss: 0.707014 |	mse_loss: 0.000314 |	loss: 0.000539 |	psnr_loss: 35.058292 |
[2024-01-01 08:32:50,009 | INFO | train_one_epoch] Train epoch 6: [40/100 (40.00%)] 	bpp_y_loss: 0.730782 |	bpp_z_loss: 0.000000 |	bpp_loss: 0.730782 |	mse_loss: 0.000320 |	loss: 0.000553 |	psnr_loss: 34.989025 |
[2024-01-01 08:33:42,555 | INFO | train_one_epoch] Train epoch 6: [50/100 (50.00%)] 	bpp_y_loss: 0.768109 |	bpp_z_loss: 0.000000 |	bpp_loss: 0.768109 |	mse_loss: 0.000343 |	loss: 0.000588 |	psnr_loss: 34.703766 |
[2024-01-01 08:34:35,026 | INFO | train_one_epoch] Train epoch 6: [60/100 (60.00%)] 	bpp_y_loss: 0.703017 |	bpp_z_loss: 0.000000 |	bpp_loss: 0.703017 |	mse_loss: 0.000303 |	loss: 0.000527 |	psnr_loss: 35.224457 |
[2024-01-01 08:35:27,372 | INFO | train_one_epoch] Train epoch 6: [70/100 (70.00%)] 	bpp_y_loss: 0.773101 |	bpp_z_loss: 0.000000 |	bpp_loss: 0.773101 |	mse_loss: 0.000346 |	loss: 0.000593 |	psnr_loss: 34.634388 |
[2024-01-01 08:36:19,768 | INFO | train_one_epoch] Train epoch 6: [80/100 (80.00%)] 	bpp_y_loss: 0.747874 |	bpp_z_loss: 0.000000 |	bpp_loss: 0.747874 |	mse_loss: 0.000339 |	loss: 0.000577 |	psnr_loss: 34.713753 |
[2024-01-01 08:37:12,010 | INFO | train_one_epoch] Train epoch 6: [90/100 (90.00%)] 	bpp_y_loss: 0.758122 |	bpp_z_loss: 0.000000 |	bpp_loss: 0.758122 |	mse_loss: 0.000339 |	loss: 0.000581 |	psnr_loss: 34.726437 |
[2024-01-01 08:38:04,344 | INFO | train_one_epoch] Train epoch 6: [100/100 (100.00%)] 	bpp_y_loss: 0.772705 |	bpp_z_loss: 0.000000 |	bpp_loss: 0.772705 |	mse_loss: 0.000364 |	loss: 0.000610 |	psnr_loss: 34.478985 |
[2024-01-01 08:39:06,845 | INFO | test_adversarial] Testing results for epoch 7 [ADVERSARIAL] | bpp_y_loss=1.18740 | bpp_z_loss=0.00000 | bpp_loss=1.18740 | mse_loss=0.00064 | loss=0.00102 | psnr_loss=32.22403
[2024-01-01 08:39:07,392 | INFO | test_one_epoch] Testing results for epoch 7 | bpp_y_loss=1.03179 | bpp_z_loss=0.00000 | bpp_loss=1.03179 | mse_loss=0.00035 | loss=0.00068 | psnr_loss=35.11398
[2024-01-01 08:39:07,817 | INFO | train_one_epoch] Learning rate: 2e-05
[2024-01-01 08:39:13,115 | INFO | train_one_epoch] Train epoch 7: [0/100 (0.00%)] 	bpp_y_loss: 0.673527 |	bpp_z_loss: 0.000000 |	bpp_loss: 0.673527 |	mse_loss: 0.000307 |	loss: 0.000522 |	psnr_loss: 35.126053 |
[2024-01-01 08:40:05,524 | INFO | train_one_epoch] Train epoch 7: [10/100 (10.00%)] 	bpp_y_loss: 0.734562 |	bpp_z_loss: 0.000000 |	bpp_loss: 0.734562 |	mse_loss: 0.000325 |	loss: 0.000559 |	psnr_loss: 34.932476 |
[2024-01-01 08:40:57,815 | INFO | train_one_epoch] Train epoch 7: [20/100 (20.00%)] 	bpp_y_loss: 0.742563 |	bpp_z_loss: 0.000000 |	bpp_loss: 0.742563 |	mse_loss: 0.000332 |	loss: 0.000568 |	psnr_loss: 34.819275 |
[2024-01-01 08:41:50,127 | INFO | train_one_epoch] Train epoch 7: [30/100 (30.00%)] 	bpp_y_loss: 0.766292 |	bpp_z_loss: 0.000000 |	bpp_loss: 0.766292 |	mse_loss: 0.000336 |	loss: 0.000580 |	psnr_loss: 34.761799 |
[2024-01-01 08:42:42,630 | INFO | train_one_epoch] Train epoch 7: [40/100 (40.00%)] 	bpp_y_loss: 0.722974 |	bpp_z_loss: 0.000000 |	bpp_loss: 0.722974 |	mse_loss: 0.000315 |	loss: 0.000545 |	psnr_loss: 35.083988 |
[2024-01-01 08:43:34,959 | INFO | train_one_epoch] Train epoch 7: [50/100 (50.00%)] 	bpp_y_loss: 0.759636 |	bpp_z_loss: 0.000000 |	bpp_loss: 0.759636 |	mse_loss: 0.000346 |	loss: 0.000588 |	psnr_loss: 34.656300 |
[2024-01-01 08:44:27,303 | INFO | train_one_epoch] Train epoch 7: [60/100 (60.00%)] 	bpp_y_loss: 0.767195 |	bpp_z_loss: 0.000000 |	bpp_loss: 0.767195 |	mse_loss: 0.000354 |	loss: 0.000599 |	psnr_loss: 34.609680 |
[2024-01-01 08:45:19,646 | INFO | train_one_epoch] Train epoch 7: [70/100 (70.00%)] 	bpp_y_loss: 0.764957 |	bpp_z_loss: 0.000000 |	bpp_loss: 0.764957 |	mse_loss: 0.000352 |	loss: 0.000596 |	psnr_loss: 34.591137 |
[2024-01-01 08:46:11,989 | INFO | train_one_epoch] Train epoch 7: [80/100 (80.00%)] 	bpp_y_loss: 0.773031 |	bpp_z_loss: 0.000000 |	bpp_loss: 0.773031 |	mse_loss: 0.000348 |	loss: 0.000594 |	psnr_loss: 34.607838 |
[2024-01-01 08:47:04,360 | INFO | train_one_epoch] Train epoch 7: [90/100 (90.00%)] 	bpp_y_loss: 0.736314 |	bpp_z_loss: 0.000000 |	bpp_loss: 0.736314 |	mse_loss: 0.000335 |	loss: 0.000569 |	psnr_loss: 34.786762 |
[2024-01-01 08:47:56,896 | INFO | train_one_epoch] Train epoch 7: [100/100 (100.00%)] 	bpp_y_loss: 0.763322 |	bpp_z_loss: 0.000000 |	bpp_loss: 0.763322 |	mse_loss: 0.000335 |	loss: 0.000578 |	psnr_loss: 34.793667 |
[2024-01-01 08:48:59,377 | INFO | test_adversarial] Testing results for epoch 8 [ADVERSARIAL] | bpp_y_loss=1.18527 | bpp_z_loss=0.00000 | bpp_loss=1.18527 | mse_loss=0.00064 | loss=0.00102 | psnr_loss=32.22016
[2024-01-01 08:48:59,914 | INFO | test_one_epoch] Testing results for epoch 8 | bpp_y_loss=1.02983 | bpp_z_loss=0.00000 | bpp_loss=1.02983 | mse_loss=0.00035 | loss=0.00067 | psnr_loss=35.11276
[2024-01-01 08:49:00,340 | INFO | train_one_epoch] Learning rate: 2e-05
[2024-01-01 08:49:05,653 | INFO | train_one_epoch] Train epoch 8: [0/100 (0.00%)] 	bpp_y_loss: 0.901321 |	bpp_z_loss: 0.000000 |	bpp_loss: 0.901321 |	mse_loss: 0.000484 |	loss: 0.000771 |	psnr_loss: 33.152843 |
[2024-01-01 08:49:58,034 | INFO | train_one_epoch] Train epoch 8: [10/100 (10.00%)] 	bpp_y_loss: 0.787242 |	bpp_z_loss: 0.000000 |	bpp_loss: 0.787242 |	mse_loss: 0.000341 |	loss: 0.000592 |	psnr_loss: 34.713745 |
[2024-01-01 08:50:50,560 | INFO | train_one_epoch] Train epoch 8: [20/100 (20.00%)] 	bpp_y_loss: 0.770182 |	bpp_z_loss: 0.000000 |	bpp_loss: 0.770182 |	mse_loss: 0.000354 |	loss: 0.000599 |	psnr_loss: 34.551296 |
[2024-01-01 08:51:42,891 | INFO | train_one_epoch] Train epoch 8: [30/100 (30.00%)] 	bpp_y_loss: 0.715208 |	bpp_z_loss: 0.000000 |	bpp_loss: 0.715208 |	mse_loss: 0.000316 |	loss: 0.000544 |	psnr_loss: 35.051697 |
[2024-01-01 08:52:35,197 | INFO | train_one_epoch] Train epoch 8: [40/100 (40.00%)] 	bpp_y_loss: 0.737452 |	bpp_z_loss: 0.000000 |	bpp_loss: 0.737452 |	mse_loss: 0.000326 |	loss: 0.000560 |	psnr_loss: 34.900856 |
[2024-01-01 08:53:27,511 | INFO | train_one_epoch] Train epoch 8: [50/100 (50.00%)] 	bpp_y_loss: 0.689639 |	bpp_z_loss: 0.000000 |	bpp_loss: 0.689639 |	mse_loss: 0.000307 |	loss: 0.000527 |	psnr_loss: 35.172909 |
[2024-01-01 08:54:19,947 | INFO | train_one_epoch] Train epoch 8: [60/100 (60.00%)] 	bpp_y_loss: 0.712740 |	bpp_z_loss: 0.000000 |	bpp_loss: 0.712740 |	mse_loss: 0.000320 |	loss: 0.000547 |	psnr_loss: 35.001736 |
[2024-01-01 08:55:12,209 | INFO | train_one_epoch] Train epoch 8: [70/100 (70.00%)] 	bpp_y_loss: 0.780078 |	bpp_z_loss: 0.000000 |	bpp_loss: 0.780078 |	mse_loss: 0.000354 |	loss: 0.000602 |	psnr_loss: 34.567612 |
[2024-01-01 08:56:04,612 | INFO | train_one_epoch] Train epoch 8: [80/100 (80.00%)] 	bpp_y_loss: 0.739729 |	bpp_z_loss: 0.000000 |	bpp_loss: 0.739729 |	mse_loss: 0.000326 |	loss: 0.000561 |	psnr_loss: 34.893421 |
[2024-01-01 08:56:56,904 | INFO | train_one_epoch] Train epoch 8: [90/100 (90.00%)] 	bpp_y_loss: 0.755074 |	bpp_z_loss: 0.000000 |	bpp_loss: 0.755074 |	mse_loss: 0.000351 |	loss: 0.000592 |	psnr_loss: 34.632744 |
[2024-01-01 08:57:49,253 | INFO | train_one_epoch] Train epoch 8: [100/100 (100.00%)] 	bpp_y_loss: 0.769181 |	bpp_z_loss: 0.000000 |	bpp_loss: 0.769181 |	mse_loss: 0.000363 |	loss: 0.000608 |	psnr_loss: 34.442104 |
[2024-01-01 08:58:51,806 | INFO | test_adversarial] Testing results for epoch 9 [ADVERSARIAL] | bpp_y_loss=1.18401 | bpp_z_loss=0.00000 | bpp_loss=1.18401 | mse_loss=0.00064 | loss=0.00102 | psnr_loss=32.21525
[2024-01-01 08:58:52,347 | INFO | test_one_epoch] Testing results for epoch 9 | bpp_y_loss=1.02953 | bpp_z_loss=0.00000 | bpp_loss=1.02953 | mse_loss=0.00035 | loss=0.00067 | psnr_loss=35.11354
[2024-01-01 08:58:52,777 | INFO | train_one_epoch] Learning rate: 2e-05
[2024-01-01 08:58:58,088 | INFO | train_one_epoch] Train epoch 9: [0/100 (0.00%)] 	bpp_y_loss: 0.774395 |	bpp_z_loss: 0.000000 |	bpp_loss: 0.774395 |	mse_loss: 0.000335 |	loss: 0.000581 |	psnr_loss: 34.755554 |
[2024-01-01 08:59:50,424 | INFO | train_one_epoch] Train epoch 9: [10/100 (10.00%)] 	bpp_y_loss: 0.756798 |	bpp_z_loss: 0.000000 |	bpp_loss: 0.756798 |	mse_loss: 0.000342 |	loss: 0.000583 |	psnr_loss: 34.774986 |
[2024-01-01 09:00:42,914 | INFO | train_one_epoch] Train epoch 9: [20/100 (20.00%)] 	bpp_y_loss: 0.709502 |	bpp_z_loss: 0.000000 |	bpp_loss: 0.709502 |	mse_loss: 0.000317 |	loss: 0.000543 |	psnr_loss: 35.033886 |
[2024-01-01 09:01:35,254 | INFO | train_one_epoch] Train epoch 9: [30/100 (30.00%)] 	bpp_y_loss: 0.710767 |	bpp_z_loss: 0.000000 |	bpp_loss: 0.710767 |	mse_loss: 0.000312 |	loss: 0.000538 |	psnr_loss: 35.100861 |
[2024-01-01 09:02:27,618 | INFO | train_one_epoch] Train epoch 9: [40/100 (40.00%)] 	bpp_y_loss: 0.760112 |	bpp_z_loss: 0.000000 |	bpp_loss: 0.760112 |	mse_loss: 0.000346 |	loss: 0.000588 |	psnr_loss: 34.672375 |
[2024-01-01 09:03:19,931 | INFO | train_one_epoch] Train epoch 9: [50/100 (50.00%)] 	bpp_y_loss: 0.696290 |	bpp_z_loss: 0.000000 |	bpp_loss: 0.696290 |	mse_loss: 0.000298 |	loss: 0.000520 |	psnr_loss: 35.326466 |
[2024-01-01 09:04:12,289 | INFO | train_one_epoch] Train epoch 9: [60/100 (60.00%)] 	bpp_y_loss: 0.782343 |	bpp_z_loss: 0.000000 |	bpp_loss: 0.782343 |	mse_loss: 0.000359 |	loss: 0.000608 |	psnr_loss: 34.492123 |
[2024-01-01 09:05:04,730 | INFO | train_one_epoch] Train epoch 9: [70/100 (70.00%)] 	bpp_y_loss: 0.745462 |	bpp_z_loss: 0.000000 |	bpp_loss: 0.745462 |	mse_loss: 0.000346 |	loss: 0.000583 |	psnr_loss: 34.689030 |
[2024-01-01 09:05:57,059 | INFO | train_one_epoch] Train epoch 9: [80/100 (80.00%)] 	bpp_y_loss: 0.752273 |	bpp_z_loss: 0.000000 |	bpp_loss: 0.752273 |	mse_loss: 0.000339 |	loss: 0.000578 |	psnr_loss: 34.766243 |
[2024-01-01 09:06:49,367 | INFO | train_one_epoch] Train epoch 9: [90/100 (90.00%)] 	bpp_y_loss: 0.735348 |	bpp_z_loss: 0.000000 |	bpp_loss: 0.735348 |	mse_loss: 0.000317 |	loss: 0.000551 |	psnr_loss: 35.022564 |
[2024-01-01 09:07:41,818 | INFO | train_one_epoch] Train epoch 9: [100/100 (100.00%)] 	bpp_y_loss: 0.765462 |	bpp_z_loss: 0.000000 |	bpp_loss: 0.765462 |	mse_loss: 0.000342 |	loss: 0.000586 |	psnr_loss: 34.711784 |
[2024-01-01 09:08:44,268 | INFO | test_adversarial] Testing results for epoch 10 [ADVERSARIAL] | bpp_y_loss=1.18457 | bpp_z_loss=0.00000 | bpp_loss=1.18457 | mse_loss=0.00064 | loss=0.00102 | psnr_loss=32.21778
[2024-01-01 09:08:44,798 | INFO | test_one_epoch] Testing results for epoch 10 | bpp_y_loss=1.02958 | bpp_z_loss=0.00000 | bpp_loss=1.02958 | mse_loss=0.00035 | loss=0.00067 | psnr_loss=35.10888
[2024-01-01 09:08:45,245 | INFO | train_one_epoch] Learning rate: 2e-05
[2024-01-01 09:08:50,559 | INFO | train_one_epoch] Train epoch 10: [0/100 (0.00%)] 	bpp_y_loss: 0.705745 |	bpp_z_loss: 0.000000 |	bpp_loss: 0.705745 |	mse_loss: 0.000280 |	loss: 0.000505 |	psnr_loss: 35.524239 |
[2024-01-01 09:09:42,873 | INFO | train_one_epoch] Train epoch 10: [10/100 (10.00%)] 	bpp_y_loss: 0.756647 |	bpp_z_loss: 0.000000 |	bpp_loss: 0.756647 |	mse_loss: 0.000332 |	loss: 0.000573 |	psnr_loss: 34.831249 |
[2024-01-01 09:10:35,194 | INFO | train_one_epoch] Train epoch 10: [20/100 (20.00%)] 	bpp_y_loss: 0.722294 |	bpp_z_loss: 0.000000 |	bpp_loss: 0.722294 |	mse_loss: 0.000320 |	loss: 0.000550 |	psnr_loss: 34.969158 |
[2024-01-01 09:11:27,491 | INFO | train_one_epoch] Train epoch 10: [30/100 (30.00%)] 	bpp_y_loss: 0.760681 |	bpp_z_loss: 0.000000 |	bpp_loss: 0.760681 |	mse_loss: 0.000343 |	loss: 0.000586 |	psnr_loss: 34.713940 |
[2024-01-01 09:12:19,778 | INFO | train_one_epoch] Train epoch 10: [40/100 (40.00%)] 	bpp_y_loss: 0.745696 |	bpp_z_loss: 0.000000 |	bpp_loss: 0.745696 |	mse_loss: 0.000333 |	loss: 0.000570 |	psnr_loss: 34.855843 |
[2024-01-01 09:13:12,362 | INFO | train_one_epoch] Train epoch 10: [50/100 (50.00%)] 	bpp_y_loss: 0.752315 |	bpp_z_loss: 0.000000 |	bpp_loss: 0.752315 |	mse_loss: 0.000338 |	loss: 0.000578 |	psnr_loss: 34.734505 |
[2024-01-01 09:14:04,779 | INFO | train_one_epoch] Train epoch 10: [60/100 (60.00%)] 	bpp_y_loss: 0.735669 |	bpp_z_loss: 0.000000 |	bpp_loss: 0.735669 |	mse_loss: 0.000323 |	loss: 0.000557 |	psnr_loss: 34.957153 |
[2024-01-01 09:14:57,122 | INFO | train_one_epoch] Train epoch 10: [70/100 (70.00%)] 	bpp_y_loss: 0.707544 |	bpp_z_loss: 0.000000 |	bpp_loss: 0.707544 |	mse_loss: 0.000319 |	loss: 0.000544 |	psnr_loss: 35.037914 |
