[2024-01-17 07:43:43,385 | INFO | <module>] Args: Namespace(model='bmshj2018_hyperprior', lmbda=0.0067, dataset='vimeo90k', epochs=100, steps_per_epoch=10000, type='mse', steps=1000, adv_steps=10, adv_optimizer='Adam', adv_lr=0.001, adv_epsilon=0.001, batch_size=8, learning_rate=1e-05, save=True, seed=19260817, clip_max_norm=1.0, checkpoint=None, continue_train=False)
[2024-01-17 07:43:43,385 | INFO | <module>] Lmbda=0.006700000000
[2024-01-17 07:43:43,385 | INFO | <module>] Load weights from /backup1/xyhang/GradAttack/experiments/adversarial-train/baseline/bmshj2018_hyperprior-vimeo90k-0.0067-100x10000/last_epoch.pth.tar
[2024-01-17 07:43:46,557 | INFO | test_one_epoch] Testing results for epoch 0 | bpp_y_loss=0.28845 | bpp_z_loss=0.00977 | bpp_loss=0.29822 | mse_loss=0.00113 | loss=0.78909 | psnr_loss=30.10649
[2024-01-17 07:43:50,977 | INFO | train_one_epoch] Learning rate: 1e-05
[2024-01-17 07:43:52,256 | INFO | train_one_epoch] Train epoch 0: [0/100 (0.00%)] 	bpp_y_loss: 0.290812 |	bpp_z_loss: 0.009339 |	bpp_loss: 0.300151 |	mse_loss: 0.000401 |	loss: 0.475001 |	psnr_loss: 33.964886 |
[2024-01-17 07:43:55,627 | INFO | train_one_epoch] Train epoch 0: [10/100 (10.00%)] 	bpp_y_loss: 0.278325 |	bpp_z_loss: 0.009109 |	bpp_loss: 0.287434 |	mse_loss: 0.000370 |	loss: 0.448694 |	psnr_loss: 34.447380 |
[2024-01-17 07:43:59,041 | INFO | train_one_epoch] Train epoch 0: [20/100 (20.00%)] 	bpp_y_loss: 0.317042 |	bpp_z_loss: 0.009450 |	bpp_loss: 0.326492 |	mse_loss: 0.000517 |	loss: 0.551734 |	psnr_loss: 33.070065 |
[2024-01-17 07:44:02,438 | INFO | train_one_epoch] Train epoch 0: [30/100 (30.00%)] 	bpp_y_loss: 0.313621 |	bpp_z_loss: 0.009257 |	bpp_loss: 0.322879 |	mse_loss: 0.000497 |	loss: 0.539408 |	psnr_loss: 33.147526 |
[2024-01-17 07:44:05,814 | INFO | train_one_epoch] Train epoch 0: [40/100 (40.00%)] 	bpp_y_loss: 0.285220 |	bpp_z_loss: 0.009155 |	bpp_loss: 0.294374 |	mse_loss: 0.000408 |	loss: 0.472068 |	psnr_loss: 34.149017 |
[2024-01-17 07:44:09,200 | INFO | train_one_epoch] Train epoch 0: [50/100 (50.00%)] 	bpp_y_loss: 0.286307 |	bpp_z_loss: 0.009087 |	bpp_loss: 0.295394 |	mse_loss: 0.000412 |	loss: 0.474754 |	psnr_loss: 34.036579 |
[2024-01-17 07:44:12,600 | INFO | train_one_epoch] Train epoch 0: [60/100 (60.00%)] 	bpp_y_loss: 0.309650 |	bpp_z_loss: 0.009398 |	bpp_loss: 0.319049 |	mse_loss: 0.000456 |	loss: 0.517899 |	psnr_loss: 33.506336 |
[2024-01-17 07:44:15,958 | INFO | train_one_epoch] Train epoch 0: [70/100 (70.00%)] 	bpp_y_loss: 0.301862 |	bpp_z_loss: 0.009216 |	bpp_loss: 0.311078 |	mse_loss: 0.000432 |	loss: 0.499106 |	psnr_loss: 33.851650 |
[2024-01-17 07:44:19,300 | INFO | train_one_epoch] Train epoch 0: [80/100 (80.00%)] 	bpp_y_loss: 0.299069 |	bpp_z_loss: 0.009254 |	bpp_loss: 0.308323 |	mse_loss: 0.000438 |	loss: 0.498933 |	psnr_loss: 33.727329 |
[2024-01-17 07:44:22,679 | INFO | train_one_epoch] Train epoch 0: [90/100 (90.00%)] 	bpp_y_loss: 0.294038 |	bpp_z_loss: 0.009311 |	bpp_loss: 0.303349 |	mse_loss: 0.000440 |	loss: 0.494869 |	psnr_loss: 33.693581 |
[2024-01-17 07:44:26,022 | INFO | train_one_epoch] Train epoch 0: [100/100 (100.00%)] 	bpp_y_loss: 0.294581 |	bpp_z_loss: 0.009157 |	bpp_loss: 0.303737 |	mse_loss: 0.000417 |	loss: 0.485461 |	psnr_loss: 33.911896 |
[2024-01-17 07:44:26,958 | INFO | test_one_epoch] Testing results for epoch 1 | bpp_y_loss=0.28702 | bpp_z_loss=0.00991 | bpp_loss=0.29693 | mse_loss=0.00113 | loss=0.78741 | psnr_loss=30.10818
[2024-01-17 07:44:26,959 | INFO | train_one_epoch] Learning rate: 1e-05
[2024-01-17 07:44:27,929 | INFO | train_one_epoch] Train epoch 1: [0/100 (0.00%)] 	bpp_y_loss: 0.323215 |	bpp_z_loss: 0.009594 |	bpp_loss: 0.332809 |	mse_loss: 0.000450 |	loss: 0.528996 |	psnr_loss: 33.464844 |
[2024-01-17 07:44:31,284 | INFO | train_one_epoch] Train epoch 1: [10/100 (10.00%)] 	bpp_y_loss: 0.289958 |	bpp_z_loss: 0.009163 |	bpp_loss: 0.299120 |	mse_loss: 0.000425 |	loss: 0.484273 |	psnr_loss: 33.930367 |
[2024-01-17 07:44:34,679 | INFO | train_one_epoch] Train epoch 1: [20/100 (20.00%)] 	bpp_y_loss: 0.293610 |	bpp_z_loss: 0.009036 |	bpp_loss: 0.302647 |	mse_loss: 0.000429 |	loss: 0.489467 |	psnr_loss: 33.885563 |
[2024-01-17 07:44:38,041 | INFO | train_one_epoch] Train epoch 1: [30/100 (30.00%)] 	bpp_y_loss: 0.300577 |	bpp_z_loss: 0.009369 |	bpp_loss: 0.309946 |	mse_loss: 0.000445 |	loss: 0.503919 |	psnr_loss: 33.570873 |
[2024-01-17 07:44:41,399 | INFO | train_one_epoch] Train epoch 1: [40/100 (40.00%)] 	bpp_y_loss: 0.287532 |	bpp_z_loss: 0.009036 |	bpp_loss: 0.296568 |	mse_loss: 0.000407 |	loss: 0.473701 |	psnr_loss: 34.179905 |
[2024-01-17 07:44:44,710 | INFO | train_one_epoch] Train epoch 1: [50/100 (50.00%)] 	bpp_y_loss: 0.298192 |	bpp_z_loss: 0.009127 |	bpp_loss: 0.307319 |	mse_loss: 0.000431 |	loss: 0.494959 |	psnr_loss: 33.748257 |
[2024-01-17 07:44:48,036 | INFO | train_one_epoch] Train epoch 1: [60/100 (60.00%)] 	bpp_y_loss: 0.301290 |	bpp_z_loss: 0.009141 |	bpp_loss: 0.310431 |	mse_loss: 0.000449 |	loss: 0.505903 |	psnr_loss: 33.625618 |
[2024-01-17 07:44:51,393 | INFO | train_one_epoch] Train epoch 1: [70/100 (70.00%)] 	bpp_y_loss: 0.297617 |	bpp_z_loss: 0.009173 |	bpp_loss: 0.306789 |	mse_loss: 0.000438 |	loss: 0.497512 |	psnr_loss: 33.882149 |
[2024-01-17 07:44:54,791 | INFO | train_one_epoch] Train epoch 1: [80/100 (80.00%)] 	bpp_y_loss: 0.305595 |	bpp_z_loss: 0.009246 |	bpp_loss: 0.314841 |	mse_loss: 0.000463 |	loss: 0.516451 |	psnr_loss: 33.544384 |
[2024-01-17 07:44:58,186 | INFO | train_one_epoch] Train epoch 1: [90/100 (90.00%)] 	bpp_y_loss: 0.287011 |	bpp_z_loss: 0.009113 |	bpp_loss: 0.296124 |	mse_loss: 0.000383 |	loss: 0.463008 |	psnr_loss: 34.381821 |
[2024-01-17 07:45:01,538 | INFO | train_one_epoch] Train epoch 1: [100/100 (100.00%)] 	bpp_y_loss: 0.300936 |	bpp_z_loss: 0.009196 |	bpp_loss: 0.310132 |	mse_loss: 0.000443 |	loss: 0.503274 |	psnr_loss: 33.711624 |
[2024-01-17 07:45:02,477 | INFO | test_one_epoch] Testing results for epoch 2 | bpp_y_loss=0.28776 | bpp_z_loss=0.00985 | bpp_loss=0.29761 | mse_loss=0.00112 | loss=0.78669 | psnr_loss=30.11982
[2024-01-17 07:45:02,479 | INFO | train_one_epoch] Learning rate: 1e-05
[2024-01-17 07:45:03,476 | INFO | train_one_epoch] Train epoch 2: [0/100 (0.00%)] 	bpp_y_loss: 0.253450 |	bpp_z_loss: 0.008582 |	bpp_loss: 0.262032 |	mse_loss: 0.000302 |	loss: 0.393505 |	psnr_loss: 35.203190 |
[2024-01-17 07:45:06,824 | INFO | train_one_epoch] Train epoch 2: [10/100 (10.00%)] 	bpp_y_loss: 0.292623 |	bpp_z_loss: 0.009059 |	bpp_loss: 0.301682 |	mse_loss: 0.000420 |	loss: 0.484501 |	psnr_loss: 33.984070 |
[2024-01-17 07:45:10,200 | INFO | train_one_epoch] Train epoch 2: [20/100 (20.00%)] 	bpp_y_loss: 0.279888 |	bpp_z_loss: 0.009046 |	bpp_loss: 0.288934 |	mse_loss: 0.000368 |	loss: 0.449061 |	psnr_loss: 34.635967 |
[2024-01-17 07:45:13,561 | INFO | train_one_epoch] Train epoch 2: [30/100 (30.00%)] 	bpp_y_loss: 0.295462 |	bpp_z_loss: 0.009100 |	bpp_loss: 0.304562 |	mse_loss: 0.000394 |	loss: 0.476216 |	psnr_loss: 34.172314 |
[2024-01-17 07:45:16,944 | INFO | train_one_epoch] Train epoch 2: [40/100 (40.00%)] 	bpp_y_loss: 0.288550 |	bpp_z_loss: 0.008868 |	bpp_loss: 0.297418 |	mse_loss: 0.000392 |	loss: 0.468219 |	psnr_loss: 34.231178 |
[2024-01-17 07:45:20,324 | INFO | train_one_epoch] Train epoch 2: [50/100 (50.00%)] 	bpp_y_loss: 0.297957 |	bpp_z_loss: 0.009162 |	bpp_loss: 0.307119 |	mse_loss: 0.000450 |	loss: 0.503326 |	psnr_loss: 33.555294 |
[2024-01-17 07:45:23,684 | INFO | train_one_epoch] Train epoch 2: [60/100 (60.00%)] 	bpp_y_loss: 0.302643 |	bpp_z_loss: 0.009033 |	bpp_loss: 0.311676 |	mse_loss: 0.000448 |	loss: 0.506713 |	psnr_loss: 33.580021 |
[2024-01-17 07:45:27,029 | INFO | train_one_epoch] Train epoch 2: [70/100 (70.00%)] 	bpp_y_loss: 0.292665 |	bpp_z_loss: 0.009142 |	bpp_loss: 0.301807 |	mse_loss: 0.000419 |	loss: 0.484163 |	psnr_loss: 33.878895 |
[2024-01-17 07:45:30,392 | INFO | train_one_epoch] Train epoch 2: [80/100 (80.00%)] 	bpp_y_loss: 0.279562 |	bpp_z_loss: 0.009028 |	bpp_loss: 0.288590 |	mse_loss: 0.000380 |	loss: 0.454011 |	psnr_loss: 34.318371 |
[2024-01-17 07:45:33,736 | INFO | train_one_epoch] Train epoch 2: [90/100 (90.00%)] 	bpp_y_loss: 0.302525 |	bpp_z_loss: 0.009188 |	bpp_loss: 0.311713 |	mse_loss: 0.000413 |	loss: 0.491565 |	psnr_loss: 33.943699 |
[2024-01-17 07:45:37,080 | INFO | train_one_epoch] Train epoch 2: [100/100 (100.00%)] 	bpp_y_loss: 0.298649 |	bpp_z_loss: 0.009261 |	bpp_loss: 0.307910 |	mse_loss: 0.000456 |	loss: 0.506515 |	psnr_loss: 33.556984 |
[2024-01-17 07:45:38,003 | INFO | test_one_epoch] Testing results for epoch 3 | bpp_y_loss=0.28763 | bpp_z_loss=0.00983 | bpp_loss=0.29746 | mse_loss=0.00112 | loss=0.78681 | psnr_loss=30.11705
[2024-01-17 07:45:38,004 | INFO | train_one_epoch] Learning rate: 1e-05
[2024-01-17 07:45:38,955 | INFO | train_one_epoch] Train epoch 3: [0/100 (0.00%)] 	bpp_y_loss: 0.390884 |	bpp_z_loss: 0.010258 |	bpp_loss: 0.401142 |	mse_loss: 0.000724 |	loss: 0.716699 |	psnr_loss: 31.400784 |
[2024-01-17 07:45:42,356 | INFO | train_one_epoch] Train epoch 3: [10/100 (10.00%)] 	bpp_y_loss: 0.296806 |	bpp_z_loss: 0.009136 |	bpp_loss: 0.305942 |	mse_loss: 0.000424 |	loss: 0.490717 |	psnr_loss: 33.809296 |
[2024-01-17 07:45:45,729 | INFO | train_one_epoch] Train epoch 3: [20/100 (20.00%)] 	bpp_y_loss: 0.309139 |	bpp_z_loss: 0.009247 |	bpp_loss: 0.318386 |	mse_loss: 0.000458 |	loss: 0.517998 |	psnr_loss: 33.598888 |
[2024-01-17 07:45:49,110 | INFO | train_one_epoch] Train epoch 3: [30/100 (30.00%)] 	bpp_y_loss: 0.293933 |	bpp_z_loss: 0.009220 |	bpp_loss: 0.303152 |	mse_loss: 0.000425 |	loss: 0.488277 |	psnr_loss: 33.781506 |
[2024-01-17 07:45:52,481 | INFO | train_one_epoch] Train epoch 3: [40/100 (40.00%)] 	bpp_y_loss: 0.300023 |	bpp_z_loss: 0.009233 |	bpp_loss: 0.309256 |	mse_loss: 0.000442 |	loss: 0.501655 |	psnr_loss: 33.711243 |
[2024-01-17 07:45:55,850 | INFO | train_one_epoch] Train epoch 3: [50/100 (50.00%)] 	bpp_y_loss: 0.297192 |	bpp_z_loss: 0.009259 |	bpp_loss: 0.306450 |	mse_loss: 0.000421 |	loss: 0.490025 |	psnr_loss: 33.873444 |
[2024-01-17 07:45:59,204 | INFO | train_one_epoch] Train epoch 3: [60/100 (60.00%)] 	bpp_y_loss: 0.287767 |	bpp_z_loss: 0.009147 |	bpp_loss: 0.296914 |	mse_loss: 0.000419 |	loss: 0.479276 |	psnr_loss: 33.839458 |
[2024-01-17 07:46:02,566 | INFO | train_one_epoch] Train epoch 3: [70/100 (70.00%)] 	bpp_y_loss: 0.274681 |	bpp_z_loss: 0.008988 |	bpp_loss: 0.283669 |	mse_loss: 0.000358 |	loss: 0.439600 |	psnr_loss: 34.620789 |
[2024-01-17 07:46:05,928 | INFO | train_one_epoch] Train epoch 3: [80/100 (80.00%)] 	bpp_y_loss: 0.301577 |	bpp_z_loss: 0.009262 |	bpp_loss: 0.310840 |	mse_loss: 0.000454 |	loss: 0.508547 |	psnr_loss: 33.611126 |
[2024-01-17 07:46:09,317 | INFO | train_one_epoch] Train epoch 3: [90/100 (90.00%)] 	bpp_y_loss: 0.296859 |	bpp_z_loss: 0.009152 |	bpp_loss: 0.306011 |	mse_loss: 0.000436 |	loss: 0.495903 |	psnr_loss: 33.870583 |
[2024-01-17 07:46:12,665 | INFO | train_one_epoch] Train epoch 3: [100/100 (100.00%)] 	bpp_y_loss: 0.279983 |	bpp_z_loss: 0.009083 |	bpp_loss: 0.289066 |	mse_loss: 0.000364 |	loss: 0.447499 |	psnr_loss: 34.494553 |
[2024-01-17 07:46:13,553 | INFO | test_one_epoch] Testing results for epoch 4 | bpp_y_loss=0.28778 | bpp_z_loss=0.00986 | bpp_loss=0.29764 | mse_loss=0.00112 | loss=0.78768 | psnr_loss=30.11507
[2024-01-17 07:46:13,555 | INFO | train_one_epoch] Learning rate: 1e-05
[2024-01-17 07:46:14,553 | INFO | train_one_epoch] Train epoch 4: [0/100 (0.00%)] 	bpp_y_loss: 0.263658 |	bpp_z_loss: 0.008687 |	bpp_loss: 0.272345 |	mse_loss: 0.000345 |	loss: 0.422770 |	psnr_loss: 34.618347 |
[2024-01-17 07:46:17,924 | INFO | train_one_epoch] Train epoch 4: [10/100 (10.00%)] 	bpp_y_loss: 0.298423 |	bpp_z_loss: 0.009339 |	bpp_loss: 0.307762 |	mse_loss: 0.000455 |	loss: 0.506145 |	psnr_loss: 33.558891 |
[2024-01-17 07:46:21,281 | INFO | train_one_epoch] Train epoch 4: [20/100 (20.00%)] 	bpp_y_loss: 0.305513 |	bpp_z_loss: 0.009183 |	bpp_loss: 0.314695 |	mse_loss: 0.000440 |	loss: 0.506387 |	psnr_loss: 33.600433 |
[2024-01-17 07:46:24,631 | INFO | train_one_epoch] Train epoch 4: [30/100 (30.00%)] 	bpp_y_loss: 0.296578 |	bpp_z_loss: 0.009124 |	bpp_loss: 0.305702 |	mse_loss: 0.000419 |	loss: 0.488439 |	psnr_loss: 33.864037 |
[2024-01-17 07:46:28,021 | INFO | train_one_epoch] Train epoch 4: [40/100 (40.00%)] 	bpp_y_loss: 0.291668 |	bpp_z_loss: 0.009096 |	bpp_loss: 0.300764 |	mse_loss: 0.000410 |	loss: 0.479416 |	psnr_loss: 34.046062 |
[2024-01-17 07:46:31,353 | INFO | train_one_epoch] Train epoch 4: [50/100 (50.00%)] 	bpp_y_loss: 0.297802 |	bpp_z_loss: 0.009220 |	bpp_loss: 0.307022 |	mse_loss: 0.000439 |	loss: 0.498248 |	psnr_loss: 33.738201 |
[2024-01-17 07:46:34,713 | INFO | train_one_epoch] Train epoch 4: [60/100 (60.00%)] 	bpp_y_loss: 0.293623 |	bpp_z_loss: 0.009074 |	bpp_loss: 0.302697 |	mse_loss: 0.000438 |	loss: 0.493600 |	psnr_loss: 33.733723 |
[2024-01-17 07:46:38,057 | INFO | train_one_epoch] Train epoch 4: [70/100 (70.00%)] 	bpp_y_loss: 0.305042 |	bpp_z_loss: 0.009340 |	bpp_loss: 0.314381 |	mse_loss: 0.000445 |	loss: 0.508081 |	psnr_loss: 33.631969 |
[2024-01-17 07:46:41,397 | INFO | train_one_epoch] Train epoch 4: [80/100 (80.00%)] 	bpp_y_loss: 0.294652 |	bpp_z_loss: 0.009047 |	bpp_loss: 0.303700 |	mse_loss: 0.000419 |	loss: 0.486127 |	psnr_loss: 33.908417 |
[2024-01-17 07:46:44,740 | INFO | train_one_epoch] Train epoch 4: [90/100 (90.00%)] 	bpp_y_loss: 0.324012 |	bpp_z_loss: 0.009387 |	bpp_loss: 0.333400 |	mse_loss: 0.000487 |	loss: 0.545603 |	psnr_loss: 33.228039 |
[2024-01-17 07:46:48,129 | INFO | train_one_epoch] Train epoch 4: [100/100 (100.00%)] 	bpp_y_loss: 0.275822 |	bpp_z_loss: 0.008927 |	bpp_loss: 0.284749 |	mse_loss: 0.000346 |	loss: 0.435480 |	psnr_loss: 34.775723 |
[2024-01-17 07:46:49,085 | INFO | test_one_epoch] Testing results for epoch 5 | bpp_y_loss=0.28716 | bpp_z_loss=0.00982 | bpp_loss=0.29699 | mse_loss=0.00112 | loss=0.78663 | psnr_loss=30.11703
[2024-01-17 07:46:49,087 | INFO | train_one_epoch] Learning rate: 1e-05
[2024-01-17 07:46:50,071 | INFO | train_one_epoch] Train epoch 5: [0/100 (0.00%)] 	bpp_y_loss: 0.244527 |	bpp_z_loss: 0.008659 |	bpp_loss: 0.253186 |	mse_loss: 0.000289 |	loss: 0.379014 |	psnr_loss: 35.393787 |
[2024-01-17 07:46:53,436 | INFO | train_one_epoch] Train epoch 5: [10/100 (10.00%)] 	bpp_y_loss: 0.289533 |	bpp_z_loss: 0.009083 |	bpp_loss: 0.298616 |	mse_loss: 0.000418 |	loss: 0.480674 |	psnr_loss: 33.933990 |
[2024-01-17 07:46:56,812 | INFO | train_one_epoch] Train epoch 5: [20/100 (20.00%)] 	bpp_y_loss: 0.293678 |	bpp_z_loss: 0.009176 |	bpp_loss: 0.302855 |	mse_loss: 0.000427 |	loss: 0.489004 |	psnr_loss: 34.010937 |
[2024-01-17 07:47:00,175 | INFO | train_one_epoch] Train epoch 5: [30/100 (30.00%)] 	bpp_y_loss: 0.300364 |	bpp_z_loss: 0.009214 |	bpp_loss: 0.309578 |	mse_loss: 0.000450 |	loss: 0.505672 |	psnr_loss: 33.549541 |
[2024-01-17 07:47:03,530 | INFO | train_one_epoch] Train epoch 5: [40/100 (40.00%)] 	bpp_y_loss: 0.289790 |	bpp_z_loss: 0.008992 |	bpp_loss: 0.298782 |	mse_loss: 0.000390 |	loss: 0.468485 |	psnr_loss: 34.396259 |
[2024-01-17 07:47:06,897 | INFO | train_one_epoch] Train epoch 5: [50/100 (50.00%)] 	bpp_y_loss: 0.293271 |	bpp_z_loss: 0.009185 |	bpp_loss: 0.302456 |	mse_loss: 0.000422 |	loss: 0.486160 |	psnr_loss: 33.941326 |
[2024-01-17 07:47:10,252 | INFO | train_one_epoch] Train epoch 5: [60/100 (60.00%)] 	bpp_y_loss: 0.309344 |	bpp_z_loss: 0.009310 |	bpp_loss: 0.318654 |	mse_loss: 0.000457 |	loss: 0.517857 |	psnr_loss: 33.478802 |
[2024-01-17 07:47:13,650 | INFO | train_one_epoch] Train epoch 5: [70/100 (70.00%)] 	bpp_y_loss: 0.298075 |	bpp_z_loss: 0.009207 |	bpp_loss: 0.307282 |	mse_loss: 0.000436 |	loss: 0.497285 |	psnr_loss: 33.712170 |
[2024-01-17 07:47:17,032 | INFO | train_one_epoch] Train epoch 5: [80/100 (80.00%)] 	bpp_y_loss: 0.306498 |	bpp_z_loss: 0.009263 |	bpp_loss: 0.315762 |	mse_loss: 0.000457 |	loss: 0.514929 |	psnr_loss: 33.625107 |
[2024-01-17 07:47:20,383 | INFO | train_one_epoch] Train epoch 5: [90/100 (90.00%)] 	bpp_y_loss: 0.305203 |	bpp_z_loss: 0.009214 |	bpp_loss: 0.314417 |	mse_loss: 0.000446 |	loss: 0.508908 |	psnr_loss: 33.586224 |
[2024-01-17 07:47:23,725 | INFO | train_one_epoch] Train epoch 5: [100/100 (100.00%)] 	bpp_y_loss: 0.285058 |	bpp_z_loss: 0.008957 |	bpp_loss: 0.294015 |	mse_loss: 0.000382 |	loss: 0.460542 |	psnr_loss: 34.290527 |
[2024-01-17 07:47:24,609 | INFO | test_one_epoch] Testing results for epoch 6 | bpp_y_loss=0.28699 | bpp_z_loss=0.00983 | bpp_loss=0.29681 | mse_loss=0.00113 | loss=0.78745 | psnr_loss=30.10691
[2024-01-17 07:47:24,611 | INFO | train_one_epoch] Learning rate: 1e-05
[2024-01-17 07:47:25,583 | INFO | train_one_epoch] Train epoch 6: [0/100 (0.00%)] 	bpp_y_loss: 0.262754 |	bpp_z_loss: 0.009143 |	bpp_loss: 0.271897 |	mse_loss: 0.000331 |	loss: 0.416116 |	psnr_loss: 34.801323 |
[2024-01-17 07:47:28,956 | INFO | train_one_epoch] Train epoch 6: [10/100 (10.00%)] 	bpp_y_loss: 0.301777 |	bpp_z_loss: 0.009344 |	bpp_loss: 0.311121 |	mse_loss: 0.000432 |	loss: 0.499545 |	psnr_loss: 33.725201 |
[2024-01-17 07:47:32,321 | INFO | train_one_epoch] Train epoch 6: [20/100 (20.00%)] 	bpp_y_loss: 0.302662 |	bpp_z_loss: 0.009226 |	bpp_loss: 0.311888 |	mse_loss: 0.000444 |	loss: 0.505244 |	psnr_loss: 33.673851 |
[2024-01-17 07:47:35,684 | INFO | train_one_epoch] Train epoch 6: [30/100 (30.00%)] 	bpp_y_loss: 0.291254 |	bpp_z_loss: 0.009092 |	bpp_loss: 0.300347 |	mse_loss: 0.000402 |	loss: 0.475309 |	psnr_loss: 34.034168 |
[2024-01-17 07:47:39,030 | INFO | train_one_epoch] Train epoch 6: [40/100 (40.00%)] 	bpp_y_loss: 0.297290 |	bpp_z_loss: 0.009200 |	bpp_loss: 0.306491 |	mse_loss: 0.000418 |	loss: 0.488701 |	psnr_loss: 33.977398 |
[2024-01-17 07:47:42,385 | INFO | train_one_epoch] Train epoch 6: [50/100 (50.00%)] 	bpp_y_loss: 0.294480 |	bpp_z_loss: 0.009165 |	bpp_loss: 0.303646 |	mse_loss: 0.000414 |	loss: 0.484088 |	psnr_loss: 33.940182 |
[2024-01-17 07:47:45,705 | INFO | train_one_epoch] Train epoch 6: [60/100 (60.00%)] 	bpp_y_loss: 0.289713 |	bpp_z_loss: 0.009137 |	bpp_loss: 0.298850 |	mse_loss: 0.000405 |	loss: 0.475377 |	psnr_loss: 34.047501 |
[2024-01-17 07:47:49,106 | INFO | train_one_epoch] Train epoch 6: [70/100 (70.00%)] 	bpp_y_loss: 0.280146 |	bpp_z_loss: 0.009103 |	bpp_loss: 0.289249 |	mse_loss: 0.000374 |	loss: 0.452153 |	psnr_loss: 34.453419 |
[2024-01-17 07:47:52,587 | INFO | train_one_epoch] Train epoch 6: [80/100 (80.00%)] 	bpp_y_loss: 0.281822 |	bpp_z_loss: 0.009039 |	bpp_loss: 0.290862 |	mse_loss: 0.000378 |	loss: 0.455453 |	psnr_loss: 34.316486 |
[2024-01-17 07:47:55,950 | INFO | train_one_epoch] Train epoch 6: [90/100 (90.00%)] 	bpp_y_loss: 0.290626 |	bpp_z_loss: 0.009183 |	bpp_loss: 0.299809 |	mse_loss: 0.000396 |	loss: 0.472422 |	psnr_loss: 34.124195 |
[2024-01-17 07:47:59,348 | INFO | train_one_epoch] Train epoch 6: [100/100 (100.00%)] 	bpp_y_loss: 0.275541 |	bpp_z_loss: 0.008952 |	bpp_loss: 0.284493 |	mse_loss: 0.000367 |	loss: 0.444372 |	psnr_loss: 34.450603 |
[2024-01-17 07:48:00,338 | INFO | test_one_epoch] Testing results for epoch 7 | bpp_y_loss=0.28571 | bpp_z_loss=0.00982 | bpp_loss=0.29552 | mse_loss=0.00113 | loss=0.78591 | psnr_loss=30.10879
[2024-01-17 07:48:00,339 | INFO | train_one_epoch] Learning rate: 1e-05
[2024-01-17 07:48:01,347 | INFO | train_one_epoch] Train epoch 7: [0/100 (0.00%)] 	bpp_y_loss: 0.358838 |	bpp_z_loss: 0.010031 |	bpp_loss: 0.368869 |	mse_loss: 0.000617 |	loss: 0.637587 |	psnr_loss: 32.098583 |
[2024-01-17 07:48:04,764 | INFO | train_one_epoch] Train epoch 7: [10/100 (10.00%)] 	bpp_y_loss: 0.313870 |	bpp_z_loss: 0.009297 |	bpp_loss: 0.323167 |	mse_loss: 0.000517 |	loss: 0.548559 |	psnr_loss: 33.001064 |
[2024-01-17 07:48:08,201 | INFO | train_one_epoch] Train epoch 7: [20/100 (20.00%)] 	bpp_y_loss: 0.284666 |	bpp_z_loss: 0.009048 |	bpp_loss: 0.293714 |	mse_loss: 0.000403 |	loss: 0.469087 |	psnr_loss: 34.160683 |
[2024-01-17 07:48:11,652 | INFO | train_one_epoch] Train epoch 7: [30/100 (30.00%)] 	bpp_y_loss: 0.279964 |	bpp_z_loss: 0.009018 |	bpp_loss: 0.288982 |	mse_loss: 0.000366 |	loss: 0.448348 |	psnr_loss: 34.563038 |
[2024-01-17 07:48:15,083 | INFO | train_one_epoch] Train epoch 7: [40/100 (40.00%)] 	bpp_y_loss: 0.303833 |	bpp_z_loss: 0.009207 |	bpp_loss: 0.313040 |	mse_loss: 0.000452 |	loss: 0.509779 |	psnr_loss: 33.557434 |
[2024-01-17 07:48:18,528 | INFO | train_one_epoch] Train epoch 7: [50/100 (50.00%)] 	bpp_y_loss: 0.290342 |	bpp_z_loss: 0.009086 |	bpp_loss: 0.299427 |	mse_loss: 0.000414 |	loss: 0.479797 |	psnr_loss: 33.951599 |
[2024-01-17 07:48:21,970 | INFO | train_one_epoch] Train epoch 7: [60/100 (60.00%)] 	bpp_y_loss: 0.302351 |	bpp_z_loss: 0.009241 |	bpp_loss: 0.311592 |	mse_loss: 0.000435 |	loss: 0.500983 |	psnr_loss: 33.862648 |
[2024-01-17 07:48:25,461 | INFO | train_one_epoch] Train epoch 7: [70/100 (70.00%)] 	bpp_y_loss: 0.294053 |	bpp_z_loss: 0.009080 |	bpp_loss: 0.303133 |	mse_loss: 0.000424 |	loss: 0.487892 |	psnr_loss: 33.809616 |
[2024-01-17 07:48:28,922 | INFO | train_one_epoch] Train epoch 7: [80/100 (80.00%)] 	bpp_y_loss: 0.309802 |	bpp_z_loss: 0.009305 |	bpp_loss: 0.319107 |	mse_loss: 0.000468 |	loss: 0.523083 |	psnr_loss: 33.527050 |
[2024-01-17 07:48:32,341 | INFO | train_one_epoch] Train epoch 7: [90/100 (90.00%)] 	bpp_y_loss: 0.326611 |	bpp_z_loss: 0.009404 |	bpp_loss: 0.336015 |	mse_loss: 0.000518 |	loss: 0.561699 |	psnr_loss: 32.955799 |
[2024-01-17 07:48:35,762 | INFO | train_one_epoch] Train epoch 7: [100/100 (100.00%)] 	bpp_y_loss: 0.298529 |	bpp_z_loss: 0.009094 |	bpp_loss: 0.307623 |	mse_loss: 0.000434 |	loss: 0.496750 |	psnr_loss: 33.865936 |
[2024-01-17 07:48:36,753 | INFO | test_one_epoch] Testing results for epoch 8 | bpp_y_loss=0.28663 | bpp_z_loss=0.00984 | bpp_loss=0.29647 | mse_loss=0.00113 | loss=0.78698 | psnr_loss=30.10928
[2024-01-17 07:48:36,755 | INFO | train_one_epoch] Learning rate: 1e-05
[2024-01-17 07:48:37,726 | INFO | train_one_epoch] Train epoch 8: [0/100 (0.00%)] 	bpp_y_loss: 0.328027 |	bpp_z_loss: 0.009672 |	bpp_loss: 0.337699 |	mse_loss: 0.000535 |	loss: 0.570988 |	psnr_loss: 32.712612 |
[2024-01-17 07:48:41,148 | INFO | train_one_epoch] Train epoch 8: [10/100 (10.00%)] 	bpp_y_loss: 0.304785 |	bpp_z_loss: 0.009334 |	bpp_loss: 0.314120 |	mse_loss: 0.000467 |	loss: 0.517599 |	psnr_loss: 33.489574 |
[2024-01-17 07:48:44,582 | INFO | train_one_epoch] Train epoch 8: [20/100 (20.00%)] 	bpp_y_loss: 0.302791 |	bpp_z_loss: 0.009222 |	bpp_loss: 0.312013 |	mse_loss: 0.000471 |	loss: 0.517059 |	psnr_loss: 33.302788 |
[2024-01-17 07:48:47,998 | INFO | train_one_epoch] Train epoch 8: [30/100 (30.00%)] 	bpp_y_loss: 0.303069 |	bpp_z_loss: 0.009233 |	bpp_loss: 0.312302 |	mse_loss: 0.000432 |	loss: 0.500669 |	psnr_loss: 33.749561 |
[2024-01-17 07:48:51,355 | INFO | train_one_epoch] Train epoch 8: [40/100 (40.00%)] 	bpp_y_loss: 0.294316 |	bpp_z_loss: 0.009082 |	bpp_loss: 0.303399 |	mse_loss: 0.000404 |	loss: 0.479266 |	psnr_loss: 34.099285 |
[2024-01-17 07:48:54,753 | INFO | train_one_epoch] Train epoch 8: [50/100 (50.00%)] 	bpp_y_loss: 0.297447 |	bpp_z_loss: 0.009138 |	bpp_loss: 0.306585 |	mse_loss: 0.000427 |	loss: 0.492786 |	psnr_loss: 34.003056 |
[2024-01-17 07:48:58,185 | INFO | train_one_epoch] Train epoch 8: [60/100 (60.00%)] 	bpp_y_loss: 0.282838 |	bpp_z_loss: 0.009015 |	bpp_loss: 0.291853 |	mse_loss: 0.000371 |	loss: 0.453386 |	psnr_loss: 34.453339 |
[2024-01-17 07:49:01,605 | INFO | train_one_epoch] Train epoch 8: [70/100 (70.00%)] 	bpp_y_loss: 0.302075 |	bpp_z_loss: 0.009234 |	bpp_loss: 0.311310 |	mse_loss: 0.000430 |	loss: 0.498660 |	psnr_loss: 33.843918 |
[2024-01-17 07:49:05,054 | INFO | train_one_epoch] Train epoch 8: [80/100 (80.00%)] 	bpp_y_loss: 0.302451 |	bpp_z_loss: 0.009242 |	bpp_loss: 0.311693 |	mse_loss: 0.000448 |	loss: 0.506669 |	psnr_loss: 33.665257 |
[2024-01-17 07:49:08,502 | INFO | train_one_epoch] Train epoch 8: [90/100 (90.00%)] 	bpp_y_loss: 0.313134 |	bpp_z_loss: 0.009143 |	bpp_loss: 0.322276 |	mse_loss: 0.000458 |	loss: 0.521976 |	psnr_loss: 33.528900 |
[2024-01-17 07:49:11,916 | INFO | train_one_epoch] Train epoch 8: [100/100 (100.00%)] 	bpp_y_loss: 0.288333 |	bpp_z_loss: 0.009110 |	bpp_loss: 0.297443 |	mse_loss: 0.000387 |	loss: 0.466033 |	psnr_loss: 34.194141 |
[2024-01-17 07:49:12,876 | INFO | test_one_epoch] Testing results for epoch 9 | bpp_y_loss=0.28711 | bpp_z_loss=0.00981 | bpp_loss=0.29692 | mse_loss=0.00113 | loss=0.78719 | psnr_loss=30.11016
[2024-01-17 07:49:12,878 | INFO | train_one_epoch] Learning rate: 1e-05
[2024-01-17 07:49:13,835 | INFO | train_one_epoch] Train epoch 9: [0/100 (0.00%)] 	bpp_y_loss: 0.255350 |	bpp_z_loss: 0.008416 |	bpp_loss: 0.263766 |	mse_loss: 0.000290 |	loss: 0.390204 |	psnr_loss: 35.372768 |
[2024-01-17 07:49:17,266 | INFO | train_one_epoch] Train epoch 9: [10/100 (10.00%)] 	bpp_y_loss: 0.290694 |	bpp_z_loss: 0.009198 |	bpp_loss: 0.299892 |	mse_loss: 0.000379 |	loss: 0.464874 |	psnr_loss: 34.324032 |
[2024-01-17 07:49:20,656 | INFO | train_one_epoch] Train epoch 9: [20/100 (20.00%)] 	bpp_y_loss: 0.300060 |	bpp_z_loss: 0.009246 |	bpp_loss: 0.309306 |	mse_loss: 0.000447 |	loss: 0.504145 |	psnr_loss: 33.597305 |
[2024-01-17 07:49:24,082 | INFO | train_one_epoch] Train epoch 9: [30/100 (30.00%)] 	bpp_y_loss: 0.298901 |	bpp_z_loss: 0.009253 |	bpp_loss: 0.308154 |	mse_loss: 0.000446 |	loss: 0.502608 |	psnr_loss: 33.610394 |
[2024-01-17 07:49:27,456 | INFO | train_one_epoch] Train epoch 9: [40/100 (40.00%)] 	bpp_y_loss: 0.299384 |	bpp_z_loss: 0.009153 |	bpp_loss: 0.308537 |	mse_loss: 0.000435 |	loss: 0.497920 |	psnr_loss: 33.699005 |
[2024-01-17 07:49:30,870 | INFO | train_one_epoch] Train epoch 9: [50/100 (50.00%)] 	bpp_y_loss: 0.290462 |	bpp_z_loss: 0.009112 |	bpp_loss: 0.299575 |	mse_loss: 0.000412 |	loss: 0.478856 |	psnr_loss: 34.095543 |
[2024-01-17 07:49:34,289 | INFO | train_one_epoch] Train epoch 9: [60/100 (60.00%)] 	bpp_y_loss: 0.287589 |	bpp_z_loss: 0.009079 |	bpp_loss: 0.296667 |	mse_loss: 0.000401 |	loss: 0.471544 |	psnr_loss: 34.117958 |
[2024-01-17 07:49:37,666 | INFO | train_one_epoch] Train epoch 9: [70/100 (70.00%)] 	bpp_y_loss: 0.291140 |	bpp_z_loss: 0.009231 |	bpp_loss: 0.300372 |	mse_loss: 0.000431 |	loss: 0.488187 |	psnr_loss: 33.806854 |
[2024-01-17 07:49:41,081 | INFO | train_one_epoch] Train epoch 9: [80/100 (80.00%)] 	bpp_y_loss: 0.287641 |	bpp_z_loss: 0.009007 |	bpp_loss: 0.296647 |	mse_loss: 0.000387 |	loss: 0.465216 |	psnr_loss: 34.258190 |
[2024-01-17 07:49:44,454 | INFO | train_one_epoch] Train epoch 9: [90/100 (90.00%)] 	bpp_y_loss: 0.278404 |	bpp_z_loss: 0.008976 |	bpp_loss: 0.287380 |	mse_loss: 0.000354 |	loss: 0.441758 |	psnr_loss: 34.696026 |
[2024-01-17 07:49:47,827 | INFO | train_one_epoch] Train epoch 9: [100/100 (100.00%)] 	bpp_y_loss: 0.298565 |	bpp_z_loss: 0.009137 |	bpp_loss: 0.307702 |	mse_loss: 0.000465 |	loss: 0.510283 |	psnr_loss: 33.529980 |
[2024-01-17 07:49:48,796 | INFO | test_one_epoch] Testing results for epoch 10 | bpp_y_loss=0.28707 | bpp_z_loss=0.00979 | bpp_loss=0.29686 | mse_loss=0.00113 | loss=0.78793 | psnr_loss=30.10282
