[2024-07-03 08:07:56,210 | INFO | <module>] Args: Namespace(model='elic', lmbda=0.025, dataset='liu4k', epochs=100, steps_per_epoch=10000, type='mse', batch_size=8, learning_rate=5e-05, save=True, seed=19260817, clip_max_norm=1.0, checkpoint=None, lr_epoch=[40], continue_train=False)
[2024-07-03 08:07:56,210 | INFO | <module>] Lmbda=0.025000000000
[2024-07-03 08:07:56,212 | INFO | train_one_epoch] Learning rate: 5e-05
[2024-07-03 08:07:59,975 | INFO | train_one_epoch] Train epoch 0: [0/10000 (0.00%)] 	bpp_y_loss: 0.487711 |	bpp_z_loss: 0.422496 |	bpp_loss: 0.910207 |	mse_loss: 0.304731 |	loss: 496.289246 |	psnr_loss: 5.160828 |
[2024-07-03 08:12:17,963 | INFO | train_one_epoch] Train epoch 0: [1000/10000 (10.00%)] 	bpp_y_loss: 0.828159 |	bpp_z_loss: 0.396625 |	bpp_loss: 1.224784 |	mse_loss: 0.008709 |	loss: 15.382956 |	psnr_loss: 22.349028 |
[2024-07-03 08:16:30,269 | INFO | train_one_epoch] Train epoch 0: [2000/10000 (20.00%)] 	bpp_y_loss: 0.645237 |	bpp_z_loss: 0.349347 |	bpp_loss: 0.994584 |	mse_loss: 0.003300 |	loss: 6.358782 |	psnr_loss: 25.369957 |
[2024-07-03 08:20:43,513 | INFO | train_one_epoch] Train epoch 0: [3000/10000 (30.00%)] 	bpp_y_loss: 0.650818 |	bpp_z_loss: 0.304858 |	bpp_loss: 0.955676 |	mse_loss: 0.002376 |	loss: 4.818104 |	psnr_loss: 26.804583 |
[2024-07-03 08:25:06,848 | INFO | train_one_epoch] Train epoch 0: [4000/10000 (40.00%)] 	bpp_y_loss: 0.656777 |	bpp_z_loss: 0.263387 |	bpp_loss: 0.920164 |	mse_loss: 0.001848 |	loss: 3.923712 |	psnr_loss: 27.809801 |
[2024-07-03 08:29:29,399 | INFO | train_one_epoch] Train epoch 0: [5000/10000 (50.00%)] 	bpp_y_loss: 0.665040 |	bpp_z_loss: 0.225251 |	bpp_loss: 0.890292 |	mse_loss: 0.001620 |	loss: 3.523361 |	psnr_loss: 28.494217 |
[2024-07-03 08:33:42,553 | INFO | train_one_epoch] Train epoch 0: [6000/10000 (60.00%)] 	bpp_y_loss: 0.657404 |	bpp_z_loss: 0.189985 |	bpp_loss: 0.847389 |	mse_loss: 0.001432 |	loss: 3.174779 |	psnr_loss: 29.030441 |
[2024-07-03 08:37:56,352 | INFO | train_one_epoch] Train epoch 0: [7000/10000 (70.00%)] 	bpp_y_loss: 0.656429 |	bpp_z_loss: 0.157028 |	bpp_loss: 0.813456 |	mse_loss: 0.001287 |	loss: 2.905726 |	psnr_loss: 29.437819 |
[2024-07-03 08:42:01,512 | INFO | train_one_epoch] Train epoch 0: [8000/10000 (80.00%)] 	bpp_y_loss: 0.649130 |	bpp_z_loss: 0.128724 |	bpp_loss: 0.777855 |	mse_loss: 0.001186 |	loss: 2.706000 |	psnr_loss: 29.806898 |
[2024-07-03 08:46:11,924 | INFO | train_one_epoch] Train epoch 0: [9000/10000 (90.00%)] 	bpp_y_loss: 0.644059 |	bpp_z_loss: 0.104011 |	bpp_loss: 0.748070 |	mse_loss: 0.001090 |	loss: 2.520504 |	psnr_loss: 30.143513 |
[2024-07-03 08:50:13,784 | INFO | train_one_epoch] Train epoch 0: [10000/10000 (100.00%)] 	bpp_y_loss: 0.641263 |	bpp_z_loss: 0.083663 |	bpp_loss: 0.724926 |	mse_loss: 0.001055 |	loss: 2.439481 |	psnr_loss: 30.317772 |
[2024-07-03 08:50:17,052 | INFO | test_one_epoch] Testing results for epoch 1 | bpp_y_loss=0.97260 | bpp_z_loss=0.06305 | bpp_loss=1.03564 | mse_loss=0.00198 | loss=4.26032 | psnr_loss=27.58060
[2024-07-03 08:50:19,101 | INFO | train_one_epoch] Learning rate: 5e-05
[2024-07-03 08:50:20,062 | INFO | train_one_epoch] Train epoch 1: [0/10000 (0.00%)] 	bpp_y_loss: 0.731919 |	bpp_z_loss: 0.074726 |	bpp_loss: 0.806645 |	mse_loss: 0.001209 |	loss: 2.772785 |	psnr_loss: 29.174059 |
[2024-07-03 08:54:21,811 | INFO | train_one_epoch] Train epoch 1: [1000/10000 (10.00%)] 	bpp_y_loss: 0.641410 |	bpp_z_loss: 0.067041 |	bpp_loss: 0.708451 |	mse_loss: 0.000969 |	loss: 2.283474 |	psnr_loss: 30.659126 |
[2024-07-03 08:58:45,112 | INFO | train_one_epoch] Train epoch 1: [2000/10000 (20.00%)] 	bpp_y_loss: 0.640740 |	bpp_z_loss: 0.053844 |	bpp_loss: 0.694583 |	mse_loss: 0.000931 |	loss: 2.207373 |	psnr_loss: 30.884802 |
[2024-07-03 09:02:54,097 | INFO | train_one_epoch] Train epoch 1: [3000/10000 (30.00%)] 	bpp_y_loss: 0.639072 |	bpp_z_loss: 0.044210 |	bpp_loss: 0.683282 |	mse_loss: 0.000876 |	loss: 2.106823 |	psnr_loss: 31.143915 |
[2024-07-03 09:07:03,490 | INFO | train_one_epoch] Train epoch 1: [4000/10000 (40.00%)] 	bpp_y_loss: 0.644588 |	bpp_z_loss: 0.036616 |	bpp_loss: 0.681203 |	mse_loss: 0.000840 |	loss: 2.046666 |	psnr_loss: 31.345638 |
[2024-07-03 09:11:18,022 | INFO | train_one_epoch] Train epoch 1: [5000/10000 (50.00%)] 	bpp_y_loss: 0.639900 |	bpp_z_loss: 0.030803 |	bpp_loss: 0.670704 |	mse_loss: 0.000806 |	loss: 1.981304 |	psnr_loss: 31.510382 |
[2024-07-03 09:15:25,868 | INFO | train_one_epoch] Train epoch 1: [6000/10000 (60.00%)] 	bpp_y_loss: 0.634602 |	bpp_z_loss: 0.026158 |	bpp_loss: 0.660759 |	mse_loss: 0.000769 |	loss: 1.911546 |	psnr_loss: 31.719479 |
[2024-07-03 09:19:25,578 | INFO | train_one_epoch] Train epoch 1: [7000/10000 (70.00%)] 	bpp_y_loss: 0.634717 |	bpp_z_loss: 0.022456 |	bpp_loss: 0.657173 |	mse_loss: 0.000723 |	loss: 1.832763 |	psnr_loss: 31.976906 |
[2024-07-03 09:23:21,118 | INFO | train_one_epoch] Train epoch 1: [8000/10000 (80.00%)] 	bpp_y_loss: 0.635357 |	bpp_z_loss: 0.019636 |	bpp_loss: 0.654993 |	mse_loss: 0.000727 |	loss: 1.837362 |	psnr_loss: 32.033634 |
[2024-07-03 09:27:24,515 | INFO | train_one_epoch] Train epoch 1: [9000/10000 (90.00%)] 	bpp_y_loss: 0.636842 |	bpp_z_loss: 0.017390 |	bpp_loss: 0.654233 |	mse_loss: 0.000688 |	loss: 1.772978 |	psnr_loss: 32.172665 |
[2024-07-03 09:31:30,091 | INFO | train_one_epoch] Train epoch 1: [10000/10000 (100.00%)] 	bpp_y_loss: 0.634512 |	bpp_z_loss: 0.015559 |	bpp_loss: 0.650071 |	mse_loss: 0.000663 |	loss: 1.727362 |	psnr_loss: 32.360424 |
[2024-07-03 09:31:32,125 | INFO | test_one_epoch] Testing results for epoch 2 | bpp_y_loss=0.80346 | bpp_z_loss=0.00165 | bpp_loss=0.80511 | mse_loss=0.00114 | loss=2.66001 | psnr_loss=29.99229
[2024-07-03 09:32:29,675 | INFO | train_one_epoch] Learning rate: 5e-05
[2024-07-03 09:32:30,765 | INFO | train_one_epoch] Train epoch 2: [0/10000 (0.00%)] 	bpp_y_loss: 0.654851 |	bpp_z_loss: 0.014922 |	bpp_loss: 0.669772 |	mse_loss: 0.000481 |	loss: 1.451512 |	psnr_loss: 33.179581 |
[2024-07-03 09:36:31,659 | INFO | train_one_epoch] Train epoch 2: [1000/10000 (10.00%)] 	bpp_y_loss: 0.635573 |	bpp_z_loss: 0.013970 |	bpp_loss: 0.649542 |	mse_loss: 0.000640 |	loss: 1.689910 |	psnr_loss: 32.485165 |
[2024-07-03 09:40:45,416 | INFO | train_one_epoch] Train epoch 2: [2000/10000 (20.00%)] 	bpp_y_loss: 0.647182 |	bpp_z_loss: 0.012643 |	bpp_loss: 0.659824 |	mse_loss: 0.000637 |	loss: 1.695710 |	psnr_loss: 32.510201 |
[2024-07-03 09:44:55,093 | INFO | train_one_epoch] Train epoch 2: [3000/10000 (30.00%)] 	bpp_y_loss: 0.632985 |	bpp_z_loss: 0.011494 |	bpp_loss: 0.644479 |	mse_loss: 0.000617 |	loss: 1.647073 |	psnr_loss: 32.674911 |
[2024-07-03 09:48:54,834 | INFO | train_one_epoch] Train epoch 2: [4000/10000 (40.00%)] 	bpp_y_loss: 0.636093 |	bpp_z_loss: 0.010428 |	bpp_loss: 0.646520 |	mse_loss: 0.000575 |	loss: 1.581219 |	psnr_loss: 32.912392 |
[2024-07-03 09:52:53,282 | INFO | train_one_epoch] Train epoch 2: [5000/10000 (50.00%)] 	bpp_y_loss: 0.642836 |	bpp_z_loss: 0.009419 |	bpp_loss: 0.652255 |	mse_loss: 0.000572 |	loss: 1.581341 |	psnr_loss: 32.902485 |
[2024-07-03 09:56:56,551 | INFO | train_one_epoch] Train epoch 2: [6000/10000 (60.00%)] 	bpp_y_loss: 0.632382 |	bpp_z_loss: 0.008640 |	bpp_loss: 0.641022 |	mse_loss: 0.000564 |	loss: 1.558053 |	psnr_loss: 33.021313 |
[2024-07-03 10:00:57,029 | INFO | train_one_epoch] Train epoch 2: [7000/10000 (70.00%)] 	bpp_y_loss: 0.643393 |	bpp_z_loss: 0.007983 |	bpp_loss: 0.651376 |	mse_loss: 0.000554 |	loss: 1.551449 |	psnr_loss: 33.024261 |
[2024-07-03 10:04:54,983 | INFO | train_one_epoch] Train epoch 2: [8000/10000 (80.00%)] 	bpp_y_loss: 0.631231 |	bpp_z_loss: 0.007383 |	bpp_loss: 0.638613 |	mse_loss: 0.000528 |	loss: 1.496155 |	psnr_loss: 33.290035 |
[2024-07-03 10:09:09,796 | INFO | train_one_epoch] Train epoch 2: [9000/10000 (90.00%)] 	bpp_y_loss: 0.640508 |	bpp_z_loss: 0.006974 |	bpp_loss: 0.647482 |	mse_loss: 0.000540 |	loss: 1.525517 |	psnr_loss: 33.149208 |
[2024-07-03 10:13:32,704 | INFO | train_one_epoch] Train epoch 2: [10000/10000 (100.00%)] 	bpp_y_loss: 0.626816 |	bpp_z_loss: 0.006556 |	bpp_loss: 0.633372 |	mse_loss: 0.000516 |	loss: 1.472103 |	psnr_loss: 33.354927 |
[2024-07-03 10:13:35,304 | INFO | test_one_epoch] Testing results for epoch 3 | bpp_y_loss=0.68515 | bpp_z_loss=0.00354 | bpp_loss=0.68869 | mse_loss=0.00084 | loss=2.05861 | psnr_loss=31.28149
[2024-07-03 10:14:21,863 | INFO | train_one_epoch] Learning rate: 5e-05
[2024-07-03 10:14:23,358 | INFO | train_one_epoch] Train epoch 3: [0/10000 (0.00%)] 	bpp_y_loss: 0.633693 |	bpp_z_loss: 0.006454 |	bpp_loss: 0.640147 |	mse_loss: 0.000720 |	loss: 1.810192 |	psnr_loss: 31.428177 |
[2024-07-03 10:18:36,329 | INFO | train_one_epoch] Train epoch 3: [1000/10000 (10.00%)] 	bpp_y_loss: 0.623547 |	bpp_z_loss: 0.006258 |	bpp_loss: 0.629805 |	mse_loss: 0.000499 |	loss: 1.441017 |	psnr_loss: 33.514622 |
[2024-07-03 10:22:53,198 | INFO | train_one_epoch] Train epoch 3: [2000/10000 (20.00%)] 	bpp_y_loss: 0.632468 |	bpp_z_loss: 0.006046 |	bpp_loss: 0.638514 |	mse_loss: 0.000497 |	loss: 1.447180 |	psnr_loss: 33.546104 |
[2024-07-03 10:27:14,954 | INFO | train_one_epoch] Train epoch 3: [3000/10000 (30.00%)] 	bpp_y_loss: 0.638023 |	bpp_z_loss: 0.005826 |	bpp_loss: 0.643849 |	mse_loss: 0.000506 |	loss: 1.465799 |	psnr_loss: 33.427006 |
[2024-07-03 10:31:35,363 | INFO | train_one_epoch] Train epoch 3: [4000/10000 (40.00%)] 	bpp_y_loss: 0.632591 |	bpp_z_loss: 0.005664 |	bpp_loss: 0.638255 |	mse_loss: 0.000483 |	loss: 1.423379 |	psnr_loss: 33.603447 |
[2024-07-03 10:35:54,115 | INFO | train_one_epoch] Train epoch 3: [5000/10000 (50.00%)] 	bpp_y_loss: 0.641331 |	bpp_z_loss: 0.005508 |	bpp_loss: 0.646839 |	mse_loss: 0.000498 |	loss: 1.456155 |	psnr_loss: 33.505554 |
[2024-07-03 10:40:15,711 | INFO | train_one_epoch] Train epoch 3: [6000/10000 (60.00%)] 	bpp_y_loss: 0.631309 |	bpp_z_loss: 0.005365 |	bpp_loss: 0.636675 |	mse_loss: 0.000480 |	loss: 1.417076 |	psnr_loss: 33.663044 |
[2024-07-03 10:44:35,753 | INFO | train_one_epoch] Train epoch 3: [7000/10000 (70.00%)] 	bpp_y_loss: 0.629580 |	bpp_z_loss: 0.005233 |	bpp_loss: 0.634814 |	mse_loss: 0.000464 |	loss: 1.388424 |	psnr_loss: 33.770409 |
[2024-07-03 10:48:55,688 | INFO | train_one_epoch] Train epoch 3: [8000/10000 (80.00%)] 	bpp_y_loss: 0.630636 |	bpp_z_loss: 0.005148 |	bpp_loss: 0.635784 |	mse_loss: 0.000472 |	loss: 1.402864 |	psnr_loss: 33.774170 |
[2024-07-03 10:53:08,689 | INFO | train_one_epoch] Train epoch 3: [9000/10000 (90.00%)] 	bpp_y_loss: 0.644941 |	bpp_z_loss: 0.005044 |	bpp_loss: 0.649986 |	mse_loss: 0.000462 |	loss: 1.401449 |	psnr_loss: 33.781281 |
[2024-07-03 10:57:15,471 | INFO | train_one_epoch] Train epoch 3: [10000/10000 (100.00%)] 	bpp_y_loss: 0.625594 |	bpp_z_loss: 0.004966 |	bpp_loss: 0.630560 |	mse_loss: 0.000449 |	loss: 1.359659 |	psnr_loss: 33.891769 |
[2024-07-03 10:57:17,943 | INFO | test_one_epoch] Testing results for epoch 4 | bpp_y_loss=0.70717 | bpp_z_loss=0.00370 | bpp_loss=0.71087 | mse_loss=0.00070 | loss=1.84686 | psnr_loss=32.04019
[2024-07-03 10:57:40,652 | INFO | train_one_epoch] Learning rate: 5e-05
[2024-07-03 10:57:41,650 | INFO | train_one_epoch] Train epoch 4: [0/10000 (0.00%)] 	bpp_y_loss: 0.685964 |	bpp_z_loss: 0.005387 |	bpp_loss: 0.691351 |	mse_loss: 0.000548 |	loss: 1.582056 |	psnr_loss: 32.612865 |
[2024-07-03 11:01:48,292 | INFO | train_one_epoch] Train epoch 4: [1000/10000 (10.00%)] 	bpp_y_loss: 0.631490 |	bpp_z_loss: 0.004914 |	bpp_loss: 0.636405 |	mse_loss: 0.000450 |	loss: 1.367783 |	psnr_loss: 33.935989 |
[2024-07-03 11:05:57,446 | INFO | train_one_epoch] Train epoch 4: [2000/10000 (20.00%)] 	bpp_y_loss: 0.630960 |	bpp_z_loss: 0.004849 |	bpp_loss: 0.635808 |	mse_loss: 0.000442 |	loss: 1.354915 |	psnr_loss: 33.971920 |
[2024-07-03 11:10:06,013 | INFO | train_one_epoch] Train epoch 4: [3000/10000 (30.00%)] 	bpp_y_loss: 0.625715 |	bpp_z_loss: 0.004783 |	bpp_loss: 0.630498 |	mse_loss: 0.000428 |	loss: 1.326960 |	psnr_loss: 34.118130 |
[2024-07-03 11:14:18,007 | INFO | train_one_epoch] Train epoch 4: [4000/10000 (40.00%)] 	bpp_y_loss: 0.636267 |	bpp_z_loss: 0.004732 |	bpp_loss: 0.640998 |	mse_loss: 0.000439 |	loss: 1.354903 |	psnr_loss: 33.958035 |
[2024-07-03 11:18:32,720 | INFO | train_one_epoch] Train epoch 4: [5000/10000 (50.00%)] 	bpp_y_loss: 0.636412 |	bpp_z_loss: 0.004630 |	bpp_loss: 0.641043 |	mse_loss: 0.000445 |	loss: 1.364976 |	psnr_loss: 33.932907 |
[2024-07-03 11:22:57,625 | INFO | train_one_epoch] Train epoch 4: [6000/10000 (60.00%)] 	bpp_y_loss: 0.631050 |	bpp_z_loss: 0.004650 |	bpp_loss: 0.635700 |	mse_loss: 0.000436 |	loss: 1.344836 |	psnr_loss: 34.045494 |
[2024-07-03 11:27:13,396 | INFO | train_one_epoch] Train epoch 4: [7000/10000 (70.00%)] 	bpp_y_loss: 0.620489 |	bpp_z_loss: 0.004595 |	bpp_loss: 0.625084 |	mse_loss: 0.000415 |	loss: 1.300110 |	psnr_loss: 34.249298 |
[2024-07-03 11:31:41,461 | INFO | train_one_epoch] Train epoch 4: [8000/10000 (80.00%)] 	bpp_y_loss: 0.625922 |	bpp_z_loss: 0.004558 |	bpp_loss: 0.630480 |	mse_loss: 0.000412 |	loss: 1.300091 |	psnr_loss: 34.223312 |
[2024-07-03 11:36:15,185 | INFO | train_one_epoch] Train epoch 4: [9000/10000 (90.00%)] 	bpp_y_loss: 0.633041 |	bpp_z_loss: 0.004531 |	bpp_loss: 0.637572 |	mse_loss: 0.000425 |	loss: 1.329265 |	psnr_loss: 34.140667 |
[2024-07-03 11:40:30,861 | INFO | train_one_epoch] Train epoch 4: [10000/10000 (100.00%)] 	bpp_y_loss: 0.627144 |	bpp_z_loss: 0.004526 |	bpp_loss: 0.631670 |	mse_loss: 0.000433 |	loss: 1.335188 |	psnr_loss: 34.074814 |
[2024-07-03 11:40:33,360 | INFO | test_one_epoch] Testing results for epoch 5 | bpp_y_loss=0.71778 | bpp_z_loss=0.00341 | bpp_loss=0.72119 | mse_loss=0.00063 | loss=1.74096 | psnr_loss=32.48211
[2024-07-03 11:41:27,336 | INFO | train_one_epoch] Learning rate: 5e-05
[2024-07-03 11:41:28,199 | INFO | train_one_epoch] Train epoch 5: [0/10000 (0.00%)] 	bpp_y_loss: 0.603528 |	bpp_z_loss: 0.004067 |	bpp_loss: 0.607596 |	mse_loss: 0.000271 |	loss: 1.048260 |	psnr_loss: 35.669128 |
[2024-07-03 11:45:56,425 | INFO | train_one_epoch] Train epoch 5: [1000/10000 (10.00%)] 	bpp_y_loss: 0.632036 |	bpp_z_loss: 0.004511 |	bpp_loss: 0.636547 |	mse_loss: 0.000424 |	loss: 1.326530 |	psnr_loss: 34.142387 |
[2024-07-03 11:50:29,033 | INFO | train_one_epoch] Train epoch 5: [2000/10000 (20.00%)] 	bpp_y_loss: 0.627437 |	bpp_z_loss: 0.004513 |	bpp_loss: 0.631951 |	mse_loss: 0.000417 |	loss: 1.310601 |	psnr_loss: 34.258121 |
[2024-07-03 11:54:48,786 | INFO | train_one_epoch] Train epoch 5: [3000/10000 (30.00%)] 	bpp_y_loss: 0.626514 |	bpp_z_loss: 0.004471 |	bpp_loss: 0.630986 |	mse_loss: 0.000409 |	loss: 1.295184 |	psnr_loss: 34.327541 |
[2024-07-03 11:59:10,249 | INFO | train_one_epoch] Train epoch 5: [4000/10000 (40.00%)] 	bpp_y_loss: 0.626677 |	bpp_z_loss: 0.004472 |	bpp_loss: 0.631149 |	mse_loss: 0.000401 |	loss: 1.282448 |	psnr_loss: 34.375374 |
[2024-07-03 12:03:37,271 | INFO | train_one_epoch] Train epoch 5: [5000/10000 (50.00%)] 	bpp_y_loss: 0.622603 |	bpp_z_loss: 0.004463 |	bpp_loss: 0.627066 |	mse_loss: 0.000401 |	loss: 1.278910 |	psnr_loss: 34.371330 |
[2024-07-03 12:08:00,435 | INFO | train_one_epoch] Train epoch 5: [6000/10000 (60.00%)] 	bpp_y_loss: 0.631602 |	bpp_z_loss: 0.004465 |	bpp_loss: 0.636066 |	mse_loss: 0.000402 |	loss: 1.289898 |	psnr_loss: 34.346115 |
[2024-07-03 12:12:27,281 | INFO | train_one_epoch] Train epoch 5: [7000/10000 (70.00%)] 	bpp_y_loss: 0.619584 |	bpp_z_loss: 0.004451 |	bpp_loss: 0.624035 |	mse_loss: 0.000389 |	loss: 1.256901 |	psnr_loss: 34.509296 |
[2024-07-03 12:16:54,963 | INFO | train_one_epoch] Train epoch 5: [8000/10000 (80.00%)] 	bpp_y_loss: 0.629199 |	bpp_z_loss: 0.004473 |	bpp_loss: 0.633671 |	mse_loss: 0.000402 |	loss: 1.287470 |	psnr_loss: 34.356819 |
[2024-07-03 12:21:35,081 | INFO | train_one_epoch] Train epoch 5: [9000/10000 (90.00%)] 	bpp_y_loss: 0.618278 |	bpp_z_loss: 0.004460 |	bpp_loss: 0.622738 |	mse_loss: 0.000384 |	loss: 1.247169 |	psnr_loss: 34.537888 |
[2024-07-03 12:25:51,825 | INFO | train_one_epoch] Train epoch 5: [10000/10000 (100.00%)] 	bpp_y_loss: 0.624144 |	bpp_z_loss: 0.004475 |	bpp_loss: 0.628619 |	mse_loss: 0.000390 |	loss: 1.262114 |	psnr_loss: 34.510029 |
[2024-07-03 12:25:54,227 | INFO | test_one_epoch] Testing results for epoch 6 | bpp_y_loss=0.72050 | bpp_z_loss=0.00357 | bpp_loss=0.72407 | mse_loss=0.00060 | loss=1.70559 | psnr_loss=32.60200
[2024-07-03 12:26:38,613 | INFO | train_one_epoch] Learning rate: 5e-05
[2024-07-03 12:26:39,430 | INFO | train_one_epoch] Train epoch 6: [0/10000 (0.00%)] 	bpp_y_loss: 0.838530 |	bpp_z_loss: 0.004655 |	bpp_loss: 0.843186 |	mse_loss: 0.000678 |	loss: 1.945647 |	psnr_loss: 31.686571 |
[2024-07-03 12:30:52,355 | INFO | train_one_epoch] Train epoch 6: [1000/10000 (10.00%)] 	bpp_y_loss: 0.624729 |	bpp_z_loss: 0.004472 |	bpp_loss: 0.629202 |	mse_loss: 0.000383 |	loss: 1.251284 |	psnr_loss: 34.517731 |
[2024-07-03 12:35:00,091 | INFO | train_one_epoch] Train epoch 6: [2000/10000 (20.00%)] 	bpp_y_loss: 0.627381 |	bpp_z_loss: 0.004448 |	bpp_loss: 0.631829 |	mse_loss: 0.000394 |	loss: 1.271649 |	psnr_loss: 34.411671 |
[2024-07-03 12:39:11,628 | INFO | train_one_epoch] Train epoch 6: [3000/10000 (30.00%)] 	bpp_y_loss: 0.622930 |	bpp_z_loss: 0.004515 |	bpp_loss: 0.627445 |	mse_loss: 0.000385 |	loss: 1.253572 |	psnr_loss: 34.518902 |
[2024-07-03 12:43:20,928 | INFO | train_one_epoch] Train epoch 6: [4000/10000 (40.00%)] 	bpp_y_loss: 0.623644 |	bpp_z_loss: 0.004506 |	bpp_loss: 0.628151 |	mse_loss: 0.000379 |	loss: 1.244051 |	psnr_loss: 34.576576 |
[2024-07-03 12:47:29,687 | INFO | train_one_epoch] Train epoch 6: [5000/10000 (50.00%)] 	bpp_y_loss: 0.632736 |	bpp_z_loss: 0.004524 |	bpp_loss: 0.637260 |	mse_loss: 0.000389 |	loss: 1.269254 |	psnr_loss: 34.506432 |
[2024-07-03 12:51:45,439 | INFO | train_one_epoch] Train epoch 6: [6000/10000 (60.00%)] 	bpp_y_loss: 0.630952 |	bpp_z_loss: 0.004530 |	bpp_loss: 0.635482 |	mse_loss: 0.000390 |	loss: 1.269771 |	psnr_loss: 34.514259 |
[2024-07-03 12:55:58,466 | INFO | train_one_epoch] Train epoch 6: [7000/10000 (70.00%)] 	bpp_y_loss: 0.621145 |	bpp_z_loss: 0.004539 |	bpp_loss: 0.625684 |	mse_loss: 0.000384 |	loss: 1.250109 |	psnr_loss: 34.547462 |
[2024-07-03 13:00:12,984 | INFO | train_one_epoch] Train epoch 6: [8000/10000 (80.00%)] 	bpp_y_loss: 0.616382 |	bpp_z_loss: 0.004511 |	bpp_loss: 0.620893 |	mse_loss: 0.000373 |	loss: 1.227245 |	psnr_loss: 34.658985 |
[2024-07-03 13:04:32,138 | INFO | train_one_epoch] Train epoch 6: [9000/10000 (90.00%)] 	bpp_y_loss: 0.626266 |	bpp_z_loss: 0.004553 |	bpp_loss: 0.630819 |	mse_loss: 0.000374 |	loss: 1.239287 |	psnr_loss: 34.641247 |
[2024-07-03 13:08:40,728 | INFO | train_one_epoch] Train epoch 6: [10000/10000 (100.00%)] 	bpp_y_loss: 0.622279 |	bpp_z_loss: 0.004559 |	bpp_loss: 0.626837 |	mse_loss: 0.000370 |	loss: 1.227657 |	psnr_loss: 34.717430 |
[2024-07-03 13:08:43,783 | INFO | test_one_epoch] Testing results for epoch 7 | bpp_y_loss=0.72935 | bpp_z_loss=0.00393 | bpp_loss=0.73328 | mse_loss=0.00055 | loss=1.62083 | psnr_loss=33.05621
[2024-07-03 13:09:04,181 | INFO | train_one_epoch] Learning rate: 5e-05
[2024-07-03 13:09:05,254 | INFO | train_one_epoch] Train epoch 7: [0/10000 (0.00%)] 	bpp_y_loss: 0.579632 |	bpp_z_loss: 0.004321 |	bpp_loss: 0.583953 |	mse_loss: 0.000335 |	loss: 1.128213 |	psnr_loss: 34.752140 |
[2024-07-03 13:13:21,517 | INFO | train_one_epoch] Train epoch 7: [1000/10000 (10.00%)] 	bpp_y_loss: 0.625821 |	bpp_z_loss: 0.004576 |	bpp_loss: 0.630396 |	mse_loss: 0.000375 |	loss: 1.239908 |	psnr_loss: 34.628498 |
[2024-07-03 13:17:50,090 | INFO | train_one_epoch] Train epoch 7: [2000/10000 (20.00%)] 	bpp_y_loss: 0.628174 |	bpp_z_loss: 0.004589 |	bpp_loss: 0.632762 |	mse_loss: 0.000373 |	loss: 1.239913 |	psnr_loss: 34.628284 |
[2024-07-03 13:22:09,883 | INFO | train_one_epoch] Train epoch 7: [3000/10000 (30.00%)] 	bpp_y_loss: 0.622023 |	bpp_z_loss: 0.004583 |	bpp_loss: 0.626605 |	mse_loss: 0.000370 |	loss: 1.227510 |	psnr_loss: 34.742870 |
[2024-07-03 13:26:23,085 | INFO | train_one_epoch] Train epoch 7: [4000/10000 (40.00%)] 	bpp_y_loss: 0.625422 |	bpp_z_loss: 0.004601 |	bpp_loss: 0.630023 |	mse_loss: 0.000383 |	loss: 1.253110 |	psnr_loss: 34.595974 |
[2024-07-03 13:30:45,553 | INFO | train_one_epoch] Train epoch 7: [5000/10000 (50.00%)] 	bpp_y_loss: 0.623420 |	bpp_z_loss: 0.004599 |	bpp_loss: 0.628018 |	mse_loss: 0.000367 |	loss: 1.225240 |	psnr_loss: 34.712624 |
[2024-07-03 13:34:56,816 | INFO | train_one_epoch] Train epoch 7: [6000/10000 (60.00%)] 	bpp_y_loss: 0.623522 |	bpp_z_loss: 0.004601 |	bpp_loss: 0.628123 |	mse_loss: 0.000369 |	loss: 1.227509 |	psnr_loss: 34.720886 |
[2024-07-03 13:39:02,178 | INFO | train_one_epoch] Train epoch 7: [7000/10000 (70.00%)] 	bpp_y_loss: 0.623480 |	bpp_z_loss: 0.004591 |	bpp_loss: 0.628071 |	mse_loss: 0.000368 |	loss: 1.225895 |	psnr_loss: 34.723942 |
[2024-07-03 13:43:16,316 | INFO | train_one_epoch] Train epoch 7: [8000/10000 (80.00%)] 	bpp_y_loss: 0.622370 |	bpp_z_loss: 0.004606 |	bpp_loss: 0.626976 |	mse_loss: 0.000364 |	loss: 1.218528 |	psnr_loss: 34.751389 |
[2024-07-03 13:47:25,942 | INFO | train_one_epoch] Train epoch 7: [9000/10000 (90.00%)] 	bpp_y_loss: 0.617587 |	bpp_z_loss: 0.004615 |	bpp_loss: 0.622202 |	mse_loss: 0.000366 |	loss: 1.216956 |	psnr_loss: 34.772675 |
[2024-07-03 13:51:46,159 | INFO | train_one_epoch] Train epoch 7: [10000/10000 (100.00%)] 	bpp_y_loss: 0.616420 |	bpp_z_loss: 0.004607 |	bpp_loss: 0.621027 |	mse_loss: 0.000361 |	loss: 1.207786 |	psnr_loss: 34.818573 |
[2024-07-03 13:51:48,575 | INFO | test_one_epoch] Testing results for epoch 8 | bpp_y_loss=0.73915 | bpp_z_loss=0.00394 | bpp_loss=0.74309 | mse_loss=0.00051 | loss=1.56472 | psnr_loss=33.40928
[2024-07-03 13:52:18,769 | INFO | train_one_epoch] Learning rate: 5e-05
[2024-07-03 13:52:19,729 | INFO | train_one_epoch] Train epoch 8: [0/10000 (0.00%)] 	bpp_y_loss: 0.925760 |	bpp_z_loss: 0.005725 |	bpp_loss: 0.931485 |	mse_loss: 0.000527 |	loss: 1.787538 |	psnr_loss: 32.785194 |
[2024-07-03 13:56:32,125 | INFO | train_one_epoch] Train epoch 8: [1000/10000 (10.00%)] 	bpp_y_loss: 0.619972 |	bpp_z_loss: 0.004621 |	bpp_loss: 0.624593 |	mse_loss: 0.000353 |	loss: 1.199123 |	psnr_loss: 34.869076 |
[2024-07-03 14:00:59,417 | INFO | train_one_epoch] Train epoch 8: [2000/10000 (20.00%)] 	bpp_y_loss: 0.615725 |	bpp_z_loss: 0.004613 |	bpp_loss: 0.620338 |	mse_loss: 0.000353 |	loss: 1.194708 |	psnr_loss: 34.857323 |
[2024-07-03 14:05:12,509 | INFO | train_one_epoch] Train epoch 8: [3000/10000 (30.00%)] 	bpp_y_loss: 0.622666 |	bpp_z_loss: 0.004664 |	bpp_loss: 0.627330 |	mse_loss: 0.000359 |	loss: 1.211560 |	psnr_loss: 34.809750 |
[2024-07-03 14:09:48,955 | INFO | train_one_epoch] Train epoch 8: [4000/10000 (40.00%)] 	bpp_y_loss: 0.621386 |	bpp_z_loss: 0.004641 |	bpp_loss: 0.626028 |	mse_loss: 0.000356 |	loss: 1.204593 |	psnr_loss: 34.849754 |
[2024-07-03 14:14:16,281 | INFO | train_one_epoch] Train epoch 8: [5000/10000 (50.00%)] 	bpp_y_loss: 0.622964 |	bpp_z_loss: 0.004662 |	bpp_loss: 0.627627 |	mse_loss: 0.000362 |	loss: 1.216118 |	psnr_loss: 34.757915 |
[2024-07-03 14:18:46,641 | INFO | train_one_epoch] Train epoch 8: [6000/10000 (60.00%)] 	bpp_y_loss: 0.622067 |	bpp_z_loss: 0.004656 |	bpp_loss: 0.626723 |	mse_loss: 0.000355 |	loss: 1.204340 |	psnr_loss: 34.860554 |
[2024-07-03 14:23:15,617 | INFO | train_one_epoch] Train epoch 8: [7000/10000 (70.00%)] 	bpp_y_loss: 0.615961 |	bpp_z_loss: 0.004642 |	bpp_loss: 0.620603 |	mse_loss: 0.000344 |	loss: 1.180476 |	psnr_loss: 34.954704 |
[2024-07-03 14:27:37,821 | INFO | train_one_epoch] Train epoch 8: [8000/10000 (80.00%)] 	bpp_y_loss: 0.620150 |	bpp_z_loss: 0.004660 |	bpp_loss: 0.624809 |	mse_loss: 0.000361 |	loss: 1.211403 |	psnr_loss: 34.784672 |
[2024-07-03 14:32:14,271 | INFO | train_one_epoch] Train epoch 8: [9000/10000 (90.00%)] 	bpp_y_loss: 0.626584 |	bpp_z_loss: 0.004681 |	bpp_loss: 0.631265 |	mse_loss: 0.000360 |	loss: 1.217065 |	psnr_loss: 34.783291 |
[2024-07-03 14:37:00,702 | INFO | train_one_epoch] Train epoch 8: [10000/10000 (100.00%)] 	bpp_y_loss: 0.611312 |	bpp_z_loss: 0.004673 |	bpp_loss: 0.615985 |	mse_loss: 0.000346 |	loss: 1.178734 |	psnr_loss: 34.982670 |
[2024-07-03 14:37:03,288 | INFO | test_one_epoch] Testing results for epoch 9 | bpp_y_loss=0.74017 | bpp_z_loss=0.00415 | bpp_loss=0.74433 | mse_loss=0.00049 | loss=1.54091 | psnr_loss=33.52113
[2024-07-03 14:37:22,791 | INFO | train_one_epoch] Learning rate: 5e-05
[2024-07-03 14:37:23,887 | INFO | train_one_epoch] Train epoch 9: [0/10000 (0.00%)] 	bpp_y_loss: 0.660388 |	bpp_z_loss: 0.004617 |	bpp_loss: 0.665005 |	mse_loss: 0.000313 |	loss: 1.174609 |	psnr_loss: 35.037876 |
[2024-07-03 14:41:52,443 | INFO | train_one_epoch] Train epoch 9: [1000/10000 (10.00%)] 	bpp_y_loss: 0.621504 |	bpp_z_loss: 0.004682 |	bpp_loss: 0.626187 |	mse_loss: 0.000356 |	loss: 1.204190 |	psnr_loss: 34.842072 |
[2024-07-03 14:46:21,651 | INFO | train_one_epoch] Train epoch 9: [2000/10000 (20.00%)] 	bpp_y_loss: 0.607115 |	bpp_z_loss: 0.004643 |	bpp_loss: 0.611758 |	mse_loss: 0.000338 |	loss: 1.160467 |	psnr_loss: 35.073566 |
[2024-07-03 14:50:51,999 | INFO | train_one_epoch] Train epoch 9: [3000/10000 (30.00%)] 	bpp_y_loss: 0.610769 |	bpp_z_loss: 0.004675 |	bpp_loss: 0.615443 |	mse_loss: 0.000343 |	loss: 1.173648 |	psnr_loss: 35.008900 |
[2024-07-03 14:55:15,222 | INFO | train_one_epoch] Train epoch 9: [4000/10000 (40.00%)] 	bpp_y_loss: 0.608154 |	bpp_z_loss: 0.004661 |	bpp_loss: 0.612815 |	mse_loss: 0.000338 |	loss: 1.162080 |	psnr_loss: 35.042740 |
[2024-07-03 14:59:28,450 | INFO | train_one_epoch] Train epoch 9: [5000/10000 (50.00%)] 	bpp_y_loss: 0.614244 |	bpp_z_loss: 0.004692 |	bpp_loss: 0.618936 |	mse_loss: 0.000346 |	loss: 1.181333 |	psnr_loss: 35.007355 |
[2024-07-03 15:03:41,846 | INFO | train_one_epoch] Train epoch 9: [6000/10000 (60.00%)] 	bpp_y_loss: 0.618338 |	bpp_z_loss: 0.004690 |	bpp_loss: 0.623028 |	mse_loss: 0.000342 |	loss: 1.179574 |	psnr_loss: 34.983723 |
[2024-07-03 15:08:09,990 | INFO | train_one_epoch] Train epoch 9: [7000/10000 (70.00%)] 	bpp_y_loss: 0.617119 |	bpp_z_loss: 0.004709 |	bpp_loss: 0.621826 |	mse_loss: 0.000347 |	loss: 1.186484 |	psnr_loss: 34.948105 |
[2024-07-03 15:12:34,474 | INFO | train_one_epoch] Train epoch 9: [8000/10000 (80.00%)] 	bpp_y_loss: 0.625608 |	bpp_z_loss: 0.004726 |	bpp_loss: 0.630333 |	mse_loss: 0.000351 |	loss: 1.201737 |	psnr_loss: 34.893768 |
[2024-07-03 15:17:05,894 | INFO | train_one_epoch] Train epoch 9: [9000/10000 (90.00%)] 	bpp_y_loss: 0.614461 |	bpp_z_loss: 0.004697 |	bpp_loss: 0.619159 |	mse_loss: 0.000340 |	loss: 1.171706 |	psnr_loss: 35.071503 |
[2024-07-03 15:21:27,415 | INFO | train_one_epoch] Train epoch 9: [10000/10000 (100.00%)] 	bpp_y_loss: 0.617487 |	bpp_z_loss: 0.004724 |	bpp_loss: 0.622212 |	mse_loss: 0.000337 |	loss: 1.169937 |	psnr_loss: 35.091881 |
[2024-07-03 15:21:30,169 | INFO | test_one_epoch] Testing results for epoch 10 | bpp_y_loss=0.73277 | bpp_z_loss=0.00426 | bpp_loss=0.73702 | mse_loss=0.00049 | loss=1.52878 | psnr_loss=33.52180
[2024-07-03 15:21:53,041 | INFO | train_one_epoch] Learning rate: 5e-05
[2024-07-03 15:21:54,037 | INFO | train_one_epoch] Train epoch 10: [0/10000 (0.00%)] 	bpp_y_loss: 0.604144 |	bpp_z_loss: 0.004729 |	bpp_loss: 0.608872 |	mse_loss: 0.000262 |	loss: 1.035584 |	psnr_loss: 35.808861 |
[2024-07-03 15:26:14,958 | INFO | train_one_epoch] Train epoch 10: [1000/10000 (10.00%)] 	bpp_y_loss: 0.611095 |	bpp_z_loss: 0.004721 |	bpp_loss: 0.615816 |	mse_loss: 0.000333 |	loss: 1.156805 |	psnr_loss: 35.099648 |
[2024-07-03 15:30:42,789 | INFO | train_one_epoch] Train epoch 10: [2000/10000 (20.00%)] 	bpp_y_loss: 0.615366 |	bpp_z_loss: 0.004725 |	bpp_loss: 0.620091 |	mse_loss: 0.000335 |	loss: 1.165421 |	psnr_loss: 35.102554 |
[2024-07-03 15:35:15,324 | INFO | train_one_epoch] Train epoch 10: [3000/10000 (30.00%)] 	bpp_y_loss: 0.615079 |	bpp_z_loss: 0.004732 |	bpp_loss: 0.619811 |	mse_loss: 0.000339 |	loss: 1.170276 |	psnr_loss: 35.047741 |
[2024-07-03 15:39:39,607 | INFO | train_one_epoch] Train epoch 10: [4000/10000 (40.00%)] 	bpp_y_loss: 0.623222 |	bpp_z_loss: 0.004773 |	bpp_loss: 0.627995 |	mse_loss: 0.000343 |	loss: 1.184841 |	psnr_loss: 35.014580 |
[2024-07-03 15:44:07,713 | INFO | train_one_epoch] Train epoch 10: [5000/10000 (50.00%)] 	bpp_y_loss: 0.615577 |	bpp_z_loss: 0.004737 |	bpp_loss: 0.620314 |	mse_loss: 0.000329 |	loss: 1.155358 |	psnr_loss: 35.149837 |
[2024-07-03 15:48:31,890 | INFO | train_one_epoch] Train epoch 10: [6000/10000 (60.00%)] 	bpp_y_loss: 0.622320 |	bpp_z_loss: 0.004738 |	bpp_loss: 0.627059 |	mse_loss: 0.000341 |	loss: 1.181510 |	psnr_loss: 35.020462 |
[2024-07-03 15:53:00,799 | INFO | train_one_epoch] Train epoch 10: [7000/10000 (70.00%)] 	bpp_y_loss: 0.611536 |	bpp_z_loss: 0.004733 |	bpp_loss: 0.616269 |	mse_loss: 0.000333 |	loss: 1.158247 |	psnr_loss: 35.136627 |
[2024-07-03 15:57:19,228 | INFO | train_one_epoch] Train epoch 10: [8000/10000 (80.00%)] 	bpp_y_loss: 0.616536 |	bpp_z_loss: 0.004747 |	bpp_loss: 0.621283 |	mse_loss: 0.000329 |	loss: 1.155421 |	psnr_loss: 35.138649 |
[2024-07-03 16:01:39,235 | INFO | train_one_epoch] Train epoch 10: [9000/10000 (90.00%)] 	bpp_y_loss: 0.617089 |	bpp_z_loss: 0.004771 |	bpp_loss: 0.621860 |	mse_loss: 0.000331 |	loss: 1.159729 |	psnr_loss: 35.130898 |
[2024-07-03 16:05:52,570 | INFO | train_one_epoch] Train epoch 10: [10000/10000 (100.00%)] 	bpp_y_loss: 0.611107 |	bpp_z_loss: 0.004743 |	bpp_loss: 0.615849 |	mse_loss: 0.000325 |	loss: 1.144541 |	psnr_loss: 35.189651 |
[2024-07-03 16:05:55,252 | INFO | test_one_epoch] Testing results for epoch 11 | bpp_y_loss=0.73609 | bpp_z_loss=0.00422 | bpp_loss=0.74030 | mse_loss=0.00049 | loss=1.53273 | psnr_loss=33.52282
[2024-07-03 16:06:04,056 | INFO | train_one_epoch] Learning rate: 5e-05
[2024-07-03 16:06:04,992 | INFO | train_one_epoch] Train epoch 11: [0/10000 (0.00%)] 	bpp_y_loss: 0.779965 |	bpp_z_loss: 0.005048 |	bpp_loss: 0.785013 |	mse_loss: 0.000344 |	loss: 1.343948 |	psnr_loss: 34.636597 |
[2024-07-03 16:10:34,416 | INFO | train_one_epoch] Train epoch 11: [1000/10000 (10.00%)] 	bpp_y_loss: 0.610654 |	bpp_z_loss: 0.004748 |	bpp_loss: 0.615402 |	mse_loss: 0.000325 |	loss: 1.143649 |	psnr_loss: 35.213837 |
[2024-07-03 16:15:04,070 | INFO | train_one_epoch] Train epoch 11: [2000/10000 (20.00%)] 	bpp_y_loss: 0.616949 |	bpp_z_loss: 0.004750 |	bpp_loss: 0.621698 |	mse_loss: 0.000335 |	loss: 1.166028 |	psnr_loss: 35.115944 |
[2024-07-03 16:19:25,721 | INFO | train_one_epoch] Train epoch 11: [3000/10000 (30.00%)] 	bpp_y_loss: 0.609441 |	bpp_z_loss: 0.004767 |	bpp_loss: 0.614208 |	mse_loss: 0.000326 |	loss: 1.143973 |	psnr_loss: 35.202312 |
[2024-07-03 16:23:51,746 | INFO | train_one_epoch] Train epoch 11: [4000/10000 (40.00%)] 	bpp_y_loss: 0.611654 |	bpp_z_loss: 0.004762 |	bpp_loss: 0.616416 |	mse_loss: 0.000328 |	loss: 1.150014 |	psnr_loss: 35.173141 |
[2024-07-03 16:28:06,445 | INFO | train_one_epoch] Train epoch 11: [5000/10000 (50.00%)] 	bpp_y_loss: 0.605491 |	bpp_z_loss: 0.004749 |	bpp_loss: 0.610240 |	mse_loss: 0.000319 |	loss: 1.128488 |	psnr_loss: 35.274998 |
[2024-07-03 16:32:29,091 | INFO | train_one_epoch] Train epoch 11: [6000/10000 (60.00%)] 	bpp_y_loss: 0.613155 |	bpp_z_loss: 0.004766 |	bpp_loss: 0.617921 |	mse_loss: 0.000325 |	loss: 1.146809 |	psnr_loss: 35.227367 |
[2024-07-03 16:36:46,688 | INFO | train_one_epoch] Train epoch 11: [7000/10000 (70.00%)] 	bpp_y_loss: 0.615656 |	bpp_z_loss: 0.004773 |	bpp_loss: 0.620429 |	mse_loss: 0.000321 |	loss: 1.141516 |	psnr_loss: 35.266743 |
[2024-07-03 16:41:11,248 | INFO | train_one_epoch] Train epoch 11: [8000/10000 (80.00%)] 	bpp_y_loss: 0.619316 |	bpp_z_loss: 0.004779 |	bpp_loss: 0.624095 |	mse_loss: 0.000329 |	loss: 1.158292 |	psnr_loss: 35.166916 |
[2024-07-03 16:45:34,712 | INFO | train_one_epoch] Train epoch 11: [9000/10000 (90.00%)] 	bpp_y_loss: 0.611584 |	bpp_z_loss: 0.004773 |	bpp_loss: 0.616357 |	mse_loss: 0.000326 |	loss: 1.146630 |	psnr_loss: 35.209229 |
[2024-07-03 16:50:01,185 | INFO | train_one_epoch] Train epoch 11: [10000/10000 (100.00%)] 	bpp_y_loss: 0.614529 |	bpp_z_loss: 0.004774 |	bpp_loss: 0.619303 |	mse_loss: 0.000325 |	loss: 1.146867 |	psnr_loss: 35.225903 |
[2024-07-03 16:50:03,746 | INFO | test_one_epoch] Testing results for epoch 12 | bpp_y_loss=0.73331 | bpp_z_loss=0.00441 | bpp_loss=0.73773 | mse_loss=0.00046 | loss=1.47884 | psnr_loss=33.79375
[2024-07-03 16:50:23,109 | INFO | train_one_epoch] Learning rate: 5e-05
[2024-07-03 16:50:24,211 | INFO | train_one_epoch] Train epoch 12: [0/10000 (0.00%)] 	bpp_y_loss: 0.457265 |	bpp_z_loss: 0.004429 |	bpp_loss: 0.461694 |	mse_loss: 0.000308 |	loss: 0.962106 |	psnr_loss: 35.116928 |
[2024-07-03 16:54:57,315 | INFO | train_one_epoch] Train epoch 12: [1000/10000 (10.00%)] 	bpp_y_loss: 0.621952 |	bpp_z_loss: 0.004795 |	bpp_loss: 0.626747 |	mse_loss: 0.000329 |	loss: 1.161242 |	psnr_loss: 35.173428 |
[2024-07-03 16:59:18,829 | INFO | train_one_epoch] Train epoch 12: [2000/10000 (20.00%)] 	bpp_y_loss: 0.622941 |	bpp_z_loss: 0.004806 |	bpp_loss: 0.627747 |	mse_loss: 0.000324 |	loss: 1.155050 |	psnr_loss: 35.185509 |
[2024-07-03 17:03:38,438 | INFO | train_one_epoch] Train epoch 12: [3000/10000 (30.00%)] 	bpp_y_loss: 0.613024 |	bpp_z_loss: 0.004804 |	bpp_loss: 0.617828 |	mse_loss: 0.000320 |	loss: 1.137382 |	psnr_loss: 35.308666 |
[2024-07-03 17:08:00,476 | INFO | train_one_epoch] Train epoch 12: [4000/10000 (40.00%)] 	bpp_y_loss: 0.610232 |	bpp_z_loss: 0.004769 |	bpp_loss: 0.615001 |	mse_loss: 0.000315 |	loss: 1.126861 |	psnr_loss: 35.311993 |
[2024-07-03 17:12:10,278 | INFO | train_one_epoch] Train epoch 12: [5000/10000 (50.00%)] 	bpp_y_loss: 0.616982 |	bpp_z_loss: 0.004794 |	bpp_loss: 0.621777 |	mse_loss: 0.000319 |	loss: 1.140136 |	psnr_loss: 35.264725 |
[2024-07-03 17:16:23,181 | INFO | train_one_epoch] Train epoch 12: [6000/10000 (60.00%)] 	bpp_y_loss: 0.611071 |	bpp_z_loss: 0.004782 |	bpp_loss: 0.615854 |	mse_loss: 0.000312 |	loss: 1.123736 |	psnr_loss: 35.345554 |
[2024-07-03 17:20:40,568 | INFO | train_one_epoch] Train epoch 12: [7000/10000 (70.00%)] 	bpp_y_loss: 0.616002 |	bpp_z_loss: 0.004805 |	bpp_loss: 0.620807 |	mse_loss: 0.000320 |	loss: 1.141731 |	psnr_loss: 35.270401 |
[2024-07-03 17:24:54,818 | INFO | train_one_epoch] Train epoch 12: [8000/10000 (80.00%)] 	bpp_y_loss: 0.612242 |	bpp_z_loss: 0.004787 |	bpp_loss: 0.617029 |	mse_loss: 0.000315 |	loss: 1.129253 |	psnr_loss: 35.298809 |
[2024-07-03 17:29:10,290 | INFO | train_one_epoch] Train epoch 12: [9000/10000 (90.00%)] 	bpp_y_loss: 0.613786 |	bpp_z_loss: 0.004795 |	bpp_loss: 0.618581 |	mse_loss: 0.000317 |	loss: 1.133255 |	psnr_loss: 35.316673 |
[2024-07-03 17:33:19,700 | INFO | train_one_epoch] Train epoch 12: [10000/10000 (100.00%)] 	bpp_y_loss: 0.617637 |	bpp_z_loss: 0.004802 |	bpp_loss: 0.622439 |	mse_loss: 0.000318 |	loss: 1.138772 |	psnr_loss: 35.310894 |
[2024-07-03 17:33:21,996 | INFO | test_one_epoch] Testing results for epoch 13 | bpp_y_loss=0.74600 | bpp_z_loss=0.00462 | bpp_loss=0.75062 | mse_loss=0.00045 | loss=1.48008 | psnr_loss=33.86903
[2024-07-03 17:33:33,440 | INFO | train_one_epoch] Learning rate: 5e-05
[2024-07-03 17:33:34,440 | INFO | train_one_epoch] Train epoch 13: [0/10000 (0.00%)] 	bpp_y_loss: 0.772307 |	bpp_z_loss: 0.005096 |	bpp_loss: 0.777403 |	mse_loss: 0.000449 |	loss: 1.507743 |	psnr_loss: 33.474953 |
[2024-07-03 17:37:55,110 | INFO | train_one_epoch] Train epoch 13: [1000/10000 (10.00%)] 	bpp_y_loss: 0.616485 |	bpp_z_loss: 0.004819 |	bpp_loss: 0.621303 |	mse_loss: 0.000320 |	loss: 1.142208 |	psnr_loss: 35.284176 |
[2024-07-03 17:42:25,595 | INFO | train_one_epoch] Train epoch 13: [2000/10000 (20.00%)] 	bpp_y_loss: 0.609215 |	bpp_z_loss: 0.004789 |	bpp_loss: 0.614004 |	mse_loss: 0.000315 |	loss: 1.126077 |	psnr_loss: 35.324165 |
[2024-07-03 17:46:55,489 | INFO | train_one_epoch] Train epoch 13: [3000/10000 (30.00%)] 	bpp_y_loss: 0.618633 |	bpp_z_loss: 0.004810 |	bpp_loss: 0.623444 |	mse_loss: 0.000326 |	loss: 1.153563 |	psnr_loss: 35.215324 |
[2024-07-03 17:51:18,594 | INFO | train_one_epoch] Train epoch 13: [4000/10000 (40.00%)] 	bpp_y_loss: 0.612238 |	bpp_z_loss: 0.004805 |	bpp_loss: 0.617043 |	mse_loss: 0.000315 |	loss: 1.129497 |	psnr_loss: 35.331894 |
[2024-07-03 17:55:38,203 | INFO | train_one_epoch] Train epoch 13: [5000/10000 (50.00%)] 	bpp_y_loss: 0.609613 |	bpp_z_loss: 0.004803 |	bpp_loss: 0.614417 |	mse_loss: 0.000316 |	loss: 1.128723 |	psnr_loss: 35.319820 |
[2024-07-03 18:00:07,746 | INFO | train_one_epoch] Train epoch 13: [6000/10000 (60.00%)] 	bpp_y_loss: 0.608295 |	bpp_z_loss: 0.004804 |	bpp_loss: 0.613099 |	mse_loss: 0.000310 |	loss: 1.116382 |	psnr_loss: 35.383427 |
[2024-07-03 18:04:20,070 | INFO | train_one_epoch] Train epoch 13: [7000/10000 (70.00%)] 	bpp_y_loss: 0.611971 |	bpp_z_loss: 0.004801 |	bpp_loss: 0.616772 |	mse_loss: 0.000307 |	loss: 1.116099 |	psnr_loss: 35.413162 |
[2024-07-03 18:08:33,822 | INFO | train_one_epoch] Train epoch 13: [8000/10000 (80.00%)] 	bpp_y_loss: 0.616282 |	bpp_z_loss: 0.004810 |	bpp_loss: 0.621091 |	mse_loss: 0.000319 |	loss: 1.140189 |	psnr_loss: 35.294926 |
[2024-07-03 18:12:28,859 | INFO | train_one_epoch] Train epoch 13: [9000/10000 (90.00%)] 	bpp_y_loss: 0.613532 |	bpp_z_loss: 0.004786 |	bpp_loss: 0.618318 |	mse_loss: 0.000312 |	loss: 1.125025 |	psnr_loss: 35.355240 |
[2024-07-03 18:16:37,349 | INFO | train_one_epoch] Train epoch 13: [10000/10000 (100.00%)] 	bpp_y_loss: 0.607397 |	bpp_z_loss: 0.004797 |	bpp_loss: 0.612193 |	mse_loss: 0.000304 |	loss: 1.106686 |	psnr_loss: 35.454998 |
[2024-07-03 18:16:39,670 | INFO | test_one_epoch] Testing results for epoch 14 | bpp_y_loss=0.74376 | bpp_z_loss=0.00457 | bpp_loss=0.74833 | mse_loss=0.00043 | loss=1.45205 | psnr_loss=34.01540
[2024-07-03 18:16:55,426 | INFO | train_one_epoch] Learning rate: 5e-05
[2024-07-03 18:16:56,481 | INFO | train_one_epoch] Train epoch 14: [0/10000 (0.00%)] 	bpp_y_loss: 0.537713 |	bpp_z_loss: 0.004231 |	bpp_loss: 0.541944 |	mse_loss: 0.000194 |	loss: 0.857356 |	psnr_loss: 37.121426 |
[2024-07-03 18:21:16,138 | INFO | train_one_epoch] Train epoch 14: [1000/10000 (10.00%)] 	bpp_y_loss: 0.613661 |	bpp_z_loss: 0.004801 |	bpp_loss: 0.618463 |	mse_loss: 0.000311 |	loss: 1.123498 |	psnr_loss: 35.366562 |
[2024-07-03 18:25:38,741 | INFO | train_one_epoch] Train epoch 14: [2000/10000 (20.00%)] 	bpp_y_loss: 0.615926 |	bpp_z_loss: 0.004813 |	bpp_loss: 0.620739 |	mse_loss: 0.000312 |	loss: 1.128512 |	psnr_loss: 35.346451 |
[2024-07-03 18:30:10,030 | INFO | train_one_epoch] Train epoch 14: [3000/10000 (30.00%)] 	bpp_y_loss: 0.613196 |	bpp_z_loss: 0.004798 |	bpp_loss: 0.617994 |	mse_loss: 0.000313 |	loss: 1.126023 |	psnr_loss: 35.375557 |
[2024-07-03 18:34:44,912 | INFO | train_one_epoch] Train epoch 14: [4000/10000 (40.00%)] 	bpp_y_loss: 0.616780 |	bpp_z_loss: 0.004797 |	bpp_loss: 0.621576 |	mse_loss: 0.000313 |	loss: 1.131166 |	psnr_loss: 35.364761 |
[2024-07-03 18:39:01,023 | INFO | train_one_epoch] Train epoch 14: [5000/10000 (50.00%)] 	bpp_y_loss: 0.612294 |	bpp_z_loss: 0.004807 |	bpp_loss: 0.617101 |	mse_loss: 0.000310 |	loss: 1.121078 |	psnr_loss: 35.411850 |
[2024-07-03 18:43:18,666 | INFO | train_one_epoch] Train epoch 14: [6000/10000 (60.00%)] 	bpp_y_loss: 0.606007 |	bpp_z_loss: 0.004808 |	bpp_loss: 0.610815 |	mse_loss: 0.000302 |	loss: 1.102290 |	psnr_loss: 35.493977 |
[2024-07-03 18:47:40,365 | INFO | train_one_epoch] Train epoch 14: [7000/10000 (70.00%)] 	bpp_y_loss: 0.615168 |	bpp_z_loss: 0.004804 |	bpp_loss: 0.619972 |	mse_loss: 0.000307 |	loss: 1.118448 |	psnr_loss: 35.416599 |
[2024-07-03 18:52:07,875 | INFO | train_one_epoch] Train epoch 14: [8000/10000 (80.00%)] 	bpp_y_loss: 0.623035 |	bpp_z_loss: 0.004835 |	bpp_loss: 0.627869 |	mse_loss: 0.000316 |	loss: 1.140847 |	psnr_loss: 35.338345 |
[2024-07-03 18:56:30,320 | INFO | train_one_epoch] Train epoch 14: [9000/10000 (90.00%)] 	bpp_y_loss: 0.610355 |	bpp_z_loss: 0.004814 |	bpp_loss: 0.615169 |	mse_loss: 0.000306 |	loss: 1.112538 |	psnr_loss: 35.442120 |
[2024-07-03 19:00:58,751 | INFO | train_one_epoch] Train epoch 14: [10000/10000 (100.00%)] 	bpp_y_loss: 0.616030 |	bpp_z_loss: 0.004824 |	bpp_loss: 0.620854 |	mse_loss: 0.000312 |	loss: 1.128016 |	psnr_loss: 35.356216 |
[2024-07-03 19:01:01,284 | INFO | test_one_epoch] Testing results for epoch 15 | bpp_y_loss=0.74542 | bpp_z_loss=0.00462 | bpp_loss=0.75004 | mse_loss=0.00044 | loss=1.46066 | psnr_loss=33.92774
[2024-07-03 19:01:08,891 | INFO | train_one_epoch] Learning rate: 5e-05
[2024-07-03 19:01:09,913 | INFO | train_one_epoch] Train epoch 15: [0/10000 (0.00%)] 	bpp_y_loss: 0.402021 |	bpp_z_loss: 0.004644 |	bpp_loss: 0.406665 |	mse_loss: 0.000197 |	loss: 0.726131 |	psnr_loss: 37.065968 |
[2024-07-03 19:05:37,066 | INFO | train_one_epoch] Train epoch 15: [1000/10000 (10.00%)] 	bpp_y_loss: 0.617089 |	bpp_z_loss: 0.004821 |	bpp_loss: 0.621910 |	mse_loss: 0.000312 |	loss: 1.128462 |	psnr_loss: 35.387440 |
[2024-07-03 19:09:57,561 | INFO | train_one_epoch] Train epoch 15: [2000/10000 (20.00%)] 	bpp_y_loss: 0.610466 |	bpp_z_loss: 0.004794 |	bpp_loss: 0.615259 |	mse_loss: 0.000302 |	loss: 1.105738 |	psnr_loss: 35.503681 |
[2024-07-03 19:14:14,837 | INFO | train_one_epoch] Train epoch 15: [3000/10000 (30.00%)] 	bpp_y_loss: 0.613771 |	bpp_z_loss: 0.004812 |	bpp_loss: 0.618583 |	mse_loss: 0.000302 |	loss: 1.109655 |	psnr_loss: 35.486382 |
[2024-07-03 19:18:33,291 | INFO | train_one_epoch] Train epoch 15: [4000/10000 (40.00%)] 	bpp_y_loss: 0.615417 |	bpp_z_loss: 0.004830 |	bpp_loss: 0.620246 |	mse_loss: 0.000307 |	loss: 1.118722 |	psnr_loss: 35.454208 |
[2024-07-03 19:23:01,463 | INFO | train_one_epoch] Train epoch 15: [5000/10000 (50.00%)] 	bpp_y_loss: 0.616021 |	bpp_z_loss: 0.004804 |	bpp_loss: 0.620825 |	mse_loss: 0.000308 |	loss: 1.121451 |	psnr_loss: 35.414310 |
[2024-07-03 19:27:19,999 | INFO | train_one_epoch] Train epoch 15: [6000/10000 (60.00%)] 	bpp_y_loss: 0.610675 |	bpp_z_loss: 0.004802 |	bpp_loss: 0.615476 |	mse_loss: 0.000304 |	loss: 1.109299 |	psnr_loss: 35.486584 |
[2024-07-03 19:31:36,721 | INFO | train_one_epoch] Train epoch 15: [7000/10000 (70.00%)] 	bpp_y_loss: 0.607710 |	bpp_z_loss: 0.004796 |	bpp_loss: 0.612506 |	mse_loss: 0.000301 |	loss: 1.102112 |	psnr_loss: 35.520981 |
[2024-07-03 19:35:49,218 | INFO | train_one_epoch] Train epoch 15: [8000/10000 (80.00%)] 	bpp_y_loss: 0.612326 |	bpp_z_loss: 0.004795 |	bpp_loss: 0.617122 |	mse_loss: 0.000305 |	loss: 1.113527 |	psnr_loss: 35.471123 |
[2024-07-03 19:40:30,723 | INFO | train_one_epoch] Train epoch 15: [9000/10000 (90.00%)] 	bpp_y_loss: 0.617437 |	bpp_z_loss: 0.004821 |	bpp_loss: 0.622258 |	mse_loss: 0.000307 |	loss: 1.121084 |	psnr_loss: 35.438187 |
[2024-07-03 19:44:50,009 | INFO | train_one_epoch] Train epoch 15: [10000/10000 (100.00%)] 	bpp_y_loss: 0.608101 |	bpp_z_loss: 0.004792 |	bpp_loss: 0.612893 |	mse_loss: 0.000301 |	loss: 1.102227 |	psnr_loss: 35.510223 |
[2024-07-03 19:44:52,638 | INFO | test_one_epoch] Testing results for epoch 16 | bpp_y_loss=0.73940 | bpp_z_loss=0.00464 | bpp_loss=0.74404 | mse_loss=0.00041 | loss=1.41515 | psnr_loss=34.19561
[2024-07-03 19:45:15,398 | INFO | train_one_epoch] Learning rate: 5e-05
[2024-07-03 19:45:16,354 | INFO | train_one_epoch] Train epoch 16: [0/10000 (0.00%)] 	bpp_y_loss: 0.662233 |	bpp_z_loss: 0.004944 |	bpp_loss: 0.667177 |	mse_loss: 0.000300 |	loss: 1.155423 |	psnr_loss: 35.223824 |
[2024-07-03 19:49:32,627 | INFO | train_one_epoch] Train epoch 16: [1000/10000 (10.00%)] 	bpp_y_loss: 0.612578 |	bpp_z_loss: 0.004791 |	bpp_loss: 0.617368 |	mse_loss: 0.000301 |	loss: 1.106765 |	psnr_loss: 35.534451 |
[2024-07-03 19:53:48,980 | INFO | train_one_epoch] Train epoch 16: [2000/10000 (20.00%)] 	bpp_y_loss: 0.615976 |	bpp_z_loss: 0.004831 |	bpp_loss: 0.620807 |	mse_loss: 0.000303 |	loss: 1.113083 |	psnr_loss: 35.487038 |
[2024-07-03 19:57:59,185 | INFO | train_one_epoch] Train epoch 16: [3000/10000 (30.00%)] 	bpp_y_loss: 0.617996 |	bpp_z_loss: 0.004812 |	bpp_loss: 0.622807 |	mse_loss: 0.000309 |	loss: 1.124647 |	psnr_loss: 35.414303 |
[2024-07-03 20:02:13,951 | INFO | train_one_epoch] Train epoch 16: [4000/10000 (40.00%)] 	bpp_y_loss: 0.610743 |	bpp_z_loss: 0.004800 |	bpp_loss: 0.615543 |	mse_loss: 0.000301 |	loss: 1.104873 |	psnr_loss: 35.497311 |
[2024-07-03 20:06:20,918 | INFO | train_one_epoch] Train epoch 16: [5000/10000 (50.00%)] 	bpp_y_loss: 0.616340 |	bpp_z_loss: 0.004820 |	bpp_loss: 0.621160 |	mse_loss: 0.000307 |	loss: 1.120974 |	psnr_loss: 35.455032 |
[2024-07-03 20:10:16,966 | INFO | train_one_epoch] Train epoch 16: [6000/10000 (60.00%)] 	bpp_y_loss: 0.610096 |	bpp_z_loss: 0.004797 |	bpp_loss: 0.614894 |	mse_loss: 0.000297 |	loss: 1.098207 |	psnr_loss: 35.554722 |
[2024-07-03 20:14:14,133 | INFO | train_one_epoch] Train epoch 16: [7000/10000 (70.00%)] 	bpp_y_loss: 0.615297 |	bpp_z_loss: 0.004814 |	bpp_loss: 0.620112 |	mse_loss: 0.000300 |	loss: 1.107089 |	psnr_loss: 35.527626 |
[2024-07-03 20:18:15,810 | INFO | train_one_epoch] Train epoch 16: [8000/10000 (80.00%)] 	bpp_y_loss: 0.619425 |	bpp_z_loss: 0.004821 |	bpp_loss: 0.624246 |	mse_loss: 0.000301 |	loss: 1.114089 |	psnr_loss: 35.499023 |
[2024-07-03 20:22:25,246 | INFO | train_one_epoch] Train epoch 16: [9000/10000 (90.00%)] 	bpp_y_loss: 0.619670 |	bpp_z_loss: 0.004823 |	bpp_loss: 0.624494 |	mse_loss: 0.000305 |	loss: 1.120744 |	psnr_loss: 35.430859 |
[2024-07-03 20:26:36,140 | INFO | train_one_epoch] Train epoch 16: [10000/10000 (100.00%)] 	bpp_y_loss: 0.607396 |	bpp_z_loss: 0.004788 |	bpp_loss: 0.612184 |	mse_loss: 0.000295 |	loss: 1.091365 |	psnr_loss: 35.587547 |
[2024-07-03 20:26:38,209 | INFO | test_one_epoch] Testing results for epoch 17 | bpp_y_loss=0.73933 | bpp_z_loss=0.00470 | bpp_loss=0.74403 | mse_loss=0.00041 | loss=1.40295 | psnr_loss=34.27869
[2024-07-03 20:26:57,462 | INFO | train_one_epoch] Learning rate: 5e-05
[2024-07-03 20:26:58,314 | INFO | train_one_epoch] Train epoch 17: [0/10000 (0.00%)] 	bpp_y_loss: 0.562425 |	bpp_z_loss: 0.005401 |	bpp_loss: 0.567826 |	mse_loss: 0.000267 |	loss: 1.002498 |	psnr_loss: 35.728584 |
[2024-07-03 20:31:08,416 | INFO | train_one_epoch] Train epoch 17: [1000/10000 (10.00%)] 	bpp_y_loss: 0.612157 |	bpp_z_loss: 0.004804 |	bpp_loss: 0.616961 |	mse_loss: 0.000299 |	loss: 1.102806 |	psnr_loss: 35.534451 |
[2024-07-03 20:35:12,116 | INFO | train_one_epoch] Train epoch 17: [2000/10000 (20.00%)] 	bpp_y_loss: 0.618085 |	bpp_z_loss: 0.004830 |	bpp_loss: 0.622915 |	mse_loss: 0.000301 |	loss: 1.111776 |	psnr_loss: 35.526558 |
[2024-07-03 20:39:00,212 | INFO | train_one_epoch] Train epoch 17: [3000/10000 (30.00%)] 	bpp_y_loss: 0.612667 |	bpp_z_loss: 0.004817 |	bpp_loss: 0.617484 |	mse_loss: 0.000299 |	loss: 1.103107 |	psnr_loss: 35.540253 |
[2024-07-03 20:43:08,130 | INFO | train_one_epoch] Train epoch 17: [4000/10000 (40.00%)] 	bpp_y_loss: 0.612587 |	bpp_z_loss: 0.004824 |	bpp_loss: 0.617411 |	mse_loss: 0.000295 |	loss: 1.097525 |	psnr_loss: 35.579075 |
[2024-07-03 20:47:20,644 | INFO | train_one_epoch] Train epoch 17: [5000/10000 (50.00%)] 	bpp_y_loss: 0.611529 |	bpp_z_loss: 0.004821 |	bpp_loss: 0.616349 |	mse_loss: 0.000294 |	loss: 1.094970 |	psnr_loss: 35.597797 |
[2024-07-03 20:51:37,351 | INFO | train_one_epoch] Train epoch 17: [6000/10000 (60.00%)] 	bpp_y_loss: 0.612952 |	bpp_z_loss: 0.004823 |	bpp_loss: 0.617774 |	mse_loss: 0.000296 |	loss: 1.098412 |	psnr_loss: 35.563499 |
[2024-07-03 20:55:45,805 | INFO | train_one_epoch] Train epoch 17: [7000/10000 (70.00%)] 	bpp_y_loss: 0.617365 |	bpp_z_loss: 0.004814 |	bpp_loss: 0.622180 |	mse_loss: 0.000298 |	loss: 1.107024 |	psnr_loss: 35.534271 |
[2024-07-03 20:59:59,094 | INFO | train_one_epoch] Train epoch 17: [8000/10000 (80.00%)] 	bpp_y_loss: 0.616049 |	bpp_z_loss: 0.004822 |	bpp_loss: 0.620872 |	mse_loss: 0.000298 |	loss: 1.104903 |	psnr_loss: 35.541626 |
[2024-07-03 21:04:10,963 | INFO | train_one_epoch] Train epoch 17: [9000/10000 (90.00%)] 	bpp_y_loss: 0.613881 |	bpp_z_loss: 0.004811 |	bpp_loss: 0.618693 |	mse_loss: 0.000296 |	loss: 1.100540 |	psnr_loss: 35.587482 |
[2024-07-03 21:08:11,726 | INFO | train_one_epoch] Train epoch 17: [10000/10000 (100.00%)] 	bpp_y_loss: 0.613126 |	bpp_z_loss: 0.004803 |	bpp_loss: 0.617929 |	mse_loss: 0.000298 |	loss: 1.102029 |	psnr_loss: 35.573654 |
[2024-07-03 21:08:13,946 | INFO | test_one_epoch] Testing results for epoch 18 | bpp_y_loss=0.74746 | bpp_z_loss=0.00466 | bpp_loss=0.75212 | mse_loss=0.00041 | loss=1.41846 | psnr_loss=34.21466
[2024-07-03 21:08:28,376 | INFO | train_one_epoch] Learning rate: 5e-05
[2024-07-03 21:08:29,196 | INFO | train_one_epoch] Train epoch 18: [0/10000 (0.00%)] 	bpp_y_loss: 0.738769 |	bpp_z_loss: 0.005103 |	bpp_loss: 0.743872 |	mse_loss: 0.000391 |	loss: 1.379039 |	psnr_loss: 34.081326 |
[2024-07-03 21:12:43,730 | INFO | train_one_epoch] Train epoch 18: [1000/10000 (10.00%)] 	bpp_y_loss: 0.618433 |	bpp_z_loss: 0.004826 |	bpp_loss: 0.623260 |	mse_loss: 0.000297 |	loss: 1.106052 |	psnr_loss: 35.541901 |
[2024-07-03 21:16:57,178 | INFO | train_one_epoch] Train epoch 18: [2000/10000 (20.00%)] 	bpp_y_loss: 0.605867 |	bpp_z_loss: 0.004796 |	bpp_loss: 0.610662 |	mse_loss: 0.000292 |	loss: 1.084888 |	psnr_loss: 35.619377 |
[2024-07-03 21:21:05,161 | INFO | train_one_epoch] Train epoch 18: [3000/10000 (30.00%)] 	bpp_y_loss: 0.610683 |	bpp_z_loss: 0.004813 |	bpp_loss: 0.615495 |	mse_loss: 0.000293 |	loss: 1.092038 |	psnr_loss: 35.621334 |
[2024-07-03 21:25:18,962 | INFO | train_one_epoch] Train epoch 18: [4000/10000 (40.00%)] 	bpp_y_loss: 0.614136 |	bpp_z_loss: 0.004813 |	bpp_loss: 0.618949 |	mse_loss: 0.000294 |	loss: 1.097579 |	psnr_loss: 35.593185 |
[2024-07-03 21:29:29,974 | INFO | train_one_epoch] Train epoch 18: [5000/10000 (50.00%)] 	bpp_y_loss: 0.611077 |	bpp_z_loss: 0.004818 |	bpp_loss: 0.615895 |	mse_loss: 0.000296 |	loss: 1.096341 |	psnr_loss: 35.593254 |
[2024-07-03 21:33:47,440 | INFO | train_one_epoch] Train epoch 18: [6000/10000 (60.00%)] 	bpp_y_loss: 0.614243 |	bpp_z_loss: 0.004830 |	bpp_loss: 0.619074 |	mse_loss: 0.000300 |	loss: 1.106206 |	psnr_loss: 35.539944 |
[2024-07-03 21:37:53,263 | INFO | train_one_epoch] Train epoch 18: [7000/10000 (70.00%)] 	bpp_y_loss: 0.614739 |	bpp_z_loss: 0.004830 |	bpp_loss: 0.619569 |	mse_loss: 0.000297 |	loss: 1.102782 |	psnr_loss: 35.560402 |
[2024-07-03 21:41:54,748 | INFO | train_one_epoch] Train epoch 18: [8000/10000 (80.00%)] 	bpp_y_loss: 0.609488 |	bpp_z_loss: 0.004796 |	bpp_loss: 0.614284 |	mse_loss: 0.000294 |	loss: 1.091689 |	psnr_loss: 35.611649 |
[2024-07-03 21:46:04,556 | INFO | train_one_epoch] Train epoch 18: [9000/10000 (90.00%)] 	bpp_y_loss: 0.603468 |	bpp_z_loss: 0.004796 |	bpp_loss: 0.608264 |	mse_loss: 0.000288 |	loss: 1.076105 |	psnr_loss: 35.696953 |
[2024-07-03 21:50:09,311 | INFO | train_one_epoch] Train epoch 18: [10000/10000 (100.00%)] 	bpp_y_loss: 0.611501 |	bpp_z_loss: 0.004806 |	bpp_loss: 0.616307 |	mse_loss: 0.000295 |	loss: 1.096194 |	psnr_loss: 35.576256 |
[2024-07-03 21:50:11,281 | INFO | test_one_epoch] Testing results for epoch 19 | bpp_y_loss=0.74165 | bpp_z_loss=0.00471 | bpp_loss=0.74635 | mse_loss=0.00040 | loss=1.39159 | psnr_loss=34.35406
[2024-07-03 21:50:42,604 | INFO | train_one_epoch] Learning rate: 5e-05
[2024-07-03 21:50:43,429 | INFO | train_one_epoch] Train epoch 19: [0/10000 (0.00%)] 	bpp_y_loss: 0.623005 |	bpp_z_loss: 0.004647 |	bpp_loss: 0.627652 |	mse_loss: 0.000275 |	loss: 1.073913 |	psnr_loss: 35.614315 |
[2024-07-03 21:54:39,926 | INFO | train_one_epoch] Train epoch 19: [1000/10000 (10.00%)] 	bpp_y_loss: 0.617827 |	bpp_z_loss: 0.004828 |	bpp_loss: 0.622655 |	mse_loss: 0.000300 |	loss: 1.111038 |	psnr_loss: 35.541912 |
[2024-07-03 21:58:34,455 | INFO | train_one_epoch] Train epoch 19: [2000/10000 (20.00%)] 	bpp_y_loss: 0.608854 |	bpp_z_loss: 0.004808 |	bpp_loss: 0.613661 |	mse_loss: 0.000292 |	loss: 1.088123 |	psnr_loss: 35.641041 |
[2024-07-03 22:02:46,916 | INFO | train_one_epoch] Train epoch 19: [3000/10000 (30.00%)] 	bpp_y_loss: 0.613395 |	bpp_z_loss: 0.004826 |	bpp_loss: 0.618221 |	mse_loss: 0.000293 |	loss: 1.093915 |	psnr_loss: 35.607895 |
[2024-07-03 22:06:47,243 | INFO | train_one_epoch] Train epoch 19: [4000/10000 (40.00%)] 	bpp_y_loss: 0.608193 |	bpp_z_loss: 0.004810 |	bpp_loss: 0.613004 |	mse_loss: 0.000292 |	loss: 1.088249 |	psnr_loss: 35.648067 |
[2024-07-03 22:10:52,337 | INFO | train_one_epoch] Train epoch 19: [5000/10000 (50.00%)] 	bpp_y_loss: 0.615091 |	bpp_z_loss: 0.004814 |	bpp_loss: 0.619906 |	mse_loss: 0.000296 |	loss: 1.100370 |	psnr_loss: 35.558193 |
[2024-07-03 22:14:52,559 | INFO | train_one_epoch] Train epoch 19: [6000/10000 (60.00%)] 	bpp_y_loss: 0.607925 |	bpp_z_loss: 0.004814 |	bpp_loss: 0.612739 |	mse_loss: 0.000288 |	loss: 1.080286 |	psnr_loss: 35.678455 |
[2024-07-03 22:18:54,019 | INFO | train_one_epoch] Train epoch 19: [7000/10000 (70.00%)] 	bpp_y_loss: 0.604611 |	bpp_z_loss: 0.004786 |	bpp_loss: 0.609397 |	mse_loss: 0.000288 |	loss: 1.077423 |	psnr_loss: 35.696659 |
[2024-07-03 22:22:51,752 | INFO | train_one_epoch] Train epoch 19: [8000/10000 (80.00%)] 	bpp_y_loss: 0.606733 |	bpp_z_loss: 0.004805 |	bpp_loss: 0.611538 |	mse_loss: 0.000289 |	loss: 1.081529 |	psnr_loss: 35.678028 |
[2024-07-03 22:26:52,622 | INFO | train_one_epoch] Train epoch 19: [9000/10000 (90.00%)] 	bpp_y_loss: 0.600368 |	bpp_z_loss: 0.004781 |	bpp_loss: 0.605150 |	mse_loss: 0.000284 |	loss: 1.067437 |	psnr_loss: 35.742119 |
[2024-07-03 22:30:56,677 | INFO | train_one_epoch] Train epoch 19: [10000/10000 (100.00%)] 	bpp_y_loss: 0.605740 |	bpp_z_loss: 0.004800 |	bpp_loss: 0.610540 |	mse_loss: 0.000289 |	loss: 1.079657 |	psnr_loss: 35.699806 |
[2024-07-03 22:30:58,954 | INFO | test_one_epoch] Testing results for epoch 20 | bpp_y_loss=0.73412 | bpp_z_loss=0.00476 | bpp_loss=0.73888 | mse_loss=0.00040 | loss=1.39395 | psnr_loss=34.29231
[2024-07-03 22:31:11,327 | INFO | train_one_epoch] Learning rate: 5e-05
[2024-07-03 22:31:12,138 | INFO | train_one_epoch] Train epoch 20: [0/10000 (0.00%)] 	bpp_y_loss: 0.427885 |	bpp_z_loss: 0.004509 |	bpp_loss: 0.432394 |	mse_loss: 0.000174 |	loss: 0.714625 |	psnr_loss: 37.604156 |
[2024-07-03 22:35:16,777 | INFO | train_one_epoch] Train epoch 20: [1000/10000 (10.00%)] 	bpp_y_loss: 0.606162 |	bpp_z_loss: 0.004812 |	bpp_loss: 0.610974 |	mse_loss: 0.000288 |	loss: 1.079669 |	psnr_loss: 35.671337 |
[2024-07-03 22:39:11,095 | INFO | train_one_epoch] Train epoch 20: [2000/10000 (20.00%)] 	bpp_y_loss: 0.603469 |	bpp_z_loss: 0.004797 |	bpp_loss: 0.608265 |	mse_loss: 0.000287 |	loss: 1.074363 |	psnr_loss: 35.706821 |
[2024-07-03 22:43:23,586 | INFO | train_one_epoch] Train epoch 20: [3000/10000 (30.00%)] 	bpp_y_loss: 0.612208 |	bpp_z_loss: 0.004814 |	bpp_loss: 0.617022 |	mse_loss: 0.000292 |	loss: 1.092023 |	psnr_loss: 35.632900 |
[2024-07-03 22:47:26,964 | INFO | train_one_epoch] Train epoch 20: [4000/10000 (40.00%)] 	bpp_y_loss: 0.611816 |	bpp_z_loss: 0.004798 |	bpp_loss: 0.616614 |	mse_loss: 0.000292 |	loss: 1.091825 |	psnr_loss: 35.617767 |
[2024-07-03 22:51:48,361 | INFO | train_one_epoch] Train epoch 20: [5000/10000 (50.00%)] 	bpp_y_loss: 0.614530 |	bpp_z_loss: 0.004819 |	bpp_loss: 0.619348 |	mse_loss: 0.000296 |	loss: 1.101163 |	psnr_loss: 35.565163 |
[2024-07-03 22:56:05,863 | INFO | train_one_epoch] Train epoch 20: [6000/10000 (60.00%)] 	bpp_y_loss: 0.610723 |	bpp_z_loss: 0.004814 |	bpp_loss: 0.615537 |	mse_loss: 0.000291 |	loss: 1.088320 |	psnr_loss: 35.635654 |
[2024-07-03 23:00:16,038 | INFO | train_one_epoch] Train epoch 20: [7000/10000 (70.00%)] 	bpp_y_loss: 0.613361 |	bpp_z_loss: 0.004811 |	bpp_loss: 0.618172 |	mse_loss: 0.000296 |	loss: 1.099125 |	psnr_loss: 35.610245 |
[2024-07-03 23:04:21,622 | INFO | train_one_epoch] Train epoch 20: [8000/10000 (80.00%)] 	bpp_y_loss: 0.615257 |	bpp_z_loss: 0.004819 |	bpp_loss: 0.620077 |	mse_loss: 0.000293 |	loss: 1.095737 |	psnr_loss: 35.635082 |
[2024-07-03 23:08:16,365 | INFO | train_one_epoch] Train epoch 20: [9000/10000 (90.00%)] 	bpp_y_loss: 0.609210 |	bpp_z_loss: 0.004801 |	bpp_loss: 0.614013 |	mse_loss: 0.000284 |	loss: 1.075968 |	psnr_loss: 35.733307 |
[2024-07-03 23:12:16,895 | INFO | train_one_epoch] Train epoch 20: [10000/10000 (100.00%)] 	bpp_y_loss: 0.613167 |	bpp_z_loss: 0.004810 |	bpp_loss: 0.617977 |	mse_loss: 0.000294 |	loss: 1.095460 |	psnr_loss: 35.624176 |
[2024-07-03 23:12:19,176 | INFO | test_one_epoch] Testing results for epoch 21 | bpp_y_loss=0.73878 | bpp_z_loss=0.00471 | bpp_loss=0.74349 | mse_loss=0.00040 | loss=1.38596 | psnr_loss=34.38733
[2024-07-03 23:12:37,812 | INFO | train_one_epoch] Learning rate: 5e-05
[2024-07-03 23:12:38,604 | INFO | train_one_epoch] Train epoch 21: [0/10000 (0.00%)] 	bpp_y_loss: 0.769313 |	bpp_z_loss: 0.004828 |	bpp_loss: 0.774142 |	mse_loss: 0.000350 |	loss: 1.342445 |	psnr_loss: 34.564404 |
[2024-07-03 23:16:41,097 | INFO | train_one_epoch] Train epoch 21: [1000/10000 (10.00%)] 	bpp_y_loss: 0.602694 |	bpp_z_loss: 0.004806 |	bpp_loss: 0.607500 |	mse_loss: 0.000287 |	loss: 1.074493 |	psnr_loss: 35.707516 |
[2024-07-03 23:20:39,093 | INFO | train_one_epoch] Train epoch 21: [2000/10000 (20.00%)] 	bpp_y_loss: 0.606734 |	bpp_z_loss: 0.004809 |	bpp_loss: 0.611543 |	mse_loss: 0.000291 |	loss: 1.084396 |	psnr_loss: 35.660572 |
[2024-07-03 23:24:43,617 | INFO | train_one_epoch] Train epoch 21: [3000/10000 (30.00%)] 	bpp_y_loss: 0.613243 |	bpp_z_loss: 0.004799 |	bpp_loss: 0.618041 |	mse_loss: 0.000292 |	loss: 1.092984 |	psnr_loss: 35.631714 |
[2024-07-03 23:28:58,800 | INFO | train_one_epoch] Train epoch 21: [4000/10000 (40.00%)] 	bpp_y_loss: 0.610436 |	bpp_z_loss: 0.004794 |	bpp_loss: 0.615230 |	mse_loss: 0.000290 |	loss: 1.087064 |	psnr_loss: 35.671009 |
[2024-07-03 23:33:15,524 | INFO | train_one_epoch] Train epoch 21: [5000/10000 (50.00%)] 	bpp_y_loss: 0.611313 |	bpp_z_loss: 0.004807 |	bpp_loss: 0.616120 |	mse_loss: 0.000289 |	loss: 1.086602 |	psnr_loss: 35.669563 |
[2024-07-03 23:37:13,768 | INFO | train_one_epoch] Train epoch 21: [6000/10000 (60.00%)] 	bpp_y_loss: 0.619426 |	bpp_z_loss: 0.004832 |	bpp_loss: 0.624259 |	mse_loss: 0.000295 |	loss: 1.104397 |	psnr_loss: 35.580723 |
[2024-07-03 23:41:20,586 | INFO | train_one_epoch] Train epoch 21: [7000/10000 (70.00%)] 	bpp_y_loss: 0.616153 |	bpp_z_loss: 0.004806 |	bpp_loss: 0.620959 |	mse_loss: 0.000290 |	loss: 1.091798 |	psnr_loss: 35.646252 |
[2024-07-03 23:45:29,579 | INFO | train_one_epoch] Train epoch 21: [8000/10000 (80.00%)] 	bpp_y_loss: 0.608365 |	bpp_z_loss: 0.004791 |	bpp_loss: 0.613156 |	mse_loss: 0.000289 |	loss: 1.083535 |	psnr_loss: 35.696693 |
[2024-07-03 23:49:36,630 | INFO | train_one_epoch] Train epoch 21: [9000/10000 (90.00%)] 	bpp_y_loss: 0.610150 |	bpp_z_loss: 0.004791 |	bpp_loss: 0.614943 |	mse_loss: 0.000291 |	loss: 1.088481 |	psnr_loss: 35.649147 |
[2024-07-03 23:53:45,568 | INFO | train_one_epoch] Train epoch 21: [10000/10000 (100.00%)] 	bpp_y_loss: 0.608331 |	bpp_z_loss: 0.004800 |	bpp_loss: 0.613132 |	mse_loss: 0.000291 |	loss: 1.085438 |	psnr_loss: 35.668510 |
[2024-07-03 23:53:47,806 | INFO | test_one_epoch] Testing results for epoch 22 | bpp_y_loss=0.73606 | bpp_z_loss=0.00469 | bpp_loss=0.74075 | mse_loss=0.00039 | loss=1.38015 | psnr_loss=34.40204
[2024-07-03 23:54:06,796 | INFO | train_one_epoch] Learning rate: 5e-05
[2024-07-03 23:54:07,562 | INFO | train_one_epoch] Train epoch 22: [0/10000 (0.00%)] 	bpp_y_loss: 0.848163 |	bpp_z_loss: 0.005169 |	bpp_loss: 0.853332 |	mse_loss: 0.000404 |	loss: 1.510598 |	psnr_loss: 33.932789 |
[2024-07-03 23:58:17,923 | INFO | train_one_epoch] Train epoch 22: [1000/10000 (10.00%)] 	bpp_y_loss: 0.599884 |	bpp_z_loss: 0.004799 |	bpp_loss: 0.604684 |	mse_loss: 0.000280 |	loss: 1.059055 |	psnr_loss: 35.797195 |
[2024-07-04 00:02:23,509 | INFO | train_one_epoch] Train epoch 22: [2000/10000 (20.00%)] 	bpp_y_loss: 0.612345 |	bpp_z_loss: 0.004799 |	bpp_loss: 0.617144 |	mse_loss: 0.000288 |	loss: 1.084700 |	psnr_loss: 35.676350 |
[2024-07-04 00:06:25,403 | INFO | train_one_epoch] Train epoch 22: [3000/10000 (30.00%)] 	bpp_y_loss: 0.607501 |	bpp_z_loss: 0.004806 |	bpp_loss: 0.612307 |	mse_loss: 0.000287 |	loss: 1.079130 |	psnr_loss: 35.719700 |
[2024-07-04 00:10:21,283 | INFO | train_one_epoch] Train epoch 22: [4000/10000 (40.00%)] 	bpp_y_loss: 0.612937 |	bpp_z_loss: 0.004813 |	bpp_loss: 0.617751 |	mse_loss: 0.000287 |	loss: 1.084358 |	psnr_loss: 35.702843 |
[2024-07-04 00:14:16,973 | INFO | train_one_epoch] Train epoch 22: [5000/10000 (50.00%)] 	bpp_y_loss: 0.617552 |	bpp_z_loss: 0.004828 |	bpp_loss: 0.622379 |	mse_loss: 0.000293 |	loss: 1.098697 |	psnr_loss: 35.623272 |
[2024-07-04 00:18:25,981 | INFO | train_one_epoch] Train epoch 22: [6000/10000 (60.00%)] 	bpp_y_loss: 0.606279 |	bpp_z_loss: 0.004804 |	bpp_loss: 0.611083 |	mse_loss: 0.000290 |	loss: 1.082875 |	psnr_loss: 35.660187 |
[2024-07-04 00:22:40,017 | INFO | train_one_epoch] Train epoch 22: [7000/10000 (70.00%)] 	bpp_y_loss: 0.611091 |	bpp_z_loss: 0.004797 |	bpp_loss: 0.615888 |	mse_loss: 0.000289 |	loss: 1.085275 |	psnr_loss: 35.681011 |
[2024-07-04 00:26:55,613 | INFO | train_one_epoch] Train epoch 22: [8000/10000 (80.00%)] 	bpp_y_loss: 0.605822 |	bpp_z_loss: 0.004806 |	bpp_loss: 0.610627 |	mse_loss: 0.000287 |	loss: 1.076820 |	psnr_loss: 35.708263 |
[2024-07-04 00:31:05,238 | INFO | train_one_epoch] Train epoch 22: [9000/10000 (90.00%)] 	bpp_y_loss: 0.609330 |	bpp_z_loss: 0.004795 |	bpp_loss: 0.614125 |	mse_loss: 0.000286 |	loss: 1.079448 |	psnr_loss: 35.704323 |
[2024-07-04 00:35:13,132 | INFO | train_one_epoch] Train epoch 22: [10000/10000 (100.00%)] 	bpp_y_loss: 0.602673 |	bpp_z_loss: 0.004782 |	bpp_loss: 0.607454 |	mse_loss: 0.000283 |	loss: 1.066846 |	psnr_loss: 35.774727 |
[2024-07-04 00:35:15,422 | INFO | test_one_epoch] Testing results for epoch 23 | bpp_y_loss=0.73486 | bpp_z_loss=0.00473 | bpp_loss=0.73959 | mse_loss=0.00039 | loss=1.38078 | psnr_loss=34.39268
[2024-07-04 00:35:27,027 | INFO | train_one_epoch] Learning rate: 5e-05
[2024-07-04 00:35:27,947 | INFO | train_one_epoch] Train epoch 23: [0/10000 (0.00%)] 	bpp_y_loss: 0.449879 |	bpp_z_loss: 0.004348 |	bpp_loss: 0.454227 |	mse_loss: 0.000143 |	loss: 0.686190 |	psnr_loss: 38.456009 |
[2024-07-04 00:39:33,351 | INFO | train_one_epoch] Train epoch 23: [1000/10000 (10.00%)] 	bpp_y_loss: 0.614399 |	bpp_z_loss: 0.004800 |	bpp_loss: 0.619200 |	mse_loss: 0.000294 |	loss: 1.096497 |	psnr_loss: 35.652107 |
[2024-07-04 00:43:38,905 | INFO | train_one_epoch] Train epoch 23: [2000/10000 (20.00%)] 	bpp_y_loss: 0.608810 |	bpp_z_loss: 0.004790 |	bpp_loss: 0.613600 |	mse_loss: 0.000281 |	loss: 1.069710 |	psnr_loss: 35.778381 |
[2024-07-04 00:47:48,424 | INFO | train_one_epoch] Train epoch 23: [3000/10000 (30.00%)] 	bpp_y_loss: 0.606581 |	bpp_z_loss: 0.004786 |	bpp_loss: 0.611367 |	mse_loss: 0.000286 |	loss: 1.076533 |	psnr_loss: 35.730698 |
[2024-07-04 00:51:58,968 | INFO | train_one_epoch] Train epoch 23: [4000/10000 (40.00%)] 	bpp_y_loss: 0.608255 |	bpp_z_loss: 0.004793 |	bpp_loss: 0.613048 |	mse_loss: 0.000285 |	loss: 1.076696 |	psnr_loss: 35.739925 |
[2024-07-04 00:56:21,830 | INFO | train_one_epoch] Train epoch 23: [5000/10000 (50.00%)] 	bpp_y_loss: 0.608616 |	bpp_z_loss: 0.004810 |	bpp_loss: 0.613424 |	mse_loss: 0.000287 |	loss: 1.080043 |	psnr_loss: 35.701889 |
[2024-07-04 01:00:43,219 | INFO | train_one_epoch] Train epoch 23: [6000/10000 (60.00%)] 	bpp_y_loss: 0.611893 |	bpp_z_loss: 0.004806 |	bpp_loss: 0.616699 |	mse_loss: 0.000289 |	loss: 1.086374 |	psnr_loss: 35.692413 |
[2024-07-04 01:04:51,235 | INFO | train_one_epoch] Train epoch 23: [7000/10000 (70.00%)] 	bpp_y_loss: 0.602924 |	bpp_z_loss: 0.004800 |	bpp_loss: 0.607724 |	mse_loss: 0.000282 |	loss: 1.066384 |	psnr_loss: 35.764862 |
[2024-07-04 01:09:02,800 | INFO | train_one_epoch] Train epoch 23: [8000/10000 (80.00%)] 	bpp_y_loss: 0.609174 |	bpp_z_loss: 0.004796 |	bpp_loss: 0.613970 |	mse_loss: 0.000286 |	loss: 1.079042 |	psnr_loss: 35.690678 |
[2024-07-04 01:13:06,453 | INFO | train_one_epoch] Train epoch 23: [9000/10000 (90.00%)] 	bpp_y_loss: 0.612770 |	bpp_z_loss: 0.004803 |	bpp_loss: 0.617572 |	mse_loss: 0.000284 |	loss: 1.079244 |	psnr_loss: 35.713646 |
[2024-07-04 01:17:13,046 | INFO | train_one_epoch] Train epoch 23: [10000/10000 (100.00%)] 	bpp_y_loss: 0.614040 |	bpp_z_loss: 0.004794 |	bpp_loss: 0.618832 |	mse_loss: 0.000289 |	loss: 1.089318 |	psnr_loss: 35.650879 |
[2024-07-04 01:17:15,273 | INFO | test_one_epoch] Testing results for epoch 24 | bpp_y_loss=0.73705 | bpp_z_loss=0.00476 | bpp_loss=0.74181 | mse_loss=0.00038 | loss=1.36126 | psnr_loss=34.53947
[2024-07-04 01:17:32,666 | INFO | train_one_epoch] Learning rate: 5e-05
[2024-07-04 01:17:33,514 | INFO | train_one_epoch] Train epoch 24: [0/10000 (0.00%)] 	bpp_y_loss: 0.513175 |	bpp_z_loss: 0.004230 |	bpp_loss: 0.517405 |	mse_loss: 0.000251 |	loss: 0.926135 |	psnr_loss: 35.995834 |
[2024-07-04 01:21:41,700 | INFO | train_one_epoch] Train epoch 24: [1000/10000 (10.00%)] 	bpp_y_loss: 0.603998 |	bpp_z_loss: 0.004780 |	bpp_loss: 0.608778 |	mse_loss: 0.000284 |	loss: 1.069898 |	psnr_loss: 35.780785 |
[2024-07-04 01:25:49,261 | INFO | train_one_epoch] Train epoch 24: [2000/10000 (20.00%)] 	bpp_y_loss: 0.611329 |	bpp_z_loss: 0.004800 |	bpp_loss: 0.616130 |	mse_loss: 0.000290 |	loss: 1.087129 |	psnr_loss: 35.682171 |
[2024-07-04 01:29:56,174 | INFO | train_one_epoch] Train epoch 24: [3000/10000 (30.00%)] 	bpp_y_loss: 0.617468 |	bpp_z_loss: 0.004809 |	bpp_loss: 0.622278 |	mse_loss: 0.000288 |	loss: 1.090379 |	psnr_loss: 35.689400 |
[2024-07-04 01:34:13,507 | INFO | train_one_epoch] Train epoch 24: [4000/10000 (40.00%)] 	bpp_y_loss: 0.603242 |	bpp_z_loss: 0.004793 |	bpp_loss: 0.608035 |	mse_loss: 0.000279 |	loss: 1.061251 |	psnr_loss: 35.798347 |
[2024-07-04 01:38:25,154 | INFO | train_one_epoch] Train epoch 24: [5000/10000 (50.00%)] 	bpp_y_loss: 0.605750 |	bpp_z_loss: 0.004779 |	bpp_loss: 0.610529 |	mse_loss: 0.000280 |	loss: 1.065314 |	psnr_loss: 35.815479 |
[2024-07-04 01:42:49,085 | INFO | train_one_epoch] Train epoch 24: [6000/10000 (60.00%)] 	bpp_y_loss: 0.611417 |	bpp_z_loss: 0.004778 |	bpp_loss: 0.616196 |	mse_loss: 0.000289 |	loss: 1.085557 |	psnr_loss: 35.710724 |
[2024-07-04 01:47:08,944 | INFO | train_one_epoch] Train epoch 24: [7000/10000 (70.00%)] 	bpp_y_loss: 0.609986 |	bpp_z_loss: 0.004780 |	bpp_loss: 0.614765 |	mse_loss: 0.000286 |	loss: 1.079757 |	psnr_loss: 35.731834 |
[2024-07-04 01:51:21,179 | INFO | train_one_epoch] Train epoch 24: [8000/10000 (80.00%)] 	bpp_y_loss: 0.601528 |	bpp_z_loss: 0.004774 |	bpp_loss: 0.606302 |	mse_loss: 0.000280 |	loss: 1.060703 |	psnr_loss: 35.821598 |
[2024-07-04 01:55:36,962 | INFO | train_one_epoch] Train epoch 24: [9000/10000 (90.00%)] 	bpp_y_loss: 0.606803 |	bpp_z_loss: 0.004787 |	bpp_loss: 0.611590 |	mse_loss: 0.000283 |	loss: 1.071692 |	psnr_loss: 35.764233 |
[2024-07-04 01:59:44,142 | INFO | train_one_epoch] Train epoch 24: [10000/10000 (100.00%)] 	bpp_y_loss: 0.607632 |	bpp_z_loss: 0.004790 |	bpp_loss: 0.612422 |	mse_loss: 0.000282 |	loss: 1.070914 |	psnr_loss: 35.769203 |
[2024-07-04 01:59:46,421 | INFO | test_one_epoch] Testing results for epoch 25 | bpp_y_loss=0.73848 | bpp_z_loss=0.00473 | bpp_loss=0.74322 | mse_loss=0.00039 | loss=1.38081 | psnr_loss=34.43479
[2024-07-04 01:59:53,070 | INFO | train_one_epoch] Learning rate: 5e-05
[2024-07-04 01:59:54,063 | INFO | train_one_epoch] Train epoch 25: [0/10000 (0.00%)] 	bpp_y_loss: 0.558800 |	bpp_z_loss: 0.004207 |	bpp_loss: 0.563008 |	mse_loss: 0.000263 |	loss: 0.990886 |	psnr_loss: 35.796997 |
[2024-07-04 02:04:02,942 | INFO | train_one_epoch] Train epoch 25: [1000/10000 (10.00%)] 	bpp_y_loss: 0.614469 |	bpp_z_loss: 0.004787 |	bpp_loss: 0.619257 |	mse_loss: 0.000289 |	loss: 1.088754 |	psnr_loss: 35.666801 |
[2024-07-04 02:08:14,537 | INFO | train_one_epoch] Train epoch 25: [2000/10000 (20.00%)] 	bpp_y_loss: 0.615444 |	bpp_z_loss: 0.004794 |	bpp_loss: 0.620237 |	mse_loss: 0.000283 |	loss: 1.080068 |	psnr_loss: 35.747467 |
[2024-07-04 02:12:21,112 | INFO | train_one_epoch] Train epoch 25: [3000/10000 (30.00%)] 	bpp_y_loss: 0.606118 |	bpp_z_loss: 0.004780 |	bpp_loss: 0.610898 |	mse_loss: 0.000286 |	loss: 1.075116 |	psnr_loss: 35.718330 |
[2024-07-04 02:16:31,141 | INFO | train_one_epoch] Train epoch 25: [4000/10000 (40.00%)] 	bpp_y_loss: 0.601837 |	bpp_z_loss: 0.004783 |	bpp_loss: 0.606620 |	mse_loss: 0.000280 |	loss: 1.061194 |	psnr_loss: 35.792721 |
[2024-07-04 02:20:32,170 | INFO | train_one_epoch] Train epoch 25: [5000/10000 (50.00%)] 	bpp_y_loss: 0.606579 |	bpp_z_loss: 0.004782 |	bpp_loss: 0.611361 |	mse_loss: 0.000279 |	loss: 1.064881 |	psnr_loss: 35.791660 |
[2024-07-04 02:24:40,965 | INFO | train_one_epoch] Train epoch 25: [6000/10000 (60.00%)] 	bpp_y_loss: 0.611436 |	bpp_z_loss: 0.004801 |	bpp_loss: 0.616238 |	mse_loss: 0.000288 |	loss: 1.085147 |	psnr_loss: 35.704094 |
[2024-07-04 02:28:44,421 | INFO | train_one_epoch] Train epoch 25: [7000/10000 (70.00%)] 	bpp_y_loss: 0.602763 |	bpp_z_loss: 0.004768 |	bpp_loss: 0.607531 |	mse_loss: 0.000282 |	loss: 1.065615 |	psnr_loss: 35.805336 |
[2024-07-04 02:32:48,571 | INFO | train_one_epoch] Train epoch 25: [8000/10000 (80.00%)] 	bpp_y_loss: 0.606099 |	bpp_z_loss: 0.004777 |	bpp_loss: 0.610877 |	mse_loss: 0.000283 |	loss: 1.071120 |	psnr_loss: 35.756668 |
[2024-07-04 02:36:48,301 | INFO | train_one_epoch] Train epoch 25: [9000/10000 (90.00%)] 	bpp_y_loss: 0.604697 |	bpp_z_loss: 0.004767 |	bpp_loss: 0.609463 |	mse_loss: 0.000282 |	loss: 1.067353 |	psnr_loss: 35.777821 |
[2024-07-04 02:40:52,552 | INFO | train_one_epoch] Train epoch 25: [10000/10000 (100.00%)] 	bpp_y_loss: 0.616079 |	bpp_z_loss: 0.004801 |	bpp_loss: 0.620881 |	mse_loss: 0.000283 |	loss: 1.081580 |	psnr_loss: 35.708530 |
[2024-07-04 02:40:54,798 | INFO | test_one_epoch] Testing results for epoch 26 | bpp_y_loss=0.73677 | bpp_z_loss=0.00471 | bpp_loss=0.74149 | mse_loss=0.00038 | loss=1.36406 | psnr_loss=34.51672
[2024-07-04 02:41:07,241 | INFO | train_one_epoch] Learning rate: 5e-05
[2024-07-04 02:41:08,193 | INFO | train_one_epoch] Train epoch 26: [0/10000 (0.00%)] 	bpp_y_loss: 0.580723 |	bpp_z_loss: 0.004637 |	bpp_loss: 0.585360 |	mse_loss: 0.000288 |	loss: 1.053117 |	psnr_loss: 35.409996 |
[2024-07-04 02:45:16,854 | INFO | train_one_epoch] Train epoch 26: [1000/10000 (10.00%)] 	bpp_y_loss: 0.607812 |	bpp_z_loss: 0.004777 |	bpp_loss: 0.612589 |	mse_loss: 0.000282 |	loss: 1.070872 |	psnr_loss: 35.775440 |
[2024-07-04 02:49:22,027 | INFO | train_one_epoch] Train epoch 26: [2000/10000 (20.00%)] 	bpp_y_loss: 0.607162 |	bpp_z_loss: 0.004759 |	bpp_loss: 0.611921 |	mse_loss: 0.000280 |	loss: 1.066594 |	psnr_loss: 35.799416 |
[2024-07-04 02:53:31,917 | INFO | train_one_epoch] Train epoch 26: [3000/10000 (30.00%)] 	bpp_y_loss: 0.613198 |	bpp_z_loss: 0.004785 |	bpp_loss: 0.617983 |	mse_loss: 0.000284 |	loss: 1.079389 |	psnr_loss: 35.728352 |
