[2024-07-03 08:32:25,561 | INFO | <module>] Args: Namespace(model='tcm', lmbda=0.0067, dataset='vimeo90k', epochs=100, steps_per_epoch=10000, type='mse', steps=1000, test_dataset='kodak', adv_steps=10, adv_optimizer='SGD', adv_lr=1000.0, adv_epsilon=0.01, batch_size=4, learning_rate=1e-05, save=True, seed=19260817, clip_max_norm=1.0, checkpoint=None, continue_train=False)
[2024-07-03 08:32:25,562 | INFO | <module>] Lmbda=0.006700000000
[2024-07-03 08:32:25,562 | INFO | <module>] Load weights from /backup1/xyhang/GradAttack/experiments/adversarial-train/baseline/tcm-vimeo90k-0.0067-100x10000/last_epoch.pth.tar
[2024-07-03 08:33:12,204 | INFO | test_one_epoch] Testing results for epoch 0 | bpp_y_loss=0.22841 | bpp_z_loss=0.00949 | bpp_loss=0.23790 | mse_loss=0.00108 | loss=0.70816 | psnr_loss=30.49029
[2024-07-03 08:33:26,264 | INFO | train_one_epoch] Learning rate: 1e-05
[2024-07-03 08:33:34,867 | INFO | train_one_epoch] Train epoch 0: [0/100 (0.00%)] 	bpp_y_loss: 0.379520 |	bpp_z_loss: 0.008016 |	bpp_loss: 0.387536 |	mse_loss: 0.000665 |	loss: 0.677414 |	psnr_loss: 31.769394 |
[2024-07-03 08:34:33,443 | INFO | train_one_epoch] Train epoch 0: [10/100 (10.00%)] 	bpp_y_loss: 0.374272 |	bpp_z_loss: 0.007808 |	bpp_loss: 0.382080 |	mse_loss: 0.000692 |	loss: 0.683704 |	psnr_loss: 31.754660 |
[2024-07-03 08:35:36,070 | INFO | train_one_epoch] Train epoch 0: [20/100 (20.00%)] 	bpp_y_loss: 0.372972 |	bpp_z_loss: 0.008060 |	bpp_loss: 0.381032 |	mse_loss: 0.000770 |	loss: 0.716288 |	psnr_loss: 31.520502 |
[2024-07-03 08:36:37,631 | INFO | train_one_epoch] Train epoch 0: [30/100 (30.00%)] 	bpp_y_loss: 0.361922 |	bpp_z_loss: 0.007834 |	bpp_loss: 0.369756 |	mse_loss: 0.000675 |	loss: 0.663641 |	psnr_loss: 31.880390 |
[2024-07-03 08:37:40,424 | INFO | train_one_epoch] Train epoch 0: [40/100 (40.00%)] 	bpp_y_loss: 0.361748 |	bpp_z_loss: 0.007767 |	bpp_loss: 0.369515 |	mse_loss: 0.000630 |	loss: 0.643803 |	psnr_loss: 32.152504 |
[2024-07-03 08:38:44,412 | INFO | train_one_epoch] Train epoch 0: [50/100 (50.00%)] 	bpp_y_loss: 0.357418 |	bpp_z_loss: 0.007652 |	bpp_loss: 0.365070 |	mse_loss: 0.000637 |	loss: 0.642495 |	psnr_loss: 32.218521 |
[2024-07-03 08:39:46,608 | INFO | train_one_epoch] Train epoch 0: [60/100 (60.00%)] 	bpp_y_loss: 0.355898 |	bpp_z_loss: 0.007486 |	bpp_loss: 0.363384 |	mse_loss: 0.000574 |	loss: 0.613241 |	psnr_loss: 32.637787 |
[2024-07-03 08:40:48,729 | INFO | train_one_epoch] Train epoch 0: [70/100 (70.00%)] 	bpp_y_loss: 0.351734 |	bpp_z_loss: 0.007721 |	bpp_loss: 0.359455 |	mse_loss: 0.000559 |	loss: 0.602966 |	psnr_loss: 32.676235 |
[2024-07-03 08:41:50,337 | INFO | train_one_epoch] Train epoch 0: [80/100 (80.00%)] 	bpp_y_loss: 0.360854 |	bpp_z_loss: 0.007762 |	bpp_loss: 0.368616 |	mse_loss: 0.000636 |	loss: 0.645808 |	psnr_loss: 32.030697 |
[2024-07-03 08:42:52,398 | INFO | train_one_epoch] Train epoch 0: [90/100 (90.00%)] 	bpp_y_loss: 0.389815 |	bpp_z_loss: 0.007869 |	bpp_loss: 0.397684 |	mse_loss: 0.000831 |	loss: 0.759570 |	psnr_loss: 31.099043 |
[2024-07-03 08:43:53,587 | INFO | train_one_epoch] Train epoch 0: [100/100 (100.00%)] 	bpp_y_loss: 0.352783 |	bpp_z_loss: 0.007754 |	bpp_loss: 0.360537 |	mse_loss: 0.000641 |	loss: 0.639883 |	psnr_loss: 32.233120 |
[2024-07-03 08:43:59,397 | INFO | test_one_epoch] Testing results for epoch 1 | bpp_y_loss=0.22937 | bpp_z_loss=0.00939 | bpp_loss=0.23877 | mse_loss=0.00106 | loss=0.70019 | psnr_loss=30.58587
[2024-07-03 08:43:59,406 | INFO | train_one_epoch] Learning rate: 1e-05
[2024-07-03 08:44:06,763 | INFO | train_one_epoch] Train epoch 1: [0/100 (0.00%)] 	bpp_y_loss: 0.360669 |	bpp_z_loss: 0.007831 |	bpp_loss: 0.368499 |	mse_loss: 0.000601 |	loss: 0.630192 |	psnr_loss: 32.213638 |
[2024-07-03 08:45:08,140 | INFO | train_one_epoch] Train epoch 1: [10/100 (10.00%)] 	bpp_y_loss: 0.351352 |	bpp_z_loss: 0.007895 |	bpp_loss: 0.359247 |	mse_loss: 0.000587 |	loss: 0.614989 |	psnr_loss: 32.532532 |
[2024-07-03 08:46:10,949 | INFO | train_one_epoch] Train epoch 1: [20/100 (20.00%)] 	bpp_y_loss: 0.349387 |	bpp_z_loss: 0.007752 |	bpp_loss: 0.357139 |	mse_loss: 0.000568 |	loss: 0.604385 |	psnr_loss: 32.600731 |
[2024-07-03 08:47:08,882 | INFO | train_one_epoch] Train epoch 1: [30/100 (30.00%)] 	bpp_y_loss: 0.351941 |	bpp_z_loss: 0.007723 |	bpp_loss: 0.359664 |	mse_loss: 0.000566 |	loss: 0.606351 |	psnr_loss: 32.599625 |
[2024-07-03 08:48:08,907 | INFO | train_one_epoch] Train epoch 1: [40/100 (40.00%)] 	bpp_y_loss: 0.334530 |	bpp_z_loss: 0.007695 |	bpp_loss: 0.342225 |	mse_loss: 0.000528 |	loss: 0.572315 |	psnr_loss: 32.864071 |
[2024-07-03 08:49:07,344 | INFO | train_one_epoch] Train epoch 1: [50/100 (50.00%)] 	bpp_y_loss: 0.362949 |	bpp_z_loss: 0.007830 |	bpp_loss: 0.370779 |	mse_loss: 0.000696 |	loss: 0.674088 |	psnr_loss: 31.882334 |
[2024-07-03 08:50:05,736 | INFO | train_one_epoch] Train epoch 1: [60/100 (60.00%)] 	bpp_y_loss: 0.369790 |	bpp_z_loss: 0.007845 |	bpp_loss: 0.377634 |	mse_loss: 0.000665 |	loss: 0.667391 |	psnr_loss: 31.944660 |
[2024-07-03 08:51:08,252 | INFO | train_one_epoch] Train epoch 1: [70/100 (70.00%)] 	bpp_y_loss: 0.364049 |	bpp_z_loss: 0.007814 |	bpp_loss: 0.371863 |	mse_loss: 0.000646 |	loss: 0.653163 |	psnr_loss: 32.053478 |
[2024-07-03 08:52:11,346 | INFO | train_one_epoch] Train epoch 1: [80/100 (80.00%)] 	bpp_y_loss: 0.360061 |	bpp_z_loss: 0.007700 |	bpp_loss: 0.367761 |	mse_loss: 0.000653 |	loss: 0.652092 |	psnr_loss: 32.142128 |
[2024-07-03 08:53:14,039 | INFO | train_one_epoch] Train epoch 1: [90/100 (90.00%)] 	bpp_y_loss: 0.366014 |	bpp_z_loss: 0.007706 |	bpp_loss: 0.373720 |	mse_loss: 0.000706 |	loss: 0.681410 |	psnr_loss: 31.857105 |
[2024-07-03 08:54:14,895 | INFO | train_one_epoch] Train epoch 1: [100/100 (100.00%)] 	bpp_y_loss: 0.372740 |	bpp_z_loss: 0.007702 |	bpp_loss: 0.380442 |	mse_loss: 0.000692 |	loss: 0.682113 |	psnr_loss: 31.959717 |
[2024-07-03 08:54:20,777 | INFO | test_one_epoch] Testing results for epoch 2 | bpp_y_loss=0.22899 | bpp_z_loss=0.00944 | bpp_loss=0.23843 | mse_loss=0.00106 | loss=0.69923 | psnr_loss=30.59473
[2024-07-03 08:54:20,787 | INFO | train_one_epoch] Learning rate: 1e-05
[2024-07-03 08:54:28,263 | INFO | train_one_epoch] Train epoch 2: [0/100 (0.00%)] 	bpp_y_loss: 0.379507 |	bpp_z_loss: 0.007920 |	bpp_loss: 0.387427 |	mse_loss: 0.000768 |	loss: 0.722203 |	psnr_loss: 31.144001 |
[2024-07-03 08:55:30,814 | INFO | train_one_epoch] Train epoch 2: [10/100 (10.00%)] 	bpp_y_loss: 0.347485 |	bpp_z_loss: 0.007579 |	bpp_loss: 0.355064 |	mse_loss: 0.000605 |	loss: 0.618800 |	psnr_loss: 32.380524 |
[2024-07-03 08:56:32,970 | INFO | train_one_epoch] Train epoch 2: [20/100 (20.00%)] 	bpp_y_loss: 0.344847 |	bpp_z_loss: 0.007681 |	bpp_loss: 0.352529 |	mse_loss: 0.000581 |	loss: 0.605670 |	psnr_loss: 32.602997 |
[2024-07-03 08:57:35,262 | INFO | train_one_epoch] Train epoch 2: [30/100 (30.00%)] 	bpp_y_loss: 0.381356 |	bpp_z_loss: 0.007835 |	bpp_loss: 0.389191 |	mse_loss: 0.000709 |	loss: 0.697986 |	psnr_loss: 31.567038 |
[2024-07-03 08:58:36,794 | INFO | train_one_epoch] Train epoch 2: [40/100 (40.00%)] 	bpp_y_loss: 0.372828 |	bpp_z_loss: 0.007851 |	bpp_loss: 0.380680 |	mse_loss: 0.000773 |	loss: 0.717545 |	psnr_loss: 31.250675 |
[2024-07-03 08:59:39,035 | INFO | train_one_epoch] Train epoch 2: [50/100 (50.00%)] 	bpp_y_loss: 0.384230 |	bpp_z_loss: 0.008005 |	bpp_loss: 0.392235 |	mse_loss: 0.000730 |	loss: 0.710390 |	psnr_loss: 31.468458 |
[2024-07-03 09:00:38,988 | INFO | train_one_epoch] Train epoch 2: [60/100 (60.00%)] 	bpp_y_loss: 0.351564 |	bpp_z_loss: 0.007816 |	bpp_loss: 0.359380 |	mse_loss: 0.000652 |	loss: 0.643642 |	psnr_loss: 32.026714 |
[2024-07-03 09:01:30,043 | INFO | train_one_epoch] Train epoch 2: [70/100 (70.00%)] 	bpp_y_loss: 0.364682 |	bpp_z_loss: 0.007919 |	bpp_loss: 0.372601 |	mse_loss: 0.000610 |	loss: 0.638205 |	psnr_loss: 32.228603 |
[2024-07-03 09:02:20,934 | INFO | train_one_epoch] Train epoch 2: [80/100 (80.00%)] 	bpp_y_loss: 0.363199 |	bpp_z_loss: 0.007787 |	bpp_loss: 0.370986 |	mse_loss: 0.000655 |	loss: 0.656529 |	psnr_loss: 32.136242 |
[2024-07-03 09:03:11,638 | INFO | train_one_epoch] Train epoch 2: [90/100 (90.00%)] 	bpp_y_loss: 0.351384 |	bpp_z_loss: 0.007864 |	bpp_loss: 0.359249 |	mse_loss: 0.000614 |	loss: 0.626776 |	psnr_loss: 32.373135 |
[2024-07-03 09:04:04,222 | INFO | train_one_epoch] Train epoch 2: [100/100 (100.00%)] 	bpp_y_loss: 0.359009 |	bpp_z_loss: 0.007805 |	bpp_loss: 0.366814 |	mse_loss: 0.000656 |	loss: 0.652707 |	psnr_loss: 32.098099 |
[2024-07-03 09:04:09,632 | INFO | test_one_epoch] Testing results for epoch 3 | bpp_y_loss=0.22923 | bpp_z_loss=0.00961 | bpp_loss=0.23884 | mse_loss=0.00105 | loss=0.69790 | psnr_loss=30.61103
[2024-07-03 09:04:09,642 | INFO | train_one_epoch] Learning rate: 1e-05
[2024-07-03 09:04:16,536 | INFO | train_one_epoch] Train epoch 3: [0/100 (0.00%)] 	bpp_y_loss: 0.325880 |	bpp_z_loss: 0.008355 |	bpp_loss: 0.334235 |	mse_loss: 0.000724 |	loss: 0.649720 |	psnr_loss: 31.401768 |
[2024-07-03 09:05:09,296 | INFO | train_one_epoch] Train epoch 3: [10/100 (10.00%)] 	bpp_y_loss: 0.361304 |	bpp_z_loss: 0.007746 |	bpp_loss: 0.369050 |	mse_loss: 0.000577 |	loss: 0.620399 |	psnr_loss: 32.478802 |
[2024-07-03 09:06:00,309 | INFO | train_one_epoch] Train epoch 3: [20/100 (20.00%)] 	bpp_y_loss: 0.378920 |	bpp_z_loss: 0.008008 |	bpp_loss: 0.386927 |	mse_loss: 0.000674 |	loss: 0.680661 |	psnr_loss: 31.889292 |
[2024-07-03 09:06:53,171 | INFO | train_one_epoch] Train epoch 3: [30/100 (30.00%)] 	bpp_y_loss: 0.375058 |	bpp_z_loss: 0.007814 |	bpp_loss: 0.382872 |	mse_loss: 0.000793 |	loss: 0.728483 |	psnr_loss: 31.498182 |
[2024-07-03 09:07:46,075 | INFO | train_one_epoch] Train epoch 3: [40/100 (40.00%)] 	bpp_y_loss: 0.364203 |	bpp_z_loss: 0.007785 |	bpp_loss: 0.371988 |	mse_loss: 0.000625 |	loss: 0.644176 |	psnr_loss: 32.117569 |
[2024-07-03 09:08:40,344 | INFO | train_one_epoch] Train epoch 3: [50/100 (50.00%)] 	bpp_y_loss: 0.355860 |	bpp_z_loss: 0.007759 |	bpp_loss: 0.363620 |	mse_loss: 0.000613 |	loss: 0.630645 |	psnr_loss: 32.243263 |
[2024-07-03 09:09:34,548 | INFO | train_one_epoch] Train epoch 3: [60/100 (60.00%)] 	bpp_y_loss: 0.347642 |	bpp_z_loss: 0.007726 |	bpp_loss: 0.355368 |	mse_loss: 0.000604 |	loss: 0.618427 |	psnr_loss: 32.377811 |
[2024-07-03 09:10:27,680 | INFO | train_one_epoch] Train epoch 3: [70/100 (70.00%)] 	bpp_y_loss: 0.372388 |	bpp_z_loss: 0.008080 |	bpp_loss: 0.380468 |	mse_loss: 0.000736 |	loss: 0.701330 |	psnr_loss: 31.580780 |
[2024-07-03 09:11:20,777 | INFO | train_one_epoch] Train epoch 3: [80/100 (80.00%)] 	bpp_y_loss: 0.353264 |	bpp_z_loss: 0.007820 |	bpp_loss: 0.361084 |	mse_loss: 0.000592 |	loss: 0.619011 |	psnr_loss: 32.393215 |
[2024-07-03 09:12:14,415 | INFO | train_one_epoch] Train epoch 3: [90/100 (90.00%)] 	bpp_y_loss: 0.367203 |	bpp_z_loss: 0.007805 |	bpp_loss: 0.375008 |	mse_loss: 0.000643 |	loss: 0.654983 |	psnr_loss: 31.996389 |
[2024-07-03 09:13:07,931 | INFO | train_one_epoch] Train epoch 3: [100/100 (100.00%)] 	bpp_y_loss: 0.353559 |	bpp_z_loss: 0.007687 |	bpp_loss: 0.361246 |	mse_loss: 0.000630 |	loss: 0.635688 |	psnr_loss: 32.240181 |
[2024-07-03 09:13:13,326 | INFO | test_one_epoch] Testing results for epoch 4 | bpp_y_loss=0.22927 | bpp_z_loss=0.00947 | bpp_loss=0.23874 | mse_loss=0.00105 | loss=0.69725 | psnr_loss=30.61552
[2024-07-03 09:13:13,337 | INFO | train_one_epoch] Learning rate: 1e-05
[2024-07-03 09:13:19,836 | INFO | train_one_epoch] Train epoch 4: [0/100 (0.00%)] 	bpp_y_loss: 0.401117 |	bpp_z_loss: 0.008068 |	bpp_loss: 0.409185 |	mse_loss: 0.000734 |	loss: 0.729164 |	psnr_loss: 31.340336 |
[2024-07-03 09:14:12,780 | INFO | train_one_epoch] Train epoch 4: [10/100 (10.00%)] 	bpp_y_loss: 0.356988 |	bpp_z_loss: 0.007935 |	bpp_loss: 0.364923 |	mse_loss: 0.000644 |	loss: 0.645601 |	psnr_loss: 32.053860 |
[2024-07-03 09:15:06,254 | INFO | train_one_epoch] Train epoch 4: [20/100 (20.00%)] 	bpp_y_loss: 0.339465 |	bpp_z_loss: 0.007882 |	bpp_loss: 0.347347 |	mse_loss: 0.000534 |	loss: 0.579921 |	psnr_loss: 32.774498 |
[2024-07-03 09:15:59,455 | INFO | train_one_epoch] Train epoch 4: [30/100 (30.00%)] 	bpp_y_loss: 0.380650 |	bpp_z_loss: 0.007916 |	bpp_loss: 0.388565 |	mse_loss: 0.000755 |	loss: 0.717611 |	psnr_loss: 31.473499 |
[2024-07-03 09:16:51,605 | INFO | train_one_epoch] Train epoch 4: [40/100 (40.00%)] 	bpp_y_loss: 0.373352 |	bpp_z_loss: 0.007662 |	bpp_loss: 0.381014 |	mse_loss: 0.000747 |	loss: 0.706307 |	psnr_loss: 31.604361 |
[2024-07-03 09:17:42,971 | INFO | train_one_epoch] Train epoch 4: [50/100 (50.00%)] 	bpp_y_loss: 0.387192 |	bpp_z_loss: 0.007927 |	bpp_loss: 0.395119 |	mse_loss: 0.000742 |	loss: 0.718270 |	psnr_loss: 31.405081 |
[2024-07-03 09:18:34,849 | INFO | train_one_epoch] Train epoch 4: [60/100 (60.00%)] 	bpp_y_loss: 0.370332 |	bpp_z_loss: 0.007513 |	bpp_loss: 0.377845 |	mse_loss: 0.000705 |	loss: 0.684827 |	psnr_loss: 31.762552 |
[2024-07-03 09:19:26,364 | INFO | train_one_epoch] Train epoch 4: [70/100 (70.00%)] 	bpp_y_loss: 0.387610 |	bpp_z_loss: 0.007929 |	bpp_loss: 0.395539 |	mse_loss: 0.000860 |	loss: 0.770076 |	psnr_loss: 31.060431 |
[2024-07-03 09:20:18,585 | INFO | train_one_epoch] Train epoch 4: [80/100 (80.00%)] 	bpp_y_loss: 0.386939 |	bpp_z_loss: 0.007845 |	bpp_loss: 0.394784 |	mse_loss: 0.000793 |	loss: 0.740273 |	psnr_loss: 31.209417 |
[2024-07-03 09:21:10,669 | INFO | train_one_epoch] Train epoch 4: [90/100 (90.00%)] 	bpp_y_loss: 0.370725 |	bpp_z_loss: 0.007907 |	bpp_loss: 0.378632 |	mse_loss: 0.000711 |	loss: 0.688234 |	psnr_loss: 31.705168 |
[2024-07-03 09:22:02,933 | INFO | train_one_epoch] Train epoch 4: [100/100 (100.00%)] 	bpp_y_loss: 0.361656 |	bpp_z_loss: 0.007753 |	bpp_loss: 0.369409 |	mse_loss: 0.000614 |	loss: 0.637076 |	psnr_loss: 32.331509 |
[2024-07-03 09:22:08,232 | INFO | test_one_epoch] Testing results for epoch 5 | bpp_y_loss=0.22902 | bpp_z_loss=0.00933 | bpp_loss=0.23835 | mse_loss=0.00105 | loss=0.69561 | psnr_loss=30.63181
[2024-07-03 09:22:08,243 | INFO | train_one_epoch] Learning rate: 1e-05
[2024-07-03 09:22:14,935 | INFO | train_one_epoch] Train epoch 5: [0/100 (0.00%)] 	bpp_y_loss: 0.357608 |	bpp_z_loss: 0.008628 |	bpp_loss: 0.366236 |	mse_loss: 0.000607 |	loss: 0.630481 |	psnr_loss: 32.171482 |
[2024-07-03 09:23:05,893 | INFO | train_one_epoch] Train epoch 5: [10/100 (10.00%)] 	bpp_y_loss: 0.349770 |	bpp_z_loss: 0.007797 |	bpp_loss: 0.357567 |	mse_loss: 0.000602 |	loss: 0.619797 |	psnr_loss: 32.328850 |
[2024-07-03 09:23:57,018 | INFO | train_one_epoch] Train epoch 5: [20/100 (20.00%)] 	bpp_y_loss: 0.370055 |	bpp_z_loss: 0.007779 |	bpp_loss: 0.377834 |	mse_loss: 0.000650 |	loss: 0.660893 |	psnr_loss: 32.083019 |
[2024-07-03 09:24:48,755 | INFO | train_one_epoch] Train epoch 5: [30/100 (30.00%)] 	bpp_y_loss: 0.352107 |	bpp_z_loss: 0.007718 |	bpp_loss: 0.359825 |	mse_loss: 0.000582 |	loss: 0.613446 |	psnr_loss: 32.475655 |
[2024-07-03 09:25:40,358 | INFO | train_one_epoch] Train epoch 5: [40/100 (40.00%)] 	bpp_y_loss: 0.388383 |	bpp_z_loss: 0.007878 |	bpp_loss: 0.396261 |	mse_loss: 0.000765 |	loss: 0.729547 |	psnr_loss: 31.470978 |
[2024-07-03 09:26:30,198 | INFO | train_one_epoch] Train epoch 5: [50/100 (50.00%)] 	bpp_y_loss: 0.362102 |	bpp_z_loss: 0.007730 |	bpp_loss: 0.369832 |	mse_loss: 0.000673 |	loss: 0.663095 |	psnr_loss: 31.948231 |
[2024-07-03 09:27:20,227 | INFO | train_one_epoch] Train epoch 5: [60/100 (60.00%)] 	bpp_y_loss: 0.360975 |	bpp_z_loss: 0.007921 |	bpp_loss: 0.368896 |	mse_loss: 0.000699 |	loss: 0.673518 |	psnr_loss: 32.011307 |
[2024-07-03 09:28:10,929 | INFO | train_one_epoch] Train epoch 5: [70/100 (70.00%)] 	bpp_y_loss: 0.361849 |	bpp_z_loss: 0.007845 |	bpp_loss: 0.369694 |	mse_loss: 0.000614 |	loss: 0.637307 |	psnr_loss: 32.316387 |
[2024-07-03 09:29:01,882 | INFO | train_one_epoch] Train epoch 5: [80/100 (80.00%)] 	bpp_y_loss: 0.352841 |	bpp_z_loss: 0.007979 |	bpp_loss: 0.360820 |	mse_loss: 0.000563 |	loss: 0.606284 |	psnr_loss: 32.545658 |
[2024-07-03 09:29:54,282 | INFO | train_one_epoch] Train epoch 5: [90/100 (90.00%)] 	bpp_y_loss: 0.367809 |	bpp_z_loss: 0.007806 |	bpp_loss: 0.375614 |	mse_loss: 0.000669 |	loss: 0.667030 |	psnr_loss: 31.848850 |
[2024-07-03 09:30:46,342 | INFO | train_one_epoch] Train epoch 5: [100/100 (100.00%)] 	bpp_y_loss: 0.355936 |	bpp_z_loss: 0.007768 |	bpp_loss: 0.363704 |	mse_loss: 0.000597 |	loss: 0.623956 |	psnr_loss: 32.350815 |
[2024-07-03 09:30:52,019 | INFO | test_one_epoch] Testing results for epoch 6 | bpp_y_loss=0.22950 | bpp_z_loss=0.00948 | bpp_loss=0.23898 | mse_loss=0.00105 | loss=0.69618 | psnr_loss=30.63075
[2024-07-03 09:30:52,025 | INFO | train_one_epoch] Learning rate: 1e-05
[2024-07-03 09:30:58,106 | INFO | train_one_epoch] Train epoch 6: [0/100 (0.00%)] 	bpp_y_loss: 0.394773 |	bpp_z_loss: 0.007677 |	bpp_loss: 0.402449 |	mse_loss: 0.001145 |	loss: 0.901175 |	psnr_loss: 29.412939 |
[2024-07-03 09:31:49,972 | INFO | train_one_epoch] Train epoch 6: [10/100 (10.00%)] 	bpp_y_loss: 0.357000 |	bpp_z_loss: 0.007713 |	bpp_loss: 0.364713 |	mse_loss: 0.000644 |	loss: 0.645241 |	psnr_loss: 32.306957 |
[2024-07-03 09:32:43,803 | INFO | train_one_epoch] Train epoch 6: [20/100 (20.00%)] 	bpp_y_loss: 0.361961 |	bpp_z_loss: 0.007874 |	bpp_loss: 0.369835 |	mse_loss: 0.000609 |	loss: 0.635066 |	psnr_loss: 32.285625 |
[2024-07-03 09:33:35,610 | INFO | train_one_epoch] Train epoch 6: [30/100 (30.00%)] 	bpp_y_loss: 0.354538 |	bpp_z_loss: 0.007697 |	bpp_loss: 0.362235 |	mse_loss: 0.000583 |	loss: 0.616288 |	psnr_loss: 32.463203 |
[2024-07-03 09:34:27,522 | INFO | train_one_epoch] Train epoch 6: [40/100 (40.00%)] 	bpp_y_loss: 0.368513 |	bpp_z_loss: 0.007787 |	bpp_loss: 0.376301 |	mse_loss: 0.000719 |	loss: 0.689715 |	psnr_loss: 31.712278 |
[2024-07-03 09:35:18,064 | INFO | train_one_epoch] Train epoch 6: [50/100 (50.00%)] 	bpp_y_loss: 0.365923 |	bpp_z_loss: 0.007932 |	bpp_loss: 0.373855 |	mse_loss: 0.000685 |	loss: 0.672167 |	psnr_loss: 31.759918 |
[2024-07-03 09:36:08,737 | INFO | train_one_epoch] Train epoch 6: [60/100 (60.00%)] 	bpp_y_loss: 0.385426 |	bpp_z_loss: 0.007891 |	bpp_loss: 0.393317 |	mse_loss: 0.000708 |	loss: 0.701780 |	psnr_loss: 31.690674 |
[2024-07-03 09:36:59,441 | INFO | train_one_epoch] Train epoch 6: [70/100 (70.00%)] 	bpp_y_loss: 0.351386 |	bpp_z_loss: 0.007583 |	bpp_loss: 0.358969 |	mse_loss: 0.000631 |	loss: 0.633688 |	psnr_loss: 32.135036 |
[2024-07-03 09:37:51,978 | INFO | train_one_epoch] Train epoch 6: [80/100 (80.00%)] 	bpp_y_loss: 0.367845 |	bpp_z_loss: 0.007684 |	bpp_loss: 0.375529 |	mse_loss: 0.000610 |	loss: 0.641233 |	psnr_loss: 32.339184 |
[2024-07-03 09:38:44,905 | INFO | train_one_epoch] Train epoch 6: [90/100 (90.00%)] 	bpp_y_loss: 0.362401 |	bpp_z_loss: 0.007907 |	bpp_loss: 0.370307 |	mse_loss: 0.000640 |	loss: 0.649117 |	psnr_loss: 32.138775 |
[2024-07-03 09:39:38,546 | INFO | train_one_epoch] Train epoch 6: [100/100 (100.00%)] 	bpp_y_loss: 0.372587 |	bpp_z_loss: 0.007938 |	bpp_loss: 0.380525 |	mse_loss: 0.000647 |	loss: 0.662522 |	psnr_loss: 32.084785 |
[2024-07-03 09:39:43,947 | INFO | test_one_epoch] Testing results for epoch 7 | bpp_y_loss=0.22949 | bpp_z_loss=0.00959 | bpp_loss=0.23908 | mse_loss=0.00105 | loss=0.69569 | psnr_loss=30.63708
[2024-07-03 09:39:43,957 | INFO | train_one_epoch] Learning rate: 1e-05
[2024-07-03 09:39:50,620 | INFO | train_one_epoch] Train epoch 7: [0/100 (0.00%)] 	bpp_y_loss: 0.346833 |	bpp_z_loss: 0.007632 |	bpp_loss: 0.354465 |	mse_loss: 0.000626 |	loss: 0.627204 |	psnr_loss: 32.034081 |
[2024-07-03 09:40:43,186 | INFO | train_one_epoch] Train epoch 7: [10/100 (10.00%)] 	bpp_y_loss: 0.369048 |	bpp_z_loss: 0.008007 |	bpp_loss: 0.377055 |	mse_loss: 0.000669 |	loss: 0.668346 |	psnr_loss: 31.917067 |
[2024-07-03 09:41:36,476 | INFO | train_one_epoch] Train epoch 7: [20/100 (20.00%)] 	bpp_y_loss: 0.375195 |	bpp_z_loss: 0.007961 |	bpp_loss: 0.383157 |	mse_loss: 0.000704 |	loss: 0.690074 |	psnr_loss: 31.578321 |
[2024-07-03 09:42:29,975 | INFO | train_one_epoch] Train epoch 7: [30/100 (30.00%)] 	bpp_y_loss: 0.373925 |	bpp_z_loss: 0.007838 |	bpp_loss: 0.381763 |	mse_loss: 0.000671 |	loss: 0.673964 |	psnr_loss: 31.782841 |
[2024-07-03 09:43:23,412 | INFO | train_one_epoch] Train epoch 7: [40/100 (40.00%)] 	bpp_y_loss: 0.359881 |	bpp_z_loss: 0.007713 |	bpp_loss: 0.367594 |	mse_loss: 0.000611 |	loss: 0.633623 |	psnr_loss: 32.244423 |
[2024-07-03 09:44:16,978 | INFO | train_one_epoch] Train epoch 7: [50/100 (50.00%)] 	bpp_y_loss: 0.373453 |	bpp_z_loss: 0.007829 |	bpp_loss: 0.381282 |	mse_loss: 0.000670 |	loss: 0.673132 |	psnr_loss: 31.982925 |
[2024-07-03 09:45:10,970 | INFO | train_one_epoch] Train epoch 7: [60/100 (60.00%)] 	bpp_y_loss: 0.369843 |	bpp_z_loss: 0.007896 |	bpp_loss: 0.377739 |	mse_loss: 0.000682 |	loss: 0.674946 |	psnr_loss: 31.768238 |
[2024-07-03 09:46:04,268 | INFO | train_one_epoch] Train epoch 7: [70/100 (70.00%)] 	bpp_y_loss: 0.369450 |	bpp_z_loss: 0.007849 |	bpp_loss: 0.377299 |	mse_loss: 0.000693 |	loss: 0.679109 |	psnr_loss: 31.868580 |
[2024-07-03 09:46:57,117 | INFO | train_one_epoch] Train epoch 7: [80/100 (80.00%)] 	bpp_y_loss: 0.363194 |	bpp_z_loss: 0.007633 |	bpp_loss: 0.370827 |	mse_loss: 0.000628 |	loss: 0.644384 |	psnr_loss: 32.237514 |
[2024-07-03 09:47:49,398 | INFO | train_one_epoch] Train epoch 7: [90/100 (90.00%)] 	bpp_y_loss: 0.353279 |	bpp_z_loss: 0.007769 |	bpp_loss: 0.361049 |	mse_loss: 0.000695 |	loss: 0.663839 |	psnr_loss: 31.909372 |
[2024-07-03 09:48:41,698 | INFO | train_one_epoch] Train epoch 7: [100/100 (100.00%)] 	bpp_y_loss: 0.392455 |	bpp_z_loss: 0.007969 |	bpp_loss: 0.400423 |	mse_loss: 0.000752 |	loss: 0.728262 |	psnr_loss: 31.455566 |
[2024-07-03 09:48:46,881 | INFO | test_one_epoch] Testing results for epoch 8 | bpp_y_loss=0.23065 | bpp_z_loss=0.00962 | bpp_loss=0.24027 | mse_loss=0.00105 | loss=0.69651 | psnr_loss=30.63934
[2024-07-03 09:48:46,889 | INFO | train_one_epoch] Learning rate: 1e-05
[2024-07-03 09:48:53,316 | INFO | train_one_epoch] Train epoch 8: [0/100 (0.00%)] 	bpp_y_loss: 0.329056 |	bpp_z_loss: 0.008067 |	bpp_loss: 0.337124 |	mse_loss: 0.000498 |	loss: 0.553935 |	psnr_loss: 33.030731 |
[2024-07-03 09:49:46,122 | INFO | train_one_epoch] Train epoch 8: [10/100 (10.00%)] 	bpp_y_loss: 0.358995 |	bpp_z_loss: 0.007658 |	bpp_loss: 0.366653 |	mse_loss: 0.000615 |	loss: 0.634551 |	psnr_loss: 32.285320 |
[2024-07-03 09:50:38,433 | INFO | train_one_epoch] Train epoch 8: [20/100 (20.00%)] 	bpp_y_loss: 0.362967 |	bpp_z_loss: 0.007771 |	bpp_loss: 0.370739 |	mse_loss: 0.000688 |	loss: 0.670474 |	psnr_loss: 31.892460 |
[2024-07-03 09:51:30,927 | INFO | train_one_epoch] Train epoch 8: [30/100 (30.00%)] 	bpp_y_loss: 0.360781 |	bpp_z_loss: 0.007772 |	bpp_loss: 0.368553 |	mse_loss: 0.000634 |	loss: 0.644593 |	psnr_loss: 32.098095 |
[2024-07-03 09:52:23,190 | INFO | train_one_epoch] Train epoch 8: [40/100 (40.00%)] 	bpp_y_loss: 0.351159 |	bpp_z_loss: 0.007557 |	bpp_loss: 0.358716 |	mse_loss: 0.000601 |	loss: 0.620653 |	psnr_loss: 32.543663 |
[2024-07-03 09:53:14,826 | INFO | train_one_epoch] Train epoch 8: [50/100 (50.00%)] 	bpp_y_loss: 0.373485 |	bpp_z_loss: 0.007952 |	bpp_loss: 0.381437 |	mse_loss: 0.000721 |	loss: 0.695710 |	psnr_loss: 31.621008 |
[2024-07-03 09:54:06,007 | INFO | train_one_epoch] Train epoch 8: [60/100 (60.00%)] 	bpp_y_loss: 0.354383 |	bpp_z_loss: 0.007841 |	bpp_loss: 0.362224 |	mse_loss: 0.000557 |	loss: 0.605068 |	psnr_loss: 32.618111 |
[2024-07-03 09:54:58,499 | INFO | train_one_epoch] Train epoch 8: [70/100 (70.00%)] 	bpp_y_loss: 0.342473 |	bpp_z_loss: 0.007646 |	bpp_loss: 0.350118 |	mse_loss: 0.000552 |	loss: 0.590707 |	psnr_loss: 32.811764 |
[2024-07-03 09:55:50,212 | INFO | train_one_epoch] Train epoch 8: [80/100 (80.00%)] 	bpp_y_loss: 0.388627 |	bpp_z_loss: 0.007968 |	bpp_loss: 0.396595 |	mse_loss: 0.000812 |	loss: 0.750249 |	psnr_loss: 31.302139 |
[2024-07-03 09:56:42,134 | INFO | train_one_epoch] Train epoch 8: [90/100 (90.00%)] 	bpp_y_loss: 0.351494 |	bpp_z_loss: 0.007797 |	bpp_loss: 0.359292 |	mse_loss: 0.000603 |	loss: 0.621795 |	psnr_loss: 32.338955 |
[2024-07-03 09:57:35,191 | INFO | train_one_epoch] Train epoch 8: [100/100 (100.00%)] 	bpp_y_loss: 0.364003 |	bpp_z_loss: 0.007902 |	bpp_loss: 0.371904 |	mse_loss: 0.000603 |	loss: 0.634592 |	psnr_loss: 32.349072 |
[2024-07-03 09:57:40,159 | INFO | test_one_epoch] Testing results for epoch 9 | bpp_y_loss=0.23090 | bpp_z_loss=0.00955 | bpp_loss=0.24045 | mse_loss=0.00104 | loss=0.69514 | psnr_loss=30.65566
[2024-07-03 09:57:40,165 | INFO | train_one_epoch] Learning rate: 1e-05
[2024-07-03 09:57:46,702 | INFO | train_one_epoch] Train epoch 9: [0/100 (0.00%)] 	bpp_y_loss: 0.355289 |	bpp_z_loss: 0.007437 |	bpp_loss: 0.362726 |	mse_loss: 0.000477 |	loss: 0.570569 |	psnr_loss: 33.214203 |
[2024-07-03 09:58:38,131 | INFO | train_one_epoch] Train epoch 9: [10/100 (10.00%)] 	bpp_y_loss: 0.342507 |	bpp_z_loss: 0.007623 |	bpp_loss: 0.350130 |	mse_loss: 0.000557 |	loss: 0.592807 |	psnr_loss: 32.734035 |
[2024-07-03 09:59:30,402 | INFO | train_one_epoch] Train epoch 9: [20/100 (20.00%)] 	bpp_y_loss: 0.379254 |	bpp_z_loss: 0.007811 |	bpp_loss: 0.387065 |	mse_loss: 0.000660 |	loss: 0.674766 |	psnr_loss: 32.195858 |
[2024-07-03 10:00:23,242 | INFO | train_one_epoch] Train epoch 9: [30/100 (30.00%)] 	bpp_y_loss: 0.352830 |	bpp_z_loss: 0.007742 |	bpp_loss: 0.360572 |	mse_loss: 0.000616 |	loss: 0.629069 |	psnr_loss: 32.309624 |
[2024-07-03 10:01:16,722 | INFO | train_one_epoch] Train epoch 9: [40/100 (40.00%)] 	bpp_y_loss: 0.357993 |	bpp_z_loss: 0.007785 |	bpp_loss: 0.365778 |	mse_loss: 0.000641 |	loss: 0.645102 |	psnr_loss: 32.134480 |
[2024-07-03 10:02:10,088 | INFO | train_one_epoch] Train epoch 9: [50/100 (50.00%)] 	bpp_y_loss: 0.387079 |	bpp_z_loss: 0.007927 |	bpp_loss: 0.395005 |	mse_loss: 0.000733 |	loss: 0.714397 |	psnr_loss: 31.526966 |
[2024-07-03 10:03:02,755 | INFO | train_one_epoch] Train epoch 9: [60/100 (60.00%)] 	bpp_y_loss: 0.361448 |	bpp_z_loss: 0.007913 |	bpp_loss: 0.369362 |	mse_loss: 0.000670 |	loss: 0.661293 |	psnr_loss: 31.791218 |
[2024-07-03 10:03:56,007 | INFO | train_one_epoch] Train epoch 9: [70/100 (70.00%)] 	bpp_y_loss: 0.373132 |	bpp_z_loss: 0.007704 |	bpp_loss: 0.380836 |	mse_loss: 0.000701 |	loss: 0.686449 |	psnr_loss: 31.657434 |
[2024-07-03 10:04:49,938 | INFO | train_one_epoch] Train epoch 9: [80/100 (80.00%)] 	bpp_y_loss: 0.348837 |	bpp_z_loss: 0.007719 |	bpp_loss: 0.356557 |	mse_loss: 0.000610 |	loss: 0.622522 |	psnr_loss: 32.328503 |
[2024-07-03 10:05:41,312 | INFO | train_one_epoch] Train epoch 9: [90/100 (90.00%)] 	bpp_y_loss: 0.383899 |	bpp_z_loss: 0.007744 |	bpp_loss: 0.391643 |	mse_loss: 0.000671 |	loss: 0.683818 |	psnr_loss: 31.849564 |
[2024-07-03 10:06:32,416 | INFO | train_one_epoch] Train epoch 9: [100/100 (100.00%)] 	bpp_y_loss: 0.362780 |	bpp_z_loss: 0.007857 |	bpp_loss: 0.370638 |	mse_loss: 0.000619 |	loss: 0.640411 |	psnr_loss: 32.247166 |
[2024-07-03 10:06:37,463 | INFO | test_one_epoch] Testing results for epoch 10 | bpp_y_loss=0.23068 | bpp_z_loss=0.00964 | bpp_loss=0.24032 | mse_loss=0.00105 | loss=0.69572 | psnr_loss=30.65193
