[2024-01-18 11:59:17,029 | INFO | <module>] Args: Namespace(model='tcm', lmbda=0.0018, dataset='liu4k', epochs=100, steps_per_epoch=10000, type='mse', steps=1000, test_dataset='kodak', adv_steps=10, adv_optimizer='SGD', adv_lr=1000.0, adv_epsilon=0.01, batch_size=4, learning_rate=1e-05, save=True, seed=19260817, clip_max_norm=1.0, checkpoint=None, continue_train=False)
[2024-01-18 11:59:17,045 | INFO | <module>] Lmbda=0.001800000000
[2024-01-18 11:59:17,045 | INFO | <module>] Load weights from /backup1/xyhang/GradAttack/experiments/adversarial-train/baseline/tcm-liu4k-0.0018-100x10000/last_epoch.pth.tar
[2024-01-18 11:59:25,695 | INFO | test_one_epoch] Testing results for epoch 0 | bpp_y_loss=0.10254 | bpp_z_loss=0.00884 | bpp_loss=0.11137 | mse_loss=0.00169 | loss=0.30877 | psnr_loss=28.41359
[2024-01-18 11:59:37,368 | INFO | train_one_epoch] Learning rate: 1e-05
[2024-01-18 11:59:43,554 | INFO | train_one_epoch] Train epoch 0: [0/100 (0.00%)] 	bpp_y_loss: 0.239626 |	bpp_z_loss: 0.005155 |	bpp_loss: 0.244781 |	mse_loss: 0.000969 |	loss: 0.358159 |	psnr_loss: 30.138241 |
[2024-01-18 12:00:33,324 | INFO | train_one_epoch] Train epoch 0: [10/100 (10.00%)] 	bpp_y_loss: 0.248645 |	bpp_z_loss: 0.005187 |	bpp_loss: 0.253832 |	mse_loss: 0.001343 |	loss: 0.411073 |	psnr_loss: 29.420847 |
[2024-01-18 12:01:23,210 | INFO | train_one_epoch] Train epoch 0: [20/100 (20.00%)] 	bpp_y_loss: 0.252016 |	bpp_z_loss: 0.005258 |	bpp_loss: 0.257274 |	mse_loss: 0.001345 |	loss: 0.414746 |	psnr_loss: 29.332911 |
[2024-01-18 12:02:12,344 | INFO | train_one_epoch] Train epoch 0: [30/100 (30.00%)] 	bpp_y_loss: 0.285824 |	bpp_z_loss: 0.005364 |	bpp_loss: 0.291188 |	mse_loss: 0.002104 |	loss: 0.537461 |	psnr_loss: 27.628891 |
[2024-01-18 12:03:00,840 | INFO | train_one_epoch] Train epoch 0: [40/100 (40.00%)] 	bpp_y_loss: 0.251317 |	bpp_z_loss: 0.005177 |	bpp_loss: 0.256494 |	mse_loss: 0.001719 |	loss: 0.457687 |	psnr_loss: 29.188459 |
[2024-01-18 12:03:51,097 | INFO | train_one_epoch] Train epoch 0: [50/100 (50.00%)] 	bpp_y_loss: 0.235755 |	bpp_z_loss: 0.005116 |	bpp_loss: 0.240871 |	mse_loss: 0.000944 |	loss: 0.351361 |	psnr_loss: 30.453421 |
[2024-01-18 12:04:40,554 | INFO | train_one_epoch] Train epoch 0: [60/100 (60.00%)] 	bpp_y_loss: 0.245382 |	bpp_z_loss: 0.005321 |	bpp_loss: 0.250703 |	mse_loss: 0.000998 |	loss: 0.367515 |	psnr_loss: 30.667974 |
[2024-01-18 12:05:30,035 | INFO | train_one_epoch] Train epoch 0: [70/100 (70.00%)] 	bpp_y_loss: 0.250136 |	bpp_z_loss: 0.005452 |	bpp_loss: 0.255588 |	mse_loss: 0.001320 |	loss: 0.410125 |	psnr_loss: 30.065855 |
[2024-01-18 12:06:20,563 | INFO | train_one_epoch] Train epoch 0: [80/100 (80.00%)] 	bpp_y_loss: 0.248198 |	bpp_z_loss: 0.005043 |	bpp_loss: 0.253242 |	mse_loss: 0.001199 |	loss: 0.393541 |	psnr_loss: 29.877645 |
[2024-01-18 12:07:10,465 | INFO | train_one_epoch] Train epoch 0: [90/100 (90.00%)] 	bpp_y_loss: 0.260571 |	bpp_z_loss: 0.005238 |	bpp_loss: 0.265810 |	mse_loss: 0.001208 |	loss: 0.407255 |	psnr_loss: 29.641281 |
[2024-01-18 12:07:59,429 | INFO | train_one_epoch] Train epoch 0: [100/100 (100.00%)] 	bpp_y_loss: 0.248436 |	bpp_z_loss: 0.005059 |	bpp_loss: 0.253495 |	mse_loss: 0.001120 |	loss: 0.384527 |	psnr_loss: 30.021742 |
[2024-01-18 12:08:04,336 | INFO | test_one_epoch] Testing results for epoch 1 | bpp_y_loss=0.10266 | bpp_z_loss=0.00858 | bpp_loss=0.11124 | mse_loss=0.00169 | loss=0.30879 | psnr_loss=28.40883
[2024-01-18 12:08:04,348 | INFO | train_one_epoch] Learning rate: 1e-05
[2024-01-18 12:08:09,608 | INFO | train_one_epoch] Train epoch 1: [0/100 (0.00%)] 	bpp_y_loss: 0.274504 |	bpp_z_loss: 0.005571 |	bpp_loss: 0.280074 |	mse_loss: 0.002477 |	loss: 0.569987 |	psnr_loss: 26.060860 |
[2024-01-18 12:08:59,207 | INFO | train_one_epoch] Train epoch 1: [10/100 (10.00%)] 	bpp_y_loss: 0.236041 |	bpp_z_loss: 0.005305 |	bpp_loss: 0.241346 |	mse_loss: 0.001053 |	loss: 0.364618 |	psnr_loss: 30.088728 |
[2024-01-18 12:09:49,378 | INFO | train_one_epoch] Train epoch 1: [20/100 (20.00%)] 	bpp_y_loss: 0.247181 |	bpp_z_loss: 0.005262 |	bpp_loss: 0.252443 |	mse_loss: 0.001203 |	loss: 0.393244 |	psnr_loss: 29.551182 |
[2024-01-18 12:10:38,700 | INFO | train_one_epoch] Train epoch 1: [30/100 (30.00%)] 	bpp_y_loss: 0.254910 |	bpp_z_loss: 0.005217 |	bpp_loss: 0.260127 |	mse_loss: 0.001175 |	loss: 0.397662 |	psnr_loss: 29.695761 |
[2024-01-18 12:11:27,185 | INFO | train_one_epoch] Train epoch 1: [40/100 (40.00%)] 	bpp_y_loss: 0.277459 |	bpp_z_loss: 0.005511 |	bpp_loss: 0.282970 |	mse_loss: 0.001338 |	loss: 0.439620 |	psnr_loss: 28.981115 |
[2024-01-18 12:12:16,341 | INFO | train_one_epoch] Train epoch 1: [50/100 (50.00%)] 	bpp_y_loss: 0.270239 |	bpp_z_loss: 0.005333 |	bpp_loss: 0.275572 |	mse_loss: 0.001749 |	loss: 0.480312 |	psnr_loss: 28.306080 |
[2024-01-18 12:13:05,481 | INFO | train_one_epoch] Train epoch 1: [60/100 (60.00%)] 	bpp_y_loss: 0.272419 |	bpp_z_loss: 0.005282 |	bpp_loss: 0.277700 |	mse_loss: 0.001550 |	loss: 0.459072 |	psnr_loss: 29.224134 |
[2024-01-18 12:13:53,980 | INFO | train_one_epoch] Train epoch 1: [70/100 (70.00%)] 	bpp_y_loss: 0.249903 |	bpp_z_loss: 0.005326 |	bpp_loss: 0.255229 |	mse_loss: 0.001177 |	loss: 0.393028 |	psnr_loss: 29.688477 |
[2024-01-18 12:14:42,929 | INFO | train_one_epoch] Train epoch 1: [80/100 (80.00%)] 	bpp_y_loss: 0.234956 |	bpp_z_loss: 0.005030 |	bpp_loss: 0.239986 |	mse_loss: 0.001136 |	loss: 0.372994 |	psnr_loss: 30.086466 |
[2024-01-18 12:15:32,957 | INFO | train_one_epoch] Train epoch 1: [90/100 (90.00%)] 	bpp_y_loss: 0.286577 |	bpp_z_loss: 0.005540 |	bpp_loss: 0.292117 |	mse_loss: 0.002706 |	loss: 0.608804 |	psnr_loss: 27.622328 |
[2024-01-18 12:16:22,923 | INFO | train_one_epoch] Train epoch 1: [100/100 (100.00%)] 	bpp_y_loss: 0.265142 |	bpp_z_loss: 0.005243 |	bpp_loss: 0.270386 |	mse_loss: 0.001547 |	loss: 0.451449 |	psnr_loss: 28.736591 |
[2024-01-18 12:16:27,827 | INFO | test_one_epoch] Testing results for epoch 2 | bpp_y_loss=0.10186 | bpp_z_loss=0.00894 | bpp_loss=0.11079 | mse_loss=0.00170 | loss=0.30938 | psnr_loss=28.39144
[2024-01-18 12:16:27,839 | INFO | train_one_epoch] Learning rate: 1e-05
[2024-01-18 12:16:33,373 | INFO | train_one_epoch] Train epoch 2: [0/100 (0.00%)] 	bpp_y_loss: 0.246315 |	bpp_z_loss: 0.005428 |	bpp_loss: 0.251743 |	mse_loss: 0.001138 |	loss: 0.384901 |	psnr_loss: 29.439829 |
[2024-01-18 12:17:22,725 | INFO | train_one_epoch] Train epoch 2: [10/100 (10.00%)] 	bpp_y_loss: 0.254645 |	bpp_z_loss: 0.005434 |	bpp_loss: 0.260079 |	mse_loss: 0.001429 |	loss: 0.427362 |	psnr_loss: 28.978170 |
[2024-01-18 12:18:11,213 | INFO | train_one_epoch] Train epoch 2: [20/100 (20.00%)] 	bpp_y_loss: 0.250490 |	bpp_z_loss: 0.005169 |	bpp_loss: 0.255659 |	mse_loss: 0.001116 |	loss: 0.386326 |	psnr_loss: 30.078068 |
[2024-01-18 12:19:00,619 | INFO | train_one_epoch] Train epoch 2: [30/100 (30.00%)] 	bpp_y_loss: 0.269853 |	bpp_z_loss: 0.005294 |	bpp_loss: 0.275147 |	mse_loss: 0.001422 |	loss: 0.441587 |	psnr_loss: 28.916662 |
[2024-01-18 12:19:49,618 | INFO | train_one_epoch] Train epoch 2: [40/100 (40.00%)] 	bpp_y_loss: 0.254921 |	bpp_z_loss: 0.005244 |	bpp_loss: 0.260165 |	mse_loss: 0.001223 |	loss: 0.403350 |	psnr_loss: 29.443640 |
[2024-01-18 12:20:39,429 | INFO | train_one_epoch] Train epoch 2: [50/100 (50.00%)] 	bpp_y_loss: 0.256773 |	bpp_z_loss: 0.005125 |	bpp_loss: 0.261898 |	mse_loss: 0.001217 |	loss: 0.404342 |	psnr_loss: 29.654724 |
[2024-01-18 12:21:28,972 | INFO | train_one_epoch] Train epoch 2: [60/100 (60.00%)] 	bpp_y_loss: 0.271698 |	bpp_z_loss: 0.005163 |	bpp_loss: 0.276861 |	mse_loss: 0.001983 |	loss: 0.508968 |	psnr_loss: 28.089224 |
[2024-01-18 12:22:18,743 | INFO | train_one_epoch] Train epoch 2: [70/100 (70.00%)] 	bpp_y_loss: 0.255071 |	bpp_z_loss: 0.005166 |	bpp_loss: 0.260238 |	mse_loss: 0.001089 |	loss: 0.387698 |	psnr_loss: 30.219929 |
[2024-01-18 12:23:08,371 | INFO | train_one_epoch] Train epoch 2: [80/100 (80.00%)] 	bpp_y_loss: 0.276819 |	bpp_z_loss: 0.005262 |	bpp_loss: 0.282081 |	mse_loss: 0.002000 |	loss: 0.516210 |	psnr_loss: 27.257811 |
[2024-01-18 12:23:57,468 | INFO | train_one_epoch] Train epoch 2: [90/100 (90.00%)] 	bpp_y_loss: 0.263936 |	bpp_z_loss: 0.005386 |	bpp_loss: 0.269322 |	mse_loss: 0.001450 |	loss: 0.439015 |	psnr_loss: 28.885565 |
[2024-01-18 12:24:46,398 | INFO | train_one_epoch] Train epoch 2: [100/100 (100.00%)] 	bpp_y_loss: 0.251775 |	bpp_z_loss: 0.005295 |	bpp_loss: 0.257070 |	mse_loss: 0.001095 |	loss: 0.385227 |	psnr_loss: 30.300730 |
[2024-01-18 12:24:51,335 | INFO | test_one_epoch] Testing results for epoch 3 | bpp_y_loss=0.10060 | bpp_z_loss=0.00868 | bpp_loss=0.10929 | mse_loss=0.00171 | loss=0.30890 | psnr_loss=28.36296
[2024-01-18 12:24:51,347 | INFO | train_one_epoch] Learning rate: 1e-05
[2024-01-18 12:24:57,072 | INFO | train_one_epoch] Train epoch 3: [0/100 (0.00%)] 	bpp_y_loss: 0.243706 |	bpp_z_loss: 0.005393 |	bpp_loss: 0.249099 |	mse_loss: 0.000898 |	loss: 0.354179 |	psnr_loss: 30.468321 |
[2024-01-18 12:25:47,150 | INFO | train_one_epoch] Train epoch 3: [10/100 (10.00%)] 	bpp_y_loss: 0.268952 |	bpp_z_loss: 0.005267 |	bpp_loss: 0.274219 |	mse_loss: 0.001444 |	loss: 0.443246 |	psnr_loss: 28.836725 |
[2024-01-18 12:26:37,090 | INFO | train_one_epoch] Train epoch 3: [20/100 (20.00%)] 	bpp_y_loss: 0.262700 |	bpp_z_loss: 0.005216 |	bpp_loss: 0.267916 |	mse_loss: 0.001492 |	loss: 0.442568 |	psnr_loss: 29.209040 |
[2024-01-18 12:27:26,932 | INFO | train_one_epoch] Train epoch 3: [30/100 (30.00%)] 	bpp_y_loss: 0.257268 |	bpp_z_loss: 0.005290 |	bpp_loss: 0.262558 |	mse_loss: 0.001107 |	loss: 0.392125 |	psnr_loss: 29.730045 |
[2024-01-18 12:28:15,674 | INFO | train_one_epoch] Train epoch 3: [40/100 (40.00%)] 	bpp_y_loss: 0.274102 |	bpp_z_loss: 0.005615 |	bpp_loss: 0.279716 |	mse_loss: 0.001514 |	loss: 0.456948 |	psnr_loss: 28.879206 |
[2024-01-18 12:29:03,804 | INFO | train_one_epoch] Train epoch 3: [50/100 (50.00%)] 	bpp_y_loss: 0.246915 |	bpp_z_loss: 0.005254 |	bpp_loss: 0.252168 |	mse_loss: 0.001270 |	loss: 0.400800 |	psnr_loss: 29.481155 |
[2024-01-18 12:29:52,625 | INFO | train_one_epoch] Train epoch 3: [60/100 (60.00%)] 	bpp_y_loss: 0.265512 |	bpp_z_loss: 0.005175 |	bpp_loss: 0.270687 |	mse_loss: 0.001678 |	loss: 0.467050 |	psnr_loss: 28.577631 |
[2024-01-18 12:30:40,630 | INFO | train_one_epoch] Train epoch 3: [70/100 (70.00%)] 	bpp_y_loss: 0.270756 |	bpp_z_loss: 0.005145 |	bpp_loss: 0.275900 |	mse_loss: 0.001509 |	loss: 0.452465 |	psnr_loss: 28.706467 |
[2024-01-18 12:31:29,965 | INFO | train_one_epoch] Train epoch 3: [80/100 (80.00%)] 	bpp_y_loss: 0.259064 |	bpp_z_loss: 0.005136 |	bpp_loss: 0.264200 |	mse_loss: 0.001394 |	loss: 0.427376 |	psnr_loss: 29.758320 |
[2024-01-18 12:32:18,779 | INFO | train_one_epoch] Train epoch 3: [90/100 (90.00%)] 	bpp_y_loss: 0.275335 |	bpp_z_loss: 0.005243 |	bpp_loss: 0.280578 |	mse_loss: 0.001734 |	loss: 0.483521 |	psnr_loss: 28.316294 |
[2024-01-18 12:33:07,590 | INFO | train_one_epoch] Train epoch 3: [100/100 (100.00%)] 	bpp_y_loss: 0.248243 |	bpp_z_loss: 0.005320 |	bpp_loss: 0.253563 |	mse_loss: 0.001028 |	loss: 0.373860 |	psnr_loss: 30.172510 |
[2024-01-18 12:33:12,455 | INFO | test_one_epoch] Testing results for epoch 4 | bpp_y_loss=0.10214 | bpp_z_loss=0.00883 | bpp_loss=0.11098 | mse_loss=0.00169 | loss=0.30906 | psnr_loss=28.39692
[2024-01-18 12:33:12,463 | INFO | train_one_epoch] Learning rate: 1e-05
[2024-01-18 12:33:17,771 | INFO | train_one_epoch] Train epoch 4: [0/100 (0.00%)] 	bpp_y_loss: 0.322354 |	bpp_z_loss: 0.005390 |	bpp_loss: 0.327744 |	mse_loss: 0.002243 |	loss: 0.590309 |	psnr_loss: 26.491165 |
[2024-01-18 12:34:06,717 | INFO | train_one_epoch] Train epoch 4: [10/100 (10.00%)] 	bpp_y_loss: 0.255605 |	bpp_z_loss: 0.005223 |	bpp_loss: 0.260828 |	mse_loss: 0.002255 |	loss: 0.524821 |	psnr_loss: 29.092157 |
[2024-01-18 12:34:56,130 | INFO | train_one_epoch] Train epoch 4: [20/100 (20.00%)] 	bpp_y_loss: 0.255909 |	bpp_z_loss: 0.005167 |	bpp_loss: 0.261076 |	mse_loss: 0.001137 |	loss: 0.394112 |	psnr_loss: 29.629028 |
[2024-01-18 12:35:46,095 | INFO | train_one_epoch] Train epoch 4: [30/100 (30.00%)] 	bpp_y_loss: 0.271747 |	bpp_z_loss: 0.005318 |	bpp_loss: 0.277065 |	mse_loss: 0.001622 |	loss: 0.466920 |	psnr_loss: 28.339838 |
[2024-01-18 12:36:34,966 | INFO | train_one_epoch] Train epoch 4: [40/100 (40.00%)] 	bpp_y_loss: 0.262243 |	bpp_z_loss: 0.005270 |	bpp_loss: 0.267513 |	mse_loss: 0.001545 |	loss: 0.448383 |	psnr_loss: 28.733076 |
[2024-01-18 12:37:24,257 | INFO | train_one_epoch] Train epoch 4: [50/100 (50.00%)] 	bpp_y_loss: 0.257120 |	bpp_z_loss: 0.005193 |	bpp_loss: 0.262313 |	mse_loss: 0.001006 |	loss: 0.380105 |	psnr_loss: 30.412546 |
[2024-01-18 12:38:13,279 | INFO | train_one_epoch] Train epoch 4: [60/100 (60.00%)] 	bpp_y_loss: 0.255780 |	bpp_z_loss: 0.005216 |	bpp_loss: 0.260996 |	mse_loss: 0.001197 |	loss: 0.401094 |	psnr_loss: 29.426147 |
[2024-01-18 12:39:02,025 | INFO | train_one_epoch] Train epoch 4: [70/100 (70.00%)] 	bpp_y_loss: 0.238958 |	bpp_z_loss: 0.005391 |	bpp_loss: 0.244350 |	mse_loss: 0.001169 |	loss: 0.381213 |	psnr_loss: 30.061640 |
[2024-01-18 12:39:51,889 | INFO | train_one_epoch] Train epoch 4: [80/100 (80.00%)] 	bpp_y_loss: 0.279155 |	bpp_z_loss: 0.005236 |	bpp_loss: 0.284391 |	mse_loss: 0.001600 |	loss: 0.471679 |	psnr_loss: 28.543049 |
[2024-01-18 12:40:40,663 | INFO | train_one_epoch] Train epoch 4: [90/100 (90.00%)] 	bpp_y_loss: 0.246592 |	bpp_z_loss: 0.005120 |	bpp_loss: 0.251712 |	mse_loss: 0.001179 |	loss: 0.389683 |	psnr_loss: 29.925678 |
[2024-01-18 12:41:30,297 | INFO | train_one_epoch] Train epoch 4: [100/100 (100.00%)] 	bpp_y_loss: 0.248101 |	bpp_z_loss: 0.005203 |	bpp_loss: 0.253304 |	mse_loss: 0.001017 |	loss: 0.372302 |	psnr_loss: 30.473913 |
[2024-01-18 12:41:35,178 | INFO | test_one_epoch] Testing results for epoch 5 | bpp_y_loss=0.10236 | bpp_z_loss=0.00887 | bpp_loss=0.11123 | mse_loss=0.00169 | loss=0.30947 | psnr_loss=28.39256
[2024-01-18 12:41:35,191 | INFO | train_one_epoch] Learning rate: 1e-05
[2024-01-18 12:41:40,720 | INFO | train_one_epoch] Train epoch 5: [0/100 (0.00%)] 	bpp_y_loss: 0.263225 |	bpp_z_loss: 0.005762 |	bpp_loss: 0.268987 |	mse_loss: 0.001651 |	loss: 0.462242 |	psnr_loss: 27.822229 |
[2024-01-18 12:42:29,299 | INFO | train_one_epoch] Train epoch 5: [10/100 (10.00%)] 	bpp_y_loss: 0.256685 |	bpp_z_loss: 0.005106 |	bpp_loss: 0.261790 |	mse_loss: 0.001397 |	loss: 0.425283 |	psnr_loss: 29.540934 |
[2024-01-18 12:43:18,840 | INFO | train_one_epoch] Train epoch 5: [20/100 (20.00%)] 	bpp_y_loss: 0.255574 |	bpp_z_loss: 0.005222 |	bpp_loss: 0.260796 |	mse_loss: 0.001530 |	loss: 0.439831 |	psnr_loss: 29.179541 |
[2024-01-18 12:44:07,002 | INFO | train_one_epoch] Train epoch 5: [30/100 (30.00%)] 	bpp_y_loss: 0.249997 |	bpp_z_loss: 0.004908 |	bpp_loss: 0.254905 |	mse_loss: 0.001374 |	loss: 0.415688 |	psnr_loss: 29.304127 |
[2024-01-18 12:44:56,450 | INFO | train_one_epoch] Train epoch 5: [40/100 (40.00%)] 	bpp_y_loss: 0.263678 |	bpp_z_loss: 0.005214 |	bpp_loss: 0.268892 |	mse_loss: 0.001347 |	loss: 0.426520 |	psnr_loss: 29.233173 |
[2024-01-18 12:45:45,703 | INFO | train_one_epoch] Train epoch 5: [50/100 (50.00%)] 	bpp_y_loss: 0.265892 |	bpp_z_loss: 0.005317 |	bpp_loss: 0.271209 |	mse_loss: 0.001324 |	loss: 0.426189 |	psnr_loss: 29.299665 |
[2024-01-18 12:46:34,324 | INFO | train_one_epoch] Train epoch 5: [60/100 (60.00%)] 	bpp_y_loss: 0.271128 |	bpp_z_loss: 0.005188 |	bpp_loss: 0.276316 |	mse_loss: 0.001429 |	loss: 0.443526 |	psnr_loss: 29.149616 |
[2024-01-18 12:47:22,833 | INFO | train_one_epoch] Train epoch 5: [70/100 (70.00%)] 	bpp_y_loss: 0.242936 |	bpp_z_loss: 0.005210 |	bpp_loss: 0.248146 |	mse_loss: 0.001136 |	loss: 0.381052 |	psnr_loss: 29.662235 |
[2024-01-18 12:48:12,760 | INFO | train_one_epoch] Train epoch 5: [80/100 (80.00%)] 	bpp_y_loss: 0.267203 |	bpp_z_loss: 0.005264 |	bpp_loss: 0.272467 |	mse_loss: 0.001647 |	loss: 0.465202 |	psnr_loss: 28.715626 |
[2024-01-18 12:49:02,222 | INFO | train_one_epoch] Train epoch 5: [90/100 (90.00%)] 	bpp_y_loss: 0.278060 |	bpp_z_loss: 0.005200 |	bpp_loss: 0.283260 |	mse_loss: 0.001600 |	loss: 0.470570 |	psnr_loss: 28.893240 |
[2024-01-18 12:49:51,172 | INFO | train_one_epoch] Train epoch 5: [100/100 (100.00%)] 	bpp_y_loss: 0.251667 |	bpp_z_loss: 0.005078 |	bpp_loss: 0.256745 |	mse_loss: 0.001385 |	loss: 0.418814 |	psnr_loss: 29.069757 |
[2024-01-18 12:49:55,997 | INFO | test_one_epoch] Testing results for epoch 6 | bpp_y_loss=0.10308 | bpp_z_loss=0.00869 | bpp_loss=0.11177 | mse_loss=0.00169 | loss=0.30945 | psnr_loss=28.40753
[2024-01-18 12:49:56,019 | INFO | train_one_epoch] Learning rate: 1e-05
[2024-01-18 12:50:01,345 | INFO | train_one_epoch] Train epoch 6: [0/100 (0.00%)] 	bpp_y_loss: 0.237162 |	bpp_z_loss: 0.004691 |	bpp_loss: 0.241853 |	mse_loss: 0.000785 |	loss: 0.333745 |	psnr_loss: 31.050766 |
[2024-01-18 12:50:50,128 | INFO | train_one_epoch] Train epoch 6: [10/100 (10.00%)] 	bpp_y_loss: 0.258386 |	bpp_z_loss: 0.005458 |	bpp_loss: 0.263844 |	mse_loss: 0.001131 |	loss: 0.396276 |	psnr_loss: 29.878744 |
[2024-01-18 12:51:39,217 | INFO | train_one_epoch] Train epoch 6: [20/100 (20.00%)] 	bpp_y_loss: 0.279891 |	bpp_z_loss: 0.005320 |	bpp_loss: 0.285211 |	mse_loss: 0.001636 |	loss: 0.476722 |	psnr_loss: 28.469822 |
[2024-01-18 12:52:28,010 | INFO | train_one_epoch] Train epoch 6: [30/100 (30.00%)] 	bpp_y_loss: 0.258809 |	bpp_z_loss: 0.005242 |	bpp_loss: 0.264051 |	mse_loss: 0.001465 |	loss: 0.435482 |	psnr_loss: 29.351782 |
[2024-01-18 12:53:17,141 | INFO | train_one_epoch] Train epoch 6: [40/100 (40.00%)] 	bpp_y_loss: 0.256191 |	bpp_z_loss: 0.005502 |	bpp_loss: 0.261692 |	mse_loss: 0.001213 |	loss: 0.403664 |	psnr_loss: 29.570021 |
[2024-01-18 12:54:06,316 | INFO | train_one_epoch] Train epoch 6: [50/100 (50.00%)] 	bpp_y_loss: 0.243697 |	bpp_z_loss: 0.005334 |	bpp_loss: 0.249032 |	mse_loss: 0.001123 |	loss: 0.380473 |	psnr_loss: 29.926554 |
[2024-01-18 12:54:56,118 | INFO | train_one_epoch] Train epoch 6: [60/100 (60.00%)] 	bpp_y_loss: 0.261388 |	bpp_z_loss: 0.005402 |	bpp_loss: 0.266790 |	mse_loss: 0.001074 |	loss: 0.392503 |	psnr_loss: 30.325672 |
[2024-01-18 12:55:45,029 | INFO | train_one_epoch] Train epoch 6: [70/100 (70.00%)] 	bpp_y_loss: 0.270125 |	bpp_z_loss: 0.005494 |	bpp_loss: 0.275620 |	mse_loss: 0.001294 |	loss: 0.427033 |	psnr_loss: 28.936127 |
[2024-01-18 12:56:33,829 | INFO | train_one_epoch] Train epoch 6: [80/100 (80.00%)] 	bpp_y_loss: 0.234664 |	bpp_z_loss: 0.004978 |	bpp_loss: 0.239642 |	mse_loss: 0.000962 |	loss: 0.352286 |	psnr_loss: 30.604452 |
[2024-01-18 12:57:21,926 | INFO | train_one_epoch] Train epoch 6: [90/100 (90.00%)] 	bpp_y_loss: 0.270338 |	bpp_z_loss: 0.005348 |	bpp_loss: 0.275686 |	mse_loss: 0.001598 |	loss: 0.462726 |	psnr_loss: 28.527876 |
[2024-01-18 12:58:11,726 | INFO | train_one_epoch] Train epoch 6: [100/100 (100.00%)] 	bpp_y_loss: 0.254179 |	bpp_z_loss: 0.005330 |	bpp_loss: 0.259510 |	mse_loss: 0.001179 |	loss: 0.397537 |	psnr_loss: 29.597609 |
[2024-01-18 12:58:16,517 | INFO | test_one_epoch] Testing results for epoch 7 | bpp_y_loss=0.10238 | bpp_z_loss=0.00874 | bpp_loss=0.11112 | mse_loss=0.00169 | loss=0.30878 | psnr_loss=28.41095
[2024-01-18 12:58:16,530 | INFO | train_one_epoch] Learning rate: 1e-05
[2024-01-18 12:58:22,022 | INFO | train_one_epoch] Train epoch 7: [0/100 (0.00%)] 	bpp_y_loss: 0.274563 |	bpp_z_loss: 0.005062 |	bpp_loss: 0.279624 |	mse_loss: 0.001246 |	loss: 0.425472 |	psnr_loss: 29.044529 |
[2024-01-18 12:59:10,647 | INFO | train_one_epoch] Train epoch 7: [10/100 (10.00%)] 	bpp_y_loss: 0.264965 |	bpp_z_loss: 0.005383 |	bpp_loss: 0.270348 |	mse_loss: 0.001358 |	loss: 0.429324 |	psnr_loss: 29.341543 |
[2024-01-18 12:59:58,802 | INFO | train_one_epoch] Train epoch 7: [20/100 (20.00%)] 	bpp_y_loss: 0.263256 |	bpp_z_loss: 0.005500 |	bpp_loss: 0.268757 |	mse_loss: 0.001456 |	loss: 0.439127 |	psnr_loss: 28.570642 |
[2024-01-18 13:00:47,421 | INFO | train_one_epoch] Train epoch 7: [30/100 (30.00%)] 	bpp_y_loss: 0.263314 |	bpp_z_loss: 0.005315 |	bpp_loss: 0.268628 |	mse_loss: 0.002703 |	loss: 0.584963 |	psnr_loss: 28.018751 |
[2024-01-18 13:01:36,326 | INFO | train_one_epoch] Train epoch 7: [40/100 (40.00%)] 	bpp_y_loss: 0.287551 |	bpp_z_loss: 0.005517 |	bpp_loss: 0.293068 |	mse_loss: 0.001925 |	loss: 0.518351 |	psnr_loss: 27.561646 |
[2024-01-18 13:02:26,000 | INFO | train_one_epoch] Train epoch 7: [50/100 (50.00%)] 	bpp_y_loss: 0.258956 |	bpp_z_loss: 0.005436 |	bpp_loss: 0.264391 |	mse_loss: 0.001118 |	loss: 0.395257 |	psnr_loss: 30.121256 |
[2024-01-18 13:03:15,401 | INFO | train_one_epoch] Train epoch 7: [60/100 (60.00%)] 	bpp_y_loss: 0.269349 |	bpp_z_loss: 0.005286 |	bpp_loss: 0.274636 |	mse_loss: 0.001466 |	loss: 0.446203 |	psnr_loss: 28.747206 |
[2024-01-18 13:04:04,532 | INFO | train_one_epoch] Train epoch 7: [70/100 (70.00%)] 	bpp_y_loss: 0.255790 |	bpp_z_loss: 0.005179 |	bpp_loss: 0.260969 |	mse_loss: 0.001211 |	loss: 0.402768 |	psnr_loss: 29.750784 |
[2024-01-18 13:04:53,824 | INFO | train_one_epoch] Train epoch 7: [80/100 (80.00%)] 	bpp_y_loss: 0.265441 |	bpp_z_loss: 0.005253 |	bpp_loss: 0.270694 |	mse_loss: 0.001293 |	loss: 0.422013 |	psnr_loss: 29.388123 |
[2024-01-18 13:05:42,662 | INFO | train_one_epoch] Train epoch 7: [90/100 (90.00%)] 	bpp_y_loss: 0.250354 |	bpp_z_loss: 0.005178 |	bpp_loss: 0.255532 |	mse_loss: 0.001109 |	loss: 0.385289 |	psnr_loss: 30.127695 |
[2024-01-18 13:06:31,232 | INFO | train_one_epoch] Train epoch 7: [100/100 (100.00%)] 	bpp_y_loss: 0.255225 |	bpp_z_loss: 0.005038 |	bpp_loss: 0.260262 |	mse_loss: 0.001138 |	loss: 0.393466 |	psnr_loss: 29.708929 |
[2024-01-18 13:06:36,114 | INFO | test_one_epoch] Testing results for epoch 8 | bpp_y_loss=0.10156 | bpp_z_loss=0.00854 | bpp_loss=0.11010 | mse_loss=0.00170 | loss=0.30897 | psnr_loss=28.38054
[2024-01-18 13:06:36,122 | INFO | train_one_epoch] Learning rate: 1e-05
[2024-01-18 13:06:41,484 | INFO | train_one_epoch] Train epoch 8: [0/100 (0.00%)] 	bpp_y_loss: 0.273046 |	bpp_z_loss: 0.004682 |	bpp_loss: 0.277728 |	mse_loss: 0.001282 |	loss: 0.427774 |	psnr_loss: 28.921278 |
[2024-01-18 13:07:30,684 | INFO | train_one_epoch] Train epoch 8: [10/100 (10.00%)] 	bpp_y_loss: 0.278423 |	bpp_z_loss: 0.005269 |	bpp_loss: 0.283692 |	mse_loss: 0.001772 |	loss: 0.491128 |	psnr_loss: 27.847589 |
[2024-01-18 13:08:18,836 | INFO | train_one_epoch] Train epoch 8: [20/100 (20.00%)] 	bpp_y_loss: 0.258416 |	bpp_z_loss: 0.005217 |	bpp_loss: 0.263633 |	mse_loss: 0.001296 |	loss: 0.415372 |	psnr_loss: 29.487909 |
[2024-01-18 13:09:07,801 | INFO | train_one_epoch] Train epoch 8: [30/100 (30.00%)] 	bpp_y_loss: 0.259770 |	bpp_z_loss: 0.005193 |	bpp_loss: 0.264963 |	mse_loss: 0.001124 |	loss: 0.396519 |	psnr_loss: 29.695704 |
[2024-01-18 13:09:56,947 | INFO | train_one_epoch] Train epoch 8: [40/100 (40.00%)] 	bpp_y_loss: 0.248177 |	bpp_z_loss: 0.005192 |	bpp_loss: 0.253369 |	mse_loss: 0.001264 |	loss: 0.401293 |	psnr_loss: 29.435896 |
[2024-01-18 13:10:45,863 | INFO | train_one_epoch] Train epoch 8: [50/100 (50.00%)] 	bpp_y_loss: 0.241745 |	bpp_z_loss: 0.005219 |	bpp_loss: 0.246964 |	mse_loss: 0.001161 |	loss: 0.382893 |	psnr_loss: 30.266733 |
[2024-01-18 13:11:34,854 | INFO | train_one_epoch] Train epoch 8: [60/100 (60.00%)] 	bpp_y_loss: 0.249732 |	bpp_z_loss: 0.005244 |	bpp_loss: 0.254976 |	mse_loss: 0.001366 |	loss: 0.414813 |	psnr_loss: 29.147938 |
[2024-01-18 13:12:24,405 | INFO | train_one_epoch] Train epoch 8: [70/100 (70.00%)] 	bpp_y_loss: 0.267624 |	bpp_z_loss: 0.005282 |	bpp_loss: 0.272906 |	mse_loss: 0.001555 |	loss: 0.454887 |	psnr_loss: 28.607731 |
[2024-01-18 13:13:12,468 | INFO | train_one_epoch] Train epoch 8: [80/100 (80.00%)] 	bpp_y_loss: 0.242577 |	bpp_z_loss: 0.005190 |	bpp_loss: 0.247767 |	mse_loss: 0.001017 |	loss: 0.366858 |	psnr_loss: 30.463739 |
[2024-01-18 13:14:00,546 | INFO | train_one_epoch] Train epoch 8: [90/100 (90.00%)] 	bpp_y_loss: 0.275208 |	bpp_z_loss: 0.005406 |	bpp_loss: 0.280615 |	mse_loss: 0.001613 |	loss: 0.469350 |	psnr_loss: 28.966156 |
[2024-01-18 13:14:49,616 | INFO | train_one_epoch] Train epoch 8: [100/100 (100.00%)] 	bpp_y_loss: 0.255547 |	bpp_z_loss: 0.005283 |	bpp_loss: 0.260830 |	mse_loss: 0.001100 |	loss: 0.389605 |	psnr_loss: 29.984797 |
[2024-01-18 13:14:54,544 | INFO | test_one_epoch] Testing results for epoch 9 | bpp_y_loss=0.10192 | bpp_z_loss=0.00869 | bpp_loss=0.11061 | mse_loss=0.00170 | loss=0.30902 | psnr_loss=28.39203
[2024-01-18 13:14:54,553 | INFO | train_one_epoch] Learning rate: 1e-05
[2024-01-18 13:14:59,949 | INFO | train_one_epoch] Train epoch 9: [0/100 (0.00%)] 	bpp_y_loss: 0.212734 |	bpp_z_loss: 0.004976 |	bpp_loss: 0.217710 |	mse_loss: 0.000450 |	loss: 0.270342 |	psnr_loss: 33.471062 |
[2024-01-18 13:15:49,176 | INFO | train_one_epoch] Train epoch 9: [10/100 (10.00%)] 	bpp_y_loss: 0.239120 |	bpp_z_loss: 0.004999 |	bpp_loss: 0.244119 |	mse_loss: 0.000932 |	loss: 0.353158 |	psnr_loss: 30.772074 |
[2024-01-18 13:16:37,408 | INFO | train_one_epoch] Train epoch 9: [20/100 (20.00%)] 	bpp_y_loss: 0.253904 |	bpp_z_loss: 0.005112 |	bpp_loss: 0.259016 |	mse_loss: 0.001166 |	loss: 0.395437 |	psnr_loss: 29.645054 |
[2024-01-18 13:17:26,237 | INFO | train_one_epoch] Train epoch 9: [30/100 (30.00%)] 	bpp_y_loss: 0.255416 |	bpp_z_loss: 0.005305 |	bpp_loss: 0.260721 |	mse_loss: 0.001359 |	loss: 0.419755 |	psnr_loss: 29.135706 |
[2024-01-18 13:18:15,399 | INFO | train_one_epoch] Train epoch 9: [40/100 (40.00%)] 	bpp_y_loss: 0.255180 |	bpp_z_loss: 0.005200 |	bpp_loss: 0.260379 |	mse_loss: 0.001181 |	loss: 0.398644 |	psnr_loss: 29.451513 |
[2024-01-18 13:19:05,627 | INFO | train_one_epoch] Train epoch 9: [50/100 (50.00%)] 	bpp_y_loss: 0.238618 |	bpp_z_loss: 0.005094 |	bpp_loss: 0.243712 |	mse_loss: 0.001076 |	loss: 0.369648 |	psnr_loss: 30.117725 |
[2024-01-18 13:19:54,730 | INFO | train_one_epoch] Train epoch 9: [60/100 (60.00%)] 	bpp_y_loss: 0.251183 |	bpp_z_loss: 0.005129 |	bpp_loss: 0.256312 |	mse_loss: 0.001166 |	loss: 0.392740 |	psnr_loss: 29.640930 |
[2024-01-18 13:20:44,117 | INFO | train_one_epoch] Train epoch 9: [70/100 (70.00%)] 	bpp_y_loss: 0.261120 |	bpp_z_loss: 0.005073 |	bpp_loss: 0.266192 |	mse_loss: 0.001355 |	loss: 0.424819 |	psnr_loss: 29.186146 |
[2024-01-18 13:21:33,734 | INFO | train_one_epoch] Train epoch 9: [80/100 (80.00%)] 	bpp_y_loss: 0.257786 |	bpp_z_loss: 0.005049 |	bpp_loss: 0.262835 |	mse_loss: 0.001462 |	loss: 0.433969 |	psnr_loss: 28.985815 |
[2024-01-18 13:22:23,643 | INFO | train_one_epoch] Train epoch 9: [90/100 (90.00%)] 	bpp_y_loss: 0.261653 |	bpp_z_loss: 0.005190 |	bpp_loss: 0.266843 |	mse_loss: 0.001422 |	loss: 0.433223 |	psnr_loss: 28.722132 |
[2024-01-18 13:23:12,683 | INFO | train_one_epoch] Train epoch 9: [100/100 (100.00%)] 	bpp_y_loss: 0.272226 |	bpp_z_loss: 0.005232 |	bpp_loss: 0.277458 |	mse_loss: 0.001603 |	loss: 0.465098 |	psnr_loss: 28.540329 |
[2024-01-18 13:23:17,547 | INFO | test_one_epoch] Testing results for epoch 10 | bpp_y_loss=0.10234 | bpp_z_loss=0.00880 | bpp_loss=0.11114 | mse_loss=0.00169 | loss=0.30860 | psnr_loss=28.41385
