[2024-07-03 08:08:32,596 | INFO | <module>] Args: Namespace(model='elic', lmbda=0.0932, dataset='liu4k', epochs=100, steps_per_epoch=10000, type='mse', batch_size=8, learning_rate=5e-05, save=True, seed=19260817, clip_max_norm=1.0, checkpoint=None, lr_epoch=[40], continue_train=False)
[2024-07-03 08:08:32,596 | INFO | <module>] Lmbda=0.093200000000
[2024-07-03 08:08:32,598 | INFO | train_one_epoch] Learning rate: 5e-05
[2024-07-03 08:08:36,334 | INFO | train_one_epoch] Train epoch 0: [0/10000 (0.00%)] 	bpp_y_loss: 0.487711 |	bpp_z_loss: 0.422496 |	bpp_loss: 0.910207 |	mse_loss: 0.304731 |	loss: 1847.683228 |	psnr_loss: 5.160828 |
[2024-07-03 08:12:57,792 | INFO | train_one_epoch] Train epoch 0: [1000/10000 (10.00%)] 	bpp_y_loss: 1.035106 |	bpp_z_loss: 0.400098 |	bpp_loss: 1.435203 |	mse_loss: 0.008505 |	loss: 52.979530 |	psnr_loss: 22.371830 |
[2024-07-03 08:17:10,663 | INFO | train_one_epoch] Train epoch 0: [2000/10000 (20.00%)] 	bpp_y_loss: 0.839221 |	bpp_z_loss: 0.354348 |	bpp_loss: 1.193570 |	mse_loss: 0.003153 |	loss: 20.300865 |	psnr_loss: 25.593639 |
[2024-07-03 08:21:24,323 | INFO | train_one_epoch] Train epoch 0: [3000/10000 (30.00%)] 	bpp_y_loss: 0.875921 |	bpp_z_loss: 0.312733 |	bpp_loss: 1.188654 |	mse_loss: 0.002285 |	loss: 15.038202 |	psnr_loss: 26.999168 |
[2024-07-03 08:25:34,613 | INFO | train_one_epoch] Train epoch 0: [4000/10000 (40.00%)] 	bpp_y_loss: 0.916698 |	bpp_z_loss: 0.273158 |	bpp_loss: 1.189855 |	mse_loss: 0.001760 |	loss: 11.855847 |	psnr_loss: 28.056061 |
[2024-07-03 08:29:40,716 | INFO | train_one_epoch] Train epoch 0: [5000/10000 (50.00%)] 	bpp_y_loss: 0.958597 |	bpp_z_loss: 0.236909 |	bpp_loss: 1.195506 |	mse_loss: 0.001509 |	loss: 10.339967 |	psnr_loss: 28.847931 |
[2024-07-03 08:33:42,774 | INFO | train_one_epoch] Train epoch 0: [6000/10000 (60.00%)] 	bpp_y_loss: 0.956204 |	bpp_z_loss: 0.203113 |	bpp_loss: 1.159317 |	mse_loss: 0.001324 |	loss: 9.180537 |	psnr_loss: 29.431784 |
[2024-07-03 08:37:51,833 | INFO | train_one_epoch] Train epoch 0: [7000/10000 (70.00%)] 	bpp_y_loss: 0.967469 |	bpp_z_loss: 0.169893 |	bpp_loss: 1.137363 |	mse_loss: 0.001130 |	loss: 7.987652 |	psnr_loss: 30.058912 |
[2024-07-03 08:41:53,093 | INFO | train_one_epoch] Train epoch 0: [8000/10000 (80.00%)] 	bpp_y_loss: 0.988347 |	bpp_z_loss: 0.139843 |	bpp_loss: 1.128190 |	mse_loss: 0.001024 |	loss: 7.334342 |	psnr_loss: 30.534246 |
[2024-07-03 08:46:01,308 | INFO | train_one_epoch] Train epoch 0: [9000/10000 (90.00%)] 	bpp_y_loss: 0.994391 |	bpp_z_loss: 0.113987 |	bpp_loss: 1.108377 |	mse_loss: 0.000933 |	loss: 6.759847 |	psnr_loss: 30.872063 |
[2024-07-03 08:50:06,236 | INFO | train_one_epoch] Train epoch 0: [10000/10000 (100.00%)] 	bpp_y_loss: 1.000697 |	bpp_z_loss: 0.093469 |	bpp_loss: 1.094166 |	mse_loss: 0.000863 |	loss: 6.323753 |	psnr_loss: 31.253925 |
[2024-07-03 08:50:08,590 | INFO | test_one_epoch] Testing results for epoch 1 | bpp_y_loss=1.46405 | bpp_z_loss=0.07436 | bpp_loss=1.53841 | mse_loss=0.00163 | loss=11.41629 | psnr_loss=28.45802
[2024-07-03 08:50:10,248 | INFO | train_one_epoch] Learning rate: 5e-05
[2024-07-03 08:50:11,072 | INFO | train_one_epoch] Train epoch 1: [0/10000 (0.00%)] 	bpp_y_loss: 1.201545 |	bpp_z_loss: 0.083935 |	bpp_loss: 1.285480 |	mse_loss: 0.000871 |	loss: 6.564517 |	psnr_loss: 30.599419 |
[2024-07-03 08:54:11,550 | INFO | train_one_epoch] Train epoch 1: [1000/10000 (10.00%)] 	bpp_y_loss: 1.019891 |	bpp_z_loss: 0.075826 |	bpp_loss: 1.095717 |	mse_loss: 0.000784 |	loss: 5.844947 |	psnr_loss: 31.632242 |
[2024-07-03 08:58:23,589 | INFO | train_one_epoch] Train epoch 1: [2000/10000 (20.00%)] 	bpp_y_loss: 1.025822 |	bpp_z_loss: 0.061925 |	bpp_loss: 1.087747 |	mse_loss: 0.000753 |	loss: 5.653639 |	psnr_loss: 31.862438 |
[2024-07-03 09:02:34,789 | INFO | train_one_epoch] Train epoch 1: [3000/10000 (30.00%)] 	bpp_y_loss: 1.025276 |	bpp_z_loss: 0.050901 |	bpp_loss: 1.076177 |	mse_loss: 0.000679 |	loss: 5.191952 |	psnr_loss: 32.303123 |
[2024-07-03 09:06:46,247 | INFO | train_one_epoch] Train epoch 1: [4000/10000 (40.00%)] 	bpp_y_loss: 1.034215 |	bpp_z_loss: 0.042612 |	bpp_loss: 1.076829 |	mse_loss: 0.000647 |	loss: 4.996252 |	psnr_loss: 32.534985 |
[2024-07-03 09:10:55,096 | INFO | train_one_epoch] Train epoch 1: [5000/10000 (50.00%)] 	bpp_y_loss: 1.045116 |	bpp_z_loss: 0.035974 |	bpp_loss: 1.081091 |	mse_loss: 0.000618 |	loss: 4.828484 |	psnr_loss: 32.728504 |
[2024-07-03 09:15:07,652 | INFO | train_one_epoch] Train epoch 1: [6000/10000 (60.00%)] 	bpp_y_loss: 1.040715 |	bpp_z_loss: 0.030893 |	bpp_loss: 1.071608 |	mse_loss: 0.000574 |	loss: 4.551625 |	psnr_loss: 33.074482 |
[2024-07-03 09:19:19,907 | INFO | train_one_epoch] Train epoch 1: [7000/10000 (70.00%)] 	bpp_y_loss: 1.055756 |	bpp_z_loss: 0.027050 |	bpp_loss: 1.082805 |	mse_loss: 0.000545 |	loss: 4.386652 |	psnr_loss: 33.250298 |
[2024-07-03 09:23:23,244 | INFO | train_one_epoch] Train epoch 1: [8000/10000 (80.00%)] 	bpp_y_loss: 1.049826 |	bpp_z_loss: 0.023816 |	bpp_loss: 1.073641 |	mse_loss: 0.000516 |	loss: 4.199097 |	psnr_loss: 33.587807 |
[2024-07-03 09:27:25,609 | INFO | train_one_epoch] Train epoch 1: [9000/10000 (90.00%)] 	bpp_y_loss: 1.068377 |	bpp_z_loss: 0.021407 |	bpp_loss: 1.089784 |	mse_loss: 0.000489 |	loss: 4.051425 |	psnr_loss: 33.727158 |
[2024-07-03 09:31:27,375 | INFO | train_one_epoch] Train epoch 1: [10000/10000 (100.00%)] 	bpp_y_loss: 1.076288 |	bpp_z_loss: 0.019283 |	bpp_loss: 1.095570 |	mse_loss: 0.000479 |	loss: 3.998889 |	psnr_loss: 33.828613 |
[2024-07-03 09:31:29,638 | INFO | test_one_epoch] Testing results for epoch 2 | bpp_y_loss=1.41941 | bpp_z_loss=0.00361 | bpp_loss=1.42302 | mse_loss=0.00076 | loss=6.01708 | psnr_loss=31.79953
[2024-07-03 09:32:27,857 | INFO | train_one_epoch] Learning rate: 5e-05
[2024-07-03 09:32:28,726 | INFO | train_one_epoch] Train epoch 2: [0/10000 (0.00%)] 	bpp_y_loss: 1.066231 |	bpp_z_loss: 0.017922 |	bpp_loss: 1.084154 |	mse_loss: 0.000314 |	loss: 2.986308 |	psnr_loss: 35.032505 |
[2024-07-03 09:36:27,940 | INFO | train_one_epoch] Train epoch 2: [1000/10000 (10.00%)] 	bpp_y_loss: 1.082155 |	bpp_z_loss: 0.017543 |	bpp_loss: 1.099697 |	mse_loss: 0.000456 |	loss: 3.860681 |	psnr_loss: 34.015884 |
[2024-07-03 09:40:38,868 | INFO | train_one_epoch] Train epoch 2: [2000/10000 (20.00%)] 	bpp_y_loss: 1.093870 |	bpp_z_loss: 0.016084 |	bpp_loss: 1.109952 |	mse_loss: 0.000436 |	loss: 3.749709 |	psnr_loss: 34.174610 |
[2024-07-03 09:44:42,603 | INFO | train_one_epoch] Train epoch 2: [3000/10000 (30.00%)] 	bpp_y_loss: 1.083181 |	bpp_z_loss: 0.014756 |	bpp_loss: 1.097938 |	mse_loss: 0.000434 |	loss: 3.729703 |	psnr_loss: 34.262909 |
[2024-07-03 09:48:37,776 | INFO | train_one_epoch] Train epoch 2: [4000/10000 (40.00%)] 	bpp_y_loss: 1.093135 |	bpp_z_loss: 0.013704 |	bpp_loss: 1.106839 |	mse_loss: 0.000398 |	loss: 3.519683 |	psnr_loss: 34.559227 |
[2024-07-03 09:52:44,863 | INFO | train_one_epoch] Train epoch 2: [5000/10000 (50.00%)] 	bpp_y_loss: 1.092823 |	bpp_z_loss: 0.012687 |	bpp_loss: 1.105509 |	mse_loss: 0.000381 |	loss: 3.415067 |	psnr_loss: 34.702339 |
[2024-07-03 09:57:01,773 | INFO | train_one_epoch] Train epoch 2: [6000/10000 (60.00%)] 	bpp_y_loss: 1.090182 |	bpp_z_loss: 0.011821 |	bpp_loss: 1.102003 |	mse_loss: 0.000389 |	loss: 3.459267 |	psnr_loss: 34.682949 |
[2024-07-03 10:01:10,270 | INFO | train_one_epoch] Train epoch 2: [7000/10000 (70.00%)] 	bpp_y_loss: 1.097360 |	bpp_z_loss: 0.011084 |	bpp_loss: 1.108445 |	mse_loss: 0.000370 |	loss: 3.352306 |	psnr_loss: 34.819324 |
[2024-07-03 10:05:19,777 | INFO | train_one_epoch] Train epoch 2: [8000/10000 (80.00%)] 	bpp_y_loss: 1.090875 |	bpp_z_loss: 0.010321 |	bpp_loss: 1.101194 |	mse_loss: 0.000358 |	loss: 3.268239 |	psnr_loss: 35.027771 |
[2024-07-03 10:09:30,376 | INFO | train_one_epoch] Train epoch 2: [9000/10000 (90.00%)] 	bpp_y_loss: 1.101159 |	bpp_z_loss: 0.009788 |	bpp_loss: 1.110946 |	mse_loss: 0.000358 |	loss: 3.279604 |	psnr_loss: 34.998867 |
[2024-07-03 10:13:50,350 | INFO | train_one_epoch] Train epoch 2: [10000/10000 (100.00%)] 	bpp_y_loss: 1.087878 |	bpp_z_loss: 0.009226 |	bpp_loss: 1.097104 |	mse_loss: 0.000344 |	loss: 3.180645 |	psnr_loss: 35.150990 |
[2024-07-03 10:13:52,637 | INFO | test_one_epoch] Testing results for epoch 3 | bpp_y_loss=1.33916 | bpp_z_loss=0.00464 | bpp_loss=1.34380 | mse_loss=0.00051 | loss=4.44719 | psnr_loss=33.42683
[2024-07-03 10:14:48,544 | INFO | train_one_epoch] Learning rate: 5e-05
[2024-07-03 10:14:49,579 | INFO | train_one_epoch] Train epoch 3: [0/10000 (0.00%)] 	bpp_y_loss: 1.118885 |	bpp_z_loss: 0.009154 |	bpp_loss: 1.128038 |	mse_loss: 0.000452 |	loss: 3.867462 |	psnr_loss: 33.448372 |
[2024-07-03 10:19:04,825 | INFO | train_one_epoch] Train epoch 3: [1000/10000 (10.00%)] 	bpp_y_loss: 1.084441 |	bpp_z_loss: 0.008805 |	bpp_loss: 1.093243 |	mse_loss: 0.000335 |	loss: 3.125789 |	psnr_loss: 35.270454 |
[2024-07-03 10:23:22,045 | INFO | train_one_epoch] Train epoch 3: [2000/10000 (20.00%)] 	bpp_y_loss: 1.102710 |	bpp_z_loss: 0.008507 |	bpp_loss: 1.111217 |	mse_loss: 0.000327 |	loss: 3.094115 |	psnr_loss: 35.403072 |
[2024-07-03 10:27:48,075 | INFO | train_one_epoch] Train epoch 3: [3000/10000 (30.00%)] 	bpp_y_loss: 1.103670 |	bpp_z_loss: 0.008212 |	bpp_loss: 1.111883 |	mse_loss: 0.000323 |	loss: 3.071713 |	psnr_loss: 35.409550 |
[2024-07-03 10:32:11,531 | INFO | train_one_epoch] Train epoch 3: [4000/10000 (40.00%)] 	bpp_y_loss: 1.106811 |	bpp_z_loss: 0.007932 |	bpp_loss: 1.114743 |	mse_loss: 0.000310 |	loss: 2.994977 |	psnr_loss: 35.551228 |
[2024-07-03 10:36:31,550 | INFO | train_one_epoch] Train epoch 3: [5000/10000 (50.00%)] 	bpp_y_loss: 1.113248 |	bpp_z_loss: 0.007697 |	bpp_loss: 1.120944 |	mse_loss: 0.000321 |	loss: 3.063292 |	psnr_loss: 35.443939 |
[2024-07-03 10:40:52,488 | INFO | train_one_epoch] Train epoch 3: [6000/10000 (60.00%)] 	bpp_y_loss: 1.107437 |	bpp_z_loss: 0.007484 |	bpp_loss: 1.114920 |	mse_loss: 0.000306 |	loss: 2.967368 |	psnr_loss: 35.660484 |
[2024-07-03 10:45:14,180 | INFO | train_one_epoch] Train epoch 3: [7000/10000 (70.00%)] 	bpp_y_loss: 1.103541 |	bpp_z_loss: 0.007288 |	bpp_loss: 1.110827 |	mse_loss: 0.000294 |	loss: 2.895262 |	psnr_loss: 35.792347 |
[2024-07-03 10:49:33,631 | INFO | train_one_epoch] Train epoch 3: [8000/10000 (80.00%)] 	bpp_y_loss: 1.107160 |	bpp_z_loss: 0.007132 |	bpp_loss: 1.114292 |	mse_loss: 0.000296 |	loss: 2.911134 |	psnr_loss: 35.818474 |
[2024-07-03 10:53:54,072 | INFO | train_one_epoch] Train epoch 3: [9000/10000 (90.00%)] 	bpp_y_loss: 1.113009 |	bpp_z_loss: 0.006979 |	bpp_loss: 1.119988 |	mse_loss: 0.000279 |	loss: 2.812099 |	psnr_loss: 35.986935 |
[2024-07-03 10:58:07,597 | INFO | train_one_epoch] Train epoch 3: [10000/10000 (100.00%)] 	bpp_y_loss: 1.104046 |	bpp_z_loss: 0.006806 |	bpp_loss: 1.110852 |	mse_loss: 0.000278 |	loss: 2.797487 |	psnr_loss: 35.979500 |
[2024-07-03 10:58:10,567 | INFO | test_one_epoch] Testing results for epoch 4 | bpp_y_loss=1.37258 | bpp_z_loss=0.00467 | bpp_loss=1.37725 | mse_loss=0.00041 | loss=3.83558 | psnr_loss=34.33963
[2024-07-03 10:58:31,625 | INFO | train_one_epoch] Learning rate: 5e-05
[2024-07-03 10:58:32,604 | INFO | train_one_epoch] Train epoch 4: [0/10000 (0.00%)] 	bpp_y_loss: 1.174913 |	bpp_z_loss: 0.007379 |	bpp_loss: 1.182292 |	mse_loss: 0.000332 |	loss: 3.194518 |	psnr_loss: 34.788200 |
[2024-07-03 11:02:51,890 | INFO | train_one_epoch] Train epoch 4: [1000/10000 (10.00%)] 	bpp_y_loss: 1.114561 |	bpp_z_loss: 0.006733 |	bpp_loss: 1.121294 |	mse_loss: 0.000274 |	loss: 2.783454 |	psnr_loss: 36.112129 |
[2024-07-03 11:07:18,515 | INFO | train_one_epoch] Train epoch 4: [2000/10000 (20.00%)] 	bpp_y_loss: 1.114175 |	bpp_z_loss: 0.006609 |	bpp_loss: 1.120783 |	mse_loss: 0.000269 |	loss: 2.753434 |	psnr_loss: 36.148777 |
[2024-07-03 11:11:45,868 | INFO | train_one_epoch] Train epoch 4: [3000/10000 (30.00%)] 	bpp_y_loss: 1.105502 |	bpp_z_loss: 0.006517 |	bpp_loss: 1.112018 |	mse_loss: 0.000261 |	loss: 2.696598 |	psnr_loss: 36.279366 |
[2024-07-03 11:16:10,931 | INFO | train_one_epoch] Train epoch 4: [4000/10000 (40.00%)] 	bpp_y_loss: 1.127889 |	bpp_z_loss: 0.006416 |	bpp_loss: 1.134306 |	mse_loss: 0.000264 |	loss: 2.731790 |	psnr_loss: 36.191177 |
[2024-07-03 11:20:26,484 | INFO | train_one_epoch] Train epoch 4: [5000/10000 (50.00%)] 	bpp_y_loss: 1.117514 |	bpp_z_loss: 0.006290 |	bpp_loss: 1.123804 |	mse_loss: 0.000262 |	loss: 2.708653 |	psnr_loss: 36.260048 |
[2024-07-03 11:24:29,754 | INFO | train_one_epoch] Train epoch 4: [6000/10000 (60.00%)] 	bpp_y_loss: 1.119195 |	bpp_z_loss: 0.006233 |	bpp_loss: 1.125427 |	mse_loss: 0.000255 |	loss: 2.672569 |	psnr_loss: 36.373737 |
[2024-07-03 11:28:25,057 | INFO | train_one_epoch] Train epoch 4: [7000/10000 (70.00%)] 	bpp_y_loss: 1.102808 |	bpp_z_loss: 0.006101 |	bpp_loss: 1.108909 |	mse_loss: 0.000245 |	loss: 2.591367 |	psnr_loss: 36.542145 |
[2024-07-03 11:32:29,134 | INFO | train_one_epoch] Train epoch 4: [8000/10000 (80.00%)] 	bpp_y_loss: 1.113316 |	bpp_z_loss: 0.006064 |	bpp_loss: 1.119379 |	mse_loss: 0.000241 |	loss: 2.582585 |	psnr_loss: 36.557098 |
[2024-07-03 11:36:36,596 | INFO | train_one_epoch] Train epoch 4: [9000/10000 (90.00%)] 	bpp_y_loss: 1.114698 |	bpp_z_loss: 0.005983 |	bpp_loss: 1.120681 |	mse_loss: 0.000244 |	loss: 2.597167 |	psnr_loss: 36.557106 |
[2024-07-03 11:40:37,544 | INFO | train_one_epoch] Train epoch 4: [10000/10000 (100.00%)] 	bpp_y_loss: 1.116687 |	bpp_z_loss: 0.005941 |	bpp_loss: 1.122628 |	mse_loss: 0.000249 |	loss: 2.629711 |	psnr_loss: 36.491806 |
[2024-07-03 11:40:39,425 | INFO | test_one_epoch] Testing results for epoch 5 | bpp_y_loss=1.40740 | bpp_z_loss=0.00425 | bpp_loss=1.41165 | mse_loss=0.00035 | loss=3.51275 | psnr_loss=34.90635
[2024-07-03 11:41:34,236 | INFO | train_one_epoch] Learning rate: 5e-05
[2024-07-03 11:41:35,069 | INFO | train_one_epoch] Train epoch 5: [0/10000 (0.00%)] 	bpp_y_loss: 1.008157 |	bpp_z_loss: 0.005472 |	bpp_loss: 1.013629 |	mse_loss: 0.000238 |	loss: 2.458210 |	psnr_loss: 36.227547 |
[2024-07-03 11:45:56,606 | INFO | train_one_epoch] Train epoch 5: [1000/10000 (10.00%)] 	bpp_y_loss: 1.119437 |	bpp_z_loss: 0.005880 |	bpp_loss: 1.125316 |	mse_loss: 0.000236 |	loss: 2.556719 |	psnr_loss: 36.658478 |
[2024-07-03 11:50:20,222 | INFO | train_one_epoch] Train epoch 5: [2000/10000 (20.00%)] 	bpp_y_loss: 1.114233 |	bpp_z_loss: 0.005814 |	bpp_loss: 1.120049 |	mse_loss: 0.000245 |	loss: 2.607685 |	psnr_loss: 36.556519 |
[2024-07-03 11:54:32,654 | INFO | train_one_epoch] Train epoch 5: [3000/10000 (30.00%)] 	bpp_y_loss: 1.117357 |	bpp_z_loss: 0.005773 |	bpp_loss: 1.123130 |	mse_loss: 0.000230 |	loss: 2.515335 |	psnr_loss: 36.823788 |
[2024-07-03 11:58:44,704 | INFO | train_one_epoch] Train epoch 5: [4000/10000 (40.00%)] 	bpp_y_loss: 1.117734 |	bpp_z_loss: 0.005731 |	bpp_loss: 1.123465 |	mse_loss: 0.000227 |	loss: 2.497911 |	psnr_loss: 36.839966 |
[2024-07-03 12:03:07,448 | INFO | train_one_epoch] Train epoch 5: [5000/10000 (50.00%)] 	bpp_y_loss: 1.114509 |	bpp_z_loss: 0.005690 |	bpp_loss: 1.120199 |	mse_loss: 0.000227 |	loss: 2.494474 |	psnr_loss: 36.837276 |
[2024-07-03 12:07:29,055 | INFO | train_one_epoch] Train epoch 5: [6000/10000 (60.00%)] 	bpp_y_loss: 1.128285 |	bpp_z_loss: 0.005667 |	bpp_loss: 1.133952 |	mse_loss: 0.000228 |	loss: 2.516950 |	psnr_loss: 36.805447 |
[2024-07-03 12:11:47,426 | INFO | train_one_epoch] Train epoch 5: [7000/10000 (70.00%)] 	bpp_y_loss: 1.107621 |	bpp_z_loss: 0.005655 |	bpp_loss: 1.113275 |	mse_loss: 0.000220 |	loss: 2.447782 |	psnr_loss: 36.957268 |
[2024-07-03 12:16:02,823 | INFO | train_one_epoch] Train epoch 5: [8000/10000 (80.00%)] 	bpp_y_loss: 1.126446 |	bpp_z_loss: 0.005638 |	bpp_loss: 1.132084 |	mse_loss: 0.000224 |	loss: 2.491458 |	psnr_loss: 36.869736 |
[2024-07-03 12:20:19,380 | INFO | train_one_epoch] Train epoch 5: [9000/10000 (90.00%)] 	bpp_y_loss: 1.102785 |	bpp_z_loss: 0.005604 |	bpp_loss: 1.108388 |	mse_loss: 0.000214 |	loss: 2.403479 |	psnr_loss: 37.071606 |
[2024-07-03 12:24:34,124 | INFO | train_one_epoch] Train epoch 5: [10000/10000 (100.00%)] 	bpp_y_loss: 1.114031 |	bpp_z_loss: 0.005615 |	bpp_loss: 1.119646 |	mse_loss: 0.000218 |	loss: 2.437826 |	psnr_loss: 37.027866 |
[2024-07-03 12:24:36,428 | INFO | test_one_epoch] Testing results for epoch 6 | bpp_y_loss=1.42919 | bpp_z_loss=0.00422 | bpp_loss=1.43340 | mse_loss=0.00029 | loss=3.18553 | psnr_loss=35.73048
[2024-07-03 12:25:19,750 | INFO | train_one_epoch] Learning rate: 5e-05
[2024-07-03 12:25:20,706 | INFO | train_one_epoch] Train epoch 6: [0/10000 (0.00%)] 	bpp_y_loss: 1.489501 |	bpp_z_loss: 0.005861 |	bpp_loss: 1.495361 |	mse_loss: 0.000371 |	loss: 3.743302 |	psnr_loss: 34.307114 |
[2024-07-03 12:29:30,898 | INFO | train_one_epoch] Train epoch 6: [1000/10000 (10.00%)] 	bpp_y_loss: 1.118278 |	bpp_z_loss: 0.005579 |	bpp_loss: 1.123856 |	mse_loss: 0.000213 |	loss: 2.415323 |	psnr_loss: 37.046730 |
[2024-07-03 12:33:56,696 | INFO | train_one_epoch] Train epoch 6: [2000/10000 (20.00%)] 	bpp_y_loss: 1.114356 |	bpp_z_loss: 0.005585 |	bpp_loss: 1.119942 |	mse_loss: 0.000213 |	loss: 2.409625 |	psnr_loss: 37.069443 |
[2024-07-03 12:38:04,160 | INFO | train_one_epoch] Train epoch 6: [3000/10000 (30.00%)] 	bpp_y_loss: 1.115374 |	bpp_z_loss: 0.005575 |	bpp_loss: 1.120949 |	mse_loss: 0.000212 |	loss: 2.405315 |	psnr_loss: 37.086292 |
[2024-07-03 12:42:14,479 | INFO | train_one_epoch] Train epoch 6: [4000/10000 (40.00%)] 	bpp_y_loss: 1.118203 |	bpp_z_loss: 0.005597 |	bpp_loss: 1.123799 |	mse_loss: 0.000208 |	loss: 2.382865 |	psnr_loss: 37.166977 |
[2024-07-03 12:46:26,772 | INFO | train_one_epoch] Train epoch 6: [5000/10000 (50.00%)] 	bpp_y_loss: 1.127816 |	bpp_z_loss: 0.005595 |	bpp_loss: 1.133410 |	mse_loss: 0.000209 |	loss: 2.400836 |	psnr_loss: 37.179863 |
[2024-07-03 12:50:36,218 | INFO | train_one_epoch] Train epoch 6: [6000/10000 (60.00%)] 	bpp_y_loss: 1.121059 |	bpp_z_loss: 0.005569 |	bpp_loss: 1.126627 |	mse_loss: 0.000205 |	loss: 2.369222 |	psnr_loss: 37.262066 |
[2024-07-03 12:54:48,354 | INFO | train_one_epoch] Train epoch 6: [7000/10000 (70.00%)] 	bpp_y_loss: 1.114089 |	bpp_z_loss: 0.005556 |	bpp_loss: 1.119644 |	mse_loss: 0.000209 |	loss: 2.386782 |	psnr_loss: 37.161034 |
[2024-07-03 12:58:55,879 | INFO | train_one_epoch] Train epoch 6: [8000/10000 (80.00%)] 	bpp_y_loss: 1.108561 |	bpp_z_loss: 0.005523 |	bpp_loss: 1.114085 |	mse_loss: 0.000204 |	loss: 2.351428 |	psnr_loss: 37.253941 |
[2024-07-03 13:03:11,134 | INFO | train_one_epoch] Train epoch 6: [9000/10000 (90.00%)] 	bpp_y_loss: 1.119440 |	bpp_z_loss: 0.005538 |	bpp_loss: 1.124977 |	mse_loss: 0.000202 |	loss: 2.351997 |	psnr_loss: 37.278988 |
[2024-07-03 13:07:17,420 | INFO | train_one_epoch] Train epoch 6: [10000/10000 (100.00%)] 	bpp_y_loss: 1.114953 |	bpp_z_loss: 0.005535 |	bpp_loss: 1.120490 |	mse_loss: 0.000200 |	loss: 2.332018 |	psnr_loss: 37.359303 |
[2024-07-03 13:07:20,201 | INFO | test_one_epoch] Testing results for epoch 7 | bpp_y_loss=1.42588 | bpp_z_loss=0.00418 | bpp_loss=1.43005 | mse_loss=0.00027 | loss=3.07050 | psnr_loss=35.99844
[2024-07-03 13:07:43,176 | INFO | train_one_epoch] Learning rate: 5e-05
[2024-07-03 13:07:44,246 | INFO | train_one_epoch] Train epoch 7: [0/10000 (0.00%)] 	bpp_y_loss: 1.054865 |	bpp_z_loss: 0.005264 |	bpp_loss: 1.060130 |	mse_loss: 0.000200 |	loss: 2.274064 |	psnr_loss: 36.983009 |
[2024-07-03 13:11:59,738 | INFO | train_one_epoch] Train epoch 7: [1000/10000 (10.00%)] 	bpp_y_loss: 1.124038 |	bpp_z_loss: 0.005531 |	bpp_loss: 1.129569 |	mse_loss: 0.000203 |	loss: 2.360927 |	psnr_loss: 37.268349 |
[2024-07-03 13:16:33,364 | INFO | train_one_epoch] Train epoch 7: [2000/10000 (20.00%)] 	bpp_y_loss: 1.127196 |	bpp_z_loss: 0.005534 |	bpp_loss: 1.132731 |	mse_loss: 0.000197 |	loss: 2.323716 |	psnr_loss: 37.382042 |
[2024-07-03 13:21:02,671 | INFO | train_one_epoch] Train epoch 7: [3000/10000 (30.00%)] 	bpp_y_loss: 1.114664 |	bpp_z_loss: 0.005519 |	bpp_loss: 1.120184 |	mse_loss: 0.000197 |	loss: 2.315267 |	psnr_loss: 37.432079 |
[2024-07-03 13:25:16,691 | INFO | train_one_epoch] Train epoch 7: [4000/10000 (40.00%)] 	bpp_y_loss: 1.118034 |	bpp_z_loss: 0.005541 |	bpp_loss: 1.123576 |	mse_loss: 0.000202 |	loss: 2.346931 |	psnr_loss: 37.314983 |
[2024-07-03 13:29:40,144 | INFO | train_one_epoch] Train epoch 7: [5000/10000 (50.00%)] 	bpp_y_loss: 1.116377 |	bpp_z_loss: 0.005520 |	bpp_loss: 1.121898 |	mse_loss: 0.000194 |	loss: 2.294688 |	psnr_loss: 37.462967 |
[2024-07-03 13:33:56,997 | INFO | train_one_epoch] Train epoch 7: [6000/10000 (60.00%)] 	bpp_y_loss: 1.118322 |	bpp_z_loss: 0.005540 |	bpp_loss: 1.123861 |	mse_loss: 0.000194 |	loss: 2.298387 |	psnr_loss: 37.455368 |
[2024-07-03 13:38:17,639 | INFO | train_one_epoch] Train epoch 7: [7000/10000 (70.00%)] 	bpp_y_loss: 1.119372 |	bpp_z_loss: 0.005527 |	bpp_loss: 1.124899 |	mse_loss: 0.000196 |	loss: 2.312507 |	psnr_loss: 37.435863 |
[2024-07-03 13:42:39,551 | INFO | train_one_epoch] Train epoch 7: [8000/10000 (80.00%)] 	bpp_y_loss: 1.114396 |	bpp_z_loss: 0.005529 |	bpp_loss: 1.119924 |	mse_loss: 0.000190 |	loss: 2.269680 |	psnr_loss: 37.548412 |
[2024-07-03 13:47:00,735 | INFO | train_one_epoch] Train epoch 7: [9000/10000 (90.00%)] 	bpp_y_loss: 1.108458 |	bpp_z_loss: 0.005530 |	bpp_loss: 1.113988 |	mse_loss: 0.000192 |	loss: 2.277936 |	psnr_loss: 37.523449 |
[2024-07-03 13:51:09,075 | INFO | train_one_epoch] Train epoch 7: [10000/10000 (100.00%)] 	bpp_y_loss: 1.106542 |	bpp_z_loss: 0.005536 |	bpp_loss: 1.112077 |	mse_loss: 0.000189 |	loss: 2.259015 |	psnr_loss: 37.584698 |
[2024-07-03 13:51:11,374 | INFO | test_one_epoch] Testing results for epoch 8 | bpp_y_loss=1.42913 | bpp_z_loss=0.00431 | bpp_loss=1.43343 | mse_loss=0.00023 | loss=2.84454 | psnr_loss=36.64321
[2024-07-03 13:51:37,691 | INFO | train_one_epoch] Learning rate: 5e-05
[2024-07-03 13:51:38,600 | INFO | train_one_epoch] Train epoch 8: [0/10000 (0.00%)] 	bpp_y_loss: 1.563993 |	bpp_z_loss: 0.006806 |	bpp_loss: 1.570799 |	mse_loss: 0.000280 |	loss: 3.268476 |	psnr_loss: 35.526413 |
[2024-07-03 13:55:39,640 | INFO | train_one_epoch] Train epoch 8: [1000/10000 (10.00%)] 	bpp_y_loss: 1.112257 |	bpp_z_loss: 0.005530 |	bpp_loss: 1.117786 |	mse_loss: 0.000187 |	loss: 2.250071 |	psnr_loss: 37.608784 |
[2024-07-03 13:59:52,655 | INFO | train_one_epoch] Train epoch 8: [2000/10000 (20.00%)] 	bpp_y_loss: 1.106047 |	bpp_z_loss: 0.005515 |	bpp_loss: 1.111562 |	mse_loss: 0.000182 |	loss: 2.213829 |	psnr_loss: 37.686764 |
[2024-07-03 14:04:02,710 | INFO | train_one_epoch] Train epoch 8: [3000/10000 (30.00%)] 	bpp_y_loss: 1.115453 |	bpp_z_loss: 0.005552 |	bpp_loss: 1.121006 |	mse_loss: 0.000188 |	loss: 2.260108 |	psnr_loss: 37.597221 |
[2024-07-03 14:08:24,074 | INFO | train_one_epoch] Train epoch 8: [4000/10000 (40.00%)] 	bpp_y_loss: 1.112839 |	bpp_z_loss: 0.005547 |	bpp_loss: 1.118386 |	mse_loss: 0.000185 |	loss: 2.241797 |	psnr_loss: 37.653698 |
[2024-07-03 14:12:41,788 | INFO | train_one_epoch] Train epoch 8: [5000/10000 (50.00%)] 	bpp_y_loss: 1.119280 |	bpp_z_loss: 0.005559 |	bpp_loss: 1.124840 |	mse_loss: 0.000187 |	loss: 2.259243 |	psnr_loss: 37.576279 |
[2024-07-03 14:17:08,627 | INFO | train_one_epoch] Train epoch 8: [6000/10000 (60.00%)] 	bpp_y_loss: 1.115023 |	bpp_z_loss: 0.005563 |	bpp_loss: 1.120586 |	mse_loss: 0.000184 |	loss: 2.236106 |	psnr_loss: 37.682270 |
[2024-07-03 14:21:29,324 | INFO | train_one_epoch] Train epoch 8: [7000/10000 (70.00%)] 	bpp_y_loss: 1.105460 |	bpp_z_loss: 0.005517 |	bpp_loss: 1.110977 |	mse_loss: 0.000181 |	loss: 2.206828 |	psnr_loss: 37.713352 |
[2024-07-03 14:25:48,141 | INFO | train_one_epoch] Train epoch 8: [8000/10000 (80.00%)] 	bpp_y_loss: 1.112789 |	bpp_z_loss: 0.005527 |	bpp_loss: 1.118315 |	mse_loss: 0.000184 |	loss: 2.236037 |	psnr_loss: 37.672028 |
[2024-07-03 14:30:18,735 | INFO | train_one_epoch] Train epoch 8: [9000/10000 (90.00%)] 	bpp_y_loss: 1.123532 |	bpp_z_loss: 0.005546 |	bpp_loss: 1.129079 |	mse_loss: 0.000186 |	loss: 2.259179 |	psnr_loss: 37.609367 |
[2024-07-03 14:34:44,629 | INFO | train_one_epoch] Train epoch 8: [10000/10000 (100.00%)] 	bpp_y_loss: 1.099071 |	bpp_z_loss: 0.005563 |	bpp_loss: 1.104634 |	mse_loss: 0.000176 |	loss: 2.169140 |	psnr_loss: 37.863579 |
[2024-07-03 14:34:47,056 | INFO | test_one_epoch] Testing results for epoch 9 | bpp_y_loss=1.42662 | bpp_z_loss=0.00458 | bpp_loss=1.43121 | mse_loss=0.00022 | loss=2.76311 | psnr_loss=36.85395
[2024-07-03 14:35:05,162 | INFO | train_one_epoch] Learning rate: 5e-05
[2024-07-03 14:35:06,255 | INFO | train_one_epoch] Train epoch 9: [0/10000 (0.00%)] 	bpp_y_loss: 1.085868 |	bpp_z_loss: 0.005429 |	bpp_loss: 1.091296 |	mse_loss: 0.000152 |	loss: 2.011527 |	psnr_loss: 38.185993 |
[2024-07-03 14:39:33,177 | INFO | train_one_epoch] Train epoch 9: [1000/10000 (10.00%)] 	bpp_y_loss: 1.116312 |	bpp_z_loss: 0.005555 |	bpp_loss: 1.121866 |	mse_loss: 0.000181 |	loss: 2.217674 |	psnr_loss: 37.732105 |
[2024-07-03 14:44:05,196 | INFO | train_one_epoch] Train epoch 9: [2000/10000 (20.00%)] 	bpp_y_loss: 1.091800 |	bpp_z_loss: 0.005531 |	bpp_loss: 1.097331 |	mse_loss: 0.000174 |	loss: 2.152904 |	psnr_loss: 37.887817 |
[2024-07-03 14:48:34,929 | INFO | train_one_epoch] Train epoch 9: [3000/10000 (30.00%)] 	bpp_y_loss: 1.096870 |	bpp_z_loss: 0.005583 |	bpp_loss: 1.102453 |	mse_loss: 0.000174 |	loss: 2.157153 |	psnr_loss: 37.910027 |
[2024-07-03 14:53:07,133 | INFO | train_one_epoch] Train epoch 9: [4000/10000 (40.00%)] 	bpp_y_loss: 1.091339 |	bpp_z_loss: 0.005524 |	bpp_loss: 1.096866 |	mse_loss: 0.000176 |	loss: 2.163493 |	psnr_loss: 37.852188 |
[2024-07-03 14:57:23,697 | INFO | train_one_epoch] Train epoch 9: [5000/10000 (50.00%)] 	bpp_y_loss: 1.104057 |	bpp_z_loss: 0.005590 |	bpp_loss: 1.109645 |	mse_loss: 0.000178 |	loss: 2.185630 |	psnr_loss: 37.847321 |
[2024-07-03 15:01:37,367 | INFO | train_one_epoch] Train epoch 9: [6000/10000 (60.00%)] 	bpp_y_loss: 1.107044 |	bpp_z_loss: 0.005600 |	bpp_loss: 1.112643 |	mse_loss: 0.000175 |	loss: 2.172475 |	psnr_loss: 37.852757 |
[2024-07-03 15:05:52,620 | INFO | train_one_epoch] Train epoch 9: [7000/10000 (70.00%)] 	bpp_y_loss: 1.104176 |	bpp_z_loss: 0.005600 |	bpp_loss: 1.109775 |	mse_loss: 0.000179 |	loss: 2.193014 |	psnr_loss: 37.803486 |
[2024-07-03 15:10:15,258 | INFO | train_one_epoch] Train epoch 9: [8000/10000 (80.00%)] 	bpp_y_loss: 1.118039 |	bpp_z_loss: 0.005626 |	bpp_loss: 1.123664 |	mse_loss: 0.000179 |	loss: 2.209029 |	psnr_loss: 37.778069 |
[2024-07-03 15:14:41,598 | INFO | train_one_epoch] Train epoch 9: [9000/10000 (90.00%)] 	bpp_y_loss: 1.099474 |	bpp_z_loss: 0.005610 |	bpp_loss: 1.105085 |	mse_loss: 0.000174 |	loss: 2.158406 |	psnr_loss: 37.935406 |
[2024-07-03 15:19:03,970 | INFO | train_one_epoch] Train epoch 9: [10000/10000 (100.00%)] 	bpp_y_loss: 1.101379 |	bpp_z_loss: 0.005618 |	bpp_loss: 1.106999 |	mse_loss: 0.000173 |	loss: 2.157143 |	psnr_loss: 37.950222 |
[2024-07-03 15:19:06,230 | INFO | test_one_epoch] Testing results for epoch 10 | bpp_y_loss=1.43523 | bpp_z_loss=0.00457 | bpp_loss=1.43980 | mse_loss=0.00024 | loss=2.89927 | psnr_loss=36.45564
[2024-07-03 15:19:16,437 | INFO | train_one_epoch] Learning rate: 5e-05
[2024-07-03 15:19:17,641 | INFO | train_one_epoch] Train epoch 10: [0/10000 (0.00%)] 	bpp_y_loss: 1.056179 |	bpp_z_loss: 0.005607 |	bpp_loss: 1.061786 |	mse_loss: 0.000144 |	loss: 1.932577 |	psnr_loss: 38.425823 |
[2024-07-03 15:23:30,043 | INFO | train_one_epoch] Train epoch 10: [1000/10000 (10.00%)] 	bpp_y_loss: 1.093786 |	bpp_z_loss: 0.005615 |	bpp_loss: 1.099402 |	mse_loss: 0.000170 |	loss: 2.128900 |	psnr_loss: 37.972507 |
[2024-07-03 15:27:41,938 | INFO | train_one_epoch] Train epoch 10: [2000/10000 (20.00%)] 	bpp_y_loss: 1.098867 |	bpp_z_loss: 0.005628 |	bpp_loss: 1.104495 |	mse_loss: 0.000175 |	loss: 2.163655 |	psnr_loss: 37.881401 |
[2024-07-03 15:32:14,057 | INFO | train_one_epoch] Train epoch 10: [3000/10000 (30.00%)] 	bpp_y_loss: 1.100286 |	bpp_z_loss: 0.005629 |	bpp_loss: 1.105914 |	mse_loss: 0.000172 |	loss: 2.149992 |	psnr_loss: 37.933605 |
[2024-07-03 15:36:41,305 | INFO | train_one_epoch] Train epoch 10: [4000/10000 (40.00%)] 	bpp_y_loss: 1.112604 |	bpp_z_loss: 0.005663 |	bpp_loss: 1.118266 |	mse_loss: 0.000174 |	loss: 2.171503 |	psnr_loss: 37.917774 |
[2024-07-03 15:41:09,977 | INFO | train_one_epoch] Train epoch 10: [5000/10000 (50.00%)] 	bpp_y_loss: 1.099635 |	bpp_z_loss: 0.005649 |	bpp_loss: 1.105284 |	mse_loss: 0.000167 |	loss: 2.119238 |	psnr_loss: 38.044506 |
[2024-07-03 15:45:32,014 | INFO | train_one_epoch] Train epoch 10: [6000/10000 (60.00%)] 	bpp_y_loss: 1.108772 |	bpp_z_loss: 0.005663 |	bpp_loss: 1.114435 |	mse_loss: 0.000177 |	loss: 2.188703 |	psnr_loss: 37.833302 |
[2024-07-03 15:49:50,981 | INFO | train_one_epoch] Train epoch 10: [7000/10000 (70.00%)] 	bpp_y_loss: 1.093343 |	bpp_z_loss: 0.005653 |	bpp_loss: 1.098997 |	mse_loss: 0.000172 |	loss: 2.142465 |	psnr_loss: 37.964680 |
[2024-07-03 15:54:05,661 | INFO | train_one_epoch] Train epoch 10: [8000/10000 (80.00%)] 	bpp_y_loss: 1.100278 |	bpp_z_loss: 0.005676 |	bpp_loss: 1.105954 |	mse_loss: 0.000167 |	loss: 2.115637 |	psnr_loss: 38.056747 |
[2024-07-03 15:58:13,497 | INFO | train_one_epoch] Train epoch 10: [9000/10000 (90.00%)] 	bpp_y_loss: 1.103404 |	bpp_z_loss: 0.005690 |	bpp_loss: 1.109093 |	mse_loss: 0.000169 |	loss: 2.131616 |	psnr_loss: 38.002831 |
[2024-07-03 16:02:18,504 | INFO | train_one_epoch] Train epoch 10: [10000/10000 (100.00%)] 	bpp_y_loss: 1.094197 |	bpp_z_loss: 0.005666 |	bpp_loss: 1.099863 |	mse_loss: 0.000168 |	loss: 2.119483 |	psnr_loss: 38.036156 |
[2024-07-03 16:02:20,510 | INFO | test_one_epoch] Testing results for epoch 11 | bpp_y_loss=1.42314 | bpp_z_loss=0.00473 | bpp_loss=1.42787 | mse_loss=0.00022 | loss=2.74872 | psnr_loss=36.90499
[2024-07-03 16:02:49,921 | INFO | train_one_epoch] Learning rate: 5e-05
[2024-07-03 16:02:50,854 | INFO | train_one_epoch] Train epoch 11: [0/10000 (0.00%)] 	bpp_y_loss: 1.319047 |	bpp_z_loss: 0.005871 |	bpp_loss: 1.324918 |	mse_loss: 0.000157 |	loss: 2.275174 |	psnr_loss: 38.046562 |
[2024-07-03 16:07:08,548 | INFO | train_one_epoch] Train epoch 11: [1000/10000 (10.00%)] 	bpp_y_loss: 1.088231 |	bpp_z_loss: 0.005665 |	bpp_loss: 1.093896 |	mse_loss: 0.000167 |	loss: 2.103399 |	psnr_loss: 38.094902 |
[2024-07-03 16:11:26,395 | INFO | train_one_epoch] Train epoch 11: [2000/10000 (20.00%)] 	bpp_y_loss: 1.100505 |	bpp_z_loss: 0.005693 |	bpp_loss: 1.106198 |	mse_loss: 0.000170 |	loss: 2.136945 |	psnr_loss: 38.024334 |
[2024-07-03 16:15:46,960 | INFO | train_one_epoch] Train epoch 11: [3000/10000 (30.00%)] 	bpp_y_loss: 1.090455 |	bpp_z_loss: 0.005711 |	bpp_loss: 1.096166 |	mse_loss: 0.000167 |	loss: 2.108176 |	psnr_loss: 38.067951 |
[2024-07-03 16:20:01,995 | INFO | train_one_epoch] Train epoch 11: [4000/10000 (40.00%)] 	bpp_y_loss: 1.093564 |	bpp_z_loss: 0.005707 |	bpp_loss: 1.099273 |	mse_loss: 0.000170 |	loss: 2.129215 |	psnr_loss: 38.011101 |
[2024-07-03 16:24:21,487 | INFO | train_one_epoch] Train epoch 11: [5000/10000 (50.00%)] 	bpp_y_loss: 1.081944 |	bpp_z_loss: 0.005710 |	bpp_loss: 1.087653 |	mse_loss: 0.000163 |	loss: 2.073769 |	psnr_loss: 38.165333 |
[2024-07-03 16:28:28,984 | INFO | train_one_epoch] Train epoch 11: [6000/10000 (60.00%)] 	bpp_y_loss: 1.089950 |	bpp_z_loss: 0.005717 |	bpp_loss: 1.095666 |	mse_loss: 0.000165 |	loss: 2.098136 |	psnr_loss: 38.136402 |
[2024-07-03 16:32:53,604 | INFO | train_one_epoch] Train epoch 11: [7000/10000 (70.00%)] 	bpp_y_loss: 1.095010 |	bpp_z_loss: 0.005724 |	bpp_loss: 1.100734 |	mse_loss: 0.000163 |	loss: 2.089242 |	psnr_loss: 38.157597 |
[2024-07-03 16:37:06,692 | INFO | train_one_epoch] Train epoch 11: [8000/10000 (80.00%)] 	bpp_y_loss: 1.100406 |	bpp_z_loss: 0.005734 |	bpp_loss: 1.106141 |	mse_loss: 0.000165 |	loss: 2.105659 |	psnr_loss: 38.130341 |
[2024-07-03 16:41:32,627 | INFO | train_one_epoch] Train epoch 11: [9000/10000 (90.00%)] 	bpp_y_loss: 1.088576 |	bpp_z_loss: 0.005742 |	bpp_loss: 1.094319 |	mse_loss: 0.000166 |	loss: 2.100396 |	psnr_loss: 38.089336 |
[2024-07-03 16:45:58,612 | INFO | train_one_epoch] Train epoch 11: [10000/10000 (100.00%)] 	bpp_y_loss: 1.092164 |	bpp_z_loss: 0.005741 |	bpp_loss: 1.097904 |	mse_loss: 0.000166 |	loss: 2.105811 |	psnr_loss: 38.114185 |
[2024-07-03 16:46:01,083 | INFO | test_one_epoch] Testing results for epoch 12 | bpp_y_loss=1.41929 | bpp_z_loss=0.00497 | bpp_loss=1.42426 | mse_loss=0.00021 | loss=2.69271 | psnr_loss=37.05539
[2024-07-03 16:46:19,835 | INFO | train_one_epoch] Learning rate: 5e-05
[2024-07-03 16:46:20,753 | INFO | train_one_epoch] Train epoch 12: [0/10000 (0.00%)] 	bpp_y_loss: 0.928145 |	bpp_z_loss: 0.005652 |	bpp_loss: 0.933797 |	mse_loss: 0.000151 |	loss: 1.848022 |	psnr_loss: 38.214439 |
[2024-07-03 16:50:38,776 | INFO | train_one_epoch] Train epoch 12: [1000/10000 (10.00%)] 	bpp_y_loss: 1.104029 |	bpp_z_loss: 0.005756 |	bpp_loss: 1.109785 |	mse_loss: 0.000168 |	loss: 2.128182 |	psnr_loss: 38.065044 |
[2024-07-03 16:55:01,772 | INFO | train_one_epoch] Train epoch 12: [2000/10000 (20.00%)] 	bpp_y_loss: 1.106425 |	bpp_z_loss: 0.005765 |	bpp_loss: 1.112189 |	mse_loss: 0.000163 |	loss: 2.101782 |	psnr_loss: 38.128941 |
[2024-07-03 16:59:18,279 | INFO | train_one_epoch] Train epoch 12: [3000/10000 (30.00%)] 	bpp_y_loss: 1.087863 |	bpp_z_loss: 0.005760 |	bpp_loss: 1.093623 |	mse_loss: 0.000161 |	loss: 2.071919 |	psnr_loss: 38.225216 |
[2024-07-03 17:03:30,262 | INFO | train_one_epoch] Train epoch 12: [4000/10000 (40.00%)] 	bpp_y_loss: 1.086115 |	bpp_z_loss: 0.005756 |	bpp_loss: 1.091871 |	mse_loss: 0.000160 |	loss: 2.060050 |	psnr_loss: 38.216003 |
[2024-07-03 17:07:40,755 | INFO | train_one_epoch] Train epoch 12: [5000/10000 (50.00%)] 	bpp_y_loss: 1.095903 |	bpp_z_loss: 0.005791 |	bpp_loss: 1.101694 |	mse_loss: 0.000161 |	loss: 2.078303 |	psnr_loss: 38.199883 |
[2024-07-03 17:11:54,919 | INFO | train_one_epoch] Train epoch 12: [6000/10000 (60.00%)] 	bpp_y_loss: 1.089082 |	bpp_z_loss: 0.005755 |	bpp_loss: 1.094837 |	mse_loss: 0.000159 |	loss: 2.060391 |	psnr_loss: 38.231319 |
[2024-07-03 17:16:08,059 | INFO | train_one_epoch] Train epoch 12: [7000/10000 (70.00%)] 	bpp_y_loss: 1.091565 |	bpp_z_loss: 0.005786 |	bpp_loss: 1.097352 |	mse_loss: 0.000162 |	loss: 2.080576 |	psnr_loss: 38.179916 |
[2024-07-03 17:20:28,383 | INFO | train_one_epoch] Train epoch 12: [8000/10000 (80.00%)] 	bpp_y_loss: 1.088734 |	bpp_z_loss: 0.005787 |	bpp_loss: 1.094519 |	mse_loss: 0.000162 |	loss: 2.073290 |	psnr_loss: 38.170753 |
[2024-07-03 17:24:37,861 | INFO | train_one_epoch] Train epoch 12: [9000/10000 (90.00%)] 	bpp_y_loss: 1.088422 |	bpp_z_loss: 0.005763 |	bpp_loss: 1.094185 |	mse_loss: 0.000160 |	loss: 2.066111 |	psnr_loss: 38.225658 |
[2024-07-03 17:28:52,234 | INFO | train_one_epoch] Train epoch 12: [10000/10000 (100.00%)] 	bpp_y_loss: 1.092999 |	bpp_z_loss: 0.005798 |	bpp_loss: 1.098798 |	mse_loss: 0.000160 |	loss: 2.069411 |	psnr_loss: 38.240154 |
[2024-07-03 17:28:54,322 | INFO | test_one_epoch] Testing results for epoch 13 | bpp_y_loss=1.41769 | bpp_z_loss=0.00502 | bpp_loss=1.42271 | mse_loss=0.00021 | loss=2.66828 | psnr_loss=37.14924
[2024-07-03 17:29:12,611 | INFO | train_one_epoch] Learning rate: 5e-05
[2024-07-03 17:29:13,463 | INFO | train_one_epoch] Train epoch 13: [0/10000 (0.00%)] 	bpp_y_loss: 1.301560 |	bpp_z_loss: 0.006062 |	bpp_loss: 1.307622 |	mse_loss: 0.000247 |	loss: 2.805738 |	psnr_loss: 36.069511 |
[2024-07-03 17:33:17,097 | INFO | train_one_epoch] Train epoch 13: [1000/10000 (10.00%)] 	bpp_y_loss: 1.091015 |	bpp_z_loss: 0.005824 |	bpp_loss: 1.096840 |	mse_loss: 0.000161 |	loss: 2.073362 |	psnr_loss: 38.231640 |
[2024-07-03 17:37:22,821 | INFO | train_one_epoch] Train epoch 13: [2000/10000 (20.00%)] 	bpp_y_loss: 1.080843 |	bpp_z_loss: 0.005784 |	bpp_loss: 1.086627 |	mse_loss: 0.000160 |	loss: 2.053964 |	psnr_loss: 38.230385 |
[2024-07-03 17:41:34,592 | INFO | train_one_epoch] Train epoch 13: [3000/10000 (30.00%)] 	bpp_y_loss: 1.098444 |	bpp_z_loss: 0.005833 |	bpp_loss: 1.104276 |	mse_loss: 0.000166 |	loss: 2.107652 |	psnr_loss: 38.116795 |
[2024-07-03 17:45:49,616 | INFO | train_one_epoch] Train epoch 13: [4000/10000 (40.00%)] 	bpp_y_loss: 1.086278 |	bpp_z_loss: 0.005795 |	bpp_loss: 1.092074 |	mse_loss: 0.000159 |	loss: 2.057760 |	psnr_loss: 38.272350 |
[2024-07-03 17:49:58,250 | INFO | train_one_epoch] Train epoch 13: [5000/10000 (50.00%)] 	bpp_y_loss: 1.085468 |	bpp_z_loss: 0.005823 |	bpp_loss: 1.091291 |	mse_loss: 0.000161 |	loss: 2.069986 |	psnr_loss: 38.212440 |
[2024-07-03 17:54:05,586 | INFO | train_one_epoch] Train epoch 13: [6000/10000 (60.00%)] 	bpp_y_loss: 1.082246 |	bpp_z_loss: 0.005803 |	bpp_loss: 1.088048 |	mse_loss: 0.000156 |	loss: 2.034206 |	psnr_loss: 38.319820 |
[2024-07-03 17:58:13,531 | INFO | train_one_epoch] Train epoch 13: [7000/10000 (70.00%)] 	bpp_y_loss: 1.082489 |	bpp_z_loss: 0.005812 |	bpp_loss: 1.088301 |	mse_loss: 0.000156 |	loss: 2.031868 |	psnr_loss: 38.333069 |
[2024-07-03 18:02:17,526 | INFO | train_one_epoch] Train epoch 13: [8000/10000 (80.00%)] 	bpp_y_loss: 1.090907 |	bpp_z_loss: 0.005823 |	bpp_loss: 1.096731 |	mse_loss: 0.000163 |	loss: 2.082087 |	psnr_loss: 38.181511 |
[2024-07-03 18:06:24,144 | INFO | train_one_epoch] Train epoch 13: [9000/10000 (90.00%)] 	bpp_y_loss: 1.086910 |	bpp_z_loss: 0.005810 |	bpp_loss: 1.092719 |	mse_loss: 0.000158 |	loss: 2.051499 |	psnr_loss: 38.275730 |
[2024-07-03 18:10:29,154 | INFO | train_one_epoch] Train epoch 13: [10000/10000 (100.00%)] 	bpp_y_loss: 1.075536 |	bpp_z_loss: 0.005820 |	bpp_loss: 1.081358 |	mse_loss: 0.000156 |	loss: 2.024600 |	psnr_loss: 38.352402 |
[2024-07-03 18:10:31,361 | INFO | test_one_epoch] Testing results for epoch 14 | bpp_y_loss=1.42738 | bpp_z_loss=0.00509 | bpp_loss=1.43247 | mse_loss=0.00019 | loss=2.60934 | psnr_loss=37.37593
[2024-07-03 18:11:24,548 | INFO | train_one_epoch] Learning rate: 5e-05
[2024-07-03 18:11:25,517 | INFO | train_one_epoch] Train epoch 14: [0/10000 (0.00%)] 	bpp_y_loss: 0.883664 |	bpp_z_loss: 0.005275 |	bpp_loss: 0.888939 |	mse_loss: 0.000094 |	loss: 1.455819 |	psnr_loss: 40.290051 |
[2024-07-03 18:15:51,199 | INFO | train_one_epoch] Train epoch 14: [1000/10000 (10.00%)] 	bpp_y_loss: 1.086177 |	bpp_z_loss: 0.005837 |	bpp_loss: 1.092016 |	mse_loss: 0.000158 |	loss: 2.050137 |	psnr_loss: 38.283928 |
[2024-07-03 18:20:17,494 | INFO | train_one_epoch] Train epoch 14: [2000/10000 (20.00%)] 	bpp_y_loss: 1.092058 |	bpp_z_loss: 0.005831 |	bpp_loss: 1.097889 |	mse_loss: 0.000157 |	loss: 2.050985 |	psnr_loss: 38.309231 |
[2024-07-03 18:24:43,226 | INFO | train_one_epoch] Train epoch 14: [3000/10000 (30.00%)] 	bpp_y_loss: 1.085590 |	bpp_z_loss: 0.005845 |	bpp_loss: 1.091436 |	mse_loss: 0.000156 |	loss: 2.038412 |	psnr_loss: 38.329376 |
[2024-07-03 18:29:13,869 | INFO | train_one_epoch] Train epoch 14: [4000/10000 (40.00%)] 	bpp_y_loss: 1.092199 |	bpp_z_loss: 0.005838 |	bpp_loss: 1.098037 |	mse_loss: 0.000159 |	loss: 2.059831 |	psnr_loss: 38.289623 |
[2024-07-03 18:33:57,221 | INFO | train_one_epoch] Train epoch 14: [5000/10000 (50.00%)] 	bpp_y_loss: 1.081217 |	bpp_z_loss: 0.005808 |	bpp_loss: 1.087025 |	mse_loss: 0.000157 |	loss: 2.039643 |	psnr_loss: 38.341011 |
[2024-07-03 18:38:00,845 | INFO | train_one_epoch] Train epoch 14: [6000/10000 (60.00%)] 	bpp_y_loss: 1.074635 |	bpp_z_loss: 0.005857 |	bpp_loss: 1.080492 |	mse_loss: 0.000153 |	loss: 2.006746 |	psnr_loss: 38.423920 |
[2024-07-03 18:42:02,256 | INFO | train_one_epoch] Train epoch 14: [7000/10000 (70.00%)] 	bpp_y_loss: 1.087005 |	bpp_z_loss: 0.005847 |	bpp_loss: 1.092852 |	mse_loss: 0.000156 |	loss: 2.035816 |	psnr_loss: 38.343170 |
[2024-07-03 18:46:06,553 | INFO | train_one_epoch] Train epoch 14: [8000/10000 (80.00%)] 	bpp_y_loss: 1.097320 |	bpp_z_loss: 0.005861 |	bpp_loss: 1.103181 |	mse_loss: 0.000159 |	loss: 2.064509 |	psnr_loss: 38.271973 |
[2024-07-03 18:50:07,802 | INFO | train_one_epoch] Train epoch 14: [9000/10000 (90.00%)] 	bpp_y_loss: 1.078418 |	bpp_z_loss: 0.005840 |	bpp_loss: 1.084258 |	mse_loss: 0.000154 |	loss: 2.017301 |	psnr_loss: 38.399338 |
[2024-07-03 18:54:14,415 | INFO | train_one_epoch] Train epoch 14: [10000/10000 (100.00%)] 	bpp_y_loss: 1.085363 |	bpp_z_loss: 0.005842 |	bpp_loss: 1.091203 |	mse_loss: 0.000157 |	loss: 2.045076 |	psnr_loss: 38.303596 |
[2024-07-03 18:54:17,049 | INFO | test_one_epoch] Testing results for epoch 15 | bpp_y_loss=1.43206 | bpp_z_loss=0.00519 | bpp_loss=1.43725 | mse_loss=0.00020 | loss=2.65720 | psnr_loss=37.20923
[2024-07-03 18:54:25,826 | INFO | train_one_epoch] Learning rate: 5e-05
[2024-07-03 18:54:26,842 | INFO | train_one_epoch] Train epoch 15: [0/10000 (0.00%)] 	bpp_y_loss: 0.736483 |	bpp_z_loss: 0.005586 |	bpp_loss: 0.742069 |	mse_loss: 0.000107 |	loss: 1.392471 |	psnr_loss: 39.693150 |
[2024-07-03 18:58:32,899 | INFO | train_one_epoch] Train epoch 15: [1000/10000 (10.00%)] 	bpp_y_loss: 1.087239 |	bpp_z_loss: 0.005853 |	bpp_loss: 1.093092 |	mse_loss: 0.000157 |	loss: 2.043964 |	psnr_loss: 38.320499 |
[2024-07-03 19:02:42,307 | INFO | train_one_epoch] Train epoch 15: [2000/10000 (20.00%)] 	bpp_y_loss: 1.077962 |	bpp_z_loss: 0.005855 |	bpp_loss: 1.083818 |	mse_loss: 0.000151 |	loss: 2.001254 |	psnr_loss: 38.482735 |
[2024-07-03 19:06:50,772 | INFO | train_one_epoch] Train epoch 15: [3000/10000 (30.00%)] 	bpp_y_loss: 1.083352 |	bpp_z_loss: 0.005855 |	bpp_loss: 1.089207 |	mse_loss: 0.000153 |	loss: 2.016847 |	psnr_loss: 38.414185 |
[2024-07-03 19:11:00,031 | INFO | train_one_epoch] Train epoch 15: [4000/10000 (40.00%)] 	bpp_y_loss: 1.085629 |	bpp_z_loss: 0.005874 |	bpp_loss: 1.091503 |	mse_loss: 0.000154 |	loss: 2.027026 |	psnr_loss: 38.394188 |
[2024-07-03 19:15:05,040 | INFO | train_one_epoch] Train epoch 15: [5000/10000 (50.00%)] 	bpp_y_loss: 1.087335 |	bpp_z_loss: 0.005859 |	bpp_loss: 1.093194 |	mse_loss: 0.000155 |	loss: 2.032610 |	psnr_loss: 38.370171 |
[2024-07-03 19:19:16,421 | INFO | train_one_epoch] Train epoch 15: [6000/10000 (60.00%)] 	bpp_y_loss: 1.078896 |	bpp_z_loss: 0.005861 |	bpp_loss: 1.084757 |	mse_loss: 0.000152 |	loss: 2.007645 |	psnr_loss: 38.456043 |
[2024-07-03 19:23:31,690 | INFO | train_one_epoch] Train epoch 15: [7000/10000 (70.00%)] 	bpp_y_loss: 1.072189 |	bpp_z_loss: 0.005855 |	bpp_loss: 1.078044 |	mse_loss: 0.000152 |	loss: 1.999070 |	psnr_loss: 38.457066 |
[2024-07-03 19:27:51,519 | INFO | train_one_epoch] Train epoch 15: [8000/10000 (80.00%)] 	bpp_y_loss: 1.080080 |	bpp_z_loss: 0.005853 |	bpp_loss: 1.085933 |	mse_loss: 0.000151 |	loss: 2.001163 |	psnr_loss: 38.486458 |
[2024-07-03 19:32:14,239 | INFO | train_one_epoch] Train epoch 15: [9000/10000 (90.00%)] 	bpp_y_loss: 1.089113 |	bpp_z_loss: 0.005881 |	bpp_loss: 1.094994 |	mse_loss: 0.000154 |	loss: 2.028834 |	psnr_loss: 38.413303 |
[2024-07-03 19:36:28,579 | INFO | train_one_epoch] Train epoch 15: [10000/10000 (100.00%)] 	bpp_y_loss: 1.075172 |	bpp_z_loss: 0.005834 |	bpp_loss: 1.081006 |	mse_loss: 0.000151 |	loss: 1.998248 |	psnr_loss: 38.472080 |
[2024-07-03 19:36:30,786 | INFO | test_one_epoch] Testing results for epoch 16 | bpp_y_loss=1.41521 | bpp_z_loss=0.00529 | bpp_loss=1.42051 | mse_loss=0.00019 | loss=2.56561 | psnr_loss=37.46967
[2024-07-03 19:36:49,864 | INFO | train_one_epoch] Learning rate: 5e-05
[2024-07-03 19:36:50,896 | INFO | train_one_epoch] Train epoch 16: [0/10000 (0.00%)] 	bpp_y_loss: 1.179198 |	bpp_z_loss: 0.005934 |	bpp_loss: 1.185132 |	mse_loss: 0.000151 |	loss: 2.098825 |	psnr_loss: 38.216965 |
[2024-07-03 19:41:18,864 | INFO | train_one_epoch] Train epoch 16: [1000/10000 (10.00%)] 	bpp_y_loss: 1.077934 |	bpp_z_loss: 0.005853 |	bpp_loss: 1.083786 |	mse_loss: 0.000151 |	loss: 1.997767 |	psnr_loss: 38.498955 |
[2024-07-03 19:45:27,973 | INFO | train_one_epoch] Train epoch 16: [2000/10000 (20.00%)] 	bpp_y_loss: 1.083033 |	bpp_z_loss: 0.005890 |	bpp_loss: 1.088923 |	mse_loss: 0.000151 |	loss: 2.002806 |	psnr_loss: 38.473755 |
[2024-07-03 19:49:47,306 | INFO | train_one_epoch] Train epoch 16: [3000/10000 (30.00%)] 	bpp_y_loss: 1.091409 |	bpp_z_loss: 0.005874 |	bpp_loss: 1.097283 |	mse_loss: 0.000155 |	loss: 2.035118 |	psnr_loss: 38.377068 |
[2024-07-03 19:54:01,861 | INFO | train_one_epoch] Train epoch 16: [4000/10000 (40.00%)] 	bpp_y_loss: 1.077317 |	bpp_z_loss: 0.005868 |	bpp_loss: 1.083184 |	mse_loss: 0.000149 |	loss: 1.985744 |	psnr_loss: 38.516182 |
[2024-07-03 19:58:13,510 | INFO | train_one_epoch] Train epoch 16: [5000/10000 (50.00%)] 	bpp_y_loss: 1.083779 |	bpp_z_loss: 0.005884 |	bpp_loss: 1.089663 |	mse_loss: 0.000156 |	loss: 2.035478 |	psnr_loss: 38.393665 |
[2024-07-03 20:02:29,849 | INFO | train_one_epoch] Train epoch 16: [6000/10000 (60.00%)] 	bpp_y_loss: 1.074307 |	bpp_z_loss: 0.005890 |	bpp_loss: 1.080195 |	mse_loss: 0.000150 |	loss: 1.990095 |	psnr_loss: 38.507355 |
[2024-07-03 20:06:36,322 | INFO | train_one_epoch] Train epoch 16: [7000/10000 (70.00%)] 	bpp_y_loss: 1.082933 |	bpp_z_loss: 0.005898 |	bpp_loss: 1.088830 |	mse_loss: 0.000150 |	loss: 1.998993 |	psnr_loss: 38.505634 |
[2024-07-03 20:10:40,601 | INFO | train_one_epoch] Train epoch 16: [8000/10000 (80.00%)] 	bpp_y_loss: 1.087974 |	bpp_z_loss: 0.005895 |	bpp_loss: 1.093870 |	mse_loss: 0.000150 |	loss: 2.002474 |	psnr_loss: 38.491688 |
[2024-07-03 20:14:58,547 | INFO | train_one_epoch] Train epoch 16: [9000/10000 (90.00%)] 	bpp_y_loss: 1.090472 |	bpp_z_loss: 0.005894 |	bpp_loss: 1.096367 |	mse_loss: 0.000153 |	loss: 2.023210 |	psnr_loss: 38.402855 |
[2024-07-03 20:19:03,531 | INFO | train_one_epoch] Train epoch 16: [10000/10000 (100.00%)] 	bpp_y_loss: 1.069506 |	bpp_z_loss: 0.005873 |	bpp_loss: 1.075379 |	mse_loss: 0.000146 |	loss: 1.959617 |	psnr_loss: 38.592155 |
[2024-07-03 20:19:05,791 | INFO | test_one_epoch] Testing results for epoch 17 | bpp_y_loss=1.41775 | bpp_z_loss=0.00537 | bpp_loss=1.42312 | mse_loss=0.00019 | loss=2.56467 | psnr_loss=37.46741
[2024-07-03 20:19:22,305 | INFO | train_one_epoch] Learning rate: 5e-05
[2024-07-03 20:19:23,224 | INFO | train_one_epoch] Train epoch 17: [0/10000 (0.00%)] 	bpp_y_loss: 1.041881 |	bpp_z_loss: 0.006582 |	bpp_loss: 1.048463 |	mse_loss: 0.000161 |	loss: 2.022929 |	psnr_loss: 37.937294 |
[2024-07-03 20:23:17,470 | INFO | train_one_epoch] Train epoch 17: [1000/10000 (10.00%)] 	bpp_y_loss: 1.077525 |	bpp_z_loss: 0.005887 |	bpp_loss: 1.083413 |	mse_loss: 0.000150 |	loss: 1.994557 |	psnr_loss: 38.488827 |
[2024-07-03 20:27:09,061 | INFO | train_one_epoch] Train epoch 17: [2000/10000 (20.00%)] 	bpp_y_loss: 1.082907 |	bpp_z_loss: 0.005893 |	bpp_loss: 1.088801 |	mse_loss: 0.000152 |	loss: 2.010337 |	psnr_loss: 38.473095 |
[2024-07-03 20:31:03,680 | INFO | train_one_epoch] Train epoch 17: [3000/10000 (30.00%)] 	bpp_y_loss: 1.073632 |	bpp_z_loss: 0.005899 |	bpp_loss: 1.079531 |	mse_loss: 0.000149 |	loss: 1.984876 |	psnr_loss: 38.519215 |
[2024-07-03 20:34:54,388 | INFO | train_one_epoch] Train epoch 17: [4000/10000 (40.00%)] 	bpp_y_loss: 1.076500 |	bpp_z_loss: 0.005897 |	bpp_loss: 1.082397 |	mse_loss: 0.000147 |	loss: 1.974516 |	psnr_loss: 38.585396 |
[2024-07-03 20:38:40,664 | INFO | train_one_epoch] Train epoch 17: [5000/10000 (50.00%)] 	bpp_y_loss: 1.072864 |	bpp_z_loss: 0.005875 |	bpp_loss: 1.078741 |	mse_loss: 0.000146 |	loss: 1.966297 |	psnr_loss: 38.579464 |
[2024-07-03 20:42:42,818 | INFO | train_one_epoch] Train epoch 17: [6000/10000 (60.00%)] 	bpp_y_loss: 1.078039 |	bpp_z_loss: 0.005903 |	bpp_loss: 1.083941 |	mse_loss: 0.000149 |	loss: 1.989121 |	psnr_loss: 38.509575 |
[2024-07-03 20:47:02,111 | INFO | train_one_epoch] Train epoch 17: [7000/10000 (70.00%)] 	bpp_y_loss: 1.084095 |	bpp_z_loss: 0.005889 |	bpp_loss: 1.089984 |	mse_loss: 0.000150 |	loss: 1.997156 |	psnr_loss: 38.519516 |
[2024-07-03 20:51:18,170 | INFO | train_one_epoch] Train epoch 17: [8000/10000 (80.00%)] 	bpp_y_loss: 1.081071 |	bpp_z_loss: 0.005899 |	bpp_loss: 1.086970 |	mse_loss: 0.000149 |	loss: 1.992963 |	psnr_loss: 38.510754 |
[2024-07-03 20:55:27,660 | INFO | train_one_epoch] Train epoch 17: [9000/10000 (90.00%)] 	bpp_y_loss: 1.077239 |	bpp_z_loss: 0.005888 |	bpp_loss: 1.083127 |	mse_loss: 0.000148 |	loss: 1.977859 |	psnr_loss: 38.564980 |
[2024-07-03 20:59:47,014 | INFO | train_one_epoch] Train epoch 17: [10000/10000 (100.00%)] 	bpp_y_loss: 1.075775 |	bpp_z_loss: 0.005907 |	bpp_loss: 1.081682 |	mse_loss: 0.000148 |	loss: 1.979123 |	psnr_loss: 38.568447 |
[2024-07-03 20:59:49,367 | INFO | test_one_epoch] Testing results for epoch 18 | bpp_y_loss=1.41097 | bpp_z_loss=0.00534 | bpp_loss=1.41631 | mse_loss=0.00022 | loss=2.75135 | psnr_loss=36.72681
[2024-07-03 20:59:59,410 | INFO | train_one_epoch] Learning rate: 5e-05
[2024-07-03 21:00:00,246 | INFO | train_one_epoch] Train epoch 18: [0/10000 (0.00%)] 	bpp_y_loss: 1.262328 |	bpp_z_loss: 0.006022 |	bpp_loss: 1.268350 |	mse_loss: 0.000211 |	loss: 2.545231 |	psnr_loss: 36.763462 |
[2024-07-03 21:04:08,654 | INFO | train_one_epoch] Train epoch 18: [1000/10000 (10.00%)] 	bpp_y_loss: 1.087031 |	bpp_z_loss: 0.005901 |	bpp_loss: 1.092931 |	mse_loss: 0.000146 |	loss: 1.978952 |	psnr_loss: 38.594376 |
[2024-07-03 21:08:11,289 | INFO | train_one_epoch] Train epoch 18: [2000/10000 (20.00%)] 	bpp_y_loss: 1.065408 |	bpp_z_loss: 0.005878 |	bpp_loss: 1.071285 |	mse_loss: 0.000145 |	loss: 1.950729 |	psnr_loss: 38.635658 |
[2024-07-03 21:12:13,270 | INFO | train_one_epoch] Train epoch 18: [3000/10000 (30.00%)] 	bpp_y_loss: 1.069272 |	bpp_z_loss: 0.005895 |	bpp_loss: 1.075167 |	mse_loss: 0.000146 |	loss: 1.958613 |	psnr_loss: 38.618275 |
[2024-07-03 21:16:15,365 | INFO | train_one_epoch] Train epoch 18: [4000/10000 (40.00%)] 	bpp_y_loss: 1.075843 |	bpp_z_loss: 0.005890 |	bpp_loss: 1.081732 |	mse_loss: 0.000147 |	loss: 1.973313 |	psnr_loss: 38.587433 |
[2024-07-03 21:20:18,559 | INFO | train_one_epoch] Train epoch 18: [5000/10000 (50.00%)] 	bpp_y_loss: 1.073736 |	bpp_z_loss: 0.005907 |	bpp_loss: 1.079643 |	mse_loss: 0.000146 |	loss: 1.966213 |	psnr_loss: 38.622921 |
[2024-07-03 21:24:36,146 | INFO | train_one_epoch] Train epoch 18: [6000/10000 (60.00%)] 	bpp_y_loss: 1.078641 |	bpp_z_loss: 0.005931 |	bpp_loss: 1.084573 |	mse_loss: 0.000150 |	loss: 1.991374 |	psnr_loss: 38.538841 |
[2024-07-03 21:28:45,350 | INFO | train_one_epoch] Train epoch 18: [7000/10000 (70.00%)] 	bpp_y_loss: 1.079009 |	bpp_z_loss: 0.005916 |	bpp_loss: 1.084926 |	mse_loss: 0.000147 |	loss: 1.973067 |	psnr_loss: 38.602795 |
[2024-07-03 21:32:59,052 | INFO | train_one_epoch] Train epoch 18: [8000/10000 (80.00%)] 	bpp_y_loss: 1.070588 |	bpp_z_loss: 0.005900 |	bpp_loss: 1.076488 |	mse_loss: 0.000145 |	loss: 1.957651 |	psnr_loss: 38.640854 |
[2024-07-03 21:37:07,344 | INFO | train_one_epoch] Train epoch 18: [9000/10000 (90.00%)] 	bpp_y_loss: 1.057000 |	bpp_z_loss: 0.005896 |	bpp_loss: 1.062896 |	mse_loss: 0.000142 |	loss: 1.924867 |	psnr_loss: 38.717167 |
[2024-07-03 21:41:10,119 | INFO | train_one_epoch] Train epoch 18: [10000/10000 (100.00%)] 	bpp_y_loss: 1.072708 |	bpp_z_loss: 0.005893 |	bpp_loss: 1.078601 |	mse_loss: 0.000146 |	loss: 1.964555 |	psnr_loss: 38.603775 |
[2024-07-03 21:41:12,403 | INFO | test_one_epoch] Testing results for epoch 19 | bpp_y_loss=1.40918 | bpp_z_loss=0.00541 | bpp_loss=1.41459 | mse_loss=0.00018 | loss=2.52340 | psnr_loss=37.59912
[2024-07-03 21:41:30,422 | INFO | train_one_epoch] Learning rate: 5e-05
[2024-07-03 21:41:31,190 | INFO | train_one_epoch] Train epoch 19: [0/10000 (0.00%)] 	bpp_y_loss: 1.100665 |	bpp_z_loss: 0.005670 |	bpp_loss: 1.106335 |	mse_loss: 0.000141 |	loss: 1.963817 |	psnr_loss: 38.492714 |
[2024-07-03 21:45:43,922 | INFO | train_one_epoch] Train epoch 19: [1000/10000 (10.00%)] 	bpp_y_loss: 1.078862 |	bpp_z_loss: 0.005944 |	bpp_loss: 1.084804 |	mse_loss: 0.000148 |	loss: 1.982827 |	psnr_loss: 38.577034 |
[2024-07-03 21:49:45,959 | INFO | train_one_epoch] Train epoch 19: [2000/10000 (20.00%)] 	bpp_y_loss: 1.065826 |	bpp_z_loss: 0.005883 |	bpp_loss: 1.071710 |	mse_loss: 0.000145 |	loss: 1.951248 |	psnr_loss: 38.639084 |
[2024-07-03 21:53:41,655 | INFO | train_one_epoch] Train epoch 19: [3000/10000 (30.00%)] 	bpp_y_loss: 1.075367 |	bpp_z_loss: 0.005935 |	bpp_loss: 1.081302 |	mse_loss: 0.000144 |	loss: 1.952071 |	psnr_loss: 38.672867 |
[2024-07-03 21:57:36,666 | INFO | train_one_epoch] Train epoch 19: [4000/10000 (40.00%)] 	bpp_y_loss: 1.066713 |	bpp_z_loss: 0.005906 |	bpp_loss: 1.072618 |	mse_loss: 0.000145 |	loss: 1.949101 |	psnr_loss: 38.675850 |
[2024-07-03 22:01:43,084 | INFO | train_one_epoch] Train epoch 19: [5000/10000 (50.00%)] 	bpp_y_loss: 1.080897 |	bpp_z_loss: 0.005930 |	bpp_loss: 1.086827 |	mse_loss: 0.000144 |	loss: 1.961383 |	psnr_loss: 38.642437 |
[2024-07-03 22:05:46,428 | INFO | train_one_epoch] Train epoch 19: [6000/10000 (60.00%)] 	bpp_y_loss: 1.062535 |	bpp_z_loss: 0.005917 |	bpp_loss: 1.068452 |	mse_loss: 0.000141 |	loss: 1.920193 |	psnr_loss: 38.756710 |
[2024-07-03 22:09:57,517 | INFO | train_one_epoch] Train epoch 19: [7000/10000 (70.00%)] 	bpp_y_loss: 1.059976 |	bpp_z_loss: 0.005890 |	bpp_loss: 1.065866 |	mse_loss: 0.000145 |	loss: 1.946323 |	psnr_loss: 38.661800 |
[2024-07-03 22:14:16,802 | INFO | train_one_epoch] Train epoch 19: [8000/10000 (80.00%)] 	bpp_y_loss: 1.062545 |	bpp_z_loss: 0.005942 |	bpp_loss: 1.068486 |	mse_loss: 0.000142 |	loss: 1.926172 |	psnr_loss: 38.733643 |
[2024-07-03 22:18:25,436 | INFO | train_one_epoch] Train epoch 19: [9000/10000 (90.00%)] 	bpp_y_loss: 1.054521 |	bpp_z_loss: 0.005899 |	bpp_loss: 1.060420 |	mse_loss: 0.000140 |	loss: 1.911077 |	psnr_loss: 38.781654 |
[2024-07-03 22:22:36,383 | INFO | train_one_epoch] Train epoch 19: [10000/10000 (100.00%)] 	bpp_y_loss: 1.057632 |	bpp_z_loss: 0.005916 |	bpp_loss: 1.063547 |	mse_loss: 0.000143 |	loss: 1.928404 |	psnr_loss: 38.746452 |
[2024-07-03 22:22:38,780 | INFO | test_one_epoch] Testing results for epoch 20 | bpp_y_loss=1.40963 | bpp_z_loss=0.00549 | bpp_loss=1.41512 | mse_loss=0.00018 | loss=2.51779 | psnr_loss=37.62222
[2024-07-03 22:23:01,023 | INFO | train_one_epoch] Learning rate: 5e-05
[2024-07-03 22:23:01,920 | INFO | train_one_epoch] Train epoch 20: [0/10000 (0.00%)] 	bpp_y_loss: 0.772829 |	bpp_z_loss: 0.005575 |	bpp_loss: 0.778404 |	mse_loss: 0.000091 |	loss: 1.327851 |	psnr_loss: 40.425705 |
[2024-07-03 22:27:22,787 | INFO | train_one_epoch] Train epoch 20: [1000/10000 (10.00%)] 	bpp_y_loss: 1.062321 |	bpp_z_loss: 0.005929 |	bpp_loss: 1.068250 |	mse_loss: 0.000141 |	loss: 1.921132 |	psnr_loss: 38.759796 |
[2024-07-03 22:31:36,057 | INFO | train_one_epoch] Train epoch 20: [2000/10000 (20.00%)] 	bpp_y_loss: 1.056909 |	bpp_z_loss: 0.005931 |	bpp_loss: 1.062840 |	mse_loss: 0.000141 |	loss: 1.917714 |	psnr_loss: 38.754623 |
[2024-07-03 22:35:48,798 | INFO | train_one_epoch] Train epoch 20: [3000/10000 (30.00%)] 	bpp_y_loss: 1.068764 |	bpp_z_loss: 0.005945 |	bpp_loss: 1.074710 |	mse_loss: 0.000144 |	loss: 1.944613 |	psnr_loss: 38.675480 |
[2024-07-03 22:39:55,421 | INFO | train_one_epoch] Train epoch 20: [4000/10000 (40.00%)] 	bpp_y_loss: 1.073346 |	bpp_z_loss: 0.005920 |	bpp_loss: 1.079266 |	mse_loss: 0.000144 |	loss: 1.951072 |	psnr_loss: 38.690292 |
[2024-07-03 22:44:10,864 | INFO | train_one_epoch] Train epoch 20: [5000/10000 (50.00%)] 	bpp_y_loss: 1.079228 |	bpp_z_loss: 0.005944 |	bpp_loss: 1.085172 |	mse_loss: 0.000145 |	loss: 1.964638 |	psnr_loss: 38.642742 |
[2024-07-03 22:48:21,138 | INFO | train_one_epoch] Train epoch 20: [6000/10000 (60.00%)] 	bpp_y_loss: 1.069882 |	bpp_z_loss: 0.005925 |	bpp_loss: 1.075807 |	mse_loss: 0.000141 |	loss: 1.932406 |	psnr_loss: 38.729687 |
[2024-07-03 22:52:37,322 | INFO | train_one_epoch] Train epoch 20: [7000/10000 (70.00%)] 	bpp_y_loss: 1.075448 |	bpp_z_loss: 0.005935 |	bpp_loss: 1.081383 |	mse_loss: 0.000145 |	loss: 1.960473 |	psnr_loss: 38.661694 |
[2024-07-03 22:56:55,810 | INFO | train_one_epoch] Train epoch 20: [8000/10000 (80.00%)] 	bpp_y_loss: 1.075028 |	bpp_z_loss: 0.005940 |	bpp_loss: 1.080970 |	mse_loss: 0.000143 |	loss: 1.948473 |	psnr_loss: 38.700783 |
[2024-07-03 23:01:05,300 | INFO | train_one_epoch] Train epoch 20: [9000/10000 (90.00%)] 	bpp_y_loss: 1.063161 |	bpp_z_loss: 0.005933 |	bpp_loss: 1.069095 |	mse_loss: 0.000139 |	loss: 1.911882 |	psnr_loss: 38.794685 |
[2024-07-03 23:05:17,330 | INFO | train_one_epoch] Train epoch 20: [10000/10000 (100.00%)] 	bpp_y_loss: 1.070829 |	bpp_z_loss: 0.005933 |	bpp_loss: 1.076761 |	mse_loss: 0.000145 |	loss: 1.957225 |	psnr_loss: 38.660892 |
[2024-07-03 23:05:19,608 | INFO | test_one_epoch] Testing results for epoch 21 | bpp_y_loss=1.41324 | bpp_z_loss=0.00561 | bpp_loss=1.41885 | mse_loss=0.00018 | loss=2.50133 | psnr_loss=37.68588
[2024-07-03 23:05:37,950 | INFO | train_one_epoch] Learning rate: 5e-05
[2024-07-03 23:05:39,016 | INFO | train_one_epoch] Train epoch 21: [0/10000 (0.00%)] 	bpp_y_loss: 1.280658 |	bpp_z_loss: 0.006091 |	bpp_loss: 1.286749 |	mse_loss: 0.000157 |	loss: 2.236620 |	psnr_loss: 38.048317 |
[2024-07-03 23:09:45,830 | INFO | train_one_epoch] Train epoch 21: [1000/10000 (10.00%)] 	bpp_y_loss: 1.055143 |	bpp_z_loss: 0.005940 |	bpp_loss: 1.061083 |	mse_loss: 0.000140 |	loss: 1.911841 |	psnr_loss: 38.799759 |
[2024-07-03 23:13:50,987 | INFO | train_one_epoch] Train epoch 21: [2000/10000 (20.00%)] 	bpp_y_loss: 1.060696 |	bpp_z_loss: 0.005936 |	bpp_loss: 1.066633 |	mse_loss: 0.000143 |	loss: 1.931609 |	psnr_loss: 38.724514 |
[2024-07-03 23:18:00,639 | INFO | train_one_epoch] Train epoch 21: [3000/10000 (30.00%)] 	bpp_y_loss: 1.071209 |	bpp_z_loss: 0.005936 |	bpp_loss: 1.077144 |	mse_loss: 0.000144 |	loss: 1.948551 |	psnr_loss: 38.706043 |
[2024-07-03 23:22:08,302 | INFO | train_one_epoch] Train epoch 21: [4000/10000 (40.00%)] 	bpp_y_loss: 1.067622 |	bpp_z_loss: 0.005920 |	bpp_loss: 1.073542 |	mse_loss: 0.000143 |	loss: 1.939092 |	psnr_loss: 38.747341 |
[2024-07-03 23:26:18,814 | INFO | train_one_epoch] Train epoch 21: [5000/10000 (50.00%)] 	bpp_y_loss: 1.071253 |	bpp_z_loss: 0.005954 |	bpp_loss: 1.077208 |	mse_loss: 0.000141 |	loss: 1.932207 |	psnr_loss: 38.756779 |
[2024-07-03 23:30:25,021 | INFO | train_one_epoch] Train epoch 21: [6000/10000 (60.00%)] 	bpp_y_loss: 1.083462 |	bpp_z_loss: 0.005958 |	bpp_loss: 1.089419 |	mse_loss: 0.000143 |	loss: 1.955813 |	psnr_loss: 38.695545 |
[2024-07-03 23:34:27,533 | INFO | train_one_epoch] Train epoch 21: [7000/10000 (70.00%)] 	bpp_y_loss: 1.079239 |	bpp_z_loss: 0.005974 |	bpp_loss: 1.085214 |	mse_loss: 0.000141 |	loss: 1.937863 |	psnr_loss: 38.745491 |
[2024-07-03 23:38:28,559 | INFO | train_one_epoch] Train epoch 21: [8000/10000 (80.00%)] 	bpp_y_loss: 1.062929 |	bpp_z_loss: 0.005943 |	bpp_loss: 1.068872 |	mse_loss: 0.000141 |	loss: 1.922297 |	psnr_loss: 38.780979 |
[2024-07-03 23:42:35,341 | INFO | train_one_epoch] Train epoch 21: [9000/10000 (90.00%)] 	bpp_y_loss: 1.070894 |	bpp_z_loss: 0.005940 |	bpp_loss: 1.076835 |	mse_loss: 0.000141 |	loss: 1.933718 |	psnr_loss: 38.771694 |
[2024-07-03 23:46:43,187 | INFO | train_one_epoch] Train epoch 21: [10000/10000 (100.00%)] 	bpp_y_loss: 1.066208 |	bpp_z_loss: 0.005961 |	bpp_loss: 1.072168 |	mse_loss: 0.000144 |	loss: 1.942492 |	psnr_loss: 38.731533 |
[2024-07-03 23:46:45,218 | INFO | test_one_epoch] Testing results for epoch 22 | bpp_y_loss=1.41062 | bpp_z_loss=0.00559 | bpp_loss=1.41621 | mse_loss=0.00018 | loss=2.48483 | psnr_loss=37.73977
[2024-07-03 23:47:07,196 | INFO | train_one_epoch] Learning rate: 5e-05
[2024-07-03 23:47:07,926 | INFO | train_one_epoch] Train epoch 22: [0/10000 (0.00%)] 	bpp_y_loss: 1.415625 |	bpp_z_loss: 0.006357 |	bpp_loss: 1.421982 |	mse_loss: 0.000169 |	loss: 2.448749 |	psnr_loss: 37.710251 |
[2024-07-03 23:51:12,973 | INFO | train_one_epoch] Train epoch 22: [1000/10000 (10.00%)] 	bpp_y_loss: 1.052662 |	bpp_z_loss: 0.005946 |	bpp_loss: 1.058608 |	mse_loss: 0.000135 |	loss: 1.878229 |	psnr_loss: 38.914829 |
[2024-07-03 23:55:16,151 | INFO | train_one_epoch] Train epoch 22: [2000/10000 (20.00%)] 	bpp_y_loss: 1.073786 |	bpp_z_loss: 0.005961 |	bpp_loss: 1.079746 |	mse_loss: 0.000139 |	loss: 1.924765 |	psnr_loss: 38.791725 |
[2024-07-03 23:59:18,605 | INFO | train_one_epoch] Train epoch 22: [3000/10000 (30.00%)] 	bpp_y_loss: 1.061491 |	bpp_z_loss: 0.005957 |	bpp_loss: 1.067448 |	mse_loss: 0.000139 |	loss: 1.910693 |	psnr_loss: 38.828712 |
[2024-07-04 00:03:23,519 | INFO | train_one_epoch] Train epoch 22: [4000/10000 (40.00%)] 	bpp_y_loss: 1.070961 |	bpp_z_loss: 0.005973 |	bpp_loss: 1.076934 |	mse_loss: 0.000138 |	loss: 1.915839 |	psnr_loss: 38.813843 |
[2024-07-04 00:07:15,728 | INFO | train_one_epoch] Train epoch 22: [5000/10000 (50.00%)] 	bpp_y_loss: 1.079304 |	bpp_z_loss: 0.005971 |	bpp_loss: 1.085276 |	mse_loss: 0.000143 |	loss: 1.949422 |	psnr_loss: 38.732296 |
[2024-07-04 00:11:13,103 | INFO | train_one_epoch] Train epoch 22: [6000/10000 (60.00%)] 	bpp_y_loss: 1.063411 |	bpp_z_loss: 0.005952 |	bpp_loss: 1.069364 |	mse_loss: 0.000139 |	loss: 1.912104 |	psnr_loss: 38.815243 |
[2024-07-04 00:15:16,298 | INFO | train_one_epoch] Train epoch 22: [7000/10000 (70.00%)] 	bpp_y_loss: 1.068002 |	bpp_z_loss: 0.005959 |	bpp_loss: 1.073959 |	mse_loss: 0.000140 |	loss: 1.921897 |	psnr_loss: 38.797134 |
[2024-07-04 00:19:33,543 | INFO | train_one_epoch] Train epoch 22: [8000/10000 (80.00%)] 	bpp_y_loss: 1.060784 |	bpp_z_loss: 0.005952 |	bpp_loss: 1.066736 |	mse_loss: 0.000138 |	loss: 1.902774 |	psnr_loss: 38.857391 |
[2024-07-04 00:23:46,751 | INFO | train_one_epoch] Train epoch 22: [9000/10000 (90.00%)] 	bpp_y_loss: 1.066034 |	bpp_z_loss: 0.005963 |	bpp_loss: 1.071997 |	mse_loss: 0.000138 |	loss: 1.906515 |	psnr_loss: 38.838238 |
[2024-07-04 00:27:59,671 | INFO | train_one_epoch] Train epoch 22: [10000/10000 (100.00%)] 	bpp_y_loss: 1.055468 |	bpp_z_loss: 0.005945 |	bpp_loss: 1.061411 |	mse_loss: 0.000137 |	loss: 1.890591 |	psnr_loss: 38.890987 |
[2024-07-04 00:28:02,020 | INFO | test_one_epoch] Testing results for epoch 23 | bpp_y_loss=1.40701 | bpp_z_loss=0.00564 | bpp_loss=1.41264 | mse_loss=0.00018 | loss=2.52042 | psnr_loss=37.60250
[2024-07-04 00:28:16,114 | INFO | train_one_epoch] Learning rate: 5e-05
[2024-07-04 00:28:17,029 | INFO | train_one_epoch] Train epoch 23: [0/10000 (0.00%)] 	bpp_y_loss: 0.723043 |	bpp_z_loss: 0.005358 |	bpp_loss: 0.728401 |	mse_loss: 0.000075 |	loss: 1.180843 |	psnr_loss: 41.269337 |
[2024-07-04 00:32:28,155 | INFO | train_one_epoch] Train epoch 23: [1000/10000 (10.00%)] 	bpp_y_loss: 1.074482 |	bpp_z_loss: 0.005963 |	bpp_loss: 1.080446 |	mse_loss: 0.000139 |	loss: 1.925624 |	psnr_loss: 38.855358 |
[2024-07-04 00:36:27,280 | INFO | train_one_epoch] Train epoch 23: [2000/10000 (20.00%)] 	bpp_y_loss: 1.065947 |	bpp_z_loss: 0.005951 |	bpp_loss: 1.071897 |	mse_loss: 0.000135 |	loss: 1.889620 |	psnr_loss: 38.903400 |
[2024-07-04 00:40:32,349 | INFO | train_one_epoch] Train epoch 23: [3000/10000 (30.00%)] 	bpp_y_loss: 1.059221 |	bpp_z_loss: 0.005969 |	bpp_loss: 1.065190 |	mse_loss: 0.000140 |	loss: 1.910664 |	psnr_loss: 38.841919 |
[2024-07-04 00:44:42,639 | INFO | train_one_epoch] Train epoch 23: [4000/10000 (40.00%)] 	bpp_y_loss: 1.065607 |	bpp_z_loss: 0.005962 |	bpp_loss: 1.071569 |	mse_loss: 0.000138 |	loss: 1.909644 |	psnr_loss: 38.856026 |
[2024-07-04 00:48:55,307 | INFO | train_one_epoch] Train epoch 23: [5000/10000 (50.00%)] 	bpp_y_loss: 1.064191 |	bpp_z_loss: 0.005991 |	bpp_loss: 1.070182 |	mse_loss: 0.000140 |	loss: 1.915978 |	psnr_loss: 38.815475 |
[2024-07-04 00:53:08,574 | INFO | train_one_epoch] Train epoch 23: [6000/10000 (60.00%)] 	bpp_y_loss: 1.069745 |	bpp_z_loss: 0.005979 |	bpp_loss: 1.075724 |	mse_loss: 0.000137 |	loss: 1.907666 |	psnr_loss: 38.872509 |
[2024-07-04 00:57:21,995 | INFO | train_one_epoch] Train epoch 23: [7000/10000 (70.00%)] 	bpp_y_loss: 1.056343 |	bpp_z_loss: 0.005974 |	bpp_loss: 1.062318 |	mse_loss: 0.000136 |	loss: 1.884008 |	psnr_loss: 38.922058 |
[2024-07-04 01:01:28,545 | INFO | train_one_epoch] Train epoch 23: [8000/10000 (80.00%)] 	bpp_y_loss: 1.065155 |	bpp_z_loss: 0.005973 |	bpp_loss: 1.071128 |	mse_loss: 0.000137 |	loss: 1.900256 |	psnr_loss: 38.871334 |
[2024-07-04 01:05:31,183 | INFO | train_one_epoch] Train epoch 23: [9000/10000 (90.00%)] 	bpp_y_loss: 1.072448 |	bpp_z_loss: 0.005985 |	bpp_loss: 1.078433 |	mse_loss: 0.000136 |	loss: 1.903112 |	psnr_loss: 38.877316 |
[2024-07-04 01:09:38,411 | INFO | train_one_epoch] Train epoch 23: [10000/10000 (100.00%)] 	bpp_y_loss: 1.077311 |	bpp_z_loss: 0.005977 |	bpp_loss: 1.083289 |	mse_loss: 0.000139 |	loss: 1.923586 |	psnr_loss: 38.834900 |
[2024-07-04 01:09:40,501 | INFO | test_one_epoch] Testing results for epoch 24 | bpp_y_loss=1.40410 | bpp_z_loss=0.00573 | bpp_loss=1.40983 | mse_loss=0.00018 | loss=2.47548 | psnr_loss=37.72941
[2024-07-04 01:10:00,203 | INFO | train_one_epoch] Learning rate: 5e-05
[2024-07-04 01:10:01,034 | INFO | train_one_epoch] Train epoch 24: [0/10000 (0.00%)] 	bpp_y_loss: 1.025598 |	bpp_z_loss: 0.005330 |	bpp_loss: 1.030928 |	mse_loss: 0.000123 |	loss: 1.778425 |	psnr_loss: 39.088875 |
[2024-07-04 01:14:05,214 | INFO | train_one_epoch] Train epoch 24: [1000/10000 (10.00%)] 	bpp_y_loss: 1.055580 |	bpp_z_loss: 0.005966 |	bpp_loss: 1.061547 |	mse_loss: 0.000136 |	loss: 1.882872 |	psnr_loss: 38.935261 |
[2024-07-04 01:18:04,562 | INFO | train_one_epoch] Train epoch 24: [2000/10000 (20.00%)] 	bpp_y_loss: 1.071457 |	bpp_z_loss: 0.005978 |	bpp_loss: 1.077433 |	mse_loss: 0.000139 |	loss: 1.916930 |	psnr_loss: 38.838253 |
[2024-07-04 01:22:11,596 | INFO | train_one_epoch] Train epoch 24: [3000/10000 (30.00%)] 	bpp_y_loss: 1.082188 |	bpp_z_loss: 0.005995 |	bpp_loss: 1.088182 |	mse_loss: 0.000138 |	loss: 1.925200 |	psnr_loss: 38.852486 |
[2024-07-04 01:26:17,178 | INFO | train_one_epoch] Train epoch 24: [4000/10000 (40.00%)] 	bpp_y_loss: 1.057886 |	bpp_z_loss: 0.005983 |	bpp_loss: 1.063869 |	mse_loss: 0.000134 |	loss: 1.876238 |	psnr_loss: 38.937485 |
[2024-07-04 01:30:22,659 | INFO | train_one_epoch] Train epoch 24: [5000/10000 (50.00%)] 	bpp_y_loss: 1.059458 |	bpp_z_loss: 0.005975 |	bpp_loss: 1.065433 |	mse_loss: 0.000135 |	loss: 1.885274 |	psnr_loss: 38.937798 |
[2024-07-04 01:34:37,027 | INFO | train_one_epoch] Train epoch 24: [6000/10000 (60.00%)] 	bpp_y_loss: 1.066700 |	bpp_z_loss: 0.005964 |	bpp_loss: 1.072664 |	mse_loss: 0.000138 |	loss: 1.907861 |	psnr_loss: 38.890240 |
[2024-07-04 01:38:44,087 | INFO | train_one_epoch] Train epoch 24: [7000/10000 (70.00%)] 	bpp_y_loss: 1.065154 |	bpp_z_loss: 0.005958 |	bpp_loss: 1.071115 |	mse_loss: 0.000136 |	loss: 1.895183 |	psnr_loss: 38.922535 |
[2024-07-04 01:42:56,802 | INFO | train_one_epoch] Train epoch 24: [8000/10000 (80.00%)] 	bpp_y_loss: 1.050997 |	bpp_z_loss: 0.005987 |	bpp_loss: 1.056985 |	mse_loss: 0.000134 |	loss: 1.867500 |	psnr_loss: 38.978176 |
[2024-07-04 01:47:08,976 | INFO | train_one_epoch] Train epoch 24: [9000/10000 (90.00%)] 	bpp_y_loss: 1.061718 |	bpp_z_loss: 0.005990 |	bpp_loss: 1.067708 |	mse_loss: 0.000136 |	loss: 1.892103 |	psnr_loss: 38.928757 |
[2024-07-04 01:51:23,051 | INFO | train_one_epoch] Train epoch 24: [10000/10000 (100.00%)] 	bpp_y_loss: 1.064065 |	bpp_z_loss: 0.005987 |	bpp_loss: 1.070051 |	mse_loss: 0.000133 |	loss: 1.876740 |	psnr_loss: 38.976501 |
[2024-07-04 01:51:25,339 | INFO | test_one_epoch] Testing results for epoch 25 | bpp_y_loss=1.40505 | bpp_z_loss=0.00568 | bpp_loss=1.41072 | mse_loss=0.00017 | loss=2.41092 | psnr_loss=38.02502
[2024-07-04 01:51:39,252 | INFO | train_one_epoch] Learning rate: 5e-05
[2024-07-04 01:51:40,134 | INFO | train_one_epoch] Train epoch 25: [0/10000 (0.00%)] 	bpp_y_loss: 0.900434 |	bpp_z_loss: 0.005277 |	bpp_loss: 0.905710 |	mse_loss: 0.000115 |	loss: 1.599743 |	psnr_loss: 39.411163 |
[2024-07-04 01:55:54,976 | INFO | train_one_epoch] Train epoch 25: [1000/10000 (10.00%)] 	bpp_y_loss: 1.077197 |	bpp_z_loss: 0.005980 |	bpp_loss: 1.083178 |	mse_loss: 0.000137 |	loss: 1.914382 |	psnr_loss: 38.878277 |
[2024-07-04 02:00:05,525 | INFO | train_one_epoch] Train epoch 25: [2000/10000 (20.00%)] 	bpp_y_loss: 1.075521 |	bpp_z_loss: 0.005990 |	bpp_loss: 1.081511 |	mse_loss: 0.000134 |	loss: 1.893489 |	psnr_loss: 38.949413 |
[2024-07-04 02:04:27,620 | INFO | train_one_epoch] Train epoch 25: [3000/10000 (30.00%)] 	bpp_y_loss: 1.061968 |	bpp_z_loss: 0.005984 |	bpp_loss: 1.067953 |	mse_loss: 0.000137 |	loss: 1.898601 |	psnr_loss: 38.889523 |
[2024-07-04 02:08:42,978 | INFO | train_one_epoch] Train epoch 25: [4000/10000 (40.00%)] 	bpp_y_loss: 1.052058 |	bpp_z_loss: 0.005982 |	bpp_loss: 1.058041 |	mse_loss: 0.000134 |	loss: 1.869481 |	psnr_loss: 38.957111 |
[2024-07-04 02:12:52,455 | INFO | train_one_epoch] Train epoch 25: [5000/10000 (50.00%)] 	bpp_y_loss: 1.061868 |	bpp_z_loss: 0.006012 |	bpp_loss: 1.067879 |	mse_loss: 0.000133 |	loss: 1.874109 |	psnr_loss: 38.976154 |
[2024-07-04 02:17:04,877 | INFO | train_one_epoch] Train epoch 25: [6000/10000 (60.00%)] 	bpp_y_loss: 1.067042 |	bpp_z_loss: 0.006012 |	bpp_loss: 1.073054 |	mse_loss: 0.000136 |	loss: 1.896387 |	psnr_loss: 38.932510 |
[2024-07-04 02:21:08,171 | INFO | train_one_epoch] Train epoch 25: [7000/10000 (70.00%)] 	bpp_y_loss: 1.052630 |	bpp_z_loss: 0.005981 |	bpp_loss: 1.058610 |	mse_loss: 0.000135 |	loss: 1.877100 |	psnr_loss: 38.960575 |
[2024-07-04 02:25:07,771 | INFO | train_one_epoch] Train epoch 25: [8000/10000 (80.00%)] 	bpp_y_loss: 1.060702 |	bpp_z_loss: 0.005984 |	bpp_loss: 1.066686 |	mse_loss: 0.000134 |	loss: 1.879638 |	psnr_loss: 38.947163 |
[2024-07-04 02:29:05,612 | INFO | train_one_epoch] Train epoch 25: [9000/10000 (90.00%)] 	bpp_y_loss: 1.061908 |	bpp_z_loss: 0.005985 |	bpp_loss: 1.067894 |	mse_loss: 0.000133 |	loss: 1.873836 |	psnr_loss: 38.990456 |
[2024-07-04 02:33:10,139 | INFO | train_one_epoch] Train epoch 25: [10000/10000 (100.00%)] 	bpp_y_loss: 1.077967 |	bpp_z_loss: 0.006026 |	bpp_loss: 1.083992 |	mse_loss: 0.000134 |	loss: 1.897668 |	psnr_loss: 38.909504 |
[2024-07-04 02:33:12,286 | INFO | test_one_epoch] Testing results for epoch 26 | bpp_y_loss=1.40579 | bpp_z_loss=0.00566 | bpp_loss=1.41146 | mse_loss=0.00017 | loss=2.41811 | psnr_loss=37.98517
[2024-07-04 02:33:22,856 | INFO | train_one_epoch] Learning rate: 5e-05
[2024-07-04 02:33:23,759 | INFO | train_one_epoch] Train epoch 26: [0/10000 (0.00%)] 	bpp_y_loss: 1.001892 |	bpp_z_loss: 0.005663 |	bpp_loss: 1.007555 |	mse_loss: 0.000145 |	loss: 1.887114 |	psnr_loss: 38.382317 |
[2024-07-04 02:37:36,326 | INFO | train_one_epoch] Train epoch 26: [1000/10000 (10.00%)] 	bpp_y_loss: 1.063748 |	bpp_z_loss: 0.005975 |	bpp_loss: 1.069723 |	mse_loss: 0.000133 |	loss: 1.877346 |	psnr_loss: 38.996078 |
[2024-07-04 02:41:46,918 | INFO | train_one_epoch] Train epoch 26: [2000/10000 (20.00%)] 	bpp_y_loss: 1.061326 |	bpp_z_loss: 0.005989 |	bpp_loss: 1.067316 |	mse_loss: 0.000132 |	loss: 1.870205 |	psnr_loss: 39.001625 |
[2024-07-04 02:46:00,556 | INFO | train_one_epoch] Train epoch 26: [3000/10000 (30.00%)] 	bpp_y_loss: 1.069831 |	bpp_z_loss: 0.005998 |	bpp_loss: 1.075830 |	mse_loss: 0.000135 |	loss: 1.896879 |	psnr_loss: 38.914963 |
[2024-07-04 02:50:15,078 | INFO | train_one_epoch] Train epoch 26: [4000/10000 (40.00%)] 	bpp_y_loss: 1.054980 |	bpp_z_loss: 0.005966 |	bpp_loss: 1.060946 |	mse_loss: 0.000132 |	loss: 1.860428 |	psnr_loss: 39.039249 |
