[2024-01-17 08:40:53,533 | INFO | <module>] Args: Namespace(model='bmshj2018_hyperprior', lmbda=0.0018, dataset='vimeo90k', epochs=100, steps_per_epoch=10000, type='mse', steps=1000, adv_steps=10, adv_optimizer='SGD', adv_lr=1000.0, adv_epsilon=0.01, batch_size=8, learning_rate=1e-05, save=True, seed=19260817, clip_max_norm=1.0, checkpoint=None, continue_train=False)
[2024-01-17 08:40:53,533 | INFO | <module>] Lmbda=0.001800000000
[2024-01-17 08:40:53,533 | INFO | <module>] Load weights from /backup1/xyhang/GradAttack/experiments/adversarial-train/baseline/bmshj2018_hyperprior-vimeo90k-0.0018-100x10000/last_epoch.pth.tar
[2024-01-17 08:40:56,357 | INFO | test_one_epoch] Testing results for epoch 0 | bpp_y_loss=0.11342 | bpp_z_loss=0.00583 | bpp_loss=0.11925 | mse_loss=0.00236 | loss=0.39501 | psnr_loss=26.93901
[2024-01-17 08:41:00,220 | INFO | train_one_epoch] Learning rate: 1e-05
[2024-01-17 08:41:01,410 | INFO | train_one_epoch] Train epoch 0: [0/100 (0.00%)] 	bpp_y_loss: 0.211240 |	bpp_z_loss: 0.005539 |	bpp_loss: 0.216779 |	mse_loss: 0.001158 |	loss: 0.352265 |	psnr_loss: 29.364584 |
[2024-01-17 08:41:04,928 | INFO | train_one_epoch] Train epoch 0: [10/100 (10.00%)] 	bpp_y_loss: 0.205154 |	bpp_z_loss: 0.005389 |	bpp_loss: 0.210543 |	mse_loss: 0.001039 |	loss: 0.332187 |	psnr_loss: 29.948746 |
[2024-01-17 08:41:08,376 | INFO | train_one_epoch] Train epoch 0: [20/100 (20.00%)] 	bpp_y_loss: 0.221429 |	bpp_z_loss: 0.005634 |	bpp_loss: 0.227063 |	mse_loss: 0.001412 |	loss: 0.392313 |	psnr_loss: 28.655792 |
[2024-01-17 08:41:17,050 | INFO | train_one_epoch] Train epoch 0: [30/100 (30.00%)] 	bpp_y_loss: 0.217787 |	bpp_z_loss: 0.005505 |	bpp_loss: 0.223292 |	mse_loss: 0.001368 |	loss: 0.383450 |	psnr_loss: 28.732925 |
[2024-01-17 08:41:20,391 | INFO | train_one_epoch] Train epoch 0: [40/100 (40.00%)] 	bpp_y_loss: 0.208526 |	bpp_z_loss: 0.005402 |	bpp_loss: 0.213928 |	mse_loss: 0.001125 |	loss: 0.345586 |	psnr_loss: 29.668104 |
[2024-01-17 08:41:23,806 | INFO | train_one_epoch] Train epoch 0: [50/100 (50.00%)] 	bpp_y_loss: 0.206389 |	bpp_z_loss: 0.005388 |	bpp_loss: 0.211777 |	mse_loss: 0.001145 |	loss: 0.345772 |	psnr_loss: 29.590387 |
[2024-01-17 08:41:27,237 | INFO | train_one_epoch] Train epoch 0: [60/100 (60.00%)] 	bpp_y_loss: 0.218543 |	bpp_z_loss: 0.005609 |	bpp_loss: 0.224152 |	mse_loss: 0.001277 |	loss: 0.373621 |	psnr_loss: 29.023661 |
[2024-01-17 08:41:30,636 | INFO | train_one_epoch] Train epoch 0: [70/100 (70.00%)] 	bpp_y_loss: 0.215558 |	bpp_z_loss: 0.005495 |	bpp_loss: 0.221053 |	mse_loss: 0.001199 |	loss: 0.361443 |	psnr_loss: 29.363150 |
[2024-01-17 08:41:34,034 | INFO | train_one_epoch] Train epoch 0: [80/100 (80.00%)] 	bpp_y_loss: 0.212614 |	bpp_z_loss: 0.005516 |	bpp_loss: 0.218130 |	mse_loss: 0.001227 |	loss: 0.361753 |	psnr_loss: 29.244749 |
[2024-01-17 08:41:37,425 | INFO | train_one_epoch] Train epoch 0: [90/100 (90.00%)] 	bpp_y_loss: 0.212049 |	bpp_z_loss: 0.005513 |	bpp_loss: 0.217563 |	mse_loss: 0.001219 |	loss: 0.360294 |	psnr_loss: 29.240309 |
[2024-01-17 08:41:40,803 | INFO | train_one_epoch] Train epoch 0: [100/100 (100.00%)] 	bpp_y_loss: 0.209341 |	bpp_z_loss: 0.005400 |	bpp_loss: 0.214742 |	mse_loss: 0.001177 |	loss: 0.352447 |	psnr_loss: 29.394659 |
[2024-01-17 08:41:41,734 | INFO | test_one_epoch] Testing results for epoch 1 | bpp_y_loss=0.11215 | bpp_z_loss=0.00583 | bpp_loss=0.11798 | mse_loss=0.00236 | loss=0.39413 | psnr_loss=26.93113
[2024-01-17 08:41:41,737 | INFO | train_one_epoch] Learning rate: 1e-05
[2024-01-17 08:41:42,595 | INFO | train_one_epoch] Train epoch 1: [0/100 (0.00%)] 	bpp_y_loss: 0.224346 |	bpp_z_loss: 0.005571 |	bpp_loss: 0.229917 |	mse_loss: 0.001334 |	loss: 0.386047 |	psnr_loss: 28.748657 |
[2024-01-17 08:41:45,954 | INFO | train_one_epoch] Train epoch 1: [10/100 (10.00%)] 	bpp_y_loss: 0.208511 |	bpp_z_loss: 0.005401 |	bpp_loss: 0.213912 |	mse_loss: 0.001164 |	loss: 0.350158 |	psnr_loss: 29.506544 |
[2024-01-17 08:41:49,359 | INFO | train_one_epoch] Train epoch 1: [20/100 (20.00%)] 	bpp_y_loss: 0.210166 |	bpp_z_loss: 0.005397 |	bpp_loss: 0.215563 |	mse_loss: 0.001216 |	loss: 0.357853 |	psnr_loss: 29.340063 |
[2024-01-17 08:41:52,736 | INFO | train_one_epoch] Train epoch 1: [30/100 (30.00%)] 	bpp_y_loss: 0.212592 |	bpp_z_loss: 0.005561 |	bpp_loss: 0.218153 |	mse_loss: 0.001245 |	loss: 0.363892 |	psnr_loss: 29.091642 |
[2024-01-17 08:41:56,111 | INFO | train_one_epoch] Train epoch 1: [40/100 (40.00%)] 	bpp_y_loss: 0.208557 |	bpp_z_loss: 0.005331 |	bpp_loss: 0.213888 |	mse_loss: 0.001142 |	loss: 0.347587 |	psnr_loss: 29.661329 |
[2024-01-17 08:41:59,526 | INFO | train_one_epoch] Train epoch 1: [50/100 (50.00%)] 	bpp_y_loss: 0.210924 |	bpp_z_loss: 0.005415 |	bpp_loss: 0.216339 |	mse_loss: 0.001210 |	loss: 0.357942 |	psnr_loss: 29.259268 |
[2024-01-17 08:42:02,783 | INFO | train_one_epoch] Train epoch 1: [60/100 (60.00%)] 	bpp_y_loss: 0.214715 |	bpp_z_loss: 0.005456 |	bpp_loss: 0.220171 |	mse_loss: 0.001260 |	loss: 0.367610 |	psnr_loss: 29.130665 |
[2024-01-17 08:42:06,149 | INFO | train_one_epoch] Train epoch 1: [70/100 (70.00%)] 	bpp_y_loss: 0.212676 |	bpp_z_loss: 0.005496 |	bpp_loss: 0.218172 |	mse_loss: 0.001214 |	loss: 0.360320 |	psnr_loss: 29.378256 |
[2024-01-17 08:42:09,493 | INFO | train_one_epoch] Train epoch 1: [80/100 (80.00%)] 	bpp_y_loss: 0.215933 |	bpp_z_loss: 0.005546 |	bpp_loss: 0.221479 |	mse_loss: 0.001315 |	loss: 0.375440 |	psnr_loss: 28.991785 |
[2024-01-17 08:42:12,903 | INFO | train_one_epoch] Train epoch 1: [90/100 (90.00%)] 	bpp_y_loss: 0.208067 |	bpp_z_loss: 0.005451 |	bpp_loss: 0.213518 |	mse_loss: 0.001088 |	loss: 0.340867 |	psnr_loss: 29.809027 |
[2024-01-17 08:42:16,260 | INFO | train_one_epoch] Train epoch 1: [100/100 (100.00%)] 	bpp_y_loss: 0.214254 |	bpp_z_loss: 0.005471 |	bpp_loss: 0.219725 |	mse_loss: 0.001242 |	loss: 0.365131 |	psnr_loss: 29.188757 |
[2024-01-17 08:42:17,161 | INFO | test_one_epoch] Testing results for epoch 2 | bpp_y_loss=0.11260 | bpp_z_loss=0.00585 | bpp_loss=0.11845 | mse_loss=0.00235 | loss=0.39393 | psnr_loss=26.94278
[2024-01-17 08:42:17,163 | INFO | train_one_epoch] Learning rate: 1e-05
[2024-01-17 08:42:18,024 | INFO | train_one_epoch] Train epoch 2: [0/100 (0.00%)] 	bpp_y_loss: 0.192121 |	bpp_z_loss: 0.005110 |	bpp_loss: 0.197231 |	mse_loss: 0.000850 |	loss: 0.296719 |	psnr_loss: 30.705830 |
[2024-01-17 08:42:21,396 | INFO | train_one_epoch] Train epoch 2: [10/100 (10.00%)] 	bpp_y_loss: 0.209707 |	bpp_z_loss: 0.005429 |	bpp_loss: 0.215136 |	mse_loss: 0.001173 |	loss: 0.352479 |	psnr_loss: 29.469273 |
[2024-01-17 08:42:24,800 | INFO | train_one_epoch] Train epoch 2: [20/100 (20.00%)] 	bpp_y_loss: 0.204273 |	bpp_z_loss: 0.005390 |	bpp_loss: 0.209663 |	mse_loss: 0.001042 |	loss: 0.331644 |	psnr_loss: 30.029718 |
[2024-01-17 08:42:28,172 | INFO | train_one_epoch] Train epoch 2: [30/100 (30.00%)] 	bpp_y_loss: 0.211943 |	bpp_z_loss: 0.005443 |	bpp_loss: 0.217386 |	mse_loss: 0.001123 |	loss: 0.348800 |	psnr_loss: 29.598957 |
[2024-01-17 08:42:31,563 | INFO | train_one_epoch] Train epoch 2: [40/100 (40.00%)] 	bpp_y_loss: 0.207223 |	bpp_z_loss: 0.005311 |	bpp_loss: 0.212534 |	mse_loss: 0.001108 |	loss: 0.342174 |	psnr_loss: 29.671583 |
[2024-01-17 08:42:34,970 | INFO | train_one_epoch] Train epoch 2: [50/100 (50.00%)] 	bpp_y_loss: 0.210317 |	bpp_z_loss: 0.005519 |	bpp_loss: 0.215836 |	mse_loss: 0.001224 |	loss: 0.359049 |	psnr_loss: 29.192890 |
[2024-01-17 08:42:38,332 | INFO | train_one_epoch] Train epoch 2: [60/100 (60.00%)] 	bpp_y_loss: 0.213601 |	bpp_z_loss: 0.005356 |	bpp_loss: 0.218957 |	mse_loss: 0.001241 |	loss: 0.364237 |	psnr_loss: 29.132740 |
[2024-01-17 08:42:41,678 | INFO | train_one_epoch] Train epoch 2: [70/100 (70.00%)] 	bpp_y_loss: 0.209047 |	bpp_z_loss: 0.005376 |	bpp_loss: 0.214422 |	mse_loss: 0.001170 |	loss: 0.351394 |	psnr_loss: 29.392120 |
[2024-01-17 08:42:45,105 | INFO | train_one_epoch] Train epoch 2: [80/100 (80.00%)] 	bpp_y_loss: 0.203974 |	bpp_z_loss: 0.005328 |	bpp_loss: 0.209303 |	mse_loss: 0.001061 |	loss: 0.333492 |	psnr_loss: 29.844757 |
[2024-01-17 08:42:48,536 | INFO | train_one_epoch] Train epoch 2: [90/100 (90.00%)] 	bpp_y_loss: 0.214746 |	bpp_z_loss: 0.005480 |	bpp_loss: 0.220227 |	mse_loss: 0.001166 |	loss: 0.356701 |	psnr_loss: 29.425093 |
[2024-01-17 08:42:51,912 | INFO | train_one_epoch] Train epoch 2: [100/100 (100.00%)] 	bpp_y_loss: 0.212302 |	bpp_z_loss: 0.005503 |	bpp_loss: 0.217805 |	mse_loss: 0.001247 |	loss: 0.363792 |	psnr_loss: 29.144825 |
[2024-01-17 08:42:52,826 | INFO | test_one_epoch] Testing results for epoch 3 | bpp_y_loss=0.11254 | bpp_z_loss=0.00586 | bpp_loss=0.11840 | mse_loss=0.00235 | loss=0.39373 | psnr_loss=26.94390
[2024-01-17 08:42:52,828 | INFO | train_one_epoch] Learning rate: 1e-05
[2024-01-17 08:42:53,745 | INFO | train_one_epoch] Train epoch 3: [0/100 (0.00%)] 	bpp_y_loss: 0.254615 |	bpp_z_loss: 0.005893 |	bpp_loss: 0.260507 |	mse_loss: 0.001959 |	loss: 0.489808 |	psnr_loss: 27.079470 |
[2024-01-17 08:42:57,120 | INFO | train_one_epoch] Train epoch 3: [10/100 (10.00%)] 	bpp_y_loss: 0.210858 |	bpp_z_loss: 0.005387 |	bpp_loss: 0.216244 |	mse_loss: 0.001180 |	loss: 0.354411 |	psnr_loss: 29.341871 |
[2024-01-17 08:43:00,537 | INFO | train_one_epoch] Train epoch 3: [20/100 (20.00%)] 	bpp_y_loss: 0.216192 |	bpp_z_loss: 0.005486 |	bpp_loss: 0.221679 |	mse_loss: 0.001280 |	loss: 0.371457 |	psnr_loss: 29.105173 |
[2024-01-17 08:43:03,944 | INFO | train_one_epoch] Train epoch 3: [30/100 (30.00%)] 	bpp_y_loss: 0.210665 |	bpp_z_loss: 0.005497 |	bpp_loss: 0.216162 |	mse_loss: 0.001179 |	loss: 0.354191 |	psnr_loss: 29.341858 |
[2024-01-17 08:43:07,329 | INFO | train_one_epoch] Train epoch 3: [40/100 (40.00%)] 	bpp_y_loss: 0.213880 |	bpp_z_loss: 0.005482 |	bpp_loss: 0.219362 |	mse_loss: 0.001231 |	loss: 0.363473 |	psnr_loss: 29.235123 |
[2024-01-17 08:43:10,705 | INFO | train_one_epoch] Train epoch 3: [50/100 (50.00%)] 	bpp_y_loss: 0.211963 |	bpp_z_loss: 0.005486 |	bpp_loss: 0.217449 |	mse_loss: 0.001200 |	loss: 0.357924 |	psnr_loss: 29.331177 |
[2024-01-17 08:43:14,072 | INFO | train_one_epoch] Train epoch 3: [60/100 (60.00%)] 	bpp_y_loss: 0.205520 |	bpp_z_loss: 0.005453 |	bpp_loss: 0.210973 |	mse_loss: 0.001153 |	loss: 0.345973 |	psnr_loss: 29.422947 |
[2024-01-17 08:43:17,432 | INFO | train_one_epoch] Train epoch 3: [70/100 (70.00%)] 	bpp_y_loss: 0.201443 |	bpp_z_loss: 0.005318 |	bpp_loss: 0.206761 |	mse_loss: 0.001006 |	loss: 0.324514 |	psnr_loss: 30.088877 |
[2024-01-17 08:43:20,825 | INFO | train_one_epoch] Train epoch 3: [80/100 (80.00%)] 	bpp_y_loss: 0.213562 |	bpp_z_loss: 0.005528 |	bpp_loss: 0.219090 |	mse_loss: 0.001269 |	loss: 0.367575 |	psnr_loss: 29.105219 |
[2024-01-17 08:43:24,181 | INFO | train_one_epoch] Train epoch 3: [90/100 (90.00%)] 	bpp_y_loss: 0.211096 |	bpp_z_loss: 0.005454 |	bpp_loss: 0.216550 |	mse_loss: 0.001207 |	loss: 0.357785 |	psnr_loss: 29.380445 |
[2024-01-17 08:43:27,548 | INFO | train_one_epoch] Train epoch 3: [100/100 (100.00%)] 	bpp_y_loss: 0.204516 |	bpp_z_loss: 0.005420 |	bpp_loss: 0.209936 |	mse_loss: 0.001033 |	loss: 0.330823 |	psnr_loss: 29.946995 |
[2024-01-17 08:43:28,439 | INFO | test_one_epoch] Testing results for epoch 4 | bpp_y_loss=0.11206 | bpp_z_loss=0.00578 | bpp_loss=0.11784 | mse_loss=0.00236 | loss=0.39433 | psnr_loss=26.92158
[2024-01-17 08:43:28,441 | INFO | train_one_epoch] Learning rate: 1e-05
[2024-01-17 08:43:29,319 | INFO | train_one_epoch] Train epoch 4: [0/100 (0.00%)] 	bpp_y_loss: 0.193133 |	bpp_z_loss: 0.005026 |	bpp_loss: 0.198159 |	mse_loss: 0.000918 |	loss: 0.305609 |	psnr_loss: 30.371487 |
[2024-01-17 08:43:32,746 | INFO | train_one_epoch] Train epoch 4: [10/100 (10.00%)] 	bpp_y_loss: 0.211743 |	bpp_z_loss: 0.005518 |	bpp_loss: 0.217261 |	mse_loss: 0.001249 |	loss: 0.363438 |	psnr_loss: 29.139402 |
[2024-01-17 08:43:36,120 | INFO | train_one_epoch] Train epoch 4: [20/100 (20.00%)] 	bpp_y_loss: 0.216171 |	bpp_z_loss: 0.005448 |	bpp_loss: 0.221619 |	mse_loss: 0.001240 |	loss: 0.366752 |	psnr_loss: 29.101194 |
[2024-01-17 08:43:39,429 | INFO | train_one_epoch] Train epoch 4: [30/100 (30.00%)] 	bpp_y_loss: 0.211451 |	bpp_z_loss: 0.005426 |	bpp_loss: 0.216877 |	mse_loss: 0.001183 |	loss: 0.355290 |	psnr_loss: 29.358862 |
[2024-01-17 08:43:42,830 | INFO | train_one_epoch] Train epoch 4: [40/100 (40.00%)] 	bpp_y_loss: 0.208213 |	bpp_z_loss: 0.005386 |	bpp_loss: 0.213598 |	mse_loss: 0.001159 |	loss: 0.349259 |	psnr_loss: 29.506342 |
[2024-01-17 08:43:46,191 | INFO | train_one_epoch] Train epoch 4: [50/100 (50.00%)] 	bpp_y_loss: 0.211066 |	bpp_z_loss: 0.005478 |	bpp_loss: 0.216543 |	mse_loss: 0.001232 |	loss: 0.360796 |	psnr_loss: 29.228800 |
[2024-01-17 08:43:49,583 | INFO | train_one_epoch] Train epoch 4: [60/100 (60.00%)] 	bpp_y_loss: 0.208913 |	bpp_z_loss: 0.005389 |	bpp_loss: 0.214303 |	mse_loss: 0.001204 |	loss: 0.355216 |	psnr_loss: 29.307432 |
[2024-01-17 08:43:52,944 | INFO | train_one_epoch] Train epoch 4: [70/100 (70.00%)] 	bpp_y_loss: 0.216129 |	bpp_z_loss: 0.005542 |	bpp_loss: 0.221672 |	mse_loss: 0.001246 |	loss: 0.367541 |	psnr_loss: 29.123274 |
[2024-01-17 08:43:56,342 | INFO | train_one_epoch] Train epoch 4: [80/100 (80.00%)] 	bpp_y_loss: 0.209224 |	bpp_z_loss: 0.005338 |	bpp_loss: 0.214563 |	mse_loss: 0.001165 |	loss: 0.350972 |	psnr_loss: 29.442396 |
[2024-01-17 08:43:59,728 | INFO | train_one_epoch] Train epoch 4: [90/100 (90.00%)] 	bpp_y_loss: 0.224568 |	bpp_z_loss: 0.005564 |	bpp_loss: 0.230131 |	mse_loss: 0.001369 |	loss: 0.390408 |	psnr_loss: 28.713408 |
[2024-01-17 08:44:03,077 | INFO | train_one_epoch] Train epoch 4: [100/100 (100.00%)] 	bpp_y_loss: 0.202646 |	bpp_z_loss: 0.005323 |	bpp_loss: 0.207969 |	mse_loss: 0.000992 |	loss: 0.324070 |	psnr_loss: 30.165195 |
[2024-01-17 08:44:03,965 | INFO | test_one_epoch] Testing results for epoch 5 | bpp_y_loss=0.11216 | bpp_z_loss=0.00581 | bpp_loss=0.11797 | mse_loss=0.00236 | loss=0.39372 | psnr_loss=26.93909
[2024-01-17 08:44:03,967 | INFO | train_one_epoch] Learning rate: 1e-05
[2024-01-17 08:44:04,883 | INFO | train_one_epoch] Train epoch 5: [0/100 (0.00%)] 	bpp_y_loss: 0.189334 |	bpp_z_loss: 0.005205 |	bpp_loss: 0.194539 |	mse_loss: 0.000827 |	loss: 0.291359 |	psnr_loss: 30.823862 |
[2024-01-17 08:44:08,299 | INFO | train_one_epoch] Train epoch 5: [10/100 (10.00%)] 	bpp_y_loss: 0.209064 |	bpp_z_loss: 0.005380 |	bpp_loss: 0.214444 |	mse_loss: 0.001159 |	loss: 0.350045 |	psnr_loss: 29.454502 |
[2024-01-17 08:44:11,642 | INFO | train_one_epoch] Train epoch 5: [20/100 (20.00%)] 	bpp_y_loss: 0.210500 |	bpp_z_loss: 0.005511 |	bpp_loss: 0.216011 |	mse_loss: 0.001200 |	loss: 0.356464 |	psnr_loss: 29.478903 |
[2024-01-17 08:44:15,061 | INFO | train_one_epoch] Train epoch 5: [30/100 (30.00%)] 	bpp_y_loss: 0.213539 |	bpp_z_loss: 0.005455 |	bpp_loss: 0.218995 |	mse_loss: 0.001238 |	loss: 0.363893 |	psnr_loss: 29.125061 |
[2024-01-17 08:44:18,448 | INFO | train_one_epoch] Train epoch 5: [40/100 (40.00%)] 	bpp_y_loss: 0.209162 |	bpp_z_loss: 0.005359 |	bpp_loss: 0.214521 |	mse_loss: 0.001103 |	loss: 0.343591 |	psnr_loss: 29.829655 |
[2024-01-17 08:44:21,794 | INFO | train_one_epoch] Train epoch 5: [50/100 (50.00%)] 	bpp_y_loss: 0.210200 |	bpp_z_loss: 0.005474 |	bpp_loss: 0.215675 |	mse_loss: 0.001179 |	loss: 0.353720 |	psnr_loss: 29.445631 |
[2024-01-17 08:44:25,178 | INFO | train_one_epoch] Train epoch 5: [60/100 (60.00%)] 	bpp_y_loss: 0.216895 |	bpp_z_loss: 0.005540 |	bpp_loss: 0.222435 |	mse_loss: 0.001291 |	loss: 0.373552 |	psnr_loss: 28.958334 |
[2024-01-17 08:44:28,534 | INFO | train_one_epoch] Train epoch 5: [70/100 (70.00%)] 	bpp_y_loss: 0.211037 |	bpp_z_loss: 0.005471 |	bpp_loss: 0.216508 |	mse_loss: 0.001197 |	loss: 0.356604 |	psnr_loss: 29.293131 |
[2024-01-17 08:44:31,904 | INFO | train_one_epoch] Train epoch 5: [80/100 (80.00%)] 	bpp_y_loss: 0.215501 |	bpp_z_loss: 0.005530 |	bpp_loss: 0.221031 |	mse_loss: 0.001290 |	loss: 0.372068 |	psnr_loss: 29.082701 |
[2024-01-17 08:44:35,303 | INFO | train_one_epoch] Train epoch 5: [90/100 (90.00%)] 	bpp_y_loss: 0.214853 |	bpp_z_loss: 0.005460 |	bpp_loss: 0.220313 |	mse_loss: 0.001248 |	loss: 0.366374 |	psnr_loss: 29.105658 |
[2024-01-17 08:44:38,672 | INFO | train_one_epoch] Train epoch 5: [100/100 (100.00%)] 	bpp_y_loss: 0.206134 |	bpp_z_loss: 0.005327 |	bpp_loss: 0.211460 |	mse_loss: 0.001081 |	loss: 0.337976 |	psnr_loss: 29.765974 |
[2024-01-17 08:44:39,567 | INFO | test_one_epoch] Testing results for epoch 6 | bpp_y_loss=0.11199 | bpp_z_loss=0.00581 | bpp_loss=0.11780 | mse_loss=0.00236 | loss=0.39376 | psnr_loss=26.93845
[2024-01-17 08:44:39,569 | INFO | train_one_epoch] Learning rate: 1e-05
[2024-01-17 08:44:40,503 | INFO | train_one_epoch] Train epoch 6: [0/100 (0.00%)] 	bpp_y_loss: 0.197953 |	bpp_z_loss: 0.005324 |	bpp_loss: 0.203277 |	mse_loss: 0.000948 |	loss: 0.314191 |	psnr_loss: 30.233681 |
[2024-01-17 08:44:43,887 | INFO | train_one_epoch] Train epoch 6: [10/100 (10.00%)] 	bpp_y_loss: 0.213957 |	bpp_z_loss: 0.005561 |	bpp_loss: 0.219518 |	mse_loss: 0.001210 |	loss: 0.361128 |	psnr_loss: 29.247517 |
[2024-01-17 08:44:47,301 | INFO | train_one_epoch] Train epoch 6: [20/100 (20.00%)] 	bpp_y_loss: 0.213262 |	bpp_z_loss: 0.005461 |	bpp_loss: 0.218723 |	mse_loss: 0.001244 |	loss: 0.364300 |	psnr_loss: 29.162191 |
[2024-01-17 08:44:50,630 | INFO | train_one_epoch] Train epoch 6: [30/100 (30.00%)] 	bpp_y_loss: 0.209383 |	bpp_z_loss: 0.005460 |	bpp_loss: 0.214843 |	mse_loss: 0.001120 |	loss: 0.345890 |	psnr_loss: 29.564955 |
[2024-01-17 08:44:54,044 | INFO | train_one_epoch] Train epoch 6: [40/100 (40.00%)] 	bpp_y_loss: 0.211322 |	bpp_z_loss: 0.005435 |	bpp_loss: 0.216756 |	mse_loss: 0.001176 |	loss: 0.354393 |	psnr_loss: 29.443771 |
[2024-01-17 08:44:57,419 | INFO | train_one_epoch] Train epoch 6: [50/100 (50.00%)] 	bpp_y_loss: 0.210724 |	bpp_z_loss: 0.005483 |	bpp_loss: 0.216207 |	mse_loss: 0.001184 |	loss: 0.354777 |	psnr_loss: 29.360636 |
[2024-01-17 08:45:00,825 | INFO | train_one_epoch] Train epoch 6: [60/100 (60.00%)] 	bpp_y_loss: 0.207663 |	bpp_z_loss: 0.005388 |	bpp_loss: 0.213051 |	mse_loss: 0.001135 |	loss: 0.345924 |	psnr_loss: 29.553970 |
[2024-01-17 08:45:04,211 | INFO | train_one_epoch] Train epoch 6: [70/100 (70.00%)] 	bpp_y_loss: 0.203085 |	bpp_z_loss: 0.005426 |	bpp_loss: 0.208511 |	mse_loss: 0.001053 |	loss: 0.331737 |	psnr_loss: 29.912037 |
[2024-01-17 08:45:07,560 | INFO | train_one_epoch] Train epoch 6: [80/100 (80.00%)] 	bpp_y_loss: 0.204949 |	bpp_z_loss: 0.005357 |	bpp_loss: 0.210306 |	mse_loss: 0.001072 |	loss: 0.335793 |	psnr_loss: 29.787397 |
[2024-01-17 08:45:10,910 | INFO | train_one_epoch] Train epoch 6: [90/100 (90.00%)] 	bpp_y_loss: 0.209077 |	bpp_z_loss: 0.005443 |	bpp_loss: 0.214520 |	mse_loss: 0.001114 |	loss: 0.344927 |	psnr_loss: 29.604048 |
[2024-01-17 08:45:14,328 | INFO | train_one_epoch] Train epoch 6: [100/100 (100.00%)] 	bpp_y_loss: 0.200555 |	bpp_z_loss: 0.005301 |	bpp_loss: 0.205856 |	mse_loss: 0.001035 |	loss: 0.326975 |	psnr_loss: 29.928421 |
[2024-01-17 08:45:15,224 | INFO | test_one_epoch] Testing results for epoch 7 | bpp_y_loss=0.11191 | bpp_z_loss=0.00582 | bpp_loss=0.11773 | mse_loss=0.00236 | loss=0.39394 | psnr_loss=26.93148
[2024-01-17 08:45:15,226 | INFO | train_one_epoch] Learning rate: 1e-05
[2024-01-17 08:45:16,116 | INFO | train_one_epoch] Train epoch 7: [0/100 (0.00%)] 	bpp_y_loss: 0.243402 |	bpp_z_loss: 0.006044 |	bpp_loss: 0.249447 |	mse_loss: 0.001771 |	loss: 0.456694 |	psnr_loss: 27.518644 |
[2024-01-17 08:45:19,494 | INFO | train_one_epoch] Train epoch 7: [10/100 (10.00%)] 	bpp_y_loss: 0.216659 |	bpp_z_loss: 0.005546 |	bpp_loss: 0.222205 |	mse_loss: 0.001395 |	loss: 0.385448 |	psnr_loss: 28.660349 |
[2024-01-17 08:45:22,869 | INFO | train_one_epoch] Train epoch 7: [20/100 (20.00%)] 	bpp_y_loss: 0.204075 |	bpp_z_loss: 0.005352 |	bpp_loss: 0.209427 |	mse_loss: 0.001125 |	loss: 0.341138 |	psnr_loss: 29.670288 |
[2024-01-17 08:45:26,270 | INFO | train_one_epoch] Train epoch 7: [30/100 (30.00%)] 	bpp_y_loss: 0.204250 |	bpp_z_loss: 0.005340 |	bpp_loss: 0.209589 |	mse_loss: 0.001039 |	loss: 0.331147 |	psnr_loss: 30.013586 |
[2024-01-17 08:45:29,694 | INFO | train_one_epoch] Train epoch 7: [40/100 (40.00%)] 	bpp_y_loss: 0.215203 |	bpp_z_loss: 0.005518 |	bpp_loss: 0.220722 |	mse_loss: 0.001257 |	loss: 0.367893 |	psnr_loss: 29.087900 |
[2024-01-17 08:45:33,067 | INFO | train_one_epoch] Train epoch 7: [50/100 (50.00%)] 	bpp_y_loss: 0.209192 |	bpp_z_loss: 0.005415 |	bpp_loss: 0.214608 |	mse_loss: 0.001149 |	loss: 0.349072 |	psnr_loss: 29.512760 |
[2024-01-17 08:45:36,489 | INFO | train_one_epoch] Train epoch 7: [60/100 (60.00%)] 	bpp_y_loss: 0.213517 |	bpp_z_loss: 0.005496 |	bpp_loss: 0.219013 |	mse_loss: 0.001216 |	loss: 0.361361 |	psnr_loss: 29.359711 |
[2024-01-17 08:45:39,853 | INFO | train_one_epoch] Train epoch 7: [70/100 (70.00%)] 	bpp_y_loss: 0.210021 |	bpp_z_loss: 0.005354 |	bpp_loss: 0.215376 |	mse_loss: 0.001166 |	loss: 0.351847 |	psnr_loss: 29.403507 |
[2024-01-17 08:45:43,223 | INFO | train_one_epoch] Train epoch 7: [80/100 (80.00%)] 	bpp_y_loss: 0.217157 |	bpp_z_loss: 0.005511 |	bpp_loss: 0.222667 |	mse_loss: 0.001286 |	loss: 0.373183 |	psnr_loss: 29.092215 |
[2024-01-17 08:45:46,629 | INFO | train_one_epoch] Train epoch 7: [90/100 (90.00%)] 	bpp_y_loss: 0.224492 |	bpp_z_loss: 0.005600 |	bpp_loss: 0.230092 |	mse_loss: 0.001427 |	loss: 0.397134 |	psnr_loss: 28.530554 |
[2024-01-17 08:45:50,017 | INFO | train_one_epoch] Train epoch 7: [100/100 (100.00%)] 	bpp_y_loss: 0.212288 |	bpp_z_loss: 0.005400 |	bpp_loss: 0.217688 |	mse_loss: 0.001219 |	loss: 0.360328 |	psnr_loss: 29.338364 |
[2024-01-17 08:45:50,918 | INFO | test_one_epoch] Testing results for epoch 8 | bpp_y_loss=0.11220 | bpp_z_loss=0.00584 | bpp_loss=0.11804 | mse_loss=0.00236 | loss=0.39425 | psnr_loss=26.93192
[2024-01-17 08:45:50,920 | INFO | train_one_epoch] Learning rate: 1e-05
[2024-01-17 08:45:51,813 | INFO | train_one_epoch] Train epoch 8: [0/100 (0.00%)] 	bpp_y_loss: 0.225898 |	bpp_z_loss: 0.005693 |	bpp_loss: 0.231591 |	mse_loss: 0.001485 |	loss: 0.405427 |	psnr_loss: 28.282148 |
[2024-01-17 08:45:55,232 | INFO | train_one_epoch] Train epoch 8: [10/100 (10.00%)] 	bpp_y_loss: 0.214308 |	bpp_z_loss: 0.005501 |	bpp_loss: 0.219809 |	mse_loss: 0.001272 |	loss: 0.368738 |	psnr_loss: 29.071976 |
[2024-01-17 08:45:58,601 | INFO | train_one_epoch] Train epoch 8: [20/100 (20.00%)] 	bpp_y_loss: 0.213072 |	bpp_z_loss: 0.005459 |	bpp_loss: 0.218531 |	mse_loss: 0.001277 |	loss: 0.368022 |	psnr_loss: 28.960423 |
[2024-01-17 08:46:02,017 | INFO | train_one_epoch] Train epoch 8: [30/100 (30.00%)] 	bpp_y_loss: 0.214578 |	bpp_z_loss: 0.005422 |	bpp_loss: 0.220000 |	mse_loss: 0.001208 |	loss: 0.361373 |	psnr_loss: 29.272017 |
[2024-01-17 08:46:05,373 | INFO | train_one_epoch] Train epoch 8: [40/100 (40.00%)] 	bpp_y_loss: 0.211953 |	bpp_z_loss: 0.005476 |	bpp_loss: 0.217429 |	mse_loss: 0.001143 |	loss: 0.351196 |	psnr_loss: 29.552511 |
[2024-01-17 08:46:08,772 | INFO | train_one_epoch] Train epoch 8: [50/100 (50.00%)] 	bpp_y_loss: 0.211691 |	bpp_z_loss: 0.005431 |	bpp_loss: 0.217121 |	mse_loss: 0.001185 |	loss: 0.355784 |	psnr_loss: 29.510498 |
[2024-01-17 08:46:12,152 | INFO | train_one_epoch] Train epoch 8: [60/100 (60.00%)] 	bpp_y_loss: 0.206307 |	bpp_z_loss: 0.005379 |	bpp_loss: 0.211687 |	mse_loss: 0.001054 |	loss: 0.335017 |	psnr_loss: 29.898081 |
[2024-01-17 08:46:15,554 | INFO | train_one_epoch] Train epoch 8: [70/100 (70.00%)] 	bpp_y_loss: 0.213911 |	bpp_z_loss: 0.005495 |	bpp_loss: 0.219406 |	mse_loss: 0.001206 |	loss: 0.360598 |	psnr_loss: 29.346418 |
[2024-01-17 08:46:18,973 | INFO | train_one_epoch] Train epoch 8: [80/100 (80.00%)] 	bpp_y_loss: 0.214789 |	bpp_z_loss: 0.005456 |	bpp_loss: 0.220245 |	mse_loss: 0.001243 |	loss: 0.365790 |	psnr_loss: 29.183744 |
[2024-01-17 08:46:22,375 | INFO | train_one_epoch] Train epoch 8: [90/100 (90.00%)] 	bpp_y_loss: 0.217982 |	bpp_z_loss: 0.005396 |	bpp_loss: 0.223377 |	mse_loss: 0.001295 |	loss: 0.374968 |	psnr_loss: 29.005354 |
[2024-01-17 08:46:25,760 | INFO | train_one_epoch] Train epoch 8: [100/100 (100.00%)] 	bpp_y_loss: 0.209021 |	bpp_z_loss: 0.005483 |	bpp_loss: 0.214504 |	mse_loss: 0.001099 |	loss: 0.343110 |	psnr_loss: 29.663557 |
[2024-01-17 08:46:26,613 | INFO | test_one_epoch] Testing results for epoch 9 | bpp_y_loss=0.11203 | bpp_z_loss=0.00584 | bpp_loss=0.11787 | mse_loss=0.00236 | loss=0.39399 | psnr_loss=26.93214
[2024-01-17 08:46:26,615 | INFO | train_one_epoch] Learning rate: 1e-05
[2024-01-17 08:46:27,505 | INFO | train_one_epoch] Train epoch 9: [0/100 (0.00%)] 	bpp_y_loss: 0.194288 |	bpp_z_loss: 0.005034 |	bpp_loss: 0.199323 |	mse_loss: 0.000797 |	loss: 0.292619 |	psnr_loss: 30.984890 |
[2024-01-17 08:46:30,934 | INFO | train_one_epoch] Train epoch 9: [10/100 (10.00%)] 	bpp_y_loss: 0.208941 |	bpp_z_loss: 0.005474 |	bpp_loss: 0.214415 |	mse_loss: 0.001083 |	loss: 0.341195 |	psnr_loss: 29.738831 |
[2024-01-17 08:46:34,337 | INFO | train_one_epoch] Train epoch 9: [20/100 (20.00%)] 	bpp_y_loss: 0.213091 |	bpp_z_loss: 0.005489 |	bpp_loss: 0.218580 |	mse_loss: 0.001237 |	loss: 0.363326 |	psnr_loss: 29.161560 |
[2024-01-17 08:46:37,720 | INFO | train_one_epoch] Train epoch 9: [30/100 (30.00%)] 	bpp_y_loss: 0.212156 |	bpp_z_loss: 0.005510 |	bpp_loss: 0.217666 |	mse_loss: 0.001245 |	loss: 0.363443 |	psnr_loss: 29.130005 |
[2024-01-17 08:46:41,118 | INFO | train_one_epoch] Train epoch 9: [40/100 (40.00%)] 	bpp_y_loss: 0.211866 |	bpp_z_loss: 0.005449 |	bpp_loss: 0.217315 |	mse_loss: 0.001219 |	loss: 0.360007 |	psnr_loss: 29.209549 |
[2024-01-17 08:46:44,502 | INFO | train_one_epoch] Train epoch 9: [50/100 (50.00%)] 	bpp_y_loss: 0.209851 |	bpp_z_loss: 0.005464 |	bpp_loss: 0.215314 |	mse_loss: 0.001141 |	loss: 0.348870 |	psnr_loss: 29.608444 |
[2024-01-17 08:46:47,864 | INFO | train_one_epoch] Train epoch 9: [60/100 (60.00%)] 	bpp_y_loss: 0.206925 |	bpp_z_loss: 0.005386 |	bpp_loss: 0.212311 |	mse_loss: 0.001117 |	loss: 0.343091 |	psnr_loss: 29.644606 |
[2024-01-17 08:46:51,258 | INFO | train_one_epoch] Train epoch 9: [70/100 (70.00%)] 	bpp_y_loss: 0.209082 |	bpp_z_loss: 0.005428 |	bpp_loss: 0.214510 |	mse_loss: 0.001179 |	loss: 0.352561 |	psnr_loss: 29.378016 |
[2024-01-17 08:46:54,686 | INFO | train_one_epoch] Train epoch 9: [80/100 (80.00%)] 	bpp_y_loss: 0.206312 |	bpp_z_loss: 0.005336 |	bpp_loss: 0.211648 |	mse_loss: 0.001109 |	loss: 0.341453 |	psnr_loss: 29.669113 |
[2024-01-17 08:46:58,103 | INFO | train_one_epoch] Train epoch 9: [90/100 (90.00%)] 	bpp_y_loss: 0.203318 |	bpp_z_loss: 0.005335 |	bpp_loss: 0.208654 |	mse_loss: 0.001023 |	loss: 0.328349 |	psnr_loss: 30.066120 |
[2024-01-17 08:47:01,490 | INFO | train_one_epoch] Train epoch 9: [100/100 (100.00%)] 	bpp_y_loss: 0.210998 |	bpp_z_loss: 0.005415 |	bpp_loss: 0.216413 |	mse_loss: 0.001257 |	loss: 0.363484 |	psnr_loss: 29.147581 |
[2024-01-17 08:47:02,403 | INFO | test_one_epoch] Testing results for epoch 10 | bpp_y_loss=0.11185 | bpp_z_loss=0.00580 | bpp_loss=0.11765 | mse_loss=0.00236 | loss=0.39394 | psnr_loss=26.92933
