[2024-01-17 08:48:16,373 | INFO | <module>] Args: Namespace(model='bmshj2018_hyperprior', lmbda=0.0067, dataset='vimeo90k', epochs=100, steps_per_epoch=10000, type='mse', steps=1000, adv_steps=10, adv_optimizer='SGD', adv_lr=1000.0, adv_epsilon=0.01, batch_size=8, learning_rate=1e-05, save=True, seed=19260817, clip_max_norm=1.0, checkpoint=None, continue_train=False)
[2024-01-17 08:48:16,373 | INFO | <module>] Lmbda=0.006700000000
[2024-01-17 08:48:16,373 | INFO | <module>] Load weights from /backup1/xyhang/GradAttack/experiments/adversarial-train/baseline/bmshj2018_hyperprior-vimeo90k-0.0067-100x10000/last_epoch.pth.tar
[2024-01-17 08:48:19,650 | INFO | test_one_epoch] Testing results for epoch 0 | bpp_y_loss=0.28845 | bpp_z_loss=0.00977 | bpp_loss=0.29822 | mse_loss=0.00113 | loss=0.78909 | psnr_loss=30.10649
[2024-01-17 08:48:24,054 | INFO | train_one_epoch] Learning rate: 1e-05
[2024-01-17 08:48:25,353 | INFO | train_one_epoch] Train epoch 0: [0/100 (0.00%)] 	bpp_y_loss: 0.320986 |	bpp_z_loss: 0.009153 |	bpp_loss: 0.330139 |	mse_loss: 0.000647 |	loss: 0.612113 |	psnr_loss: 31.889448 |
[2024-01-17 08:48:28,698 | INFO | train_one_epoch] Train epoch 0: [10/100 (10.00%)] 	bpp_y_loss: 0.308557 |	bpp_z_loss: 0.008931 |	bpp_loss: 0.317488 |	mse_loss: 0.000616 |	loss: 0.585962 |	psnr_loss: 32.181957 |
[2024-01-17 08:48:32,036 | INFO | train_one_epoch] Train epoch 0: [20/100 (20.00%)] 	bpp_y_loss: 0.346073 |	bpp_z_loss: 0.009206 |	bpp_loss: 0.355279 |	mse_loss: 0.000803 |	loss: 0.705203 |	psnr_loss: 31.078510 |
[2024-01-17 08:48:35,420 | INFO | train_one_epoch] Train epoch 0: [30/100 (30.00%)] 	bpp_y_loss: 0.343266 |	bpp_z_loss: 0.009051 |	bpp_loss: 0.352317 |	mse_loss: 0.000783 |	loss: 0.693360 |	psnr_loss: 31.138952 |
[2024-01-17 08:48:38,728 | INFO | train_one_epoch] Train epoch 0: [40/100 (40.00%)] 	bpp_y_loss: 0.311856 |	bpp_z_loss: 0.008921 |	bpp_loss: 0.320777 |	mse_loss: 0.000663 |	loss: 0.609567 |	psnr_loss: 31.931482 |
[2024-01-17 08:48:42,098 | INFO | train_one_epoch] Train epoch 0: [50/100 (50.00%)] 	bpp_y_loss: 0.313774 |	bpp_z_loss: 0.008879 |	bpp_loss: 0.322653 |	mse_loss: 0.000672 |	loss: 0.615267 |	psnr_loss: 31.834387 |
[2024-01-17 08:48:45,476 | INFO | train_one_epoch] Train epoch 0: [60/100 (60.00%)] 	bpp_y_loss: 0.335907 |	bpp_z_loss: 0.009156 |	bpp_loss: 0.345063 |	mse_loss: 0.000728 |	loss: 0.662123 |	psnr_loss: 31.443846 |
[2024-01-17 08:48:48,784 | INFO | train_one_epoch] Train epoch 0: [70/100 (70.00%)] 	bpp_y_loss: 0.328351 |	bpp_z_loss: 0.008980 |	bpp_loss: 0.337332 |	mse_loss: 0.000690 |	loss: 0.637772 |	psnr_loss: 31.726896 |
[2024-01-17 08:48:52,190 | INFO | train_one_epoch] Train epoch 0: [80/100 (80.00%)] 	bpp_y_loss: 0.325688 |	bpp_z_loss: 0.009014 |	bpp_loss: 0.334702 |	mse_loss: 0.000705 |	loss: 0.642022 |	psnr_loss: 31.599283 |
[2024-01-17 08:48:55,553 | INFO | train_one_epoch] Train epoch 0: [90/100 (90.00%)] 	bpp_y_loss: 0.320811 |	bpp_z_loss: 0.009053 |	bpp_loss: 0.329864 |	mse_loss: 0.000703 |	loss: 0.636309 |	psnr_loss: 31.599211 |
[2024-01-17 08:48:58,926 | INFO | train_one_epoch] Train epoch 0: [100/100 (100.00%)] 	bpp_y_loss: 0.321479 |	bpp_z_loss: 0.008942 |	bpp_loss: 0.330421 |	mse_loss: 0.000681 |	loss: 0.627304 |	psnr_loss: 31.739805 |
[2024-01-17 08:48:59,873 | INFO | test_one_epoch] Testing results for epoch 1 | bpp_y_loss=0.28151 | bpp_z_loss=0.00982 | bpp_loss=0.29133 | mse_loss=0.00114 | loss=0.78640 | psnr_loss=30.05831
[2024-01-17 08:48:59,875 | INFO | train_one_epoch] Learning rate: 1e-05
[2024-01-17 08:49:00,815 | INFO | train_one_epoch] Train epoch 1: [0/100 (0.00%)] 	bpp_y_loss: 0.348866 |	bpp_z_loss: 0.009355 |	bpp_loss: 0.358220 |	mse_loss: 0.000704 |	loss: 0.665029 |	psnr_loss: 31.522882 |
[2024-01-17 08:49:04,183 | INFO | train_one_epoch] Train epoch 1: [10/100 (10.00%)] 	bpp_y_loss: 0.315948 |	bpp_z_loss: 0.008918 |	bpp_loss: 0.324866 |	mse_loss: 0.000687 |	loss: 0.624369 |	psnr_loss: 31.743799 |
[2024-01-17 08:49:07,539 | INFO | train_one_epoch] Train epoch 1: [20/100 (20.00%)] 	bpp_y_loss: 0.319806 |	bpp_z_loss: 0.008830 |	bpp_loss: 0.328636 |	mse_loss: 0.000695 |	loss: 0.631440 |	psnr_loss: 31.713667 |
[2024-01-17 08:49:10,932 | INFO | train_one_epoch] Train epoch 1: [30/100 (30.00%)] 	bpp_y_loss: 0.326876 |	bpp_z_loss: 0.009117 |	bpp_loss: 0.335993 |	mse_loss: 0.000715 |	loss: 0.647502 |	psnr_loss: 31.493259 |
[2024-01-17 08:49:14,327 | INFO | train_one_epoch] Train epoch 1: [40/100 (40.00%)] 	bpp_y_loss: 0.313092 |	bpp_z_loss: 0.008804 |	bpp_loss: 0.321896 |	mse_loss: 0.000668 |	loss: 0.612963 |	psnr_loss: 31.908478 |
[2024-01-17 08:49:17,678 | INFO | train_one_epoch] Train epoch 1: [50/100 (50.00%)] 	bpp_y_loss: 0.323990 |	bpp_z_loss: 0.008896 |	bpp_loss: 0.332885 |	mse_loss: 0.000700 |	loss: 0.637744 |	psnr_loss: 31.605497 |
[2024-01-17 08:49:21,007 | INFO | train_one_epoch] Train epoch 1: [60/100 (60.00%)] 	bpp_y_loss: 0.326975 |	bpp_z_loss: 0.008934 |	bpp_loss: 0.335909 |	mse_loss: 0.000715 |	loss: 0.647295 |	psnr_loss: 31.539204 |
[2024-01-17 08:49:24,349 | INFO | train_one_epoch] Train epoch 1: [70/100 (70.00%)] 	bpp_y_loss: 0.323390 |	bpp_z_loss: 0.008923 |	bpp_loss: 0.332313 |	mse_loss: 0.000704 |	loss: 0.639037 |	psnr_loss: 31.712400 |
[2024-01-17 08:49:27,655 | INFO | train_one_epoch] Train epoch 1: [80/100 (80.00%)] 	bpp_y_loss: 0.332223 |	bpp_z_loss: 0.008983 |	bpp_loss: 0.341206 |	mse_loss: 0.000737 |	loss: 0.662381 |	psnr_loss: 31.455023 |
[2024-01-17 08:49:30,962 | INFO | train_one_epoch] Train epoch 1: [90/100 (90.00%)] 	bpp_y_loss: 0.312150 |	bpp_z_loss: 0.008886 |	bpp_loss: 0.321036 |	mse_loss: 0.000636 |	loss: 0.598170 |	psnr_loss: 32.092121 |
[2024-01-17 08:49:34,308 | INFO | train_one_epoch] Train epoch 1: [100/100 (100.00%)] 	bpp_y_loss: 0.326237 |	bpp_z_loss: 0.008954 |	bpp_loss: 0.335191 |	mse_loss: 0.000708 |	loss: 0.643740 |	psnr_loss: 31.607141 |
[2024-01-17 08:49:35,223 | INFO | test_one_epoch] Testing results for epoch 2 | bpp_y_loss=0.28229 | bpp_z_loss=0.00973 | bpp_loss=0.29202 | mse_loss=0.00113 | loss=0.78558 | psnr_loss=30.07482
[2024-01-17 08:49:35,225 | INFO | train_one_epoch] Learning rate: 1e-05
[2024-01-17 08:49:36,217 | INFO | train_one_epoch] Train epoch 2: [0/100 (0.00%)] 	bpp_y_loss: 0.278890 |	bpp_z_loss: 0.008334 |	bpp_loss: 0.287224 |	mse_loss: 0.000540 |	loss: 0.522395 |	psnr_loss: 32.677704 |
[2024-01-17 08:49:39,546 | INFO | train_one_epoch] Train epoch 2: [10/100 (10.00%)] 	bpp_y_loss: 0.318888 |	bpp_z_loss: 0.008811 |	bpp_loss: 0.327699 |	mse_loss: 0.000681 |	loss: 0.624252 |	psnr_loss: 31.787632 |
[2024-01-17 08:49:42,919 | INFO | train_one_epoch] Train epoch 2: [20/100 (20.00%)] 	bpp_y_loss: 0.306083 |	bpp_z_loss: 0.008827 |	bpp_loss: 0.314910 |	mse_loss: 0.000617 |	loss: 0.583638 |	psnr_loss: 32.271130 |
[2024-01-17 08:49:46,271 | INFO | train_one_epoch] Train epoch 2: [30/100 (30.00%)] 	bpp_y_loss: 0.322122 |	bpp_z_loss: 0.008857 |	bpp_loss: 0.330978 |	mse_loss: 0.000650 |	loss: 0.614095 |	psnr_loss: 31.947172 |
[2024-01-17 08:49:49,652 | INFO | train_one_epoch] Train epoch 2: [40/100 (40.00%)] 	bpp_y_loss: 0.315120 |	bpp_z_loss: 0.008662 |	bpp_loss: 0.323781 |	mse_loss: 0.000651 |	loss: 0.607241 |	psnr_loss: 31.964750 |
[2024-01-17 08:49:52,996 | INFO | train_one_epoch] Train epoch 2: [50/100 (50.00%)] 	bpp_y_loss: 0.323662 |	bpp_z_loss: 0.008938 |	bpp_loss: 0.332599 |	mse_loss: 0.000722 |	loss: 0.647204 |	psnr_loss: 31.472569 |
[2024-01-17 08:49:56,360 | INFO | train_one_epoch] Train epoch 2: [60/100 (60.00%)] 	bpp_y_loss: 0.328755 |	bpp_z_loss: 0.008799 |	bpp_loss: 0.337554 |	mse_loss: 0.000725 |	loss: 0.653629 |	psnr_loss: 31.446234 |
[2024-01-17 08:49:59,756 | INFO | train_one_epoch] Train epoch 2: [70/100 (70.00%)] 	bpp_y_loss: 0.318428 |	bpp_z_loss: 0.008869 |	bpp_loss: 0.327297 |	mse_loss: 0.000684 |	loss: 0.625250 |	psnr_loss: 31.706385 |
[2024-01-17 08:50:03,134 | INFO | train_one_epoch] Train epoch 2: [80/100 (80.00%)] 	bpp_y_loss: 0.304594 |	bpp_z_loss: 0.008792 |	bpp_loss: 0.313386 |	mse_loss: 0.000636 |	loss: 0.590467 |	psnr_loss: 32.033142 |
[2024-01-17 08:50:06,510 | INFO | train_one_epoch] Train epoch 2: [90/100 (90.00%)] 	bpp_y_loss: 0.329256 |	bpp_z_loss: 0.008936 |	bpp_loss: 0.338191 |	mse_loss: 0.000673 |	loss: 0.631571 |	psnr_loss: 31.780756 |
[2024-01-17 08:50:09,903 | INFO | train_one_epoch] Train epoch 2: [100/100 (100.00%)] 	bpp_y_loss: 0.325714 |	bpp_z_loss: 0.009003 |	bpp_loss: 0.334717 |	mse_loss: 0.000729 |	loss: 0.652528 |	psnr_loss: 31.453449 |
[2024-01-17 08:50:10,817 | INFO | test_one_epoch] Testing results for epoch 3 | bpp_y_loss=0.28197 | bpp_z_loss=0.00968 | bpp_loss=0.29165 | mse_loss=0.00113 | loss=0.78493 | psnr_loss=30.07708
[2024-01-17 08:50:10,818 | INFO | train_one_epoch] Learning rate: 1e-05
[2024-01-17 08:50:11,800 | INFO | train_one_epoch] Train epoch 3: [0/100 (0.00%)] 	bpp_y_loss: 0.419800 |	bpp_z_loss: 0.009888 |	bpp_loss: 0.429688 |	mse_loss: 0.001084 |	loss: 0.901769 |	psnr_loss: 29.651386 |
[2024-01-17 08:50:15,216 | INFO | train_one_epoch] Train epoch 3: [10/100 (10.00%)] 	bpp_y_loss: 0.323551 |	bpp_z_loss: 0.008883 |	bpp_loss: 0.332434 |	mse_loss: 0.000691 |	loss: 0.633310 |	psnr_loss: 31.660938 |
[2024-01-17 08:50:18,694 | INFO | train_one_epoch] Train epoch 3: [20/100 (20.00%)] 	bpp_y_loss: 0.336491 |	bpp_z_loss: 0.008991 |	bpp_loss: 0.345482 |	mse_loss: 0.000737 |	loss: 0.666440 |	psnr_loss: 31.448048 |
[2024-01-17 08:50:22,147 | INFO | train_one_epoch] Train epoch 3: [30/100 (30.00%)] 	bpp_y_loss: 0.319776 |	bpp_z_loss: 0.008968 |	bpp_loss: 0.328744 |	mse_loss: 0.000687 |	loss: 0.628230 |	psnr_loss: 31.661631 |
[2024-01-17 08:50:25,606 | INFO | train_one_epoch] Train epoch 3: [40/100 (40.00%)] 	bpp_y_loss: 0.325683 |	bpp_z_loss: 0.008977 |	bpp_loss: 0.334660 |	mse_loss: 0.000710 |	loss: 0.644080 |	psnr_loss: 31.588531 |
[2024-01-17 08:50:29,047 | INFO | train_one_epoch] Train epoch 3: [50/100 (50.00%)] 	bpp_y_loss: 0.323266 |	bpp_z_loss: 0.009011 |	bpp_loss: 0.332277 |	mse_loss: 0.000687 |	loss: 0.631385 |	psnr_loss: 31.704161 |
[2024-01-17 08:50:32,433 | INFO | train_one_epoch] Train epoch 3: [60/100 (60.00%)] 	bpp_y_loss: 0.313382 |	bpp_z_loss: 0.008895 |	bpp_loss: 0.322277 |	mse_loss: 0.000687 |	loss: 0.621631 |	psnr_loss: 31.663507 |
[2024-01-17 08:50:35,888 | INFO | train_one_epoch] Train epoch 3: [70/100 (70.00%)] 	bpp_y_loss: 0.300679 |	bpp_z_loss: 0.008767 |	bpp_loss: 0.309446 |	mse_loss: 0.000607 |	loss: 0.573822 |	psnr_loss: 32.261166 |
[2024-01-17 08:50:39,317 | INFO | train_one_epoch] Train epoch 3: [80/100 (80.00%)] 	bpp_y_loss: 0.327096 |	bpp_z_loss: 0.008996 |	bpp_loss: 0.336091 |	mse_loss: 0.000724 |	loss: 0.651699 |	psnr_loss: 31.503706 |
[2024-01-17 08:50:42,741 | INFO | train_one_epoch] Train epoch 3: [90/100 (90.00%)] 	bpp_y_loss: 0.323310 |	bpp_z_loss: 0.008915 |	bpp_loss: 0.332225 |	mse_loss: 0.000710 |	loss: 0.641344 |	psnr_loss: 31.652424 |
[2024-01-17 08:50:46,165 | INFO | train_one_epoch] Train epoch 3: [100/100 (100.00%)] 	bpp_y_loss: 0.305965 |	bpp_z_loss: 0.008843 |	bpp_loss: 0.314808 |	mse_loss: 0.000606 |	loss: 0.579004 |	psnr_loss: 32.234661 |
[2024-01-17 08:50:47,105 | INFO | test_one_epoch] Testing results for epoch 4 | bpp_y_loss=0.28164 | bpp_z_loss=0.00971 | bpp_loss=0.29135 | mse_loss=0.00114 | loss=0.78617 | psnr_loss=30.06678
[2024-01-17 08:50:47,106 | INFO | train_one_epoch] Learning rate: 1e-05
[2024-01-17 08:50:48,115 | INFO | train_one_epoch] Train epoch 4: [0/100 (0.00%)] 	bpp_y_loss: 0.291884 |	bpp_z_loss: 0.008540 |	bpp_loss: 0.300424 |	mse_loss: 0.000597 |	loss: 0.560632 |	psnr_loss: 32.238338 |
[2024-01-17 08:50:51,523 | INFO | train_one_epoch] Train epoch 4: [10/100 (10.00%)] 	bpp_y_loss: 0.323260 |	bpp_z_loss: 0.009084 |	bpp_loss: 0.332343 |	mse_loss: 0.000725 |	loss: 0.648056 |	psnr_loss: 31.475580 |
[2024-01-17 08:50:54,959 | INFO | train_one_epoch] Train epoch 4: [20/100 (20.00%)] 	bpp_y_loss: 0.331017 |	bpp_z_loss: 0.008914 |	bpp_loss: 0.339931 |	mse_loss: 0.000711 |	loss: 0.649658 |	psnr_loss: 31.502399 |
[2024-01-17 08:50:58,447 | INFO | train_one_epoch] Train epoch 4: [30/100 (30.00%)] 	bpp_y_loss: 0.322507 |	bpp_z_loss: 0.008868 |	bpp_loss: 0.331375 |	mse_loss: 0.000684 |	loss: 0.629454 |	psnr_loss: 31.701862 |
[2024-01-17 08:51:01,901 | INFO | train_one_epoch] Train epoch 4: [40/100 (40.00%)] 	bpp_y_loss: 0.317776 |	bpp_z_loss: 0.008835 |	bpp_loss: 0.326611 |	mse_loss: 0.000670 |	loss: 0.618687 |	psnr_loss: 31.839130 |
[2024-01-17 08:51:05,354 | INFO | train_one_epoch] Train epoch 4: [50/100 (50.00%)] 	bpp_y_loss: 0.324732 |	bpp_z_loss: 0.008960 |	bpp_loss: 0.333692 |	mse_loss: 0.000709 |	loss: 0.642514 |	psnr_loss: 31.592772 |
[2024-01-17 08:51:08,803 | INFO | train_one_epoch] Train epoch 4: [60/100 (60.00%)] 	bpp_y_loss: 0.319847 |	bpp_z_loss: 0.008838 |	bpp_loss: 0.328686 |	mse_loss: 0.000713 |	loss: 0.639111 |	psnr_loss: 31.567505 |
[2024-01-17 08:51:12,287 | INFO | train_one_epoch] Train epoch 4: [70/100 (70.00%)] 	bpp_y_loss: 0.330998 |	bpp_z_loss: 0.009086 |	bpp_loss: 0.340084 |	mse_loss: 0.000720 |	loss: 0.653694 |	psnr_loss: 31.500494 |
[2024-01-17 08:51:15,719 | INFO | train_one_epoch] Train epoch 4: [80/100 (80.00%)] 	bpp_y_loss: 0.321260 |	bpp_z_loss: 0.008789 |	bpp_loss: 0.330049 |	mse_loss: 0.000685 |	loss: 0.628328 |	psnr_loss: 31.724899 |
[2024-01-17 08:51:19,143 | INFO | train_one_epoch] Train epoch 4: [90/100 (90.00%)] 	bpp_y_loss: 0.351006 |	bpp_z_loss: 0.009120 |	bpp_loss: 0.360127 |	mse_loss: 0.000767 |	loss: 0.694112 |	psnr_loss: 31.229116 |
[2024-01-17 08:51:22,548 | INFO | train_one_epoch] Train epoch 4: [100/100 (100.00%)] 	bpp_y_loss: 0.300679 |	bpp_z_loss: 0.008677 |	bpp_loss: 0.309356 |	mse_loss: 0.000591 |	loss: 0.566711 |	psnr_loss: 32.381298 |
[2024-01-17 08:51:23,438 | INFO | test_one_epoch] Testing results for epoch 5 | bpp_y_loss=0.28177 | bpp_z_loss=0.00966 | bpp_loss=0.29143 | mse_loss=0.00113 | loss=0.78516 | psnr_loss=30.07362
[2024-01-17 08:51:23,610 | INFO | train_one_epoch] Learning rate: 1e-05
[2024-01-17 08:51:24,496 | INFO | train_one_epoch] Train epoch 5: [0/100 (0.00%)] 	bpp_y_loss: 0.269969 |	bpp_z_loss: 0.008519 |	bpp_loss: 0.278488 |	mse_loss: 0.000526 |	loss: 0.507713 |	psnr_loss: 32.788921 |
[2024-01-17 08:51:27,946 | INFO | train_one_epoch] Train epoch 5: [10/100 (10.00%)] 	bpp_y_loss: 0.315757 |	bpp_z_loss: 0.008819 |	bpp_loss: 0.324576 |	mse_loss: 0.000685 |	loss: 0.622904 |	psnr_loss: 31.732294 |
[2024-01-17 08:51:31,313 | INFO | train_one_epoch] Train epoch 5: [20/100 (20.00%)] 	bpp_y_loss: 0.317698 |	bpp_z_loss: 0.008906 |	bpp_loss: 0.326604 |	mse_loss: 0.000688 |	loss: 0.626382 |	psnr_loss: 31.807251 |
[2024-01-17 08:51:34,641 | INFO | train_one_epoch] Train epoch 5: [30/100 (30.00%)] 	bpp_y_loss: 0.326517 |	bpp_z_loss: 0.008970 |	bpp_loss: 0.335487 |	mse_loss: 0.000722 |	loss: 0.650037 |	psnr_loss: 31.463408 |
[2024-01-17 08:51:37,989 | INFO | train_one_epoch] Train epoch 5: [40/100 (40.00%)] 	bpp_y_loss: 0.315049 |	bpp_z_loss: 0.008721 |	bpp_loss: 0.323770 |	mse_loss: 0.000642 |	loss: 0.603499 |	psnr_loss: 32.100899 |
[2024-01-17 08:51:41,321 | INFO | train_one_epoch] Train epoch 5: [50/100 (50.00%)] 	bpp_y_loss: 0.319338 |	bpp_z_loss: 0.008918 |	bpp_loss: 0.328256 |	mse_loss: 0.000687 |	loss: 0.627658 |	psnr_loss: 31.748539 |
[2024-01-17 08:51:44,656 | INFO | train_one_epoch] Train epoch 5: [60/100 (60.00%)] 	bpp_y_loss: 0.336314 |	bpp_z_loss: 0.009024 |	bpp_loss: 0.345338 |	mse_loss: 0.000733 |	loss: 0.664794 |	psnr_loss: 31.399649 |
[2024-01-17 08:51:47,991 | INFO | train_one_epoch] Train epoch 5: [70/100 (70.00%)] 	bpp_y_loss: 0.324269 |	bpp_z_loss: 0.008938 |	bpp_loss: 0.333207 |	mse_loss: 0.000706 |	loss: 0.640970 |	psnr_loss: 31.575886 |
[2024-01-17 08:51:51,308 | INFO | train_one_epoch] Train epoch 5: [80/100 (80.00%)] 	bpp_y_loss: 0.332526 |	bpp_z_loss: 0.008982 |	bpp_loss: 0.341508 |	mse_loss: 0.000734 |	loss: 0.661152 |	psnr_loss: 31.486719 |
[2024-01-17 08:51:54,629 | INFO | train_one_epoch] Train epoch 5: [90/100 (90.00%)] 	bpp_y_loss: 0.331306 |	bpp_z_loss: 0.008929 |	bpp_loss: 0.340235 |	mse_loss: 0.000714 |	loss: 0.651167 |	psnr_loss: 31.516226 |
[2024-01-17 08:51:57,976 | INFO | train_one_epoch] Train epoch 5: [100/100 (100.00%)] 	bpp_y_loss: 0.312489 |	bpp_z_loss: 0.008719 |	bpp_loss: 0.321209 |	mse_loss: 0.000635 |	loss: 0.597781 |	psnr_loss: 32.039612 |
[2024-01-17 08:51:58,867 | INFO | test_one_epoch] Testing results for epoch 6 | bpp_y_loss=0.28100 | bpp_z_loss=0.00969 | bpp_loss=0.29069 | mse_loss=0.00114 | loss=0.78530 | psnr_loss=30.06944
[2024-01-17 08:51:58,869 | INFO | train_one_epoch] Learning rate: 1e-05
[2024-01-17 08:51:59,834 | INFO | train_one_epoch] Train epoch 6: [0/100 (0.00%)] 	bpp_y_loss: 0.287051 |	bpp_z_loss: 0.008940 |	bpp_loss: 0.295992 |	mse_loss: 0.000560 |	loss: 0.539896 |	psnr_loss: 32.519356 |
[2024-01-17 08:52:03,172 | INFO | train_one_epoch] Train epoch 6: [10/100 (10.00%)] 	bpp_y_loss: 0.327085 |	bpp_z_loss: 0.009082 |	bpp_loss: 0.336167 |	mse_loss: 0.000702 |	loss: 0.641993 |	psnr_loss: 31.591816 |
[2024-01-17 08:52:06,485 | INFO | train_one_epoch] Train epoch 6: [20/100 (20.00%)] 	bpp_y_loss: 0.328574 |	bpp_z_loss: 0.008960 |	bpp_loss: 0.337534 |	mse_loss: 0.000715 |	loss: 0.649033 |	psnr_loss: 31.541662 |
[2024-01-17 08:52:09,836 | INFO | train_one_epoch] Train epoch 6: [30/100 (30.00%)] 	bpp_y_loss: 0.315839 |	bpp_z_loss: 0.008822 |	bpp_loss: 0.324660 |	mse_loss: 0.000657 |	loss: 0.610996 |	psnr_loss: 31.864410 |
[2024-01-17 08:52:13,173 | INFO | train_one_epoch] Train epoch 6: [40/100 (40.00%)] 	bpp_y_loss: 0.323150 |	bpp_z_loss: 0.008951 |	bpp_loss: 0.332101 |	mse_loss: 0.000676 |	loss: 0.626667 |	psnr_loss: 31.814178 |
[2024-01-17 08:52:16,478 | INFO | train_one_epoch] Train epoch 6: [50/100 (50.00%)] 	bpp_y_loss: 0.319716 |	bpp_z_loss: 0.008916 |	bpp_loss: 0.328632 |	mse_loss: 0.000674 |	loss: 0.622471 |	psnr_loss: 31.775320 |
[2024-01-17 08:52:19,820 | INFO | train_one_epoch] Train epoch 6: [60/100 (60.00%)] 	bpp_y_loss: 0.315958 |	bpp_z_loss: 0.008861 |	bpp_loss: 0.324819 |	mse_loss: 0.000665 |	loss: 0.614529 |	psnr_loss: 31.844309 |
[2024-01-17 08:52:23,158 | INFO | train_one_epoch] Train epoch 6: [70/100 (70.00%)] 	bpp_y_loss: 0.306202 |	bpp_z_loss: 0.008851 |	bpp_loss: 0.315053 |	mse_loss: 0.000629 |	loss: 0.589202 |	psnr_loss: 32.117970 |
[2024-01-17 08:52:26,553 | INFO | train_one_epoch] Train epoch 6: [80/100 (80.00%)] 	bpp_y_loss: 0.308145 |	bpp_z_loss: 0.008808 |	bpp_loss: 0.316953 |	mse_loss: 0.000629 |	loss: 0.591038 |	psnr_loss: 32.067703 |
[2024-01-17 08:52:29,982 | INFO | train_one_epoch] Train epoch 6: [90/100 (90.00%)] 	bpp_y_loss: 0.315273 |	bpp_z_loss: 0.008926 |	bpp_loss: 0.324199 |	mse_loss: 0.000654 |	loss: 0.609298 |	psnr_loss: 31.900129 |
[2024-01-17 08:52:33,359 | INFO | train_one_epoch] Train epoch 6: [100/100 (100.00%)] 	bpp_y_loss: 0.300818 |	bpp_z_loss: 0.008722 |	bpp_loss: 0.309540 |	mse_loss: 0.000614 |	loss: 0.577059 |	psnr_loss: 32.173813 |
[2024-01-17 08:52:34,286 | INFO | test_one_epoch] Testing results for epoch 7 | bpp_y_loss=0.28029 | bpp_z_loss=0.00967 | bpp_loss=0.28996 | mse_loss=0.00113 | loss=0.78443 | psnr_loss=30.06713
[2024-01-17 08:52:34,287 | INFO | train_one_epoch] Learning rate: 1e-05
[2024-01-17 08:52:35,248 | INFO | train_one_epoch] Train epoch 7: [0/100 (0.00%)] 	bpp_y_loss: 0.383681 |	bpp_z_loss: 0.009726 |	bpp_loss: 0.393407 |	mse_loss: 0.000926 |	loss: 0.797030 |	psnr_loss: 30.331793 |
[2024-01-17 08:52:38,631 | INFO | train_one_epoch] Train epoch 7: [10/100 (10.00%)] 	bpp_y_loss: 0.340546 |	bpp_z_loss: 0.009023 |	bpp_loss: 0.349569 |	mse_loss: 0.000811 |	loss: 0.702798 |	psnr_loss: 30.998316 |
[2024-01-17 08:52:42,016 | INFO | train_one_epoch] Train epoch 7: [20/100 (20.00%)] 	bpp_y_loss: 0.310108 |	bpp_z_loss: 0.008800 |	bpp_loss: 0.318908 |	mse_loss: 0.000664 |	loss: 0.608182 |	psnr_loss: 31.894331 |
[2024-01-17 08:52:45,413 | INFO | train_one_epoch] Train epoch 7: [30/100 (30.00%)] 	bpp_y_loss: 0.304449 |	bpp_z_loss: 0.008760 |	bpp_loss: 0.313209 |	mse_loss: 0.000615 |	loss: 0.581309 |	psnr_loss: 32.213280 |
[2024-01-17 08:52:48,783 | INFO | train_one_epoch] Train epoch 7: [40/100 (40.00%)] 	bpp_y_loss: 0.329097 |	bpp_z_loss: 0.008944 |	bpp_loss: 0.338041 |	mse_loss: 0.000724 |	loss: 0.653301 |	psnr_loss: 31.475397 |
[2024-01-17 08:52:52,174 | INFO | train_one_epoch] Train epoch 7: [50/100 (50.00%)] 	bpp_y_loss: 0.315200 |	bpp_z_loss: 0.008833 |	bpp_loss: 0.324033 |	mse_loss: 0.000681 |	loss: 0.620887 |	psnr_loss: 31.740723 |
[2024-01-17 08:52:55,540 | INFO | train_one_epoch] Train epoch 7: [60/100 (60.00%)] 	bpp_y_loss: 0.328313 |	bpp_z_loss: 0.008980 |	bpp_loss: 0.337293 |	mse_loss: 0.000705 |	loss: 0.644392 |	psnr_loss: 31.656799 |
[2024-01-17 08:52:58,953 | INFO | train_one_epoch] Train epoch 7: [70/100 (70.00%)] 	bpp_y_loss: 0.319019 |	bpp_z_loss: 0.008823 |	bpp_loss: 0.327842 |	mse_loss: 0.000689 |	loss: 0.627862 |	psnr_loss: 31.673145 |
[2024-01-17 08:53:02,338 | INFO | train_one_epoch] Train epoch 7: [80/100 (80.00%)] 	bpp_y_loss: 0.334899 |	bpp_z_loss: 0.009017 |	bpp_loss: 0.343916 |	mse_loss: 0.000747 |	loss: 0.669198 |	psnr_loss: 31.412693 |
[2024-01-17 08:53:05,700 | INFO | train_one_epoch] Train epoch 7: [90/100 (90.00%)] 	bpp_y_loss: 0.353882 |	bpp_z_loss: 0.009123 |	bpp_loss: 0.363004 |	mse_loss: 0.000808 |	loss: 0.714915 |	psnr_loss: 30.995310 |
[2024-01-17 08:53:09,391 | INFO | train_one_epoch] Train epoch 7: [100/100 (100.00%)] 	bpp_y_loss: 0.324293 |	bpp_z_loss: 0.008828 |	bpp_loss: 0.333121 |	mse_loss: 0.000701 |	loss: 0.638639 |	psnr_loss: 31.688032 |
[2024-01-17 08:53:10,295 | INFO | test_one_epoch] Testing results for epoch 8 | bpp_y_loss=0.28092 | bpp_z_loss=0.00967 | bpp_loss=0.29058 | mse_loss=0.00113 | loss=0.78470 | psnr_loss=30.07232
[2024-01-17 08:53:10,297 | INFO | train_one_epoch] Learning rate: 1e-05
[2024-01-17 08:53:11,285 | INFO | train_one_epoch] Train epoch 8: [0/100 (0.00%)] 	bpp_y_loss: 0.354781 |	bpp_z_loss: 0.009413 |	bpp_loss: 0.364194 |	mse_loss: 0.000818 |	loss: 0.720711 |	psnr_loss: 30.870752 |
[2024-01-17 08:53:14,675 | INFO | train_one_epoch] Train epoch 8: [10/100 (10.00%)] 	bpp_y_loss: 0.331254 |	bpp_z_loss: 0.009056 |	bpp_loss: 0.340311 |	mse_loss: 0.000747 |	loss: 0.665658 |	psnr_loss: 31.382303 |
[2024-01-17 08:53:18,051 | INFO | train_one_epoch] Train epoch 8: [20/100 (20.00%)] 	bpp_y_loss: 0.329127 |	bpp_z_loss: 0.008943 |	bpp_loss: 0.338070 |	mse_loss: 0.000747 |	loss: 0.663414 |	psnr_loss: 31.286991 |
[2024-01-17 08:53:21,432 | INFO | train_one_epoch] Train epoch 8: [30/100 (30.00%)] 	bpp_y_loss: 0.328654 |	bpp_z_loss: 0.008950 |	bpp_loss: 0.337604 |	mse_loss: 0.000697 |	loss: 0.641433 |	psnr_loss: 31.637970 |
[2024-01-17 08:53:24,841 | INFO | train_one_epoch] Train epoch 8: [40/100 (40.00%)] 	bpp_y_loss: 0.320385 |	bpp_z_loss: 0.008833 |	bpp_loss: 0.329218 |	mse_loss: 0.000665 |	loss: 0.618938 |	psnr_loss: 31.857258 |
[2024-01-17 08:53:28,255 | INFO | train_one_epoch] Train epoch 8: [50/100 (50.00%)] 	bpp_y_loss: 0.323148 |	bpp_z_loss: 0.008876 |	bpp_loss: 0.332024 |	mse_loss: 0.000687 |	loss: 0.631345 |	psnr_loss: 31.821024 |
[2024-01-17 08:53:31,687 | INFO | train_one_epoch] Train epoch 8: [60/100 (60.00%)] 	bpp_y_loss: 0.308240 |	bpp_z_loss: 0.008751 |	bpp_loss: 0.316991 |	mse_loss: 0.000622 |	loss: 0.588120 |	psnr_loss: 32.140835 |
[2024-01-17 08:53:35,087 | INFO | train_one_epoch] Train epoch 8: [70/100 (70.00%)] 	bpp_y_loss: 0.328792 |	bpp_z_loss: 0.008964 |	bpp_loss: 0.337756 |	mse_loss: 0.000700 |	loss: 0.642546 |	psnr_loss: 31.662561 |
[2024-01-17 08:53:38,537 | INFO | train_one_epoch] Train epoch 8: [80/100 (80.00%)] 	bpp_y_loss: 0.327045 |	bpp_z_loss: 0.008959 |	bpp_loss: 0.336005 |	mse_loss: 0.000717 |	loss: 0.648595 |	psnr_loss: 31.549246 |
[2024-01-17 08:53:41,927 | INFO | train_one_epoch] Train epoch 8: [90/100 (90.00%)] 	bpp_y_loss: 0.340638 |	bpp_z_loss: 0.008889 |	bpp_loss: 0.349527 |	mse_loss: 0.000737 |	loss: 0.670561 |	psnr_loss: 31.414637 |
[2024-01-17 08:53:45,346 | INFO | train_one_epoch] Train epoch 8: [100/100 (100.00%)] 	bpp_y_loss: 0.314216 |	bpp_z_loss: 0.008831 |	bpp_loss: 0.323047 |	mse_loss: 0.000647 |	loss: 0.604976 |	psnr_loss: 31.927979 |
[2024-01-17 08:53:46,233 | INFO | test_one_epoch] Testing results for epoch 9 | bpp_y_loss=0.28124 | bpp_z_loss=0.00966 | bpp_loss=0.29091 | mse_loss=0.00113 | loss=0.78510 | psnr_loss=30.07085
[2024-01-17 08:53:46,235 | INFO | train_one_epoch] Learning rate: 1e-05
[2024-01-17 08:53:47,190 | INFO | train_one_epoch] Train epoch 9: [0/100 (0.00%)] 	bpp_y_loss: 0.280341 |	bpp_z_loss: 0.008212 |	bpp_loss: 0.288553 |	mse_loss: 0.000520 |	loss: 0.515146 |	psnr_loss: 32.839104 |
[2024-01-17 08:53:50,543 | INFO | train_one_epoch] Train epoch 9: [10/100 (10.00%)] 	bpp_y_loss: 0.316252 |	bpp_z_loss: 0.008919 |	bpp_loss: 0.325171 |	mse_loss: 0.000631 |	loss: 0.600248 |	psnr_loss: 32.058525 |
[2024-01-17 08:53:53,916 | INFO | train_one_epoch] Train epoch 9: [20/100 (20.00%)] 	bpp_y_loss: 0.325188 |	bpp_z_loss: 0.008968 |	bpp_loss: 0.334156 |	mse_loss: 0.000717 |	loss: 0.646424 |	psnr_loss: 31.506865 |
[2024-01-17 08:53:57,308 | INFO | train_one_epoch] Train epoch 9: [30/100 (30.00%)] 	bpp_y_loss: 0.324261 |	bpp_z_loss: 0.008965 |	bpp_loss: 0.333226 |	mse_loss: 0.000713 |	loss: 0.643661 |	psnr_loss: 31.540043 |
[2024-01-17 08:54:00,673 | INFO | train_one_epoch] Train epoch 9: [40/100 (40.00%)] 	bpp_y_loss: 0.324285 |	bpp_z_loss: 0.008895 |	bpp_loss: 0.333180 |	mse_loss: 0.000704 |	loss: 0.639709 |	psnr_loss: 31.578150 |
[2024-01-17 08:54:04,063 | INFO | train_one_epoch] Train epoch 9: [50/100 (50.00%)] 	bpp_y_loss: 0.316531 |	bpp_z_loss: 0.008830 |	bpp_loss: 0.325361 |	mse_loss: 0.000674 |	loss: 0.618932 |	psnr_loss: 31.847961 |
[2024-01-17 08:54:07,439 | INFO | train_one_epoch] Train epoch 9: [60/100 (60.00%)] 	bpp_y_loss: 0.312478 |	bpp_z_loss: 0.008810 |	bpp_loss: 0.321288 |	mse_loss: 0.000664 |	loss: 0.610621 |	psnr_loss: 31.864231 |
[2024-01-17 08:54:10,837 | INFO | train_one_epoch] Train epoch 9: [70/100 (70.00%)] 	bpp_y_loss: 0.315687 |	bpp_z_loss: 0.008947 |	bpp_loss: 0.324634 |	mse_loss: 0.000688 |	loss: 0.624222 |	psnr_loss: 31.718098 |
[2024-01-17 08:54:14,218 | INFO | train_one_epoch] Train epoch 9: [80/100 (80.00%)] 	bpp_y_loss: 0.313107 |	bpp_z_loss: 0.008743 |	bpp_loss: 0.321849 |	mse_loss: 0.000645 |	loss: 0.602786 |	psnr_loss: 31.981277 |
[2024-01-17 08:54:17,595 | INFO | train_one_epoch] Train epoch 9: [90/100 (90.00%)] 	bpp_y_loss: 0.303327 |	bpp_z_loss: 0.008705 |	bpp_loss: 0.312031 |	mse_loss: 0.000598 |	loss: 0.572743 |	psnr_loss: 32.340496 |
[2024-01-17 08:54:21,006 | INFO | train_one_epoch] Train epoch 9: [100/100 (100.00%)] 	bpp_y_loss: 0.322944 |	bpp_z_loss: 0.008871 |	bpp_loss: 0.331815 |	mse_loss: 0.000744 |	loss: 0.655748 |	psnr_loss: 31.407011 |
[2024-01-17 08:54:21,909 | INFO | test_one_epoch] Testing results for epoch 10 | bpp_y_loss=0.28051 | bpp_z_loss=0.00964 | bpp_loss=0.29014 | mse_loss=0.00114 | loss=0.78577 | psnr_loss=30.05752
