[2024-01-18 06:28:50,883 | INFO | <module>] Args: Namespace(model='tcm', lmbda=0.0018, dataset='vimeo90k', epochs=100, steps_per_epoch=10000, type='mse', steps=1000, test_dataset='kodak', adv_steps=10, adv_optimizer='SGD', adv_lr=1000.0, adv_epsilon=0.01, batch_size=4, learning_rate=1e-05, save=True, seed=19260817, clip_max_norm=1.0, checkpoint=None, continue_train=False)
[2024-01-18 06:28:50,884 | INFO | <module>] Lmbda=0.001800000000
[2024-01-18 06:28:50,884 | INFO | <module>] Load weights from /backup1/xyhang/GradAttack/experiments/adversarial-train/baseline/tcm-vimeo90k-0.0018-100x10000/last_epoch.pth.tar
[2024-01-18 06:29:10,878 | INFO | test_one_epoch] Testing results for epoch 0 | bpp_y_loss=0.09209 | bpp_z_loss=0.01114 | bpp_loss=0.10322 | mse_loss=0.00173 | loss=0.30598 | psnr_loss=28.38448
[2024-01-18 06:29:24,774 | INFO | train_one_epoch] Learning rate: 1e-05
[2024-01-18 06:29:31,411 | INFO | train_one_epoch] Train epoch 0: [0/100 (0.00%)] 	bpp_y_loss: 0.280404 |	bpp_z_loss: 0.007194 |	bpp_loss: 0.287597 |	mse_loss: 0.001006 |	loss: 0.405315 |	psnr_loss: 29.975101 |
[2024-01-18 06:30:21,891 | INFO | train_one_epoch] Train epoch 0: [10/100 (10.00%)] 	bpp_y_loss: 0.278210 |	bpp_z_loss: 0.007196 |	bpp_loss: 0.285405 |	mse_loss: 0.001042 |	loss: 0.407309 |	psnr_loss: 29.986200 |
[2024-01-18 06:31:12,111 | INFO | train_one_epoch] Train epoch 0: [20/100 (20.00%)] 	bpp_y_loss: 0.275945 |	bpp_z_loss: 0.007476 |	bpp_loss: 0.283421 |	mse_loss: 0.001145 |	loss: 0.417423 |	psnr_loss: 29.828047 |
[2024-01-18 06:32:02,361 | INFO | train_one_epoch] Train epoch 0: [30/100 (30.00%)] 	bpp_y_loss: 0.271316 |	bpp_z_loss: 0.007251 |	bpp_loss: 0.278567 |	mse_loss: 0.001006 |	loss: 0.396317 |	psnr_loss: 30.160980 |
[2024-01-18 06:32:52,404 | INFO | train_one_epoch] Train epoch 0: [40/100 (40.00%)] 	bpp_y_loss: 0.269548 |	bpp_z_loss: 0.007115 |	bpp_loss: 0.276663 |	mse_loss: 0.000954 |	loss: 0.388298 |	psnr_loss: 30.356741 |
[2024-01-18 06:33:42,917 | INFO | train_one_epoch] Train epoch 0: [50/100 (50.00%)] 	bpp_y_loss: 0.270568 |	bpp_z_loss: 0.007066 |	bpp_loss: 0.277635 |	mse_loss: 0.000961 |	loss: 0.390085 |	psnr_loss: 30.453571 |
[2024-01-18 06:34:33,269 | INFO | train_one_epoch] Train epoch 0: [60/100 (60.00%)] 	bpp_y_loss: 0.270690 |	bpp_z_loss: 0.007017 |	bpp_loss: 0.277707 |	mse_loss: 0.000877 |	loss: 0.380298 |	psnr_loss: 30.859406 |
[2024-01-18 06:35:23,981 | INFO | train_one_epoch] Train epoch 0: [70/100 (70.00%)] 	bpp_y_loss: 0.266980 |	bpp_z_loss: 0.007153 |	bpp_loss: 0.274133 |	mse_loss: 0.000845 |	loss: 0.373002 |	psnr_loss: 30.914343 |
[2024-01-18 06:36:14,710 | INFO | train_one_epoch] Train epoch 0: [80/100 (80.00%)] 	bpp_y_loss: 0.270965 |	bpp_z_loss: 0.007215 |	bpp_loss: 0.278181 |	mse_loss: 0.000963 |	loss: 0.390895 |	psnr_loss: 30.257444 |
[2024-01-18 06:37:04,783 | INFO | train_one_epoch] Train epoch 0: [90/100 (90.00%)] 	bpp_y_loss: 0.285197 |	bpp_z_loss: 0.007209 |	bpp_loss: 0.292406 |	mse_loss: 0.001279 |	loss: 0.442156 |	psnr_loss: 29.224615 |
[2024-01-18 06:37:54,864 | INFO | train_one_epoch] Train epoch 0: [100/100 (100.00%)] 	bpp_y_loss: 0.264110 |	bpp_z_loss: 0.007064 |	bpp_loss: 0.271173 |	mse_loss: 0.000955 |	loss: 0.382921 |	psnr_loss: 30.516092 |
[2024-01-18 06:37:59,949 | INFO | test_one_epoch] Testing results for epoch 1 | bpp_y_loss=0.09279 | bpp_z_loss=0.01118 | bpp_loss=0.10397 | mse_loss=0.00173 | loss=0.30601 | psnr_loss=28.40020
[2024-01-18 06:37:59,956 | INFO | train_one_epoch] Learning rate: 1e-05
[2024-01-18 06:38:05,740 | INFO | train_one_epoch] Train epoch 1: [0/100 (0.00%)] 	bpp_y_loss: 0.267932 |	bpp_z_loss: 0.007429 |	bpp_loss: 0.275360 |	mse_loss: 0.000912 |	loss: 0.382071 |	psnr_loss: 30.401470 |
[2024-01-18 06:38:56,628 | INFO | train_one_epoch] Train epoch 1: [10/100 (10.00%)] 	bpp_y_loss: 0.265702 |	bpp_z_loss: 0.007232 |	bpp_loss: 0.272934 |	mse_loss: 0.000873 |	loss: 0.375112 |	psnr_loss: 30.839689 |
[2024-01-18 06:39:46,761 | INFO | train_one_epoch] Train epoch 1: [20/100 (20.00%)] 	bpp_y_loss: 0.263918 |	bpp_z_loss: 0.007159 |	bpp_loss: 0.271076 |	mse_loss: 0.000850 |	loss: 0.370618 |	psnr_loss: 30.860022 |
[2024-01-18 06:40:36,986 | INFO | train_one_epoch] Train epoch 1: [30/100 (30.00%)] 	bpp_y_loss: 0.265629 |	bpp_z_loss: 0.007118 |	bpp_loss: 0.272747 |	mse_loss: 0.000875 |	loss: 0.375143 |	psnr_loss: 30.759541 |
[2024-01-18 06:41:27,448 | INFO | train_one_epoch] Train epoch 1: [40/100 (40.00%)] 	bpp_y_loss: 0.257290 |	bpp_z_loss: 0.007132 |	bpp_loss: 0.264423 |	mse_loss: 0.000780 |	loss: 0.355762 |	psnr_loss: 31.173939 |
[2024-01-18 06:42:17,669 | INFO | train_one_epoch] Train epoch 1: [50/100 (50.00%)] 	bpp_y_loss: 0.271213 |	bpp_z_loss: 0.007212 |	bpp_loss: 0.278426 |	mse_loss: 0.001040 |	loss: 0.400202 |	psnr_loss: 30.138838 |
[2024-01-18 06:43:08,367 | INFO | train_one_epoch] Train epoch 1: [60/100 (60.00%)] 	bpp_y_loss: 0.274801 |	bpp_z_loss: 0.007222 |	bpp_loss: 0.282023 |	mse_loss: 0.001022 |	loss: 0.401619 |	psnr_loss: 30.122732 |
[2024-01-18 06:43:58,282 | INFO | train_one_epoch] Train epoch 1: [70/100 (70.00%)] 	bpp_y_loss: 0.272951 |	bpp_z_loss: 0.007213 |	bpp_loss: 0.280164 |	mse_loss: 0.000985 |	loss: 0.395497 |	psnr_loss: 30.236067 |
[2024-01-18 06:44:48,122 | INFO | train_one_epoch] Train epoch 1: [80/100 (80.00%)] 	bpp_y_loss: 0.269373 |	bpp_z_loss: 0.007126 |	bpp_loss: 0.276499 |	mse_loss: 0.000971 |	loss: 0.390164 |	psnr_loss: 30.440763 |
[2024-01-18 06:45:38,020 | INFO | train_one_epoch] Train epoch 1: [90/100 (90.00%)] 	bpp_y_loss: 0.271826 |	bpp_z_loss: 0.007118 |	bpp_loss: 0.278944 |	mse_loss: 0.001061 |	loss: 0.403118 |	psnr_loss: 30.101761 |
[2024-01-18 06:46:27,849 | INFO | train_one_epoch] Train epoch 1: [100/100 (100.00%)] 	bpp_y_loss: 0.275791 |	bpp_z_loss: 0.007257 |	bpp_loss: 0.283048 |	mse_loss: 0.001037 |	loss: 0.404386 |	psnr_loss: 30.162504 |
[2024-01-18 06:46:32,810 | INFO | test_one_epoch] Testing results for epoch 2 | bpp_y_loss=0.09252 | bpp_z_loss=0.01119 | bpp_loss=0.10372 | mse_loss=0.00173 | loss=0.30575 | psnr_loss=28.40206
[2024-01-18 06:46:32,818 | INFO | train_one_epoch] Learning rate: 1e-05
[2024-01-18 06:46:38,439 | INFO | train_one_epoch] Train epoch 2: [0/100 (0.00%)] 	bpp_y_loss: 0.284076 |	bpp_z_loss: 0.007178 |	bpp_loss: 0.291254 |	mse_loss: 0.001171 |	loss: 0.428337 |	psnr_loss: 29.313690 |
[2024-01-18 06:47:28,142 | INFO | train_one_epoch] Train epoch 2: [10/100 (10.00%)] 	bpp_y_loss: 0.264231 |	bpp_z_loss: 0.007096 |	bpp_loss: 0.271328 |	mse_loss: 0.000906 |	loss: 0.377370 |	psnr_loss: 30.694702 |
[2024-01-18 06:48:18,058 | INFO | train_one_epoch] Train epoch 2: [20/100 (20.00%)] 	bpp_y_loss: 0.261416 |	bpp_z_loss: 0.007193 |	bpp_loss: 0.268609 |	mse_loss: 0.000877 |	loss: 0.371223 |	psnr_loss: 30.877457 |
[2024-01-18 06:49:08,286 | INFO | train_one_epoch] Train epoch 2: [30/100 (30.00%)] 	bpp_y_loss: 0.279655 |	bpp_z_loss: 0.007245 |	bpp_loss: 0.286900 |	mse_loss: 0.001096 |	loss: 0.415210 |	psnr_loss: 29.680128 |
[2024-01-18 06:49:58,129 | INFO | train_one_epoch] Train epoch 2: [40/100 (40.00%)] 	bpp_y_loss: 0.273293 |	bpp_z_loss: 0.007215 |	bpp_loss: 0.280508 |	mse_loss: 0.001141 |	loss: 0.414021 |	psnr_loss: 29.575016 |
[2024-01-18 06:50:48,067 | INFO | train_one_epoch] Train epoch 2: [50/100 (50.00%)] 	bpp_y_loss: 0.283539 |	bpp_z_loss: 0.007480 |	bpp_loss: 0.291019 |	mse_loss: 0.001114 |	loss: 0.421363 |	psnr_loss: 29.627890 |
[2024-01-18 06:51:38,090 | INFO | train_one_epoch] Train epoch 2: [60/100 (60.00%)] 	bpp_y_loss: 0.266586 |	bpp_z_loss: 0.007167 |	bpp_loss: 0.273754 |	mse_loss: 0.000960 |	loss: 0.386065 |	psnr_loss: 30.395548 |
[2024-01-18 06:52:28,078 | INFO | train_one_epoch] Train epoch 2: [70/100 (70.00%)] 	bpp_y_loss: 0.271851 |	bpp_z_loss: 0.007323 |	bpp_loss: 0.279174 |	mse_loss: 0.000942 |	loss: 0.389467 |	psnr_loss: 30.353846 |
[2024-01-18 06:53:18,490 | INFO | train_one_epoch] Train epoch 2: [80/100 (80.00%)] 	bpp_y_loss: 0.272277 |	bpp_z_loss: 0.007280 |	bpp_loss: 0.279557 |	mse_loss: 0.000999 |	loss: 0.396463 |	psnr_loss: 30.352064 |
[2024-01-18 06:54:08,160 | INFO | train_one_epoch] Train epoch 2: [90/100 (90.00%)] 	bpp_y_loss: 0.265341 |	bpp_z_loss: 0.007263 |	bpp_loss: 0.272604 |	mse_loss: 0.000911 |	loss: 0.379202 |	psnr_loss: 30.697193 |
[2024-01-18 06:54:58,031 | INFO | train_one_epoch] Train epoch 2: [100/100 (100.00%)] 	bpp_y_loss: 0.270179 |	bpp_z_loss: 0.007281 |	bpp_loss: 0.277460 |	mse_loss: 0.000987 |	loss: 0.392928 |	psnr_loss: 30.367270 |
[2024-01-18 06:55:03,066 | INFO | test_one_epoch] Testing results for epoch 3 | bpp_y_loss=0.09264 | bpp_z_loss=0.01093 | bpp_loss=0.10356 | mse_loss=0.00174 | loss=0.30680 | psnr_loss=28.37801
[2024-01-18 06:55:03,077 | INFO | train_one_epoch] Learning rate: 1e-05
[2024-01-18 06:55:09,002 | INFO | train_one_epoch] Train epoch 3: [0/100 (0.00%)] 	bpp_y_loss: 0.252561 |	bpp_z_loss: 0.007560 |	bpp_loss: 0.260121 |	mse_loss: 0.000990 |	loss: 0.375991 |	psnr_loss: 30.043840 |
[2024-01-18 06:55:58,985 | INFO | train_one_epoch] Train epoch 3: [10/100 (10.00%)] 	bpp_y_loss: 0.271044 |	bpp_z_loss: 0.007093 |	bpp_loss: 0.278138 |	mse_loss: 0.000894 |	loss: 0.382805 |	psnr_loss: 30.599426 |
[2024-01-18 06:56:48,902 | INFO | train_one_epoch] Train epoch 3: [20/100 (20.00%)] 	bpp_y_loss: 0.279357 |	bpp_z_loss: 0.007360 |	bpp_loss: 0.286716 |	mse_loss: 0.001050 |	loss: 0.409625 |	psnr_loss: 29.973850 |
[2024-01-18 06:57:39,148 | INFO | train_one_epoch] Train epoch 3: [30/100 (30.00%)] 	bpp_y_loss: 0.277067 |	bpp_z_loss: 0.007233 |	bpp_loss: 0.284301 |	mse_loss: 0.001183 |	loss: 0.422805 |	psnr_loss: 29.793089 |
[2024-01-18 06:58:29,098 | INFO | train_one_epoch] Train epoch 3: [40/100 (40.00%)] 	bpp_y_loss: 0.271889 |	bpp_z_loss: 0.007155 |	bpp_loss: 0.279044 |	mse_loss: 0.000961 |	loss: 0.391567 |	psnr_loss: 30.238800 |
[2024-01-18 06:59:19,005 | INFO | train_one_epoch] Train epoch 3: [50/100 (50.00%)] 	bpp_y_loss: 0.267774 |	bpp_z_loss: 0.007234 |	bpp_loss: 0.275008 |	mse_loss: 0.000921 |	loss: 0.382754 |	psnr_loss: 30.470524 |
[2024-01-18 07:00:09,328 | INFO | train_one_epoch] Train epoch 3: [60/100 (60.00%)] 	bpp_y_loss: 0.262449 |	bpp_z_loss: 0.007100 |	bpp_loss: 0.269549 |	mse_loss: 0.000912 |	loss: 0.376321 |	psnr_loss: 30.632862 |
[2024-01-18 07:00:59,514 | INFO | train_one_epoch] Train epoch 3: [70/100 (70.00%)] 	bpp_y_loss: 0.275547 |	bpp_z_loss: 0.007492 |	bpp_loss: 0.283040 |	mse_loss: 0.001088 |	loss: 0.410407 |	psnr_loss: 29.928106 |
[2024-01-18 07:01:49,034 | INFO | train_one_epoch] Train epoch 3: [80/100 (80.00%)] 	bpp_y_loss: 0.267507 |	bpp_z_loss: 0.007260 |	bpp_loss: 0.274766 |	mse_loss: 0.000896 |	loss: 0.379593 |	psnr_loss: 30.620972 |
[2024-01-18 07:02:39,121 | INFO | train_one_epoch] Train epoch 3: [90/100 (90.00%)] 	bpp_y_loss: 0.274029 |	bpp_z_loss: 0.007161 |	bpp_loss: 0.281190 |	mse_loss: 0.000979 |	loss: 0.395750 |	psnr_loss: 30.186090 |
[2024-01-18 07:03:28,824 | INFO | train_one_epoch] Train epoch 3: [100/100 (100.00%)] 	bpp_y_loss: 0.267905 |	bpp_z_loss: 0.007172 |	bpp_loss: 0.275077 |	mse_loss: 0.000945 |	loss: 0.385720 |	psnr_loss: 30.519733 |
[2024-01-18 07:03:33,823 | INFO | test_one_epoch] Testing results for epoch 4 | bpp_y_loss=0.09211 | bpp_z_loss=0.01074 | bpp_loss=0.10284 | mse_loss=0.00173 | loss=0.30577 | psnr_loss=28.37944
[2024-01-18 07:03:33,841 | INFO | train_one_epoch] Learning rate: 1e-05
[2024-01-18 07:03:39,428 | INFO | train_one_epoch] Train epoch 4: [0/100 (0.00%)] 	bpp_y_loss: 0.292283 |	bpp_z_loss: 0.007503 |	bpp_loss: 0.299786 |	mse_loss: 0.001129 |	loss: 0.431889 |	psnr_loss: 29.474384 |
[2024-01-18 07:04:29,071 | INFO | train_one_epoch] Train epoch 4: [10/100 (10.00%)] 	bpp_y_loss: 0.269225 |	bpp_z_loss: 0.007271 |	bpp_loss: 0.276496 |	mse_loss: 0.000966 |	loss: 0.389614 |	psnr_loss: 30.323257 |
[2024-01-18 07:05:18,809 | INFO | train_one_epoch] Train epoch 4: [20/100 (20.00%)] 	bpp_y_loss: 0.261254 |	bpp_z_loss: 0.007355 |	bpp_loss: 0.268609 |	mse_loss: 0.000796 |	loss: 0.361738 |	psnr_loss: 31.059244 |
[2024-01-18 07:06:08,235 | INFO | train_one_epoch] Train epoch 4: [30/100 (30.00%)] 	bpp_y_loss: 0.278873 |	bpp_z_loss: 0.007371 |	bpp_loss: 0.286245 |	mse_loss: 0.001153 |	loss: 0.421238 |	psnr_loss: 29.633890 |
[2024-01-18 07:06:58,059 | INFO | train_one_epoch] Train epoch 4: [40/100 (40.00%)] 	bpp_y_loss: 0.275050 |	bpp_z_loss: 0.007143 |	bpp_loss: 0.282193 |	mse_loss: 0.001135 |	loss: 0.415048 |	psnr_loss: 29.778952 |
[2024-01-18 07:07:47,656 | INFO | train_one_epoch] Train epoch 4: [50/100 (50.00%)] 	bpp_y_loss: 0.283426 |	bpp_z_loss: 0.007338 |	bpp_loss: 0.290764 |	mse_loss: 0.001148 |	loss: 0.425128 |	psnr_loss: 29.519064 |
[2024-01-18 07:08:37,444 | INFO | train_one_epoch] Train epoch 4: [60/100 (60.00%)] 	bpp_y_loss: 0.271677 |	bpp_z_loss: 0.006909 |	bpp_loss: 0.278586 |	mse_loss: 0.001065 |	loss: 0.403220 |	psnr_loss: 29.975830 |
[2024-01-18 07:09:27,171 | INFO | train_one_epoch] Train epoch 4: [70/100 (70.00%)] 	bpp_y_loss: 0.282514 |	bpp_z_loss: 0.007354 |	bpp_loss: 0.289869 |	mse_loss: 0.001305 |	loss: 0.442635 |	psnr_loss: 29.246450 |
[2024-01-18 07:10:17,357 | INFO | train_one_epoch] Train epoch 4: [80/100 (80.00%)] 	bpp_y_loss: 0.281545 |	bpp_z_loss: 0.007209 |	bpp_loss: 0.288754 |	mse_loss: 0.001215 |	loss: 0.430908 |	psnr_loss: 29.391821 |
[2024-01-18 07:11:07,034 | INFO | train_one_epoch] Train epoch 4: [90/100 (90.00%)] 	bpp_y_loss: 0.274375 |	bpp_z_loss: 0.007299 |	bpp_loss: 0.281674 |	mse_loss: 0.001072 |	loss: 0.407166 |	psnr_loss: 29.958139 |
[2024-01-18 07:11:57,427 | INFO | train_one_epoch] Train epoch 4: [100/100 (100.00%)] 	bpp_y_loss: 0.272924 |	bpp_z_loss: 0.007341 |	bpp_loss: 0.280265 |	mse_loss: 0.000935 |	loss: 0.389697 |	psnr_loss: 30.524250 |
[2024-01-18 07:12:02,460 | INFO | test_one_epoch] Testing results for epoch 5 | bpp_y_loss=0.09244 | bpp_z_loss=0.01097 | bpp_loss=0.10342 | mse_loss=0.00173 | loss=0.30576 | psnr_loss=28.39205
[2024-01-18 07:12:02,471 | INFO | train_one_epoch] Learning rate: 1e-05
[2024-01-18 07:12:08,140 | INFO | train_one_epoch] Train epoch 5: [0/100 (0.00%)] 	bpp_y_loss: 0.271012 |	bpp_z_loss: 0.007865 |	bpp_loss: 0.278877 |	mse_loss: 0.000922 |	loss: 0.386840 |	psnr_loss: 30.350811 |
[2024-01-18 07:12:57,863 | INFO | train_one_epoch] Train epoch 5: [10/100 (10.00%)] 	bpp_y_loss: 0.264774 |	bpp_z_loss: 0.007285 |	bpp_loss: 0.272059 |	mse_loss: 0.000894 |	loss: 0.376668 |	psnr_loss: 30.646662 |
[2024-01-18 07:13:47,939 | INFO | train_one_epoch] Train epoch 5: [20/100 (20.00%)] 	bpp_y_loss: 0.274316 |	bpp_z_loss: 0.007273 |	bpp_loss: 0.281589 |	mse_loss: 0.000994 |	loss: 0.397948 |	psnr_loss: 30.251053 |
[2024-01-18 07:14:37,949 | INFO | train_one_epoch] Train epoch 5: [30/100 (30.00%)] 	bpp_y_loss: 0.266859 |	bpp_z_loss: 0.007232 |	bpp_loss: 0.274090 |	mse_loss: 0.000882 |	loss: 0.377354 |	psnr_loss: 30.684217 |
[2024-01-18 07:15:27,393 | INFO | train_one_epoch] Train epoch 5: [40/100 (40.00%)] 	bpp_y_loss: 0.284542 |	bpp_z_loss: 0.007291 |	bpp_loss: 0.291834 |	mse_loss: 0.001197 |	loss: 0.431892 |	psnr_loss: 29.576986 |
[2024-01-18 07:16:16,838 | INFO | train_one_epoch] Train epoch 5: [50/100 (50.00%)] 	bpp_y_loss: 0.270570 |	bpp_z_loss: 0.007226 |	bpp_loss: 0.277796 |	mse_loss: 0.001030 |	loss: 0.398302 |	psnr_loss: 30.131388 |
[2024-01-18 07:17:06,445 | INFO | train_one_epoch] Train epoch 5: [60/100 (60.00%)] 	bpp_y_loss: 0.269397 |	bpp_z_loss: 0.007258 |	bpp_loss: 0.276655 |	mse_loss: 0.001054 |	loss: 0.400036 |	psnr_loss: 30.245337 |
[2024-01-18 07:17:55,406 | INFO | train_one_epoch] Train epoch 5: [70/100 (70.00%)] 	bpp_y_loss: 0.272249 |	bpp_z_loss: 0.007226 |	bpp_loss: 0.279475 |	mse_loss: 0.000940 |	loss: 0.389487 |	psnr_loss: 30.523527 |
[2024-01-18 07:18:44,915 | INFO | train_one_epoch] Train epoch 5: [80/100 (80.00%)] 	bpp_y_loss: 0.266345 |	bpp_z_loss: 0.007314 |	bpp_loss: 0.273659 |	mse_loss: 0.000871 |	loss: 0.375606 |	psnr_loss: 30.681791 |
[2024-01-18 07:19:34,594 | INFO | train_one_epoch] Train epoch 5: [90/100 (90.00%)] 	bpp_y_loss: 0.273473 |	bpp_z_loss: 0.007190 |	bpp_loss: 0.280662 |	mse_loss: 0.001034 |	loss: 0.401637 |	psnr_loss: 29.982874 |
[2024-01-18 07:20:24,326 | INFO | train_one_epoch] Train epoch 5: [100/100 (100.00%)] 	bpp_y_loss: 0.269076 |	bpp_z_loss: 0.007130 |	bpp_loss: 0.276206 |	mse_loss: 0.000910 |	loss: 0.382707 |	psnr_loss: 30.561316 |
[2024-01-18 07:20:29,256 | INFO | test_one_epoch] Testing results for epoch 6 | bpp_y_loss=0.09249 | bpp_z_loss=0.01126 | bpp_loss=0.10375 | mse_loss=0.00173 | loss=0.30610 | psnr_loss=28.39518
[2024-01-18 07:20:29,262 | INFO | train_one_epoch] Learning rate: 1e-05
[2024-01-18 07:20:34,843 | INFO | train_one_epoch] Train epoch 6: [0/100 (0.00%)] 	bpp_y_loss: 0.280430 |	bpp_z_loss: 0.007560 |	bpp_loss: 0.287990 |	mse_loss: 0.001659 |	loss: 0.482198 |	psnr_loss: 27.800844 |
[2024-01-18 07:21:24,641 | INFO | train_one_epoch] Train epoch 6: [10/100 (10.00%)] 	bpp_y_loss: 0.269879 |	bpp_z_loss: 0.007222 |	bpp_loss: 0.277101 |	mse_loss: 0.000976 |	loss: 0.391289 |	psnr_loss: 30.526545 |
[2024-01-18 07:22:14,706 | INFO | train_one_epoch] Train epoch 6: [20/100 (20.00%)] 	bpp_y_loss: 0.272343 |	bpp_z_loss: 0.007318 |	bpp_loss: 0.279661 |	mse_loss: 0.000918 |	loss: 0.387055 |	psnr_loss: 30.524750 |
[2024-01-18 07:23:04,497 | INFO | train_one_epoch] Train epoch 6: [30/100 (30.00%)] 	bpp_y_loss: 0.267802 |	bpp_z_loss: 0.007137 |	bpp_loss: 0.274939 |	mse_loss: 0.000889 |	loss: 0.378970 |	psnr_loss: 30.665222 |
[2024-01-18 07:23:54,366 | INFO | train_one_epoch] Train epoch 6: [40/100 (40.00%)] 	bpp_y_loss: 0.273281 |	bpp_z_loss: 0.007198 |	bpp_loss: 0.280479 |	mse_loss: 0.001092 |	loss: 0.408293 |	psnr_loss: 29.937696 |
[2024-01-18 07:24:43,772 | INFO | train_one_epoch] Train epoch 6: [50/100 (50.00%)] 	bpp_y_loss: 0.271178 |	bpp_z_loss: 0.007291 |	bpp_loss: 0.278468 |	mse_loss: 0.001042 |	loss: 0.400476 |	psnr_loss: 29.964285 |
[2024-01-18 07:25:33,294 | INFO | train_one_epoch] Train epoch 6: [60/100 (60.00%)] 	bpp_y_loss: 0.280800 |	bpp_z_loss: 0.007244 |	bpp_loss: 0.288044 |	mse_loss: 0.001099 |	loss: 0.416720 |	psnr_loss: 29.804579 |
[2024-01-18 07:26:23,169 | INFO | train_one_epoch] Train epoch 6: [70/100 (70.00%)] 	bpp_y_loss: 0.264131 |	bpp_z_loss: 0.007084 |	bpp_loss: 0.271215 |	mse_loss: 0.000947 |	loss: 0.382071 |	psnr_loss: 30.359125 |
[2024-01-18 07:27:12,820 | INFO | train_one_epoch] Train epoch 6: [80/100 (80.00%)] 	bpp_y_loss: 0.276302 |	bpp_z_loss: 0.007169 |	bpp_loss: 0.283471 |	mse_loss: 0.000957 |	loss: 0.395473 |	psnr_loss: 30.435530 |
[2024-01-18 07:28:02,485 | INFO | train_one_epoch] Train epoch 6: [90/100 (90.00%)] 	bpp_y_loss: 0.272919 |	bpp_z_loss: 0.007314 |	bpp_loss: 0.280234 |	mse_loss: 0.000980 |	loss: 0.394892 |	psnr_loss: 30.327597 |
[2024-01-18 07:28:52,585 | INFO | train_one_epoch] Train epoch 6: [100/100 (100.00%)] 	bpp_y_loss: 0.277346 |	bpp_z_loss: 0.007503 |	bpp_loss: 0.284849 |	mse_loss: 0.000999 |	loss: 0.401746 |	psnr_loss: 30.241419 |
[2024-01-18 07:28:57,626 | INFO | test_one_epoch] Testing results for epoch 7 | bpp_y_loss=0.09186 | bpp_z_loss=0.01147 | bpp_loss=0.10333 | mse_loss=0.00173 | loss=0.30627 | psnr_loss=28.37846
[2024-01-18 07:28:57,636 | INFO | train_one_epoch] Learning rate: 1e-05
[2024-01-18 07:29:03,246 | INFO | train_one_epoch] Train epoch 7: [0/100 (0.00%)] 	bpp_y_loss: 0.261077 |	bpp_z_loss: 0.007263 |	bpp_loss: 0.268340 |	mse_loss: 0.000889 |	loss: 0.372394 |	psnr_loss: 30.510923 |
[2024-01-18 07:29:52,716 | INFO | train_one_epoch] Train epoch 7: [10/100 (10.00%)] 	bpp_y_loss: 0.273318 |	bpp_z_loss: 0.007359 |	bpp_loss: 0.280677 |	mse_loss: 0.001026 |	loss: 0.400735 |	psnr_loss: 30.101700 |
[2024-01-18 07:30:41,973 | INFO | train_one_epoch] Train epoch 7: [20/100 (20.00%)] 	bpp_y_loss: 0.276726 |	bpp_z_loss: 0.007371 |	bpp_loss: 0.284097 |	mse_loss: 0.001087 |	loss: 0.411280 |	psnr_loss: 29.689756 |
[2024-01-18 07:31:31,800 | INFO | train_one_epoch] Train epoch 7: [30/100 (30.00%)] 	bpp_y_loss: 0.276632 |	bpp_z_loss: 0.007322 |	bpp_loss: 0.283953 |	mse_loss: 0.001031 |	loss: 0.404631 |	psnr_loss: 29.913374 |
[2024-01-18 07:32:21,185 | INFO | train_one_epoch] Train epoch 7: [40/100 (40.00%)] 	bpp_y_loss: 0.269420 |	bpp_z_loss: 0.007145 |	bpp_loss: 0.276565 |	mse_loss: 0.000958 |	loss: 0.388675 |	psnr_loss: 30.316727 |
[2024-01-18 07:33:10,902 | INFO | train_one_epoch] Train epoch 7: [50/100 (50.00%)] 	bpp_y_loss: 0.275427 |	bpp_z_loss: 0.007263 |	bpp_loss: 0.282690 |	mse_loss: 0.001045 |	loss: 0.404991 |	psnr_loss: 30.107298 |
[2024-01-18 07:34:00,574 | INFO | train_one_epoch] Train epoch 7: [60/100 (60.00%)] 	bpp_y_loss: 0.274417 |	bpp_z_loss: 0.007400 |	bpp_loss: 0.281817 |	mse_loss: 0.001034 |	loss: 0.402871 |	psnr_loss: 29.959518 |
[2024-01-18 07:34:50,712 | INFO | train_one_epoch] Train epoch 7: [70/100 (70.00%)] 	bpp_y_loss: 0.276690 |	bpp_z_loss: 0.007362 |	bpp_loss: 0.284053 |	mse_loss: 0.001079 |	loss: 0.410379 |	psnr_loss: 29.975845 |
[2024-01-18 07:35:40,158 | INFO | train_one_epoch] Train epoch 7: [80/100 (80.00%)] 	bpp_y_loss: 0.271642 |	bpp_z_loss: 0.007123 |	bpp_loss: 0.278765 |	mse_loss: 0.000967 |	loss: 0.391906 |	psnr_loss: 30.360769 |
[2024-01-18 07:36:29,710 | INFO | train_one_epoch] Train epoch 7: [90/100 (90.00%)] 	bpp_y_loss: 0.265388 |	bpp_z_loss: 0.007277 |	bpp_loss: 0.272665 |	mse_loss: 0.001043 |	loss: 0.394785 |	psnr_loss: 30.209461 |
[2024-01-18 07:37:19,474 | INFO | train_one_epoch] Train epoch 7: [100/100 (100.00%)] 	bpp_y_loss: 0.284974 |	bpp_z_loss: 0.007317 |	bpp_loss: 0.292291 |	mse_loss: 0.001168 |	loss: 0.429038 |	psnr_loss: 29.573048 |
[2024-01-18 07:37:24,481 | INFO | test_one_epoch] Testing results for epoch 8 | bpp_y_loss=0.09339 | bpp_z_loss=0.01070 | bpp_loss=0.10409 | mse_loss=0.00173 | loss=0.30627 | psnr_loss=28.39508
[2024-01-18 07:37:24,492 | INFO | train_one_epoch] Learning rate: 1e-05
[2024-01-18 07:37:30,148 | INFO | train_one_epoch] Train epoch 8: [0/100 (0.00%)] 	bpp_y_loss: 0.252808 |	bpp_z_loss: 0.007591 |	bpp_loss: 0.260399 |	mse_loss: 0.000704 |	loss: 0.342748 |	psnr_loss: 31.526932 |
[2024-01-18 07:38:20,009 | INFO | train_one_epoch] Train epoch 8: [10/100 (10.00%)] 	bpp_y_loss: 0.268392 |	bpp_z_loss: 0.007145 |	bpp_loss: 0.275536 |	mse_loss: 0.000932 |	loss: 0.384653 |	psnr_loss: 30.537123 |
[2024-01-18 07:39:09,719 | INFO | train_one_epoch] Train epoch 8: [20/100 (20.00%)] 	bpp_y_loss: 0.272055 |	bpp_z_loss: 0.007198 |	bpp_loss: 0.279253 |	mse_loss: 0.001045 |	loss: 0.401585 |	psnr_loss: 30.117054 |
[2024-01-18 07:39:59,295 | INFO | train_one_epoch] Train epoch 8: [30/100 (30.00%)] 	bpp_y_loss: 0.267935 |	bpp_z_loss: 0.007122 |	bpp_loss: 0.275057 |	mse_loss: 0.000965 |	loss: 0.387998 |	psnr_loss: 30.301855 |
[2024-01-18 07:40:48,793 | INFO | train_one_epoch] Train epoch 8: [40/100 (40.00%)] 	bpp_y_loss: 0.266598 |	bpp_z_loss: 0.007045 |	bpp_loss: 0.273643 |	mse_loss: 0.000904 |	loss: 0.379430 |	psnr_loss: 30.917139 |
[2024-01-18 07:41:38,704 | INFO | train_one_epoch] Train epoch 8: [50/100 (50.00%)] 	bpp_y_loss: 0.275391 |	bpp_z_loss: 0.007407 |	bpp_loss: 0.282798 |	mse_loss: 0.001087 |	loss: 0.410059 |	psnr_loss: 29.860767 |
[2024-01-18 07:42:27,982 | INFO | train_one_epoch] Train epoch 8: [60/100 (60.00%)] 	bpp_y_loss: 0.268776 |	bpp_z_loss: 0.007292 |	bpp_loss: 0.276069 |	mse_loss: 0.000850 |	loss: 0.375554 |	psnr_loss: 30.821430 |
[2024-01-18 07:43:17,789 | INFO | train_one_epoch] Train epoch 8: [70/100 (70.00%)] 	bpp_y_loss: 0.261405 |	bpp_z_loss: 0.007026 |	bpp_loss: 0.268431 |	mse_loss: 0.000830 |	loss: 0.365608 |	psnr_loss: 31.089558 |
[2024-01-18 07:44:07,327 | INFO | train_one_epoch] Train epoch 8: [80/100 (80.00%)] 	bpp_y_loss: 0.283274 |	bpp_z_loss: 0.007341 |	bpp_loss: 0.290615 |	mse_loss: 0.001238 |	loss: 0.435479 |	psnr_loss: 29.464085 |
[2024-01-18 07:44:56,542 | INFO | train_one_epoch] Train epoch 8: [90/100 (90.00%)] 	bpp_y_loss: 0.265053 |	bpp_z_loss: 0.007226 |	bpp_loss: 0.272279 |	mse_loss: 0.000914 |	loss: 0.379283 |	psnr_loss: 30.578485 |
[2024-01-18 07:45:46,109 | INFO | train_one_epoch] Train epoch 8: [100/100 (100.00%)] 	bpp_y_loss: 0.273628 |	bpp_z_loss: 0.007397 |	bpp_loss: 0.281026 |	mse_loss: 0.000921 |	loss: 0.388775 |	psnr_loss: 30.539179 |
[2024-01-18 07:45:51,132 | INFO | test_one_epoch] Testing results for epoch 9 | bpp_y_loss=0.09337 | bpp_z_loss=0.01081 | bpp_loss=0.10418 | mse_loss=0.00173 | loss=0.30648 | psnr_loss=28.39431
[2024-01-18 07:45:51,141 | INFO | train_one_epoch] Learning rate: 1e-05
[2024-01-18 07:45:56,604 | INFO | train_one_epoch] Train epoch 9: [0/100 (0.00%)] 	bpp_y_loss: 0.272631 |	bpp_z_loss: 0.006952 |	bpp_loss: 0.279583 |	mse_loss: 0.000766 |	loss: 0.369291 |	psnr_loss: 31.155207 |
[2024-01-18 07:46:46,065 | INFO | train_one_epoch] Train epoch 9: [10/100 (10.00%)] 	bpp_y_loss: 0.260798 |	bpp_z_loss: 0.007023 |	bpp_loss: 0.267822 |	mse_loss: 0.000844 |	loss: 0.366559 |	psnr_loss: 30.964685 |
[2024-01-18 07:47:35,426 | INFO | train_one_epoch] Train epoch 9: [20/100 (20.00%)] 	bpp_y_loss: 0.281614 |	bpp_z_loss: 0.007193 |	bpp_loss: 0.288807 |	mse_loss: 0.001041 |	loss: 0.410684 |	psnr_loss: 30.258528 |
[2024-01-18 07:48:25,227 | INFO | train_one_epoch] Train epoch 9: [30/100 (30.00%)] 	bpp_y_loss: 0.263666 |	bpp_z_loss: 0.007195 |	bpp_loss: 0.270861 |	mse_loss: 0.000921 |	loss: 0.378704 |	psnr_loss: 30.553833 |
[2024-01-18 07:49:14,787 | INFO | train_one_epoch] Train epoch 9: [40/100 (40.00%)] 	bpp_y_loss: 0.268838 |	bpp_z_loss: 0.007231 |	bpp_loss: 0.276069 |	mse_loss: 0.000978 |	loss: 0.390515 |	psnr_loss: 30.334309 |
[2024-01-18 07:50:04,556 | INFO | train_one_epoch] Train epoch 9: [50/100 (50.00%)] 	bpp_y_loss: 0.282921 |	bpp_z_loss: 0.007323 |	bpp_loss: 0.290243 |	mse_loss: 0.001133 |	loss: 0.422888 |	psnr_loss: 29.652887 |
[2024-01-18 07:50:54,604 | INFO | train_one_epoch] Train epoch 9: [60/100 (60.00%)] 	bpp_y_loss: 0.270178 |	bpp_z_loss: 0.007333 |	bpp_loss: 0.277511 |	mse_loss: 0.001010 |	loss: 0.395778 |	psnr_loss: 30.007401 |
[2024-01-18 07:51:44,921 | INFO | train_one_epoch] Train epoch 9: [70/100 (70.00%)] 	bpp_y_loss: 0.273939 |	bpp_z_loss: 0.007099 |	bpp_loss: 0.281038 |	mse_loss: 0.001076 |	loss: 0.406989 |	psnr_loss: 29.801731 |
[2024-01-18 07:52:34,785 | INFO | train_one_epoch] Train epoch 9: [80/100 (80.00%)] 	bpp_y_loss: 0.261507 |	bpp_z_loss: 0.007148 |	bpp_loss: 0.268655 |	mse_loss: 0.000910 |	loss: 0.375165 |	psnr_loss: 30.604801 |
[2024-01-18 07:53:24,603 | INFO | train_one_epoch] Train epoch 9: [90/100 (90.00%)] 	bpp_y_loss: 0.281407 |	bpp_z_loss: 0.007130 |	bpp_loss: 0.288537 |	mse_loss: 0.001051 |	loss: 0.411574 |	psnr_loss: 29.917974 |
[2024-01-18 07:54:14,510 | INFO | train_one_epoch] Train epoch 9: [100/100 (100.00%)] 	bpp_y_loss: 0.271450 |	bpp_z_loss: 0.007232 |	bpp_loss: 0.278681 |	mse_loss: 0.000950 |	loss: 0.389913 |	psnr_loss: 30.449921 |
[2024-01-18 07:54:19,636 | INFO | test_one_epoch] Testing results for epoch 10 | bpp_y_loss=0.09222 | bpp_z_loss=0.01084 | bpp_loss=0.10306 | mse_loss=0.00173 | loss=0.30596 | psnr_loss=28.38125
