[2024-01-17 07:52:11,932 | INFO | <module>] Args: Namespace(model='bmshj2018_hyperprior', lmbda=0.0932, dataset='vimeo90k', epochs=100, steps_per_epoch=10000, type='mse', steps=1000, adv_steps=10, adv_optimizer='Adam', adv_lr=0.001, adv_epsilon=0.001, batch_size=8, learning_rate=1e-05, save=True, seed=19260817, clip_max_norm=1.0, checkpoint=None, continue_train=False)
[2024-01-17 07:52:11,934 | INFO | <module>] Lmbda=0.093200000000
[2024-01-17 07:52:11,934 | INFO | <module>] Load weights from /backup1/xyhang/GradAttack/experiments/adversarial-train/baseline/bmshj2018_hyperprior-vimeo90k-0.0932-100x10000/last_epoch.pth.tar
[2024-01-17 07:52:15,512 | INFO | test_one_epoch] Testing results for epoch 0 | bpp_y_loss=1.10893 | bpp_z_loss=0.01746 | bpp_loss=1.12639 | mse_loss=0.00026 | loss=2.71851 | psnr_loss=36.43308
[2024-01-17 07:52:20,055 | INFO | train_one_epoch] Learning rate: 1e-05
[2024-01-17 07:52:21,352 | INFO | train_one_epoch] Train epoch 0: [0/100 (0.00%)] 	bpp_y_loss: 0.740503 |	bpp_z_loss: 0.017514 |	bpp_loss: 0.758017 |	mse_loss: 0.000096 |	loss: 1.341790 |	psnr_loss: 40.162525 |
[2024-01-17 07:52:24,746 | INFO | train_one_epoch] Train epoch 0: [10/100 (10.00%)] 	bpp_y_loss: 0.723533 |	bpp_z_loss: 0.017136 |	bpp_loss: 0.740669 |	mse_loss: 0.000094 |	loss: 1.310425 |	psnr_loss: 40.422573 |
[2024-01-17 07:52:28,147 | INFO | train_one_epoch] Train epoch 0: [20/100 (20.00%)] 	bpp_y_loss: 0.841250 |	bpp_z_loss: 0.017547 |	bpp_loss: 0.858797 |	mse_loss: 0.000132 |	loss: 1.657773 |	psnr_loss: 39.110558 |
[2024-01-17 07:52:31,551 | INFO | train_one_epoch] Train epoch 0: [30/100 (30.00%)] 	bpp_y_loss: 0.839447 |	bpp_z_loss: 0.017209 |	bpp_loss: 0.856656 |	mse_loss: 0.000124 |	loss: 1.607714 |	psnr_loss: 39.194798 |
[2024-01-17 07:52:34,899 | INFO | train_one_epoch] Train epoch 0: [40/100 (40.00%)] 	bpp_y_loss: 0.723054 |	bpp_z_loss: 0.017116 |	bpp_loss: 0.740170 |	mse_loss: 0.000103 |	loss: 1.365368 |	psnr_loss: 40.208588 |
[2024-01-17 07:52:38,263 | INFO | train_one_epoch] Train epoch 0: [50/100 (50.00%)] 	bpp_y_loss: 0.742351 |	bpp_z_loss: 0.016971 |	bpp_loss: 0.759322 |	mse_loss: 0.000101 |	loss: 1.371580 |	psnr_loss: 40.114307 |
[2024-01-17 07:52:41,632 | INFO | train_one_epoch] Train epoch 0: [60/100 (60.00%)] 	bpp_y_loss: 0.806241 |	bpp_z_loss: 0.017365 |	bpp_loss: 0.823605 |	mse_loss: 0.000113 |	loss: 1.506348 |	psnr_loss: 39.607235 |
[2024-01-17 07:52:44,993 | INFO | train_one_epoch] Train epoch 0: [70/100 (70.00%)] 	bpp_y_loss: 0.774854 |	bpp_z_loss: 0.017338 |	bpp_loss: 0.792192 |	mse_loss: 0.000105 |	loss: 1.429690 |	psnr_loss: 40.033112 |
[2024-01-17 07:52:48,383 | INFO | train_one_epoch] Train epoch 0: [80/100 (80.00%)] 	bpp_y_loss: 0.776695 |	bpp_z_loss: 0.017190 |	bpp_loss: 0.793885 |	mse_loss: 0.000108 |	loss: 1.448176 |	psnr_loss: 39.790356 |
[2024-01-17 07:52:51,772 | INFO | train_one_epoch] Train epoch 0: [90/100 (90.00%)] 	bpp_y_loss: 0.755704 |	bpp_z_loss: 0.017414 |	bpp_loss: 0.773118 |	mse_loss: 0.000112 |	loss: 1.451171 |	psnr_loss: 39.698502 |
[2024-01-17 07:52:55,129 | INFO | train_one_epoch] Train epoch 0: [100/100 (100.00%)] 	bpp_y_loss: 0.777635 |	bpp_z_loss: 0.017167 |	bpp_loss: 0.794802 |	mse_loss: 0.000102 |	loss: 1.411471 |	psnr_loss: 40.058201 |
[2024-01-17 07:52:56,091 | INFO | test_one_epoch] Testing results for epoch 1 | bpp_y_loss=1.10741 | bpp_z_loss=0.01739 | bpp_loss=1.12480 | mse_loss=0.00026 | loss=2.71700 | psnr_loss=36.43259
[2024-01-17 07:52:56,092 | INFO | train_one_epoch] Learning rate: 1e-05
[2024-01-17 07:52:57,100 | INFO | train_one_epoch] Train epoch 1: [0/100 (0.00%)] 	bpp_y_loss: 0.816692 |	bpp_z_loss: 0.017366 |	bpp_loss: 0.834057 |	mse_loss: 0.000099 |	loss: 1.434641 |	psnr_loss: 40.039223 |
[2024-01-17 07:53:00,494 | INFO | train_one_epoch] Train epoch 1: [10/100 (10.00%)] 	bpp_y_loss: 0.756263 |	bpp_z_loss: 0.017044 |	bpp_loss: 0.773308 |	mse_loss: 0.000110 |	loss: 1.438131 |	psnr_loss: 39.853176 |
[2024-01-17 07:53:03,866 | INFO | train_one_epoch] Train epoch 1: [20/100 (20.00%)] 	bpp_y_loss: 0.755359 |	bpp_z_loss: 0.016817 |	bpp_loss: 0.772176 |	mse_loss: 0.000105 |	loss: 1.406872 |	psnr_loss: 40.027023 |
[2024-01-17 07:53:07,253 | INFO | train_one_epoch] Train epoch 1: [30/100 (30.00%)] 	bpp_y_loss: 0.790565 |	bpp_z_loss: 0.017409 |	bpp_loss: 0.807974 |	mse_loss: 0.000110 |	loss: 1.472042 |	psnr_loss: 39.688580 |
[2024-01-17 07:53:10,584 | INFO | train_one_epoch] Train epoch 1: [40/100 (40.00%)] 	bpp_y_loss: 0.734327 |	bpp_z_loss: 0.017083 |	bpp_loss: 0.751410 |	mse_loss: 0.000104 |	loss: 1.378862 |	psnr_loss: 40.127819 |
[2024-01-17 07:53:13,932 | INFO | train_one_epoch] Train epoch 1: [50/100 (50.00%)] 	bpp_y_loss: 0.776846 |	bpp_z_loss: 0.017023 |	bpp_loss: 0.793869 |	mse_loss: 0.000104 |	loss: 1.422133 |	psnr_loss: 39.916538 |
[2024-01-17 07:53:17,292 | INFO | train_one_epoch] Train epoch 1: [60/100 (60.00%)] 	bpp_y_loss: 0.774701 |	bpp_z_loss: 0.017046 |	bpp_loss: 0.791747 |	mse_loss: 0.000109 |	loss: 1.454766 |	psnr_loss: 39.766476 |
[2024-01-17 07:53:20,653 | INFO | train_one_epoch] Train epoch 1: [70/100 (70.00%)] 	bpp_y_loss: 0.765532 |	bpp_z_loss: 0.017020 |	bpp_loss: 0.782552 |	mse_loss: 0.000109 |	loss: 1.442296 |	psnr_loss: 40.026936 |
[2024-01-17 07:53:23,974 | INFO | train_one_epoch] Train epoch 1: [80/100 (80.00%)] 	bpp_y_loss: 0.799853 |	bpp_z_loss: 0.017293 |	bpp_loss: 0.817146 |	mse_loss: 0.000111 |	loss: 1.490784 |	psnr_loss: 39.819836 |
[2024-01-17 07:53:27,311 | INFO | train_one_epoch] Train epoch 1: [90/100 (90.00%)] 	bpp_y_loss: 0.735423 |	bpp_z_loss: 0.017071 |	bpp_loss: 0.752494 |	mse_loss: 0.000092 |	loss: 1.311049 |	psnr_loss: 40.578419 |
[2024-01-17 07:53:30,677 | INFO | train_one_epoch] Train epoch 1: [100/100 (100.00%)] 	bpp_y_loss: 0.768370 |	bpp_z_loss: 0.017236 |	bpp_loss: 0.785606 |	mse_loss: 0.000110 |	loss: 1.450067 |	psnr_loss: 39.870766 |
[2024-01-17 07:53:31,629 | INFO | test_one_epoch] Testing results for epoch 2 | bpp_y_loss=1.10789 | bpp_z_loss=0.01743 | bpp_loss=1.12532 | mse_loss=0.00026 | loss=2.71381 | psnr_loss=36.44096
[2024-01-17 07:53:31,630 | INFO | train_one_epoch] Learning rate: 1e-05
[2024-01-17 07:53:32,631 | INFO | train_one_epoch] Train epoch 2: [0/100 (0.00%)] 	bpp_y_loss: 0.652025 |	bpp_z_loss: 0.016527 |	bpp_loss: 0.668552 |	mse_loss: 0.000075 |	loss: 1.120822 |	psnr_loss: 41.270977 |
[2024-01-17 07:53:36,013 | INFO | train_one_epoch] Train epoch 2: [10/100 (10.00%)] 	bpp_y_loss: 0.753194 |	bpp_z_loss: 0.016970 |	bpp_loss: 0.770164 |	mse_loss: 0.000102 |	loss: 1.390874 |	psnr_loss: 40.149132 |
[2024-01-17 07:53:39,384 | INFO | train_one_epoch] Train epoch 2: [20/100 (20.00%)] 	bpp_y_loss: 0.716682 |	bpp_z_loss: 0.016911 |	bpp_loss: 0.733593 |	mse_loss: 0.000090 |	loss: 1.281511 |	psnr_loss: 40.823772 |
[2024-01-17 07:53:42,768 | INFO | train_one_epoch] Train epoch 2: [30/100 (30.00%)] 	bpp_y_loss: 0.771191 |	bpp_z_loss: 0.017003 |	bpp_loss: 0.788194 |	mse_loss: 0.000092 |	loss: 1.344035 |	psnr_loss: 40.516048 |
[2024-01-17 07:53:46,150 | INFO | train_one_epoch] Train epoch 2: [40/100 (40.00%)] 	bpp_y_loss: 0.752690 |	bpp_z_loss: 0.016720 |	bpp_loss: 0.769409 |	mse_loss: 0.000094 |	loss: 1.340679 |	psnr_loss: 40.466644 |
[2024-01-17 07:53:49,509 | INFO | train_one_epoch] Train epoch 2: [50/100 (50.00%)] 	bpp_y_loss: 0.785723 |	bpp_z_loss: 0.016978 |	bpp_loss: 0.802701 |	mse_loss: 0.000116 |	loss: 1.507167 |	psnr_loss: 39.497601 |
[2024-01-17 07:53:52,885 | INFO | train_one_epoch] Train epoch 2: [60/100 (60.00%)] 	bpp_y_loss: 0.798452 |	bpp_z_loss: 0.016925 |	bpp_loss: 0.815377 |	mse_loss: 0.000112 |	loss: 1.492303 |	psnr_loss: 39.627972 |
[2024-01-17 07:53:56,277 | INFO | train_one_epoch] Train epoch 2: [70/100 (70.00%)] 	bpp_y_loss: 0.764154 |	bpp_z_loss: 0.017052 |	bpp_loss: 0.781206 |	mse_loss: 0.000104 |	loss: 1.409071 |	psnr_loss: 39.980968 |
[2024-01-17 07:53:59,640 | INFO | train_one_epoch] Train epoch 2: [80/100 (80.00%)] 	bpp_y_loss: 0.720583 |	bpp_z_loss: 0.016859 |	bpp_loss: 0.737442 |	mse_loss: 0.000095 |	loss: 1.312532 |	psnr_loss: 40.325344 |
[2024-01-17 07:54:03,018 | INFO | train_one_epoch] Train epoch 2: [90/100 (90.00%)] 	bpp_y_loss: 0.792096 |	bpp_z_loss: 0.017154 |	bpp_loss: 0.809250 |	mse_loss: 0.000097 |	loss: 1.397832 |	psnr_loss: 40.221321 |
[2024-01-17 07:54:06,377 | INFO | train_one_epoch] Train epoch 2: [100/100 (100.00%)] 	bpp_y_loss: 0.792298 |	bpp_z_loss: 0.017222 |	bpp_loss: 0.809521 |	mse_loss: 0.000118 |	loss: 1.525252 |	psnr_loss: 39.536377 |
[2024-01-17 07:54:07,345 | INFO | test_one_epoch] Testing results for epoch 3 | bpp_y_loss=1.10757 | bpp_z_loss=0.01739 | bpp_loss=1.12496 | mse_loss=0.00026 | loss=2.71357 | psnr_loss=36.44072
[2024-01-17 07:54:07,347 | INFO | train_one_epoch] Learning rate: 1e-05
[2024-01-17 07:54:08,370 | INFO | train_one_epoch] Train epoch 3: [0/100 (0.00%)] 	bpp_y_loss: 1.093119 |	bpp_z_loss: 0.018745 |	bpp_loss: 1.111864 |	mse_loss: 0.000189 |	loss: 2.254480 |	psnr_loss: 37.245964 |
[2024-01-17 07:54:11,739 | INFO | train_one_epoch] Train epoch 3: [10/100 (10.00%)] 	bpp_y_loss: 0.786924 |	bpp_z_loss: 0.017047 |	bpp_loss: 0.803971 |	mse_loss: 0.000102 |	loss: 1.423445 |	psnr_loss: 40.024277 |
[2024-01-17 07:54:15,112 | INFO | train_one_epoch] Train epoch 3: [20/100 (20.00%)] 	bpp_y_loss: 0.826754 |	bpp_z_loss: 0.017117 |	bpp_loss: 0.843872 |	mse_loss: 0.000110 |	loss: 1.512612 |	psnr_loss: 39.817192 |
[2024-01-17 07:54:18,512 | INFO | train_one_epoch] Train epoch 3: [30/100 (30.00%)] 	bpp_y_loss: 0.769156 |	bpp_z_loss: 0.017119 |	bpp_loss: 0.786275 |	mse_loss: 0.000106 |	loss: 1.427440 |	psnr_loss: 39.845337 |
[2024-01-17 07:54:21,900 | INFO | train_one_epoch] Train epoch 3: [40/100 (40.00%)] 	bpp_y_loss: 0.782123 |	bpp_z_loss: 0.017165 |	bpp_loss: 0.799289 |	mse_loss: 0.000108 |	loss: 1.452497 |	psnr_loss: 39.872009 |
[2024-01-17 07:54:25,267 | INFO | train_one_epoch] Train epoch 3: [50/100 (50.00%)] 	bpp_y_loss: 0.780569 |	bpp_z_loss: 0.017206 |	bpp_loss: 0.797775 |	mse_loss: 0.000100 |	loss: 1.404956 |	psnr_loss: 40.129883 |
[2024-01-17 07:54:28,648 | INFO | train_one_epoch] Train epoch 3: [60/100 (60.00%)] 	bpp_y_loss: 0.764433 |	bpp_z_loss: 0.017086 |	bpp_loss: 0.781518 |	mse_loss: 0.000106 |	loss: 1.422108 |	psnr_loss: 39.864410 |
[2024-01-17 07:54:32,035 | INFO | train_one_epoch] Train epoch 3: [70/100 (70.00%)] 	bpp_y_loss: 0.712033 |	bpp_z_loss: 0.016902 |	bpp_loss: 0.728935 |	mse_loss: 0.000086 |	loss: 1.249772 |	psnr_loss: 40.850731 |
[2024-01-17 07:54:35,392 | INFO | train_one_epoch] Train epoch 3: [80/100 (80.00%)] 	bpp_y_loss: 0.784993 |	bpp_z_loss: 0.017201 |	bpp_loss: 0.802194 |	mse_loss: 0.000111 |	loss: 1.472691 |	psnr_loss: 39.753143 |
[2024-01-17 07:54:38,753 | INFO | train_one_epoch] Train epoch 3: [90/100 (90.00%)] 	bpp_y_loss: 0.786494 |	bpp_z_loss: 0.017229 |	bpp_loss: 0.803722 |	mse_loss: 0.000104 |	loss: 1.434090 |	psnr_loss: 40.105541 |
[2024-01-17 07:54:42,109 | INFO | train_one_epoch] Train epoch 3: [100/100 (100.00%)] 	bpp_y_loss: 0.714902 |	bpp_z_loss: 0.017024 |	bpp_loss: 0.731926 |	mse_loss: 0.000088 |	loss: 1.262673 |	psnr_loss: 40.683163 |
[2024-01-17 07:54:43,051 | INFO | test_one_epoch] Testing results for epoch 4 | bpp_y_loss=1.10660 | bpp_z_loss=0.01739 | bpp_loss=1.12399 | mse_loss=0.00026 | loss=2.71171 | psnr_loss=36.44334
[2024-01-17 07:54:43,053 | INFO | train_one_epoch] Learning rate: 1e-05
[2024-01-17 07:54:44,072 | INFO | train_one_epoch] Train epoch 4: [0/100 (0.00%)] 	bpp_y_loss: 0.716539 |	bpp_z_loss: 0.016532 |	bpp_loss: 0.733071 |	mse_loss: 0.000086 |	loss: 1.252882 |	psnr_loss: 40.666508 |
[2024-01-17 07:54:47,477 | INFO | train_one_epoch] Train epoch 4: [10/100 (10.00%)] 	bpp_y_loss: 0.776850 |	bpp_z_loss: 0.017390 |	bpp_loss: 0.794240 |	mse_loss: 0.000116 |	loss: 1.494891 |	psnr_loss: 39.550930 |
[2024-01-17 07:54:50,879 | INFO | train_one_epoch] Train epoch 4: [20/100 (20.00%)] 	bpp_y_loss: 0.795862 |	bpp_z_loss: 0.017213 |	bpp_loss: 0.813075 |	mse_loss: 0.000107 |	loss: 1.459360 |	psnr_loss: 39.754368 |
[2024-01-17 07:54:54,258 | INFO | train_one_epoch] Train epoch 4: [30/100 (30.00%)] 	bpp_y_loss: 0.773797 |	bpp_z_loss: 0.017168 |	bpp_loss: 0.790965 |	mse_loss: 0.000099 |	loss: 1.393715 |	psnr_loss: 40.131233 |
[2024-01-17 07:54:57,661 | INFO | train_one_epoch] Train epoch 4: [40/100 (40.00%)] 	bpp_y_loss: 0.760491 |	bpp_z_loss: 0.016947 |	bpp_loss: 0.777437 |	mse_loss: 0.000099 |	loss: 1.377654 |	psnr_loss: 40.210266 |
[2024-01-17 07:55:01,002 | INFO | train_one_epoch] Train epoch 4: [50/100 (50.00%)] 	bpp_y_loss: 0.781976 |	bpp_z_loss: 0.017089 |	bpp_loss: 0.799066 |	mse_loss: 0.000106 |	loss: 1.442025 |	psnr_loss: 39.948223 |
[2024-01-17 07:55:04,365 | INFO | train_one_epoch] Train epoch 4: [60/100 (60.00%)] 	bpp_y_loss: 0.783461 |	bpp_z_loss: 0.017069 |	bpp_loss: 0.800531 |	mse_loss: 0.000110 |	loss: 1.465122 |	psnr_loss: 39.772354 |
[2024-01-17 07:55:07,754 | INFO | train_one_epoch] Train epoch 4: [70/100 (70.00%)] 	bpp_y_loss: 0.802225 |	bpp_z_loss: 0.017324 |	bpp_loss: 0.819549 |	mse_loss: 0.000108 |	loss: 1.471376 |	psnr_loss: 39.871471 |
[2024-01-17 07:55:11,138 | INFO | train_one_epoch] Train epoch 4: [80/100 (80.00%)] 	bpp_y_loss: 0.782588 |	bpp_z_loss: 0.016934 |	bpp_loss: 0.799522 |	mse_loss: 0.000101 |	loss: 1.414381 |	psnr_loss: 40.098175 |
[2024-01-17 07:55:14,536 | INFO | train_one_epoch] Train epoch 4: [90/100 (90.00%)] 	bpp_y_loss: 0.855977 |	bpp_z_loss: 0.017524 |	bpp_loss: 0.873501 |	mse_loss: 0.000117 |	loss: 1.579991 |	psnr_loss: 39.476723 |
[2024-01-17 07:55:17,950 | INFO | train_one_epoch] Train epoch 4: [100/100 (100.00%)] 	bpp_y_loss: 0.701935 |	bpp_z_loss: 0.016836 |	bpp_loss: 0.718771 |	mse_loss: 0.000084 |	loss: 1.227777 |	psnr_loss: 40.943165 |
[2024-01-17 07:55:18,864 | INFO | test_one_epoch] Testing results for epoch 5 | bpp_y_loss=1.10723 | bpp_z_loss=0.01742 | bpp_loss=1.12465 | mse_loss=0.00026 | loss=2.71303 | psnr_loss=36.44217
[2024-01-17 07:55:18,866 | INFO | train_one_epoch] Learning rate: 1e-05
[2024-01-17 07:55:19,850 | INFO | train_one_epoch] Train epoch 5: [0/100 (0.00%)] 	bpp_y_loss: 0.649135 |	bpp_z_loss: 0.016690 |	bpp_loss: 0.665825 |	mse_loss: 0.000073 |	loss: 1.111046 |	psnr_loss: 41.339211 |
[2024-01-17 07:55:23,230 | INFO | train_one_epoch] Train epoch 5: [10/100 (10.00%)] 	bpp_y_loss: 0.761212 |	bpp_z_loss: 0.017026 |	bpp_loss: 0.778237 |	mse_loss: 0.000105 |	loss: 1.415190 |	psnr_loss: 40.040798 |
[2024-01-17 07:55:26,608 | INFO | train_one_epoch] Train epoch 5: [20/100 (20.00%)] 	bpp_y_loss: 0.746945 |	bpp_z_loss: 0.017053 |	bpp_loss: 0.763997 |	mse_loss: 0.000108 |	loss: 1.419510 |	psnr_loss: 40.003574 |
[2024-01-17 07:55:29,983 | INFO | train_one_epoch] Train epoch 5: [30/100 (30.00%)] 	bpp_y_loss: 0.786145 |	bpp_z_loss: 0.017324 |	bpp_loss: 0.803469 |	mse_loss: 0.000115 |	loss: 1.502618 |	psnr_loss: 39.553387 |
[2024-01-17 07:55:33,375 | INFO | train_one_epoch] Train epoch 5: [40/100 (40.00%)] 	bpp_y_loss: 0.745072 |	bpp_z_loss: 0.016966 |	bpp_loss: 0.762038 |	mse_loss: 0.000093 |	loss: 1.325661 |	psnr_loss: 40.638348 |
[2024-01-17 07:55:36,749 | INFO | train_one_epoch] Train epoch 5: [50/100 (50.00%)] 	bpp_y_loss: 0.767565 |	bpp_z_loss: 0.017154 |	bpp_loss: 0.784718 |	mse_loss: 0.000104 |	loss: 1.415172 |	psnr_loss: 40.016884 |
[2024-01-17 07:55:40,134 | INFO | train_one_epoch] Train epoch 5: [60/100 (60.00%)] 	bpp_y_loss: 0.828128 |	bpp_z_loss: 0.017384 |	bpp_loss: 0.845512 |	mse_loss: 0.000109 |	loss: 1.508507 |	psnr_loss: 39.709267 |
[2024-01-17 07:55:43,528 | INFO | train_one_epoch] Train epoch 5: [70/100 (70.00%)] 	bpp_y_loss: 0.792780 |	bpp_z_loss: 0.017296 |	bpp_loss: 0.810076 |	mse_loss: 0.000107 |	loss: 1.459212 |	psnr_loss: 39.857265 |
[2024-01-17 07:55:46,865 | INFO | train_one_epoch] Train epoch 5: [80/100 (80.00%)] 	bpp_y_loss: 0.807146 |	bpp_z_loss: 0.017237 |	bpp_loss: 0.824382 |	mse_loss: 0.000110 |	loss: 1.493470 |	psnr_loss: 39.815216 |
[2024-01-17 07:55:50,214 | INFO | train_one_epoch] Train epoch 5: [90/100 (90.00%)] 	bpp_y_loss: 0.797759 |	bpp_z_loss: 0.017267 |	bpp_loss: 0.815026 |	mse_loss: 0.000107 |	loss: 1.463607 |	psnr_loss: 39.821331 |
[2024-01-17 07:55:53,534 | INFO | train_one_epoch] Train epoch 5: [100/100 (100.00%)] 	bpp_y_loss: 0.744621 |	bpp_z_loss: 0.016749 |	bpp_loss: 0.761370 |	mse_loss: 0.000088 |	loss: 1.295144 |	psnr_loss: 40.648270 |
[2024-01-17 07:55:54,441 | INFO | test_one_epoch] Testing results for epoch 6 | bpp_y_loss=1.10603 | bpp_z_loss=0.01755 | bpp_loss=1.12357 | mse_loss=0.00026 | loss=2.70992 | psnr_loss=36.44609
[2024-01-17 07:55:54,443 | INFO | train_one_epoch] Learning rate: 1e-05
[2024-01-17 07:55:55,424 | INFO | train_one_epoch] Train epoch 6: [0/100 (0.00%)] 	bpp_y_loss: 0.640056 |	bpp_z_loss: 0.017187 |	bpp_loss: 0.657243 |	mse_loss: 0.000079 |	loss: 1.135081 |	psnr_loss: 41.032162 |
[2024-01-17 07:55:58,789 | INFO | train_one_epoch] Train epoch 6: [10/100 (10.00%)] 	bpp_y_loss: 0.786372 |	bpp_z_loss: 0.017418 |	bpp_loss: 0.803789 |	mse_loss: 0.000106 |	loss: 1.446642 |	psnr_loss: 39.829872 |
[2024-01-17 07:56:02,168 | INFO | train_one_epoch] Train epoch 6: [20/100 (20.00%)] 	bpp_y_loss: 0.801826 |	bpp_z_loss: 0.017212 |	bpp_loss: 0.819039 |	mse_loss: 0.000110 |	loss: 1.486004 |	psnr_loss: 39.780243 |
[2024-01-17 07:56:05,525 | INFO | train_one_epoch] Train epoch 6: [30/100 (30.00%)] 	bpp_y_loss: 0.745889 |	bpp_z_loss: 0.017073 |	bpp_loss: 0.762963 |	mse_loss: 0.000097 |	loss: 1.352351 |	psnr_loss: 40.234447 |
[2024-01-17 07:56:08,895 | INFO | train_one_epoch] Train epoch 6: [40/100 (40.00%)] 	bpp_y_loss: 0.770694 |	bpp_z_loss: 0.017240 |	bpp_loss: 0.787934 |	mse_loss: 0.000100 |	loss: 1.392271 |	psnr_loss: 40.278217 |
[2024-01-17 07:56:12,259 | INFO | train_one_epoch] Train epoch 6: [50/100 (50.00%)] 	bpp_y_loss: 0.759019 |	bpp_z_loss: 0.017015 |	bpp_loss: 0.776034 |	mse_loss: 0.000100 |	loss: 1.379840 |	psnr_loss: 40.160191 |
[2024-01-17 07:56:15,615 | INFO | train_one_epoch] Train epoch 6: [60/100 (60.00%)] 	bpp_y_loss: 0.759779 |	bpp_z_loss: 0.017178 |	bpp_loss: 0.776957 |	mse_loss: 0.000098 |	loss: 1.369088 |	psnr_loss: 40.253708 |
[2024-01-17 07:56:18,995 | INFO | train_one_epoch] Train epoch 6: [70/100 (70.00%)] 	bpp_y_loss: 0.732469 |	bpp_z_loss: 0.017106 |	bpp_loss: 0.749575 |	mse_loss: 0.000092 |	loss: 1.310067 |	psnr_loss: 40.559998 |
[2024-01-17 07:56:22,360 | INFO | train_one_epoch] Train epoch 6: [80/100 (80.00%)] 	bpp_y_loss: 0.735936 |	bpp_z_loss: 0.016880 |	bpp_loss: 0.752816 |	mse_loss: 0.000089 |	loss: 1.291312 |	psnr_loss: 40.608692 |
[2024-01-17 07:56:25,701 | INFO | train_one_epoch] Train epoch 6: [90/100 (90.00%)] 	bpp_y_loss: 0.750466 |	bpp_z_loss: 0.017129 |	bpp_loss: 0.767595 |	mse_loss: 0.000094 |	loss: 1.340043 |	psnr_loss: 40.358746 |
[2024-01-17 07:56:29,030 | INFO | train_one_epoch] Train epoch 6: [100/100 (100.00%)] 	bpp_y_loss: 0.715383 |	bpp_z_loss: 0.016858 |	bpp_loss: 0.732241 |	mse_loss: 0.000087 |	loss: 1.257005 |	psnr_loss: 40.737110 |
[2024-01-17 07:56:29,943 | INFO | test_one_epoch] Testing results for epoch 7 | bpp_y_loss=1.10621 | bpp_z_loss=0.01744 | bpp_loss=1.12365 | mse_loss=0.00026 | loss=2.71190 | psnr_loss=36.43973
[2024-01-17 07:56:29,945 | INFO | train_one_epoch] Learning rate: 1e-05
[2024-01-17 07:56:30,902 | INFO | train_one_epoch] Train epoch 7: [0/100 (0.00%)] 	bpp_y_loss: 0.914754 |	bpp_z_loss: 0.018644 |	bpp_loss: 0.933398 |	mse_loss: 0.000140 |	loss: 1.783822 |	psnr_loss: 38.528610 |
[2024-01-17 07:56:34,244 | INFO | train_one_epoch] Train epoch 7: [10/100 (10.00%)] 	bpp_y_loss: 0.847665 |	bpp_z_loss: 0.017365 |	bpp_loss: 0.865030 |	mse_loss: 0.000130 |	loss: 1.650906 |	psnr_loss: 39.057278 |
[2024-01-17 07:56:37,593 | INFO | train_one_epoch] Train epoch 7: [20/100 (20.00%)] 	bpp_y_loss: 0.749957 |	bpp_z_loss: 0.016975 |	bpp_loss: 0.766932 |	mse_loss: 0.000100 |	loss: 1.372046 |	psnr_loss: 40.204662 |
[2024-01-17 07:56:40,944 | INFO | train_one_epoch] Train epoch 7: [30/100 (30.00%)] 	bpp_y_loss: 0.720682 |	bpp_z_loss: 0.016861 |	bpp_loss: 0.737543 |	mse_loss: 0.000088 |	loss: 1.268378 |	psnr_loss: 40.742764 |
[2024-01-17 07:56:44,287 | INFO | train_one_epoch] Train epoch 7: [40/100 (40.00%)] 	bpp_y_loss: 0.789639 |	bpp_z_loss: 0.017233 |	bpp_loss: 0.806872 |	mse_loss: 0.000108 |	loss: 1.461559 |	psnr_loss: 39.824547 |
[2024-01-17 07:56:47,630 | INFO | train_one_epoch] Train epoch 7: [50/100 (50.00%)] 	bpp_y_loss: 0.759027 |	bpp_z_loss: 0.016943 |	bpp_loss: 0.775971 |	mse_loss: 0.000105 |	loss: 1.413549 |	psnr_loss: 39.894344 |
[2024-01-17 07:56:50,995 | INFO | train_one_epoch] Train epoch 7: [60/100 (60.00%)] 	bpp_y_loss: 0.794251 |	bpp_z_loss: 0.017130 |	bpp_loss: 0.811381 |	mse_loss: 0.000105 |	loss: 1.447870 |	psnr_loss: 40.051815 |
[2024-01-17 07:56:54,415 | INFO | train_one_epoch] Train epoch 7: [70/100 (70.00%)] 	bpp_y_loss: 0.764469 |	bpp_z_loss: 0.017004 |	bpp_loss: 0.781473 |	mse_loss: 0.000105 |	loss: 1.418703 |	psnr_loss: 39.880432 |
[2024-01-17 07:56:57,775 | INFO | train_one_epoch] Train epoch 7: [80/100 (80.00%)] 	bpp_y_loss: 0.816785 |	bpp_z_loss: 0.017203 |	bpp_loss: 0.833988 |	mse_loss: 0.000115 |	loss: 1.533680 |	psnr_loss: 39.630272 |
[2024-01-17 07:57:01,147 | INFO | train_one_epoch] Train epoch 7: [90/100 (90.00%)] 	bpp_y_loss: 0.873829 |	bpp_z_loss: 0.017230 |	bpp_loss: 0.891059 |	mse_loss: 0.000124 |	loss: 1.640091 |	psnr_loss: 39.200752 |
[2024-01-17 07:57:04,502 | INFO | train_one_epoch] Train epoch 7: [100/100 (100.00%)] 	bpp_y_loss: 0.774512 |	bpp_z_loss: 0.017037 |	bpp_loss: 0.791549 |	mse_loss: 0.000104 |	loss: 1.422191 |	psnr_loss: 40.090385 |
[2024-01-17 07:57:05,375 | INFO | test_one_epoch] Testing results for epoch 8 | bpp_y_loss=1.10750 | bpp_z_loss=0.01741 | bpp_loss=1.12492 | mse_loss=0.00026 | loss=2.71280 | psnr_loss=36.44328
[2024-01-17 07:57:05,376 | INFO | train_one_epoch] Learning rate: 1e-05
[2024-01-17 07:57:06,307 | INFO | train_one_epoch] Train epoch 8: [0/100 (0.00%)] 	bpp_y_loss: 0.869695 |	bpp_z_loss: 0.017830 |	bpp_loss: 0.887525 |	mse_loss: 0.000128 |	loss: 1.663454 |	psnr_loss: 38.926750 |
[2024-01-17 07:57:09,651 | INFO | train_one_epoch] Train epoch 8: [10/100 (10.00%)] 	bpp_y_loss: 0.815018 |	bpp_z_loss: 0.017343 |	bpp_loss: 0.832361 |	mse_loss: 0.000119 |	loss: 1.551248 |	psnr_loss: 39.536770 |
[2024-01-17 07:57:13,013 | INFO | train_one_epoch] Train epoch 8: [20/100 (20.00%)] 	bpp_y_loss: 0.805088 |	bpp_z_loss: 0.017186 |	bpp_loss: 0.822274 |	mse_loss: 0.000120 |	loss: 1.550200 |	psnr_loss: 39.278515 |
[2024-01-17 07:57:16,394 | INFO | train_one_epoch] Train epoch 8: [30/100 (30.00%)] 	bpp_y_loss: 0.791523 |	bpp_z_loss: 0.017391 |	bpp_loss: 0.808914 |	mse_loss: 0.000103 |	loss: 1.435061 |	psnr_loss: 39.994488 |
[2024-01-17 07:57:19,696 | INFO | train_one_epoch] Train epoch 8: [40/100 (40.00%)] 	bpp_y_loss: 0.767960 |	bpp_z_loss: 0.017092 |	bpp_loss: 0.785052 |	mse_loss: 0.000097 |	loss: 1.372374 |	psnr_loss: 40.336468 |
[2024-01-17 07:57:23,044 | INFO | train_one_epoch] Train epoch 8: [50/100 (50.00%)] 	bpp_y_loss: 0.766241 |	bpp_z_loss: 0.017147 |	bpp_loss: 0.783387 |	mse_loss: 0.000106 |	loss: 1.428104 |	psnr_loss: 40.176949 |
[2024-01-17 07:57:26,371 | INFO | train_one_epoch] Train epoch 8: [60/100 (60.00%)] 	bpp_y_loss: 0.728144 |	bpp_z_loss: 0.016948 |	bpp_loss: 0.745092 |	mse_loss: 0.000088 |	loss: 1.279511 |	psnr_loss: 40.699913 |
[2024-01-17 07:57:29,715 | INFO | train_one_epoch] Train epoch 8: [70/100 (70.00%)] 	bpp_y_loss: 0.797999 |	bpp_z_loss: 0.017265 |	bpp_loss: 0.815263 |	mse_loss: 0.000102 |	loss: 1.434580 |	psnr_loss: 40.091442 |
[2024-01-17 07:57:33,059 | INFO | train_one_epoch] Train epoch 8: [80/100 (80.00%)] 	bpp_y_loss: 0.788630 |	bpp_z_loss: 0.017281 |	bpp_loss: 0.805911 |	mse_loss: 0.000111 |	loss: 1.481383 |	psnr_loss: 39.792110 |
[2024-01-17 07:57:36,396 | INFO | train_one_epoch] Train epoch 8: [90/100 (90.00%)] 	bpp_y_loss: 0.843386 |	bpp_z_loss: 0.017091 |	bpp_loss: 0.860477 |	mse_loss: 0.000107 |	loss: 1.508198 |	psnr_loss: 39.860394 |
[2024-01-17 07:57:39,763 | INFO | train_one_epoch] Train epoch 8: [100/100 (100.00%)] 	bpp_y_loss: 0.754889 |	bpp_z_loss: 0.017054 |	bpp_loss: 0.771943 |	mse_loss: 0.000090 |	loss: 1.319484 |	psnr_loss: 40.505562 |
[2024-01-17 07:57:40,675 | INFO | test_one_epoch] Testing results for epoch 9 | bpp_y_loss=1.10754 | bpp_z_loss=0.01743 | bpp_loss=1.12497 | mse_loss=0.00026 | loss=2.71097 | psnr_loss=36.44784
[2024-01-17 07:57:40,677 | INFO | train_one_epoch] Learning rate: 1e-05
[2024-01-17 07:57:41,645 | INFO | train_one_epoch] Train epoch 9: [0/100 (0.00%)] 	bpp_y_loss: 0.644947 |	bpp_z_loss: 0.016162 |	bpp_loss: 0.661108 |	mse_loss: 0.000069 |	loss: 1.077401 |	psnr_loss: 41.630974 |
[2024-01-17 07:57:44,999 | INFO | train_one_epoch] Train epoch 9: [10/100 (10.00%)] 	bpp_y_loss: 0.757603 |	bpp_z_loss: 0.017155 |	bpp_loss: 0.774758 |	mse_loss: 0.000089 |	loss: 1.313249 |	psnr_loss: 40.617287 |
[2024-01-17 07:57:48,339 | INFO | train_one_epoch] Train epoch 9: [20/100 (20.00%)] 	bpp_y_loss: 0.785541 |	bpp_z_loss: 0.017341 |	bpp_loss: 0.802882 |	mse_loss: 0.000110 |	loss: 1.471227 |	psnr_loss: 39.694817 |
[2024-01-17 07:57:51,690 | INFO | train_one_epoch] Train epoch 9: [30/100 (30.00%)] 	bpp_y_loss: 0.781020 |	bpp_z_loss: 0.017188 |	bpp_loss: 0.798208 |	mse_loss: 0.000109 |	loss: 1.459641 |	psnr_loss: 39.750008 |
[2024-01-17 07:57:55,078 | INFO | train_one_epoch] Train epoch 9: [40/100 (40.00%)] 	bpp_y_loss: 0.786916 |	bpp_z_loss: 0.017128 |	bpp_loss: 0.804044 |	mse_loss: 0.000107 |	loss: 1.451433 |	psnr_loss: 39.789547 |
[2024-01-17 07:57:58,437 | INFO | train_one_epoch] Train epoch 9: [50/100 (50.00%)] 	bpp_y_loss: 0.753954 |	bpp_z_loss: 0.017029 |	bpp_loss: 0.770983 |	mse_loss: 0.000102 |	loss: 1.386257 |	psnr_loss: 40.246483 |
[2024-01-17 07:58:01,780 | INFO | train_one_epoch] Train epoch 9: [60/100 (60.00%)] 	bpp_y_loss: 0.753830 |	bpp_z_loss: 0.016923 |	bpp_loss: 0.770753 |	mse_loss: 0.000099 |	loss: 1.368616 |	psnr_loss: 40.225033 |
[2024-01-17 07:58:05,165 | INFO | train_one_epoch] Train epoch 9: [70/100 (70.00%)] 	bpp_y_loss: 0.741267 |	bpp_z_loss: 0.017157 |	bpp_loss: 0.758424 |	mse_loss: 0.000105 |	loss: 1.395318 |	psnr_loss: 40.047810 |
[2024-01-17 07:58:08,524 | INFO | train_one_epoch] Train epoch 9: [80/100 (80.00%)] 	bpp_y_loss: 0.749315 |	bpp_z_loss: 0.016811 |	bpp_loss: 0.766126 |	mse_loss: 0.000090 |	loss: 1.313094 |	psnr_loss: 40.558941 |
[2024-01-17 07:58:11,901 | INFO | train_one_epoch] Train epoch 9: [90/100 (90.00%)] 	bpp_y_loss: 0.710926 |	bpp_z_loss: 0.016971 |	bpp_loss: 0.727897 |	mse_loss: 0.000083 |	loss: 1.229924 |	psnr_loss: 41.000019 |
[2024-01-17 07:58:15,264 | INFO | train_one_epoch] Train epoch 9: [100/100 (100.00%)] 	bpp_y_loss: 0.784460 |	bpp_z_loss: 0.017018 |	bpp_loss: 0.801479 |	mse_loss: 0.000123 |	loss: 1.547557 |	psnr_loss: 39.404583 |
[2024-01-17 07:58:16,139 | INFO | test_one_epoch] Testing results for epoch 10 | bpp_y_loss=1.10632 | bpp_z_loss=0.01745 | bpp_loss=1.12377 | mse_loss=0.00026 | loss=2.71470 | psnr_loss=36.43456
