[2024-01-01 06:14:28,590 | INFO | <module>] Args: Namespace(model='bmshj2018_factorized', parameter_set=1, epsilon=0.01, adv_steps=100, batch_size=8, epochs=100, steps_per_epoch=100, learning_rate=0.0001, save=True, seed=19260817, clip_max_norm=-1.0, checkpoint=None, type='mse', lr_epoch=[5], continue_train=False)
[2024-01-01 06:14:28,590 | INFO | train_one_epoch] Learning rate: 0.0001
[2024-01-01 06:14:36,748 | INFO | train_one_epoch] Train epoch 0: [0/100 (0.00%)] 	bpp_y_loss: 0.132930 |	bpp_z_loss: 0.000000 |	bpp_loss: 0.132930 |	mse_loss: 0.001839 |	loss: 0.002975 |	psnr_loss: 27.353451 |
[2024-01-01 06:15:03,944 | INFO | train_one_epoch] Train epoch 0: [10/100 (10.00%)] 	bpp_y_loss: 0.125384 |	bpp_z_loss: 0.000000 |	bpp_loss: 0.125384 |	mse_loss: 0.001125 |	loss: 0.002196 |	psnr_loss: 29.489029 |
[2024-01-01 06:15:31,208 | INFO | train_one_epoch] Train epoch 0: [20/100 (20.00%)] 	bpp_y_loss: 0.130820 |	bpp_z_loss: 0.000000 |	bpp_loss: 0.130820 |	mse_loss: 0.001798 |	loss: 0.002915 |	psnr_loss: 27.452816 |
[2024-01-01 06:15:58,559 | INFO | train_one_epoch] Train epoch 0: [30/100 (30.00%)] 	bpp_y_loss: 0.127079 |	bpp_z_loss: 0.000000 |	bpp_loss: 0.127079 |	mse_loss: 0.001278 |	loss: 0.002364 |	psnr_loss: 28.934189 |
[2024-01-01 06:16:25,741 | INFO | train_one_epoch] Train epoch 0: [40/100 (40.00%)] 	bpp_y_loss: 0.130638 |	bpp_z_loss: 0.000000 |	bpp_loss: 0.130638 |	mse_loss: 0.001079 |	loss: 0.002195 |	psnr_loss: 29.668346 |
[2024-01-01 06:16:53,004 | INFO | train_one_epoch] Train epoch 0: [50/100 (50.00%)] 	bpp_y_loss: 0.138267 |	bpp_z_loss: 0.000000 |	bpp_loss: 0.138267 |	mse_loss: 0.001252 |	loss: 0.002434 |	psnr_loss: 29.023148 |
[2024-01-01 06:17:20,232 | INFO | train_one_epoch] Train epoch 0: [60/100 (60.00%)] 	bpp_y_loss: 0.135781 |	bpp_z_loss: 0.000000 |	bpp_loss: 0.135781 |	mse_loss: 0.001655 |	loss: 0.002815 |	psnr_loss: 27.812641 |
[2024-01-01 06:17:47,494 | INFO | train_one_epoch] Train epoch 0: [70/100 (70.00%)] 	bpp_y_loss: 0.140323 |	bpp_z_loss: 0.000000 |	bpp_loss: 0.140323 |	mse_loss: 0.001663 |	loss: 0.002862 |	psnr_loss: 27.791492 |
[2024-01-01 06:18:14,765 | INFO | train_one_epoch] Train epoch 0: [80/100 (80.00%)] 	bpp_y_loss: 0.160756 |	bpp_z_loss: 0.000000 |	bpp_loss: 0.160756 |	mse_loss: 0.002052 |	loss: 0.003425 |	psnr_loss: 26.878674 |
[2024-01-01 06:18:42,086 | INFO | train_one_epoch] Train epoch 0: [90/100 (90.00%)] 	bpp_y_loss: 0.144939 |	bpp_z_loss: 0.000000 |	bpp_loss: 0.144939 |	mse_loss: 0.001538 |	loss: 0.002777 |	psnr_loss: 28.129433 |
[2024-01-01 06:19:09,459 | INFO | train_one_epoch] Train epoch 0: [100/100 (100.00%)] 	bpp_y_loss: 0.121348 |	bpp_z_loss: 0.000000 |	bpp_loss: 0.121348 |	mse_loss: 0.000812 |	loss: 0.001849 |	psnr_loss: 30.905121 |
[2024-01-01 07:13:58,117 | INFO | <module>] Args: Namespace(model='bmshj2018_factorized', parameter_set=1, epsilon=0.01, adv_steps=100, batch_size=8, epochs=100, steps_per_epoch=100, learning_rate=0.0001, save=True, seed=19260817, clip_max_norm=-1.0, checkpoint=None, type='mse', lr_epoch=[5], continue_train=False)
[2024-01-01 07:13:58,117 | INFO | train_one_epoch] Learning rate: 0.0001
[2024-01-01 07:14:05,835 | INFO | train_one_epoch] Train epoch 0: [0/100 (0.00%)] 	bpp_y_loss: 0.132930 |	bpp_z_loss: 0.000000 |	bpp_loss: 0.132930 |	mse_loss: 0.001839 |	loss: 0.002975 |	psnr_loss: 27.353447 |
[2024-01-01 07:14:32,202 | INFO | train_one_epoch] Train epoch 0: [10/100 (10.00%)] 	bpp_y_loss: 0.125206 |	bpp_z_loss: 0.000000 |	bpp_loss: 0.125206 |	mse_loss: 0.001125 |	loss: 0.002195 |	psnr_loss: 29.488586 |
[2024-01-01 07:14:58,644 | INFO | train_one_epoch] Train epoch 0: [20/100 (20.00%)] 	bpp_y_loss: 0.130851 |	bpp_z_loss: 0.000000 |	bpp_loss: 0.130851 |	mse_loss: 0.001798 |	loss: 0.002916 |	psnr_loss: 27.452892 |
[2024-01-01 07:15:25,090 | INFO | train_one_epoch] Train epoch 0: [30/100 (30.00%)] 	bpp_y_loss: 0.127297 |	bpp_z_loss: 0.000000 |	bpp_loss: 0.127297 |	mse_loss: 0.001278 |	loss: 0.002366 |	psnr_loss: 28.934879 |
[2024-01-01 07:15:51,617 | INFO | train_one_epoch] Train epoch 0: [40/100 (40.00%)] 	bpp_y_loss: 0.130608 |	bpp_z_loss: 0.000000 |	bpp_loss: 0.130608 |	mse_loss: 0.001081 |	loss: 0.002197 |	psnr_loss: 29.660662 |
[2024-01-01 07:16:18,142 | INFO | train_one_epoch] Train epoch 0: [50/100 (50.00%)] 	bpp_y_loss: 0.137801 |	bpp_z_loss: 0.000000 |	bpp_loss: 0.137801 |	mse_loss: 0.001250 |	loss: 0.002428 |	psnr_loss: 29.030199 |
[2024-01-01 07:16:44,720 | INFO | train_one_epoch] Train epoch 0: [60/100 (60.00%)] 	bpp_y_loss: 0.133744 |	bpp_z_loss: 0.000000 |	bpp_loss: 0.133744 |	mse_loss: 0.001656 |	loss: 0.002798 |	psnr_loss: 27.810375 |
[2024-01-01 07:17:11,221 | INFO | train_one_epoch] Train epoch 0: [70/100 (70.00%)] 	bpp_y_loss: 0.140589 |	bpp_z_loss: 0.000000 |	bpp_loss: 0.140589 |	mse_loss: 0.001663 |	loss: 0.002865 |	psnr_loss: 27.790051 |
[2024-01-01 07:17:35,964 | INFO | <module>] Args: Namespace(model='bmshj2018_factorized', parameter_set=1, epsilon=0.01, adv_steps=100, batch_size=8, epochs=100, steps_per_epoch=100, learning_rate=0.0001, save=True, seed=19260817, clip_max_norm=-1.0, checkpoint=None, type='mse', lr_epoch=[5], continue_train=False)
[2024-01-01 07:17:35,965 | INFO | train_one_epoch] Learning rate: 0.0001
[2024-01-01 07:17:44,022 | INFO | train_one_epoch] Train epoch 0: [0/100 (0.00%)] 	bpp_y_loss: 0.132930 |	bpp_z_loss: 0.000000 |	bpp_loss: 0.132930 |	mse_loss: 0.001839 |	loss: 0.002975 |	psnr_loss: 27.353462 |
[2024-01-01 07:18:10,545 | INFO | train_one_epoch] Train epoch 0: [10/100 (10.00%)] 	bpp_y_loss: 0.132784 |	bpp_z_loss: 0.000000 |	bpp_loss: 0.132784 |	mse_loss: 0.001556 |	loss: 0.002690 |	psnr_loss: 28.221195 |
[2024-01-01 07:18:37,006 | INFO | train_one_epoch] Train epoch 0: [20/100 (20.00%)] 	bpp_y_loss: 0.131320 |	bpp_z_loss: 0.000000 |	bpp_loss: 0.131320 |	mse_loss: 0.001392 |	loss: 0.002514 |	psnr_loss: 28.766294 |
[2024-01-01 07:19:03,545 | INFO | train_one_epoch] Train epoch 0: [30/100 (30.00%)] 	bpp_y_loss: 0.133174 |	bpp_z_loss: 0.000000 |	bpp_loss: 0.133174 |	mse_loss: 0.001341 |	loss: 0.002479 |	psnr_loss: 28.766363 |
[2024-01-01 07:19:29,936 | INFO | train_one_epoch] Train epoch 0: [40/100 (40.00%)] 	bpp_y_loss: 0.139284 |	bpp_z_loss: 0.000000 |	bpp_loss: 0.139284 |	mse_loss: 0.001431 |	loss: 0.002621 |	psnr_loss: 28.632721 |
[2024-01-01 07:19:56,384 | INFO | train_one_epoch] Train epoch 0: [50/100 (50.00%)] 	bpp_y_loss: 0.136883 |	bpp_z_loss: 0.000000 |	bpp_loss: 0.136883 |	mse_loss: 0.001362 |	loss: 0.002531 |	psnr_loss: 28.733793 |
[2024-01-01 07:20:22,796 | INFO | train_one_epoch] Train epoch 0: [60/100 (60.00%)] 	bpp_y_loss: 0.138483 |	bpp_z_loss: 0.000000 |	bpp_loss: 0.138483 |	mse_loss: 0.001422 |	loss: 0.002606 |	psnr_loss: 28.585157 |
[2024-01-01 07:20:49,287 | INFO | train_one_epoch] Train epoch 0: [70/100 (70.00%)] 	bpp_y_loss: 0.129652 |	bpp_z_loss: 0.000000 |	bpp_loss: 0.129652 |	mse_loss: 0.001168 |	loss: 0.002276 |	psnr_loss: 29.516068 |
[2024-01-01 07:21:15,715 | INFO | train_one_epoch] Train epoch 0: [80/100 (80.00%)] 	bpp_y_loss: 0.135352 |	bpp_z_loss: 0.000000 |	bpp_loss: 0.135352 |	mse_loss: 0.001340 |	loss: 0.002496 |	psnr_loss: 28.940765 |
[2024-01-01 07:21:42,154 | INFO | train_one_epoch] Train epoch 0: [90/100 (90.00%)] 	bpp_y_loss: 0.145101 |	bpp_z_loss: 0.000000 |	bpp_loss: 0.145101 |	mse_loss: 0.001721 |	loss: 0.002961 |	psnr_loss: 27.723135 |
[2024-01-01 07:22:08,639 | INFO | train_one_epoch] Train epoch 0: [100/100 (100.00%)] 	bpp_y_loss: 0.137459 |	bpp_z_loss: 0.000000 |	bpp_loss: 0.137459 |	mse_loss: 0.001434 |	loss: 0.002609 |	psnr_loss: 28.552649 |
[2024-01-01 07:22:46,110 | INFO | test_adversarial] Testing results for epoch 1 | bpp_y_loss=0.15651 | bpp_z_loss=0.00000 | bpp_loss=0.15651 | mse_loss=0.00325 | loss=0.00459 | psnr_loss=25.52045
[2024-01-01 07:22:46,648 | INFO | test_one_epoch] Testing results for epoch 1 | bpp_y_loss=0.15012 | bpp_z_loss=0.00000 | bpp_loss=0.15012 | mse_loss=0.00254 | loss=0.00382 | psnr_loss=26.73932
[2024-01-01 07:22:46,859 | INFO | train_one_epoch] Learning rate: 0.0001
[2024-01-01 07:22:49,563 | INFO | train_one_epoch] Train epoch 1: [0/100 (0.00%)] 	bpp_y_loss: 0.118837 |	bpp_z_loss: 0.000000 |	bpp_loss: 0.118837 |	mse_loss: 0.000872 |	loss: 0.001887 |	psnr_loss: 30.596560 |
[2024-01-01 07:23:15,999 | INFO | train_one_epoch] Train epoch 1: [10/100 (10.00%)] 	bpp_y_loss: 0.132245 |	bpp_z_loss: 0.000000 |	bpp_loss: 0.132245 |	mse_loss: 0.001277 |	loss: 0.002407 |	psnr_loss: 29.093164 |
[2024-01-01 07:23:42,468 | INFO | train_one_epoch] Train epoch 1: [20/100 (20.00%)] 	bpp_y_loss: 0.134717 |	bpp_z_loss: 0.000000 |	bpp_loss: 0.134717 |	mse_loss: 0.001278 |	loss: 0.002429 |	psnr_loss: 29.176779 |
[2024-01-01 07:24:08,937 | INFO | train_one_epoch] Train epoch 1: [30/100 (30.00%)] 	bpp_y_loss: 0.135316 |	bpp_z_loss: 0.000000 |	bpp_loss: 0.135316 |	mse_loss: 0.001407 |	loss: 0.002563 |	psnr_loss: 28.636494 |
[2024-01-01 07:24:35,437 | INFO | train_one_epoch] Train epoch 1: [40/100 (40.00%)] 	bpp_y_loss: 0.134937 |	bpp_z_loss: 0.000000 |	bpp_loss: 0.134937 |	mse_loss: 0.001485 |	loss: 0.002638 |	psnr_loss: 28.424957 |
[2024-01-01 07:25:01,891 | INFO | train_one_epoch] Train epoch 1: [50/100 (50.00%)] 	bpp_y_loss: 0.135597 |	bpp_z_loss: 0.000000 |	bpp_loss: 0.135597 |	mse_loss: 0.001375 |	loss: 0.002533 |	psnr_loss: 28.791685 |
[2024-01-01 07:25:28,376 | INFO | train_one_epoch] Train epoch 1: [60/100 (60.00%)] 	bpp_y_loss: 0.126309 |	bpp_z_loss: 0.000000 |	bpp_loss: 0.126309 |	mse_loss: 0.001117 |	loss: 0.002197 |	psnr_loss: 29.631010 |
[2024-01-01 07:25:54,861 | INFO | train_one_epoch] Train epoch 1: [70/100 (70.00%)] 	bpp_y_loss: 0.125068 |	bpp_z_loss: 0.000000 |	bpp_loss: 0.125068 |	mse_loss: 0.001068 |	loss: 0.002136 |	psnr_loss: 29.764139 |
[2024-01-01 07:26:21,292 | INFO | train_one_epoch] Train epoch 1: [80/100 (80.00%)] 	bpp_y_loss: 0.134021 |	bpp_z_loss: 0.000000 |	bpp_loss: 0.134021 |	mse_loss: 0.001289 |	loss: 0.002434 |	psnr_loss: 28.998533 |
[2024-01-01 07:26:47,720 | INFO | train_one_epoch] Train epoch 1: [90/100 (90.00%)] 	bpp_y_loss: 0.136423 |	bpp_z_loss: 0.000000 |	bpp_loss: 0.136423 |	mse_loss: 0.001328 |	loss: 0.002494 |	psnr_loss: 28.856327 |
[2024-01-01 07:27:14,267 | INFO | train_one_epoch] Train epoch 1: [100/100 (100.00%)] 	bpp_y_loss: 0.134186 |	bpp_z_loss: 0.000000 |	bpp_loss: 0.134186 |	mse_loss: 0.001390 |	loss: 0.002537 |	psnr_loss: 28.831190 |
[2024-01-01 07:27:51,656 | INFO | test_adversarial] Testing results for epoch 2 | bpp_y_loss=0.15608 | bpp_z_loss=0.00000 | bpp_loss=0.15608 | mse_loss=0.00323 | loss=0.00456 | psnr_loss=25.56534
[2024-01-01 07:27:52,196 | INFO | test_one_epoch] Testing results for epoch 2 | bpp_y_loss=0.15054 | bpp_z_loss=0.00000 | bpp_loss=0.15054 | mse_loss=0.00253 | loss=0.00382 | psnr_loss=26.76092
[2024-01-01 07:27:52,325 | INFO | train_one_epoch] Learning rate: 0.0001
[2024-01-01 07:27:55,037 | INFO | train_one_epoch] Train epoch 2: [0/100 (0.00%)] 	bpp_y_loss: 0.140650 |	bpp_z_loss: 0.000000 |	bpp_loss: 0.140650 |	mse_loss: 0.001621 |	loss: 0.002823 |	psnr_loss: 27.902250 |
[2024-01-01 07:28:21,657 | INFO | train_one_epoch] Train epoch 2: [10/100 (10.00%)] 	bpp_y_loss: 0.138470 |	bpp_z_loss: 0.000000 |	bpp_loss: 0.138470 |	mse_loss: 0.001477 |	loss: 0.002660 |	psnr_loss: 28.512863 |
[2024-01-01 07:28:48,110 | INFO | train_one_epoch] Train epoch 2: [20/100 (20.00%)] 	bpp_y_loss: 0.130991 |	bpp_z_loss: 0.000000 |	bpp_loss: 0.130991 |	mse_loss: 0.001251 |	loss: 0.002370 |	psnr_loss: 29.126844 |
[2024-01-01 07:29:14,655 | INFO | train_one_epoch] Train epoch 2: [30/100 (30.00%)] 	bpp_y_loss: 0.125055 |	bpp_z_loss: 0.000000 |	bpp_loss: 0.125055 |	mse_loss: 0.001125 |	loss: 0.002193 |	psnr_loss: 29.571222 |
[2024-01-01 07:29:41,147 | INFO | train_one_epoch] Train epoch 2: [40/100 (40.00%)] 	bpp_y_loss: 0.132067 |	bpp_z_loss: 0.000000 |	bpp_loss: 0.132067 |	mse_loss: 0.001284 |	loss: 0.002412 |	psnr_loss: 29.070585 |
[2024-01-01 07:30:07,642 | INFO | train_one_epoch] Train epoch 2: [50/100 (50.00%)] 	bpp_y_loss: 0.129943 |	bpp_z_loss: 0.000000 |	bpp_loss: 0.129943 |	mse_loss: 0.001374 |	loss: 0.002484 |	psnr_loss: 28.986937 |
[2024-01-01 07:30:34,205 | INFO | train_one_epoch] Train epoch 2: [60/100 (60.00%)] 	bpp_y_loss: 0.134879 |	bpp_z_loss: 0.000000 |	bpp_loss: 0.134879 |	mse_loss: 0.001408 |	loss: 0.002560 |	psnr_loss: 28.671589 |
[2024-01-01 07:31:00,774 | INFO | train_one_epoch] Train epoch 2: [70/100 (70.00%)] 	bpp_y_loss: 0.133851 |	bpp_z_loss: 0.000000 |	bpp_loss: 0.133851 |	mse_loss: 0.001376 |	loss: 0.002519 |	psnr_loss: 28.821909 |
[2024-01-01 07:31:27,740 | INFO | train_one_epoch] Train epoch 2: [80/100 (80.00%)] 	bpp_y_loss: 0.135993 |	bpp_z_loss: 0.000000 |	bpp_loss: 0.135993 |	mse_loss: 0.001361 |	loss: 0.002523 |	psnr_loss: 28.962696 |
[2024-01-01 07:31:54,180 | INFO | train_one_epoch] Train epoch 2: [90/100 (90.00%)] 	bpp_y_loss: 0.131175 |	bpp_z_loss: 0.000000 |	bpp_loss: 0.131175 |	mse_loss: 0.001318 |	loss: 0.002439 |	psnr_loss: 28.904312 |
[2024-01-01 07:32:20,658 | INFO | train_one_epoch] Train epoch 2: [100/100 (100.00%)] 	bpp_y_loss: 0.133535 |	bpp_z_loss: 0.000000 |	bpp_loss: 0.133535 |	mse_loss: 0.001367 |	loss: 0.002508 |	psnr_loss: 28.785261 |
[2024-01-01 07:32:58,099 | INFO | test_adversarial] Testing results for epoch 3 | bpp_y_loss=0.15594 | bpp_z_loss=0.00000 | bpp_loss=0.15594 | mse_loss=0.00323 | loss=0.00456 | psnr_loss=25.55573
[2024-01-01 07:32:58,636 | INFO | test_one_epoch] Testing results for epoch 3 | bpp_y_loss=0.14962 | bpp_z_loss=0.00000 | bpp_loss=0.14962 | mse_loss=0.00254 | loss=0.00382 | psnr_loss=26.73598
[2024-01-01 07:32:58,754 | INFO | train_one_epoch] Learning rate: 0.0001
[2024-01-01 07:33:01,467 | INFO | train_one_epoch] Train epoch 3: [0/100 (0.00%)] 	bpp_y_loss: 0.122508 |	bpp_z_loss: 0.000000 |	bpp_loss: 0.122508 |	mse_loss: 0.001226 |	loss: 0.002273 |	psnr_loss: 29.113983 |
[2024-01-01 07:33:28,083 | INFO | train_one_epoch] Train epoch 3: [10/100 (10.00%)] 	bpp_y_loss: 0.137115 |	bpp_z_loss: 0.000000 |	bpp_loss: 0.137115 |	mse_loss: 0.001559 |	loss: 0.002731 |	psnr_loss: 28.275049 |
[2024-01-01 07:33:54,542 | INFO | train_one_epoch] Train epoch 3: [20/100 (20.00%)] 	bpp_y_loss: 0.135859 |	bpp_z_loss: 0.000000 |	bpp_loss: 0.135859 |	mse_loss: 0.001428 |	loss: 0.002588 |	psnr_loss: 28.552021 |
[2024-01-01 07:34:21,073 | INFO | train_one_epoch] Train epoch 3: [30/100 (30.00%)] 	bpp_y_loss: 0.138367 |	bpp_z_loss: 0.000000 |	bpp_loss: 0.138367 |	mse_loss: 0.001662 |	loss: 0.002844 |	psnr_loss: 27.879637 |
[2024-01-01 07:34:47,651 | INFO | train_one_epoch] Train epoch 3: [40/100 (40.00%)] 	bpp_y_loss: 0.131543 |	bpp_z_loss: 0.000000 |	bpp_loss: 0.131543 |	mse_loss: 0.001393 |	loss: 0.002517 |	psnr_loss: 28.757547 |
[2024-01-01 07:35:14,151 | INFO | train_one_epoch] Train epoch 3: [50/100 (50.00%)] 	bpp_y_loss: 0.138785 |	bpp_z_loss: 0.000000 |	bpp_loss: 0.138785 |	mse_loss: 0.001573 |	loss: 0.002759 |	psnr_loss: 28.133310 |
[2024-01-01 07:35:40,658 | INFO | train_one_epoch] Train epoch 3: [60/100 (60.00%)] 	bpp_y_loss: 0.129207 |	bpp_z_loss: 0.000000 |	bpp_loss: 0.129207 |	mse_loss: 0.001253 |	loss: 0.002357 |	psnr_loss: 29.089340 |
[2024-01-01 07:36:07,143 | INFO | train_one_epoch] Train epoch 3: [70/100 (70.00%)] 	bpp_y_loss: 0.134779 |	bpp_z_loss: 0.000000 |	bpp_loss: 0.134779 |	mse_loss: 0.001322 |	loss: 0.002473 |	psnr_loss: 28.861073 |
[2024-01-01 07:36:33,573 | INFO | train_one_epoch] Train epoch 3: [80/100 (80.00%)] 	bpp_y_loss: 0.129270 |	bpp_z_loss: 0.000000 |	bpp_loss: 0.129270 |	mse_loss: 0.001197 |	loss: 0.002302 |	psnr_loss: 29.350996 |
[2024-01-01 07:37:00,157 | INFO | train_one_epoch] Train epoch 3: [90/100 (90.00%)] 	bpp_y_loss: 0.133455 |	bpp_z_loss: 0.000000 |	bpp_loss: 0.133455 |	mse_loss: 0.001440 |	loss: 0.002580 |	psnr_loss: 28.605759 |
[2024-01-01 07:37:26,621 | INFO | train_one_epoch] Train epoch 3: [100/100 (100.00%)] 	bpp_y_loss: 0.135336 |	bpp_z_loss: 0.000000 |	bpp_loss: 0.135336 |	mse_loss: 0.001364 |	loss: 0.002520 |	psnr_loss: 28.788116 |
[2024-01-01 07:38:04,039 | INFO | test_adversarial] Testing results for epoch 4 | bpp_y_loss=0.15689 | bpp_z_loss=0.00000 | bpp_loss=0.15689 | mse_loss=0.00323 | loss=0.00457 | psnr_loss=25.55947
[2024-01-01 07:38:04,578 | INFO | test_one_epoch] Testing results for epoch 4 | bpp_y_loss=0.15020 | bpp_z_loss=0.00000 | bpp_loss=0.15020 | mse_loss=0.00255 | loss=0.00383 | psnr_loss=26.72861
[2024-01-01 07:38:04,704 | INFO | train_one_epoch] Learning rate: 0.0001
[2024-01-01 07:38:07,411 | INFO | train_one_epoch] Train epoch 4: [0/100 (0.00%)] 	bpp_y_loss: 0.145110 |	bpp_z_loss: 0.000000 |	bpp_loss: 0.145110 |	mse_loss: 0.001385 |	loss: 0.002625 |	psnr_loss: 28.585381 |
[2024-01-01 07:38:33,896 | INFO | train_one_epoch] Train epoch 4: [10/100 (10.00%)] 	bpp_y_loss: 0.134060 |	bpp_z_loss: 0.000000 |	bpp_loss: 0.134060 |	mse_loss: 0.001405 |	loss: 0.002551 |	psnr_loss: 28.645857 |
[2024-01-01 07:39:00,512 | INFO | train_one_epoch] Train epoch 4: [20/100 (20.00%)] 	bpp_y_loss: 0.131893 |	bpp_z_loss: 0.000000 |	bpp_loss: 0.131893 |	mse_loss: 0.001352 |	loss: 0.002479 |	psnr_loss: 28.753736 |
[2024-01-01 07:39:27,074 | INFO | train_one_epoch] Train epoch 4: [30/100 (30.00%)] 	bpp_y_loss: 0.137012 |	bpp_z_loss: 0.000000 |	bpp_loss: 0.137012 |	mse_loss: 0.001426 |	loss: 0.002597 |	psnr_loss: 28.618368 |
[2024-01-01 07:39:53,473 | INFO | train_one_epoch] Train epoch 4: [40/100 (40.00%)] 	bpp_y_loss: 0.130584 |	bpp_z_loss: 0.000000 |	bpp_loss: 0.130584 |	mse_loss: 0.001228 |	loss: 0.002343 |	psnr_loss: 29.168009 |
[2024-01-01 07:40:20,020 | INFO | train_one_epoch] Train epoch 4: [50/100 (50.00%)] 	bpp_y_loss: 0.135426 |	bpp_z_loss: 0.000000 |	bpp_loss: 0.135426 |	mse_loss: 0.001389 |	loss: 0.002546 |	psnr_loss: 28.688116 |
[2024-01-01 07:40:46,484 | INFO | train_one_epoch] Train epoch 4: [60/100 (60.00%)] 	bpp_y_loss: 0.133244 |	bpp_z_loss: 0.000000 |	bpp_loss: 0.133244 |	mse_loss: 0.001345 |	loss: 0.002483 |	psnr_loss: 28.850340 |
[2024-01-01 07:41:12,916 | INFO | train_one_epoch] Train epoch 4: [70/100 (70.00%)] 	bpp_y_loss: 0.127248 |	bpp_z_loss: 0.000000 |	bpp_loss: 0.127248 |	mse_loss: 0.001266 |	loss: 0.002353 |	psnr_loss: 29.034779 |
[2024-01-01 07:41:39,433 | INFO | train_one_epoch] Train epoch 4: [80/100 (80.00%)] 	bpp_y_loss: 0.133174 |	bpp_z_loss: 0.000000 |	bpp_loss: 0.133174 |	mse_loss: 0.001429 |	loss: 0.002566 |	psnr_loss: 28.514408 |
[2024-01-01 07:42:05,951 | INFO | train_one_epoch] Train epoch 4: [90/100 (90.00%)] 	bpp_y_loss: 0.138336 |	bpp_z_loss: 0.000000 |	bpp_loss: 0.138336 |	mse_loss: 0.001558 |	loss: 0.002740 |	psnr_loss: 28.145039 |
[2024-01-01 07:42:32,423 | INFO | train_one_epoch] Train epoch 4: [100/100 (100.00%)] 	bpp_y_loss: 0.127401 |	bpp_z_loss: 0.000000 |	bpp_loss: 0.127401 |	mse_loss: 0.001250 |	loss: 0.002339 |	psnr_loss: 29.263803 |
[2024-01-01 07:43:09,729 | INFO | test_adversarial] Testing results for epoch 5 | bpp_y_loss=0.15577 | bpp_z_loss=0.00000 | bpp_loss=0.15577 | mse_loss=0.00325 | loss=0.00458 | psnr_loss=25.52997
[2024-01-01 07:43:10,225 | INFO | test_one_epoch] Testing results for epoch 5 | bpp_y_loss=0.14946 | bpp_z_loss=0.00000 | bpp_loss=0.14946 | mse_loss=0.00257 | loss=0.00384 | psnr_loss=26.68819
[2024-01-01 07:43:10,339 | INFO | train_one_epoch] Learning rate: 2e-05
[2024-01-01 07:43:13,036 | INFO | train_one_epoch] Train epoch 5: [0/100 (0.00%)] 	bpp_y_loss: 0.133046 |	bpp_z_loss: 0.000000 |	bpp_loss: 0.133046 |	mse_loss: 0.001600 |	loss: 0.002737 |	psnr_loss: 27.957762 |
[2024-01-01 07:43:39,490 | INFO | train_one_epoch] Train epoch 5: [10/100 (10.00%)] 	bpp_y_loss: 0.136613 |	bpp_z_loss: 0.000000 |	bpp_loss: 0.136613 |	mse_loss: 0.001453 |	loss: 0.002620 |	psnr_loss: 28.593039 |
[2024-01-01 07:44:05,927 | INFO | train_one_epoch] Train epoch 5: [20/100 (20.00%)] 	bpp_y_loss: 0.131100 |	bpp_z_loss: 0.000000 |	bpp_loss: 0.131100 |	mse_loss: 0.001367 |	loss: 0.002487 |	psnr_loss: 28.774109 |
[2024-01-01 07:44:32,401 | INFO | train_one_epoch] Train epoch 5: [30/100 (30.00%)] 	bpp_y_loss: 0.132519 |	bpp_z_loss: 0.000000 |	bpp_loss: 0.132519 |	mse_loss: 0.001340 |	loss: 0.002472 |	psnr_loss: 28.828526 |
[2024-01-01 07:44:58,895 | INFO | train_one_epoch] Train epoch 5: [40/100 (40.00%)] 	bpp_y_loss: 0.123835 |	bpp_z_loss: 0.000000 |	bpp_loss: 0.123835 |	mse_loss: 0.001173 |	loss: 0.002231 |	psnr_loss: 29.409605 |
[2024-01-01 07:45:25,543 | INFO | train_one_epoch] Train epoch 5: [50/100 (50.00%)] 	bpp_y_loss: 0.136251 |	bpp_z_loss: 0.000000 |	bpp_loss: 0.136251 |	mse_loss: 0.001662 |	loss: 0.002826 |	psnr_loss: 27.950480 |
[2024-01-01 07:45:52,080 | INFO | train_one_epoch] Train epoch 5: [60/100 (60.00%)] 	bpp_y_loss: 0.132162 |	bpp_z_loss: 0.000000 |	bpp_loss: 0.132162 |	mse_loss: 0.001473 |	loss: 0.002602 |	psnr_loss: 28.376234 |
[2024-01-01 07:46:18,497 | INFO | train_one_epoch] Train epoch 5: [70/100 (70.00%)] 	bpp_y_loss: 0.128571 |	bpp_z_loss: 0.000000 |	bpp_loss: 0.128571 |	mse_loss: 0.001421 |	loss: 0.002520 |	psnr_loss: 28.819223 |
[2024-01-01 07:46:44,902 | INFO | train_one_epoch] Train epoch 5: [80/100 (80.00%)] 	bpp_y_loss: 0.121102 |	bpp_z_loss: 0.000000 |	bpp_loss: 0.121102 |	mse_loss: 0.001145 |	loss: 0.002179 |	psnr_loss: 29.568485 |
[2024-01-01 07:47:11,327 | INFO | train_one_epoch] Train epoch 5: [90/100 (90.00%)] 	bpp_y_loss: 0.123778 |	bpp_z_loss: 0.000000 |	bpp_loss: 0.123778 |	mse_loss: 0.001304 |	loss: 0.002361 |	psnr_loss: 29.193457 |
[2024-01-01 07:47:37,713 | INFO | train_one_epoch] Train epoch 5: [100/100 (100.00%)] 	bpp_y_loss: 0.132376 |	bpp_z_loss: 0.000000 |	bpp_loss: 0.132376 |	mse_loss: 0.001569 |	loss: 0.002700 |	psnr_loss: 28.167160 |
[2024-01-01 07:48:14,833 | INFO | test_adversarial] Testing results for epoch 6 | bpp_y_loss=0.15073 | bpp_z_loss=0.00000 | bpp_loss=0.15073 | mse_loss=0.00323 | loss=0.00452 | psnr_loss=25.56422
[2024-01-01 07:48:15,366 | INFO | test_one_epoch] Testing results for epoch 6 | bpp_y_loss=0.14484 | bpp_z_loss=0.00000 | bpp_loss=0.14484 | mse_loss=0.00254 | loss=0.00378 | psnr_loss=26.73911
[2024-01-01 07:48:15,480 | INFO | train_one_epoch] Learning rate: 2e-05
[2024-01-01 07:48:18,186 | INFO | train_one_epoch] Train epoch 6: [0/100 (0.00%)] 	bpp_y_loss: 0.150380 |	bpp_z_loss: 0.000000 |	bpp_loss: 0.150380 |	mse_loss: 0.002320 |	loss: 0.003605 |	psnr_loss: 26.345293 |
[2024-01-01 07:48:44,646 | INFO | train_one_epoch] Train epoch 6: [10/100 (10.00%)] 	bpp_y_loss: 0.131676 |	bpp_z_loss: 0.000000 |	bpp_loss: 0.131676 |	mse_loss: 0.001515 |	loss: 0.002640 |	psnr_loss: 28.302078 |
[2024-01-01 07:49:11,074 | INFO | train_one_epoch] Train epoch 6: [20/100 (20.00%)] 	bpp_y_loss: 0.122476 |	bpp_z_loss: 0.000000 |	bpp_loss: 0.122476 |	mse_loss: 0.001145 |	loss: 0.002192 |	psnr_loss: 29.525640 |
[2024-01-01 07:49:37,509 | INFO | train_one_epoch] Train epoch 6: [30/100 (30.00%)] 	bpp_y_loss: 0.120059 |	bpp_z_loss: 0.000000 |	bpp_loss: 0.120059 |	mse_loss: 0.001194 |	loss: 0.002220 |	psnr_loss: 29.335890 |
[2024-01-01 07:50:04,032 | INFO | train_one_epoch] Train epoch 6: [40/100 (40.00%)] 	bpp_y_loss: 0.123953 |	bpp_z_loss: 0.000000 |	bpp_loss: 0.123953 |	mse_loss: 0.001295 |	loss: 0.002354 |	psnr_loss: 29.053226 |
[2024-01-01 07:50:30,467 | INFO | train_one_epoch] Train epoch 6: [50/100 (50.00%)] 	bpp_y_loss: 0.125428 |	bpp_z_loss: 0.000000 |	bpp_loss: 0.125428 |	mse_loss: 0.001384 |	loss: 0.002456 |	psnr_loss: 28.714224 |
[2024-01-01 07:50:56,940 | INFO | train_one_epoch] Train epoch 6: [60/100 (60.00%)] 	bpp_y_loss: 0.118476 |	bpp_z_loss: 0.000000 |	bpp_loss: 0.118476 |	mse_loss: 0.001104 |	loss: 0.002116 |	psnr_loss: 29.713089 |
[2024-01-01 07:51:23,421 | INFO | train_one_epoch] Train epoch 6: [70/100 (70.00%)] 	bpp_y_loss: 0.126150 |	bpp_z_loss: 0.000000 |	bpp_loss: 0.126150 |	mse_loss: 0.001406 |	loss: 0.002484 |	psnr_loss: 28.690603 |
[2024-01-01 07:51:49,879 | INFO | train_one_epoch] Train epoch 6: [80/100 (80.00%)] 	bpp_y_loss: 0.124672 |	bpp_z_loss: 0.000000 |	bpp_loss: 0.124672 |	mse_loss: 0.001260 |	loss: 0.002325 |	psnr_loss: 29.025709 |
[2024-01-01 07:52:16,309 | INFO | train_one_epoch] Train epoch 6: [90/100 (90.00%)] 	bpp_y_loss: 0.127485 |	bpp_z_loss: 0.000000 |	bpp_loss: 0.127485 |	mse_loss: 0.001351 |	loss: 0.002440 |	psnr_loss: 28.794027 |
[2024-01-01 07:52:42,881 | INFO | train_one_epoch] Train epoch 6: [100/100 (100.00%)] 	bpp_y_loss: 0.125313 |	bpp_z_loss: 0.000000 |	bpp_loss: 0.125313 |	mse_loss: 0.001402 |	loss: 0.002473 |	psnr_loss: 28.753006 |
[2024-01-01 07:53:19,925 | INFO | test_adversarial] Testing results for epoch 7 | bpp_y_loss=0.14982 | bpp_z_loss=0.00000 | bpp_loss=0.14982 | mse_loss=0.00323 | loss=0.00451 | psnr_loss=25.56444
[2024-01-01 07:53:20,453 | INFO | test_one_epoch] Testing results for epoch 7 | bpp_y_loss=0.14338 | bpp_z_loss=0.00000 | bpp_loss=0.14338 | mse_loss=0.00254 | loss=0.00376 | psnr_loss=26.74287
[2024-01-01 07:53:20,578 | INFO | train_one_epoch] Learning rate: 2e-05
[2024-01-01 07:53:23,272 | INFO | train_one_epoch] Train epoch 7: [0/100 (0.00%)] 	bpp_y_loss: 0.115638 |	bpp_z_loss: 0.000000 |	bpp_loss: 0.115638 |	mse_loss: 0.001180 |	loss: 0.002168 |	psnr_loss: 29.279453 |
[2024-01-01 07:53:49,709 | INFO | train_one_epoch] Train epoch 7: [10/100 (10.00%)] 	bpp_y_loss: 0.122749 |	bpp_z_loss: 0.000000 |	bpp_loss: 0.122749 |	mse_loss: 0.001303 |	loss: 0.002352 |	psnr_loss: 29.056875 |
[2024-01-01 07:54:16,181 | INFO | train_one_epoch] Train epoch 7: [20/100 (20.00%)] 	bpp_y_loss: 0.125561 |	bpp_z_loss: 0.000000 |	bpp_loss: 0.125561 |	mse_loss: 0.001387 |	loss: 0.002460 |	psnr_loss: 28.686731 |
[2024-01-01 07:54:42,633 | INFO | train_one_epoch] Train epoch 7: [30/100 (30.00%)] 	bpp_y_loss: 0.125950 |	bpp_z_loss: 0.000000 |	bpp_loss: 0.125950 |	mse_loss: 0.001438 |	loss: 0.002514 |	psnr_loss: 28.526123 |
[2024-01-01 07:55:09,069 | INFO | train_one_epoch] Train epoch 7: [40/100 (40.00%)] 	bpp_y_loss: 0.121670 |	bpp_z_loss: 0.000000 |	bpp_loss: 0.121670 |	mse_loss: 0.001186 |	loss: 0.002226 |	psnr_loss: 29.457716 |
[2024-01-01 07:55:35,504 | INFO | train_one_epoch] Train epoch 7: [50/100 (50.00%)] 	bpp_y_loss: 0.132018 |	bpp_z_loss: 0.000000 |	bpp_loss: 0.132018 |	mse_loss: 0.001485 |	loss: 0.002613 |	psnr_loss: 28.390020 |
[2024-01-01 07:56:02,212 | INFO | train_one_epoch] Train epoch 7: [60/100 (60.00%)] 	bpp_y_loss: 0.129667 |	bpp_z_loss: 0.000000 |	bpp_loss: 0.129667 |	mse_loss: 0.001450 |	loss: 0.002558 |	psnr_loss: 28.604975 |
[2024-01-01 07:56:28,611 | INFO | train_one_epoch] Train epoch 7: [70/100 (70.00%)] 	bpp_y_loss: 0.127100 |	bpp_z_loss: 0.000000 |	bpp_loss: 0.127100 |	mse_loss: 0.001496 |	loss: 0.002582 |	psnr_loss: 28.407999 |
[2024-01-01 07:56:55,022 | INFO | train_one_epoch] Train epoch 7: [80/100 (80.00%)] 	bpp_y_loss: 0.127504 |	bpp_z_loss: 0.000000 |	bpp_loss: 0.127504 |	mse_loss: 0.001466 |	loss: 0.002555 |	psnr_loss: 28.444635 |
[2024-01-01 07:57:21,464 | INFO | train_one_epoch] Train epoch 7: [90/100 (90.00%)] 	bpp_y_loss: 0.119876 |	bpp_z_loss: 0.000000 |	bpp_loss: 0.119876 |	mse_loss: 0.001290 |	loss: 0.002314 |	psnr_loss: 28.970160 |
[2024-01-01 07:57:47,897 | INFO | train_one_epoch] Train epoch 7: [100/100 (100.00%)] 	bpp_y_loss: 0.127690 |	bpp_z_loss: 0.000000 |	bpp_loss: 0.127690 |	mse_loss: 0.001444 |	loss: 0.002535 |	psnr_loss: 28.514566 |
[2024-01-01 07:58:25,104 | INFO | test_adversarial] Testing results for epoch 8 | bpp_y_loss=0.14808 | bpp_z_loss=0.00000 | bpp_loss=0.14808 | mse_loss=0.00323 | loss=0.00450 | psnr_loss=25.56557
[2024-01-01 07:58:25,635 | INFO | test_one_epoch] Testing results for epoch 8 | bpp_y_loss=0.14187 | bpp_z_loss=0.00000 | bpp_loss=0.14187 | mse_loss=0.00254 | loss=0.00375 | psnr_loss=26.74229
[2024-01-01 07:58:25,754 | INFO | train_one_epoch] Learning rate: 2e-05
[2024-01-01 07:58:28,454 | INFO | train_one_epoch] Train epoch 8: [0/100 (0.00%)] 	bpp_y_loss: 0.132341 |	bpp_z_loss: 0.000000 |	bpp_loss: 0.132341 |	mse_loss: 0.001885 |	loss: 0.003016 |	psnr_loss: 27.247066 |
[2024-01-01 07:58:55,035 | INFO | train_one_epoch] Train epoch 8: [10/100 (10.00%)] 	bpp_y_loss: 0.133049 |	bpp_z_loss: 0.000000 |	bpp_loss: 0.133049 |	mse_loss: 0.001506 |	loss: 0.002643 |	psnr_loss: 28.367584 |
[2024-01-01 07:59:21,507 | INFO | train_one_epoch] Train epoch 8: [20/100 (20.00%)] 	bpp_y_loss: 0.127848 |	bpp_z_loss: 0.000000 |	bpp_loss: 0.127848 |	mse_loss: 0.001517 |	loss: 0.002610 |	psnr_loss: 28.285542 |
[2024-01-01 07:59:47,924 | INFO | train_one_epoch] Train epoch 8: [30/100 (30.00%)] 	bpp_y_loss: 0.117577 |	bpp_z_loss: 0.000000 |	bpp_loss: 0.117577 |	mse_loss: 0.001213 |	loss: 0.002218 |	psnr_loss: 29.339670 |
[2024-01-01 08:00:14,804 | INFO | train_one_epoch] Train epoch 8: [40/100 (40.00%)] 	bpp_y_loss: 0.123232 |	bpp_z_loss: 0.000000 |	bpp_loss: 0.123232 |	mse_loss: 0.001284 |	loss: 0.002337 |	psnr_loss: 28.994608 |
[2024-01-01 08:00:41,220 | INFO | train_one_epoch] Train epoch 8: [50/100 (50.00%)] 	bpp_y_loss: 0.116374 |	bpp_z_loss: 0.000000 |	bpp_loss: 0.116374 |	mse_loss: 0.001136 |	loss: 0.002130 |	psnr_loss: 29.617355 |
[2024-01-01 08:01:07,627 | INFO | train_one_epoch] Train epoch 8: [60/100 (60.00%)] 	bpp_y_loss: 0.116789 |	bpp_z_loss: 0.000000 |	bpp_loss: 0.116789 |	mse_loss: 0.001144 |	loss: 0.002141 |	psnr_loss: 29.513096 |
[2024-01-01 08:01:34,123 | INFO | train_one_epoch] Train epoch 8: [70/100 (70.00%)] 	bpp_y_loss: 0.126367 |	bpp_z_loss: 0.000000 |	bpp_loss: 0.126367 |	mse_loss: 0.001455 |	loss: 0.002535 |	psnr_loss: 28.514862 |
[2024-01-01 08:02:00,561 | INFO | train_one_epoch] Train epoch 8: [80/100 (80.00%)] 	bpp_y_loss: 0.124356 |	bpp_z_loss: 0.000000 |	bpp_loss: 0.124356 |	mse_loss: 0.001305 |	loss: 0.002368 |	psnr_loss: 28.868967 |
[2024-01-01 08:02:27,072 | INFO | train_one_epoch] Train epoch 8: [90/100 (90.00%)] 	bpp_y_loss: 0.125647 |	bpp_z_loss: 0.000000 |	bpp_loss: 0.125647 |	mse_loss: 0.001392 |	loss: 0.002466 |	psnr_loss: 28.800419 |
[2024-01-01 08:02:53,549 | INFO | train_one_epoch] Train epoch 8: [100/100 (100.00%)] 	bpp_y_loss: 0.126477 |	bpp_z_loss: 0.000000 |	bpp_loss: 0.126477 |	mse_loss: 0.001506 |	loss: 0.002586 |	psnr_loss: 28.326599 |
[2024-01-01 08:03:30,693 | INFO | test_adversarial] Testing results for epoch 9 | bpp_y_loss=0.14772 | bpp_z_loss=0.00000 | bpp_loss=0.14772 | mse_loss=0.00323 | loss=0.00449 | psnr_loss=25.55875
[2024-01-01 08:03:31,230 | INFO | test_one_epoch] Testing results for epoch 9 | bpp_y_loss=0.14069 | bpp_z_loss=0.00000 | bpp_loss=0.14069 | mse_loss=0.00254 | loss=0.00375 | psnr_loss=26.73646
[2024-01-01 08:03:31,350 | INFO | train_one_epoch] Learning rate: 2e-05
[2024-01-01 08:03:34,035 | INFO | train_one_epoch] Train epoch 9: [0/100 (0.00%)] 	bpp_y_loss: 0.126198 |	bpp_z_loss: 0.000000 |	bpp_loss: 0.126198 |	mse_loss: 0.001368 |	loss: 0.002446 |	psnr_loss: 28.640106 |
[2024-01-01 08:04:00,489 | INFO | train_one_epoch] Train epoch 9: [10/100 (10.00%)] 	bpp_y_loss: 0.123223 |	bpp_z_loss: 0.000000 |	bpp_loss: 0.123223 |	mse_loss: 0.001411 |	loss: 0.002464 |	psnr_loss: 28.736017 |
[2024-01-01 08:04:27,004 | INFO | train_one_epoch] Train epoch 9: [20/100 (20.00%)] 	bpp_y_loss: 0.120319 |	bpp_z_loss: 0.000000 |	bpp_loss: 0.120319 |	mse_loss: 0.001199 |	loss: 0.002227 |	psnr_loss: 29.374088 |
[2024-01-01 08:04:53,460 | INFO | train_one_epoch] Train epoch 9: [30/100 (30.00%)] 	bpp_y_loss: 0.119398 |	bpp_z_loss: 0.000000 |	bpp_loss: 0.119398 |	mse_loss: 0.001202 |	loss: 0.002222 |	psnr_loss: 29.266081 |
[2024-01-01 08:05:19,972 | INFO | train_one_epoch] Train epoch 9: [40/100 (40.00%)] 	bpp_y_loss: 0.125718 |	bpp_z_loss: 0.000000 |	bpp_loss: 0.125718 |	mse_loss: 0.001442 |	loss: 0.002516 |	psnr_loss: 28.587469 |
[2024-01-01 08:05:46,522 | INFO | train_one_epoch] Train epoch 9: [50/100 (50.00%)] 	bpp_y_loss: 0.114124 |	bpp_z_loss: 0.000000 |	bpp_loss: 0.114124 |	mse_loss: 0.001140 |	loss: 0.002115 |	psnr_loss: 29.731903 |
[2024-01-01 08:06:13,156 | INFO | train_one_epoch] Train epoch 9: [60/100 (60.00%)] 	bpp_y_loss: 0.127531 |	bpp_z_loss: 0.000000 |	bpp_loss: 0.127531 |	mse_loss: 0.001498 |	loss: 0.002587 |	psnr_loss: 28.355152 |
[2024-01-01 08:06:39,725 | INFO | train_one_epoch] Train epoch 9: [70/100 (70.00%)] 	bpp_y_loss: 0.122232 |	bpp_z_loss: 0.000000 |	bpp_loss: 0.122232 |	mse_loss: 0.001422 |	loss: 0.002466 |	psnr_loss: 28.674326 |
[2024-01-01 08:07:06,193 | INFO | train_one_epoch] Train epoch 9: [80/100 (80.00%)] 	bpp_y_loss: 0.123321 |	bpp_z_loss: 0.000000 |	bpp_loss: 0.123321 |	mse_loss: 0.001379 |	loss: 0.002433 |	psnr_loss: 28.770277 |
[2024-01-01 08:07:32,711 | INFO | train_one_epoch] Train epoch 9: [90/100 (90.00%)] 	bpp_y_loss: 0.120316 |	bpp_z_loss: 0.000000 |	bpp_loss: 0.120316 |	mse_loss: 0.001225 |	loss: 0.002253 |	psnr_loss: 29.176260 |
[2024-01-01 08:07:59,237 | INFO | train_one_epoch] Train epoch 9: [100/100 (100.00%)] 	bpp_y_loss: 0.125174 |	bpp_z_loss: 0.000000 |	bpp_loss: 0.125174 |	mse_loss: 0.001398 |	loss: 0.002468 |	psnr_loss: 28.668272 |
[2024-01-01 08:08:36,790 | INFO | test_adversarial] Testing results for epoch 10 | bpp_y_loss=0.14760 | bpp_z_loss=0.00000 | bpp_loss=0.14760 | mse_loss=0.00323 | loss=0.00450 | psnr_loss=25.55391
[2024-01-01 08:08:37,326 | INFO | test_one_epoch] Testing results for epoch 10 | bpp_y_loss=0.14095 | bpp_z_loss=0.00000 | bpp_loss=0.14095 | mse_loss=0.00254 | loss=0.00375 | psnr_loss=26.74049
[2024-01-01 08:08:37,441 | INFO | train_one_epoch] Learning rate: 2e-05
[2024-01-01 08:08:40,154 | INFO | train_one_epoch] Train epoch 10: [0/100 (0.00%)] 	bpp_y_loss: 0.122991 |	bpp_z_loss: 0.000000 |	bpp_loss: 0.122991 |	mse_loss: 0.001187 |	loss: 0.002238 |	psnr_loss: 29.254419 |
[2024-01-01 08:09:06,609 | INFO | train_one_epoch] Train epoch 10: [10/100 (10.00%)] 	bpp_y_loss: 0.122693 |	bpp_z_loss: 0.000000 |	bpp_loss: 0.122693 |	mse_loss: 0.001381 |	loss: 0.002429 |	psnr_loss: 28.762211 |
[2024-01-01 08:09:33,070 | INFO | train_one_epoch] Train epoch 10: [20/100 (20.00%)] 	bpp_y_loss: 0.121266 |	bpp_z_loss: 0.000000 |	bpp_loss: 0.121266 |	mse_loss: 0.001217 |	loss: 0.002253 |	psnr_loss: 29.195875 |
[2024-01-01 08:09:59,564 | INFO | train_one_epoch] Train epoch 10: [30/100 (30.00%)] 	bpp_y_loss: 0.123319 |	bpp_z_loss: 0.000000 |	bpp_loss: 0.123319 |	mse_loss: 0.001392 |	loss: 0.002446 |	psnr_loss: 28.710230 |
[2024-01-01 08:10:26,075 | INFO | train_one_epoch] Train epoch 10: [40/100 (40.00%)] 	bpp_y_loss: 0.124885 |	bpp_z_loss: 0.000000 |	bpp_loss: 0.124885 |	mse_loss: 0.001396 |	loss: 0.002463 |	psnr_loss: 28.801422 |
[2024-01-01 08:10:52,508 | INFO | train_one_epoch] Train epoch 10: [50/100 (50.00%)] 	bpp_y_loss: 0.123678 |	bpp_z_loss: 0.000000 |	bpp_loss: 0.123678 |	mse_loss: 0.001376 |	loss: 0.002432 |	psnr_loss: 28.695908 |
[2024-01-01 08:11:19,033 | INFO | train_one_epoch] Train epoch 10: [60/100 (60.00%)] 	bpp_y_loss: 0.123899 |	bpp_z_loss: 0.000000 |	bpp_loss: 0.123899 |	mse_loss: 0.001318 |	loss: 0.002376 |	psnr_loss: 28.949478 |
[2024-01-01 08:11:45,487 | INFO | train_one_epoch] Train epoch 10: [70/100 (70.00%)] 	bpp_y_loss: 0.119327 |	bpp_z_loss: 0.000000 |	bpp_loss: 0.119327 |	mse_loss: 0.001258 |	loss: 0.002277 |	psnr_loss: 29.165195 |
[2024-01-01 08:12:11,946 | INFO | train_one_epoch] Train epoch 10: [80/100 (80.00%)] 	bpp_y_loss: 0.124333 |	bpp_z_loss: 0.000000 |	bpp_loss: 0.124333 |	mse_loss: 0.001384 |	loss: 0.002446 |	psnr_loss: 28.735647 |
[2024-01-01 08:12:38,555 | INFO | train_one_epoch] Train epoch 10: [90/100 (90.00%)] 	bpp_y_loss: 0.125506 |	bpp_z_loss: 0.000000 |	bpp_loss: 0.125506 |	mse_loss: 0.001375 |	loss: 0.002448 |	psnr_loss: 28.703842 |
[2024-01-01 08:13:05,206 | INFO | train_one_epoch] Train epoch 10: [100/100 (100.00%)] 	bpp_y_loss: 0.119714 |	bpp_z_loss: 0.000000 |	bpp_loss: 0.119714 |	mse_loss: 0.001249 |	loss: 0.002272 |	psnr_loss: 29.171293 |
[2024-01-01 08:13:42,436 | INFO | test_adversarial] Testing results for epoch 11 | bpp_y_loss=0.14681 | bpp_z_loss=0.00000 | bpp_loss=0.14681 | mse_loss=0.00323 | loss=0.00449 | psnr_loss=25.55675
[2024-01-01 08:13:42,994 | INFO | test_one_epoch] Testing results for epoch 11 | bpp_y_loss=0.14046 | bpp_z_loss=0.00000 | bpp_loss=0.14046 | mse_loss=0.00254 | loss=0.00374 | psnr_loss=26.75119
[2024-01-01 08:13:43,125 | INFO | train_one_epoch] Learning rate: 2e-05
[2024-01-01 08:13:45,824 | INFO | train_one_epoch] Train epoch 11: [0/100 (0.00%)] 	bpp_y_loss: 0.112275 |	bpp_z_loss: 0.000000 |	bpp_loss: 0.112275 |	mse_loss: 0.001037 |	loss: 0.001997 |	psnr_loss: 29.840706 |
[2024-01-01 08:14:12,310 | INFO | train_one_epoch] Train epoch 11: [10/100 (10.00%)] 	bpp_y_loss: 0.122939 |	bpp_z_loss: 0.000000 |	bpp_loss: 0.122939 |	mse_loss: 0.001388 |	loss: 0.002438 |	psnr_loss: 28.728052 |
[2024-01-01 08:14:38,796 | INFO | train_one_epoch] Train epoch 11: [20/100 (20.00%)] 	bpp_y_loss: 0.119894 |	bpp_z_loss: 0.000000 |	bpp_loss: 0.119894 |	mse_loss: 0.001238 |	loss: 0.002263 |	psnr_loss: 29.292738 |
[2024-01-01 08:15:05,479 | INFO | train_one_epoch] Train epoch 11: [30/100 (30.00%)] 	bpp_y_loss: 0.121581 |	bpp_z_loss: 0.000000 |	bpp_loss: 0.121581 |	mse_loss: 0.001331 |	loss: 0.002369 |	psnr_loss: 28.923223 |
[2024-01-01 08:15:31,959 | INFO | train_one_epoch] Train epoch 11: [40/100 (40.00%)] 	bpp_y_loss: 0.121811 |	bpp_z_loss: 0.000000 |	bpp_loss: 0.121811 |	mse_loss: 0.001379 |	loss: 0.002420 |	psnr_loss: 28.732788 |
[2024-01-01 08:15:58,454 | INFO | train_one_epoch] Train epoch 11: [50/100 (50.00%)] 	bpp_y_loss: 0.123719 |	bpp_z_loss: 0.000000 |	bpp_loss: 0.123719 |	mse_loss: 0.001400 |	loss: 0.002457 |	psnr_loss: 28.637699 |
[2024-01-01 08:16:24,920 | INFO | train_one_epoch] Train epoch 11: [60/100 (60.00%)] 	bpp_y_loss: 0.114277 |	bpp_z_loss: 0.000000 |	bpp_loss: 0.114277 |	mse_loss: 0.001190 |	loss: 0.002166 |	psnr_loss: 29.607553 |
[2024-01-01 08:16:51,381 | INFO | train_one_epoch] Train epoch 11: [70/100 (70.00%)] 	bpp_y_loss: 0.122081 |	bpp_z_loss: 0.000000 |	bpp_loss: 0.122081 |	mse_loss: 0.001311 |	loss: 0.002354 |	psnr_loss: 28.920561 |
[2024-01-01 08:17:17,852 | INFO | train_one_epoch] Train epoch 11: [80/100 (80.00%)] 	bpp_y_loss: 0.124053 |	bpp_z_loss: 0.000000 |	bpp_loss: 0.124053 |	mse_loss: 0.001397 |	loss: 0.002457 |	psnr_loss: 28.690138 |
[2024-01-01 08:17:44,305 | INFO | train_one_epoch] Train epoch 11: [90/100 (90.00%)] 	bpp_y_loss: 0.121874 |	bpp_z_loss: 0.000000 |	bpp_loss: 0.121874 |	mse_loss: 0.001353 |	loss: 0.002394 |	psnr_loss: 28.823383 |
[2024-01-01 08:18:11,108 | INFO | train_one_epoch] Train epoch 11: [100/100 (100.00%)] 	bpp_y_loss: 0.124928 |	bpp_z_loss: 0.000000 |	bpp_loss: 0.124928 |	mse_loss: 0.001523 |	loss: 0.002590 |	psnr_loss: 28.271744 |
[2024-01-01 08:18:48,620 | INFO | test_adversarial] Testing results for epoch 12 | bpp_y_loss=0.14646 | bpp_z_loss=0.00000 | bpp_loss=0.14646 | mse_loss=0.00323 | loss=0.00448 | psnr_loss=25.57023
[2024-01-01 08:18:49,168 | INFO | test_one_epoch] Testing results for epoch 12 | bpp_y_loss=0.14020 | bpp_z_loss=0.00000 | bpp_loss=0.14020 | mse_loss=0.00254 | loss=0.00373 | psnr_loss=26.75625
[2024-01-01 08:18:49,286 | INFO | train_one_epoch] Learning rate: 2e-05
[2024-01-01 08:18:52,013 | INFO | train_one_epoch] Train epoch 12: [0/100 (0.00%)] 	bpp_y_loss: 0.128178 |	bpp_z_loss: 0.000000 |	bpp_loss: 0.128178 |	mse_loss: 0.001263 |	loss: 0.002358 |	psnr_loss: 28.987017 |
[2024-01-01 08:19:18,500 | INFO | train_one_epoch] Train epoch 12: [10/100 (10.00%)] 	bpp_y_loss: 0.113944 |	bpp_z_loss: 0.000000 |	bpp_loss: 0.113944 |	mse_loss: 0.001118 |	loss: 0.002091 |	psnr_loss: 29.634703 |
[2024-01-01 08:19:44,973 | INFO | train_one_epoch] Train epoch 12: [20/100 (20.00%)] 	bpp_y_loss: 0.122841 |	bpp_z_loss: 0.000000 |	bpp_loss: 0.122841 |	mse_loss: 0.001339 |	loss: 0.002389 |	psnr_loss: 28.887100 |
[2024-01-01 08:20:11,459 | INFO | train_one_epoch] Train epoch 12: [30/100 (30.00%)] 	bpp_y_loss: 0.119700 |	bpp_z_loss: 0.000000 |	bpp_loss: 0.119700 |	mse_loss: 0.001211 |	loss: 0.002234 |	psnr_loss: 29.241093 |
[2024-01-01 08:20:37,945 | INFO | train_one_epoch] Train epoch 12: [40/100 (40.00%)] 	bpp_y_loss: 0.117392 |	bpp_z_loss: 0.000000 |	bpp_loss: 0.117392 |	mse_loss: 0.001302 |	loss: 0.002305 |	psnr_loss: 29.010046 |
[2024-01-01 08:21:04,422 | INFO | train_one_epoch] Train epoch 12: [50/100 (50.00%)] 	bpp_y_loss: 0.129490 |	bpp_z_loss: 0.000000 |	bpp_loss: 0.129490 |	mse_loss: 0.001577 |	loss: 0.002683 |	psnr_loss: 28.170523 |
[2024-01-01 08:21:31,381 | INFO | train_one_epoch] Train epoch 12: [60/100 (60.00%)] 	bpp_y_loss: 0.120070 |	bpp_z_loss: 0.000000 |	bpp_loss: 0.120070 |	mse_loss: 0.001281 |	loss: 0.002307 |	psnr_loss: 29.030918 |
[2024-01-01 08:21:57,963 | INFO | train_one_epoch] Train epoch 12: [70/100 (70.00%)] 	bpp_y_loss: 0.127130 |	bpp_z_loss: 0.000000 |	bpp_loss: 0.127130 |	mse_loss: 0.001512 |	loss: 0.002598 |	psnr_loss: 28.322590 |
[2024-01-01 08:22:24,453 | INFO | train_one_epoch] Train epoch 12: [80/100 (80.00%)] 	bpp_y_loss: 0.125762 |	bpp_z_loss: 0.000000 |	bpp_loss: 0.125762 |	mse_loss: 0.001688 |	loss: 0.002762 |	psnr_loss: 27.920469 |
[2024-01-01 08:22:51,169 | INFO | train_one_epoch] Train epoch 12: [90/100 (90.00%)] 	bpp_y_loss: 0.118367 |	bpp_z_loss: 0.000000 |	bpp_loss: 0.118367 |	mse_loss: 0.001284 |	loss: 0.002295 |	psnr_loss: 29.031284 |
[2024-01-01 08:23:17,532 | INFO | train_one_epoch] Train epoch 12: [100/100 (100.00%)] 	bpp_y_loss: 0.118906 |	bpp_z_loss: 0.000000 |	bpp_loss: 0.118906 |	mse_loss: 0.001269 |	loss: 0.002285 |	psnr_loss: 29.017004 |
[2024-01-01 08:23:55,027 | INFO | test_adversarial] Testing results for epoch 13 | bpp_y_loss=0.14628 | bpp_z_loss=0.00000 | bpp_loss=0.14628 | mse_loss=0.00323 | loss=0.00448 | psnr_loss=25.55923
[2024-01-01 08:23:55,579 | INFO | test_one_epoch] Testing results for epoch 13 | bpp_y_loss=0.13968 | bpp_z_loss=0.00000 | bpp_loss=0.13968 | mse_loss=0.00254 | loss=0.00373 | psnr_loss=26.74983
[2024-01-01 08:23:55,696 | INFO | train_one_epoch] Learning rate: 2e-05
[2024-01-01 08:23:58,392 | INFO | train_one_epoch] Train epoch 13: [0/100 (0.00%)] 	bpp_y_loss: 0.117447 |	bpp_z_loss: 0.000000 |	bpp_loss: 0.117447 |	mse_loss: 0.001335 |	loss: 0.002338 |	psnr_loss: 28.745611 |
[2024-01-01 08:24:24,888 | INFO | train_one_epoch] Train epoch 13: [10/100 (10.00%)] 	bpp_y_loss: 0.120753 |	bpp_z_loss: 0.000000 |	bpp_loss: 0.120753 |	mse_loss: 0.001275 |	loss: 0.002306 |	psnr_loss: 29.092428 |
[2024-01-01 08:24:51,470 | INFO | train_one_epoch] Train epoch 13: [20/100 (20.00%)] 	bpp_y_loss: 0.122584 |	bpp_z_loss: 0.000000 |	bpp_loss: 0.122584 |	mse_loss: 0.001540 |	loss: 0.002588 |	psnr_loss: 28.221140 |
[2024-01-01 08:25:18,010 | INFO | train_one_epoch] Train epoch 13: [30/100 (30.00%)] 	bpp_y_loss: 0.120092 |	bpp_z_loss: 0.000000 |	bpp_loss: 0.120092 |	mse_loss: 0.001318 |	loss: 0.002344 |	psnr_loss: 28.873652 |
[2024-01-01 08:25:44,616 | INFO | train_one_epoch] Train epoch 13: [40/100 (40.00%)] 	bpp_y_loss: 0.121916 |	bpp_z_loss: 0.000000 |	bpp_loss: 0.121916 |	mse_loss: 0.001381 |	loss: 0.002423 |	psnr_loss: 28.746037 |
[2024-01-01 08:26:11,303 | INFO | train_one_epoch] Train epoch 13: [50/100 (50.00%)] 	bpp_y_loss: 0.118398 |	bpp_z_loss: 0.000000 |	bpp_loss: 0.118398 |	mse_loss: 0.001361 |	loss: 0.002373 |	psnr_loss: 28.902842 |
[2024-01-01 08:26:37,897 | INFO | train_one_epoch] Train epoch 13: [60/100 (60.00%)] 	bpp_y_loss: 0.120451 |	bpp_z_loss: 0.000000 |	bpp_loss: 0.120451 |	mse_loss: 0.001439 |	loss: 0.002468 |	psnr_loss: 28.707926 |
[2024-01-01 08:27:04,510 | INFO | train_one_epoch] Train epoch 13: [70/100 (70.00%)] 	bpp_y_loss: 0.127531 |	bpp_z_loss: 0.000000 |	bpp_loss: 0.127531 |	mse_loss: 0.001613 |	loss: 0.002702 |	psnr_loss: 28.041960 |
[2024-01-01 08:27:31,037 | INFO | train_one_epoch] Train epoch 13: [80/100 (80.00%)] 	bpp_y_loss: 0.115603 |	bpp_z_loss: 0.000000 |	bpp_loss: 0.115603 |	mse_loss: 0.001138 |	loss: 0.002126 |	psnr_loss: 29.681004 |
[2024-01-01 08:27:57,559 | INFO | train_one_epoch] Train epoch 13: [90/100 (90.00%)] 	bpp_y_loss: 0.121057 |	bpp_z_loss: 0.000000 |	bpp_loss: 0.121057 |	mse_loss: 0.001301 |	loss: 0.002335 |	psnr_loss: 28.945755 |
[2024-01-01 08:28:24,132 | INFO | train_one_epoch] Train epoch 13: [100/100 (100.00%)] 	bpp_y_loss: 0.123800 |	bpp_z_loss: 0.000000 |	bpp_loss: 0.123800 |	mse_loss: 0.001406 |	loss: 0.002464 |	psnr_loss: 28.621769 |
[2024-01-01 08:29:02,033 | INFO | test_adversarial] Testing results for epoch 14 | bpp_y_loss=0.14588 | bpp_z_loss=0.00000 | bpp_loss=0.14588 | mse_loss=0.00323 | loss=0.00448 | psnr_loss=25.55253
[2024-01-01 08:29:02,572 | INFO | test_one_epoch] Testing results for epoch 14 | bpp_y_loss=0.13952 | bpp_z_loss=0.00000 | bpp_loss=0.13952 | mse_loss=0.00254 | loss=0.00373 | psnr_loss=26.75510
[2024-01-01 08:29:02,688 | INFO | train_one_epoch] Learning rate: 2e-05
[2024-01-01 08:29:05,389 | INFO | train_one_epoch] Train epoch 14: [0/100 (0.00%)] 	bpp_y_loss: 0.119889 |	bpp_z_loss: 0.000000 |	bpp_loss: 0.119889 |	mse_loss: 0.001087 |	loss: 0.002112 |	psnr_loss: 29.636860 |
[2024-01-01 08:29:31,922 | INFO | train_one_epoch] Train epoch 14: [10/100 (10.00%)] 	bpp_y_loss: 0.119724 |	bpp_z_loss: 0.000000 |	bpp_loss: 0.119724 |	mse_loss: 0.001371 |	loss: 0.002394 |	psnr_loss: 28.808134 |
[2024-01-01 08:29:58,574 | INFO | train_one_epoch] Train epoch 14: [20/100 (20.00%)] 	bpp_y_loss: 0.115812 |	bpp_z_loss: 0.000000 |	bpp_loss: 0.115812 |	mse_loss: 0.001276 |	loss: 0.002265 |	psnr_loss: 29.238861 |
[2024-01-01 08:30:25,176 | INFO | train_one_epoch] Train epoch 14: [30/100 (30.00%)] 	bpp_y_loss: 0.123413 |	bpp_z_loss: 0.000000 |	bpp_loss: 0.123413 |	mse_loss: 0.001434 |	loss: 0.002488 |	psnr_loss: 28.600967 |
[2024-01-01 08:30:51,673 | INFO | train_one_epoch] Train epoch 14: [40/100 (40.00%)] 	bpp_y_loss: 0.119953 |	bpp_z_loss: 0.000000 |	bpp_loss: 0.119953 |	mse_loss: 0.001314 |	loss: 0.002339 |	psnr_loss: 28.990885 |
[2024-01-01 08:31:18,378 | INFO | train_one_epoch] Train epoch 14: [50/100 (50.00%)] 	bpp_y_loss: 0.123378 |	bpp_z_loss: 0.000000 |	bpp_loss: 0.123378 |	mse_loss: 0.001443 |	loss: 0.002497 |	psnr_loss: 28.593851 |
[2024-01-01 08:31:44,910 | INFO | train_one_epoch] Train epoch 14: [60/100 (60.00%)] 	bpp_y_loss: 0.126209 |	bpp_z_loss: 0.000000 |	bpp_loss: 0.126209 |	mse_loss: 0.001560 |	loss: 0.002638 |	psnr_loss: 28.469336 |
[2024-01-01 08:32:11,669 | INFO | train_one_epoch] Train epoch 14: [70/100 (70.00%)] 	bpp_y_loss: 0.121739 |	bpp_z_loss: 0.000000 |	bpp_loss: 0.121739 |	mse_loss: 0.001364 |	loss: 0.002404 |	psnr_loss: 28.722630 |
[2024-01-01 08:32:38,551 | INFO | train_one_epoch] Train epoch 14: [80/100 (80.00%)] 	bpp_y_loss: 0.123580 |	bpp_z_loss: 0.000000 |	bpp_loss: 0.123580 |	mse_loss: 0.001362 |	loss: 0.002418 |	psnr_loss: 28.830185 |
[2024-01-01 08:33:05,424 | INFO | train_one_epoch] Train epoch 14: [90/100 (90.00%)] 	bpp_y_loss: 0.123458 |	bpp_z_loss: 0.000000 |	bpp_loss: 0.123458 |	mse_loss: 0.001392 |	loss: 0.002447 |	psnr_loss: 28.778049 |
[2024-01-01 08:33:32,465 | INFO | train_one_epoch] Train epoch 14: [100/100 (100.00%)] 	bpp_y_loss: 0.125687 |	bpp_z_loss: 0.000000 |	bpp_loss: 0.125687 |	mse_loss: 0.001521 |	loss: 0.002595 |	psnr_loss: 28.348593 |
[2024-01-01 08:34:11,377 | INFO | test_adversarial] Testing results for epoch 15 | bpp_y_loss=0.14498 | bpp_z_loss=0.00000 | bpp_loss=0.14498 | mse_loss=0.00324 | loss=0.00448 | psnr_loss=25.54511
[2024-01-01 08:34:11,920 | INFO | test_one_epoch] Testing results for epoch 15 | bpp_y_loss=0.13857 | bpp_z_loss=0.00000 | bpp_loss=0.13857 | mse_loss=0.00254 | loss=0.00372 | psnr_loss=26.74983
[2024-01-01 08:34:12,039 | INFO | train_one_epoch] Learning rate: 2e-05
[2024-01-01 08:34:14,757 | INFO | train_one_epoch] Train epoch 15: [0/100 (0.00%)] 	bpp_y_loss: 0.122490 |	bpp_z_loss: 0.000000 |	bpp_loss: 0.122490 |	mse_loss: 0.001423 |	loss: 0.002470 |	psnr_loss: 28.467939 |
[2024-01-01 08:34:41,512 | INFO | train_one_epoch] Train epoch 15: [10/100 (10.00%)] 	bpp_y_loss: 0.120132 |	bpp_z_loss: 0.000000 |	bpp_loss: 0.120132 |	mse_loss: 0.001312 |	loss: 0.002338 |	psnr_loss: 29.004240 |
[2024-01-01 08:35:08,282 | INFO | train_one_epoch] Train epoch 15: [20/100 (20.00%)] 	bpp_y_loss: 0.119073 |	bpp_z_loss: 0.000000 |	bpp_loss: 0.119073 |	mse_loss: 0.001309 |	loss: 0.002327 |	psnr_loss: 29.129013 |
[2024-01-01 08:35:34,919 | INFO | train_one_epoch] Train epoch 15: [30/100 (30.00%)] 	bpp_y_loss: 0.121489 |	bpp_z_loss: 0.000000 |	bpp_loss: 0.121489 |	mse_loss: 0.001383 |	loss: 0.002421 |	psnr_loss: 28.647379 |
[2024-01-01 08:36:01,640 | INFO | train_one_epoch] Train epoch 15: [40/100 (40.00%)] 	bpp_y_loss: 0.122707 |	bpp_z_loss: 0.000000 |	bpp_loss: 0.122707 |	mse_loss: 0.001386 |	loss: 0.002435 |	psnr_loss: 28.731501 |
[2024-01-01 08:36:28,051 | INFO | train_one_epoch] Train epoch 15: [50/100 (50.00%)] 	bpp_y_loss: 0.127722 |	bpp_z_loss: 0.000000 |	bpp_loss: 0.127722 |	mse_loss: 0.001617 |	loss: 0.002708 |	psnr_loss: 27.987432 |
[2024-01-01 08:36:54,578 | INFO | train_one_epoch] Train epoch 15: [60/100 (60.00%)] 	bpp_y_loss: 0.118759 |	bpp_z_loss: 0.000000 |	bpp_loss: 0.118759 |	mse_loss: 0.001327 |	loss: 0.002341 |	psnr_loss: 28.911549 |
[2024-01-01 08:37:21,058 | INFO | train_one_epoch] Train epoch 15: [70/100 (70.00%)] 	bpp_y_loss: 0.124234 |	bpp_z_loss: 0.000000 |	bpp_loss: 0.124234 |	mse_loss: 0.001466 |	loss: 0.002528 |	psnr_loss: 28.483831 |
[2024-01-01 08:37:47,541 | INFO | train_one_epoch] Train epoch 15: [80/100 (80.00%)] 	bpp_y_loss: 0.114071 |	bpp_z_loss: 0.000000 |	bpp_loss: 0.114071 |	mse_loss: 0.001163 |	loss: 0.002138 |	psnr_loss: 29.439280 |
[2024-01-01 08:38:13,984 | INFO | train_one_epoch] Train epoch 15: [90/100 (90.00%)] 	bpp_y_loss: 0.123031 |	bpp_z_loss: 0.000000 |	bpp_loss: 0.123031 |	mse_loss: 0.001377 |	loss: 0.002428 |	psnr_loss: 28.764862 |
[2024-01-01 08:38:40,424 | INFO | train_one_epoch] Train epoch 15: [100/100 (100.00%)] 	bpp_y_loss: 0.119662 |	bpp_z_loss: 0.000000 |	bpp_loss: 0.119662 |	mse_loss: 0.001410 |	loss: 0.002432 |	psnr_loss: 28.669458 |
[2024-01-01 08:39:17,935 | INFO | test_adversarial] Testing results for epoch 16 | bpp_y_loss=0.14532 | bpp_z_loss=0.00000 | bpp_loss=0.14532 | mse_loss=0.00323 | loss=0.00447 | psnr_loss=25.55350
[2024-01-01 08:39:18,570 | INFO | test_one_epoch] Testing results for epoch 16 | bpp_y_loss=0.13910 | bpp_z_loss=0.00000 | bpp_loss=0.13910 | mse_loss=0.00253 | loss=0.00372 | psnr_loss=26.75907
[2024-01-01 08:39:18,682 | INFO | train_one_epoch] Learning rate: 2e-05
[2024-01-01 08:39:21,388 | INFO | train_one_epoch] Train epoch 16: [0/100 (0.00%)] 	bpp_y_loss: 0.110338 |	bpp_z_loss: 0.000000 |	bpp_loss: 0.110338 |	mse_loss: 0.001055 |	loss: 0.001997 |	psnr_loss: 29.768488 |
[2024-01-01 08:39:47,859 | INFO | train_one_epoch] Train epoch 16: [10/100 (10.00%)] 	bpp_y_loss: 0.123094 |	bpp_z_loss: 0.000000 |	bpp_loss: 0.123094 |	mse_loss: 0.001294 |	loss: 0.002345 |	psnr_loss: 28.901463 |
[2024-01-01 08:40:14,341 | INFO | train_one_epoch] Train epoch 16: [20/100 (20.00%)] 	bpp_y_loss: 0.119886 |	bpp_z_loss: 0.000000 |	bpp_loss: 0.119886 |	mse_loss: 0.001379 |	loss: 0.002403 |	psnr_loss: 28.754538 |
[2024-01-01 08:40:40,763 | INFO | train_one_epoch] Train epoch 16: [30/100 (30.00%)] 	bpp_y_loss: 0.119287 |	bpp_z_loss: 0.000000 |	bpp_loss: 0.119287 |	mse_loss: 0.001303 |	loss: 0.002322 |	psnr_loss: 28.920242 |
[2024-01-01 08:41:07,289 | INFO | train_one_epoch] Train epoch 16: [40/100 (40.00%)] 	bpp_y_loss: 0.124337 |	bpp_z_loss: 0.000000 |	bpp_loss: 0.124337 |	mse_loss: 0.001425 |	loss: 0.002487 |	psnr_loss: 28.773859 |
[2024-01-01 08:41:33,743 | INFO | train_one_epoch] Train epoch 16: [50/100 (50.00%)] 	bpp_y_loss: 0.120236 |	bpp_z_loss: 0.000000 |	bpp_loss: 0.120236 |	mse_loss: 0.001313 |	loss: 0.002340 |	psnr_loss: 28.959463 |
[2024-01-01 08:42:00,256 | INFO | train_one_epoch] Train epoch 16: [60/100 (60.00%)] 	bpp_y_loss: 0.123863 |	bpp_z_loss: 0.000000 |	bpp_loss: 0.123863 |	mse_loss: 0.001392 |	loss: 0.002450 |	psnr_loss: 28.673437 |
[2024-01-01 08:42:26,703 | INFO | train_one_epoch] Train epoch 16: [70/100 (70.00%)] 	bpp_y_loss: 0.120849 |	bpp_z_loss: 0.000000 |	bpp_loss: 0.120849 |	mse_loss: 0.001479 |	loss: 0.002512 |	psnr_loss: 28.540155 |
[2024-01-01 08:42:53,412 | INFO | train_one_epoch] Train epoch 16: [80/100 (80.00%)] 	bpp_y_loss: 0.119215 |	bpp_z_loss: 0.000000 |	bpp_loss: 0.119215 |	mse_loss: 0.001302 |	loss: 0.002321 |	psnr_loss: 29.092970 |
[2024-01-01 08:43:19,852 | INFO | train_one_epoch] Train epoch 16: [90/100 (90.00%)] 	bpp_y_loss: 0.119400 |	bpp_z_loss: 0.000000 |	bpp_loss: 0.119400 |	mse_loss: 0.001280 |	loss: 0.002300 |	psnr_loss: 29.171274 |
[2024-01-01 08:43:46,325 | INFO | train_one_epoch] Train epoch 16: [100/100 (100.00%)] 	bpp_y_loss: 0.121606 |	bpp_z_loss: 0.000000 |	bpp_loss: 0.121606 |	mse_loss: 0.001387 |	loss: 0.002426 |	psnr_loss: 28.725428 |
[2024-01-01 08:44:24,116 | INFO | test_adversarial] Testing results for epoch 17 | bpp_y_loss=0.14518 | bpp_z_loss=0.00000 | bpp_loss=0.14518 | mse_loss=0.00323 | loss=0.00448 | psnr_loss=25.55148
[2024-01-01 08:44:24,678 | INFO | test_one_epoch] Testing results for epoch 17 | bpp_y_loss=0.13930 | bpp_z_loss=0.00000 | bpp_loss=0.13930 | mse_loss=0.00253 | loss=0.00372 | psnr_loss=26.76389
[2024-01-01 08:44:24,807 | INFO | train_one_epoch] Learning rate: 2e-05
[2024-01-01 08:44:27,521 | INFO | train_one_epoch] Train epoch 17: [0/100 (0.00%)] 	bpp_y_loss: 0.132535 |	bpp_z_loss: 0.000000 |	bpp_loss: 0.132535 |	mse_loss: 0.001712 |	loss: 0.002844 |	psnr_loss: 27.665937 |
[2024-01-01 08:44:54,032 | INFO | train_one_epoch] Train epoch 17: [10/100 (10.00%)] 	bpp_y_loss: 0.121215 |	bpp_z_loss: 0.000000 |	bpp_loss: 0.121215 |	mse_loss: 0.001491 |	loss: 0.002527 |	psnr_loss: 28.449966 |
[2024-01-01 08:45:20,512 | INFO | train_one_epoch] Train epoch 17: [20/100 (20.00%)] 	bpp_y_loss: 0.120923 |	bpp_z_loss: 0.000000 |	bpp_loss: 0.120923 |	mse_loss: 0.001293 |	loss: 0.002326 |	psnr_loss: 28.990406 |
[2024-01-01 08:45:46,983 | INFO | train_one_epoch] Train epoch 17: [30/100 (30.00%)] 	bpp_y_loss: 0.119726 |	bpp_z_loss: 0.000000 |	bpp_loss: 0.119726 |	mse_loss: 0.001388 |	loss: 0.002411 |	psnr_loss: 28.663031 |
[2024-01-01 08:46:13,357 | INFO | train_one_epoch] Train epoch 17: [40/100 (40.00%)] 	bpp_y_loss: 0.119738 |	bpp_z_loss: 0.000000 |	bpp_loss: 0.119738 |	mse_loss: 0.001333 |	loss: 0.002356 |	psnr_loss: 28.875448 |
[2024-01-01 08:46:39,915 | INFO | train_one_epoch] Train epoch 17: [50/100 (50.00%)] 	bpp_y_loss: 0.121276 |	bpp_z_loss: 0.000000 |	bpp_loss: 0.121276 |	mse_loss: 0.001361 |	loss: 0.002397 |	psnr_loss: 28.778822 |
[2024-01-01 08:47:06,467 | INFO | train_one_epoch] Train epoch 17: [60/100 (60.00%)] 	bpp_y_loss: 0.120962 |	bpp_z_loss: 0.000000 |	bpp_loss: 0.120962 |	mse_loss: 0.001432 |	loss: 0.002465 |	psnr_loss: 28.583582 |
[2024-01-01 08:47:33,058 | INFO | train_one_epoch] Train epoch 17: [70/100 (70.00%)] 	bpp_y_loss: 0.116087 |	bpp_z_loss: 0.000000 |	bpp_loss: 0.116087 |	mse_loss: 0.001314 |	loss: 0.002306 |	psnr_loss: 28.966059 |
[2024-01-01 08:47:59,755 | INFO | train_one_epoch] Train epoch 17: [80/100 (80.00%)] 	bpp_y_loss: 0.118175 |	bpp_z_loss: 0.000000 |	bpp_loss: 0.118175 |	mse_loss: 0.001259 |	loss: 0.002269 |	psnr_loss: 29.202299 |
[2024-01-01 08:48:26,315 | INFO | train_one_epoch] Train epoch 17: [90/100 (90.00%)] 	bpp_y_loss: 0.116040 |	bpp_z_loss: 0.000000 |	bpp_loss: 0.116040 |	mse_loss: 0.001229 |	loss: 0.002220 |	psnr_loss: 29.282927 |
[2024-01-01 08:48:52,778 | INFO | train_one_epoch] Train epoch 17: [100/100 (100.00%)] 	bpp_y_loss: 0.121587 |	bpp_z_loss: 0.000000 |	bpp_loss: 0.121587 |	mse_loss: 0.001357 |	loss: 0.002396 |	psnr_loss: 28.806288 |
[2024-01-01 08:49:30,242 | INFO | test_adversarial] Testing results for epoch 18 | bpp_y_loss=0.14463 | bpp_z_loss=0.00000 | bpp_loss=0.14463 | mse_loss=0.00324 | loss=0.00447 | psnr_loss=25.54724
[2024-01-01 08:49:30,780 | INFO | test_one_epoch] Testing results for epoch 18 | bpp_y_loss=0.13823 | bpp_z_loss=0.00000 | bpp_loss=0.13823 | mse_loss=0.00253 | loss=0.00371 | psnr_loss=26.76005
[2024-01-01 08:49:30,908 | INFO | train_one_epoch] Learning rate: 2e-05
[2024-01-01 08:49:33,612 | INFO | train_one_epoch] Train epoch 18: [0/100 (0.00%)] 	bpp_y_loss: 0.110917 |	bpp_z_loss: 0.000000 |	bpp_loss: 0.110917 |	mse_loss: 0.001284 |	loss: 0.002232 |	psnr_loss: 28.913170 |
[2024-01-01 08:50:00,175 | INFO | train_one_epoch] Train epoch 18: [10/100 (10.00%)] 	bpp_y_loss: 0.117669 |	bpp_z_loss: 0.000000 |	bpp_loss: 0.117669 |	mse_loss: 0.001322 |	loss: 0.002328 |	psnr_loss: 28.987085 |
[2024-01-01 08:50:26,648 | INFO | train_one_epoch] Train epoch 18: [20/100 (20.00%)] 	bpp_y_loss: 0.119284 |	bpp_z_loss: 0.000000 |	bpp_loss: 0.119284 |	mse_loss: 0.001386 |	loss: 0.002405 |	psnr_loss: 28.775610 |
[2024-01-01 08:50:53,397 | INFO | train_one_epoch] Train epoch 18: [30/100 (30.00%)] 	bpp_y_loss: 0.131756 |	bpp_z_loss: 0.000000 |	bpp_loss: 0.131756 |	mse_loss: 0.001646 |	loss: 0.002772 |	psnr_loss: 28.091055 |
[2024-01-01 08:51:19,937 | INFO | train_one_epoch] Train epoch 18: [40/100 (40.00%)] 	bpp_y_loss: 0.122818 |	bpp_z_loss: 0.000000 |	bpp_loss: 0.122818 |	mse_loss: 0.001388 |	loss: 0.002438 |	psnr_loss: 28.781702 |
[2024-01-01 08:51:46,547 | INFO | train_one_epoch] Train epoch 18: [50/100 (50.00%)] 	bpp_y_loss: 0.119823 |	bpp_z_loss: 0.000000 |	bpp_loss: 0.119823 |	mse_loss: 0.001438 |	loss: 0.002462 |	psnr_loss: 28.525976 |
[2024-01-01 08:52:13,023 | INFO | train_one_epoch] Train epoch 18: [60/100 (60.00%)] 	bpp_y_loss: 0.118065 |	bpp_z_loss: 0.000000 |	bpp_loss: 0.118065 |	mse_loss: 0.001364 |	loss: 0.002373 |	psnr_loss: 28.794270 |
[2024-01-01 08:52:39,548 | INFO | train_one_epoch] Train epoch 18: [70/100 (70.00%)] 	bpp_y_loss: 0.103992 |	bpp_z_loss: 0.000000 |	bpp_loss: 0.103992 |	mse_loss: 0.000953 |	loss: 0.001841 |	psnr_loss: 30.288725 |
[2024-01-01 08:53:06,070 | INFO | train_one_epoch] Train epoch 18: [80/100 (80.00%)] 	bpp_y_loss: 0.117546 |	bpp_z_loss: 0.000000 |	bpp_loss: 0.117546 |	mse_loss: 0.001264 |	loss: 0.002268 |	psnr_loss: 29.118382 |
[2024-01-01 08:53:32,637 | INFO | train_one_epoch] Train epoch 18: [90/100 (90.00%)] 	bpp_y_loss: 0.116798 |	bpp_z_loss: 0.000000 |	bpp_loss: 0.116798 |	mse_loss: 0.001264 |	loss: 0.002262 |	psnr_loss: 29.240894 |
[2024-01-01 08:53:59,265 | INFO | train_one_epoch] Train epoch 18: [100/100 (100.00%)] 	bpp_y_loss: 0.122008 |	bpp_z_loss: 0.000000 |	bpp_loss: 0.122008 |	mse_loss: 0.001346 |	loss: 0.002388 |	psnr_loss: 28.820078 |
[2024-01-01 08:54:36,741 | INFO | test_adversarial] Testing results for epoch 19 | bpp_y_loss=0.14447 | bpp_z_loss=0.00000 | bpp_loss=0.14447 | mse_loss=0.00324 | loss=0.00447 | psnr_loss=25.54433
[2024-01-01 08:54:37,259 | INFO | test_one_epoch] Testing results for epoch 19 | bpp_y_loss=0.13800 | bpp_z_loss=0.00000 | bpp_loss=0.13800 | mse_loss=0.00254 | loss=0.00372 | psnr_loss=26.74641
[2024-01-01 08:54:37,388 | INFO | train_one_epoch] Learning rate: 2e-05
[2024-01-01 08:54:40,087 | INFO | train_one_epoch] Train epoch 19: [0/100 (0.00%)] 	bpp_y_loss: 0.122840 |	bpp_z_loss: 0.000000 |	bpp_loss: 0.122840 |	mse_loss: 0.001341 |	loss: 0.002391 |	psnr_loss: 28.725050 |
[2024-01-01 08:55:06,610 | INFO | train_one_epoch] Train epoch 19: [10/100 (10.00%)] 	bpp_y_loss: 0.120598 |	bpp_z_loss: 0.000000 |	bpp_loss: 0.120598 |	mse_loss: 0.001411 |	loss: 0.002441 |	psnr_loss: 28.562305 |
[2024-01-01 08:55:33,059 | INFO | train_one_epoch] Train epoch 19: [20/100 (20.00%)] 	bpp_y_loss: 0.117209 |	bpp_z_loss: 0.000000 |	bpp_loss: 0.117209 |	mse_loss: 0.001235 |	loss: 0.002236 |	psnr_loss: 29.253031 |
[2024-01-01 08:55:59,818 | INFO | train_one_epoch] Train epoch 19: [30/100 (30.00%)] 	bpp_y_loss: 0.116877 |	bpp_z_loss: 0.000000 |	bpp_loss: 0.116877 |	mse_loss: 0.001314 |	loss: 0.002313 |	psnr_loss: 28.954071 |
[2024-01-01 08:56:26,276 | INFO | train_one_epoch] Train epoch 19: [40/100 (40.00%)] 	bpp_y_loss: 0.116869 |	bpp_z_loss: 0.000000 |	bpp_loss: 0.116869 |	mse_loss: 0.001328 |	loss: 0.002327 |	psnr_loss: 28.926865 |
[2024-01-01 08:56:52,808 | INFO | train_one_epoch] Train epoch 19: [50/100 (50.00%)] 	bpp_y_loss: 0.125531 |	bpp_z_loss: 0.000000 |	bpp_loss: 0.125531 |	mse_loss: 0.001624 |	loss: 0.002697 |	psnr_loss: 28.063395 |
[2024-01-01 08:57:19,418 | INFO | train_one_epoch] Train epoch 19: [60/100 (60.00%)] 	bpp_y_loss: 0.112205 |	bpp_z_loss: 0.000000 |	bpp_loss: 0.112205 |	mse_loss: 0.001130 |	loss: 0.002088 |	psnr_loss: 29.678843 |
[2024-01-01 08:57:46,008 | INFO | train_one_epoch] Train epoch 19: [70/100 (70.00%)] 	bpp_y_loss: 0.117322 |	bpp_z_loss: 0.000000 |	bpp_loss: 0.117322 |	mse_loss: 0.001271 |	loss: 0.002273 |	psnr_loss: 29.047819 |
[2024-01-01 08:58:12,494 | INFO | train_one_epoch] Train epoch 19: [80/100 (80.00%)] 	bpp_y_loss: 0.124477 |	bpp_z_loss: 0.000000 |	bpp_loss: 0.124477 |	mse_loss: 0.001555 |	loss: 0.002618 |	psnr_loss: 28.314543 |
[2024-01-01 08:58:39,160 | INFO | train_one_epoch] Train epoch 19: [90/100 (90.00%)] 	bpp_y_loss: 0.114567 |	bpp_z_loss: 0.000000 |	bpp_loss: 0.114567 |	mse_loss: 0.001196 |	loss: 0.002175 |	psnr_loss: 29.361261 |
[2024-01-01 08:59:05,748 | INFO | train_one_epoch] Train epoch 19: [100/100 (100.00%)] 	bpp_y_loss: 0.122606 |	bpp_z_loss: 0.000000 |	bpp_loss: 0.122606 |	mse_loss: 0.001406 |	loss: 0.002454 |	psnr_loss: 28.666290 |
[2024-01-01 08:59:43,732 | INFO | test_adversarial] Testing results for epoch 20 | bpp_y_loss=0.14449 | bpp_z_loss=0.00000 | bpp_loss=0.14449 | mse_loss=0.00324 | loss=0.00447 | psnr_loss=25.54701
[2024-01-01 08:59:44,280 | INFO | test_one_epoch] Testing results for epoch 20 | bpp_y_loss=0.13804 | bpp_z_loss=0.00000 | bpp_loss=0.13804 | mse_loss=0.00253 | loss=0.00371 | psnr_loss=26.75500
[2024-01-01 08:59:44,394 | INFO | train_one_epoch] Learning rate: 2e-05
[2024-01-01 08:59:47,139 | INFO | train_one_epoch] Train epoch 20: [0/100 (0.00%)] 	bpp_y_loss: 0.119071 |	bpp_z_loss: 0.000000 |	bpp_loss: 0.119071 |	mse_loss: 0.001350 |	loss: 0.002367 |	psnr_loss: 28.696348 |
[2024-01-01 09:00:13,778 | INFO | train_one_epoch] Train epoch 20: [10/100 (10.00%)] 	bpp_y_loss: 0.124904 |	bpp_z_loss: 0.000000 |	bpp_loss: 0.124904 |	mse_loss: 0.001463 |	loss: 0.002530 |	psnr_loss: 28.417017 |
[2024-01-01 09:00:40,525 | INFO | train_one_epoch] Train epoch 20: [20/100 (20.00%)] 	bpp_y_loss: 0.125683 |	bpp_z_loss: 0.000000 |	bpp_loss: 0.125683 |	mse_loss: 0.001510 |	loss: 0.002583 |	psnr_loss: 28.302765 |
[2024-01-01 09:01:07,150 | INFO | train_one_epoch] Train epoch 20: [30/100 (30.00%)] 	bpp_y_loss: 0.127951 |	bpp_z_loss: 0.000000 |	bpp_loss: 0.127951 |	mse_loss: 0.001602 |	loss: 0.002695 |	psnr_loss: 28.193670 |
[2024-01-01 09:01:33,644 | INFO | train_one_epoch] Train epoch 20: [40/100 (40.00%)] 	bpp_y_loss: 0.121361 |	bpp_z_loss: 0.000000 |	bpp_loss: 0.121361 |	mse_loss: 0.001387 |	loss: 0.002424 |	psnr_loss: 28.624378 |
[2024-01-01 09:02:00,187 | INFO | train_one_epoch] Train epoch 20: [50/100 (50.00%)] 	bpp_y_loss: 0.121034 |	bpp_z_loss: 0.000000 |	bpp_loss: 0.121034 |	mse_loss: 0.001409 |	loss: 0.002443 |	psnr_loss: 28.634857 |
[2024-01-01 09:02:26,799 | INFO | train_one_epoch] Train epoch 20: [60/100 (60.00%)] 	bpp_y_loss: 0.121943 |	bpp_z_loss: 0.000000 |	bpp_loss: 0.121943 |	mse_loss: 0.001388 |	loss: 0.002430 |	psnr_loss: 28.644758 |
[2024-01-01 09:02:53,273 | INFO | train_one_epoch] Train epoch 20: [70/100 (70.00%)] 	bpp_y_loss: 0.116905 |	bpp_z_loss: 0.000000 |	bpp_loss: 0.116905 |	mse_loss: 0.001350 |	loss: 0.002349 |	psnr_loss: 28.824717 |
[2024-01-01 09:03:19,811 | INFO | train_one_epoch] Train epoch 20: [80/100 (80.00%)] 	bpp_y_loss: 0.113075 |	bpp_z_loss: 0.000000 |	bpp_loss: 0.113075 |	mse_loss: 0.001174 |	loss: 0.002140 |	psnr_loss: 29.491276 |
[2024-01-01 09:03:46,383 | INFO | train_one_epoch] Train epoch 20: [90/100 (90.00%)] 	bpp_y_loss: 0.112861 |	bpp_z_loss: 0.000000 |	bpp_loss: 0.112861 |	mse_loss: 0.001159 |	loss: 0.002123 |	psnr_loss: 29.619297 |
[2024-01-01 09:04:12,881 | INFO | train_one_epoch] Train epoch 20: [100/100 (100.00%)] 	bpp_y_loss: 0.119780 |	bpp_z_loss: 0.000000 |	bpp_loss: 0.119780 |	mse_loss: 0.001310 |	loss: 0.002333 |	psnr_loss: 29.038355 |
[2024-01-01 09:04:50,694 | INFO | test_adversarial] Testing results for epoch 21 | bpp_y_loss=0.14395 | bpp_z_loss=0.00000 | bpp_loss=0.14395 | mse_loss=0.00324 | loss=0.00447 | psnr_loss=25.53970
[2024-01-01 09:04:51,334 | INFO | test_one_epoch] Testing results for epoch 21 | bpp_y_loss=0.13758 | bpp_z_loss=0.00000 | bpp_loss=0.13758 | mse_loss=0.00253 | loss=0.00371 | psnr_loss=26.76491
[2024-01-01 09:04:51,459 | INFO | train_one_epoch] Learning rate: 2e-05
[2024-01-01 09:04:54,197 | INFO | train_one_epoch] Train epoch 21: [0/100 (0.00%)] 	bpp_y_loss: 0.126206 |	bpp_z_loss: 0.000000 |	bpp_loss: 0.126206 |	mse_loss: 0.001498 |	loss: 0.002576 |	psnr_loss: 28.244610 |
[2024-01-01 09:05:20,826 | INFO | train_one_epoch] Train epoch 21: [10/100 (10.00%)] 	bpp_y_loss: 0.128459 |	bpp_z_loss: 0.000000 |	bpp_loss: 0.128459 |	mse_loss: 0.001582 |	loss: 0.002679 |	psnr_loss: 28.043295 |
[2024-01-01 09:05:47,424 | INFO | train_one_epoch] Train epoch 21: [20/100 (20.00%)] 	bpp_y_loss: 0.123095 |	bpp_z_loss: 0.000000 |	bpp_loss: 0.123095 |	mse_loss: 0.001483 |	loss: 0.002534 |	psnr_loss: 28.421461 |
[2024-01-01 09:06:14,039 | INFO | train_one_epoch] Train epoch 21: [30/100 (30.00%)] 	bpp_y_loss: 0.121857 |	bpp_z_loss: 0.000000 |	bpp_loss: 0.121857 |	mse_loss: 0.001347 |	loss: 0.002388 |	psnr_loss: 28.796423 |
[2024-01-01 09:06:40,641 | INFO | train_one_epoch] Train epoch 21: [40/100 (40.00%)] 	bpp_y_loss: 0.123603 |	bpp_z_loss: 0.000000 |	bpp_loss: 0.123603 |	mse_loss: 0.001500 |	loss: 0.002556 |	psnr_loss: 28.388538 |
[2024-01-01 09:07:07,196 | INFO | train_one_epoch] Train epoch 21: [50/100 (50.00%)] 	bpp_y_loss: 0.120367 |	bpp_z_loss: 0.000000 |	bpp_loss: 0.120367 |	mse_loss: 0.001371 |	loss: 0.002400 |	psnr_loss: 28.741196 |
[2024-01-01 09:07:33,741 | INFO | train_one_epoch] Train epoch 21: [60/100 (60.00%)] 	bpp_y_loss: 0.118318 |	bpp_z_loss: 0.000000 |	bpp_loss: 0.118318 |	mse_loss: 0.001313 |	loss: 0.002324 |	psnr_loss: 28.908875 |
[2024-01-01 09:08:00,498 | INFO | train_one_epoch] Train epoch 21: [70/100 (70.00%)] 	bpp_y_loss: 0.114315 |	bpp_z_loss: 0.000000 |	bpp_loss: 0.114315 |	mse_loss: 0.001263 |	loss: 0.002239 |	psnr_loss: 29.165522 |
[2024-01-01 09:08:27,253 | INFO | train_one_epoch] Train epoch 21: [80/100 (80.00%)] 	bpp_y_loss: 0.118935 |	bpp_z_loss: 0.000000 |	bpp_loss: 0.118935 |	mse_loss: 0.001355 |	loss: 0.002371 |	psnr_loss: 28.819571 |
[2024-01-01 09:08:53,742 | INFO | train_one_epoch] Train epoch 21: [90/100 (90.00%)] 	bpp_y_loss: 0.120584 |	bpp_z_loss: 0.000000 |	bpp_loss: 0.120584 |	mse_loss: 0.001343 |	loss: 0.002373 |	psnr_loss: 28.892492 |
[2024-01-01 09:09:20,309 | INFO | train_one_epoch] Train epoch 21: [100/100 (100.00%)] 	bpp_y_loss: 0.119631 |	bpp_z_loss: 0.000000 |	bpp_loss: 0.119631 |	mse_loss: 0.001390 |	loss: 0.002412 |	psnr_loss: 28.666615 |
[2024-01-01 09:09:57,694 | INFO | test_adversarial] Testing results for epoch 22 | bpp_y_loss=0.14460 | bpp_z_loss=0.00000 | bpp_loss=0.14460 | mse_loss=0.00323 | loss=0.00447 | psnr_loss=25.55041
[2024-01-01 09:09:58,229 | INFO | test_one_epoch] Testing results for epoch 22 | bpp_y_loss=0.13805 | bpp_z_loss=0.00000 | bpp_loss=0.13805 | mse_loss=0.00253 | loss=0.00371 | psnr_loss=26.76632
[2024-01-01 09:09:58,781 | INFO | train_one_epoch] Learning rate: 2e-05
[2024-01-01 09:10:01,489 | INFO | train_one_epoch] Train epoch 22: [0/100 (0.00%)] 	bpp_y_loss: 0.124922 |	bpp_z_loss: 0.000000 |	bpp_loss: 0.124922 |	mse_loss: 0.001099 |	loss: 0.002167 |	psnr_loss: 29.588507 |
[2024-01-01 09:10:28,037 | INFO | train_one_epoch] Train epoch 22: [10/100 (10.00%)] 	bpp_y_loss: 0.126937 |	bpp_z_loss: 0.000000 |	bpp_loss: 0.126937 |	mse_loss: 0.001643 |	loss: 0.002727 |	psnr_loss: 28.124216 |
[2024-01-01 09:10:54,442 | INFO | train_one_epoch] Train epoch 22: [20/100 (20.00%)] 	bpp_y_loss: 0.121474 |	bpp_z_loss: 0.000000 |	bpp_loss: 0.121474 |	mse_loss: 0.001527 |	loss: 0.002565 |	psnr_loss: 28.465855 |
[2024-01-01 09:11:20,860 | INFO | train_one_epoch] Train epoch 22: [30/100 (30.00%)] 	bpp_y_loss: 0.119285 |	bpp_z_loss: 0.000000 |	bpp_loss: 0.119285 |	mse_loss: 0.001316 |	loss: 0.002335 |	psnr_loss: 28.920547 |
[2024-01-01 09:11:47,352 | INFO | train_one_epoch] Train epoch 22: [40/100 (40.00%)] 	bpp_y_loss: 0.118279 |	bpp_z_loss: 0.000000 |	bpp_loss: 0.118279 |	mse_loss: 0.001277 |	loss: 0.002287 |	psnr_loss: 29.061787 |
[2024-01-01 09:12:13,810 | INFO | train_one_epoch] Train epoch 22: [50/100 (50.00%)] 	bpp_y_loss: 0.120100 |	bpp_z_loss: 0.000000 |	bpp_loss: 0.120100 |	mse_loss: 0.001361 |	loss: 0.002387 |	psnr_loss: 28.856562 |
[2024-01-01 09:12:40,318 | INFO | train_one_epoch] Train epoch 22: [60/100 (60.00%)] 	bpp_y_loss: 0.116785 |	bpp_z_loss: 0.000000 |	bpp_loss: 0.116785 |	mse_loss: 0.001357 |	loss: 0.002354 |	psnr_loss: 28.916931 |
[2024-01-01 09:13:06,864 | INFO | train_one_epoch] Train epoch 22: [70/100 (70.00%)] 	bpp_y_loss: 0.114835 |	bpp_z_loss: 0.000000 |	bpp_loss: 0.114835 |	mse_loss: 0.001221 |	loss: 0.002202 |	psnr_loss: 29.335981 |
[2024-01-01 09:13:33,844 | INFO | train_one_epoch] Train epoch 22: [80/100 (80.00%)] 	bpp_y_loss: 0.117655 |	bpp_z_loss: 0.000000 |	bpp_loss: 0.117655 |	mse_loss: 0.001318 |	loss: 0.002323 |	psnr_loss: 28.897211 |
[2024-01-01 09:14:00,391 | INFO | train_one_epoch] Train epoch 22: [90/100 (90.00%)] 	bpp_y_loss: 0.120339 |	bpp_z_loss: 0.000000 |	bpp_loss: 0.120339 |	mse_loss: 0.001392 |	loss: 0.002420 |	psnr_loss: 28.813169 |
[2024-01-01 09:14:26,951 | INFO | train_one_epoch] Train epoch 22: [100/100 (100.00%)] 	bpp_y_loss: 0.113444 |	bpp_z_loss: 0.000000 |	bpp_loss: 0.113444 |	mse_loss: 0.001123 |	loss: 0.002092 |	psnr_loss: 29.578674 |
[2024-01-01 09:15:04,395 | INFO | test_adversarial] Testing results for epoch 23 | bpp_y_loss=0.14347 | bpp_z_loss=0.00000 | bpp_loss=0.14347 | mse_loss=0.00324 | loss=0.00447 | psnr_loss=25.53866
[2024-01-01 09:15:04,931 | INFO | test_one_epoch] Testing results for epoch 23 | bpp_y_loss=0.13744 | bpp_z_loss=0.00000 | bpp_loss=0.13744 | mse_loss=0.00254 | loss=0.00371 | psnr_loss=26.75570
[2024-01-01 09:15:05,048 | INFO | train_one_epoch] Learning rate: 2e-05
[2024-01-01 09:15:07,770 | INFO | train_one_epoch] Train epoch 23: [0/100 (0.00%)] 	bpp_y_loss: 0.116563 |	bpp_z_loss: 0.000000 |	bpp_loss: 0.116563 |	mse_loss: 0.001389 |	loss: 0.002384 |	psnr_loss: 28.574312 |
