[2024-01-12 06:09:11,980 | INFO | <module>] Args: Namespace(model='tcm', lmbda=0.0067, dataset='liu4k', batch_size=4, epochs=100, steps_per_epoch=10000, learning_rate=5e-05, save=True, seed=19260817, clip_max_norm=1.0, checkpoint=None, type='mse', lr_epoch=[40], continue_train=False)
[2024-01-12 06:09:11,980 | INFO | <module>] Lmbda=0.006700000000
[2024-01-12 06:09:11,986 | INFO | train_one_epoch] Learning rate: 5e-05
[2024-01-12 06:09:27,469 | INFO | train_one_epoch] Train epoch 0: [0/10000 (0.00%)] 	bpp_y_loss: 2.083971 |	bpp_z_loss: 0.253543 |	bpp_loss: 2.337513 |	mse_loss: 0.291238 |	loss: 129.220261 |	psnr_loss: 5.357527 |
[2024-01-12 06:16:44,942 | INFO | train_one_epoch] Train epoch 0: [1000/10000 (10.00%)] 	bpp_y_loss: 0.569897 |	bpp_z_loss: 0.236648 |	bpp_loss: 0.806545 |	mse_loss: 0.013673 |	loss: 6.763510 |	psnr_loss: 19.827913 |
[2024-01-12 06:24:01,156 | INFO | train_one_epoch] Train epoch 0: [2000/10000 (20.00%)] 	bpp_y_loss: 0.439276 |	bpp_z_loss: 0.204593 |	bpp_loss: 0.643869 |	mse_loss: 0.005107 |	loss: 2.868653 |	psnr_loss: 23.536449 |
[2024-01-12 06:31:18,916 | INFO | train_one_epoch] Train epoch 0: [3000/10000 (30.00%)] 	bpp_y_loss: 0.401110 |	bpp_z_loss: 0.177020 |	bpp_loss: 0.578130 |	mse_loss: 0.003531 |	loss: 2.116336 |	psnr_loss: 25.194181 |
[2024-01-12 06:38:34,052 | INFO | train_one_epoch] Train epoch 0: [4000/10000 (40.00%)] 	bpp_y_loss: 0.389924 |	bpp_z_loss: 0.152640 |	bpp_loss: 0.542564 |	mse_loss: 0.003112 |	loss: 1.898459 |	psnr_loss: 25.811050 |
[2024-01-12 06:45:49,189 | INFO | train_one_epoch] Train epoch 0: [5000/10000 (50.00%)] 	bpp_y_loss: 0.374992 |	bpp_z_loss: 0.130868 |	bpp_loss: 0.505860 |	mse_loss: 0.002572 |	loss: 1.626421 |	psnr_loss: 26.757338 |
[2024-01-12 06:53:09,357 | INFO | train_one_epoch] Train epoch 0: [6000/10000 (60.00%)] 	bpp_y_loss: 0.369504 |	bpp_z_loss: 0.111519 |	bpp_loss: 0.481024 |	mse_loss: 0.002252 |	loss: 1.462157 |	psnr_loss: 27.250687 |
[2024-01-12 07:00:23,954 | INFO | train_one_epoch] Train epoch 0: [7000/10000 (70.00%)] 	bpp_y_loss: 0.365818 |	bpp_z_loss: 0.093998 |	bpp_loss: 0.459816 |	mse_loss: 0.002110 |	loss: 1.378923 |	psnr_loss: 27.537315 |
[2024-01-12 07:07:40,530 | INFO | train_one_epoch] Train epoch 0: [8000/10000 (80.00%)] 	bpp_y_loss: 0.367123 |	bpp_z_loss: 0.078722 |	bpp_loss: 0.445845 |	mse_loss: 0.001864 |	loss: 1.258033 |	psnr_loss: 28.116713 |
[2024-01-12 07:14:59,405 | INFO | train_one_epoch] Train epoch 0: [9000/10000 (90.00%)] 	bpp_y_loss: 0.369509 |	bpp_z_loss: 0.065753 |	bpp_loss: 0.435262 |	mse_loss: 0.001806 |	loss: 1.222037 |	psnr_loss: 28.215109 |
[2024-01-12 07:22:17,854 | INFO | train_one_epoch] Train epoch 0: [10000/10000 (100.00%)] 	bpp_y_loss: 0.364367 |	bpp_z_loss: 0.054925 |	bpp_loss: 0.419292 |	mse_loss: 0.001633 |	loss: 1.130888 |	psnr_loss: 28.582220 |
[2024-01-12 07:22:21,549 | INFO | test_one_epoch] Testing results for epoch 1 | bpp_y_loss=0.22733 | bpp_z_loss=0.04607 | bpp_loss=0.27339 | mse_loss=0.00269 | loss=1.44450 | psnr_loss=26.32001
[2024-01-12 07:22:26,863 | INFO | train_one_epoch] Learning rate: 5e-05
[2024-01-12 07:22:27,946 | INFO | train_one_epoch] Train epoch 1: [0/10000 (0.00%)] 	bpp_y_loss: 0.316405 |	bpp_z_loss: 0.049785 |	bpp_loss: 0.366190 |	mse_loss: 0.000964 |	loss: 0.786346 |	psnr_loss: 30.157442 |
[2024-01-12 07:29:43,771 | INFO | train_one_epoch] Train epoch 1: [1000/10000 (10.00%)] 	bpp_y_loss: 0.362179 |	bpp_z_loss: 0.046324 |	bpp_loss: 0.408503 |	mse_loss: 0.001568 |	loss: 1.091633 |	psnr_loss: 28.861004 |
[2024-01-12 07:37:00,946 | INFO | train_one_epoch] Train epoch 1: [2000/10000 (20.00%)] 	bpp_y_loss: 0.360655 |	bpp_z_loss: 0.039518 |	bpp_loss: 0.400173 |	mse_loss: 0.001515 |	loss: 1.060020 |	psnr_loss: 28.975616 |
[2024-01-12 07:44:15,591 | INFO | train_one_epoch] Train epoch 1: [3000/10000 (30.00%)] 	bpp_y_loss: 0.364289 |	bpp_z_loss: 0.033956 |	bpp_loss: 0.398245 |	mse_loss: 0.001557 |	loss: 1.076766 |	psnr_loss: 28.865522 |
[2024-01-12 07:51:30,295 | INFO | train_one_epoch] Train epoch 1: [4000/10000 (40.00%)] 	bpp_y_loss: 0.360484 |	bpp_z_loss: 0.029858 |	bpp_loss: 0.390342 |	mse_loss: 0.001534 |	loss: 1.058480 |	psnr_loss: 29.047913 |
[2024-01-12 07:58:41,582 | INFO | train_one_epoch] Train epoch 1: [5000/10000 (50.00%)] 	bpp_y_loss: 0.362458 |	bpp_z_loss: 0.026478 |	bpp_loss: 0.388937 |	mse_loss: 0.001396 |	loss: 0.997337 |	psnr_loss: 29.377872 |
[2024-01-12 08:05:57,465 | INFO | train_one_epoch] Train epoch 1: [6000/10000 (60.00%)] 	bpp_y_loss: 0.360902 |	bpp_z_loss: 0.023611 |	bpp_loss: 0.384513 |	mse_loss: 0.001393 |	loss: 0.991523 |	psnr_loss: 29.467295 |
[2024-01-12 08:13:20,797 | INFO | train_one_epoch] Train epoch 1: [7000/10000 (70.00%)] 	bpp_y_loss: 0.358398 |	bpp_z_loss: 0.021281 |	bpp_loss: 0.379678 |	mse_loss: 0.001297 |	loss: 0.944701 |	psnr_loss: 29.650000 |
[2024-01-12 08:20:33,861 | INFO | train_one_epoch] Train epoch 1: [8000/10000 (80.00%)] 	bpp_y_loss: 0.364570 |	bpp_z_loss: 0.019388 |	bpp_loss: 0.383957 |	mse_loss: 0.001375 |	loss: 0.983035 |	psnr_loss: 29.529949 |
[2024-01-12 08:27:50,281 | INFO | train_one_epoch] Train epoch 1: [9000/10000 (90.00%)] 	bpp_y_loss: 0.362342 |	bpp_z_loss: 0.017826 |	bpp_loss: 0.380169 |	mse_loss: 0.001328 |	loss: 0.958578 |	psnr_loss: 29.714842 |
[2024-01-12 08:35:10,695 | INFO | train_one_epoch] Train epoch 1: [10000/10000 (100.00%)] 	bpp_y_loss: 0.362289 |	bpp_z_loss: 0.016457 |	bpp_loss: 0.378746 |	mse_loss: 0.001244 |	loss: 0.920798 |	psnr_loss: 29.800066 |
[2024-01-12 08:35:14,469 | INFO | test_one_epoch] Testing results for epoch 2 | bpp_y_loss=0.24182 | bpp_z_loss=0.00996 | bpp_loss=0.25177 | mse_loss=0.00218 | loss=1.20112 | psnr_loss=27.20527
[2024-01-12 08:35:39,926 | INFO | train_one_epoch] Learning rate: 5e-05
[2024-01-12 08:35:41,234 | INFO | train_one_epoch] Train epoch 2: [0/10000 (0.00%)] 	bpp_y_loss: 0.300260 |	bpp_z_loss: 0.015149 |	bpp_loss: 0.315409 |	mse_loss: 0.000531 |	loss: 0.546574 |	psnr_loss: 32.752335 |
[2024-01-12 08:43:05,808 | INFO | train_one_epoch] Train epoch 2: [1000/10000 (10.00%)] 	bpp_y_loss: 0.357429 |	bpp_z_loss: 0.015305 |	bpp_loss: 0.372734 |	mse_loss: 0.001193 |	loss: 0.892376 |	psnr_loss: 30.093733 |
[2024-01-12 08:50:24,515 | INFO | train_one_epoch] Train epoch 2: [2000/10000 (20.00%)] 	bpp_y_loss: 0.356468 |	bpp_z_loss: 0.014291 |	bpp_loss: 0.370758 |	mse_loss: 0.001220 |	loss: 0.902162 |	psnr_loss: 30.072870 |
[2024-01-12 08:57:44,598 | INFO | train_one_epoch] Train epoch 2: [3000/10000 (30.00%)] 	bpp_y_loss: 0.358091 |	bpp_z_loss: 0.013469 |	bpp_loss: 0.371560 |	mse_loss: 0.001150 |	loss: 0.872650 |	psnr_loss: 30.207802 |
[2024-01-12 09:05:03,343 | INFO | train_one_epoch] Train epoch 2: [4000/10000 (40.00%)] 	bpp_y_loss: 0.355562 |	bpp_z_loss: 0.012830 |	bpp_loss: 0.368392 |	mse_loss: 0.001164 |	loss: 0.875306 |	psnr_loss: 30.228880 |
[2024-01-12 09:12:23,414 | INFO | train_one_epoch] Train epoch 2: [5000/10000 (50.00%)] 	bpp_y_loss: 0.356220 |	bpp_z_loss: 0.012225 |	bpp_loss: 0.368445 |	mse_loss: 0.001120 |	loss: 0.856449 |	psnr_loss: 30.384745 |
[2024-01-12 09:19:45,782 | INFO | train_one_epoch] Train epoch 2: [6000/10000 (60.00%)] 	bpp_y_loss: 0.352822 |	bpp_z_loss: 0.011684 |	bpp_loss: 0.364507 |	mse_loss: 0.001084 |	loss: 0.836592 |	psnr_loss: 30.544136 |
[2024-01-12 09:27:02,618 | INFO | train_one_epoch] Train epoch 2: [7000/10000 (70.00%)] 	bpp_y_loss: 0.351623 |	bpp_z_loss: 0.011268 |	bpp_loss: 0.362891 |	mse_loss: 0.001072 |	loss: 0.829766 |	psnr_loss: 30.584681 |
[2024-01-12 09:34:21,118 | INFO | train_one_epoch] Train epoch 2: [8000/10000 (80.00%)] 	bpp_y_loss: 0.353195 |	bpp_z_loss: 0.010962 |	bpp_loss: 0.364157 |	mse_loss: 0.001080 |	loss: 0.834791 |	psnr_loss: 30.527508 |
[2024-01-12 09:41:44,919 | INFO | train_one_epoch] Train epoch 2: [9000/10000 (90.00%)] 	bpp_y_loss: 0.356115 |	bpp_z_loss: 0.010679 |	bpp_loss: 0.366794 |	mse_loss: 0.001066 |	loss: 0.831199 |	psnr_loss: 30.569361 |
[2024-01-12 09:49:03,217 | INFO | train_one_epoch] Train epoch 2: [10000/10000 (100.00%)] 	bpp_y_loss: 0.352465 |	bpp_z_loss: 0.010406 |	bpp_loss: 0.362871 |	mse_loss: 0.001010 |	loss: 0.802786 |	psnr_loss: 30.747442 |
[2024-01-12 09:49:06,881 | INFO | test_one_epoch] Testing results for epoch 3 | bpp_y_loss=0.25220 | bpp_z_loss=0.00775 | bpp_loss=0.25995 | mse_loss=0.00186 | loss=1.07056 | psnr_loss=27.90465
[2024-01-12 09:49:33,934 | INFO | train_one_epoch] Learning rate: 5e-05
[2024-01-12 09:49:35,096 | INFO | train_one_epoch] Train epoch 3: [0/10000 (0.00%)] 	bpp_y_loss: 0.266618 |	bpp_z_loss: 0.010604 |	bpp_loss: 0.277222 |	mse_loss: 0.000240 |	loss: 0.381821 |	psnr_loss: 36.196289 |
[2024-01-12 09:56:57,196 | INFO | train_one_epoch] Train epoch 3: [1000/10000 (10.00%)] 	bpp_y_loss: 0.353721 |	bpp_z_loss: 0.010093 |	bpp_loss: 0.363814 |	mse_loss: 0.001019 |	loss: 0.807864 |	psnr_loss: 30.702641 |
[2024-01-12 10:04:19,035 | INFO | train_one_epoch] Train epoch 3: [2000/10000 (20.00%)] 	bpp_y_loss: 0.352368 |	bpp_z_loss: 0.009943 |	bpp_loss: 0.362310 |	mse_loss: 0.001041 |	loss: 0.815934 |	psnr_loss: 30.656202 |
[2024-01-12 10:11:38,475 | INFO | train_one_epoch] Train epoch 3: [3000/10000 (30.00%)] 	bpp_y_loss: 0.356980 |	bpp_z_loss: 0.009824 |	bpp_loss: 0.366804 |	mse_loss: 0.001017 |	loss: 0.809918 |	psnr_loss: 30.771116 |
[2024-01-12 10:19:01,284 | INFO | train_one_epoch] Train epoch 3: [4000/10000 (40.00%)] 	bpp_y_loss: 0.352040 |	bpp_z_loss: 0.009584 |	bpp_loss: 0.361624 |	mse_loss: 0.000962 |	loss: 0.780691 |	psnr_loss: 30.967072 |
[2024-01-12 10:26:23,035 | INFO | train_one_epoch] Train epoch 3: [5000/10000 (50.00%)] 	bpp_y_loss: 0.353173 |	bpp_z_loss: 0.009419 |	bpp_loss: 0.362592 |	mse_loss: 0.000989 |	loss: 0.793666 |	psnr_loss: 30.950470 |
[2024-01-12 10:33:33,628 | INFO | train_one_epoch] Train epoch 3: [6000/10000 (60.00%)] 	bpp_y_loss: 0.353061 |	bpp_z_loss: 0.009348 |	bpp_loss: 0.362409 |	mse_loss: 0.000994 |	loss: 0.795480 |	psnr_loss: 30.952480 |
[2024-01-12 10:40:43,345 | INFO | train_one_epoch] Train epoch 3: [7000/10000 (70.00%)] 	bpp_y_loss: 0.352940 |	bpp_z_loss: 0.009219 |	bpp_loss: 0.362159 |	mse_loss: 0.000992 |	loss: 0.794255 |	psnr_loss: 30.951187 |
[2024-01-12 10:47:54,774 | INFO | train_one_epoch] Train epoch 3: [8000/10000 (80.00%)] 	bpp_y_loss: 0.351509 |	bpp_z_loss: 0.009099 |	bpp_loss: 0.360609 |	mse_loss: 0.000980 |	loss: 0.787531 |	psnr_loss: 31.031294 |
[2024-01-12 10:55:02,778 | INFO | train_one_epoch] Train epoch 3: [9000/10000 (90.00%)] 	bpp_y_loss: 0.348834 |	bpp_z_loss: 0.009021 |	bpp_loss: 0.357855 |	mse_loss: 0.000942 |	loss: 0.768252 |	psnr_loss: 31.168617 |
[2024-01-12 11:02:15,361 | INFO | train_one_epoch] Train epoch 3: [10000/10000 (100.00%)] 	bpp_y_loss: 0.354141 |	bpp_z_loss: 0.008884 |	bpp_loss: 0.363025 |	mse_loss: 0.000992 |	loss: 0.795402 |	psnr_loss: 30.952808 |
[2024-01-12 11:02:19,139 | INFO | test_one_epoch] Testing results for epoch 4 | bpp_y_loss=0.27079 | bpp_z_loss=0.00734 | bpp_loss=0.27813 | mse_loss=0.00184 | loss=1.08046 | psnr_loss=27.95120
[2024-01-12 11:02:31,760 | INFO | train_one_epoch] Learning rate: 5e-05
[2024-01-12 11:02:32,978 | INFO | train_one_epoch] Train epoch 4: [0/10000 (0.00%)] 	bpp_y_loss: 0.270100 |	bpp_z_loss: 0.007689 |	bpp_loss: 0.277788 |	mse_loss: 0.000422 |	loss: 0.461753 |	psnr_loss: 33.744209 |
[2024-01-12 11:09:53,733 | INFO | train_one_epoch] Train epoch 4: [1000/10000 (10.00%)] 	bpp_y_loss: 0.352979 |	bpp_z_loss: 0.008764 |	bpp_loss: 0.361742 |	mse_loss: 0.000958 |	loss: 0.779055 |	psnr_loss: 31.115843 |
[2024-01-12 11:17:03,979 | INFO | train_one_epoch] Train epoch 4: [2000/10000 (20.00%)] 	bpp_y_loss: 0.351341 |	bpp_z_loss: 0.008640 |	bpp_loss: 0.359981 |	mse_loss: 0.000923 |	loss: 0.762064 |	psnr_loss: 31.197544 |
[2024-01-12 11:24:16,998 | INFO | train_one_epoch] Train epoch 4: [3000/10000 (30.00%)] 	bpp_y_loss: 0.352920 |	bpp_z_loss: 0.008604 |	bpp_loss: 0.361523 |	mse_loss: 0.000919 |	loss: 0.761735 |	psnr_loss: 31.248287 |
[2024-01-12 11:31:30,511 | INFO | train_one_epoch] Train epoch 4: [4000/10000 (40.00%)] 	bpp_y_loss: 0.349267 |	bpp_z_loss: 0.008492 |	bpp_loss: 0.357759 |	mse_loss: 0.000907 |	loss: 0.752813 |	psnr_loss: 31.280298 |
[2024-01-12 11:38:40,835 | INFO | train_one_epoch] Train epoch 4: [5000/10000 (50.00%)] 	bpp_y_loss: 0.349169 |	bpp_z_loss: 0.008520 |	bpp_loss: 0.357689 |	mse_loss: 0.000903 |	loss: 0.751275 |	psnr_loss: 31.332653 |
[2024-01-12 11:45:52,121 | INFO | train_one_epoch] Train epoch 4: [6000/10000 (60.00%)] 	bpp_y_loss: 0.354380 |	bpp_z_loss: 0.008415 |	bpp_loss: 0.362795 |	mse_loss: 0.000931 |	loss: 0.768529 |	psnr_loss: 31.119328 |
[2024-01-12 11:52:59,849 | INFO | train_one_epoch] Train epoch 4: [7000/10000 (70.00%)] 	bpp_y_loss: 0.350867 |	bpp_z_loss: 0.008311 |	bpp_loss: 0.359178 |	mse_loss: 0.000907 |	loss: 0.754323 |	psnr_loss: 31.337860 |
[2024-01-12 12:00:18,187 | INFO | train_one_epoch] Train epoch 4: [8000/10000 (80.00%)] 	bpp_y_loss: 0.347648 |	bpp_z_loss: 0.008176 |	bpp_loss: 0.355824 |	mse_loss: 0.000889 |	loss: 0.742930 |	psnr_loss: 31.399645 |
[2024-01-12 12:07:27,057 | INFO | train_one_epoch] Train epoch 4: [9000/10000 (90.00%)] 	bpp_y_loss: 0.349862 |	bpp_z_loss: 0.008154 |	bpp_loss: 0.358016 |	mse_loss: 0.000935 |	loss: 0.765524 |	psnr_loss: 31.303961 |
[2024-01-12 12:14:37,173 | INFO | train_one_epoch] Train epoch 4: [10000/10000 (100.00%)] 	bpp_y_loss: 0.351522 |	bpp_z_loss: 0.008073 |	bpp_loss: 0.359595 |	mse_loss: 0.000911 |	loss: 0.756508 |	psnr_loss: 31.404127 |
[2024-01-12 12:14:40,954 | INFO | test_one_epoch] Testing results for epoch 5 | bpp_y_loss=0.26032 | bpp_z_loss=0.00841 | bpp_loss=0.26872 | mse_loss=0.00172 | loss=1.01755 | psnr_loss=28.15383
[2024-01-12 12:15:09,118 | INFO | train_one_epoch] Learning rate: 5e-05
[2024-01-12 12:15:10,668 | INFO | train_one_epoch] Train epoch 5: [0/10000 (0.00%)] 	bpp_y_loss: 0.307476 |	bpp_z_loss: 0.008518 |	bpp_loss: 0.315994 |	mse_loss: 0.000545 |	loss: 0.553447 |	psnr_loss: 32.635769 |
[2024-01-12 12:22:24,924 | INFO | train_one_epoch] Train epoch 5: [1000/10000 (10.00%)] 	bpp_y_loss: 0.348323 |	bpp_z_loss: 0.008071 |	bpp_loss: 0.356394 |	mse_loss: 0.000910 |	loss: 0.752891 |	psnr_loss: 31.454891 |
[2024-01-12 12:29:41,046 | INFO | train_one_epoch] Train epoch 5: [2000/10000 (20.00%)] 	bpp_y_loss: 0.350033 |	bpp_z_loss: 0.007968 |	bpp_loss: 0.358001 |	mse_loss: 0.000895 |	loss: 0.748111 |	psnr_loss: 31.454399 |
[2024-01-12 12:36:56,360 | INFO | train_one_epoch] Train epoch 5: [3000/10000 (30.00%)] 	bpp_y_loss: 0.347977 |	bpp_z_loss: 0.007914 |	bpp_loss: 0.355891 |	mse_loss: 0.000864 |	loss: 0.732224 |	psnr_loss: 31.565788 |
[2024-01-12 12:44:10,673 | INFO | train_one_epoch] Train epoch 5: [4000/10000 (40.00%)] 	bpp_y_loss: 0.349584 |	bpp_z_loss: 0.007881 |	bpp_loss: 0.357465 |	mse_loss: 0.000882 |	loss: 0.741789 |	psnr_loss: 31.514339 |
[2024-01-12 12:51:19,373 | INFO | train_one_epoch] Train epoch 5: [5000/10000 (50.00%)] 	bpp_y_loss: 0.350764 |	bpp_z_loss: 0.007864 |	bpp_loss: 0.358627 |	mse_loss: 0.000873 |	loss: 0.739013 |	psnr_loss: 31.557129 |
[2024-01-12 12:58:36,026 | INFO | train_one_epoch] Train epoch 5: [6000/10000 (60.00%)] 	bpp_y_loss: 0.349727 |	bpp_z_loss: 0.007794 |	bpp_loss: 0.357521 |	mse_loss: 0.000866 |	loss: 0.734772 |	psnr_loss: 31.515400 |
[2024-01-12 13:05:49,156 | INFO | train_one_epoch] Train epoch 5: [7000/10000 (70.00%)] 	bpp_y_loss: 0.345900 |	bpp_z_loss: 0.007792 |	bpp_loss: 0.353692 |	mse_loss: 0.000864 |	loss: 0.730108 |	psnr_loss: 31.636541 |
[2024-01-12 13:13:02,363 | INFO | train_one_epoch] Train epoch 5: [8000/10000 (80.00%)] 	bpp_y_loss: 0.346970 |	bpp_z_loss: 0.007687 |	bpp_loss: 0.354656 |	mse_loss: 0.000837 |	loss: 0.719149 |	psnr_loss: 31.769062 |
[2024-01-12 13:20:08,128 | INFO | train_one_epoch] Train epoch 5: [9000/10000 (90.00%)] 	bpp_y_loss: 0.351527 |	bpp_z_loss: 0.007653 |	bpp_loss: 0.359180 |	mse_loss: 0.000865 |	loss: 0.735846 |	psnr_loss: 31.521908 |
[2024-01-12 13:27:25,986 | INFO | train_one_epoch] Train epoch 5: [10000/10000 (100.00%)] 	bpp_y_loss: 0.345696 |	bpp_z_loss: 0.007610 |	bpp_loss: 0.353306 |	mse_loss: 0.000837 |	loss: 0.718056 |	psnr_loss: 31.680765 |
[2024-01-12 13:27:29,698 | INFO | test_one_epoch] Testing results for epoch 6 | bpp_y_loss=0.26844 | bpp_z_loss=0.00756 | bpp_loss=0.27600 | mse_loss=0.00150 | loss=0.92847 | psnr_loss=28.85092
[2024-01-12 13:27:55,461 | INFO | train_one_epoch] Learning rate: 5e-05
[2024-01-12 13:27:56,702 | INFO | train_one_epoch] Train epoch 6: [0/10000 (0.00%)] 	bpp_y_loss: 0.318300 |	bpp_z_loss: 0.006916 |	bpp_loss: 0.325216 |	mse_loss: 0.000469 |	loss: 0.529471 |	psnr_loss: 33.289818 |
[2024-01-12 13:35:10,948 | INFO | train_one_epoch] Train epoch 6: [1000/10000 (10.00%)] 	bpp_y_loss: 0.350238 |	bpp_z_loss: 0.007628 |	bpp_loss: 0.357867 |	mse_loss: 0.000859 |	loss: 0.732021 |	psnr_loss: 31.639299 |
[2024-01-12 13:42:27,882 | INFO | train_one_epoch] Train epoch 6: [2000/10000 (20.00%)] 	bpp_y_loss: 0.345589 |	bpp_z_loss: 0.007573 |	bpp_loss: 0.353162 |	mse_loss: 0.000858 |	loss: 0.726967 |	psnr_loss: 31.728497 |
[2024-01-12 13:49:37,347 | INFO | train_one_epoch] Train epoch 6: [3000/10000 (30.00%)] 	bpp_y_loss: 0.348891 |	bpp_z_loss: 0.007510 |	bpp_loss: 0.356401 |	mse_loss: 0.000835 |	loss: 0.720169 |	psnr_loss: 31.728090 |
[2024-01-12 13:56:58,713 | INFO | train_one_epoch] Train epoch 6: [4000/10000 (40.00%)] 	bpp_y_loss: 0.346891 |	bpp_z_loss: 0.007495 |	bpp_loss: 0.354386 |	mse_loss: 0.000816 |	loss: 0.709880 |	psnr_loss: 31.791702 |
[2024-01-12 14:04:21,077 | INFO | train_one_epoch] Train epoch 6: [5000/10000 (50.00%)] 	bpp_y_loss: 0.348136 |	bpp_z_loss: 0.007520 |	bpp_loss: 0.355656 |	mse_loss: 0.000840 |	loss: 0.721829 |	psnr_loss: 31.753456 |
[2024-01-12 14:11:38,710 | INFO | train_one_epoch] Train epoch 6: [6000/10000 (60.00%)] 	bpp_y_loss: 0.347651 |	bpp_z_loss: 0.007509 |	bpp_loss: 0.355160 |	mse_loss: 0.000838 |	loss: 0.720299 |	psnr_loss: 31.689369 |
[2024-01-12 14:19:01,702 | INFO | train_one_epoch] Train epoch 6: [7000/10000 (70.00%)] 	bpp_y_loss: 0.350417 |	bpp_z_loss: 0.007488 |	bpp_loss: 0.357906 |	mse_loss: 0.000845 |	loss: 0.726027 |	psnr_loss: 31.668650 |
[2024-01-12 14:26:24,179 | INFO | train_one_epoch] Train epoch 6: [8000/10000 (80.00%)] 	bpp_y_loss: 0.348565 |	bpp_z_loss: 0.007454 |	bpp_loss: 0.356019 |	mse_loss: 0.000827 |	loss: 0.716381 |	psnr_loss: 31.806488 |
[2024-01-12 14:33:44,893 | INFO | train_one_epoch] Train epoch 6: [9000/10000 (90.00%)] 	bpp_y_loss: 0.349156 |	bpp_z_loss: 0.007462 |	bpp_loss: 0.356618 |	mse_loss: 0.000828 |	loss: 0.717284 |	psnr_loss: 31.808867 |
[2024-01-12 14:41:00,412 | INFO | train_one_epoch] Train epoch 6: [10000/10000 (100.00%)] 	bpp_y_loss: 0.348628 |	bpp_z_loss: 0.007387 |	bpp_loss: 0.356016 |	mse_loss: 0.000887 |	loss: 0.742489 |	psnr_loss: 31.726698 |
[2024-01-12 14:41:03,975 | INFO | test_one_epoch] Testing results for epoch 7 | bpp_y_loss=0.26224 | bpp_z_loss=0.00840 | bpp_loss=0.27064 | mse_loss=0.00151 | loss=0.92806 | psnr_loss=28.85259
[2024-01-12 14:41:30,417 | INFO | train_one_epoch] Learning rate: 5e-05
[2024-01-12 14:41:31,602 | INFO | train_one_epoch] Train epoch 7: [0/10000 (0.00%)] 	bpp_y_loss: 0.343591 |	bpp_z_loss: 0.006714 |	bpp_loss: 0.350305 |	mse_loss: 0.000678 |	loss: 0.645792 |	psnr_loss: 31.686174 |
[2024-01-12 14:48:46,141 | INFO | train_one_epoch] Train epoch 7: [1000/10000 (10.00%)] 	bpp_y_loss: 0.350445 |	bpp_z_loss: 0.007380 |	bpp_loss: 0.357826 |	mse_loss: 0.000817 |	loss: 0.713561 |	psnr_loss: 31.875984 |
[2024-01-12 14:56:10,292 | INFO | train_one_epoch] Train epoch 7: [2000/10000 (20.00%)] 	bpp_y_loss: 0.343510 |	bpp_z_loss: 0.007388 |	bpp_loss: 0.350898 |	mse_loss: 0.000799 |	loss: 0.699070 |	psnr_loss: 31.966070 |
[2024-01-12 15:03:34,647 | INFO | train_one_epoch] Train epoch 7: [3000/10000 (30.00%)] 	bpp_y_loss: 0.346231 |	bpp_z_loss: 0.007294 |	bpp_loss: 0.353525 |	mse_loss: 0.000814 |	loss: 0.708354 |	psnr_loss: 31.861572 |
[2024-01-12 15:10:59,068 | INFO | train_one_epoch] Train epoch 7: [4000/10000 (40.00%)] 	bpp_y_loss: 0.345518 |	bpp_z_loss: 0.007302 |	bpp_loss: 0.352821 |	mse_loss: 0.000782 |	loss: 0.693497 |	psnr_loss: 32.010826 |
[2024-01-12 15:18:17,822 | INFO | train_one_epoch] Train epoch 7: [5000/10000 (50.00%)] 	bpp_y_loss: 0.349253 |	bpp_z_loss: 0.007288 |	bpp_loss: 0.356541 |	mse_loss: 0.000801 |	loss: 0.705359 |	psnr_loss: 31.870123 |
[2024-01-12 15:25:43,565 | INFO | train_one_epoch] Train epoch 7: [6000/10000 (60.00%)] 	bpp_y_loss: 0.347786 |	bpp_z_loss: 0.007222 |	bpp_loss: 0.355007 |	mse_loss: 0.000791 |	loss: 0.699662 |	psnr_loss: 31.890568 |
[2024-01-12 15:33:08,665 | INFO | train_one_epoch] Train epoch 7: [7000/10000 (70.00%)] 	bpp_y_loss: 0.349481 |	bpp_z_loss: 0.007255 |	bpp_loss: 0.356737 |	mse_loss: 0.000794 |	loss: 0.702545 |	psnr_loss: 31.955385 |
[2024-01-12 15:40:30,672 | INFO | train_one_epoch] Train epoch 7: [8000/10000 (80.00%)] 	bpp_y_loss: 0.344915 |	bpp_z_loss: 0.007198 |	bpp_loss: 0.352114 |	mse_loss: 0.000773 |	loss: 0.688735 |	psnr_loss: 32.081982 |
[2024-01-12 15:47:45,427 | INFO | train_one_epoch] Train epoch 7: [9000/10000 (90.00%)] 	bpp_y_loss: 0.343903 |	bpp_z_loss: 0.007230 |	bpp_loss: 0.351133 |	mse_loss: 0.000767 |	loss: 0.685350 |	psnr_loss: 32.149586 |
[2024-01-12 15:55:08,764 | INFO | train_one_epoch] Train epoch 7: [10000/10000 (100.00%)] 	bpp_y_loss: 0.346488 |	bpp_z_loss: 0.007198 |	bpp_loss: 0.353686 |	mse_loss: 0.000770 |	loss: 0.689184 |	psnr_loss: 32.089161 |
[2024-01-12 15:55:12,442 | INFO | test_one_epoch] Testing results for epoch 8 | bpp_y_loss=0.27539 | bpp_z_loss=0.00752 | bpp_loss=0.28291 | mse_loss=0.00136 | loss=0.87503 | psnr_loss=29.30456
[2024-01-12 15:55:55,815 | INFO | train_one_epoch] Learning rate: 5e-05
[2024-01-12 15:55:57,163 | INFO | train_one_epoch] Train epoch 8: [0/10000 (0.00%)] 	bpp_y_loss: 0.410556 |	bpp_z_loss: 0.008120 |	bpp_loss: 0.418676 |	mse_loss: 0.001009 |	loss: 0.858411 |	psnr_loss: 29.959644 |
[2024-01-12 16:03:16,603 | INFO | train_one_epoch] Train epoch 8: [1000/10000 (10.00%)] 	bpp_y_loss: 0.347126 |	bpp_z_loss: 0.007202 |	bpp_loss: 0.354327 |	mse_loss: 0.000754 |	loss: 0.682963 |	psnr_loss: 32.105042 |
[2024-01-12 16:10:33,014 | INFO | train_one_epoch] Train epoch 8: [2000/10000 (20.00%)] 	bpp_y_loss: 0.348227 |	bpp_z_loss: 0.007206 |	bpp_loss: 0.355433 |	mse_loss: 0.000806 |	loss: 0.706769 |	psnr_loss: 31.929884 |
[2024-01-12 16:17:46,938 | INFO | train_one_epoch] Train epoch 8: [3000/10000 (30.00%)] 	bpp_y_loss: 0.344421 |	bpp_z_loss: 0.007176 |	bpp_loss: 0.351597 |	mse_loss: 0.000755 |	loss: 0.680600 |	psnr_loss: 32.150555 |
[2024-01-12 16:24:56,285 | INFO | train_one_epoch] Train epoch 8: [4000/10000 (40.00%)] 	bpp_y_loss: 0.350087 |	bpp_z_loss: 0.007168 |	bpp_loss: 0.357255 |	mse_loss: 0.000790 |	loss: 0.701455 |	psnr_loss: 31.919373 |
[2024-01-12 16:32:17,950 | INFO | train_one_epoch] Train epoch 8: [5000/10000 (50.00%)] 	bpp_y_loss: 0.346409 |	bpp_z_loss: 0.007137 |	bpp_loss: 0.353546 |	mse_loss: 0.000797 |	loss: 0.700738 |	psnr_loss: 31.993418 |
[2024-01-12 16:39:40,496 | INFO | train_one_epoch] Train epoch 8: [6000/10000 (60.00%)] 	bpp_y_loss: 0.349099 |	bpp_z_loss: 0.007151 |	bpp_loss: 0.356250 |	mse_loss: 0.000766 |	loss: 0.689955 |	psnr_loss: 32.055958 |
[2024-01-12 16:47:00,105 | INFO | train_one_epoch] Train epoch 8: [7000/10000 (70.00%)] 	bpp_y_loss: 0.348749 |	bpp_z_loss: 0.007127 |	bpp_loss: 0.355876 |	mse_loss: 0.000768 |	loss: 0.690488 |	psnr_loss: 32.046062 |
[2024-01-12 16:54:19,897 | INFO | train_one_epoch] Train epoch 8: [8000/10000 (80.00%)] 	bpp_y_loss: 0.345190 |	bpp_z_loss: 0.007107 |	bpp_loss: 0.352297 |	mse_loss: 0.000734 |	loss: 0.672226 |	psnr_loss: 32.166103 |
[2024-01-12 17:01:42,606 | INFO | train_one_epoch] Train epoch 8: [9000/10000 (90.00%)] 	bpp_y_loss: 0.346061 |	bpp_z_loss: 0.007136 |	bpp_loss: 0.353197 |	mse_loss: 0.000753 |	loss: 0.681042 |	psnr_loss: 32.141354 |
[2024-01-12 17:09:00,699 | INFO | train_one_epoch] Train epoch 8: [10000/10000 (100.00%)] 	bpp_y_loss: 0.348943 |	bpp_z_loss: 0.007150 |	bpp_loss: 0.356093 |	mse_loss: 0.000809 |	loss: 0.708375 |	psnr_loss: 31.952351 |
[2024-01-12 17:09:04,286 | INFO | test_one_epoch] Testing results for epoch 9 | bpp_y_loss=0.25877 | bpp_z_loss=0.00766 | bpp_loss=0.26642 | mse_loss=0.00140 | loss=0.87852 | psnr_loss=29.17926
[2024-01-12 17:09:20,512 | INFO | train_one_epoch] Learning rate: 5e-05
[2024-01-12 17:09:21,455 | INFO | train_one_epoch] Train epoch 9: [0/10000 (0.00%)] 	bpp_y_loss: 0.320935 |	bpp_z_loss: 0.006952 |	bpp_loss: 0.327887 |	mse_loss: 0.000411 |	loss: 0.507157 |	psnr_loss: 33.856472 |
[2024-01-12 17:16:43,322 | INFO | train_one_epoch] Train epoch 9: [1000/10000 (10.00%)] 	bpp_y_loss: 0.344853 |	bpp_z_loss: 0.007110 |	bpp_loss: 0.351963 |	mse_loss: 0.000779 |	loss: 0.691371 |	psnr_loss: 32.062202 |
[2024-01-12 17:24:01,993 | INFO | train_one_epoch] Train epoch 9: [2000/10000 (20.00%)] 	bpp_y_loss: 0.343723 |	bpp_z_loss: 0.007057 |	bpp_loss: 0.350780 |	mse_loss: 0.000731 |	loss: 0.669364 |	psnr_loss: 32.212543 |
[2024-01-12 17:31:19,427 | INFO | train_one_epoch] Train epoch 9: [3000/10000 (30.00%)] 	bpp_y_loss: 0.341197 |	bpp_z_loss: 0.007112 |	bpp_loss: 0.348309 |	mse_loss: 0.000734 |	loss: 0.668001 |	psnr_loss: 32.304924 |
[2024-01-12 17:38:41,521 | INFO | train_one_epoch] Train epoch 9: [4000/10000 (40.00%)] 	bpp_y_loss: 0.346885 |	bpp_z_loss: 0.007076 |	bpp_loss: 0.353961 |	mse_loss: 0.000764 |	loss: 0.686742 |	psnr_loss: 32.221291 |
[2024-01-12 17:46:04,889 | INFO | train_one_epoch] Train epoch 9: [5000/10000 (50.00%)] 	bpp_y_loss: 0.345562 |	bpp_z_loss: 0.007073 |	bpp_loss: 0.352635 |	mse_loss: 0.000751 |	loss: 0.679688 |	psnr_loss: 32.136539 |
[2024-01-12 17:53:28,510 | INFO | train_one_epoch] Train epoch 9: [6000/10000 (60.00%)] 	bpp_y_loss: 0.347907 |	bpp_z_loss: 0.007088 |	bpp_loss: 0.354995 |	mse_loss: 0.000768 |	loss: 0.689521 |	psnr_loss: 32.116241 |
[2024-01-12 18:00:51,150 | INFO | train_one_epoch] Train epoch 9: [7000/10000 (70.00%)] 	bpp_y_loss: 0.342437 |	bpp_z_loss: 0.007051 |	bpp_loss: 0.349488 |	mse_loss: 0.000728 |	loss: 0.666520 |	psnr_loss: 32.267712 |
[2024-01-12 18:08:09,608 | INFO | train_one_epoch] Train epoch 9: [8000/10000 (80.00%)] 	bpp_y_loss: 0.345789 |	bpp_z_loss: 0.007098 |	bpp_loss: 0.352886 |	mse_loss: 0.000733 |	loss: 0.672224 |	psnr_loss: 32.217018 |
[2024-01-12 18:15:24,410 | INFO | train_one_epoch] Train epoch 9: [9000/10000 (90.00%)] 	bpp_y_loss: 0.349498 |	bpp_z_loss: 0.007086 |	bpp_loss: 0.356585 |	mse_loss: 0.000752 |	loss: 0.684374 |	psnr_loss: 32.220547 |
[2024-01-12 18:22:46,685 | INFO | train_one_epoch] Train epoch 9: [10000/10000 (100.00%)] 	bpp_y_loss: 0.345660 |	bpp_z_loss: 0.007115 |	bpp_loss: 0.352775 |	mse_loss: 0.000758 |	loss: 0.682860 |	psnr_loss: 32.139679 |
[2024-01-12 18:22:50,418 | INFO | test_one_epoch] Testing results for epoch 10 | bpp_y_loss=0.27206 | bpp_z_loss=0.00887 | bpp_loss=0.28093 | mse_loss=0.00127 | loss=0.83413 | psnr_loss=29.60721
[2024-01-12 18:23:20,993 | INFO | train_one_epoch] Learning rate: 5e-05
[2024-01-12 18:23:21,965 | INFO | train_one_epoch] Train epoch 10: [0/10000 (0.00%)] 	bpp_y_loss: 0.335573 |	bpp_z_loss: 0.007614 |	bpp_loss: 0.343187 |	mse_loss: 0.000488 |	loss: 0.555677 |	psnr_loss: 33.118168 |
[2024-01-12 18:30:46,227 | INFO | train_one_epoch] Train epoch 10: [1000/10000 (10.00%)] 	bpp_y_loss: 0.351554 |	bpp_z_loss: 0.007053 |	bpp_loss: 0.358607 |	mse_loss: 0.000766 |	loss: 0.692498 |	psnr_loss: 32.068165 |
[2024-01-12 18:38:06,964 | INFO | train_one_epoch] Train epoch 10: [2000/10000 (20.00%)] 	bpp_y_loss: 0.341665 |	bpp_z_loss: 0.006987 |	bpp_loss: 0.348652 |	mse_loss: 0.000753 |	loss: 0.676647 |	psnr_loss: 32.304764 |
[2024-01-12 18:45:24,422 | INFO | train_one_epoch] Train epoch 10: [3000/10000 (30.00%)] 	bpp_y_loss: 0.341456 |	bpp_z_loss: 0.007041 |	bpp_loss: 0.348498 |	mse_loss: 0.000738 |	loss: 0.670108 |	psnr_loss: 32.227871 |
[2024-01-12 18:52:46,753 | INFO | train_one_epoch] Train epoch 10: [4000/10000 (40.00%)] 	bpp_y_loss: 0.343529 |	bpp_z_loss: 0.007036 |	bpp_loss: 0.350565 |	mse_loss: 0.000713 |	loss: 0.661210 |	psnr_loss: 32.291916 |
[2024-01-12 19:00:02,228 | INFO | train_one_epoch] Train epoch 10: [5000/10000 (50.00%)] 	bpp_y_loss: 0.342790 |	bpp_z_loss: 0.007033 |	bpp_loss: 0.349824 |	mse_loss: 0.000747 |	loss: 0.675396 |	psnr_loss: 32.265373 |
[2024-01-12 19:07:18,685 | INFO | train_one_epoch] Train epoch 10: [6000/10000 (60.00%)] 	bpp_y_loss: 0.343453 |	bpp_z_loss: 0.007070 |	bpp_loss: 0.350523 |	mse_loss: 0.000727 |	loss: 0.667221 |	psnr_loss: 32.266785 |
[2024-01-12 19:14:39,767 | INFO | train_one_epoch] Train epoch 10: [7000/10000 (70.00%)] 	bpp_y_loss: 0.347138 |	bpp_z_loss: 0.007012 |	bpp_loss: 0.354150 |	mse_loss: 0.000723 |	loss: 0.669248 |	psnr_loss: 32.283825 |
[2024-01-12 19:22:01,831 | INFO | train_one_epoch] Train epoch 10: [8000/10000 (80.00%)] 	bpp_y_loss: 0.344946 |	bpp_z_loss: 0.007006 |	bpp_loss: 0.351953 |	mse_loss: 0.000782 |	loss: 0.692564 |	psnr_loss: 32.117775 |
[2024-01-12 19:29:23,852 | INFO | train_one_epoch] Train epoch 10: [9000/10000 (90.00%)] 	bpp_y_loss: 0.345955 |	bpp_z_loss: 0.006984 |	bpp_loss: 0.352940 |	mse_loss: 0.000741 |	loss: 0.675595 |	psnr_loss: 32.280849 |
[2024-01-12 19:36:44,488 | INFO | train_one_epoch] Train epoch 10: [10000/10000 (100.00%)] 	bpp_y_loss: 0.344894 |	bpp_z_loss: 0.006992 |	bpp_loss: 0.351886 |	mse_loss: 0.000736 |	loss: 0.672644 |	psnr_loss: 32.339424 |
[2024-01-12 19:36:48,081 | INFO | test_one_epoch] Testing results for epoch 11 | bpp_y_loss=0.26669 | bpp_z_loss=0.00840 | bpp_loss=0.27509 | mse_loss=0.00123 | loss=0.81218 | psnr_loss=29.74785
[2024-01-12 19:37:20,070 | INFO | train_one_epoch] Learning rate: 5e-05
[2024-01-12 19:37:20,973 | INFO | train_one_epoch] Train epoch 11: [0/10000 (0.00%)] 	bpp_y_loss: 0.408438 |	bpp_z_loss: 0.007515 |	bpp_loss: 0.415953 |	mse_loss: 0.000864 |	loss: 0.792567 |	psnr_loss: 30.632589 |
[2024-01-12 19:44:43,570 | INFO | train_one_epoch] Train epoch 11: [1000/10000 (10.00%)] 	bpp_y_loss: 0.343444 |	bpp_z_loss: 0.006989 |	bpp_loss: 0.350433 |	mse_loss: 0.000732 |	loss: 0.669539 |	psnr_loss: 32.337135 |
[2024-01-12 19:52:00,920 | INFO | train_one_epoch] Train epoch 11: [2000/10000 (20.00%)] 	bpp_y_loss: 0.343442 |	bpp_z_loss: 0.007008 |	bpp_loss: 0.350450 |	mse_loss: 0.000710 |	loss: 0.659954 |	psnr_loss: 32.368721 |
[2024-01-12 19:59:15,507 | INFO | train_one_epoch] Train epoch 11: [3000/10000 (30.00%)] 	bpp_y_loss: 0.341973 |	bpp_z_loss: 0.006980 |	bpp_loss: 0.348953 |	mse_loss: 0.000751 |	loss: 0.676184 |	psnr_loss: 32.223019 |
[2024-01-12 20:06:35,009 | INFO | train_one_epoch] Train epoch 11: [4000/10000 (40.00%)] 	bpp_y_loss: 0.347457 |	bpp_z_loss: 0.007011 |	bpp_loss: 0.354468 |	mse_loss: 0.000778 |	loss: 0.693627 |	psnr_loss: 32.146313 |
[2024-01-12 20:13:58,240 | INFO | train_one_epoch] Train epoch 11: [5000/10000 (50.00%)] 	bpp_y_loss: 0.344378 |	bpp_z_loss: 0.006967 |	bpp_loss: 0.351344 |	mse_loss: 0.000748 |	loss: 0.677251 |	psnr_loss: 32.207649 |
[2024-01-12 20:21:13,869 | INFO | train_one_epoch] Train epoch 11: [6000/10000 (60.00%)] 	bpp_y_loss: 0.343736 |	bpp_z_loss: 0.006943 |	bpp_loss: 0.350678 |	mse_loss: 0.000698 |	loss: 0.654614 |	psnr_loss: 32.363010 |
[2024-01-12 20:28:30,293 | INFO | train_one_epoch] Train epoch 11: [7000/10000 (70.00%)] 	bpp_y_loss: 0.341843 |	bpp_z_loss: 0.006969 |	bpp_loss: 0.348812 |	mse_loss: 0.000703 |	loss: 0.655254 |	psnr_loss: 32.384159 |
[2024-01-12 20:35:50,832 | INFO | train_one_epoch] Train epoch 11: [8000/10000 (80.00%)] 	bpp_y_loss: 0.343377 |	bpp_z_loss: 0.006921 |	bpp_loss: 0.350298 |	mse_loss: 0.000723 |	loss: 0.665116 |	psnr_loss: 32.326393 |
[2024-01-12 20:43:07,477 | INFO | train_one_epoch] Train epoch 11: [9000/10000 (90.00%)] 	bpp_y_loss: 0.343687 |	bpp_z_loss: 0.006957 |	bpp_loss: 0.350643 |	mse_loss: 0.000725 |	loss: 0.666500 |	psnr_loss: 32.361401 |
[2024-01-12 20:50:21,550 | INFO | train_one_epoch] Train epoch 11: [10000/10000 (100.00%)] 	bpp_y_loss: 0.346888 |	bpp_z_loss: 0.006947 |	bpp_loss: 0.353835 |	mse_loss: 0.000736 |	loss: 0.674278 |	psnr_loss: 32.311840 |
[2024-01-12 20:50:25,250 | INFO | test_one_epoch] Testing results for epoch 12 | bpp_y_loss=0.26919 | bpp_z_loss=0.00853 | bpp_loss=0.27772 | mse_loss=0.00126 | loss=0.82607 | psnr_loss=29.65340
[2024-01-12 20:50:41,571 | INFO | train_one_epoch] Learning rate: 5e-05
[2024-01-12 20:50:42,470 | INFO | train_one_epoch] Train epoch 12: [0/10000 (0.00%)] 	bpp_y_loss: 0.361596 |	bpp_z_loss: 0.006932 |	bpp_loss: 0.368528 |	mse_loss: 0.000483 |	loss: 0.579052 |	psnr_loss: 33.158550 |
[2024-01-12 20:57:56,755 | INFO | train_one_epoch] Train epoch 12: [1000/10000 (10.00%)] 	bpp_y_loss: 0.340616 |	bpp_z_loss: 0.006945 |	bpp_loss: 0.347561 |	mse_loss: 0.000736 |	loss: 0.668053 |	psnr_loss: 32.392601 |
[2024-01-12 21:05:09,221 | INFO | train_one_epoch] Train epoch 12: [2000/10000 (20.00%)] 	bpp_y_loss: 0.344718 |	bpp_z_loss: 0.006940 |	bpp_loss: 0.351659 |	mse_loss: 0.000711 |	loss: 0.661524 |	psnr_loss: 32.325691 |
[2024-01-12 21:12:25,182 | INFO | train_one_epoch] Train epoch 12: [3000/10000 (30.00%)] 	bpp_y_loss: 0.344349 |	bpp_z_loss: 0.006981 |	bpp_loss: 0.351330 |	mse_loss: 0.000716 |	loss: 0.663116 |	psnr_loss: 32.352665 |
[2024-01-12 21:19:40,231 | INFO | train_one_epoch] Train epoch 12: [4000/10000 (40.00%)] 	bpp_y_loss: 0.341830 |	bpp_z_loss: 0.006933 |	bpp_loss: 0.348763 |	mse_loss: 0.000718 |	loss: 0.661574 |	psnr_loss: 32.359383 |
[2024-01-12 21:26:54,910 | INFO | train_one_epoch] Train epoch 12: [5000/10000 (50.00%)] 	bpp_y_loss: 0.341990 |	bpp_z_loss: 0.006931 |	bpp_loss: 0.348921 |	mse_loss: 0.000710 |	loss: 0.658309 |	psnr_loss: 32.371128 |
[2024-01-12 21:34:14,654 | INFO | train_one_epoch] Train epoch 12: [6000/10000 (60.00%)] 	bpp_y_loss: 0.338100 |	bpp_z_loss: 0.006907 |	bpp_loss: 0.345006 |	mse_loss: 0.000719 |	loss: 0.658099 |	psnr_loss: 32.463737 |
[2024-01-12 21:41:33,361 | INFO | train_one_epoch] Train epoch 12: [7000/10000 (70.00%)] 	bpp_y_loss: 0.339596 |	bpp_z_loss: 0.006930 |	bpp_loss: 0.346526 |	mse_loss: 0.000731 |	loss: 0.664817 |	psnr_loss: 32.342175 |
[2024-01-12 21:48:54,253 | INFO | train_one_epoch] Train epoch 12: [8000/10000 (80.00%)] 	bpp_y_loss: 0.340447 |	bpp_z_loss: 0.006925 |	bpp_loss: 0.347372 |	mse_loss: 0.000734 |	loss: 0.667176 |	psnr_loss: 32.456150 |
[2024-01-12 21:56:15,909 | INFO | train_one_epoch] Train epoch 12: [9000/10000 (90.00%)] 	bpp_y_loss: 0.342972 |	bpp_z_loss: 0.006944 |	bpp_loss: 0.349917 |	mse_loss: 0.000722 |	loss: 0.664394 |	psnr_loss: 32.339977 |
[2024-01-12 22:03:39,494 | INFO | train_one_epoch] Train epoch 12: [10000/10000 (100.00%)] 	bpp_y_loss: 0.339367 |	bpp_z_loss: 0.006914 |	bpp_loss: 0.346282 |	mse_loss: 0.000708 |	loss: 0.654789 |	psnr_loss: 32.450256 |
[2024-01-12 22:03:43,114 | INFO | test_one_epoch] Testing results for epoch 13 | bpp_y_loss=0.26991 | bpp_z_loss=0.00801 | bpp_loss=0.27792 | mse_loss=0.00120 | loss=0.79931 | psnr_loss=29.88021
[2024-01-12 22:04:16,475 | INFO | train_one_epoch] Learning rate: 5e-05
[2024-01-12 22:04:17,529 | INFO | train_one_epoch] Train epoch 13: [0/10000 (0.00%)] 	bpp_y_loss: 0.344773 |	bpp_z_loss: 0.007173 |	bpp_loss: 0.351946 |	mse_loss: 0.000426 |	loss: 0.537381 |	psnr_loss: 33.709625 |
[2024-01-12 22:11:41,315 | INFO | train_one_epoch] Train epoch 13: [1000/10000 (10.00%)] 	bpp_y_loss: 0.341142 |	bpp_z_loss: 0.006925 |	bpp_loss: 0.348067 |	mse_loss: 0.000699 |	loss: 0.652782 |	psnr_loss: 32.436806 |
[2024-01-12 22:19:03,042 | INFO | train_one_epoch] Train epoch 13: [2000/10000 (20.00%)] 	bpp_y_loss: 0.343003 |	bpp_z_loss: 0.006948 |	bpp_loss: 0.349951 |	mse_loss: 0.000708 |	loss: 0.658386 |	psnr_loss: 32.368828 |
[2024-01-12 22:26:19,226 | INFO | train_one_epoch] Train epoch 13: [3000/10000 (30.00%)] 	bpp_y_loss: 0.343939 |	bpp_z_loss: 0.006940 |	bpp_loss: 0.350879 |	mse_loss: 0.000715 |	loss: 0.662454 |	psnr_loss: 32.316250 |
[2024-01-12 22:33:36,196 | INFO | train_one_epoch] Train epoch 13: [4000/10000 (40.00%)] 	bpp_y_loss: 0.346190 |	bpp_z_loss: 0.006936 |	bpp_loss: 0.353126 |	mse_loss: 0.000742 |	loss: 0.676390 |	psnr_loss: 32.340279 |
[2024-01-12 22:41:02,350 | INFO | train_one_epoch] Train epoch 13: [5000/10000 (50.00%)] 	bpp_y_loss: 0.340840 |	bpp_z_loss: 0.006925 |	bpp_loss: 0.347765 |	mse_loss: 0.000685 |	loss: 0.646242 |	psnr_loss: 32.512794 |
[2024-01-12 22:48:22,334 | INFO | train_one_epoch] Train epoch 13: [6000/10000 (60.00%)] 	bpp_y_loss: 0.342685 |	bpp_z_loss: 0.006883 |	bpp_loss: 0.349568 |	mse_loss: 0.000707 |	loss: 0.657406 |	psnr_loss: 32.468307 |
[2024-01-12 22:55:43,593 | INFO | train_one_epoch] Train epoch 13: [7000/10000 (70.00%)] 	bpp_y_loss: 0.345260 |	bpp_z_loss: 0.006926 |	bpp_loss: 0.352186 |	mse_loss: 0.000753 |	loss: 0.680092 |	psnr_loss: 32.263435 |
[2024-01-12 23:03:06,896 | INFO | train_one_epoch] Train epoch 13: [8000/10000 (80.00%)] 	bpp_y_loss: 0.343259 |	bpp_z_loss: 0.006928 |	bpp_loss: 0.350187 |	mse_loss: 0.000734 |	loss: 0.670071 |	psnr_loss: 32.359447 |
[2024-01-12 23:10:34,394 | INFO | train_one_epoch] Train epoch 13: [9000/10000 (90.00%)] 	bpp_y_loss: 0.342644 |	bpp_z_loss: 0.006896 |	bpp_loss: 0.349540 |	mse_loss: 0.000711 |	loss: 0.659314 |	psnr_loss: 32.497509 |
[2024-01-12 23:17:56,502 | INFO | train_one_epoch] Train epoch 13: [10000/10000 (100.00%)] 	bpp_y_loss: 0.344079 |	bpp_z_loss: 0.006912 |	bpp_loss: 0.350991 |	mse_loss: 0.000718 |	loss: 0.663874 |	psnr_loss: 32.349075 |
[2024-01-12 23:18:00,071 | INFO | test_one_epoch] Testing results for epoch 14 | bpp_y_loss=0.26932 | bpp_z_loss=0.00815 | bpp_loss=0.27747 | mse_loss=0.00119 | loss=0.79637 | psnr_loss=29.89165
[2024-01-12 23:18:32,246 | INFO | train_one_epoch] Learning rate: 5e-05
[2024-01-12 23:18:33,182 | INFO | train_one_epoch] Train epoch 14: [0/10000 (0.00%)] 	bpp_y_loss: 0.280188 |	bpp_z_loss: 0.006361 |	bpp_loss: 0.286549 |	mse_loss: 0.000280 |	loss: 0.408440 |	psnr_loss: 35.531822 |
[2024-01-12 23:25:54,373 | INFO | train_one_epoch] Train epoch 14: [1000/10000 (10.00%)] 	bpp_y_loss: 0.344691 |	bpp_z_loss: 0.006913 |	bpp_loss: 0.351604 |	mse_loss: 0.000718 |	loss: 0.664402 |	psnr_loss: 32.437202 |
[2024-01-12 23:33:14,544 | INFO | train_one_epoch] Train epoch 14: [2000/10000 (20.00%)] 	bpp_y_loss: 0.338501 |	bpp_z_loss: 0.006874 |	bpp_loss: 0.345374 |	mse_loss: 0.000716 |	loss: 0.657197 |	psnr_loss: 32.466026 |
[2024-01-12 23:40:36,127 | INFO | train_one_epoch] Train epoch 14: [3000/10000 (30.00%)] 	bpp_y_loss: 0.345066 |	bpp_z_loss: 0.006927 |	bpp_loss: 0.351993 |	mse_loss: 0.000717 |	loss: 0.664218 |	psnr_loss: 32.330757 |
[2024-01-12 23:47:57,097 | INFO | train_one_epoch] Train epoch 14: [4000/10000 (40.00%)] 	bpp_y_loss: 0.340247 |	bpp_z_loss: 0.006897 |	bpp_loss: 0.347144 |	mse_loss: 0.000694 |	loss: 0.649680 |	psnr_loss: 32.490227 |
[2024-01-12 23:55:12,714 | INFO | train_one_epoch] Train epoch 14: [5000/10000 (50.00%)] 	bpp_y_loss: 0.341065 |	bpp_z_loss: 0.006849 |	bpp_loss: 0.347914 |	mse_loss: 0.000689 |	loss: 0.648273 |	psnr_loss: 32.556240 |
[2024-01-13 00:02:30,715 | INFO | train_one_epoch] Train epoch 14: [6000/10000 (60.00%)] 	bpp_y_loss: 0.340287 |	bpp_z_loss: 0.006903 |	bpp_loss: 0.347190 |	mse_loss: 0.000711 |	loss: 0.656992 |	psnr_loss: 32.472218 |
[2024-01-13 00:09:43,472 | INFO | train_one_epoch] Train epoch 14: [7000/10000 (70.00%)] 	bpp_y_loss: 0.339622 |	bpp_z_loss: 0.006869 |	bpp_loss: 0.346491 |	mse_loss: 0.000687 |	loss: 0.645769 |	psnr_loss: 32.540482 |
[2024-01-13 00:17:05,063 | INFO | train_one_epoch] Train epoch 14: [8000/10000 (80.00%)] 	bpp_y_loss: 0.336903 |	bpp_z_loss: 0.006825 |	bpp_loss: 0.343728 |	mse_loss: 0.000684 |	loss: 0.641893 |	psnr_loss: 32.660519 |
[2024-01-13 00:24:26,650 | INFO | train_one_epoch] Train epoch 14: [9000/10000 (90.00%)] 	bpp_y_loss: 0.344662 |	bpp_z_loss: 0.006885 |	bpp_loss: 0.351547 |	mse_loss: 0.000749 |	loss: 0.677784 |	psnr_loss: 32.306580 |
[2024-01-13 00:31:48,800 | INFO | train_one_epoch] Train epoch 14: [10000/10000 (100.00%)] 	bpp_y_loss: 0.341320 |	bpp_z_loss: 0.006873 |	bpp_loss: 0.348194 |	mse_loss: 0.000683 |	loss: 0.645593 |	psnr_loss: 32.465900 |
[2024-01-13 00:31:52,458 | INFO | test_one_epoch] Testing results for epoch 15 | bpp_y_loss=0.27122 | bpp_z_loss=0.00868 | bpp_loss=0.27989 | mse_loss=0.00117 | loss=0.78823 | psnr_loss=29.99536
[2024-01-13 00:32:25,584 | INFO | train_one_epoch] Learning rate: 5e-05
[2024-01-13 00:32:26,564 | INFO | train_one_epoch] Train epoch 15: [0/10000 (0.00%)] 	bpp_y_loss: 0.358778 |	bpp_z_loss: 0.007468 |	bpp_loss: 0.366246 |	mse_loss: 0.000554 |	loss: 0.607816 |	psnr_loss: 32.561111 |
[2024-01-13 00:39:37,587 | INFO | train_one_epoch] Train epoch 15: [1000/10000 (10.00%)] 	bpp_y_loss: 0.344102 |	bpp_z_loss: 0.006892 |	bpp_loss: 0.350994 |	mse_loss: 0.000714 |	loss: 0.662064 |	psnr_loss: 32.416096 |
[2024-01-13 00:46:58,094 | INFO | train_one_epoch] Train epoch 15: [2000/10000 (20.00%)] 	bpp_y_loss: 0.341982 |	bpp_z_loss: 0.006851 |	bpp_loss: 0.348833 |	mse_loss: 0.000692 |	loss: 0.650321 |	psnr_loss: 32.583221 |
[2024-01-13 00:54:24,186 | INFO | train_one_epoch] Train epoch 15: [3000/10000 (30.00%)] 	bpp_y_loss: 0.343975 |	bpp_z_loss: 0.006850 |	bpp_loss: 0.350825 |	mse_loss: 0.000705 |	loss: 0.657839 |	psnr_loss: 32.404934 |
[2024-01-13 01:01:49,850 | INFO | train_one_epoch] Train epoch 15: [4000/10000 (40.00%)] 	bpp_y_loss: 0.339547 |	bpp_z_loss: 0.006835 |	bpp_loss: 0.346382 |	mse_loss: 0.000671 |	loss: 0.638879 |	psnr_loss: 32.622681 |
[2024-01-13 01:09:10,963 | INFO | train_one_epoch] Train epoch 15: [5000/10000 (50.00%)] 	bpp_y_loss: 0.349461 |	bpp_z_loss: 0.006895 |	bpp_loss: 0.356357 |	mse_loss: 0.000768 |	loss: 0.690969 |	psnr_loss: 32.169819 |
[2024-01-13 01:16:28,261 | INFO | train_one_epoch] Train epoch 15: [6000/10000 (60.00%)] 	bpp_y_loss: 0.343317 |	bpp_z_loss: 0.006871 |	bpp_loss: 0.350188 |	mse_loss: 0.000677 |	loss: 0.645164 |	psnr_loss: 32.546909 |
[2024-01-13 01:23:48,193 | INFO | train_one_epoch] Train epoch 15: [7000/10000 (70.00%)] 	bpp_y_loss: 0.345070 |	bpp_z_loss: 0.006871 |	bpp_loss: 0.351940 |	mse_loss: 0.000705 |	loss: 0.659235 |	psnr_loss: 32.425713 |
[2024-01-13 01:31:10,801 | INFO | train_one_epoch] Train epoch 15: [8000/10000 (80.00%)] 	bpp_y_loss: 0.342962 |	bpp_z_loss: 0.006828 |	bpp_loss: 0.349790 |	mse_loss: 0.000715 |	loss: 0.661223 |	psnr_loss: 32.406906 |
[2024-01-13 01:38:33,407 | INFO | train_one_epoch] Train epoch 15: [9000/10000 (90.00%)] 	bpp_y_loss: 0.345072 |	bpp_z_loss: 0.006850 |	bpp_loss: 0.351922 |	mse_loss: 0.000718 |	loss: 0.664716 |	psnr_loss: 32.442078 |
[2024-01-13 01:45:53,731 | INFO | train_one_epoch] Train epoch 15: [10000/10000 (100.00%)] 	bpp_y_loss: 0.337167 |	bpp_z_loss: 0.006820 |	bpp_loss: 0.343987 |	mse_loss: 0.000654 |	loss: 0.629067 |	psnr_loss: 32.723820 |
[2024-01-13 01:45:57,522 | INFO | test_one_epoch] Testing results for epoch 16 | bpp_y_loss=0.26570 | bpp_z_loss=0.00859 | bpp_loss=0.27430 | mse_loss=0.00119 | loss=0.79339 | psnr_loss=29.86135
[2024-01-13 01:46:12,822 | INFO | train_one_epoch] Learning rate: 5e-05
[2024-01-13 01:46:13,773 | INFO | train_one_epoch] Train epoch 16: [0/10000 (0.00%)] 	bpp_y_loss: 0.357397 |	bpp_z_loss: 0.007614 |	bpp_loss: 0.365010 |	mse_loss: 0.000530 |	loss: 0.596073 |	psnr_loss: 32.754265 |
[2024-01-13 01:53:35,804 | INFO | train_one_epoch] Train epoch 16: [1000/10000 (10.00%)] 	bpp_y_loss: 0.339974 |	bpp_z_loss: 0.006817 |	bpp_loss: 0.346791 |	mse_loss: 0.000679 |	loss: 0.642643 |	psnr_loss: 32.604042 |
[2024-01-13 02:00:58,483 | INFO | train_one_epoch] Train epoch 16: [2000/10000 (20.00%)] 	bpp_y_loss: 0.342303 |	bpp_z_loss: 0.006888 |	bpp_loss: 0.349191 |	mse_loss: 0.000662 |	loss: 0.637568 |	psnr_loss: 32.624054 |
[2024-01-13 02:08:15,727 | INFO | train_one_epoch] Train epoch 16: [3000/10000 (30.00%)] 	bpp_y_loss: 0.342769 |	bpp_z_loss: 0.006826 |	bpp_loss: 0.349594 |	mse_loss: 0.000691 |	loss: 0.650442 |	psnr_loss: 32.500610 |
[2024-01-13 02:15:37,702 | INFO | train_one_epoch] Train epoch 16: [4000/10000 (40.00%)] 	bpp_y_loss: 0.344244 |	bpp_z_loss: 0.006833 |	bpp_loss: 0.351077 |	mse_loss: 0.000694 |	loss: 0.653479 |	psnr_loss: 32.496342 |
[2024-01-13 02:22:52,333 | INFO | train_one_epoch] Train epoch 16: [5000/10000 (50.00%)] 	bpp_y_loss: 0.343871 |	bpp_z_loss: 0.006803 |	bpp_loss: 0.350674 |	mse_loss: 0.000729 |	loss: 0.668254 |	psnr_loss: 32.490101 |
[2024-01-13 02:30:11,426 | INFO | train_one_epoch] Train epoch 16: [6000/10000 (60.00%)] 	bpp_y_loss: 0.340791 |	bpp_z_loss: 0.006836 |	bpp_loss: 0.347627 |	mse_loss: 0.000681 |	loss: 0.644308 |	psnr_loss: 32.598080 |
[2024-01-13 02:37:32,324 | INFO | train_one_epoch] Train epoch 16: [7000/10000 (70.00%)] 	bpp_y_loss: 0.342908 |	bpp_z_loss: 0.006815 |	bpp_loss: 0.349723 |	mse_loss: 0.000705 |	loss: 0.656833 |	psnr_loss: 32.470417 |
[2024-01-13 02:44:56,458 | INFO | train_one_epoch] Train epoch 16: [8000/10000 (80.00%)] 	bpp_y_loss: 0.344867 |	bpp_z_loss: 0.006819 |	bpp_loss: 0.351686 |	mse_loss: 0.000709 |	loss: 0.660442 |	psnr_loss: 32.420448 |
[2024-01-13 02:52:22,889 | INFO | train_one_epoch] Train epoch 16: [9000/10000 (90.00%)] 	bpp_y_loss: 0.349455 |	bpp_z_loss: 0.006843 |	bpp_loss: 0.356297 |	mse_loss: 0.000720 |	loss: 0.669833 |	psnr_loss: 32.404530 |
[2024-01-13 02:59:37,973 | INFO | train_one_epoch] Train epoch 16: [10000/10000 (100.00%)] 	bpp_y_loss: 0.344600 |	bpp_z_loss: 0.006843 |	bpp_loss: 0.351443 |	mse_loss: 0.000690 |	loss: 0.652126 |	psnr_loss: 32.521332 |
[2024-01-13 02:59:41,630 | INFO | test_one_epoch] Testing results for epoch 17 | bpp_y_loss=0.26913 | bpp_z_loss=0.00807 | bpp_loss=0.27720 | mse_loss=0.00119 | loss=0.79365 | psnr_loss=29.90595
[2024-01-13 02:59:57,728 | INFO | train_one_epoch] Learning rate: 5e-05
[2024-01-13 02:59:58,724 | INFO | train_one_epoch] Train epoch 17: [0/10000 (0.00%)] 	bpp_y_loss: 0.352331 |	bpp_z_loss: 0.005926 |	bpp_loss: 0.358258 |	mse_loss: 0.001311 |	loss: 0.929590 |	psnr_loss: 28.822668 |
[2024-01-13 03:07:20,607 | INFO | train_one_epoch] Train epoch 17: [1000/10000 (10.00%)] 	bpp_y_loss: 0.343343 |	bpp_z_loss: 0.006830 |	bpp_loss: 0.350173 |	mse_loss: 0.000692 |	loss: 0.651811 |	psnr_loss: 32.433723 |
[2024-01-13 03:14:35,009 | INFO | train_one_epoch] Train epoch 17: [2000/10000 (20.00%)] 	bpp_y_loss: 0.346957 |	bpp_z_loss: 0.006827 |	bpp_loss: 0.353783 |	mse_loss: 0.000730 |	loss: 0.671679 |	psnr_loss: 32.432396 |
[2024-01-13 03:21:57,194 | INFO | train_one_epoch] Train epoch 17: [3000/10000 (30.00%)] 	bpp_y_loss: 0.346502 |	bpp_z_loss: 0.006843 |	bpp_loss: 0.353344 |	mse_loss: 0.000694 |	loss: 0.655807 |	psnr_loss: 32.537975 |
[2024-01-13 03:29:15,166 | INFO | train_one_epoch] Train epoch 17: [4000/10000 (40.00%)] 	bpp_y_loss: 0.342173 |	bpp_z_loss: 0.006792 |	bpp_loss: 0.348965 |	mse_loss: 0.000687 |	loss: 0.648160 |	psnr_loss: 32.558922 |
[2024-01-13 03:36:34,790 | INFO | train_one_epoch] Train epoch 17: [5000/10000 (50.00%)] 	bpp_y_loss: 0.342989 |	bpp_z_loss: 0.006805 |	bpp_loss: 0.349794 |	mse_loss: 0.000686 |	loss: 0.648447 |	psnr_loss: 32.540932 |
[2024-01-13 03:43:52,582 | INFO | train_one_epoch] Train epoch 17: [6000/10000 (60.00%)] 	bpp_y_loss: 0.346241 |	bpp_z_loss: 0.006810 |	bpp_loss: 0.353051 |	mse_loss: 0.000701 |	loss: 0.658608 |	psnr_loss: 32.523964 |
[2024-01-13 03:51:13,832 | INFO | train_one_epoch] Train epoch 17: [7000/10000 (70.00%)] 	bpp_y_loss: 0.342229 |	bpp_z_loss: 0.006784 |	bpp_loss: 0.349013 |	mse_loss: 0.000689 |	loss: 0.649404 |	psnr_loss: 32.597160 |
[2024-01-13 03:59:02,095 | INFO | train_one_epoch] Train epoch 17: [8000/10000 (80.00%)] 	bpp_y_loss: 0.345336 |	bpp_z_loss: 0.006787 |	bpp_loss: 0.352123 |	mse_loss: 0.000660 |	loss: 0.639701 |	psnr_loss: 32.687668 |
[2024-01-13 04:07:53,059 | INFO | train_one_epoch] Train epoch 17: [9000/10000 (90.00%)] 	bpp_y_loss: 0.339637 |	bpp_z_loss: 0.006777 |	bpp_loss: 0.346414 |	mse_loss: 0.000679 |	loss: 0.642175 |	psnr_loss: 32.647034 |
[2024-01-13 04:16:47,154 | INFO | train_one_epoch] Train epoch 17: [10000/10000 (100.00%)] 	bpp_y_loss: 0.343102 |	bpp_z_loss: 0.006808 |	bpp_loss: 0.349910 |	mse_loss: 0.000689 |	loss: 0.650073 |	psnr_loss: 32.568478 |
[2024-01-13 04:16:51,091 | INFO | test_one_epoch] Testing results for epoch 18 | bpp_y_loss=0.26729 | bpp_z_loss=0.00841 | bpp_loss=0.27570 | mse_loss=0.00113 | loss=0.76746 | psnr_loss=30.12591
[2024-01-13 04:17:24,275 | INFO | train_one_epoch] Learning rate: 5e-05
[2024-01-13 04:17:25,619 | INFO | train_one_epoch] Train epoch 18: [0/10000 (0.00%)] 	bpp_y_loss: 0.326246 |	bpp_z_loss: 0.007058 |	bpp_loss: 0.333304 |	mse_loss: 0.000354 |	loss: 0.487447 |	psnr_loss: 34.512325 |
[2024-01-13 04:26:07,624 | INFO | train_one_epoch] Train epoch 18: [1000/10000 (10.00%)] 	bpp_y_loss: 0.340023 |	bpp_z_loss: 0.006789 |	bpp_loss: 0.346813 |	mse_loss: 0.000641 |	loss: 0.625979 |	psnr_loss: 32.726467 |
[2024-01-13 04:34:29,867 | INFO | train_one_epoch] Train epoch 18: [2000/10000 (20.00%)] 	bpp_y_loss: 0.346688 |	bpp_z_loss: 0.006822 |	bpp_loss: 0.353510 |	mse_loss: 0.000692 |	loss: 0.655204 |	psnr_loss: 32.479210 |
[2024-01-13 04:42:45,534 | INFO | train_one_epoch] Train epoch 18: [3000/10000 (30.00%)] 	bpp_y_loss: 0.346020 |	bpp_z_loss: 0.006802 |	bpp_loss: 0.352822 |	mse_loss: 0.000700 |	loss: 0.657680 |	psnr_loss: 32.481369 |
[2024-01-13 04:51:02,165 | INFO | train_one_epoch] Train epoch 18: [4000/10000 (40.00%)] 	bpp_y_loss: 0.344135 |	bpp_z_loss: 0.006781 |	bpp_loss: 0.350917 |	mse_loss: 0.000689 |	loss: 0.651173 |	psnr_loss: 32.563225 |
[2024-01-13 04:59:22,257 | INFO | train_one_epoch] Train epoch 18: [5000/10000 (50.00%)] 	bpp_y_loss: 0.343428 |	bpp_z_loss: 0.006750 |	bpp_loss: 0.350177 |	mse_loss: 0.000668 |	loss: 0.640993 |	psnr_loss: 32.607426 |
[2024-01-13 05:07:39,894 | INFO | train_one_epoch] Train epoch 18: [6000/10000 (60.00%)] 	bpp_y_loss: 0.338870 |	bpp_z_loss: 0.006730 |	bpp_loss: 0.345599 |	mse_loss: 0.000673 |	loss: 0.638900 |	psnr_loss: 32.760166 |
[2024-01-13 05:15:53,163 | INFO | train_one_epoch] Train epoch 18: [7000/10000 (70.00%)] 	bpp_y_loss: 0.346150 |	bpp_z_loss: 0.006800 |	bpp_loss: 0.352950 |	mse_loss: 0.000685 |	loss: 0.651403 |	psnr_loss: 32.554779 |
[2024-01-13 05:23:28,461 | INFO | train_one_epoch] Train epoch 18: [8000/10000 (80.00%)] 	bpp_y_loss: 0.337909 |	bpp_z_loss: 0.006743 |	bpp_loss: 0.344652 |	mse_loss: 0.000649 |	loss: 0.627232 |	psnr_loss: 32.783634 |
[2024-01-13 05:30:40,904 | INFO | train_one_epoch] Train epoch 18: [9000/10000 (90.00%)] 	bpp_y_loss: 0.337080 |	bpp_z_loss: 0.006746 |	bpp_loss: 0.343826 |	mse_loss: 0.000651 |	loss: 0.627358 |	psnr_loss: 32.785103 |
[2024-01-13 05:38:52,047 | INFO | train_one_epoch] Train epoch 18: [10000/10000 (100.00%)] 	bpp_y_loss: 0.341901 |	bpp_z_loss: 0.006753 |	bpp_loss: 0.348653 |	mse_loss: 0.000668 |	loss: 0.639542 |	psnr_loss: 32.639099 |
[2024-01-13 05:38:56,063 | INFO | test_one_epoch] Testing results for epoch 19 | bpp_y_loss=0.27485 | bpp_z_loss=0.00870 | bpp_loss=0.28355 | mse_loss=0.00111 | loss=0.76649 | psnr_loss=30.19509
[2024-01-13 05:39:27,935 | INFO | train_one_epoch] Learning rate: 5e-05
[2024-01-13 05:39:29,102 | INFO | train_one_epoch] Train epoch 19: [0/10000 (0.00%)] 	bpp_y_loss: 0.372900 |	bpp_z_loss: 0.006983 |	bpp_loss: 0.379882 |	mse_loss: 0.000469 |	loss: 0.584106 |	psnr_loss: 33.290485 |
[2024-01-13 05:47:18,154 | INFO | train_one_epoch] Train epoch 19: [1000/10000 (10.00%)] 	bpp_y_loss: 0.338559 |	bpp_z_loss: 0.006720 |	bpp_loss: 0.345279 |	mse_loss: 0.000692 |	loss: 0.646565 |	psnr_loss: 32.700478 |
[2024-01-13 05:55:18,873 | INFO | train_one_epoch] Train epoch 19: [2000/10000 (20.00%)] 	bpp_y_loss: 0.342014 |	bpp_z_loss: 0.006714 |	bpp_loss: 0.348728 |	mse_loss: 0.000672 |	loss: 0.641351 |	psnr_loss: 32.675171 |
[2024-01-13 06:03:31,272 | INFO | train_one_epoch] Train epoch 19: [3000/10000 (30.00%)] 	bpp_y_loss: 0.342773 |	bpp_z_loss: 0.006750 |	bpp_loss: 0.349523 |	mse_loss: 0.000677 |	loss: 0.644473 |	psnr_loss: 32.627518 |
[2024-01-13 06:11:41,370 | INFO | train_one_epoch] Train epoch 19: [4000/10000 (40.00%)] 	bpp_y_loss: 0.344208 |	bpp_z_loss: 0.006749 |	bpp_loss: 0.350957 |	mse_loss: 0.000682 |	loss: 0.648205 |	psnr_loss: 32.604660 |
[2024-01-13 06:19:41,074 | INFO | train_one_epoch] Train epoch 19: [5000/10000 (50.00%)] 	bpp_y_loss: 0.340140 |	bpp_z_loss: 0.006719 |	bpp_loss: 0.346859 |	mse_loss: 0.000664 |	loss: 0.636358 |	psnr_loss: 32.625664 |
[2024-01-13 06:26:58,552 | INFO | train_one_epoch] Train epoch 19: [6000/10000 (60.00%)] 	bpp_y_loss: 0.346112 |	bpp_z_loss: 0.006739 |	bpp_loss: 0.352851 |	mse_loss: 0.000697 |	loss: 0.656556 |	psnr_loss: 32.542305 |
[2024-01-13 06:34:19,748 | INFO | train_one_epoch] Train epoch 19: [7000/10000 (70.00%)] 	bpp_y_loss: 0.340565 |	bpp_z_loss: 0.006723 |	bpp_loss: 0.347288 |	mse_loss: 0.000660 |	loss: 0.634939 |	psnr_loss: 32.704510 |
[2024-01-13 06:41:39,266 | INFO | train_one_epoch] Train epoch 19: [8000/10000 (80.00%)] 	bpp_y_loss: 0.341485 |	bpp_z_loss: 0.006742 |	bpp_loss: 0.348227 |	mse_loss: 0.000650 |	loss: 0.631274 |	psnr_loss: 32.688202 |
[2024-01-13 06:48:56,433 | INFO | train_one_epoch] Train epoch 19: [9000/10000 (90.00%)] 	bpp_y_loss: 0.346245 |	bpp_z_loss: 0.006724 |	bpp_loss: 0.352968 |	mse_loss: 0.000718 |	loss: 0.665750 |	psnr_loss: 32.427887 |
[2024-01-13 06:56:12,506 | INFO | train_one_epoch] Train epoch 19: [10000/10000 (100.00%)] 	bpp_y_loss: 0.340938 |	bpp_z_loss: 0.006697 |	bpp_loss: 0.347634 |	mse_loss: 0.000696 |	loss: 0.650670 |	psnr_loss: 32.573925 |
[2024-01-13 06:56:16,092 | INFO | test_one_epoch] Testing results for epoch 20 | bpp_y_loss=0.26828 | bpp_z_loss=0.00881 | bpp_loss=0.27709 | mse_loss=0.00113 | loss=0.77056 | psnr_loss=30.08471
[2024-01-13 06:56:32,420 | INFO | train_one_epoch] Learning rate: 5e-05
[2024-01-13 06:56:33,391 | INFO | train_one_epoch] Train epoch 20: [0/10000 (0.00%)] 	bpp_y_loss: 0.436073 |	bpp_z_loss: 0.006599 |	bpp_loss: 0.442672 |	mse_loss: 0.000924 |	loss: 0.845262 |	psnr_loss: 30.342926 |
[2024-01-13 07:03:53,375 | INFO | train_one_epoch] Train epoch 20: [1000/10000 (10.00%)] 	bpp_y_loss: 0.342367 |	bpp_z_loss: 0.006722 |	bpp_loss: 0.349089 |	mse_loss: 0.000644 |	loss: 0.629488 |	psnr_loss: 32.761131 |
[2024-01-13 07:11:08,219 | INFO | train_one_epoch] Train epoch 20: [2000/10000 (20.00%)] 	bpp_y_loss: 0.342359 |	bpp_z_loss: 0.006719 |	bpp_loss: 0.349079 |	mse_loss: 0.000650 |	loss: 0.632316 |	psnr_loss: 32.749218 |
[2024-01-13 07:18:24,666 | INFO | train_one_epoch] Train epoch 20: [3000/10000 (30.00%)] 	bpp_y_loss: 0.344393 |	bpp_z_loss: 0.006689 |	bpp_loss: 0.351083 |	mse_loss: 0.000697 |	loss: 0.654873 |	psnr_loss: 32.618130 |
[2024-01-13 07:25:44,582 | INFO | train_one_epoch] Train epoch 20: [4000/10000 (40.00%)] 	bpp_y_loss: 0.338162 |	bpp_z_loss: 0.006685 |	bpp_loss: 0.344847 |	mse_loss: 0.000623 |	loss: 0.616057 |	psnr_loss: 32.937717 |
[2024-01-13 07:33:03,950 | INFO | train_one_epoch] Train epoch 20: [5000/10000 (50.00%)] 	bpp_y_loss: 0.343156 |	bpp_z_loss: 0.006659 |	bpp_loss: 0.349815 |	mse_loss: 0.000661 |	loss: 0.637818 |	psnr_loss: 32.669540 |
[2024-01-13 07:40:23,317 | INFO | train_one_epoch] Train epoch 20: [6000/10000 (60.00%)] 	bpp_y_loss: 0.337147 |	bpp_z_loss: 0.006673 |	bpp_loss: 0.343820 |	mse_loss: 0.000614 |	loss: 0.611102 |	psnr_loss: 32.922237 |
[2024-01-13 07:47:46,221 | INFO | train_one_epoch] Train epoch 20: [7000/10000 (70.00%)] 	bpp_y_loss: 0.345925 |	bpp_z_loss: 0.006695 |	bpp_loss: 0.352620 |	mse_loss: 0.000702 |	loss: 0.658610 |	psnr_loss: 32.553440 |
[2024-01-13 07:55:16,396 | INFO | train_one_epoch] Train epoch 20: [8000/10000 (80.00%)] 	bpp_y_loss: 0.344650 |	bpp_z_loss: 0.006690 |	bpp_loss: 0.351340 |	mse_loss: 0.000668 |	loss: 0.642422 |	psnr_loss: 32.604069 |
[2024-01-13 08:02:32,804 | INFO | train_one_epoch] Train epoch 20: [9000/10000 (90.00%)] 	bpp_y_loss: 0.344621 |	bpp_z_loss: 0.006674 |	bpp_loss: 0.351295 |	mse_loss: 0.000675 |	loss: 0.645566 |	psnr_loss: 32.624184 |
[2024-01-13 08:09:53,799 | INFO | train_one_epoch] Train epoch 20: [10000/10000 (100.00%)] 	bpp_y_loss: 0.342814 |	bpp_z_loss: 0.006665 |	bpp_loss: 0.349479 |	mse_loss: 0.000655 |	loss: 0.634761 |	psnr_loss: 32.656944 |
[2024-01-13 08:09:57,424 | INFO | test_one_epoch] Testing results for epoch 21 | bpp_y_loss=0.26967 | bpp_z_loss=0.00854 | bpp_loss=0.27821 | mse_loss=0.00109 | loss=0.75347 | psnr_loss=30.27885
[2024-01-13 08:10:36,891 | INFO | train_one_epoch] Learning rate: 5e-05
[2024-01-13 08:10:37,893 | INFO | train_one_epoch] Train epoch 21: [0/10000 (0.00%)] 	bpp_y_loss: 0.402704 |	bpp_z_loss: 0.006756 |	bpp_loss: 0.409460 |	mse_loss: 0.000420 |	loss: 0.592290 |	psnr_loss: 33.771072 |
